[2024-10-03T08:42:04.665+0000] {processor.py:161} INFO - Started process (PID=460) to work on /opt/airflow/dags/.cache/pip/http/0/d/b/1/1/0db11dfdf880f505d6a619043dc659f912aab2e5da0654e03e6f4c39
[2024-10-03T08:42:04.667+0000] {processor.py:830} INFO - Processing file /opt/airflow/dags/.cache/pip/http/0/d/b/1/1/0db11dfdf880f505d6a619043dc659f912aab2e5da0654e03e6f4c39 for tasks to queue
[2024-10-03T08:42:04.669+0000] {logging_mixin.py:188} INFO - [2024-10-03T08:42:04.669+0000] {dagbag.py:545} INFO - Filling up the DagBag from /opt/airflow/dags/.cache/pip/http/0/d/b/1/1/0db11dfdf880f505d6a619043dc659f912aab2e5da0654e03e6f4c39
[2024-10-03T08:42:04.692+0000] {processor.py:842} WARNING - No viable dags retrieved from /opt/airflow/dags/.cache/pip/http/0/d/b/1/1/0db11dfdf880f505d6a619043dc659f912aab2e5da0654e03e6f4c39
[2024-10-03T08:42:04.705+0000] {processor.py:183} INFO - Processing /opt/airflow/dags/.cache/pip/http/0/d/b/1/1/0db11dfdf880f505d6a619043dc659f912aab2e5da0654e03e6f4c39 took 0.043 seconds
[2024-10-03T08:42:40.064+0000] {processor.py:161} INFO - Started process (PID=702) to work on /opt/airflow/dags/.cache/pip/http/0/d/b/1/1/0db11dfdf880f505d6a619043dc659f912aab2e5da0654e03e6f4c39
[2024-10-03T08:42:40.066+0000] {processor.py:830} INFO - Processing file /opt/airflow/dags/.cache/pip/http/0/d/b/1/1/0db11dfdf880f505d6a619043dc659f912aab2e5da0654e03e6f4c39 for tasks to queue
[2024-10-03T08:42:40.068+0000] {logging_mixin.py:188} INFO - [2024-10-03T08:42:40.067+0000] {dagbag.py:545} INFO - Filling up the DagBag from /opt/airflow/dags/.cache/pip/http/0/d/b/1/1/0db11dfdf880f505d6a619043dc659f912aab2e5da0654e03e6f4c39
[2024-10-03T08:42:40.101+0000] {processor.py:842} WARNING - No viable dags retrieved from /opt/airflow/dags/.cache/pip/http/0/d/b/1/1/0db11dfdf880f505d6a619043dc659f912aab2e5da0654e03e6f4c39
[2024-10-03T08:42:40.121+0000] {processor.py:183} INFO - Processing /opt/airflow/dags/.cache/pip/http/0/d/b/1/1/0db11dfdf880f505d6a619043dc659f912aab2e5da0654e03e6f4c39 took 0.065 seconds
[2024-10-03T08:43:13.450+0000] {processor.py:161} INFO - Started process (PID=944) to work on /opt/airflow/dags/.cache/pip/http/0/d/b/1/1/0db11dfdf880f505d6a619043dc659f912aab2e5da0654e03e6f4c39
[2024-10-03T08:43:13.452+0000] {processor.py:830} INFO - Processing file /opt/airflow/dags/.cache/pip/http/0/d/b/1/1/0db11dfdf880f505d6a619043dc659f912aab2e5da0654e03e6f4c39 for tasks to queue
[2024-10-03T08:43:13.457+0000] {logging_mixin.py:188} INFO - [2024-10-03T08:43:13.456+0000] {dagbag.py:545} INFO - Filling up the DagBag from /opt/airflow/dags/.cache/pip/http/0/d/b/1/1/0db11dfdf880f505d6a619043dc659f912aab2e5da0654e03e6f4c39
[2024-10-03T08:43:13.531+0000] {processor.py:842} WARNING - No viable dags retrieved from /opt/airflow/dags/.cache/pip/http/0/d/b/1/1/0db11dfdf880f505d6a619043dc659f912aab2e5da0654e03e6f4c39
[2024-10-03T08:43:13.561+0000] {processor.py:183} INFO - Processing /opt/airflow/dags/.cache/pip/http/0/d/b/1/1/0db11dfdf880f505d6a619043dc659f912aab2e5da0654e03e6f4c39 took 0.122 seconds
[2024-10-03T08:43:45.607+0000] {processor.py:161} INFO - Started process (PID=1187) to work on /opt/airflow/dags/.cache/pip/http/0/d/b/1/1/0db11dfdf880f505d6a619043dc659f912aab2e5da0654e03e6f4c39
[2024-10-03T08:43:45.608+0000] {processor.py:830} INFO - Processing file /opt/airflow/dags/.cache/pip/http/0/d/b/1/1/0db11dfdf880f505d6a619043dc659f912aab2e5da0654e03e6f4c39 for tasks to queue
[2024-10-03T08:43:45.610+0000] {logging_mixin.py:188} INFO - [2024-10-03T08:43:45.610+0000] {dagbag.py:545} INFO - Filling up the DagBag from /opt/airflow/dags/.cache/pip/http/0/d/b/1/1/0db11dfdf880f505d6a619043dc659f912aab2e5da0654e03e6f4c39
[2024-10-03T08:43:45.625+0000] {processor.py:842} WARNING - No viable dags retrieved from /opt/airflow/dags/.cache/pip/http/0/d/b/1/1/0db11dfdf880f505d6a619043dc659f912aab2e5da0654e03e6f4c39
[2024-10-03T08:43:45.635+0000] {processor.py:183} INFO - Processing /opt/airflow/dags/.cache/pip/http/0/d/b/1/1/0db11dfdf880f505d6a619043dc659f912aab2e5da0654e03e6f4c39 took 0.033 seconds
[2024-10-03T08:44:18.831+0000] {processor.py:161} INFO - Started process (PID=1435) to work on /opt/airflow/dags/.cache/pip/http/0/d/b/1/1/0db11dfdf880f505d6a619043dc659f912aab2e5da0654e03e6f4c39
[2024-10-03T08:44:18.833+0000] {processor.py:830} INFO - Processing file /opt/airflow/dags/.cache/pip/http/0/d/b/1/1/0db11dfdf880f505d6a619043dc659f912aab2e5da0654e03e6f4c39 for tasks to queue
[2024-10-03T08:44:18.836+0000] {logging_mixin.py:188} INFO - [2024-10-03T08:44:18.835+0000] {dagbag.py:545} INFO - Filling up the DagBag from /opt/airflow/dags/.cache/pip/http/0/d/b/1/1/0db11dfdf880f505d6a619043dc659f912aab2e5da0654e03e6f4c39
[2024-10-03T08:44:18.914+0000] {processor.py:842} WARNING - No viable dags retrieved from /opt/airflow/dags/.cache/pip/http/0/d/b/1/1/0db11dfdf880f505d6a619043dc659f912aab2e5da0654e03e6f4c39
[2024-10-03T08:44:18.934+0000] {processor.py:183} INFO - Processing /opt/airflow/dags/.cache/pip/http/0/d/b/1/1/0db11dfdf880f505d6a619043dc659f912aab2e5da0654e03e6f4c39 took 0.110 seconds
[2024-10-03T08:44:51.197+0000] {processor.py:161} INFO - Started process (PID=1677) to work on /opt/airflow/dags/.cache/pip/http/0/d/b/1/1/0db11dfdf880f505d6a619043dc659f912aab2e5da0654e03e6f4c39
[2024-10-03T08:44:51.200+0000] {processor.py:830} INFO - Processing file /opt/airflow/dags/.cache/pip/http/0/d/b/1/1/0db11dfdf880f505d6a619043dc659f912aab2e5da0654e03e6f4c39 for tasks to queue
[2024-10-03T08:44:51.203+0000] {logging_mixin.py:188} INFO - [2024-10-03T08:44:51.203+0000] {dagbag.py:545} INFO - Filling up the DagBag from /opt/airflow/dags/.cache/pip/http/0/d/b/1/1/0db11dfdf880f505d6a619043dc659f912aab2e5da0654e03e6f4c39
[2024-10-03T08:44:51.253+0000] {processor.py:842} WARNING - No viable dags retrieved from /opt/airflow/dags/.cache/pip/http/0/d/b/1/1/0db11dfdf880f505d6a619043dc659f912aab2e5da0654e03e6f4c39
[2024-10-03T08:44:51.287+0000] {processor.py:183} INFO - Processing /opt/airflow/dags/.cache/pip/http/0/d/b/1/1/0db11dfdf880f505d6a619043dc659f912aab2e5da0654e03e6f4c39 took 0.104 seconds
[2024-10-03T08:45:25.894+0000] {processor.py:161} INFO - Started process (PID=1919) to work on /opt/airflow/dags/.cache/pip/http/0/d/b/1/1/0db11dfdf880f505d6a619043dc659f912aab2e5da0654e03e6f4c39
[2024-10-03T08:45:25.896+0000] {processor.py:830} INFO - Processing file /opt/airflow/dags/.cache/pip/http/0/d/b/1/1/0db11dfdf880f505d6a619043dc659f912aab2e5da0654e03e6f4c39 for tasks to queue
[2024-10-03T08:45:25.899+0000] {logging_mixin.py:188} INFO - [2024-10-03T08:45:25.899+0000] {dagbag.py:545} INFO - Filling up the DagBag from /opt/airflow/dags/.cache/pip/http/0/d/b/1/1/0db11dfdf880f505d6a619043dc659f912aab2e5da0654e03e6f4c39
[2024-10-03T08:45:25.925+0000] {processor.py:842} WARNING - No viable dags retrieved from /opt/airflow/dags/.cache/pip/http/0/d/b/1/1/0db11dfdf880f505d6a619043dc659f912aab2e5da0654e03e6f4c39
[2024-10-03T08:45:25.954+0000] {processor.py:183} INFO - Processing /opt/airflow/dags/.cache/pip/http/0/d/b/1/1/0db11dfdf880f505d6a619043dc659f912aab2e5da0654e03e6f4c39 took 0.072 seconds
[2024-10-03T08:45:58.017+0000] {processor.py:161} INFO - Started process (PID=2160) to work on /opt/airflow/dags/.cache/pip/http/0/d/b/1/1/0db11dfdf880f505d6a619043dc659f912aab2e5da0654e03e6f4c39
[2024-10-03T08:45:58.019+0000] {processor.py:830} INFO - Processing file /opt/airflow/dags/.cache/pip/http/0/d/b/1/1/0db11dfdf880f505d6a619043dc659f912aab2e5da0654e03e6f4c39 for tasks to queue
[2024-10-03T08:45:58.022+0000] {logging_mixin.py:188} INFO - [2024-10-03T08:45:58.021+0000] {dagbag.py:545} INFO - Filling up the DagBag from /opt/airflow/dags/.cache/pip/http/0/d/b/1/1/0db11dfdf880f505d6a619043dc659f912aab2e5da0654e03e6f4c39
[2024-10-03T08:45:58.056+0000] {processor.py:842} WARNING - No viable dags retrieved from /opt/airflow/dags/.cache/pip/http/0/d/b/1/1/0db11dfdf880f505d6a619043dc659f912aab2e5da0654e03e6f4c39
[2024-10-03T08:45:58.079+0000] {processor.py:183} INFO - Processing /opt/airflow/dags/.cache/pip/http/0/d/b/1/1/0db11dfdf880f505d6a619043dc659f912aab2e5da0654e03e6f4c39 took 0.073 seconds
[2024-10-03T08:46:29.832+0000] {processor.py:161} INFO - Started process (PID=2402) to work on /opt/airflow/dags/.cache/pip/http/0/d/b/1/1/0db11dfdf880f505d6a619043dc659f912aab2e5da0654e03e6f4c39
[2024-10-03T08:46:29.835+0000] {processor.py:830} INFO - Processing file /opt/airflow/dags/.cache/pip/http/0/d/b/1/1/0db11dfdf880f505d6a619043dc659f912aab2e5da0654e03e6f4c39 for tasks to queue
[2024-10-03T08:46:29.838+0000] {logging_mixin.py:188} INFO - [2024-10-03T08:46:29.837+0000] {dagbag.py:545} INFO - Filling up the DagBag from /opt/airflow/dags/.cache/pip/http/0/d/b/1/1/0db11dfdf880f505d6a619043dc659f912aab2e5da0654e03e6f4c39
[2024-10-03T08:46:29.902+0000] {processor.py:842} WARNING - No viable dags retrieved from /opt/airflow/dags/.cache/pip/http/0/d/b/1/1/0db11dfdf880f505d6a619043dc659f912aab2e5da0654e03e6f4c39
[2024-10-03T08:46:29.921+0000] {processor.py:183} INFO - Processing /opt/airflow/dags/.cache/pip/http/0/d/b/1/1/0db11dfdf880f505d6a619043dc659f912aab2e5da0654e03e6f4c39 took 0.104 seconds
[2024-10-03T08:47:17.192+0000] {processor.py:161} INFO - Started process (PID=2644) to work on /opt/airflow/dags/.cache/pip/http/0/d/b/1/1/0db11dfdf880f505d6a619043dc659f912aab2e5da0654e03e6f4c39
[2024-10-03T08:47:17.194+0000] {processor.py:830} INFO - Processing file /opt/airflow/dags/.cache/pip/http/0/d/b/1/1/0db11dfdf880f505d6a619043dc659f912aab2e5da0654e03e6f4c39 for tasks to queue
[2024-10-03T08:47:17.198+0000] {logging_mixin.py:188} INFO - [2024-10-03T08:47:17.197+0000] {dagbag.py:545} INFO - Filling up the DagBag from /opt/airflow/dags/.cache/pip/http/0/d/b/1/1/0db11dfdf880f505d6a619043dc659f912aab2e5da0654e03e6f4c39
[2024-10-03T08:47:17.230+0000] {processor.py:842} WARNING - No viable dags retrieved from /opt/airflow/dags/.cache/pip/http/0/d/b/1/1/0db11dfdf880f505d6a619043dc659f912aab2e5da0654e03e6f4c39
[2024-10-03T08:47:17.259+0000] {processor.py:183} INFO - Processing /opt/airflow/dags/.cache/pip/http/0/d/b/1/1/0db11dfdf880f505d6a619043dc659f912aab2e5da0654e03e6f4c39 took 0.079 seconds
[2024-10-03T08:47:52.126+0000] {processor.py:161} INFO - Started process (PID=2892) to work on /opt/airflow/dags/.cache/pip/http/0/d/b/1/1/0db11dfdf880f505d6a619043dc659f912aab2e5da0654e03e6f4c39
[2024-10-03T08:47:52.129+0000] {processor.py:830} INFO - Processing file /opt/airflow/dags/.cache/pip/http/0/d/b/1/1/0db11dfdf880f505d6a619043dc659f912aab2e5da0654e03e6f4c39 for tasks to queue
[2024-10-03T08:47:52.132+0000] {logging_mixin.py:188} INFO - [2024-10-03T08:47:52.131+0000] {dagbag.py:545} INFO - Filling up the DagBag from /opt/airflow/dags/.cache/pip/http/0/d/b/1/1/0db11dfdf880f505d6a619043dc659f912aab2e5da0654e03e6f4c39
[2024-10-03T08:47:52.186+0000] {processor.py:842} WARNING - No viable dags retrieved from /opt/airflow/dags/.cache/pip/http/0/d/b/1/1/0db11dfdf880f505d6a619043dc659f912aab2e5da0654e03e6f4c39
[2024-10-03T08:47:52.211+0000] {processor.py:183} INFO - Processing /opt/airflow/dags/.cache/pip/http/0/d/b/1/1/0db11dfdf880f505d6a619043dc659f912aab2e5da0654e03e6f4c39 took 0.096 seconds
[2024-10-03T08:48:25.131+0000] {processor.py:161} INFO - Started process (PID=3134) to work on /opt/airflow/dags/.cache/pip/http/0/d/b/1/1/0db11dfdf880f505d6a619043dc659f912aab2e5da0654e03e6f4c39
[2024-10-03T08:48:25.133+0000] {processor.py:830} INFO - Processing file /opt/airflow/dags/.cache/pip/http/0/d/b/1/1/0db11dfdf880f505d6a619043dc659f912aab2e5da0654e03e6f4c39 for tasks to queue
[2024-10-03T08:48:25.135+0000] {logging_mixin.py:188} INFO - [2024-10-03T08:48:25.135+0000] {dagbag.py:545} INFO - Filling up the DagBag from /opt/airflow/dags/.cache/pip/http/0/d/b/1/1/0db11dfdf880f505d6a619043dc659f912aab2e5da0654e03e6f4c39
[2024-10-03T08:48:25.159+0000] {processor.py:842} WARNING - No viable dags retrieved from /opt/airflow/dags/.cache/pip/http/0/d/b/1/1/0db11dfdf880f505d6a619043dc659f912aab2e5da0654e03e6f4c39
[2024-10-03T08:48:25.174+0000] {processor.py:183} INFO - Processing /opt/airflow/dags/.cache/pip/http/0/d/b/1/1/0db11dfdf880f505d6a619043dc659f912aab2e5da0654e03e6f4c39 took 0.048 seconds
[2024-10-03T08:48:56.573+0000] {processor.py:161} INFO - Started process (PID=3376) to work on /opt/airflow/dags/.cache/pip/http/0/d/b/1/1/0db11dfdf880f505d6a619043dc659f912aab2e5da0654e03e6f4c39
[2024-10-03T08:48:56.574+0000] {processor.py:830} INFO - Processing file /opt/airflow/dags/.cache/pip/http/0/d/b/1/1/0db11dfdf880f505d6a619043dc659f912aab2e5da0654e03e6f4c39 for tasks to queue
[2024-10-03T08:48:56.576+0000] {logging_mixin.py:188} INFO - [2024-10-03T08:48:56.575+0000] {dagbag.py:545} INFO - Filling up the DagBag from /opt/airflow/dags/.cache/pip/http/0/d/b/1/1/0db11dfdf880f505d6a619043dc659f912aab2e5da0654e03e6f4c39
[2024-10-03T08:48:56.589+0000] {processor.py:842} WARNING - No viable dags retrieved from /opt/airflow/dags/.cache/pip/http/0/d/b/1/1/0db11dfdf880f505d6a619043dc659f912aab2e5da0654e03e6f4c39
[2024-10-03T08:48:56.602+0000] {processor.py:183} INFO - Processing /opt/airflow/dags/.cache/pip/http/0/d/b/1/1/0db11dfdf880f505d6a619043dc659f912aab2e5da0654e03e6f4c39 took 0.033 seconds
[2024-10-03T08:49:27.924+0000] {processor.py:161} INFO - Started process (PID=3618) to work on /opt/airflow/dags/.cache/pip/http/0/d/b/1/1/0db11dfdf880f505d6a619043dc659f912aab2e5da0654e03e6f4c39
[2024-10-03T08:49:27.925+0000] {processor.py:830} INFO - Processing file /opt/airflow/dags/.cache/pip/http/0/d/b/1/1/0db11dfdf880f505d6a619043dc659f912aab2e5da0654e03e6f4c39 for tasks to queue
[2024-10-03T08:49:27.926+0000] {logging_mixin.py:188} INFO - [2024-10-03T08:49:27.926+0000] {dagbag.py:545} INFO - Filling up the DagBag from /opt/airflow/dags/.cache/pip/http/0/d/b/1/1/0db11dfdf880f505d6a619043dc659f912aab2e5da0654e03e6f4c39
[2024-10-03T08:49:27.941+0000] {processor.py:842} WARNING - No viable dags retrieved from /opt/airflow/dags/.cache/pip/http/0/d/b/1/1/0db11dfdf880f505d6a619043dc659f912aab2e5da0654e03e6f4c39
[2024-10-03T08:49:27.951+0000] {processor.py:183} INFO - Processing /opt/airflow/dags/.cache/pip/http/0/d/b/1/1/0db11dfdf880f505d6a619043dc659f912aab2e5da0654e03e6f4c39 took 0.031 seconds
[2024-10-03T08:49:59.100+0000] {processor.py:161} INFO - Started process (PID=3861) to work on /opt/airflow/dags/.cache/pip/http/0/d/b/1/1/0db11dfdf880f505d6a619043dc659f912aab2e5da0654e03e6f4c39
[2024-10-03T08:49:59.101+0000] {processor.py:830} INFO - Processing file /opt/airflow/dags/.cache/pip/http/0/d/b/1/1/0db11dfdf880f505d6a619043dc659f912aab2e5da0654e03e6f4c39 for tasks to queue
[2024-10-03T08:49:59.103+0000] {logging_mixin.py:188} INFO - [2024-10-03T08:49:59.102+0000] {dagbag.py:545} INFO - Filling up the DagBag from /opt/airflow/dags/.cache/pip/http/0/d/b/1/1/0db11dfdf880f505d6a619043dc659f912aab2e5da0654e03e6f4c39
[2024-10-03T08:49:59.117+0000] {processor.py:842} WARNING - No viable dags retrieved from /opt/airflow/dags/.cache/pip/http/0/d/b/1/1/0db11dfdf880f505d6a619043dc659f912aab2e5da0654e03e6f4c39
[2024-10-03T08:49:59.127+0000] {processor.py:183} INFO - Processing /opt/airflow/dags/.cache/pip/http/0/d/b/1/1/0db11dfdf880f505d6a619043dc659f912aab2e5da0654e03e6f4c39 took 0.032 seconds
[2024-10-03T08:50:32.153+0000] {processor.py:161} INFO - Started process (PID=4103) to work on /opt/airflow/dags/.cache/pip/http/0/d/b/1/1/0db11dfdf880f505d6a619043dc659f912aab2e5da0654e03e6f4c39
[2024-10-03T08:50:32.154+0000] {processor.py:830} INFO - Processing file /opt/airflow/dags/.cache/pip/http/0/d/b/1/1/0db11dfdf880f505d6a619043dc659f912aab2e5da0654e03e6f4c39 for tasks to queue
[2024-10-03T08:50:32.155+0000] {logging_mixin.py:188} INFO - [2024-10-03T08:50:32.155+0000] {dagbag.py:545} INFO - Filling up the DagBag from /opt/airflow/dags/.cache/pip/http/0/d/b/1/1/0db11dfdf880f505d6a619043dc659f912aab2e5da0654e03e6f4c39
[2024-10-03T08:50:32.173+0000] {processor.py:842} WARNING - No viable dags retrieved from /opt/airflow/dags/.cache/pip/http/0/d/b/1/1/0db11dfdf880f505d6a619043dc659f912aab2e5da0654e03e6f4c39
[2024-10-03T08:50:32.186+0000] {processor.py:183} INFO - Processing /opt/airflow/dags/.cache/pip/http/0/d/b/1/1/0db11dfdf880f505d6a619043dc659f912aab2e5da0654e03e6f4c39 took 0.037 seconds
[2024-10-03T08:56:34.650+0000] {processor.py:161} INFO - Started process (PID=4489) to work on /opt/airflow/dags/.cache/pip/http/0/d/b/1/1/0db11dfdf880f505d6a619043dc659f912aab2e5da0654e03e6f4c39
[2024-10-03T08:56:34.651+0000] {processor.py:830} INFO - Processing file /opt/airflow/dags/.cache/pip/http/0/d/b/1/1/0db11dfdf880f505d6a619043dc659f912aab2e5da0654e03e6f4c39 for tasks to queue
[2024-10-03T08:56:34.653+0000] {logging_mixin.py:188} INFO - [2024-10-03T08:56:34.652+0000] {dagbag.py:545} INFO - Filling up the DagBag from /opt/airflow/dags/.cache/pip/http/0/d/b/1/1/0db11dfdf880f505d6a619043dc659f912aab2e5da0654e03e6f4c39
[2024-10-03T08:56:34.701+0000] {processor.py:842} WARNING - No viable dags retrieved from /opt/airflow/dags/.cache/pip/http/0/d/b/1/1/0db11dfdf880f505d6a619043dc659f912aab2e5da0654e03e6f4c39
[2024-10-03T08:56:34.715+0000] {processor.py:183} INFO - Processing /opt/airflow/dags/.cache/pip/http/0/d/b/1/1/0db11dfdf880f505d6a619043dc659f912aab2e5da0654e03e6f4c39 took 0.072 seconds
[2024-10-03T08:57:06.366+0000] {processor.py:161} INFO - Started process (PID=4743) to work on /opt/airflow/dags/.cache/pip/http/0/d/b/1/1/0db11dfdf880f505d6a619043dc659f912aab2e5da0654e03e6f4c39
[2024-10-03T08:57:06.367+0000] {processor.py:830} INFO - Processing file /opt/airflow/dags/.cache/pip/http/0/d/b/1/1/0db11dfdf880f505d6a619043dc659f912aab2e5da0654e03e6f4c39 for tasks to queue
[2024-10-03T08:57:06.368+0000] {logging_mixin.py:188} INFO - [2024-10-03T08:57:06.367+0000] {dagbag.py:545} INFO - Filling up the DagBag from /opt/airflow/dags/.cache/pip/http/0/d/b/1/1/0db11dfdf880f505d6a619043dc659f912aab2e5da0654e03e6f4c39
[2024-10-03T08:57:06.499+0000] {processor.py:842} WARNING - No viable dags retrieved from /opt/airflow/dags/.cache/pip/http/0/d/b/1/1/0db11dfdf880f505d6a619043dc659f912aab2e5da0654e03e6f4c39
[2024-10-03T08:57:06.523+0000] {processor.py:183} INFO - Processing /opt/airflow/dags/.cache/pip/http/0/d/b/1/1/0db11dfdf880f505d6a619043dc659f912aab2e5da0654e03e6f4c39 took 0.163 seconds
