[2024-09-24T19:00:07.742+0000] {local_task_job_runner.py:120} INFO - ::group::Pre task execution logs
[2024-09-24T19:00:07.756+0000] {taskinstance.py:2076} INFO - Dependencies all met for dep_context=non-requeueable deps ti=<TaskInstance: decision_tree_classifier_dag.dtc_prepare_data manual__2024-09-24T19:00:00.788093+00:00 [queued]>
[2024-09-24T19:00:07.763+0000] {taskinstance.py:2076} INFO - Dependencies all met for dep_context=requeueable deps ti=<TaskInstance: decision_tree_classifier_dag.dtc_prepare_data manual__2024-09-24T19:00:00.788093+00:00 [queued]>
[2024-09-24T19:00:07.764+0000] {taskinstance.py:2306} INFO - Starting attempt 1 of 1
[2024-09-24T19:00:07.775+0000] {taskinstance.py:2330} INFO - Executing <Task(PythonOperator): dtc_prepare_data> on 2024-09-24 19:00:00.788093+00:00
[2024-09-24T19:00:07.783+0000] {standard_task_runner.py:64} INFO - Started process 51483 to run task
[2024-09-24T19:00:07.785+0000] {standard_task_runner.py:90} INFO - Running: ['***', 'tasks', 'run', 'decision_tree_classifier_dag', 'dtc_prepare_data', 'manual__2024-09-24T19:00:00.788093+00:00', '--job-id', '518', '--raw', '--subdir', 'DAGS_FOLDER/***/dags/.ipynb_checkpoints/hw1-checkpoint.py', '--cfg-path', '/tmp/tmp3vxo02pj']
[2024-09-24T19:00:07.787+0000] {standard_task_runner.py:91} INFO - Job 518: Subtask dtc_prepare_data
[2024-09-24T19:00:07.826+0000] {task_command.py:426} INFO - Running <TaskInstance: decision_tree_classifier_dag.dtc_prepare_data manual__2024-09-24T19:00:00.788093+00:00 [running]> on host 82997fc6deb7
[2024-09-24T19:00:07.891+0000] {taskinstance.py:2648} INFO - Exporting env vars: AIRFLOW_CTX_DAG_EMAIL='alexvlg34@gmail.com' AIRFLOW_CTX_DAG_OWNER='Alex Trigolos' AIRFLOW_CTX_DAG_ID='decision_tree_classifier_dag' AIRFLOW_CTX_TASK_ID='dtc_prepare_data' AIRFLOW_CTX_EXECUTION_DATE='2024-09-24T19:00:00.788093+00:00' AIRFLOW_CTX_TRY_NUMBER='1' AIRFLOW_CTX_DAG_RUN_ID='manual__2024-09-24T19:00:00.788093+00:00'
[2024-09-24T19:00:07.892+0000] {taskinstance.py:430} INFO - ::endgroup::
[2024-09-24T19:00:07.901+0000] {hw1-checkpoint.py:107} INFO - Prepare data...
[2024-09-24T19:00:07.902+0000] {s3.py:1422} INFO - Downloading source S3 file from Bucket testmlops with path AlexTrigolos/DecisionTreeClassifier/datasets/dataset.pkl
[2024-09-24T19:00:07.910+0000] {base.py:84} INFO - Using connection ID 's3_connection' for task execution.
[2024-09-24T19:00:07.911+0000] {connection_wrapper.py:388} INFO - AWS Connection (conn_id='s3_connection', conn_type='aws') credentials retrieved from login and password.
[2024-09-24T19:00:08.260+0000] {hw1-checkpoint.py:78} INFO - /tmp/***_tmp_fq4ote6u
[2024-09-24T19:00:08.325+0000] {base.py:84} INFO - Using connection ID 's3_connection' for task execution.
[2024-09-24T19:00:08.327+0000] {connection_wrapper.py:388} INFO - AWS Connection (conn_id='s3_connection', conn_type='aws') credentials retrieved from login and password.
[2024-09-24T19:00:08.663+0000] {base.py:84} INFO - Using connection ID 's3_connection' for task execution.
[2024-09-24T19:00:08.664+0000] {connection_wrapper.py:388} INFO - AWS Connection (conn_id='s3_connection', conn_type='aws') credentials retrieved from login and password.
[2024-09-24T19:00:08.823+0000] {base.py:84} INFO - Using connection ID 's3_connection' for task execution.
[2024-09-24T19:00:08.824+0000] {connection_wrapper.py:388} INFO - AWS Connection (conn_id='s3_connection', conn_type='aws') credentials retrieved from login and password.
[2024-09-24T19:00:09.006+0000] {base.py:84} INFO - Using connection ID 's3_connection' for task execution.
[2024-09-24T19:00:09.007+0000] {connection_wrapper.py:388} INFO - AWS Connection (conn_id='s3_connection', conn_type='aws') credentials retrieved from login and password.
[2024-09-24T19:00:09.318+0000] {hw1-checkpoint.py:133} INFO - Prepared data.
[2024-09-24T19:00:09.318+0000] {python.py:237} INFO - Done. Returned value was: None
[2024-09-24T19:00:09.319+0000] {taskinstance.py:441} INFO - ::group::Post task execution logs
[2024-09-24T19:00:09.327+0000] {taskinstance.py:1206} INFO - Marking task as SUCCESS. dag_id=decision_tree_classifier_dag, task_id=dtc_prepare_data, run_id=manual__2024-09-24T19:00:00.788093+00:00, execution_date=20240924T190000, start_date=20240924T190007, end_date=20240924T190009
[2024-09-24T19:00:09.365+0000] {local_task_job_runner.py:243} INFO - Task exited with return code 0
[2024-09-24T19:00:09.386+0000] {taskinstance.py:3503} INFO - 1 downstream tasks scheduled from follow-on schedule check
[2024-09-24T19:00:09.390+0000] {local_task_job_runner.py:222} INFO - ::endgroup::
