[2024-10-02T19:56:21.337+0000] {local_task_job_runner.py:120} INFO - ::group::Pre task execution logs
[2024-10-02T19:56:21.355+0000] {taskinstance.py:2076} INFO - Dependencies all met for dep_context=non-requeueable deps ti=<TaskInstance: gradient_boosting_classifier_dag.gbc_prepare_data manual__2024-10-02T19:56:13.949479+00:00 [queued]>
[2024-10-02T19:56:21.365+0000] {taskinstance.py:2076} INFO - Dependencies all met for dep_context=requeueable deps ti=<TaskInstance: gradient_boosting_classifier_dag.gbc_prepare_data manual__2024-10-02T19:56:13.949479+00:00 [queued]>
[2024-10-02T19:56:21.366+0000] {taskinstance.py:2306} INFO - Starting attempt 1 of 1
[2024-10-02T19:56:21.382+0000] {taskinstance.py:2330} INFO - Executing <Task(PythonOperator): gbc_prepare_data> on 2024-10-02 19:56:13.949479+00:00
[2024-10-02T19:56:21.391+0000] {standard_task_runner.py:64} INFO - Started process 1657 to run task
[2024-10-02T19:56:21.394+0000] {standard_task_runner.py:90} INFO - Running: ['***', 'tasks', 'run', 'gradient_boosting_classifier_dag', 'gbc_prepare_data', 'manual__2024-10-02T19:56:13.949479+00:00', '--job-id', '704', '--raw', '--subdir', 'DAGS_FOLDER/***/dags/hw1.py', '--cfg-path', '/tmp/tmp4ydym6ns']
[2024-10-02T19:56:21.397+0000] {standard_task_runner.py:91} INFO - Job 704: Subtask gbc_prepare_data
[2024-10-02T19:56:21.447+0000] {task_command.py:426} INFO - Running <TaskInstance: gradient_boosting_classifier_dag.gbc_prepare_data manual__2024-10-02T19:56:13.949479+00:00 [running]> on host 4b5f1410d111
[2024-10-02T19:56:21.534+0000] {taskinstance.py:2648} INFO - Exporting env vars: AIRFLOW_CTX_DAG_EMAIL='alexvlg34@gmail.com' AIRFLOW_CTX_DAG_OWNER='Alex Trigolos' AIRFLOW_CTX_DAG_ID='gradient_boosting_classifier_dag' AIRFLOW_CTX_TASK_ID='gbc_prepare_data' AIRFLOW_CTX_EXECUTION_DATE='2024-10-02T19:56:13.949479+00:00' AIRFLOW_CTX_TRY_NUMBER='1' AIRFLOW_CTX_DAG_RUN_ID='manual__2024-10-02T19:56:13.949479+00:00'
[2024-10-02T19:56:21.535+0000] {taskinstance.py:430} INFO - ::endgroup::
[2024-10-02T19:56:21.547+0000] {hw1.py:107} INFO - Prepare data...
[2024-10-02T19:56:21.548+0000] {s3.py:1422} INFO - Downloading source S3 file from Bucket testmlops with path AlexTrigolos/GradientBoostingClassifier/datasets/dataset.pkl
[2024-10-02T19:56:21.557+0000] {base.py:84} INFO - Using connection ID 's3_connection' for task execution.
[2024-10-02T19:56:21.558+0000] {connection_wrapper.py:388} INFO - AWS Connection (conn_id='s3_connection', conn_type='aws') credentials retrieved from login and password.
[2024-10-02T19:56:22.009+0000] {hw1.py:78} INFO - /tmp/***_tmp_whi8gpkq
[2024-10-02T19:56:22.083+0000] {base.py:84} INFO - Using connection ID 's3_connection' for task execution.
[2024-10-02T19:56:22.084+0000] {connection_wrapper.py:388} INFO - AWS Connection (conn_id='s3_connection', conn_type='aws') credentials retrieved from login and password.
[2024-10-02T19:56:22.508+0000] {base.py:84} INFO - Using connection ID 's3_connection' for task execution.
[2024-10-02T19:56:22.509+0000] {connection_wrapper.py:388} INFO - AWS Connection (conn_id='s3_connection', conn_type='aws') credentials retrieved from login and password.
[2024-10-02T19:56:22.749+0000] {base.py:84} INFO - Using connection ID 's3_connection' for task execution.
[2024-10-02T19:56:22.751+0000] {connection_wrapper.py:388} INFO - AWS Connection (conn_id='s3_connection', conn_type='aws') credentials retrieved from login and password.
[2024-10-02T19:56:23.024+0000] {base.py:84} INFO - Using connection ID 's3_connection' for task execution.
[2024-10-02T19:56:23.028+0000] {connection_wrapper.py:388} INFO - AWS Connection (conn_id='s3_connection', conn_type='aws') credentials retrieved from login and password.
[2024-10-02T19:56:23.604+0000] {hw1.py:133} INFO - Prepared data.
[2024-10-02T19:56:23.605+0000] {python.py:237} INFO - Done. Returned value was: None
[2024-10-02T19:56:23.606+0000] {taskinstance.py:441} INFO - ::group::Post task execution logs
[2024-10-02T19:56:23.616+0000] {taskinstance.py:1206} INFO - Marking task as SUCCESS. dag_id=gradient_boosting_classifier_dag, task_id=gbc_prepare_data, run_id=manual__2024-10-02T19:56:13.949479+00:00, execution_date=20241002T195613, start_date=20241002T195621, end_date=20241002T195623
[2024-10-02T19:56:23.659+0000] {local_task_job_runner.py:243} INFO - Task exited with return code 0
[2024-10-02T19:56:23.691+0000] {taskinstance.py:3503} INFO - 1 downstream tasks scheduled from follow-on schedule check
[2024-10-02T19:56:23.696+0000] {local_task_job_runner.py:222} INFO - ::endgroup::
