[2024-10-02T19:45:02.118+0000] {local_task_job_runner.py:120} INFO - ::group::Pre task execution logs
[2024-10-02T19:45:02.139+0000] {taskinstance.py:2076} INFO - Dependencies all met for dep_context=non-requeueable deps ti=<TaskInstance: gradient_boosting_classifier_dag.gbc_train_model manual__2024-10-02T19:44:46.638528+00:00 [queued]>
[2024-10-02T19:45:02.151+0000] {taskinstance.py:2076} INFO - Dependencies all met for dep_context=requeueable deps ti=<TaskInstance: gradient_boosting_classifier_dag.gbc_train_model manual__2024-10-02T19:44:46.638528+00:00 [queued]>
[2024-10-02T19:45:02.153+0000] {taskinstance.py:2306} INFO - Starting attempt 1 of 1
[2024-10-02T19:45:02.169+0000] {taskinstance.py:2330} INFO - Executing <Task(PythonOperator): gbc_train_model> on 2024-10-02 19:44:46.638528+00:00
[2024-10-02T19:45:02.180+0000] {standard_task_runner.py:64} INFO - Started process 588 to run task
[2024-10-02T19:45:02.184+0000] {standard_task_runner.py:90} INFO - Running: ['***', 'tasks', 'run', 'gradient_boosting_classifier_dag', 'gbc_train_model', 'manual__2024-10-02T19:44:46.638528+00:00', '--job-id', '694', '--raw', '--subdir', 'DAGS_FOLDER/***/dags/.ipynb_checkpoints/hw1-checkpoint.py', '--cfg-path', '/tmp/tmpk1iqq_lu']
[2024-10-02T19:45:02.187+0000] {standard_task_runner.py:91} INFO - Job 694: Subtask gbc_train_model
[2024-10-02T19:45:02.249+0000] {task_command.py:426} INFO - Running <TaskInstance: gradient_boosting_classifier_dag.gbc_train_model manual__2024-10-02T19:44:46.638528+00:00 [running]> on host 4a8028d74b4f
[2024-10-02T19:45:02.353+0000] {taskinstance.py:2648} INFO - Exporting env vars: AIRFLOW_CTX_DAG_EMAIL='alexvlg34@gmail.com' AIRFLOW_CTX_DAG_OWNER='Alex Trigolos' AIRFLOW_CTX_DAG_ID='gradient_boosting_classifier_dag' AIRFLOW_CTX_TASK_ID='gbc_train_model' AIRFLOW_CTX_EXECUTION_DATE='2024-10-02T19:44:46.638528+00:00' AIRFLOW_CTX_TRY_NUMBER='1' AIRFLOW_CTX_DAG_RUN_ID='manual__2024-10-02T19:44:46.638528+00:00'
[2024-10-02T19:45:02.354+0000] {taskinstance.py:430} INFO - ::endgroup::
[2024-10-02T19:45:02.368+0000] {hw1-checkpoint.py:137} INFO - Train model...
[2024-10-02T19:45:02.369+0000] {s3.py:1422} INFO - Downloading source S3 file from Bucket testmlops with path AlexTrigolos/GradientBoostingClassifier/datasets/X_train.pkl
[2024-10-02T19:45:02.379+0000] {base.py:84} INFO - Using connection ID 's3_connection' for task execution.
[2024-10-02T19:45:02.380+0000] {connection_wrapper.py:388} INFO - AWS Connection (conn_id='s3_connection', conn_type='aws') credentials retrieved from login and password.
[2024-10-02T19:45:02.929+0000] {hw1-checkpoint.py:78} INFO - /tmp/***_tmp_ra0eqdx3
[2024-10-02T19:45:02.934+0000] {s3.py:1422} INFO - Downloading source S3 file from Bucket testmlops with path AlexTrigolos/GradientBoostingClassifier/datasets/X_test.pkl
[2024-10-02T19:45:02.944+0000] {base.py:84} INFO - Using connection ID 's3_connection' for task execution.
[2024-10-02T19:45:02.945+0000] {connection_wrapper.py:388} INFO - AWS Connection (conn_id='s3_connection', conn_type='aws') credentials retrieved from login and password.
[2024-10-02T19:45:03.180+0000] {hw1-checkpoint.py:78} INFO - /tmp/***_tmp_jvkcz5lc
[2024-10-02T19:45:03.185+0000] {s3.py:1422} INFO - Downloading source S3 file from Bucket testmlops with path AlexTrigolos/GradientBoostingClassifier/datasets/y_train.pkl
[2024-10-02T19:45:03.200+0000] {base.py:84} INFO - Using connection ID 's3_connection' for task execution.
[2024-10-02T19:45:03.201+0000] {connection_wrapper.py:388} INFO - AWS Connection (conn_id='s3_connection', conn_type='aws') credentials retrieved from login and password.
[2024-10-02T19:45:03.462+0000] {hw1-checkpoint.py:78} INFO - /tmp/***_tmp_5x744h9z
[2024-10-02T19:45:03.465+0000] {s3.py:1422} INFO - Downloading source S3 file from Bucket testmlops with path AlexTrigolos/GradientBoostingClassifier/datasets/y_test.pkl
[2024-10-02T19:45:03.476+0000] {base.py:84} INFO - Using connection ID 's3_connection' for task execution.
[2024-10-02T19:45:03.480+0000] {connection_wrapper.py:388} INFO - AWS Connection (conn_id='s3_connection', conn_type='aws') credentials retrieved from login and password.
[2024-10-02T19:45:03.968+0000] {hw1-checkpoint.py:78} INFO - /tmp/***_tmp_j0cc6qtz
[2024-10-02T19:45:03.981+0000] {logging_mixin.py:188} INFO - Fitting 5 folds for each of 1080 candidates, totalling 5400 fits
[2024-10-02T19:45:04.041+0000] {logging_mixin.py:188} INFO - [CV] END ..learning_rate=0.001, max_depth=1, n_estimators=50; total time=   0.1s
[2024-10-02T19:45:04.091+0000] {logging_mixin.py:188} INFO - [CV] END ..learning_rate=0.001, max_depth=1, n_estimators=50; total time=   0.0s
[2024-10-02T19:45:04.138+0000] {logging_mixin.py:188} INFO - [CV] END ..learning_rate=0.001, max_depth=1, n_estimators=50; total time=   0.0s
[2024-10-02T19:45:04.191+0000] {logging_mixin.py:188} INFO - [CV] END ..learning_rate=0.001, max_depth=1, n_estimators=50; total time=   0.1s
[2024-10-02T19:45:04.239+0000] {logging_mixin.py:188} INFO - [CV] END ..learning_rate=0.001, max_depth=1, n_estimators=50; total time=   0.0s
[2024-10-02T19:45:04.339+0000] {logging_mixin.py:188} INFO - [CV] END .learning_rate=0.001, max_depth=1, n_estimators=100; total time=   0.1s
[2024-10-02T19:45:04.440+0000] {logging_mixin.py:188} INFO - [CV] END .learning_rate=0.001, max_depth=1, n_estimators=100; total time=   0.1s
[2024-10-02T19:45:04.541+0000] {logging_mixin.py:188} INFO - [CV] END .learning_rate=0.001, max_depth=1, n_estimators=100; total time=   0.1s
[2024-10-02T19:45:04.630+0000] {logging_mixin.py:188} INFO - [CV] END .learning_rate=0.001, max_depth=1, n_estimators=100; total time=   0.1s
[2024-10-02T19:45:04.740+0000] {logging_mixin.py:188} INFO - [CV] END .learning_rate=0.001, max_depth=1, n_estimators=100; total time=   0.1s
[2024-10-02T19:45:04.869+0000] {logging_mixin.py:188} INFO - [CV] END .learning_rate=0.001, max_depth=1, n_estimators=150; total time=   0.1s
[2024-10-02T19:45:04.998+0000] {logging_mixin.py:188} INFO - [CV] END .learning_rate=0.001, max_depth=1, n_estimators=150; total time=   0.1s
[2024-10-02T19:45:05.123+0000] {logging_mixin.py:188} INFO - [CV] END .learning_rate=0.001, max_depth=1, n_estimators=150; total time=   0.1s
[2024-10-02T19:45:05.258+0000] {logging_mixin.py:188} INFO - [CV] END .learning_rate=0.001, max_depth=1, n_estimators=150; total time=   0.1s
[2024-10-02T19:45:05.421+0000] {logging_mixin.py:188} INFO - [CV] END .learning_rate=0.001, max_depth=1, n_estimators=150; total time=   0.2s
[2024-10-02T19:45:05.611+0000] {logging_mixin.py:188} INFO - [CV] END .learning_rate=0.001, max_depth=1, n_estimators=200; total time=   0.2s
[2024-10-02T19:45:05.765+0000] {logging_mixin.py:188} INFO - [CV] END .learning_rate=0.001, max_depth=1, n_estimators=200; total time=   0.2s
[2024-10-02T19:45:05.943+0000] {logging_mixin.py:188} INFO - [CV] END .learning_rate=0.001, max_depth=1, n_estimators=200; total time=   0.2s
[2024-10-02T19:45:06.159+0000] {logging_mixin.py:188} INFO - [CV] END .learning_rate=0.001, max_depth=1, n_estimators=200; total time=   0.2s
[2024-10-02T19:45:06.355+0000] {logging_mixin.py:188} INFO - [CV] END .learning_rate=0.001, max_depth=1, n_estimators=200; total time=   0.2s
[2024-10-02T19:45:06.556+0000] {logging_mixin.py:188} INFO - [CV] END .learning_rate=0.001, max_depth=1, n_estimators=250; total time=   0.2s
[2024-10-02T19:45:06.781+0000] {logging_mixin.py:188} INFO - [CV] END .learning_rate=0.001, max_depth=1, n_estimators=250; total time=   0.2s
[2024-10-02T19:45:06.989+0000] {logging_mixin.py:188} INFO - [CV] END .learning_rate=0.001, max_depth=1, n_estimators=250; total time=   0.2s
[2024-10-02T19:45:07.197+0000] {logging_mixin.py:188} INFO - [CV] END .learning_rate=0.001, max_depth=1, n_estimators=250; total time=   0.2s
[2024-10-02T19:45:07.413+0000] {logging_mixin.py:188} INFO - [CV] END .learning_rate=0.001, max_depth=1, n_estimators=250; total time=   0.2s
[2024-10-02T19:45:07.638+0000] {logging_mixin.py:188} INFO - [CV] END .learning_rate=0.001, max_depth=1, n_estimators=300; total time=   0.2s
[2024-10-02T19:45:07.896+0000] {logging_mixin.py:188} INFO - [CV] END .learning_rate=0.001, max_depth=1, n_estimators=300; total time=   0.3s
[2024-10-02T19:45:08.153+0000] {logging_mixin.py:188} INFO - [CV] END .learning_rate=0.001, max_depth=1, n_estimators=300; total time=   0.3s
[2024-10-02T19:45:08.525+0000] {logging_mixin.py:188} INFO - [CV] END .learning_rate=0.001, max_depth=1, n_estimators=300; total time=   0.4s
[2024-10-02T19:45:08.724+0000] {logging_mixin.py:188} INFO - [CV] END .learning_rate=0.001, max_depth=1, n_estimators=300; total time=   0.2s
[2024-10-02T19:45:08.956+0000] {logging_mixin.py:188} INFO - [CV] END .learning_rate=0.001, max_depth=1, n_estimators=350; total time=   0.2s
[2024-10-02T19:45:09.190+0000] {logging_mixin.py:188} INFO - [CV] END .learning_rate=0.001, max_depth=1, n_estimators=350; total time=   0.2s
[2024-10-02T19:45:09.410+0000] {logging_mixin.py:188} INFO - [CV] END .learning_rate=0.001, max_depth=1, n_estimators=350; total time=   0.2s
[2024-10-02T19:45:09.672+0000] {logging_mixin.py:188} INFO - [CV] END .learning_rate=0.001, max_depth=1, n_estimators=350; total time=   0.3s
[2024-10-02T19:45:09.962+0000] {logging_mixin.py:188} INFO - [CV] END .learning_rate=0.001, max_depth=1, n_estimators=350; total time=   0.3s
[2024-10-02T19:45:10.348+0000] {logging_mixin.py:188} INFO - [CV] END .learning_rate=0.001, max_depth=1, n_estimators=400; total time=   0.4s
[2024-10-02T19:45:10.700+0000] {logging_mixin.py:188} INFO - [CV] END .learning_rate=0.001, max_depth=1, n_estimators=400; total time=   0.3s
[2024-10-02T19:45:11.061+0000] {logging_mixin.py:188} INFO - [CV] END .learning_rate=0.001, max_depth=1, n_estimators=400; total time=   0.4s
[2024-10-02T19:45:11.441+0000] {logging_mixin.py:188} INFO - [CV] END .learning_rate=0.001, max_depth=1, n_estimators=400; total time=   0.4s
[2024-10-02T19:45:11.800+0000] {logging_mixin.py:188} INFO - [CV] END .learning_rate=0.001, max_depth=1, n_estimators=400; total time=   0.4s
[2024-10-02T19:45:12.185+0000] {logging_mixin.py:188} INFO - [CV] END .learning_rate=0.001, max_depth=1, n_estimators=450; total time=   0.4s
[2024-10-02T19:45:12.579+0000] {logging_mixin.py:188} INFO - [CV] END .learning_rate=0.001, max_depth=1, n_estimators=450; total time=   0.4s
[2024-10-02T19:45:12.979+0000] {logging_mixin.py:188} INFO - [CV] END .learning_rate=0.001, max_depth=1, n_estimators=450; total time=   0.4s
[2024-10-02T19:45:13.390+0000] {logging_mixin.py:188} INFO - [CV] END .learning_rate=0.001, max_depth=1, n_estimators=450; total time=   0.4s
[2024-10-02T19:45:13.782+0000] {logging_mixin.py:188} INFO - [CV] END .learning_rate=0.001, max_depth=1, n_estimators=450; total time=   0.4s
[2024-10-02T19:45:13.860+0000] {logging_mixin.py:188} INFO - [CV] END ..learning_rate=0.001, max_depth=3, n_estimators=50; total time=   0.1s
[2024-10-02T19:45:13.943+0000] {logging_mixin.py:188} INFO - [CV] END ..learning_rate=0.001, max_depth=3, n_estimators=50; total time=   0.1s
[2024-10-02T19:45:14.029+0000] {logging_mixin.py:188} INFO - [CV] END ..learning_rate=0.001, max_depth=3, n_estimators=50; total time=   0.1s
[2024-10-02T19:45:14.110+0000] {logging_mixin.py:188} INFO - [CV] END ..learning_rate=0.001, max_depth=3, n_estimators=50; total time=   0.1s
[2024-10-02T19:45:14.183+0000] {logging_mixin.py:188} INFO - [CV] END ..learning_rate=0.001, max_depth=3, n_estimators=50; total time=   0.1s
[2024-10-02T19:45:14.323+0000] {logging_mixin.py:188} INFO - [CV] END .learning_rate=0.001, max_depth=3, n_estimators=100; total time=   0.1s
[2024-10-02T19:45:14.471+0000] {logging_mixin.py:188} INFO - [CV] END .learning_rate=0.001, max_depth=3, n_estimators=100; total time=   0.1s
[2024-10-02T19:45:14.619+0000] {logging_mixin.py:188} INFO - [CV] END .learning_rate=0.001, max_depth=3, n_estimators=100; total time=   0.1s
[2024-10-02T19:45:14.765+0000] {logging_mixin.py:188} INFO - [CV] END .learning_rate=0.001, max_depth=3, n_estimators=100; total time=   0.1s
[2024-10-02T19:45:14.920+0000] {logging_mixin.py:188} INFO - [CV] END .learning_rate=0.001, max_depth=3, n_estimators=100; total time=   0.2s
[2024-10-02T19:45:15.147+0000] {logging_mixin.py:188} INFO - [CV] END .learning_rate=0.001, max_depth=3, n_estimators=150; total time=   0.2s
[2024-10-02T19:45:15.381+0000] {logging_mixin.py:188} INFO - [CV] END .learning_rate=0.001, max_depth=3, n_estimators=150; total time=   0.2s
[2024-10-02T19:45:15.585+0000] {logging_mixin.py:188} INFO - [CV] END .learning_rate=0.001, max_depth=3, n_estimators=150; total time=   0.2s
[2024-10-02T19:45:15.790+0000] {logging_mixin.py:188} INFO - [CV] END .learning_rate=0.001, max_depth=3, n_estimators=150; total time=   0.2s
[2024-10-02T19:45:16.018+0000] {logging_mixin.py:188} INFO - [CV] END .learning_rate=0.001, max_depth=3, n_estimators=150; total time=   0.2s
[2024-10-02T19:45:16.315+0000] {logging_mixin.py:188} INFO - [CV] END .learning_rate=0.001, max_depth=3, n_estimators=200; total time=   0.3s
[2024-10-02T19:45:16.601+0000] {logging_mixin.py:188} INFO - [CV] END .learning_rate=0.001, max_depth=3, n_estimators=200; total time=   0.3s
[2024-10-02T19:45:16.900+0000] {logging_mixin.py:188} INFO - [CV] END .learning_rate=0.001, max_depth=3, n_estimators=200; total time=   0.3s
[2024-10-02T19:45:17.170+0000] {logging_mixin.py:188} INFO - [CV] END .learning_rate=0.001, max_depth=3, n_estimators=200; total time=   0.3s
[2024-10-02T19:45:17.451+0000] {logging_mixin.py:188} INFO - [CV] END .learning_rate=0.001, max_depth=3, n_estimators=200; total time=   0.3s
[2024-10-02T19:45:17.823+0000] {logging_mixin.py:188} INFO - [CV] END .learning_rate=0.001, max_depth=3, n_estimators=250; total time=   0.4s
[2024-10-02T19:45:18.218+0000] {logging_mixin.py:188} INFO - [CV] END .learning_rate=0.001, max_depth=3, n_estimators=250; total time=   0.4s
[2024-10-02T19:45:18.569+0000] {logging_mixin.py:188} INFO - [CV] END .learning_rate=0.001, max_depth=3, n_estimators=250; total time=   0.3s
[2024-10-02T19:45:18.943+0000] {logging_mixin.py:188} INFO - [CV] END .learning_rate=0.001, max_depth=3, n_estimators=250; total time=   0.4s
[2024-10-02T19:45:19.309+0000] {logging_mixin.py:188} INFO - [CV] END .learning_rate=0.001, max_depth=3, n_estimators=250; total time=   0.4s
[2024-10-02T19:45:19.740+0000] {logging_mixin.py:188} INFO - [CV] END .learning_rate=0.001, max_depth=3, n_estimators=300; total time=   0.4s
[2024-10-02T19:45:20.144+0000] {logging_mixin.py:188} INFO - [CV] END .learning_rate=0.001, max_depth=3, n_estimators=300; total time=   0.4s
[2024-10-02T19:45:20.581+0000] {logging_mixin.py:188} INFO - [CV] END .learning_rate=0.001, max_depth=3, n_estimators=300; total time=   0.4s
[2024-10-02T19:45:20.989+0000] {logging_mixin.py:188} INFO - [CV] END .learning_rate=0.001, max_depth=3, n_estimators=300; total time=   0.4s
[2024-10-02T19:45:21.400+0000] {logging_mixin.py:188} INFO - [CV] END .learning_rate=0.001, max_depth=3, n_estimators=300; total time=   0.4s
[2024-10-02T19:45:21.920+0000] {logging_mixin.py:188} INFO - [CV] END .learning_rate=0.001, max_depth=3, n_estimators=350; total time=   0.5s
[2024-10-02T19:45:22.404+0000] {logging_mixin.py:188} INFO - [CV] END .learning_rate=0.001, max_depth=3, n_estimators=350; total time=   0.5s
[2024-10-02T19:45:22.842+0000] {logging_mixin.py:188} INFO - [CV] END .learning_rate=0.001, max_depth=3, n_estimators=350; total time=   0.4s
[2024-10-02T19:45:23.238+0000] {logging_mixin.py:188} INFO - [CV] END .learning_rate=0.001, max_depth=3, n_estimators=350; total time=   0.4s
[2024-10-02T19:45:23.728+0000] {logging_mixin.py:188} INFO - [CV] END .learning_rate=0.001, max_depth=3, n_estimators=350; total time=   0.5s
[2024-10-02T19:45:24.284+0000] {logging_mixin.py:188} INFO - [CV] END .learning_rate=0.001, max_depth=3, n_estimators=400; total time=   0.6s
[2024-10-02T19:45:24.826+0000] {logging_mixin.py:188} INFO - [CV] END .learning_rate=0.001, max_depth=3, n_estimators=400; total time=   0.5s
[2024-10-02T19:45:25.344+0000] {logging_mixin.py:188} INFO - [CV] END .learning_rate=0.001, max_depth=3, n_estimators=400; total time=   0.5s
[2024-10-02T19:45:25.912+0000] {logging_mixin.py:188} INFO - [CV] END .learning_rate=0.001, max_depth=3, n_estimators=400; total time=   0.6s
[2024-10-02T19:45:26.478+0000] {logging_mixin.py:188} INFO - [CV] END .learning_rate=0.001, max_depth=3, n_estimators=400; total time=   0.6s
[2024-10-02T19:45:27.103+0000] {logging_mixin.py:188} INFO - [CV] END .learning_rate=0.001, max_depth=3, n_estimators=450; total time=   0.6s
[2024-10-02T19:45:27.758+0000] {logging_mixin.py:188} INFO - [CV] END .learning_rate=0.001, max_depth=3, n_estimators=450; total time=   0.7s
[2024-10-02T19:45:28.414+0000] {logging_mixin.py:188} INFO - [CV] END .learning_rate=0.001, max_depth=3, n_estimators=450; total time=   0.7s
[2024-10-02T19:45:29.021+0000] {logging_mixin.py:188} INFO - [CV] END .learning_rate=0.001, max_depth=3, n_estimators=450; total time=   0.6s
[2024-10-02T19:45:29.639+0000] {logging_mixin.py:188} INFO - [CV] END .learning_rate=0.001, max_depth=3, n_estimators=450; total time=   0.6s
[2024-10-02T19:45:29.742+0000] {local_task_job_runner.py:124} ERROR - Received SIGTERM. Terminating subprocesses
[2024-10-02T19:45:29.746+0000] {process_utils.py:132} INFO - Sending 15 to group 588. PIDs of all processes in the group: [588]
[2024-10-02T19:45:29.747+0000] {process_utils.py:87} INFO - Sending the signal 15 to group 588
[2024-10-02T19:45:29.749+0000] {taskinstance.py:2611} ERROR - Received SIGTERM. Terminating subprocesses.
[2024-10-02T19:45:29.751+0000] {taskinstance.py:441} INFO - ::group::Post task execution logs
[2024-10-02T19:45:29.789+0000] {taskinstance.py:2905} ERROR - Task failed with exception
Traceback (most recent call last):
  File "/home/airflow/.local/lib/python3.10/site-packages/airflow/models/taskinstance.py", line 465, in _execute_task
    result = _execute_callable(context=context, **execute_callable_kwargs)
  File "/home/airflow/.local/lib/python3.10/site-packages/airflow/models/taskinstance.py", line 432, in _execute_callable
    return execute_callable(context=context, **execute_callable_kwargs)
  File "/home/airflow/.local/lib/python3.10/site-packages/airflow/models/baseoperator.py", line 401, in wrapper
    return func(self, *args, **kwargs)
  File "/home/airflow/.local/lib/python3.10/site-packages/airflow/operators/python.py", line 235, in execute
    return_value = self.execute_callable()
  File "/home/airflow/.local/lib/python3.10/site-packages/airflow/operators/python.py", line 252, in execute_callable
    return self.python_callable(*self.op_args, **self.op_kwargs)
  File "/opt/airflow/dags/airflow/dags/.ipynb_checkpoints/hw1-checkpoint.py", line 150, in train_model
    grid_search.fit(X_train, y_train)
  File "/home/airflow/.local/lib/python3.10/site-packages/sklearn/base.py", line 1473, in wrapper
    return fit_method(estimator, *args, **kwargs)
  File "/home/airflow/.local/lib/python3.10/site-packages/sklearn/model_selection/_search.py", line 1018, in fit
    self._run_search(evaluate_candidates)
  File "/home/airflow/.local/lib/python3.10/site-packages/sklearn/model_selection/_search.py", line 1572, in _run_search
    evaluate_candidates(ParameterGrid(self.param_grid))
  File "/home/airflow/.local/lib/python3.10/site-packages/sklearn/model_selection/_search.py", line 964, in evaluate_candidates
    out = parallel(
  File "/home/airflow/.local/lib/python3.10/site-packages/sklearn/utils/parallel.py", line 74, in __call__
    return super().__call__(iterable_with_config)
  File "/home/airflow/.local/lib/python3.10/site-packages/joblib/parallel.py", line 1918, in __call__
    return output if self.return_generator else list(output)
  File "/home/airflow/.local/lib/python3.10/site-packages/joblib/parallel.py", line 1847, in _get_sequential_output
    res = func(*args, **kwargs)
  File "/home/airflow/.local/lib/python3.10/site-packages/sklearn/utils/parallel.py", line 136, in __call__
    return self.function(*args, **kwargs)
  File "/home/airflow/.local/lib/python3.10/site-packages/sklearn/model_selection/_validation.py", line 888, in _fit_and_score
    estimator.fit(X_train, y_train, **fit_params)
  File "/home/airflow/.local/lib/python3.10/site-packages/sklearn/base.py", line 1473, in wrapper
    return fit_method(estimator, *args, **kwargs)
  File "/home/airflow/.local/lib/python3.10/site-packages/sklearn/ensemble/_gb.py", line 783, in fit
    n_stages = self._fit_stages(
  File "/home/airflow/.local/lib/python3.10/site-packages/sklearn/ensemble/_gb.py", line 879, in _fit_stages
    raw_predictions = self._fit_stage(
  File "/home/airflow/.local/lib/python3.10/site-packages/sklearn/ensemble/_gb.py", line 490, in _fit_stage
    tree.fit(
  File "/home/airflow/.local/lib/python3.10/site-packages/sklearn/base.py", line 1473, in wrapper
    return fit_method(estimator, *args, **kwargs)
  File "/home/airflow/.local/lib/python3.10/site-packages/sklearn/tree/_classes.py", line 1377, in fit
    super()._fit(
  File "/home/airflow/.local/lib/python3.10/site-packages/sklearn/tree/_classes.py", line 472, in _fit
    builder.build(self.tree_, X, y, sample_weight, missing_values_in_feature_mask)
  File "/home/airflow/.local/lib/python3.10/site-packages/airflow/models/taskinstance.py", line 2613, in signal_handler
    raise AirflowTaskTerminated("Task received SIGTERM signal")
airflow.exceptions.AirflowTaskTerminated: Task received SIGTERM signal
[2024-10-02T19:45:29.807+0000] {taskinstance.py:1206} INFO - Marking task as FAILED. dag_id=gradient_boosting_classifier_dag, task_id=gbc_train_model, run_id=manual__2024-10-02T19:44:46.638528+00:00, execution_date=20241002T194446, start_date=20241002T194502, end_date=20241002T194529
[2024-10-02T19:45:29.837+0000] {logging_mixin.py:188} WARNING - /home/***/.local/lib/python3.10/site-packages/***/utils/email.py:154 RemovedInAirflow3Warning: Fetching SMTP credentials from configuration variables will be deprecated in a future release. Please set credentials using a connection instead.
[2024-10-02T19:45:29.839+0000] {configuration.py:1053} WARNING - section/key [smtp/smtp_user] not found in config
[2024-10-02T19:45:29.840+0000] {email.py:271} INFO - Email alerting: attempt 1
[2024-10-02T19:45:29.855+0000] {configuration.py:1053} WARNING - section/key [smtp/smtp_user] not found in config
[2024-10-02T19:45:29.856+0000] {email.py:271} INFO - Email alerting: attempt 1
[2024-10-02T19:45:29.858+0000] {taskinstance.py:879} ERROR - Failed to send email to: alexvlg34@gmail.com
Traceback (most recent call last):
  File "/home/airflow/.local/lib/python3.10/site-packages/airflow/models/taskinstance.py", line 2479, in _run_raw_task
    self._execute_task_with_callbacks(context, test_mode, session=session)
  File "/home/airflow/.local/lib/python3.10/site-packages/airflow/models/taskinstance.py", line 2676, in _execute_task_with_callbacks
    result = self._execute_task(context, task_orig)
  File "/home/airflow/.local/lib/python3.10/site-packages/airflow/models/taskinstance.py", line 2701, in _execute_task
    return _execute_task(self, context, task_orig)
  File "/home/airflow/.local/lib/python3.10/site-packages/airflow/models/taskinstance.py", line 465, in _execute_task
    result = _execute_callable(context=context, **execute_callable_kwargs)
  File "/home/airflow/.local/lib/python3.10/site-packages/airflow/models/taskinstance.py", line 432, in _execute_callable
    return execute_callable(context=context, **execute_callable_kwargs)
  File "/home/airflow/.local/lib/python3.10/site-packages/airflow/models/baseoperator.py", line 401, in wrapper
    return func(self, *args, **kwargs)
  File "/home/airflow/.local/lib/python3.10/site-packages/airflow/operators/python.py", line 235, in execute
    return_value = self.execute_callable()
  File "/home/airflow/.local/lib/python3.10/site-packages/airflow/operators/python.py", line 252, in execute_callable
    return self.python_callable(*self.op_args, **self.op_kwargs)
  File "/opt/airflow/dags/airflow/dags/.ipynb_checkpoints/hw1-checkpoint.py", line 150, in train_model
    grid_search.fit(X_train, y_train)
  File "/home/airflow/.local/lib/python3.10/site-packages/sklearn/base.py", line 1473, in wrapper
    return fit_method(estimator, *args, **kwargs)
  File "/home/airflow/.local/lib/python3.10/site-packages/sklearn/model_selection/_search.py", line 1018, in fit
    self._run_search(evaluate_candidates)
  File "/home/airflow/.local/lib/python3.10/site-packages/sklearn/model_selection/_search.py", line 1572, in _run_search
    evaluate_candidates(ParameterGrid(self.param_grid))
  File "/home/airflow/.local/lib/python3.10/site-packages/sklearn/model_selection/_search.py", line 964, in evaluate_candidates
    out = parallel(
  File "/home/airflow/.local/lib/python3.10/site-packages/sklearn/utils/parallel.py", line 74, in __call__
    return super().__call__(iterable_with_config)
  File "/home/airflow/.local/lib/python3.10/site-packages/joblib/parallel.py", line 1918, in __call__
    return output if self.return_generator else list(output)
  File "/home/airflow/.local/lib/python3.10/site-packages/joblib/parallel.py", line 1847, in _get_sequential_output
    res = func(*args, **kwargs)
  File "/home/airflow/.local/lib/python3.10/site-packages/sklearn/utils/parallel.py", line 136, in __call__
    return self.function(*args, **kwargs)
  File "/home/airflow/.local/lib/python3.10/site-packages/sklearn/model_selection/_validation.py", line 888, in _fit_and_score
    estimator.fit(X_train, y_train, **fit_params)
  File "/home/airflow/.local/lib/python3.10/site-packages/sklearn/base.py", line 1473, in wrapper
    return fit_method(estimator, *args, **kwargs)
  File "/home/airflow/.local/lib/python3.10/site-packages/sklearn/ensemble/_gb.py", line 783, in fit
    n_stages = self._fit_stages(
  File "/home/airflow/.local/lib/python3.10/site-packages/sklearn/ensemble/_gb.py", line 879, in _fit_stages
    raw_predictions = self._fit_stage(
  File "/home/airflow/.local/lib/python3.10/site-packages/sklearn/ensemble/_gb.py", line 490, in _fit_stage
    tree.fit(
  File "/home/airflow/.local/lib/python3.10/site-packages/sklearn/base.py", line 1473, in wrapper
    return fit_method(estimator, *args, **kwargs)
  File "/home/airflow/.local/lib/python3.10/site-packages/sklearn/tree/_classes.py", line 1377, in fit
    super()._fit(
  File "/home/airflow/.local/lib/python3.10/site-packages/sklearn/tree/_classes.py", line 472, in _fit
    builder.build(self.tree_, X, y, sample_weight, missing_values_in_feature_mask)
  File "/home/airflow/.local/lib/python3.10/site-packages/airflow/models/taskinstance.py", line 2613, in signal_handler
    raise AirflowTaskTerminated("Task received SIGTERM signal")
airflow.exceptions.AirflowTaskTerminated: Task received SIGTERM signal

During handling of the above exception, another exception occurred:

Traceback (most recent call last):
  File "/home/airflow/.local/lib/python3.10/site-packages/airflow/models/taskinstance.py", line 1063, in _email_alert
    send_email(task.email, subject, html_content)
  File "/home/airflow/.local/lib/python3.10/site-packages/airflow/utils/email.py", line 80, in send_email
    return backend(
  File "/home/airflow/.local/lib/python3.10/site-packages/airflow/utils/email.py", line 154, in send_email_smtp
    send_mime_email(e_from=mail_from, e_to=recipients, mime_msg=msg, conn_id=conn_id, dryrun=dryrun)
  File "/home/airflow/.local/lib/python3.10/site-packages/airflow/utils/email.py", line 273, in send_mime_email
    smtp_conn = _get_smtp_connection(smtp_host, smtp_port, smtp_timeout, smtp_ssl)
  File "/home/airflow/.local/lib/python3.10/site-packages/airflow/utils/email.py", line 317, in _get_smtp_connection
    return smtplib.SMTP(host=host, port=port, timeout=timeout)
  File "/usr/local/lib/python3.10/smtplib.py", line 255, in __init__
    (code, msg) = self.connect(host, port)
  File "/usr/local/lib/python3.10/smtplib.py", line 341, in connect
    self.sock = self._get_socket(host, port, self.timeout)
  File "/usr/local/lib/python3.10/smtplib.py", line 312, in _get_socket
    return socket.create_connection((host, port), timeout,
  File "/usr/local/lib/python3.10/socket.py", line 845, in create_connection
    raise err
  File "/usr/local/lib/python3.10/socket.py", line 833, in create_connection
    sock.connect(sa)
ConnectionRefusedError: [Errno 111] Connection refused

During handling of the above exception, another exception occurred:

Traceback (most recent call last):
  File "/home/airflow/.local/lib/python3.10/site-packages/airflow/models/taskinstance.py", line 877, in _handle_failure
    task_instance.email_alert(error, failure_context["task"])
  File "/home/airflow/.local/lib/python3.10/site-packages/airflow/models/taskinstance.py", line 3163, in email_alert
    _email_alert(task_instance=self, exception=exception, task=task)
  File "/home/airflow/.local/lib/python3.10/site-packages/airflow/models/taskinstance.py", line 1065, in _email_alert
    send_email(task.email, subject, html_content_err)
  File "/home/airflow/.local/lib/python3.10/site-packages/airflow/utils/email.py", line 80, in send_email
    return backend(
  File "/home/airflow/.local/lib/python3.10/site-packages/airflow/utils/email.py", line 154, in send_email_smtp
    send_mime_email(e_from=mail_from, e_to=recipients, mime_msg=msg, conn_id=conn_id, dryrun=dryrun)
  File "/home/airflow/.local/lib/python3.10/site-packages/airflow/utils/email.py", line 273, in send_mime_email
    smtp_conn = _get_smtp_connection(smtp_host, smtp_port, smtp_timeout, smtp_ssl)
  File "/home/airflow/.local/lib/python3.10/site-packages/airflow/utils/email.py", line 317, in _get_smtp_connection
    return smtplib.SMTP(host=host, port=port, timeout=timeout)
  File "/usr/local/lib/python3.10/smtplib.py", line 255, in __init__
    (code, msg) = self.connect(host, port)
  File "/usr/local/lib/python3.10/smtplib.py", line 341, in connect
    self.sock = self._get_socket(host, port, self.timeout)
  File "/usr/local/lib/python3.10/smtplib.py", line 312, in _get_socket
    return socket.create_connection((host, port), timeout,
  File "/usr/local/lib/python3.10/socket.py", line 845, in create_connection
    raise err
  File "/usr/local/lib/python3.10/socket.py", line 833, in create_connection
    sock.connect(sa)
ConnectionRefusedError: [Errno 111] Connection refused
[2024-10-02T19:45:29.943+0000] {process_utils.py:80} INFO - Process psutil.Process(pid=588, status='terminated', exitcode=2, started='19:45:02') (588) terminated with exit code 2
[2024-10-02T19:45:29.946+0000] {local_task_job_runner.py:243} INFO - Task exited with return code 143
[2024-10-02T19:45:29.985+0000] {taskinstance.py:3503} INFO - 0 downstream tasks scheduled from follow-on schedule check
