[2024-10-03T08:42:04.360+0000] {processor.py:161} INFO - Started process (PID=445) to work on /opt/airflow/dags/.cache/pip/http/2/1/d/3/e/21d3efeb1f4c366aab7c143352bb9efac1f82a076c7a2f0bf980bf54
[2024-10-03T08:42:04.361+0000] {processor.py:830} INFO - Processing file /opt/airflow/dags/.cache/pip/http/2/1/d/3/e/21d3efeb1f4c366aab7c143352bb9efac1f82a076c7a2f0bf980bf54 for tasks to queue
[2024-10-03T08:42:04.362+0000] {logging_mixin.py:188} INFO - [2024-10-03T08:42:04.362+0000] {dagbag.py:545} INFO - Filling up the DagBag from /opt/airflow/dags/.cache/pip/http/2/1/d/3/e/21d3efeb1f4c366aab7c143352bb9efac1f82a076c7a2f0bf980bf54
[2024-10-03T08:42:04.379+0000] {processor.py:842} WARNING - No viable dags retrieved from /opt/airflow/dags/.cache/pip/http/2/1/d/3/e/21d3efeb1f4c366aab7c143352bb9efac1f82a076c7a2f0bf980bf54
[2024-10-03T08:42:04.391+0000] {processor.py:183} INFO - Processing /opt/airflow/dags/.cache/pip/http/2/1/d/3/e/21d3efeb1f4c366aab7c143352bb9efac1f82a076c7a2f0bf980bf54 took 0.035 seconds
[2024-10-03T08:42:39.651+0000] {processor.py:161} INFO - Started process (PID=687) to work on /opt/airflow/dags/.cache/pip/http/2/1/d/3/e/21d3efeb1f4c366aab7c143352bb9efac1f82a076c7a2f0bf980bf54
[2024-10-03T08:42:39.653+0000] {processor.py:830} INFO - Processing file /opt/airflow/dags/.cache/pip/http/2/1/d/3/e/21d3efeb1f4c366aab7c143352bb9efac1f82a076c7a2f0bf980bf54 for tasks to queue
[2024-10-03T08:42:39.656+0000] {logging_mixin.py:188} INFO - [2024-10-03T08:42:39.655+0000] {dagbag.py:545} INFO - Filling up the DagBag from /opt/airflow/dags/.cache/pip/http/2/1/d/3/e/21d3efeb1f4c366aab7c143352bb9efac1f82a076c7a2f0bf980bf54
[2024-10-03T08:42:39.730+0000] {processor.py:842} WARNING - No viable dags retrieved from /opt/airflow/dags/.cache/pip/http/2/1/d/3/e/21d3efeb1f4c366aab7c143352bb9efac1f82a076c7a2f0bf980bf54
[2024-10-03T08:42:39.756+0000] {processor.py:183} INFO - Processing /opt/airflow/dags/.cache/pip/http/2/1/d/3/e/21d3efeb1f4c366aab7c143352bb9efac1f82a076c7a2f0bf980bf54 took 0.112 seconds
[2024-10-03T08:43:12.769+0000] {processor.py:161} INFO - Started process (PID=929) to work on /opt/airflow/dags/.cache/pip/http/2/1/d/3/e/21d3efeb1f4c366aab7c143352bb9efac1f82a076c7a2f0bf980bf54
[2024-10-03T08:43:12.773+0000] {processor.py:830} INFO - Processing file /opt/airflow/dags/.cache/pip/http/2/1/d/3/e/21d3efeb1f4c366aab7c143352bb9efac1f82a076c7a2f0bf980bf54 for tasks to queue
[2024-10-03T08:43:12.779+0000] {logging_mixin.py:188} INFO - [2024-10-03T08:43:12.778+0000] {dagbag.py:545} INFO - Filling up the DagBag from /opt/airflow/dags/.cache/pip/http/2/1/d/3/e/21d3efeb1f4c366aab7c143352bb9efac1f82a076c7a2f0bf980bf54
[2024-10-03T08:43:12.811+0000] {processor.py:842} WARNING - No viable dags retrieved from /opt/airflow/dags/.cache/pip/http/2/1/d/3/e/21d3efeb1f4c366aab7c143352bb9efac1f82a076c7a2f0bf980bf54
[2024-10-03T08:43:12.830+0000] {processor.py:183} INFO - Processing /opt/airflow/dags/.cache/pip/http/2/1/d/3/e/21d3efeb1f4c366aab7c143352bb9efac1f82a076c7a2f0bf980bf54 took 0.080 seconds
[2024-10-03T08:43:45.350+0000] {processor.py:161} INFO - Started process (PID=1172) to work on /opt/airflow/dags/.cache/pip/http/2/1/d/3/e/21d3efeb1f4c366aab7c143352bb9efac1f82a076c7a2f0bf980bf54
[2024-10-03T08:43:45.351+0000] {processor.py:830} INFO - Processing file /opt/airflow/dags/.cache/pip/http/2/1/d/3/e/21d3efeb1f4c366aab7c143352bb9efac1f82a076c7a2f0bf980bf54 for tasks to queue
[2024-10-03T08:43:45.353+0000] {logging_mixin.py:188} INFO - [2024-10-03T08:43:45.353+0000] {dagbag.py:545} INFO - Filling up the DagBag from /opt/airflow/dags/.cache/pip/http/2/1/d/3/e/21d3efeb1f4c366aab7c143352bb9efac1f82a076c7a2f0bf980bf54
[2024-10-03T08:43:45.382+0000] {processor.py:842} WARNING - No viable dags retrieved from /opt/airflow/dags/.cache/pip/http/2/1/d/3/e/21d3efeb1f4c366aab7c143352bb9efac1f82a076c7a2f0bf980bf54
[2024-10-03T08:43:45.394+0000] {processor.py:183} INFO - Processing /opt/airflow/dags/.cache/pip/http/2/1/d/3/e/21d3efeb1f4c366aab7c143352bb9efac1f82a076c7a2f0bf980bf54 took 0.049 seconds
[2024-10-03T08:44:17.386+0000] {processor.py:161} INFO - Started process (PID=1420) to work on /opt/airflow/dags/.cache/pip/http/2/1/d/3/e/21d3efeb1f4c366aab7c143352bb9efac1f82a076c7a2f0bf980bf54
[2024-10-03T08:44:17.387+0000] {processor.py:830} INFO - Processing file /opt/airflow/dags/.cache/pip/http/2/1/d/3/e/21d3efeb1f4c366aab7c143352bb9efac1f82a076c7a2f0bf980bf54 for tasks to queue
[2024-10-03T08:44:17.389+0000] {logging_mixin.py:188} INFO - [2024-10-03T08:44:17.389+0000] {dagbag.py:545} INFO - Filling up the DagBag from /opt/airflow/dags/.cache/pip/http/2/1/d/3/e/21d3efeb1f4c366aab7c143352bb9efac1f82a076c7a2f0bf980bf54
[2024-10-03T08:44:17.410+0000] {processor.py:842} WARNING - No viable dags retrieved from /opt/airflow/dags/.cache/pip/http/2/1/d/3/e/21d3efeb1f4c366aab7c143352bb9efac1f82a076c7a2f0bf980bf54
[2024-10-03T08:44:17.422+0000] {processor.py:183} INFO - Processing /opt/airflow/dags/.cache/pip/http/2/1/d/3/e/21d3efeb1f4c366aab7c143352bb9efac1f82a076c7a2f0bf980bf54 took 0.041 seconds
[2024-10-03T08:44:50.394+0000] {processor.py:161} INFO - Started process (PID=1660) to work on /opt/airflow/dags/.cache/pip/http/2/1/d/3/e/21d3efeb1f4c366aab7c143352bb9efac1f82a076c7a2f0bf980bf54
[2024-10-03T08:44:50.398+0000] {processor.py:830} INFO - Processing file /opt/airflow/dags/.cache/pip/http/2/1/d/3/e/21d3efeb1f4c366aab7c143352bb9efac1f82a076c7a2f0bf980bf54 for tasks to queue
[2024-10-03T08:44:50.401+0000] {logging_mixin.py:188} INFO - [2024-10-03T08:44:50.400+0000] {dagbag.py:545} INFO - Filling up the DagBag from /opt/airflow/dags/.cache/pip/http/2/1/d/3/e/21d3efeb1f4c366aab7c143352bb9efac1f82a076c7a2f0bf980bf54
[2024-10-03T08:44:50.472+0000] {processor.py:842} WARNING - No viable dags retrieved from /opt/airflow/dags/.cache/pip/http/2/1/d/3/e/21d3efeb1f4c366aab7c143352bb9efac1f82a076c7a2f0bf980bf54
[2024-10-03T08:44:50.491+0000] {processor.py:183} INFO - Processing /opt/airflow/dags/.cache/pip/http/2/1/d/3/e/21d3efeb1f4c366aab7c143352bb9efac1f82a076c7a2f0bf980bf54 took 0.106 seconds
[2024-10-03T08:45:25.387+0000] {processor.py:161} INFO - Started process (PID=1904) to work on /opt/airflow/dags/.cache/pip/http/2/1/d/3/e/21d3efeb1f4c366aab7c143352bb9efac1f82a076c7a2f0bf980bf54
[2024-10-03T08:45:25.389+0000] {processor.py:830} INFO - Processing file /opt/airflow/dags/.cache/pip/http/2/1/d/3/e/21d3efeb1f4c366aab7c143352bb9efac1f82a076c7a2f0bf980bf54 for tasks to queue
[2024-10-03T08:45:25.393+0000] {logging_mixin.py:188} INFO - [2024-10-03T08:45:25.393+0000] {dagbag.py:545} INFO - Filling up the DagBag from /opt/airflow/dags/.cache/pip/http/2/1/d/3/e/21d3efeb1f4c366aab7c143352bb9efac1f82a076c7a2f0bf980bf54
[2024-10-03T08:45:25.445+0000] {processor.py:842} WARNING - No viable dags retrieved from /opt/airflow/dags/.cache/pip/http/2/1/d/3/e/21d3efeb1f4c366aab7c143352bb9efac1f82a076c7a2f0bf980bf54
[2024-10-03T08:45:25.469+0000] {processor.py:183} INFO - Processing /opt/airflow/dags/.cache/pip/http/2/1/d/3/e/21d3efeb1f4c366aab7c143352bb9efac1f82a076c7a2f0bf980bf54 took 0.094 seconds
[2024-10-03T08:45:56.051+0000] {processor.py:161} INFO - Started process (PID=2145) to work on /opt/airflow/dags/.cache/pip/http/2/1/d/3/e/21d3efeb1f4c366aab7c143352bb9efac1f82a076c7a2f0bf980bf54
[2024-10-03T08:45:56.053+0000] {processor.py:830} INFO - Processing file /opt/airflow/dags/.cache/pip/http/2/1/d/3/e/21d3efeb1f4c366aab7c143352bb9efac1f82a076c7a2f0bf980bf54 for tasks to queue
[2024-10-03T08:45:56.056+0000] {logging_mixin.py:188} INFO - [2024-10-03T08:45:56.055+0000] {dagbag.py:545} INFO - Filling up the DagBag from /opt/airflow/dags/.cache/pip/http/2/1/d/3/e/21d3efeb1f4c366aab7c143352bb9efac1f82a076c7a2f0bf980bf54
[2024-10-03T08:45:56.090+0000] {processor.py:842} WARNING - No viable dags retrieved from /opt/airflow/dags/.cache/pip/http/2/1/d/3/e/21d3efeb1f4c366aab7c143352bb9efac1f82a076c7a2f0bf980bf54
[2024-10-03T08:45:56.114+0000] {processor.py:183} INFO - Processing /opt/airflow/dags/.cache/pip/http/2/1/d/3/e/21d3efeb1f4c366aab7c143352bb9efac1f82a076c7a2f0bf980bf54 took 0.078 seconds
[2024-10-03T08:46:26.605+0000] {processor.py:161} INFO - Started process (PID=2387) to work on /opt/airflow/dags/.cache/pip/http/2/1/d/3/e/21d3efeb1f4c366aab7c143352bb9efac1f82a076c7a2f0bf980bf54
[2024-10-03T08:46:26.607+0000] {processor.py:830} INFO - Processing file /opt/airflow/dags/.cache/pip/http/2/1/d/3/e/21d3efeb1f4c366aab7c143352bb9efac1f82a076c7a2f0bf980bf54 for tasks to queue
[2024-10-03T08:46:26.610+0000] {logging_mixin.py:188} INFO - [2024-10-03T08:46:26.609+0000] {dagbag.py:545} INFO - Filling up the DagBag from /opt/airflow/dags/.cache/pip/http/2/1/d/3/e/21d3efeb1f4c366aab7c143352bb9efac1f82a076c7a2f0bf980bf54
[2024-10-03T08:46:26.657+0000] {processor.py:842} WARNING - No viable dags retrieved from /opt/airflow/dags/.cache/pip/http/2/1/d/3/e/21d3efeb1f4c366aab7c143352bb9efac1f82a076c7a2f0bf980bf54
[2024-10-03T08:46:26.677+0000] {processor.py:183} INFO - Processing /opt/airflow/dags/.cache/pip/http/2/1/d/3/e/21d3efeb1f4c366aab7c143352bb9efac1f82a076c7a2f0bf980bf54 took 0.081 seconds
[2024-10-03T08:47:16.569+0000] {processor.py:161} INFO - Started process (PID=2629) to work on /opt/airflow/dags/.cache/pip/http/2/1/d/3/e/21d3efeb1f4c366aab7c143352bb9efac1f82a076c7a2f0bf980bf54
[2024-10-03T08:47:16.571+0000] {processor.py:830} INFO - Processing file /opt/airflow/dags/.cache/pip/http/2/1/d/3/e/21d3efeb1f4c366aab7c143352bb9efac1f82a076c7a2f0bf980bf54 for tasks to queue
[2024-10-03T08:47:16.575+0000] {logging_mixin.py:188} INFO - [2024-10-03T08:47:16.574+0000] {dagbag.py:545} INFO - Filling up the DagBag from /opt/airflow/dags/.cache/pip/http/2/1/d/3/e/21d3efeb1f4c366aab7c143352bb9efac1f82a076c7a2f0bf980bf54
[2024-10-03T08:47:16.642+0000] {processor.py:842} WARNING - No viable dags retrieved from /opt/airflow/dags/.cache/pip/http/2/1/d/3/e/21d3efeb1f4c366aab7c143352bb9efac1f82a076c7a2f0bf980bf54
[2024-10-03T08:47:16.665+0000] {processor.py:183} INFO - Processing /opt/airflow/dags/.cache/pip/http/2/1/d/3/e/21d3efeb1f4c366aab7c143352bb9efac1f82a076c7a2f0bf980bf54 took 0.105 seconds
[2024-10-03T08:47:51.242+0000] {processor.py:161} INFO - Started process (PID=2877) to work on /opt/airflow/dags/.cache/pip/http/2/1/d/3/e/21d3efeb1f4c366aab7c143352bb9efac1f82a076c7a2f0bf980bf54
[2024-10-03T08:47:51.244+0000] {processor.py:830} INFO - Processing file /opt/airflow/dags/.cache/pip/http/2/1/d/3/e/21d3efeb1f4c366aab7c143352bb9efac1f82a076c7a2f0bf980bf54 for tasks to queue
[2024-10-03T08:47:51.249+0000] {logging_mixin.py:188} INFO - [2024-10-03T08:47:51.248+0000] {dagbag.py:545} INFO - Filling up the DagBag from /opt/airflow/dags/.cache/pip/http/2/1/d/3/e/21d3efeb1f4c366aab7c143352bb9efac1f82a076c7a2f0bf980bf54
[2024-10-03T08:47:51.332+0000] {processor.py:842} WARNING - No viable dags retrieved from /opt/airflow/dags/.cache/pip/http/2/1/d/3/e/21d3efeb1f4c366aab7c143352bb9efac1f82a076c7a2f0bf980bf54
[2024-10-03T08:47:51.356+0000] {processor.py:183} INFO - Processing /opt/airflow/dags/.cache/pip/http/2/1/d/3/e/21d3efeb1f4c366aab7c143352bb9efac1f82a076c7a2f0bf980bf54 took 0.134 seconds
[2024-10-03T08:48:24.506+0000] {processor.py:161} INFO - Started process (PID=3119) to work on /opt/airflow/dags/.cache/pip/http/2/1/d/3/e/21d3efeb1f4c366aab7c143352bb9efac1f82a076c7a2f0bf980bf54
[2024-10-03T08:48:24.510+0000] {processor.py:830} INFO - Processing file /opt/airflow/dags/.cache/pip/http/2/1/d/3/e/21d3efeb1f4c366aab7c143352bb9efac1f82a076c7a2f0bf980bf54 for tasks to queue
[2024-10-03T08:48:24.513+0000] {logging_mixin.py:188} INFO - [2024-10-03T08:48:24.512+0000] {dagbag.py:545} INFO - Filling up the DagBag from /opt/airflow/dags/.cache/pip/http/2/1/d/3/e/21d3efeb1f4c366aab7c143352bb9efac1f82a076c7a2f0bf980bf54
[2024-10-03T08:48:24.612+0000] {processor.py:842} WARNING - No viable dags retrieved from /opt/airflow/dags/.cache/pip/http/2/1/d/3/e/21d3efeb1f4c366aab7c143352bb9efac1f82a076c7a2f0bf980bf54
[2024-10-03T08:48:24.638+0000] {processor.py:183} INFO - Processing /opt/airflow/dags/.cache/pip/http/2/1/d/3/e/21d3efeb1f4c366aab7c143352bb9efac1f82a076c7a2f0bf980bf54 took 0.137 seconds
[2024-10-03T08:48:55.011+0000] {processor.py:161} INFO - Started process (PID=3361) to work on /opt/airflow/dags/.cache/pip/http/2/1/d/3/e/21d3efeb1f4c366aab7c143352bb9efac1f82a076c7a2f0bf980bf54
[2024-10-03T08:48:55.013+0000] {processor.py:830} INFO - Processing file /opt/airflow/dags/.cache/pip/http/2/1/d/3/e/21d3efeb1f4c366aab7c143352bb9efac1f82a076c7a2f0bf980bf54 for tasks to queue
[2024-10-03T08:48:55.015+0000] {logging_mixin.py:188} INFO - [2024-10-03T08:48:55.015+0000] {dagbag.py:545} INFO - Filling up the DagBag from /opt/airflow/dags/.cache/pip/http/2/1/d/3/e/21d3efeb1f4c366aab7c143352bb9efac1f82a076c7a2f0bf980bf54
[2024-10-03T08:48:55.033+0000] {processor.py:842} WARNING - No viable dags retrieved from /opt/airflow/dags/.cache/pip/http/2/1/d/3/e/21d3efeb1f4c366aab7c143352bb9efac1f82a076c7a2f0bf980bf54
[2024-10-03T08:48:55.043+0000] {processor.py:183} INFO - Processing /opt/airflow/dags/.cache/pip/http/2/1/d/3/e/21d3efeb1f4c366aab7c143352bb9efac1f82a076c7a2f0bf980bf54 took 0.037 seconds
[2024-10-03T08:49:26.081+0000] {processor.py:161} INFO - Started process (PID=3603) to work on /opt/airflow/dags/.cache/pip/http/2/1/d/3/e/21d3efeb1f4c366aab7c143352bb9efac1f82a076c7a2f0bf980bf54
[2024-10-03T08:49:26.083+0000] {processor.py:830} INFO - Processing file /opt/airflow/dags/.cache/pip/http/2/1/d/3/e/21d3efeb1f4c366aab7c143352bb9efac1f82a076c7a2f0bf980bf54 for tasks to queue
[2024-10-03T08:49:26.085+0000] {logging_mixin.py:188} INFO - [2024-10-03T08:49:26.085+0000] {dagbag.py:545} INFO - Filling up the DagBag from /opt/airflow/dags/.cache/pip/http/2/1/d/3/e/21d3efeb1f4c366aab7c143352bb9efac1f82a076c7a2f0bf980bf54
[2024-10-03T08:49:26.119+0000] {processor.py:842} WARNING - No viable dags retrieved from /opt/airflow/dags/.cache/pip/http/2/1/d/3/e/21d3efeb1f4c366aab7c143352bb9efac1f82a076c7a2f0bf980bf54
[2024-10-03T08:49:26.131+0000] {processor.py:183} INFO - Processing /opt/airflow/dags/.cache/pip/http/2/1/d/3/e/21d3efeb1f4c366aab7c143352bb9efac1f82a076c7a2f0bf980bf54 took 0.054 seconds
[2024-10-03T08:49:58.762+0000] {processor.py:161} INFO - Started process (PID=3846) to work on /opt/airflow/dags/.cache/pip/http/2/1/d/3/e/21d3efeb1f4c366aab7c143352bb9efac1f82a076c7a2f0bf980bf54
[2024-10-03T08:49:58.763+0000] {processor.py:830} INFO - Processing file /opt/airflow/dags/.cache/pip/http/2/1/d/3/e/21d3efeb1f4c366aab7c143352bb9efac1f82a076c7a2f0bf980bf54 for tasks to queue
[2024-10-03T08:49:58.766+0000] {logging_mixin.py:188} INFO - [2024-10-03T08:49:58.766+0000] {dagbag.py:545} INFO - Filling up the DagBag from /opt/airflow/dags/.cache/pip/http/2/1/d/3/e/21d3efeb1f4c366aab7c143352bb9efac1f82a076c7a2f0bf980bf54
[2024-10-03T08:49:58.811+0000] {processor.py:842} WARNING - No viable dags retrieved from /opt/airflow/dags/.cache/pip/http/2/1/d/3/e/21d3efeb1f4c366aab7c143352bb9efac1f82a076c7a2f0bf980bf54
[2024-10-03T08:49:58.822+0000] {processor.py:183} INFO - Processing /opt/airflow/dags/.cache/pip/http/2/1/d/3/e/21d3efeb1f4c366aab7c143352bb9efac1f82a076c7a2f0bf980bf54 took 0.065 seconds
[2024-10-03T08:50:31.874+0000] {processor.py:161} INFO - Started process (PID=4088) to work on /opt/airflow/dags/.cache/pip/http/2/1/d/3/e/21d3efeb1f4c366aab7c143352bb9efac1f82a076c7a2f0bf980bf54
[2024-10-03T08:50:31.875+0000] {processor.py:830} INFO - Processing file /opt/airflow/dags/.cache/pip/http/2/1/d/3/e/21d3efeb1f4c366aab7c143352bb9efac1f82a076c7a2f0bf980bf54 for tasks to queue
[2024-10-03T08:50:31.877+0000] {logging_mixin.py:188} INFO - [2024-10-03T08:50:31.877+0000] {dagbag.py:545} INFO - Filling up the DagBag from /opt/airflow/dags/.cache/pip/http/2/1/d/3/e/21d3efeb1f4c366aab7c143352bb9efac1f82a076c7a2f0bf980bf54
[2024-10-03T08:50:31.894+0000] {processor.py:842} WARNING - No viable dags retrieved from /opt/airflow/dags/.cache/pip/http/2/1/d/3/e/21d3efeb1f4c366aab7c143352bb9efac1f82a076c7a2f0bf980bf54
[2024-10-03T08:50:31.905+0000] {processor.py:183} INFO - Processing /opt/airflow/dags/.cache/pip/http/2/1/d/3/e/21d3efeb1f4c366aab7c143352bb9efac1f82a076c7a2f0bf980bf54 took 0.036 seconds
[2024-10-03T08:56:33.390+0000] {processor.py:161} INFO - Started process (PID=4479) to work on /opt/airflow/dags/.cache/pip/http/2/1/d/3/e/21d3efeb1f4c366aab7c143352bb9efac1f82a076c7a2f0bf980bf54
[2024-10-03T08:56:33.391+0000] {processor.py:830} INFO - Processing file /opt/airflow/dags/.cache/pip/http/2/1/d/3/e/21d3efeb1f4c366aab7c143352bb9efac1f82a076c7a2f0bf980bf54 for tasks to queue
[2024-10-03T08:56:33.392+0000] {logging_mixin.py:188} INFO - [2024-10-03T08:56:33.392+0000] {dagbag.py:545} INFO - Filling up the DagBag from /opt/airflow/dags/.cache/pip/http/2/1/d/3/e/21d3efeb1f4c366aab7c143352bb9efac1f82a076c7a2f0bf980bf54
[2024-10-03T08:56:33.448+0000] {processor.py:842} WARNING - No viable dags retrieved from /opt/airflow/dags/.cache/pip/http/2/1/d/3/e/21d3efeb1f4c366aab7c143352bb9efac1f82a076c7a2f0bf980bf54
[2024-10-03T08:56:33.462+0000] {processor.py:183} INFO - Processing /opt/airflow/dags/.cache/pip/http/2/1/d/3/e/21d3efeb1f4c366aab7c143352bb9efac1f82a076c7a2f0bf980bf54 took 0.077 seconds
[2024-10-03T08:57:05.218+0000] {processor.py:161} INFO - Started process (PID=4733) to work on /opt/airflow/dags/.cache/pip/http/2/1/d/3/e/21d3efeb1f4c366aab7c143352bb9efac1f82a076c7a2f0bf980bf54
[2024-10-03T08:57:05.219+0000] {processor.py:830} INFO - Processing file /opt/airflow/dags/.cache/pip/http/2/1/d/3/e/21d3efeb1f4c366aab7c143352bb9efac1f82a076c7a2f0bf980bf54 for tasks to queue
[2024-10-03T08:57:05.220+0000] {logging_mixin.py:188} INFO - [2024-10-03T08:57:05.220+0000] {dagbag.py:545} INFO - Filling up the DagBag from /opt/airflow/dags/.cache/pip/http/2/1/d/3/e/21d3efeb1f4c366aab7c143352bb9efac1f82a076c7a2f0bf980bf54
[2024-10-03T08:57:05.234+0000] {processor.py:842} WARNING - No viable dags retrieved from /opt/airflow/dags/.cache/pip/http/2/1/d/3/e/21d3efeb1f4c366aab7c143352bb9efac1f82a076c7a2f0bf980bf54
[2024-10-03T08:57:05.246+0000] {processor.py:183} INFO - Processing /opt/airflow/dags/.cache/pip/http/2/1/d/3/e/21d3efeb1f4c366aab7c143352bb9efac1f82a076c7a2f0bf980bf54 took 0.032 seconds
