[2024-10-03T08:42:03.507+0000] {processor.py:161} INFO - Started process (PID=408) to work on /opt/airflow/dags/.cache/pip/http/8/8/f/a/e/88faec7b65af06d047fafd1d10e7ee374e78766ee8c2e1bfd197f111
[2024-10-03T08:42:03.508+0000] {processor.py:830} INFO - Processing file /opt/airflow/dags/.cache/pip/http/8/8/f/a/e/88faec7b65af06d047fafd1d10e7ee374e78766ee8c2e1bfd197f111 for tasks to queue
[2024-10-03T08:42:03.509+0000] {logging_mixin.py:188} INFO - [2024-10-03T08:42:03.509+0000] {dagbag.py:545} INFO - Filling up the DagBag from /opt/airflow/dags/.cache/pip/http/8/8/f/a/e/88faec7b65af06d047fafd1d10e7ee374e78766ee8c2e1bfd197f111
[2024-10-03T08:42:03.528+0000] {processor.py:842} WARNING - No viable dags retrieved from /opt/airflow/dags/.cache/pip/http/8/8/f/a/e/88faec7b65af06d047fafd1d10e7ee374e78766ee8c2e1bfd197f111
[2024-10-03T08:42:03.538+0000] {processor.py:183} INFO - Processing /opt/airflow/dags/.cache/pip/http/8/8/f/a/e/88faec7b65af06d047fafd1d10e7ee374e78766ee8c2e1bfd197f111 took 0.036 seconds
[2024-10-03T08:42:38.113+0000] {processor.py:161} INFO - Started process (PID=652) to work on /opt/airflow/dags/.cache/pip/http/8/8/f/a/e/88faec7b65af06d047fafd1d10e7ee374e78766ee8c2e1bfd197f111
[2024-10-03T08:42:38.115+0000] {processor.py:830} INFO - Processing file /opt/airflow/dags/.cache/pip/http/8/8/f/a/e/88faec7b65af06d047fafd1d10e7ee374e78766ee8c2e1bfd197f111 for tasks to queue
[2024-10-03T08:42:38.118+0000] {logging_mixin.py:188} INFO - [2024-10-03T08:42:38.117+0000] {dagbag.py:545} INFO - Filling up the DagBag from /opt/airflow/dags/.cache/pip/http/8/8/f/a/e/88faec7b65af06d047fafd1d10e7ee374e78766ee8c2e1bfd197f111
[2024-10-03T08:42:38.205+0000] {processor.py:842} WARNING - No viable dags retrieved from /opt/airflow/dags/.cache/pip/http/8/8/f/a/e/88faec7b65af06d047fafd1d10e7ee374e78766ee8c2e1bfd197f111
[2024-10-03T08:42:38.231+0000] {processor.py:183} INFO - Processing /opt/airflow/dags/.cache/pip/http/8/8/f/a/e/88faec7b65af06d047fafd1d10e7ee374e78766ee8c2e1bfd197f111 took 0.126 seconds
[2024-10-03T08:43:11.772+0000] {processor.py:161} INFO - Started process (PID=894) to work on /opt/airflow/dags/.cache/pip/http/8/8/f/a/e/88faec7b65af06d047fafd1d10e7ee374e78766ee8c2e1bfd197f111
[2024-10-03T08:43:11.773+0000] {processor.py:830} INFO - Processing file /opt/airflow/dags/.cache/pip/http/8/8/f/a/e/88faec7b65af06d047fafd1d10e7ee374e78766ee8c2e1bfd197f111 for tasks to queue
[2024-10-03T08:43:11.777+0000] {logging_mixin.py:188} INFO - [2024-10-03T08:43:11.777+0000] {dagbag.py:545} INFO - Filling up the DagBag from /opt/airflow/dags/.cache/pip/http/8/8/f/a/e/88faec7b65af06d047fafd1d10e7ee374e78766ee8c2e1bfd197f111
[2024-10-03T08:43:11.823+0000] {processor.py:842} WARNING - No viable dags retrieved from /opt/airflow/dags/.cache/pip/http/8/8/f/a/e/88faec7b65af06d047fafd1d10e7ee374e78766ee8c2e1bfd197f111
[2024-10-03T08:43:11.844+0000] {processor.py:183} INFO - Processing /opt/airflow/dags/.cache/pip/http/8/8/f/a/e/88faec7b65af06d047fafd1d10e7ee374e78766ee8c2e1bfd197f111 took 0.086 seconds
[2024-10-03T08:43:44.334+0000] {processor.py:161} INFO - Started process (PID=1137) to work on /opt/airflow/dags/.cache/pip/http/8/8/f/a/e/88faec7b65af06d047fafd1d10e7ee374e78766ee8c2e1bfd197f111
[2024-10-03T08:43:44.335+0000] {processor.py:830} INFO - Processing file /opt/airflow/dags/.cache/pip/http/8/8/f/a/e/88faec7b65af06d047fafd1d10e7ee374e78766ee8c2e1bfd197f111 for tasks to queue
[2024-10-03T08:43:44.337+0000] {logging_mixin.py:188} INFO - [2024-10-03T08:43:44.337+0000] {dagbag.py:545} INFO - Filling up the DagBag from /opt/airflow/dags/.cache/pip/http/8/8/f/a/e/88faec7b65af06d047fafd1d10e7ee374e78766ee8c2e1bfd197f111
[2024-10-03T08:43:44.373+0000] {processor.py:842} WARNING - No viable dags retrieved from /opt/airflow/dags/.cache/pip/http/8/8/f/a/e/88faec7b65af06d047fafd1d10e7ee374e78766ee8c2e1bfd197f111
[2024-10-03T08:43:44.390+0000] {processor.py:183} INFO - Processing /opt/airflow/dags/.cache/pip/http/8/8/f/a/e/88faec7b65af06d047fafd1d10e7ee374e78766ee8c2e1bfd197f111 took 0.062 seconds
[2024-10-03T08:44:16.520+0000] {processor.py:161} INFO - Started process (PID=1377) to work on /opt/airflow/dags/.cache/pip/http/8/8/f/a/e/88faec7b65af06d047fafd1d10e7ee374e78766ee8c2e1bfd197f111
[2024-10-03T08:44:16.521+0000] {processor.py:830} INFO - Processing file /opt/airflow/dags/.cache/pip/http/8/8/f/a/e/88faec7b65af06d047fafd1d10e7ee374e78766ee8c2e1bfd197f111 for tasks to queue
[2024-10-03T08:44:16.523+0000] {logging_mixin.py:188} INFO - [2024-10-03T08:44:16.523+0000] {dagbag.py:545} INFO - Filling up the DagBag from /opt/airflow/dags/.cache/pip/http/8/8/f/a/e/88faec7b65af06d047fafd1d10e7ee374e78766ee8c2e1bfd197f111
[2024-10-03T08:44:16.593+0000] {processor.py:842} WARNING - No viable dags retrieved from /opt/airflow/dags/.cache/pip/http/8/8/f/a/e/88faec7b65af06d047fafd1d10e7ee374e78766ee8c2e1bfd197f111
[2024-10-03T08:44:16.605+0000] {processor.py:183} INFO - Processing /opt/airflow/dags/.cache/pip/http/8/8/f/a/e/88faec7b65af06d047fafd1d10e7ee374e78766ee8c2e1bfd197f111 took 0.090 seconds
[2024-10-03T08:44:49.259+0000] {processor.py:161} INFO - Started process (PID=1627) to work on /opt/airflow/dags/.cache/pip/http/8/8/f/a/e/88faec7b65af06d047fafd1d10e7ee374e78766ee8c2e1bfd197f111
[2024-10-03T08:44:49.261+0000] {processor.py:830} INFO - Processing file /opt/airflow/dags/.cache/pip/http/8/8/f/a/e/88faec7b65af06d047fafd1d10e7ee374e78766ee8c2e1bfd197f111 for tasks to queue
[2024-10-03T08:44:49.264+0000] {logging_mixin.py:188} INFO - [2024-10-03T08:44:49.263+0000] {dagbag.py:545} INFO - Filling up the DagBag from /opt/airflow/dags/.cache/pip/http/8/8/f/a/e/88faec7b65af06d047fafd1d10e7ee374e78766ee8c2e1bfd197f111
[2024-10-03T08:44:49.304+0000] {processor.py:842} WARNING - No viable dags retrieved from /opt/airflow/dags/.cache/pip/http/8/8/f/a/e/88faec7b65af06d047fafd1d10e7ee374e78766ee8c2e1bfd197f111
[2024-10-03T08:44:49.332+0000] {processor.py:183} INFO - Processing /opt/airflow/dags/.cache/pip/http/8/8/f/a/e/88faec7b65af06d047fafd1d10e7ee374e78766ee8c2e1bfd197f111 took 0.082 seconds
[2024-10-03T08:45:23.827+0000] {processor.py:161} INFO - Started process (PID=1869) to work on /opt/airflow/dags/.cache/pip/http/8/8/f/a/e/88faec7b65af06d047fafd1d10e7ee374e78766ee8c2e1bfd197f111
[2024-10-03T08:45:23.829+0000] {processor.py:830} INFO - Processing file /opt/airflow/dags/.cache/pip/http/8/8/f/a/e/88faec7b65af06d047fafd1d10e7ee374e78766ee8c2e1bfd197f111 for tasks to queue
[2024-10-03T08:45:23.833+0000] {logging_mixin.py:188} INFO - [2024-10-03T08:45:23.832+0000] {dagbag.py:545} INFO - Filling up the DagBag from /opt/airflow/dags/.cache/pip/http/8/8/f/a/e/88faec7b65af06d047fafd1d10e7ee374e78766ee8c2e1bfd197f111
[2024-10-03T08:45:23.909+0000] {processor.py:842} WARNING - No viable dags retrieved from /opt/airflow/dags/.cache/pip/http/8/8/f/a/e/88faec7b65af06d047fafd1d10e7ee374e78766ee8c2e1bfd197f111
[2024-10-03T08:45:23.932+0000] {processor.py:183} INFO - Processing /opt/airflow/dags/.cache/pip/http/8/8/f/a/e/88faec7b65af06d047fafd1d10e7ee374e78766ee8c2e1bfd197f111 took 0.120 seconds
[2024-10-03T08:45:54.330+0000] {processor.py:161} INFO - Started process (PID=2110) to work on /opt/airflow/dags/.cache/pip/http/8/8/f/a/e/88faec7b65af06d047fafd1d10e7ee374e78766ee8c2e1bfd197f111
[2024-10-03T08:45:54.331+0000] {processor.py:830} INFO - Processing file /opt/airflow/dags/.cache/pip/http/8/8/f/a/e/88faec7b65af06d047fafd1d10e7ee374e78766ee8c2e1bfd197f111 for tasks to queue
[2024-10-03T08:45:54.334+0000] {logging_mixin.py:188} INFO - [2024-10-03T08:45:54.333+0000] {dagbag.py:545} INFO - Filling up the DagBag from /opt/airflow/dags/.cache/pip/http/8/8/f/a/e/88faec7b65af06d047fafd1d10e7ee374e78766ee8c2e1bfd197f111
[2024-10-03T08:45:54.363+0000] {processor.py:842} WARNING - No viable dags retrieved from /opt/airflow/dags/.cache/pip/http/8/8/f/a/e/88faec7b65af06d047fafd1d10e7ee374e78766ee8c2e1bfd197f111
[2024-10-03T08:45:54.393+0000] {processor.py:183} INFO - Processing /opt/airflow/dags/.cache/pip/http/8/8/f/a/e/88faec7b65af06d047fafd1d10e7ee374e78766ee8c2e1bfd197f111 took 0.073 seconds
[2024-10-03T08:46:25.200+0000] {processor.py:161} INFO - Started process (PID=2350) to work on /opt/airflow/dags/.cache/pip/http/8/8/f/a/e/88faec7b65af06d047fafd1d10e7ee374e78766ee8c2e1bfd197f111
[2024-10-03T08:46:25.202+0000] {processor.py:830} INFO - Processing file /opt/airflow/dags/.cache/pip/http/8/8/f/a/e/88faec7b65af06d047fafd1d10e7ee374e78766ee8c2e1bfd197f111 for tasks to queue
[2024-10-03T08:46:25.204+0000] {logging_mixin.py:188} INFO - [2024-10-03T08:46:25.204+0000] {dagbag.py:545} INFO - Filling up the DagBag from /opt/airflow/dags/.cache/pip/http/8/8/f/a/e/88faec7b65af06d047fafd1d10e7ee374e78766ee8c2e1bfd197f111
[2024-10-03T08:46:25.230+0000] {processor.py:842} WARNING - No viable dags retrieved from /opt/airflow/dags/.cache/pip/http/8/8/f/a/e/88faec7b65af06d047fafd1d10e7ee374e78766ee8c2e1bfd197f111
[2024-10-03T08:46:25.249+0000] {processor.py:183} INFO - Processing /opt/airflow/dags/.cache/pip/http/8/8/f/a/e/88faec7b65af06d047fafd1d10e7ee374e78766ee8c2e1bfd197f111 took 0.057 seconds
[2024-10-03T08:47:15.236+0000] {processor.py:161} INFO - Started process (PID=2594) to work on /opt/airflow/dags/.cache/pip/http/8/8/f/a/e/88faec7b65af06d047fafd1d10e7ee374e78766ee8c2e1bfd197f111
[2024-10-03T08:47:15.238+0000] {processor.py:830} INFO - Processing file /opt/airflow/dags/.cache/pip/http/8/8/f/a/e/88faec7b65af06d047fafd1d10e7ee374e78766ee8c2e1bfd197f111 for tasks to queue
[2024-10-03T08:47:15.242+0000] {logging_mixin.py:188} INFO - [2024-10-03T08:47:15.241+0000] {dagbag.py:545} INFO - Filling up the DagBag from /opt/airflow/dags/.cache/pip/http/8/8/f/a/e/88faec7b65af06d047fafd1d10e7ee374e78766ee8c2e1bfd197f111
[2024-10-03T08:47:15.353+0000] {processor.py:842} WARNING - No viable dags retrieved from /opt/airflow/dags/.cache/pip/http/8/8/f/a/e/88faec7b65af06d047fafd1d10e7ee374e78766ee8c2e1bfd197f111
[2024-10-03T08:47:15.382+0000] {processor.py:183} INFO - Processing /opt/airflow/dags/.cache/pip/http/8/8/f/a/e/88faec7b65af06d047fafd1d10e7ee374e78766ee8c2e1bfd197f111 took 0.156 seconds
[2024-10-03T08:47:49.656+0000] {processor.py:161} INFO - Started process (PID=2842) to work on /opt/airflow/dags/.cache/pip/http/8/8/f/a/e/88faec7b65af06d047fafd1d10e7ee374e78766ee8c2e1bfd197f111
[2024-10-03T08:47:49.658+0000] {processor.py:830} INFO - Processing file /opt/airflow/dags/.cache/pip/http/8/8/f/a/e/88faec7b65af06d047fafd1d10e7ee374e78766ee8c2e1bfd197f111 for tasks to queue
[2024-10-03T08:47:49.661+0000] {logging_mixin.py:188} INFO - [2024-10-03T08:47:49.660+0000] {dagbag.py:545} INFO - Filling up the DagBag from /opt/airflow/dags/.cache/pip/http/8/8/f/a/e/88faec7b65af06d047fafd1d10e7ee374e78766ee8c2e1bfd197f111
[2024-10-03T08:47:49.708+0000] {processor.py:842} WARNING - No viable dags retrieved from /opt/airflow/dags/.cache/pip/http/8/8/f/a/e/88faec7b65af06d047fafd1d10e7ee374e78766ee8c2e1bfd197f111
[2024-10-03T08:47:49.729+0000] {processor.py:183} INFO - Processing /opt/airflow/dags/.cache/pip/http/8/8/f/a/e/88faec7b65af06d047fafd1d10e7ee374e78766ee8c2e1bfd197f111 took 0.084 seconds
[2024-10-03T08:48:23.539+0000] {processor.py:161} INFO - Started process (PID=3084) to work on /opt/airflow/dags/.cache/pip/http/8/8/f/a/e/88faec7b65af06d047fafd1d10e7ee374e78766ee8c2e1bfd197f111
[2024-10-03T08:48:23.540+0000] {processor.py:830} INFO - Processing file /opt/airflow/dags/.cache/pip/http/8/8/f/a/e/88faec7b65af06d047fafd1d10e7ee374e78766ee8c2e1bfd197f111 for tasks to queue
[2024-10-03T08:48:23.542+0000] {logging_mixin.py:188} INFO - [2024-10-03T08:48:23.542+0000] {dagbag.py:545} INFO - Filling up the DagBag from /opt/airflow/dags/.cache/pip/http/8/8/f/a/e/88faec7b65af06d047fafd1d10e7ee374e78766ee8c2e1bfd197f111
[2024-10-03T08:48:23.561+0000] {processor.py:842} WARNING - No viable dags retrieved from /opt/airflow/dags/.cache/pip/http/8/8/f/a/e/88faec7b65af06d047fafd1d10e7ee374e78766ee8c2e1bfd197f111
[2024-10-03T08:48:23.574+0000] {processor.py:183} INFO - Processing /opt/airflow/dags/.cache/pip/http/8/8/f/a/e/88faec7b65af06d047fafd1d10e7ee374e78766ee8c2e1bfd197f111 took 0.041 seconds
[2024-10-03T08:48:54.118+0000] {processor.py:161} INFO - Started process (PID=3326) to work on /opt/airflow/dags/.cache/pip/http/8/8/f/a/e/88faec7b65af06d047fafd1d10e7ee374e78766ee8c2e1bfd197f111
[2024-10-03T08:48:54.120+0000] {processor.py:830} INFO - Processing file /opt/airflow/dags/.cache/pip/http/8/8/f/a/e/88faec7b65af06d047fafd1d10e7ee374e78766ee8c2e1bfd197f111 for tasks to queue
[2024-10-03T08:48:54.121+0000] {logging_mixin.py:188} INFO - [2024-10-03T08:48:54.121+0000] {dagbag.py:545} INFO - Filling up the DagBag from /opt/airflow/dags/.cache/pip/http/8/8/f/a/e/88faec7b65af06d047fafd1d10e7ee374e78766ee8c2e1bfd197f111
[2024-10-03T08:48:54.146+0000] {processor.py:842} WARNING - No viable dags retrieved from /opt/airflow/dags/.cache/pip/http/8/8/f/a/e/88faec7b65af06d047fafd1d10e7ee374e78766ee8c2e1bfd197f111
[2024-10-03T08:48:54.160+0000] {processor.py:183} INFO - Processing /opt/airflow/dags/.cache/pip/http/8/8/f/a/e/88faec7b65af06d047fafd1d10e7ee374e78766ee8c2e1bfd197f111 took 0.047 seconds
[2024-10-03T08:49:24.968+0000] {processor.py:161} INFO - Started process (PID=3566) to work on /opt/airflow/dags/.cache/pip/http/8/8/f/a/e/88faec7b65af06d047fafd1d10e7ee374e78766ee8c2e1bfd197f111
[2024-10-03T08:49:24.970+0000] {processor.py:830} INFO - Processing file /opt/airflow/dags/.cache/pip/http/8/8/f/a/e/88faec7b65af06d047fafd1d10e7ee374e78766ee8c2e1bfd197f111 for tasks to queue
[2024-10-03T08:49:24.971+0000] {logging_mixin.py:188} INFO - [2024-10-03T08:49:24.971+0000] {dagbag.py:545} INFO - Filling up the DagBag from /opt/airflow/dags/.cache/pip/http/8/8/f/a/e/88faec7b65af06d047fafd1d10e7ee374e78766ee8c2e1bfd197f111
[2024-10-03T08:49:25.008+0000] {processor.py:842} WARNING - No viable dags retrieved from /opt/airflow/dags/.cache/pip/http/8/8/f/a/e/88faec7b65af06d047fafd1d10e7ee374e78766ee8c2e1bfd197f111
[2024-10-03T08:49:25.023+0000] {processor.py:183} INFO - Processing /opt/airflow/dags/.cache/pip/http/8/8/f/a/e/88faec7b65af06d047fafd1d10e7ee374e78766ee8c2e1bfd197f111 took 0.061 seconds
[2024-10-03T08:49:58.018+0000] {processor.py:161} INFO - Started process (PID=3811) to work on /opt/airflow/dags/.cache/pip/http/8/8/f/a/e/88faec7b65af06d047fafd1d10e7ee374e78766ee8c2e1bfd197f111
[2024-10-03T08:49:58.020+0000] {processor.py:830} INFO - Processing file /opt/airflow/dags/.cache/pip/http/8/8/f/a/e/88faec7b65af06d047fafd1d10e7ee374e78766ee8c2e1bfd197f111 for tasks to queue
[2024-10-03T08:49:58.023+0000] {logging_mixin.py:188} INFO - [2024-10-03T08:49:58.022+0000] {dagbag.py:545} INFO - Filling up the DagBag from /opt/airflow/dags/.cache/pip/http/8/8/f/a/e/88faec7b65af06d047fafd1d10e7ee374e78766ee8c2e1bfd197f111
[2024-10-03T08:49:58.050+0000] {processor.py:842} WARNING - No viable dags retrieved from /opt/airflow/dags/.cache/pip/http/8/8/f/a/e/88faec7b65af06d047fafd1d10e7ee374e78766ee8c2e1bfd197f111
[2024-10-03T08:49:58.062+0000] {processor.py:183} INFO - Processing /opt/airflow/dags/.cache/pip/http/8/8/f/a/e/88faec7b65af06d047fafd1d10e7ee374e78766ee8c2e1bfd197f111 took 0.054 seconds
[2024-10-03T08:50:30.628+0000] {processor.py:161} INFO - Started process (PID=4051) to work on /opt/airflow/dags/.cache/pip/http/8/8/f/a/e/88faec7b65af06d047fafd1d10e7ee374e78766ee8c2e1bfd197f111
[2024-10-03T08:50:30.630+0000] {processor.py:830} INFO - Processing file /opt/airflow/dags/.cache/pip/http/8/8/f/a/e/88faec7b65af06d047fafd1d10e7ee374e78766ee8c2e1bfd197f111 for tasks to queue
[2024-10-03T08:50:30.631+0000] {logging_mixin.py:188} INFO - [2024-10-03T08:50:30.631+0000] {dagbag.py:545} INFO - Filling up the DagBag from /opt/airflow/dags/.cache/pip/http/8/8/f/a/e/88faec7b65af06d047fafd1d10e7ee374e78766ee8c2e1bfd197f111
[2024-10-03T08:50:30.689+0000] {processor.py:842} WARNING - No viable dags retrieved from /opt/airflow/dags/.cache/pip/http/8/8/f/a/e/88faec7b65af06d047fafd1d10e7ee374e78766ee8c2e1bfd197f111
[2024-10-03T08:50:30.703+0000] {processor.py:183} INFO - Processing /opt/airflow/dags/.cache/pip/http/8/8/f/a/e/88faec7b65af06d047fafd1d10e7ee374e78766ee8c2e1bfd197f111 took 0.081 seconds
[2024-10-03T08:56:32.203+0000] {processor.py:161} INFO - Started process (PID=4429) to work on /opt/airflow/dags/.cache/pip/http/8/8/f/a/e/88faec7b65af06d047fafd1d10e7ee374e78766ee8c2e1bfd197f111
[2024-10-03T08:56:32.205+0000] {processor.py:830} INFO - Processing file /opt/airflow/dags/.cache/pip/http/8/8/f/a/e/88faec7b65af06d047fafd1d10e7ee374e78766ee8c2e1bfd197f111 for tasks to queue
[2024-10-03T08:56:32.206+0000] {logging_mixin.py:188} INFO - [2024-10-03T08:56:32.205+0000] {dagbag.py:545} INFO - Filling up the DagBag from /opt/airflow/dags/.cache/pip/http/8/8/f/a/e/88faec7b65af06d047fafd1d10e7ee374e78766ee8c2e1bfd197f111
[2024-10-03T08:56:32.239+0000] {processor.py:842} WARNING - No viable dags retrieved from /opt/airflow/dags/.cache/pip/http/8/8/f/a/e/88faec7b65af06d047fafd1d10e7ee374e78766ee8c2e1bfd197f111
[2024-10-03T08:56:32.254+0000] {processor.py:183} INFO - Processing /opt/airflow/dags/.cache/pip/http/8/8/f/a/e/88faec7b65af06d047fafd1d10e7ee374e78766ee8c2e1bfd197f111 took 0.057 seconds
[2024-10-03T08:57:04.163+0000] {processor.py:161} INFO - Started process (PID=4681) to work on /opt/airflow/dags/.cache/pip/http/8/8/f/a/e/88faec7b65af06d047fafd1d10e7ee374e78766ee8c2e1bfd197f111
[2024-10-03T08:57:04.164+0000] {processor.py:830} INFO - Processing file /opt/airflow/dags/.cache/pip/http/8/8/f/a/e/88faec7b65af06d047fafd1d10e7ee374e78766ee8c2e1bfd197f111 for tasks to queue
[2024-10-03T08:57:04.165+0000] {logging_mixin.py:188} INFO - [2024-10-03T08:57:04.165+0000] {dagbag.py:545} INFO - Filling up the DagBag from /opt/airflow/dags/.cache/pip/http/8/8/f/a/e/88faec7b65af06d047fafd1d10e7ee374e78766ee8c2e1bfd197f111
[2024-10-03T08:57:04.218+0000] {processor.py:842} WARNING - No viable dags retrieved from /opt/airflow/dags/.cache/pip/http/8/8/f/a/e/88faec7b65af06d047fafd1d10e7ee374e78766ee8c2e1bfd197f111
[2024-10-03T08:57:04.231+0000] {processor.py:183} INFO - Processing /opt/airflow/dags/.cache/pip/http/8/8/f/a/e/88faec7b65af06d047fafd1d10e7ee374e78766ee8c2e1bfd197f111 took 0.073 seconds
