[2024-10-04T12:02:43.094+0000] {local_task_job_runner.py:120} INFO - ::group::Pre task execution logs
[2024-10-04T12:02:43.114+0000] {taskinstance.py:2076} INFO - Dependencies all met for dep_context=non-requeueable deps ti=<TaskInstance: gradient_boosting_classifier_dag.gbc_prepare_data manual__2024-10-04T12:02:35.554316+00:00 [queued]>
[2024-10-04T12:02:43.122+0000] {taskinstance.py:2076} INFO - Dependencies all met for dep_context=requeueable deps ti=<TaskInstance: gradient_boosting_classifier_dag.gbc_prepare_data manual__2024-10-04T12:02:35.554316+00:00 [queued]>
[2024-10-04T12:02:43.124+0000] {taskinstance.py:2306} INFO - Starting attempt 1 of 1
[2024-10-04T12:02:43.139+0000] {taskinstance.py:2330} INFO - Executing <Task(PythonOperator): gbc_prepare_data> on 2024-10-04 12:02:35.554316+00:00
[2024-10-04T12:02:43.150+0000] {standard_task_runner.py:64} INFO - Started process 56863 to run task
[2024-10-04T12:02:43.153+0000] {standard_task_runner.py:90} INFO - Running: ['***', 'tasks', 'run', 'gradient_boosting_classifier_dag', 'gbc_prepare_data', 'manual__2024-10-04T12:02:35.554316+00:00', '--job-id', '810', '--raw', '--subdir', 'DAGS_FOLDER/***/dags/.ipynb_checkpoints/hw1-checkpoint.py', '--cfg-path', '/tmp/tmptsl10yxr']
[2024-10-04T12:02:43.156+0000] {standard_task_runner.py:91} INFO - Job 810: Subtask gbc_prepare_data
[2024-10-04T12:02:43.194+0000] {task_command.py:426} INFO - Running <TaskInstance: gradient_boosting_classifier_dag.gbc_prepare_data manual__2024-10-04T12:02:35.554316+00:00 [running]> on host 4b5f1410d111
[2024-10-04T12:02:43.351+0000] {taskinstance.py:2648} INFO - Exporting env vars: AIRFLOW_CTX_DAG_EMAIL='alexvlg34@gmail.com' AIRFLOW_CTX_DAG_OWNER='Alex Trigolos' AIRFLOW_CTX_DAG_ID='gradient_boosting_classifier_dag' AIRFLOW_CTX_TASK_ID='gbc_prepare_data' AIRFLOW_CTX_EXECUTION_DATE='2024-10-04T12:02:35.554316+00:00' AIRFLOW_CTX_TRY_NUMBER='1' AIRFLOW_CTX_DAG_RUN_ID='manual__2024-10-04T12:02:35.554316+00:00'
[2024-10-04T12:02:43.353+0000] {taskinstance.py:430} INFO - ::endgroup::
[2024-10-04T12:02:43.365+0000] {hw1-checkpoint.py:107} INFO - Prepare data...
[2024-10-04T12:02:43.367+0000] {s3.py:1422} INFO - Downloading source S3 file from Bucket testmlops with path AlexTrigolos/GradientBoostingClassifier/datasets/dataset.pkl
[2024-10-04T12:02:43.375+0000] {base.py:84} INFO - Using connection ID 's3_connection' for task execution.
[2024-10-04T12:02:43.376+0000] {connection_wrapper.py:388} INFO - AWS Connection (conn_id='s3_connection', conn_type='aws') credentials retrieved from login and password.
[2024-10-04T12:02:43.792+0000] {hw1-checkpoint.py:78} INFO - /tmp/***_tmp_qbjg_g0k
[2024-10-04T12:02:43.922+0000] {base.py:84} INFO - Using connection ID 's3_connection' for task execution.
[2024-10-04T12:02:43.923+0000] {connection_wrapper.py:388} INFO - AWS Connection (conn_id='s3_connection', conn_type='aws') credentials retrieved from login and password.
[2024-10-04T12:02:44.338+0000] {base.py:84} INFO - Using connection ID 's3_connection' for task execution.
[2024-10-04T12:02:44.339+0000] {connection_wrapper.py:388} INFO - AWS Connection (conn_id='s3_connection', conn_type='aws') credentials retrieved from login and password.
[2024-10-04T12:02:44.672+0000] {base.py:84} INFO - Using connection ID 's3_connection' for task execution.
[2024-10-04T12:02:44.674+0000] {connection_wrapper.py:388} INFO - AWS Connection (conn_id='s3_connection', conn_type='aws') credentials retrieved from login and password.
[2024-10-04T12:02:45.022+0000] {base.py:84} INFO - Using connection ID 's3_connection' for task execution.
[2024-10-04T12:02:45.023+0000] {connection_wrapper.py:388} INFO - AWS Connection (conn_id='s3_connection', conn_type='aws') credentials retrieved from login and password.
[2024-10-04T12:02:45.464+0000] {hw1-checkpoint.py:133} INFO - Prepared data.
[2024-10-04T12:02:45.466+0000] {python.py:237} INFO - Done. Returned value was: None
[2024-10-04T12:02:45.467+0000] {taskinstance.py:441} INFO - ::group::Post task execution logs
[2024-10-04T12:02:45.479+0000] {taskinstance.py:1206} INFO - Marking task as SUCCESS. dag_id=gradient_boosting_classifier_dag, task_id=gbc_prepare_data, run_id=manual__2024-10-04T12:02:35.554316+00:00, execution_date=20241004T120235, start_date=20241004T120243, end_date=20241004T120245
[2024-10-04T12:02:45.543+0000] {local_task_job_runner.py:243} INFO - Task exited with return code 0
[2024-10-04T12:02:45.573+0000] {taskinstance.py:3503} INFO - 1 downstream tasks scheduled from follow-on schedule check
[2024-10-04T12:02:45.578+0000] {local_task_job_runner.py:222} INFO - ::endgroup::
