[2024-09-24T18:08:41.327+0000] {local_task_job_runner.py:120} INFO - ::group::Pre task execution logs
[2024-09-24T18:08:41.343+0000] {taskinstance.py:2076} INFO - Dependencies all met for dep_context=non-requeueable deps ti=<TaskInstance: random_forest_classifier_dag.train_model manual__2024-09-24T18:08:31.874010+00:00 [queued]>
[2024-09-24T18:08:41.351+0000] {taskinstance.py:2076} INFO - Dependencies all met for dep_context=requeueable deps ti=<TaskInstance: random_forest_classifier_dag.train_model manual__2024-09-24T18:08:31.874010+00:00 [queued]>
[2024-09-24T18:08:41.353+0000] {taskinstance.py:2306} INFO - Starting attempt 1 of 1
[2024-09-24T18:08:41.365+0000] {taskinstance.py:2330} INFO - Executing <Task(PythonOperator): train_model> on 2024-09-24 18:08:31.874010+00:00
[2024-09-24T18:08:41.373+0000] {standard_task_runner.py:64} INFO - Started process 36831 to run task
[2024-09-24T18:08:41.376+0000] {standard_task_runner.py:90} INFO - Running: ['***', 'tasks', 'run', 'random_forest_classifier_dag', 'train_model', 'manual__2024-09-24T18:08:31.874010+00:00', '--job-id', '427', '--raw', '--subdir', 'DAGS_FOLDER/***/dags/.ipynb_checkpoints/hw1-checkpoint.py', '--cfg-path', '/tmp/tmphuq9z_0a']
[2024-09-24T18:08:41.378+0000] {standard_task_runner.py:91} INFO - Job 427: Subtask train_model
[2024-09-24T18:08:41.422+0000] {task_command.py:426} INFO - Running <TaskInstance: random_forest_classifier_dag.train_model manual__2024-09-24T18:08:31.874010+00:00 [running]> on host 82997fc6deb7
[2024-09-24T18:08:41.492+0000] {taskinstance.py:2648} INFO - Exporting env vars: AIRFLOW_CTX_DAG_EMAIL='alexvlg34@gmail.com' AIRFLOW_CTX_DAG_OWNER='Alex Trigolos' AIRFLOW_CTX_DAG_ID='random_forest_classifier_dag' AIRFLOW_CTX_TASK_ID='train_model' AIRFLOW_CTX_EXECUTION_DATE='2024-09-24T18:08:31.874010+00:00' AIRFLOW_CTX_TRY_NUMBER='1' AIRFLOW_CTX_DAG_RUN_ID='manual__2024-09-24T18:08:31.874010+00:00'
[2024-09-24T18:08:41.493+0000] {taskinstance.py:430} INFO - ::endgroup::
[2024-09-24T18:08:41.506+0000] {hw1-checkpoint.py:152} INFO - Train model...
[2024-09-24T18:08:41.507+0000] {s3.py:1422} INFO - Downloading source S3 file from Bucket testmlops with path AlexTrigolos/RandomForestClassifier/datasets/X_train.pkl
[2024-09-24T18:08:41.516+0000] {base.py:84} INFO - Using connection ID 's3_connection' for task execution.
[2024-09-24T18:08:41.518+0000] {connection_wrapper.py:388} INFO - AWS Connection (conn_id='s3_connection', conn_type='aws') credentials retrieved from login and password.
[2024-09-24T18:08:41.862+0000] {hw1-checkpoint.py:78} INFO - /tmp/***_tmp_om_q5qn5
[2024-09-24T18:08:41.865+0000] {s3.py:1422} INFO - Downloading source S3 file from Bucket testmlops with path AlexTrigolos/RandomForestClassifier/datasets/X_test.pkl
[2024-09-24T18:08:41.873+0000] {base.py:84} INFO - Using connection ID 's3_connection' for task execution.
[2024-09-24T18:08:41.874+0000] {connection_wrapper.py:388} INFO - AWS Connection (conn_id='s3_connection', conn_type='aws') credentials retrieved from login and password.
[2024-09-24T18:08:42.037+0000] {hw1-checkpoint.py:78} INFO - /tmp/***_tmp_mrxl_74o
[2024-09-24T18:08:42.040+0000] {s3.py:1422} INFO - Downloading source S3 file from Bucket testmlops with path AlexTrigolos/RandomForestClassifier/datasets/y_train.pkl
[2024-09-24T18:08:42.048+0000] {base.py:84} INFO - Using connection ID 's3_connection' for task execution.
[2024-09-24T18:08:42.049+0000] {connection_wrapper.py:388} INFO - AWS Connection (conn_id='s3_connection', conn_type='aws') credentials retrieved from login and password.
[2024-09-24T18:08:42.213+0000] {hw1-checkpoint.py:78} INFO - /tmp/***_tmp_sl_wpo1n
[2024-09-24T18:08:42.215+0000] {s3.py:1422} INFO - Downloading source S3 file from Bucket testmlops with path AlexTrigolos/RandomForestClassifier/datasets/y_test.pkl
[2024-09-24T18:08:42.222+0000] {base.py:84} INFO - Using connection ID 's3_connection' for task execution.
[2024-09-24T18:08:42.222+0000] {connection_wrapper.py:388} INFO - AWS Connection (conn_id='s3_connection', conn_type='aws') credentials retrieved from login and password.
[2024-09-24T18:08:42.540+0000] {hw1-checkpoint.py:78} INFO - /tmp/***_tmp_oaen3emy
[2024-09-24T18:08:42.547+0000] {logging_mixin.py:188} INFO - Fitting 5 folds for each of 1 candidates, totalling 5 fits
[2024-09-24T18:08:42.626+0000] {logging_mixin.py:188} INFO - [CV] END ......................max_depth=1, n_estimators=100; total time=   0.1s
[2024-09-24T18:08:42.706+0000] {logging_mixin.py:188} INFO - [CV] END ......................max_depth=1, n_estimators=100; total time=   0.1s
[2024-09-24T18:08:42.782+0000] {logging_mixin.py:188} INFO - [CV] END ......................max_depth=1, n_estimators=100; total time=   0.1s
[2024-09-24T18:08:42.863+0000] {logging_mixin.py:188} INFO - [CV] END ......................max_depth=1, n_estimators=100; total time=   0.1s
[2024-09-24T18:08:42.937+0000] {logging_mixin.py:188} INFO - [CV] END ......................max_depth=1, n_estimators=100; total time=   0.1s
[2024-09-24T18:08:43.070+0000] {hw1-checkpoint.py:193} INFO - Finish model train.
[2024-09-24T18:08:43.071+0000] {python.py:237} INFO - Done. Returned value was: None
[2024-09-24T18:08:43.072+0000] {taskinstance.py:441} INFO - ::group::Post task execution logs
[2024-09-24T18:08:43.081+0000] {taskinstance.py:1206} INFO - Marking task as SUCCESS. dag_id=random_forest_classifier_dag, task_id=train_model, run_id=manual__2024-09-24T18:08:31.874010+00:00, execution_date=20240924T180831, start_date=20240924T180841, end_date=20240924T180843
[2024-09-24T18:08:43.118+0000] {local_task_job_runner.py:243} INFO - Task exited with return code 0
[2024-09-24T18:08:43.134+0000] {taskinstance.py:3503} INFO - 1 downstream tasks scheduled from follow-on schedule check
[2024-09-24T18:08:43.137+0000] {local_task_job_runner.py:222} INFO - ::endgroup::
