[2024-09-24T18:54:11.919+0000] {local_task_job_runner.py:120} INFO - ::group::Pre task execution logs
[2024-09-24T18:54:11.933+0000] {taskinstance.py:2076} INFO - Dependencies all met for dep_context=non-requeueable deps ti=<TaskInstance: gradient_boosting_classifier_dag.gbc_prepare_data manual__2024-09-24T18:54:06.600130+00:00 [queued]>
[2024-09-24T18:54:11.940+0000] {taskinstance.py:2076} INFO - Dependencies all met for dep_context=requeueable deps ti=<TaskInstance: gradient_boosting_classifier_dag.gbc_prepare_data manual__2024-09-24T18:54:06.600130+00:00 [queued]>
[2024-09-24T18:54:11.941+0000] {taskinstance.py:2306} INFO - Starting attempt 1 of 1
[2024-09-24T18:54:11.951+0000] {taskinstance.py:2330} INFO - Executing <Task(PythonOperator): gbc_prepare_data> on 2024-09-24 18:54:06.600130+00:00
[2024-09-24T18:54:11.959+0000] {standard_task_runner.py:64} INFO - Started process 48623 to run task
[2024-09-24T18:54:11.962+0000] {standard_task_runner.py:90} INFO - Running: ['***', 'tasks', 'run', 'gradient_boosting_classifier_dag', 'gbc_prepare_data', 'manual__2024-09-24T18:54:06.600130+00:00', '--job-id', '472', '--raw', '--subdir', 'DAGS_FOLDER/***/dags/.ipynb_checkpoints/hw1-checkpoint.py', '--cfg-path', '/tmp/tmpauqred8_']
[2024-09-24T18:54:11.965+0000] {standard_task_runner.py:91} INFO - Job 472: Subtask gbc_prepare_data
[2024-09-24T18:54:12.005+0000] {task_command.py:426} INFO - Running <TaskInstance: gradient_boosting_classifier_dag.gbc_prepare_data manual__2024-09-24T18:54:06.600130+00:00 [running]> on host 82997fc6deb7
[2024-09-24T18:54:12.072+0000] {taskinstance.py:2648} INFO - Exporting env vars: AIRFLOW_CTX_DAG_EMAIL='alexvlg34@gmail.com' AIRFLOW_CTX_DAG_OWNER='Alex Trigolos' AIRFLOW_CTX_DAG_ID='gradient_boosting_classifier_dag' AIRFLOW_CTX_TASK_ID='gbc_prepare_data' AIRFLOW_CTX_EXECUTION_DATE='2024-09-24T18:54:06.600130+00:00' AIRFLOW_CTX_TRY_NUMBER='1' AIRFLOW_CTX_DAG_RUN_ID='manual__2024-09-24T18:54:06.600130+00:00'
[2024-09-24T18:54:12.074+0000] {taskinstance.py:430} INFO - ::endgroup::
[2024-09-24T18:54:12.083+0000] {hw1-checkpoint.py:115} INFO - Prepare data...
[2024-09-24T18:54:12.084+0000] {s3.py:1422} INFO - Downloading source S3 file from Bucket testmlops with path AlexTrigolos/GradientBoostingClassifier/datasets/dataset.pkl
[2024-09-24T18:54:12.091+0000] {base.py:84} INFO - Using connection ID 's3_connection' for task execution.
[2024-09-24T18:54:12.093+0000] {connection_wrapper.py:388} INFO - AWS Connection (conn_id='s3_connection', conn_type='aws') credentials retrieved from login and password.
[2024-09-24T18:54:12.457+0000] {hw1-checkpoint.py:86} INFO - /tmp/***_tmp_sqsnux6s
[2024-09-24T18:54:12.506+0000] {base.py:84} INFO - Using connection ID 's3_connection' for task execution.
[2024-09-24T18:54:12.507+0000] {connection_wrapper.py:388} INFO - AWS Connection (conn_id='s3_connection', conn_type='aws') credentials retrieved from login and password.
[2024-09-24T18:54:12.851+0000] {base.py:84} INFO - Using connection ID 's3_connection' for task execution.
[2024-09-24T18:54:12.852+0000] {connection_wrapper.py:388} INFO - AWS Connection (conn_id='s3_connection', conn_type='aws') credentials retrieved from login and password.
[2024-09-24T18:54:13.152+0000] {base.py:84} INFO - Using connection ID 's3_connection' for task execution.
[2024-09-24T18:54:13.153+0000] {connection_wrapper.py:388} INFO - AWS Connection (conn_id='s3_connection', conn_type='aws') credentials retrieved from login and password.
[2024-09-24T18:54:13.309+0000] {base.py:84} INFO - Using connection ID 's3_connection' for task execution.
[2024-09-24T18:54:13.309+0000] {connection_wrapper.py:388} INFO - AWS Connection (conn_id='s3_connection', conn_type='aws') credentials retrieved from login and password.
[2024-09-24T18:54:13.657+0000] {hw1-checkpoint.py:141} INFO - Prepared data.
[2024-09-24T18:54:13.658+0000] {python.py:237} INFO - Done. Returned value was: None
[2024-09-24T18:54:13.659+0000] {taskinstance.py:441} INFO - ::group::Post task execution logs
[2024-09-24T18:54:13.667+0000] {taskinstance.py:1206} INFO - Marking task as SUCCESS. dag_id=gradient_boosting_classifier_dag, task_id=gbc_prepare_data, run_id=manual__2024-09-24T18:54:06.600130+00:00, execution_date=20240924T185406, start_date=20240924T185411, end_date=20240924T185413
[2024-09-24T18:54:13.703+0000] {local_task_job_runner.py:243} INFO - Task exited with return code 0
[2024-09-24T18:54:13.721+0000] {taskinstance.py:3503} INFO - 1 downstream tasks scheduled from follow-on schedule check
[2024-09-24T18:54:13.723+0000] {local_task_job_runner.py:222} INFO - ::endgroup::
