[2024-10-03T08:40:58.275+0000] {local_task_job_runner.py:120} INFO - ::group::Pre task execution logs
[2024-10-03T08:40:58.289+0000] {taskinstance.py:2076} INFO - Dependencies all met for dep_context=non-requeueable deps ti=<TaskInstance: random_forest_classifier_dag.rfc_prepare_data scheduled__2024-10-02T01:00:00+00:00 [queued]>
[2024-10-03T08:40:58.297+0000] {taskinstance.py:2076} INFO - Dependencies all met for dep_context=requeueable deps ti=<TaskInstance: random_forest_classifier_dag.rfc_prepare_data scheduled__2024-10-02T01:00:00+00:00 [queued]>
[2024-10-03T08:40:58.298+0000] {taskinstance.py:2306} INFO - Starting attempt 1 of 1
[2024-10-03T08:40:58.308+0000] {taskinstance.py:2330} INFO - Executing <Task(PythonOperator): rfc_prepare_data> on 2024-10-02 01:00:00+00:00
[2024-10-03T08:40:58.317+0000] {standard_task_runner.py:64} INFO - Started process 506 to run task
[2024-10-03T08:40:58.320+0000] {standard_task_runner.py:90} INFO - Running: ['***', 'tasks', 'run', 'random_forest_classifier_dag', 'rfc_prepare_data', 'scheduled__2024-10-02T01:00:00+00:00', '--job-id', '756', '--raw', '--subdir', 'DAGS_FOLDER/***/dags/hw1.py', '--cfg-path', '/tmp/tmp6ffthxxo']
[2024-10-03T08:40:58.322+0000] {standard_task_runner.py:91} INFO - Job 756: Subtask rfc_prepare_data
[2024-10-03T08:40:58.362+0000] {task_command.py:426} INFO - Running <TaskInstance: random_forest_classifier_dag.rfc_prepare_data scheduled__2024-10-02T01:00:00+00:00 [running]> on host 4b5f1410d111
[2024-10-03T08:40:58.435+0000] {taskinstance.py:2648} INFO - Exporting env vars: AIRFLOW_CTX_DAG_EMAIL='alexvlg34@gmail.com' AIRFLOW_CTX_DAG_OWNER='Alex Trigolos' AIRFLOW_CTX_DAG_ID='random_forest_classifier_dag' AIRFLOW_CTX_TASK_ID='rfc_prepare_data' AIRFLOW_CTX_EXECUTION_DATE='2024-10-02T01:00:00+00:00' AIRFLOW_CTX_TRY_NUMBER='1' AIRFLOW_CTX_DAG_RUN_ID='scheduled__2024-10-02T01:00:00+00:00'
[2024-10-03T08:40:58.436+0000] {taskinstance.py:430} INFO - ::endgroup::
[2024-10-03T08:40:58.444+0000] {hw1.py:107} INFO - Prepare data...
[2024-10-03T08:40:58.445+0000] {s3.py:1422} INFO - Downloading source S3 file from Bucket testmlops with path AlexTrigolos/RandomForestClassifier/datasets/dataset.pkl
[2024-10-03T08:40:58.452+0000] {base.py:84} INFO - Using connection ID 's3_connection' for task execution.
[2024-10-03T08:40:58.453+0000] {connection_wrapper.py:388} INFO - AWS Connection (conn_id='s3_connection', conn_type='aws') credentials retrieved from login and password.
[2024-10-03T08:40:58.959+0000] {hw1.py:78} INFO - /tmp/***_tmp_tymqvo1d
[2024-10-03T08:40:59.019+0000] {base.py:84} INFO - Using connection ID 's3_connection' for task execution.
[2024-10-03T08:40:59.019+0000] {connection_wrapper.py:388} INFO - AWS Connection (conn_id='s3_connection', conn_type='aws') credentials retrieved from login and password.
[2024-10-03T08:40:59.324+0000] {base.py:84} INFO - Using connection ID 's3_connection' for task execution.
[2024-10-03T08:40:59.324+0000] {connection_wrapper.py:388} INFO - AWS Connection (conn_id='s3_connection', conn_type='aws') credentials retrieved from login and password.
[2024-10-03T08:40:59.501+0000] {base.py:84} INFO - Using connection ID 's3_connection' for task execution.
[2024-10-03T08:40:59.502+0000] {connection_wrapper.py:388} INFO - AWS Connection (conn_id='s3_connection', conn_type='aws') credentials retrieved from login and password.
[2024-10-03T08:40:59.662+0000] {base.py:84} INFO - Using connection ID 's3_connection' for task execution.
[2024-10-03T08:40:59.663+0000] {connection_wrapper.py:388} INFO - AWS Connection (conn_id='s3_connection', conn_type='aws') credentials retrieved from login and password.
[2024-10-03T08:41:00.144+0000] {hw1.py:133} INFO - Prepared data.
[2024-10-03T08:41:00.144+0000] {python.py:237} INFO - Done. Returned value was: None
[2024-10-03T08:41:00.145+0000] {taskinstance.py:441} INFO - ::group::Post task execution logs
[2024-10-03T08:41:00.153+0000] {taskinstance.py:1206} INFO - Marking task as SUCCESS. dag_id=random_forest_classifier_dag, task_id=rfc_prepare_data, run_id=scheduled__2024-10-02T01:00:00+00:00, execution_date=20241002T010000, start_date=20241003T084058, end_date=20241003T084100
[2024-10-03T08:41:00.190+0000] {local_task_job_runner.py:243} INFO - Task exited with return code 0
[2024-10-03T08:41:00.213+0000] {taskinstance.py:3503} INFO - 1 downstream tasks scheduled from follow-on schedule check
[2024-10-03T08:41:00.215+0000] {local_task_job_runner.py:222} INFO - ::endgroup::
