[2024-09-23T12:38:16.592+0000] {local_task_job_runner.py:120} INFO - ::group::Pre task execution logs
[2024-09-23T12:38:16.606+0000] {taskinstance.py:2076} INFO - Dependencies all met for dep_context=non-requeueable deps ti=<TaskInstance: train_dag.save_metrics_to_s3 manual__2024-09-23T12:35:00.778413+00:00 [queued]>
[2024-09-23T12:38:16.614+0000] {taskinstance.py:2076} INFO - Dependencies all met for dep_context=requeueable deps ti=<TaskInstance: train_dag.save_metrics_to_s3 manual__2024-09-23T12:35:00.778413+00:00 [queued]>
[2024-09-23T12:38:16.617+0000] {taskinstance.py:2306} INFO - Starting attempt 1 of 1
[2024-09-23T12:38:16.628+0000] {taskinstance.py:2330} INFO - Executing <Task(PythonOperator): save_metrics_to_s3> on 2024-09-23 12:35:00.778413+00:00
[2024-09-23T12:38:16.637+0000] {standard_task_runner.py:64} INFO - Started process 23972 to run task
[2024-09-23T12:38:16.640+0000] {standard_task_runner.py:90} INFO - Running: ['***', 'tasks', 'run', 'train_dag', 'save_metrics_to_s3', 'manual__2024-09-23T12:35:00.778413+00:00', '--job-id', '308', '--raw', '--subdir', 'DAGS_FOLDER/***/dags/train_dag.py', '--cfg-path', '/tmp/tmp37eoa3_j']
[2024-09-23T12:38:16.642+0000] {standard_task_runner.py:91} INFO - Job 308: Subtask save_metrics_to_s3
[2024-09-23T12:38:16.687+0000] {task_command.py:426} INFO - Running <TaskInstance: train_dag.save_metrics_to_s3 manual__2024-09-23T12:35:00.778413+00:00 [running]> on host 82997fc6deb7
[2024-09-23T12:38:16.766+0000] {taskinstance.py:2648} INFO - Exporting env vars: AIRFLOW_CTX_DAG_EMAIL='alexvlg34@gmail.com' AIRFLOW_CTX_DAG_OWNER='Alex Trigolos' AIRFLOW_CTX_DAG_ID='train_dag' AIRFLOW_CTX_TASK_ID='save_metrics_to_s3' AIRFLOW_CTX_EXECUTION_DATE='2024-09-23T12:35:00.778413+00:00' AIRFLOW_CTX_TRY_NUMBER='1' AIRFLOW_CTX_DAG_RUN_ID='manual__2024-09-23T12:35:00.778413+00:00'
[2024-09-23T12:38:16.768+0000] {taskinstance.py:430} INFO - ::endgroup::
[2024-09-23T12:38:16.779+0000] {train_dag.py:154} INFO - Save metrics...
[2024-09-23T12:38:16.788+0000] {base.py:84} INFO - Using connection ID 's3_connection' for task execution.
[2024-09-23T12:38:16.789+0000] {connection_wrapper.py:388} INFO - AWS Connection (conn_id='s3_connection', conn_type='aws') credentials retrieved from login and password.
[2024-09-23T12:38:17.419+0000] {train_dag.py:184} INFO - DONE!!!
[2024-09-23T12:38:17.421+0000] {python.py:237} INFO - Done. Returned value was: None
[2024-09-23T12:38:17.422+0000] {taskinstance.py:441} INFO - ::group::Post task execution logs
[2024-09-23T12:38:17.430+0000] {taskinstance.py:1206} INFO - Marking task as SUCCESS. dag_id=train_dag, task_id=save_metrics_to_s3, run_id=manual__2024-09-23T12:35:00.778413+00:00, execution_date=20240923T123500, start_date=20240923T123816, end_date=20240923T123817
[2024-09-23T12:38:17.459+0000] {local_task_job_runner.py:243} INFO - Task exited with return code 0
[2024-09-23T12:38:17.472+0000] {taskinstance.py:3503} INFO - 0 downstream tasks scheduled from follow-on schedule check
[2024-09-23T12:38:17.475+0000] {local_task_job_runner.py:222} INFO - ::endgroup::
