[2024-09-24T20:22:07.469+0000] {processor.py:161} INFO - Started process (PID=387) to work on /opt/airflow/dags/.cache/pip/http/d/f/0/4/4/df0446c2611b169bff71bf63cce7122c99299bf36e251a549d9544b0
[2024-09-24T20:22:07.471+0000] {processor.py:830} INFO - Processing file /opt/airflow/dags/.cache/pip/http/d/f/0/4/4/df0446c2611b169bff71bf63cce7122c99299bf36e251a549d9544b0 for tasks to queue
[2024-09-24T20:22:07.493+0000] {logging_mixin.py:188} INFO - [2024-09-24T20:22:07.493+0000] {dagbag.py:545} INFO - Filling up the DagBag from /opt/airflow/dags/.cache/pip/http/d/f/0/4/4/df0446c2611b169bff71bf63cce7122c99299bf36e251a549d9544b0
[2024-09-24T20:22:07.526+0000] {processor.py:842} WARNING - No viable dags retrieved from /opt/airflow/dags/.cache/pip/http/d/f/0/4/4/df0446c2611b169bff71bf63cce7122c99299bf36e251a549d9544b0
[2024-09-24T20:22:07.544+0000] {processor.py:183} INFO - Processing /opt/airflow/dags/.cache/pip/http/d/f/0/4/4/df0446c2611b169bff71bf63cce7122c99299bf36e251a549d9544b0 took 0.085 seconds
[2024-09-24T20:22:40.484+0000] {processor.py:161} INFO - Started process (PID=661) to work on /opt/airflow/dags/.cache/pip/http/d/f/0/4/4/df0446c2611b169bff71bf63cce7122c99299bf36e251a549d9544b0
[2024-09-24T20:22:40.487+0000] {processor.py:830} INFO - Processing file /opt/airflow/dags/.cache/pip/http/d/f/0/4/4/df0446c2611b169bff71bf63cce7122c99299bf36e251a549d9544b0 for tasks to queue
[2024-09-24T20:22:40.491+0000] {logging_mixin.py:188} INFO - [2024-09-24T20:22:40.491+0000] {dagbag.py:545} INFO - Filling up the DagBag from /opt/airflow/dags/.cache/pip/http/d/f/0/4/4/df0446c2611b169bff71bf63cce7122c99299bf36e251a549d9544b0
[2024-09-24T20:22:40.579+0000] {processor.py:842} WARNING - No viable dags retrieved from /opt/airflow/dags/.cache/pip/http/d/f/0/4/4/df0446c2611b169bff71bf63cce7122c99299bf36e251a549d9544b0
[2024-09-24T20:22:40.602+0000] {processor.py:183} INFO - Processing /opt/airflow/dags/.cache/pip/http/d/f/0/4/4/df0446c2611b169bff71bf63cce7122c99299bf36e251a549d9544b0 took 0.128 seconds
[2024-09-24T20:23:10.832+0000] {processor.py:161} INFO - Started process (PID=936) to work on /opt/airflow/dags/.cache/pip/http/d/f/0/4/4/df0446c2611b169bff71bf63cce7122c99299bf36e251a549d9544b0
[2024-09-24T20:23:10.833+0000] {processor.py:830} INFO - Processing file /opt/airflow/dags/.cache/pip/http/d/f/0/4/4/df0446c2611b169bff71bf63cce7122c99299bf36e251a549d9544b0 for tasks to queue
[2024-09-24T20:23:10.834+0000] {logging_mixin.py:188} INFO - [2024-09-24T20:23:10.834+0000] {dagbag.py:545} INFO - Filling up the DagBag from /opt/airflow/dags/.cache/pip/http/d/f/0/4/4/df0446c2611b169bff71bf63cce7122c99299bf36e251a549d9544b0
[2024-09-24T20:23:10.849+0000] {processor.py:842} WARNING - No viable dags retrieved from /opt/airflow/dags/.cache/pip/http/d/f/0/4/4/df0446c2611b169bff71bf63cce7122c99299bf36e251a549d9544b0
[2024-09-24T20:23:10.858+0000] {processor.py:183} INFO - Processing /opt/airflow/dags/.cache/pip/http/d/f/0/4/4/df0446c2611b169bff71bf63cce7122c99299bf36e251a549d9544b0 took 0.031 seconds
[2024-09-24T20:27:56.098+0000] {processor.py:161} INFO - Started process (PID=391) to work on /opt/airflow/dags/.cache/pip/http/d/f/0/4/4/df0446c2611b169bff71bf63cce7122c99299bf36e251a549d9544b0
[2024-09-24T20:27:56.099+0000] {processor.py:830} INFO - Processing file /opt/airflow/dags/.cache/pip/http/d/f/0/4/4/df0446c2611b169bff71bf63cce7122c99299bf36e251a549d9544b0 for tasks to queue
[2024-09-24T20:27:56.101+0000] {logging_mixin.py:188} INFO - [2024-09-24T20:27:56.101+0000] {dagbag.py:545} INFO - Filling up the DagBag from /opt/airflow/dags/.cache/pip/http/d/f/0/4/4/df0446c2611b169bff71bf63cce7122c99299bf36e251a549d9544b0
[2024-09-24T20:27:56.125+0000] {processor.py:842} WARNING - No viable dags retrieved from /opt/airflow/dags/.cache/pip/http/d/f/0/4/4/df0446c2611b169bff71bf63cce7122c99299bf36e251a549d9544b0
[2024-09-24T20:27:56.136+0000] {processor.py:183} INFO - Processing /opt/airflow/dags/.cache/pip/http/d/f/0/4/4/df0446c2611b169bff71bf63cce7122c99299bf36e251a549d9544b0 took 0.045 seconds
[2024-09-24T20:28:29.009+0000] {processor.py:161} INFO - Started process (PID=665) to work on /opt/airflow/dags/.cache/pip/http/d/f/0/4/4/df0446c2611b169bff71bf63cce7122c99299bf36e251a549d9544b0
[2024-09-24T20:28:29.010+0000] {processor.py:830} INFO - Processing file /opt/airflow/dags/.cache/pip/http/d/f/0/4/4/df0446c2611b169bff71bf63cce7122c99299bf36e251a549d9544b0 for tasks to queue
[2024-09-24T20:28:29.011+0000] {logging_mixin.py:188} INFO - [2024-09-24T20:28:29.011+0000] {dagbag.py:545} INFO - Filling up the DagBag from /opt/airflow/dags/.cache/pip/http/d/f/0/4/4/df0446c2611b169bff71bf63cce7122c99299bf36e251a549d9544b0
[2024-09-24T20:28:29.025+0000] {processor.py:842} WARNING - No viable dags retrieved from /opt/airflow/dags/.cache/pip/http/d/f/0/4/4/df0446c2611b169bff71bf63cce7122c99299bf36e251a549d9544b0
[2024-09-24T20:28:29.034+0000] {processor.py:183} INFO - Processing /opt/airflow/dags/.cache/pip/http/d/f/0/4/4/df0446c2611b169bff71bf63cce7122c99299bf36e251a549d9544b0 took 0.029 seconds
[2024-09-24T20:29:01.030+0000] {processor.py:161} INFO - Started process (PID=939) to work on /opt/airflow/dags/.cache/pip/http/d/f/0/4/4/df0446c2611b169bff71bf63cce7122c99299bf36e251a549d9544b0
[2024-09-24T20:29:01.032+0000] {processor.py:830} INFO - Processing file /opt/airflow/dags/.cache/pip/http/d/f/0/4/4/df0446c2611b169bff71bf63cce7122c99299bf36e251a549d9544b0 for tasks to queue
[2024-09-24T20:29:01.034+0000] {logging_mixin.py:188} INFO - [2024-09-24T20:29:01.034+0000] {dagbag.py:545} INFO - Filling up the DagBag from /opt/airflow/dags/.cache/pip/http/d/f/0/4/4/df0446c2611b169bff71bf63cce7122c99299bf36e251a549d9544b0
[2024-09-24T20:29:01.090+0000] {processor.py:842} WARNING - No viable dags retrieved from /opt/airflow/dags/.cache/pip/http/d/f/0/4/4/df0446c2611b169bff71bf63cce7122c99299bf36e251a549d9544b0
[2024-09-24T20:29:01.108+0000] {processor.py:183} INFO - Processing /opt/airflow/dags/.cache/pip/http/d/f/0/4/4/df0446c2611b169bff71bf63cce7122c99299bf36e251a549d9544b0 took 0.088 seconds
[2024-09-24T20:29:32.429+0000] {processor.py:161} INFO - Started process (PID=1213) to work on /opt/airflow/dags/.cache/pip/http/d/f/0/4/4/df0446c2611b169bff71bf63cce7122c99299bf36e251a549d9544b0
[2024-09-24T20:29:32.430+0000] {processor.py:830} INFO - Processing file /opt/airflow/dags/.cache/pip/http/d/f/0/4/4/df0446c2611b169bff71bf63cce7122c99299bf36e251a549d9544b0 for tasks to queue
[2024-09-24T20:29:32.433+0000] {logging_mixin.py:188} INFO - [2024-09-24T20:29:32.432+0000] {dagbag.py:545} INFO - Filling up the DagBag from /opt/airflow/dags/.cache/pip/http/d/f/0/4/4/df0446c2611b169bff71bf63cce7122c99299bf36e251a549d9544b0
[2024-09-24T20:29:32.451+0000] {processor.py:842} WARNING - No viable dags retrieved from /opt/airflow/dags/.cache/pip/http/d/f/0/4/4/df0446c2611b169bff71bf63cce7122c99299bf36e251a549d9544b0
[2024-09-24T20:29:32.461+0000] {processor.py:183} INFO - Processing /opt/airflow/dags/.cache/pip/http/d/f/0/4/4/df0446c2611b169bff71bf63cce7122c99299bf36e251a549d9544b0 took 0.046 seconds
[2024-09-24T20:30:03.802+0000] {processor.py:161} INFO - Started process (PID=1485) to work on /opt/airflow/dags/.cache/pip/http/d/f/0/4/4/df0446c2611b169bff71bf63cce7122c99299bf36e251a549d9544b0
[2024-09-24T20:30:03.803+0000] {processor.py:830} INFO - Processing file /opt/airflow/dags/.cache/pip/http/d/f/0/4/4/df0446c2611b169bff71bf63cce7122c99299bf36e251a549d9544b0 for tasks to queue
[2024-09-24T20:30:03.804+0000] {logging_mixin.py:188} INFO - [2024-09-24T20:30:03.803+0000] {dagbag.py:545} INFO - Filling up the DagBag from /opt/airflow/dags/.cache/pip/http/d/f/0/4/4/df0446c2611b169bff71bf63cce7122c99299bf36e251a549d9544b0
[2024-09-24T20:30:03.846+0000] {processor.py:842} WARNING - No viable dags retrieved from /opt/airflow/dags/.cache/pip/http/d/f/0/4/4/df0446c2611b169bff71bf63cce7122c99299bf36e251a549d9544b0
[2024-09-24T20:30:03.861+0000] {processor.py:183} INFO - Processing /opt/airflow/dags/.cache/pip/http/d/f/0/4/4/df0446c2611b169bff71bf63cce7122c99299bf36e251a549d9544b0 took 0.063 seconds
[2024-09-24T20:30:37.064+0000] {processor.py:161} INFO - Started process (PID=1759) to work on /opt/airflow/dags/.cache/pip/http/d/f/0/4/4/df0446c2611b169bff71bf63cce7122c99299bf36e251a549d9544b0
[2024-09-24T20:30:37.066+0000] {processor.py:830} INFO - Processing file /opt/airflow/dags/.cache/pip/http/d/f/0/4/4/df0446c2611b169bff71bf63cce7122c99299bf36e251a549d9544b0 for tasks to queue
[2024-09-24T20:30:37.068+0000] {logging_mixin.py:188} INFO - [2024-09-24T20:30:37.068+0000] {dagbag.py:545} INFO - Filling up the DagBag from /opt/airflow/dags/.cache/pip/http/d/f/0/4/4/df0446c2611b169bff71bf63cce7122c99299bf36e251a549d9544b0
[2024-09-24T20:30:37.096+0000] {processor.py:842} WARNING - No viable dags retrieved from /opt/airflow/dags/.cache/pip/http/d/f/0/4/4/df0446c2611b169bff71bf63cce7122c99299bf36e251a549d9544b0
[2024-09-24T20:30:37.106+0000] {processor.py:183} INFO - Processing /opt/airflow/dags/.cache/pip/http/d/f/0/4/4/df0446c2611b169bff71bf63cce7122c99299bf36e251a549d9544b0 took 0.050 seconds
[2024-09-24T20:31:08.868+0000] {processor.py:161} INFO - Started process (PID=2035) to work on /opt/airflow/dags/.cache/pip/http/d/f/0/4/4/df0446c2611b169bff71bf63cce7122c99299bf36e251a549d9544b0
[2024-09-24T20:31:08.869+0000] {processor.py:830} INFO - Processing file /opt/airflow/dags/.cache/pip/http/d/f/0/4/4/df0446c2611b169bff71bf63cce7122c99299bf36e251a549d9544b0 for tasks to queue
[2024-09-24T20:31:08.870+0000] {logging_mixin.py:188} INFO - [2024-09-24T20:31:08.870+0000] {dagbag.py:545} INFO - Filling up the DagBag from /opt/airflow/dags/.cache/pip/http/d/f/0/4/4/df0446c2611b169bff71bf63cce7122c99299bf36e251a549d9544b0
[2024-09-24T20:31:08.884+0000] {processor.py:842} WARNING - No viable dags retrieved from /opt/airflow/dags/.cache/pip/http/d/f/0/4/4/df0446c2611b169bff71bf63cce7122c99299bf36e251a549d9544b0
[2024-09-24T20:31:08.893+0000] {processor.py:183} INFO - Processing /opt/airflow/dags/.cache/pip/http/d/f/0/4/4/df0446c2611b169bff71bf63cce7122c99299bf36e251a549d9544b0 took 0.029 seconds
[2024-09-24T20:31:40.962+0000] {processor.py:161} INFO - Started process (PID=2308) to work on /opt/airflow/dags/.cache/pip/http/d/f/0/4/4/df0446c2611b169bff71bf63cce7122c99299bf36e251a549d9544b0
[2024-09-24T20:31:40.963+0000] {processor.py:830} INFO - Processing file /opt/airflow/dags/.cache/pip/http/d/f/0/4/4/df0446c2611b169bff71bf63cce7122c99299bf36e251a549d9544b0 for tasks to queue
[2024-09-24T20:31:40.964+0000] {logging_mixin.py:188} INFO - [2024-09-24T20:31:40.964+0000] {dagbag.py:545} INFO - Filling up the DagBag from /opt/airflow/dags/.cache/pip/http/d/f/0/4/4/df0446c2611b169bff71bf63cce7122c99299bf36e251a549d9544b0
[2024-09-24T20:31:40.983+0000] {processor.py:842} WARNING - No viable dags retrieved from /opt/airflow/dags/.cache/pip/http/d/f/0/4/4/df0446c2611b169bff71bf63cce7122c99299bf36e251a549d9544b0
[2024-09-24T20:31:40.994+0000] {processor.py:183} INFO - Processing /opt/airflow/dags/.cache/pip/http/d/f/0/4/4/df0446c2611b169bff71bf63cce7122c99299bf36e251a549d9544b0 took 0.036 seconds
[2024-09-24T20:32:26.531+0000] {processor.py:161} INFO - Started process (PID=2588) to work on /opt/airflow/dags/.cache/pip/http/d/f/0/4/4/df0446c2611b169bff71bf63cce7122c99299bf36e251a549d9544b0
[2024-09-24T20:32:26.532+0000] {processor.py:830} INFO - Processing file /opt/airflow/dags/.cache/pip/http/d/f/0/4/4/df0446c2611b169bff71bf63cce7122c99299bf36e251a549d9544b0 for tasks to queue
[2024-09-24T20:32:26.534+0000] {logging_mixin.py:188} INFO - [2024-09-24T20:32:26.534+0000] {dagbag.py:545} INFO - Filling up the DagBag from /opt/airflow/dags/.cache/pip/http/d/f/0/4/4/df0446c2611b169bff71bf63cce7122c99299bf36e251a549d9544b0
[2024-09-24T20:32:26.563+0000] {processor.py:842} WARNING - No viable dags retrieved from /opt/airflow/dags/.cache/pip/http/d/f/0/4/4/df0446c2611b169bff71bf63cce7122c99299bf36e251a549d9544b0
[2024-09-24T20:32:26.574+0000] {processor.py:183} INFO - Processing /opt/airflow/dags/.cache/pip/http/d/f/0/4/4/df0446c2611b169bff71bf63cce7122c99299bf36e251a549d9544b0 took 0.048 seconds
