[2024-10-02T19:09:27.819+0000] {local_task_job_runner.py:120} INFO - ::group::Pre task execution logs
[2024-10-02T19:09:27.835+0000] {taskinstance.py:2076} INFO - Dependencies all met for dep_context=non-requeueable deps ti=<TaskInstance: decision_tree_classifier_dag.dtc_save_results manual__2024-10-02T19:09:06.330855+00:00 [queued]>
[2024-10-02T19:09:27.843+0000] {taskinstance.py:2076} INFO - Dependencies all met for dep_context=requeueable deps ti=<TaskInstance: decision_tree_classifier_dag.dtc_save_results manual__2024-10-02T19:09:06.330855+00:00 [queued]>
[2024-10-02T19:09:27.845+0000] {taskinstance.py:2306} INFO - Starting attempt 1 of 1
[2024-10-02T19:09:27.856+0000] {taskinstance.py:2330} INFO - Executing <Task(PythonOperator): dtc_save_results> on 2024-10-02 19:09:06.330855+00:00
[2024-10-02T19:09:27.868+0000] {standard_task_runner.py:64} INFO - Started process 65631 to run task
[2024-10-02T19:09:27.872+0000] {standard_task_runner.py:90} INFO - Running: ['***', 'tasks', 'run', 'decision_tree_classifier_dag', 'dtc_save_results', 'manual__2024-10-02T19:09:06.330855+00:00', '--job-id', '687', '--raw', '--subdir', 'DAGS_FOLDER/***/dags/.ipynb_checkpoints/hw1-checkpoint.py', '--cfg-path', '/tmp/tmp9z43inn6']
[2024-10-02T19:09:27.875+0000] {standard_task_runner.py:91} INFO - Job 687: Subtask dtc_save_results
[2024-10-02T19:09:27.919+0000] {task_command.py:426} INFO - Running <TaskInstance: decision_tree_classifier_dag.dtc_save_results manual__2024-10-02T19:09:06.330855+00:00 [running]> on host 8c9143e9e59a
[2024-10-02T19:09:28.009+0000] {taskinstance.py:2648} INFO - Exporting env vars: AIRFLOW_CTX_DAG_EMAIL='alexvlg34@gmail.com' AIRFLOW_CTX_DAG_OWNER='Alex Trigolos' AIRFLOW_CTX_DAG_ID='decision_tree_classifier_dag' AIRFLOW_CTX_TASK_ID='dtc_save_results' AIRFLOW_CTX_EXECUTION_DATE='2024-10-02T19:09:06.330855+00:00' AIRFLOW_CTX_TRY_NUMBER='1' AIRFLOW_CTX_DAG_RUN_ID='manual__2024-10-02T19:09:06.330855+00:00'
[2024-10-02T19:09:28.011+0000] {taskinstance.py:430} INFO - ::endgroup::
[2024-10-02T19:09:28.021+0000] {hw1-checkpoint.py:167} INFO - Save metrics...
[2024-10-02T19:09:28.147+0000] {base.py:84} INFO - Using connection ID 's3_connection' for task execution.
[2024-10-02T19:09:28.148+0000] {connection_wrapper.py:388} INFO - AWS Connection (conn_id='s3_connection', conn_type='aws') credentials retrieved from login and password.
[2024-10-02T19:09:28.701+0000] {hw1-checkpoint.py:194} INFO - DONE!!!
[2024-10-02T19:09:28.704+0000] {python.py:237} INFO - Done. Returned value was: None
[2024-10-02T19:09:28.705+0000] {taskinstance.py:441} INFO - ::group::Post task execution logs
[2024-10-02T19:09:28.716+0000] {taskinstance.py:1206} INFO - Marking task as SUCCESS. dag_id=decision_tree_classifier_dag, task_id=dtc_save_results, run_id=manual__2024-10-02T19:09:06.330855+00:00, execution_date=20241002T190906, start_date=20241002T190927, end_date=20241002T190928
[2024-10-02T19:09:28.768+0000] {local_task_job_runner.py:243} INFO - Task exited with return code 0
[2024-10-02T19:09:28.784+0000] {taskinstance.py:3503} INFO - 0 downstream tasks scheduled from follow-on schedule check
[2024-10-02T19:09:28.786+0000] {local_task_job_runner.py:222} INFO - ::endgroup::
