[2024-10-04T12:55:35.910+0000] {local_task_job_runner.py:120} INFO - ::group::Pre task execution logs
[2024-10-04T12:55:35.932+0000] {taskinstance.py:2076} INFO - Dependencies all met for dep_context=non-requeueable deps ti=<TaskInstance: Alex_Trigolos.training_dtc_model_tasks manual__2024-10-04T12:55:18.791316+00:00 [queued]>
[2024-10-04T12:55:35.946+0000] {taskinstance.py:2076} INFO - Dependencies all met for dep_context=requeueable deps ti=<TaskInstance: Alex_Trigolos.training_dtc_model_tasks manual__2024-10-04T12:55:18.791316+00:00 [queued]>
[2024-10-04T12:55:35.948+0000] {taskinstance.py:2306} INFO - Starting attempt 1 of 1
[2024-10-04T12:55:35.968+0000] {taskinstance.py:2330} INFO - Executing <Task(PythonOperator): training_dtc_model_tasks> on 2024-10-04 12:55:18.791316+00:00
[2024-10-04T12:55:35.983+0000] {standard_task_runner.py:64} INFO - Started process 88060 to run task
[2024-10-04T12:55:35.989+0000] {standard_task_runner.py:90} INFO - Running: ['***', 'tasks', 'run', 'Alex_Trigolos', 'training_dtc_model_tasks', 'manual__2024-10-04T12:55:18.791316+00:00', '--job-id', '884', '--raw', '--subdir', 'DAGS_FOLDER/***/dags/.ipynb_checkpoints/project-checkpoint.py', '--cfg-path', '/tmp/tmp4v1t4_qv']
[2024-10-04T12:55:35.992+0000] {standard_task_runner.py:91} INFO - Job 884: Subtask training_dtc_model_tasks
[2024-10-04T12:55:36.059+0000] {task_command.py:426} INFO - Running <TaskInstance: Alex_Trigolos.training_dtc_model_tasks manual__2024-10-04T12:55:18.791316+00:00 [running]> on host 4b5f1410d111
[2024-10-04T12:55:36.177+0000] {taskinstance.py:2648} INFO - Exporting env vars: AIRFLOW_CTX_DAG_EMAIL='alexvlg34@gmail.com' AIRFLOW_CTX_DAG_OWNER='Alex Trigolos' AIRFLOW_CTX_DAG_ID='Alex_Trigolos' AIRFLOW_CTX_TASK_ID='training_dtc_model_tasks' AIRFLOW_CTX_EXECUTION_DATE='2024-10-04T12:55:18.791316+00:00' AIRFLOW_CTX_TRY_NUMBER='1' AIRFLOW_CTX_DAG_RUN_ID='manual__2024-10-04T12:55:18.791316+00:00'
[2024-10-04T12:55:36.179+0000] {taskinstance.py:430} INFO - ::endgroup::
[2024-10-04T12:55:36.226+0000] {project-checkpoint.py:169} INFO - Train model...
[2024-10-04T12:55:36.284+0000] {project-checkpoint.py:173} INFO - 904983652333401543
[2024-10-04T12:55:36.294+0000] {project-checkpoint.py:175} INFO - 25e3c62ef1344047a81046ae3dfe4d18
[2024-10-04T12:55:36.373+0000] {project-checkpoint.py:176} INFO - <Run: data=<RunData: metrics={}, params={}, tags={'mlflow.note.content': 'parent',
 'mlflow.runName': 'ursatap',
 'mlflow.source.name': '/home/airflow/.local/bin/airflow',
 'mlflow.source.type': 'LOCAL',
 'mlflow.user': 'airflow'}>, info=<RunInfo: artifact_uri='s3://testmlops/mlflow/904983652333401543/25e3c62ef1344047a81046ae3dfe4d18/artifacts', end_time=None, experiment_id='904983652333401543', lifecycle_stage='active', run_id='25e3c62ef1344047a81046ae3dfe4d18', run_name='ursatap', run_uuid='25e3c62ef1344047a81046ae3dfe4d18', start_time=1728046522162, status='RUNNING', user_id='airflow'>, inputs=<RunInputs: dataset_inputs=[]>>
[2024-10-04T12:55:36.375+0000] {s3.py:1422} INFO - Downloading source S3 file from Bucket testmlops with path AlexTrigolos/project/datasets/X_train.pkl
[2024-10-04T12:55:36.391+0000] {base.py:84} INFO - Using connection ID 's3_connection' for task execution.
[2024-10-04T12:55:36.393+0000] {connection_wrapper.py:388} INFO - AWS Connection (conn_id='s3_connection', conn_type='aws') credentials retrieved from login and password.
[2024-10-04T12:55:36.657+0000] {project-checkpoint.py:94} INFO - /tmp/***_tmp_xrvq40zd
[2024-10-04T12:55:36.662+0000] {s3.py:1422} INFO - Downloading source S3 file from Bucket testmlops with path AlexTrigolos/project/datasets/X_val.pkl
[2024-10-04T12:55:36.677+0000] {base.py:84} INFO - Using connection ID 's3_connection' for task execution.
[2024-10-04T12:55:36.678+0000] {connection_wrapper.py:388} INFO - AWS Connection (conn_id='s3_connection', conn_type='aws') credentials retrieved from login and password.
[2024-10-04T12:55:36.938+0000] {project-checkpoint.py:94} INFO - /tmp/***_tmp_jh424hjl
[2024-10-04T12:55:36.942+0000] {s3.py:1422} INFO - Downloading source S3 file from Bucket testmlops with path AlexTrigolos/project/datasets/X_test.pkl
[2024-10-04T12:55:36.955+0000] {base.py:84} INFO - Using connection ID 's3_connection' for task execution.
[2024-10-04T12:55:36.956+0000] {connection_wrapper.py:388} INFO - AWS Connection (conn_id='s3_connection', conn_type='aws') credentials retrieved from login and password.
[2024-10-04T12:55:37.470+0000] {project-checkpoint.py:94} INFO - /tmp/***_tmp___vdi60t
[2024-10-04T12:55:37.473+0000] {s3.py:1422} INFO - Downloading source S3 file from Bucket testmlops with path AlexTrigolos/project/datasets/y_train.pkl
[2024-10-04T12:55:37.492+0000] {base.py:84} INFO - Using connection ID 's3_connection' for task execution.
[2024-10-04T12:55:37.494+0000] {connection_wrapper.py:388} INFO - AWS Connection (conn_id='s3_connection', conn_type='aws') credentials retrieved from login and password.
[2024-10-04T12:55:37.759+0000] {project-checkpoint.py:94} INFO - /tmp/***_tmp_juw3qm1c
[2024-10-04T12:55:37.763+0000] {s3.py:1422} INFO - Downloading source S3 file from Bucket testmlops with path AlexTrigolos/project/datasets/y_val.pkl
[2024-10-04T12:55:37.772+0000] {base.py:84} INFO - Using connection ID 's3_connection' for task execution.
[2024-10-04T12:55:37.773+0000] {connection_wrapper.py:388} INFO - AWS Connection (conn_id='s3_connection', conn_type='aws') credentials retrieved from login and password.
[2024-10-04T12:55:37.999+0000] {project-checkpoint.py:94} INFO - /tmp/***_tmp_5tof4cke
[2024-10-04T12:55:38.003+0000] {s3.py:1422} INFO - Downloading source S3 file from Bucket testmlops with path AlexTrigolos/project/datasets/y_test.pkl
[2024-10-04T12:55:38.015+0000] {base.py:84} INFO - Using connection ID 's3_connection' for task execution.
[2024-10-04T12:55:38.017+0000] {connection_wrapper.py:388} INFO - AWS Connection (conn_id='s3_connection', conn_type='aws') credentials retrieved from login and password.
[2024-10-04T12:55:38.290+0000] {project-checkpoint.py:94} INFO - /tmp/***_tmp_mcg9dqpl
[2024-10-04T12:55:38.370+0000] {logging_mixin.py:188} WARNING - 2024/10/04 12:55:38 WARNING mlflow.utils.git_utils: Failed to import Git (the Git executable is probably not on your PATH), so Git SHA is not available. Error: Failed to initialize: Bad git executable.
The git executable must be specified in one of the following ways:
    - be included in your $PATH
    - be set via $GIT_PYTHON_GIT_EXECUTABLE
    - explicitly set via git.refresh(<full-path-to-git-executable>)

All git commands will error until this is rectified.

This initial message can be silenced or aggravated in the future by setting the
$GIT_PYTHON_REFRESH environment variable. Use one of the following values:
    - quiet|q|silence|s|silent|none|n|0: for no message or exception
    - warn|w|warning|log|l|1: for a warning message (logging level CRITICAL, displayed by default)
    - error|e|exception|raise|r|2: for a raised exception

Example:
    export GIT_PYTHON_REFRESH=quiet
[2024-10-04T12:55:38.423+0000] {logging_mixin.py:188} INFO - Fitting 5 folds for each of 10 candidates, totalling 50 fits
[2024-10-04T12:55:38.714+0000] {logging_mixin.py:188} WARNING - /home/***/.local/lib/python3.10/site-packages/sklearn/model_selection/_validation.py:540 FitFailedWarning:
5 fits failed out of a total of 50.
The score on these train-test partitions for these parameters will be set to nan.
If these failures are not expected, you can try to debug them by setting error_score='raise'.

Below are more details about the failures:
--------------------------------------------------------------------------------
5 fits failed with the following error:
Traceback (most recent call last):
  File "/home/***/.local/lib/python3.10/site-packages/sklearn/model_selection/_validation.py", line 888, in _fit_and_score
    estimator.fit(X_train, y_train, **fit_params)
  File "/home/***/.local/lib/python3.10/site-packages/sklearn/base.py", line 1466, in wrapper
    estimator._validate_params()
  File "/home/***/.local/lib/python3.10/site-packages/sklearn/base.py", line 666, in _validate_params
    validate_parameter_constraints(
  File "/home/***/.local/lib/python3.10/site-packages/sklearn/utils/_param_validation.py", line 95, in validate_parameter_constraints
    raise InvalidParameterError(
sklearn.utils._param_validation.InvalidParameterError: The 'min_samples_split' parameter of DecisionTreeClassifier must be an int in the range [2, inf) or a float in the range (0.0, 1.0]. Got 1 instead.
[2024-10-04T12:55:38.717+0000] {logging_mixin.py:188} WARNING - /home/***/.local/lib/python3.10/site-packages/numpy/ma/core.py:2820 RuntimeWarning: invalid value encountered in cast
[2024-10-04T12:55:38.721+0000] {logging_mixin.py:188} WARNING - /home/***/.local/lib/python3.10/site-packages/sklearn/model_selection/_search.py:1102 UserWarning: One or more of the test scores are non-finite: [       nan 0.76968384 0.76409928 0.76548803 0.77814439 0.78518664
 0.7893923  0.79639515 0.786536   0.7921698 ]
[2024-10-04T12:55:38.729+0000] {logging_mixin.py:188} WARNING - /home/***/.local/lib/python3.10/site-packages/mlflow/types/utils.py:406 UserWarning: Hint: Inferred schema contains integer column(s). Integer columns in Python cannot represent missing values. If your input data contains missing values at inference time, it will be encoded as floats and will cause a schema enforcement error. The best way to avoid this problem is to infer the model schema based on a realistic data sample (training dataset) that includes missing values. Alternatively, you can declare integer columns as doubles (float64) whenever these columns may have missing values. See `Handling Integers With Missing Values <https://www.mlflow.org/docs/latest/models.html#handling-integers-with-missing-values>`_ for more details.
[2024-10-04T12:55:44.016+0000] {credentials.py:1147} INFO - Found credentials in environment variables.
[2024-10-04T12:55:44.077+0000] {configprovider.py:957} INFO - Found endpoint for s3 via: environment_global.
[2024-10-04T12:55:44.547+0000] {logging_mixin.py:188} WARNING - Registered model 'sk-learn-DecisionTreeClassifier-model' already exists. Creating a new version of this model...
[2024-10-04T12:55:44.589+0000] {logging_mixin.py:188} WARNING - 2024/10/04 12:55:44 INFO mlflow.store.model_registry.abstract_store: Waiting up to 300 seconds for model version to finish creation. Model name: sk-learn-DecisionTreeClassifier-model, version 2
[2024-10-04T12:55:44.590+0000] {logging_mixin.py:188} WARNING - Created version '2' of model 'sk-learn-DecisionTreeClassifier-model'.
[2024-10-04T12:55:46.260+0000] {font_manager.py:1584} INFO - generated new fontManager
[2024-10-04T12:55:46.734+0000] {logging_mixin.py:188} WARNING - /home/***/.local/lib/python3.10/site-packages/mlflow/types/utils.py:406 UserWarning: Hint: Inferred schema contains integer column(s). Integer columns in Python cannot represent missing values. If your input data contains missing values at inference time, it will be encoded as floats and will cause a schema enforcement error. The best way to avoid this problem is to infer the model schema based on a realistic data sample (training dataset) that includes missing values. Alternatively, you can declare integer columns as doubles (float64) whenever these columns may have missing values. See `Handling Integers With Missing Values <https://www.mlflow.org/docs/latest/models.html#handling-integers-with-missing-values>`_ for more details.
[2024-10-04T12:55:46.819+0000] {logging_mixin.py:188} WARNING - 2024/10/04 12:55:46 INFO mlflow.models.evaluation.default_evaluator: Computing model predictions.
[2024-10-04T12:55:46.824+0000] {logging_mixin.py:188} WARNING - 2024/10/04 12:55:46 INFO mlflow.models.evaluation.default_evaluator: The evaluation dataset is inferred as binary dataset, positive label is 1, negative label is 0.
[2024-10-04T12:55:46.845+0000] {logging_mixin.py:188} WARNING - 2024/10/04 12:55:46 INFO mlflow.models.evaluation.default_evaluator: Testing metrics on first row...
[2024-10-04T12:55:49.301+0000] {logging_mixin.py:188} WARNING - 2024/10/04 12:55:49 WARNING mlflow.models.evaluation.default_evaluator: Skip logging model explainability insights because the shap explainer None requires all feature values to be numeric, and each feature column must only contain scalar values.
[2024-10-04T12:55:49.394+0000] {logging_mixin.py:188} WARNING - 2024/10/04 12:55:49 INFO mlflow.tracking._tracking_service.client: 🏃 View run DecisionTreeClassifier at: http://mlflow-service:5000/#/experiments/904983652333401543/runs/60a1934989ad438b912b7dda81abb039.
[2024-10-04T12:55:49.395+0000] {logging_mixin.py:188} WARNING - 2024/10/04 12:55:49 INFO mlflow.tracking._tracking_service.client: 🧪 View experiment at: http://mlflow-service:5000/#/experiments/904983652333401543.
[2024-10-04T12:55:49.415+0000] {project-checkpoint.py:222} INFO - Finish model train.
[2024-10-04T12:55:49.417+0000] {python.py:237} INFO - Done. Returned value was: None
[2024-10-04T12:55:49.418+0000] {taskinstance.py:441} INFO - ::group::Post task execution logs
[2024-10-04T12:55:49.431+0000] {taskinstance.py:1206} INFO - Marking task as SUCCESS. dag_id=Alex_Trigolos, task_id=training_dtc_model_tasks, run_id=manual__2024-10-04T12:55:18.791316+00:00, execution_date=20241004T125518, start_date=20241004T125535, end_date=20241004T125549
[2024-10-04T12:55:49.518+0000] {local_task_job_runner.py:243} INFO - Task exited with return code 0
[2024-10-04T12:55:49.550+0000] {taskinstance.py:3503} INFO - 0 downstream tasks scheduled from follow-on schedule check
[2024-10-04T12:55:49.564+0000] {local_task_job_runner.py:222} INFO - ::endgroup::
