[2024-09-24T20:36:49.275+0000] {local_task_job_runner.py:120} INFO - ::group::Pre task execution logs
[2024-09-24T20:36:49.306+0000] {taskinstance.py:2076} INFO - Dependencies all met for dep_context=non-requeueable deps ti=<TaskInstance: gradient_boosting_classifier_dag.gbc_get_data manual__2024-09-24T20:36:43.578498+00:00 [queued]>
[2024-09-24T20:36:49.328+0000] {taskinstance.py:2076} INFO - Dependencies all met for dep_context=requeueable deps ti=<TaskInstance: gradient_boosting_classifier_dag.gbc_get_data manual__2024-09-24T20:36:43.578498+00:00 [queued]>
[2024-09-24T20:36:49.330+0000] {taskinstance.py:2306} INFO - Starting attempt 1 of 1
[2024-09-24T20:36:49.349+0000] {taskinstance.py:2330} INFO - Executing <Task(PythonOperator): gbc_get_data> on 2024-09-24 20:36:43.578498+00:00
[2024-09-24T20:36:49.360+0000] {standard_task_runner.py:64} INFO - Started process 4674 to run task
[2024-09-24T20:36:49.364+0000] {standard_task_runner.py:90} INFO - Running: ['***', 'tasks', 'run', 'gradient_boosting_classifier_dag', 'gbc_get_data', 'manual__2024-09-24T20:36:43.578498+00:00', '--job-id', '562', '--raw', '--subdir', 'DAGS_FOLDER/***/dags/.ipynb_checkpoints/hw1-checkpoint.py', '--cfg-path', '/tmp/tmp3gtr8g6w']
[2024-09-24T20:36:49.368+0000] {standard_task_runner.py:91} INFO - Job 562: Subtask gbc_get_data
[2024-09-24T20:36:49.431+0000] {task_command.py:426} INFO - Running <TaskInstance: gradient_boosting_classifier_dag.gbc_get_data manual__2024-09-24T20:36:43.578498+00:00 [running]> on host 82997fc6deb7
[2024-09-24T20:36:49.565+0000] {taskinstance.py:2648} INFO - Exporting env vars: AIRFLOW_CTX_DAG_EMAIL='alexvlg34@gmail.com' AIRFLOW_CTX_DAG_OWNER='Alex Trigolos' AIRFLOW_CTX_DAG_ID='gradient_boosting_classifier_dag' AIRFLOW_CTX_TASK_ID='gbc_get_data' AIRFLOW_CTX_EXECUTION_DATE='2024-09-24T20:36:43.578498+00:00' AIRFLOW_CTX_TRY_NUMBER='1' AIRFLOW_CTX_DAG_RUN_ID='manual__2024-09-24T20:36:43.578498+00:00'
[2024-09-24T20:36:49.566+0000] {taskinstance.py:430} INFO - ::endgroup::
[2024-09-24T20:36:49.581+0000] {hw1-checkpoint.py:91} INFO - Get data...
[2024-09-24T20:36:49.841+0000] {base.py:84} INFO - Using connection ID 's3_connection' for task execution.
[2024-09-24T20:36:49.842+0000] {connection_wrapper.py:388} INFO - AWS Connection (conn_id='s3_connection', conn_type='aws') credentials retrieved from login and password.
[2024-09-24T20:36:50.398+0000] {hw1-checkpoint.py:103} INFO - Finish get data.
[2024-09-24T20:36:50.399+0000] {python.py:237} INFO - Done. Returned value was: None
[2024-09-24T20:36:50.400+0000] {taskinstance.py:441} INFO - ::group::Post task execution logs
[2024-09-24T20:36:50.409+0000] {taskinstance.py:1206} INFO - Marking task as SUCCESS. dag_id=gradient_boosting_classifier_dag, task_id=gbc_get_data, run_id=manual__2024-09-24T20:36:43.578498+00:00, execution_date=20240924T203643, start_date=20240924T203649, end_date=20240924T203650
[2024-09-24T20:36:50.462+0000] {local_task_job_runner.py:243} INFO - Task exited with return code 0
[2024-09-24T20:36:50.484+0000] {taskinstance.py:3503} INFO - 1 downstream tasks scheduled from follow-on schedule check
[2024-09-24T20:36:50.485+0000] {local_task_job_runner.py:222} INFO - ::endgroup::
