[2024-09-25T07:21:47.282+0000] {local_task_job_runner.py:120} INFO - ::group::Pre task execution logs
[2024-09-25T07:21:47.305+0000] {taskinstance.py:2076} INFO - Dependencies all met for dep_context=non-requeueable deps ti=<TaskInstance: random_forest_classifier_dag.rfc_prepare_data scheduled__2024-09-24T01:00:00+00:00 [queued]>
[2024-09-25T07:21:47.320+0000] {taskinstance.py:2076} INFO - Dependencies all met for dep_context=requeueable deps ti=<TaskInstance: random_forest_classifier_dag.rfc_prepare_data scheduled__2024-09-24T01:00:00+00:00 [queued]>
[2024-09-25T07:21:47.321+0000] {taskinstance.py:2306} INFO - Starting attempt 1 of 1
[2024-09-25T07:21:47.337+0000] {taskinstance.py:2330} INFO - Executing <Task(PythonOperator): rfc_prepare_data> on 2024-09-24 01:00:00+00:00
[2024-09-25T07:21:47.347+0000] {standard_task_runner.py:64} INFO - Started process 5463 to run task
[2024-09-25T07:21:47.353+0000] {standard_task_runner.py:90} INFO - Running: ['***', 'tasks', 'run', 'random_forest_classifier_dag', 'rfc_prepare_data', 'scheduled__2024-09-24T01:00:00+00:00', '--job-id', '580', '--raw', '--subdir', 'DAGS_FOLDER/***/dags/.ipynb_checkpoints/hw1-checkpoint.py', '--cfg-path', '/tmp/tmp7i9c9kkk']
[2024-09-25T07:21:47.396+0000] {standard_task_runner.py:91} INFO - Job 580: Subtask rfc_prepare_data
[2024-09-25T07:21:47.454+0000] {task_command.py:426} INFO - Running <TaskInstance: random_forest_classifier_dag.rfc_prepare_data scheduled__2024-09-24T01:00:00+00:00 [running]> on host 82997fc6deb7
[2024-09-25T07:21:47.551+0000] {taskinstance.py:2648} INFO - Exporting env vars: AIRFLOW_CTX_DAG_EMAIL='alexvlg34@gmail.com' AIRFLOW_CTX_DAG_OWNER='Alex Trigolos' AIRFLOW_CTX_DAG_ID='random_forest_classifier_dag' AIRFLOW_CTX_TASK_ID='rfc_prepare_data' AIRFLOW_CTX_EXECUTION_DATE='2024-09-24T01:00:00+00:00' AIRFLOW_CTX_TRY_NUMBER='1' AIRFLOW_CTX_DAG_RUN_ID='scheduled__2024-09-24T01:00:00+00:00'
[2024-09-25T07:21:47.552+0000] {taskinstance.py:430} INFO - ::endgroup::
[2024-09-25T07:21:47.565+0000] {hw1-checkpoint.py:107} INFO - Prepare data...
[2024-09-25T07:21:47.566+0000] {s3.py:1422} INFO - Downloading source S3 file from Bucket testmlops with path AlexTrigolos/RandomForestClassifier/datasets/dataset.pkl
[2024-09-25T07:21:47.579+0000] {base.py:84} INFO - Using connection ID 's3_connection' for task execution.
[2024-09-25T07:21:47.580+0000] {connection_wrapper.py:388} INFO - AWS Connection (conn_id='s3_connection', conn_type='aws') credentials retrieved from login and password.
[2024-09-25T07:21:48.183+0000] {hw1-checkpoint.py:78} INFO - /tmp/***_tmp_7kwjlfnk
[2024-09-25T07:21:48.304+0000] {base.py:84} INFO - Using connection ID 's3_connection' for task execution.
[2024-09-25T07:21:48.305+0000] {connection_wrapper.py:388} INFO - AWS Connection (conn_id='s3_connection', conn_type='aws') credentials retrieved from login and password.
[2024-09-25T07:21:48.903+0000] {base.py:84} INFO - Using connection ID 's3_connection' for task execution.
[2024-09-25T07:21:48.904+0000] {connection_wrapper.py:388} INFO - AWS Connection (conn_id='s3_connection', conn_type='aws') credentials retrieved from login and password.
[2024-09-25T07:21:49.149+0000] {base.py:84} INFO - Using connection ID 's3_connection' for task execution.
[2024-09-25T07:21:49.151+0000] {connection_wrapper.py:388} INFO - AWS Connection (conn_id='s3_connection', conn_type='aws') credentials retrieved from login and password.
[2024-09-25T07:21:49.397+0000] {base.py:84} INFO - Using connection ID 's3_connection' for task execution.
[2024-09-25T07:21:49.399+0000] {connection_wrapper.py:388} INFO - AWS Connection (conn_id='s3_connection', conn_type='aws') credentials retrieved from login and password.
[2024-09-25T07:21:49.919+0000] {hw1-checkpoint.py:133} INFO - Prepared data.
[2024-09-25T07:21:49.920+0000] {python.py:237} INFO - Done. Returned value was: None
[2024-09-25T07:21:49.921+0000] {taskinstance.py:441} INFO - ::group::Post task execution logs
[2024-09-25T07:21:49.936+0000] {taskinstance.py:1206} INFO - Marking task as SUCCESS. dag_id=random_forest_classifier_dag, task_id=rfc_prepare_data, run_id=scheduled__2024-09-24T01:00:00+00:00, execution_date=20240924T010000, start_date=20240925T072147, end_date=20240925T072149
[2024-09-25T07:21:50.016+0000] {local_task_job_runner.py:243} INFO - Task exited with return code 0
[2024-09-25T07:21:50.031+0000] {local_task_job_runner.py:222} INFO - ::endgroup::
