[2024-10-03T08:42:05.408+0000] {processor.py:161} INFO - Started process (PID=465) to work on /opt/airflow/dags/.cache/pip/http/0/2/c/b/6/02cb629f6ebb3e98446e2ad06c364c7831a1cbf5ddd60e1111e04b17
[2024-10-03T08:42:05.409+0000] {processor.py:830} INFO - Processing file /opt/airflow/dags/.cache/pip/http/0/2/c/b/6/02cb629f6ebb3e98446e2ad06c364c7831a1cbf5ddd60e1111e04b17 for tasks to queue
[2024-10-03T08:42:05.413+0000] {logging_mixin.py:188} INFO - [2024-10-03T08:42:05.412+0000] {dagbag.py:545} INFO - Filling up the DagBag from /opt/airflow/dags/.cache/pip/http/0/2/c/b/6/02cb629f6ebb3e98446e2ad06c364c7831a1cbf5ddd60e1111e04b17
[2024-10-03T08:42:05.475+0000] {processor.py:842} WARNING - No viable dags retrieved from /opt/airflow/dags/.cache/pip/http/0/2/c/b/6/02cb629f6ebb3e98446e2ad06c364c7831a1cbf5ddd60e1111e04b17
[2024-10-03T08:42:05.491+0000] {processor.py:183} INFO - Processing /opt/airflow/dags/.cache/pip/http/0/2/c/b/6/02cb629f6ebb3e98446e2ad06c364c7831a1cbf5ddd60e1111e04b17 took 0.092 seconds
[2024-10-03T08:42:41.225+0000] {processor.py:161} INFO - Started process (PID=707) to work on /opt/airflow/dags/.cache/pip/http/0/2/c/b/6/02cb629f6ebb3e98446e2ad06c364c7831a1cbf5ddd60e1111e04b17
[2024-10-03T08:42:41.227+0000] {processor.py:830} INFO - Processing file /opt/airflow/dags/.cache/pip/http/0/2/c/b/6/02cb629f6ebb3e98446e2ad06c364c7831a1cbf5ddd60e1111e04b17 for tasks to queue
[2024-10-03T08:42:41.230+0000] {logging_mixin.py:188} INFO - [2024-10-03T08:42:41.230+0000] {dagbag.py:545} INFO - Filling up the DagBag from /opt/airflow/dags/.cache/pip/http/0/2/c/b/6/02cb629f6ebb3e98446e2ad06c364c7831a1cbf5ddd60e1111e04b17
[2024-10-03T08:42:41.329+0000] {processor.py:842} WARNING - No viable dags retrieved from /opt/airflow/dags/.cache/pip/http/0/2/c/b/6/02cb629f6ebb3e98446e2ad06c364c7831a1cbf5ddd60e1111e04b17
[2024-10-03T08:42:41.345+0000] {processor.py:183} INFO - Processing /opt/airflow/dags/.cache/pip/http/0/2/c/b/6/02cb629f6ebb3e98446e2ad06c364c7831a1cbf5ddd60e1111e04b17 took 0.138 seconds
[2024-10-03T08:43:16.041+0000] {processor.py:161} INFO - Started process (PID=949) to work on /opt/airflow/dags/.cache/pip/http/0/2/c/b/6/02cb629f6ebb3e98446e2ad06c364c7831a1cbf5ddd60e1111e04b17
[2024-10-03T08:43:16.043+0000] {processor.py:830} INFO - Processing file /opt/airflow/dags/.cache/pip/http/0/2/c/b/6/02cb629f6ebb3e98446e2ad06c364c7831a1cbf5ddd60e1111e04b17 for tasks to queue
[2024-10-03T08:43:16.046+0000] {logging_mixin.py:188} INFO - [2024-10-03T08:43:16.045+0000] {dagbag.py:545} INFO - Filling up the DagBag from /opt/airflow/dags/.cache/pip/http/0/2/c/b/6/02cb629f6ebb3e98446e2ad06c364c7831a1cbf5ddd60e1111e04b17
[2024-10-03T08:43:16.104+0000] {processor.py:842} WARNING - No viable dags retrieved from /opt/airflow/dags/.cache/pip/http/0/2/c/b/6/02cb629f6ebb3e98446e2ad06c364c7831a1cbf5ddd60e1111e04b17
[2024-10-03T08:43:16.124+0000] {processor.py:183} INFO - Processing /opt/airflow/dags/.cache/pip/http/0/2/c/b/6/02cb629f6ebb3e98446e2ad06c364c7831a1cbf5ddd60e1111e04b17 took 0.096 seconds
[2024-10-03T08:43:47.704+0000] {processor.py:161} INFO - Started process (PID=1198) to work on /opt/airflow/dags/.cache/pip/http/0/2/c/b/6/02cb629f6ebb3e98446e2ad06c364c7831a1cbf5ddd60e1111e04b17
[2024-10-03T08:43:47.705+0000] {processor.py:830} INFO - Processing file /opt/airflow/dags/.cache/pip/http/0/2/c/b/6/02cb629f6ebb3e98446e2ad06c364c7831a1cbf5ddd60e1111e04b17 for tasks to queue
[2024-10-03T08:43:47.707+0000] {logging_mixin.py:188} INFO - [2024-10-03T08:43:47.707+0000] {dagbag.py:545} INFO - Filling up the DagBag from /opt/airflow/dags/.cache/pip/http/0/2/c/b/6/02cb629f6ebb3e98446e2ad06c364c7831a1cbf5ddd60e1111e04b17
[2024-10-03T08:43:47.731+0000] {processor.py:842} WARNING - No viable dags retrieved from /opt/airflow/dags/.cache/pip/http/0/2/c/b/6/02cb629f6ebb3e98446e2ad06c364c7831a1cbf5ddd60e1111e04b17
[2024-10-03T08:43:47.741+0000] {processor.py:183} INFO - Processing /opt/airflow/dags/.cache/pip/http/0/2/c/b/6/02cb629f6ebb3e98446e2ad06c364c7831a1cbf5ddd60e1111e04b17 took 0.041 seconds
[2024-10-03T08:44:20.242+0000] {processor.py:161} INFO - Started process (PID=1440) to work on /opt/airflow/dags/.cache/pip/http/0/2/c/b/6/02cb629f6ebb3e98446e2ad06c364c7831a1cbf5ddd60e1111e04b17
[2024-10-03T08:44:20.243+0000] {processor.py:830} INFO - Processing file /opt/airflow/dags/.cache/pip/http/0/2/c/b/6/02cb629f6ebb3e98446e2ad06c364c7831a1cbf5ddd60e1111e04b17 for tasks to queue
[2024-10-03T08:44:20.244+0000] {logging_mixin.py:188} INFO - [2024-10-03T08:44:20.244+0000] {dagbag.py:545} INFO - Filling up the DagBag from /opt/airflow/dags/.cache/pip/http/0/2/c/b/6/02cb629f6ebb3e98446e2ad06c364c7831a1cbf5ddd60e1111e04b17
[2024-10-03T08:44:20.270+0000] {processor.py:842} WARNING - No viable dags retrieved from /opt/airflow/dags/.cache/pip/http/0/2/c/b/6/02cb629f6ebb3e98446e2ad06c364c7831a1cbf5ddd60e1111e04b17
[2024-10-03T08:44:20.280+0000] {processor.py:183} INFO - Processing /opt/airflow/dags/.cache/pip/http/0/2/c/b/6/02cb629f6ebb3e98446e2ad06c364c7831a1cbf5ddd60e1111e04b17 took 0.042 seconds
[2024-10-03T08:44:52.584+0000] {processor.py:161} INFO - Started process (PID=1682) to work on /opt/airflow/dags/.cache/pip/http/0/2/c/b/6/02cb629f6ebb3e98446e2ad06c364c7831a1cbf5ddd60e1111e04b17
[2024-10-03T08:44:52.586+0000] {processor.py:830} INFO - Processing file /opt/airflow/dags/.cache/pip/http/0/2/c/b/6/02cb629f6ebb3e98446e2ad06c364c7831a1cbf5ddd60e1111e04b17 for tasks to queue
[2024-10-03T08:44:52.589+0000] {logging_mixin.py:188} INFO - [2024-10-03T08:44:52.588+0000] {dagbag.py:545} INFO - Filling up the DagBag from /opt/airflow/dags/.cache/pip/http/0/2/c/b/6/02cb629f6ebb3e98446e2ad06c364c7831a1cbf5ddd60e1111e04b17
[2024-10-03T08:44:52.663+0000] {processor.py:842} WARNING - No viable dags retrieved from /opt/airflow/dags/.cache/pip/http/0/2/c/b/6/02cb629f6ebb3e98446e2ad06c364c7831a1cbf5ddd60e1111e04b17
[2024-10-03T08:44:52.681+0000] {processor.py:183} INFO - Processing /opt/airflow/dags/.cache/pip/http/0/2/c/b/6/02cb629f6ebb3e98446e2ad06c364c7831a1cbf5ddd60e1111e04b17 took 0.109 seconds
[2024-10-03T08:45:27.620+0000] {processor.py:161} INFO - Started process (PID=1924) to work on /opt/airflow/dags/.cache/pip/http/0/2/c/b/6/02cb629f6ebb3e98446e2ad06c364c7831a1cbf5ddd60e1111e04b17
[2024-10-03T08:45:27.622+0000] {processor.py:830} INFO - Processing file /opt/airflow/dags/.cache/pip/http/0/2/c/b/6/02cb629f6ebb3e98446e2ad06c364c7831a1cbf5ddd60e1111e04b17 for tasks to queue
[2024-10-03T08:45:27.625+0000] {logging_mixin.py:188} INFO - [2024-10-03T08:45:27.625+0000] {dagbag.py:545} INFO - Filling up the DagBag from /opt/airflow/dags/.cache/pip/http/0/2/c/b/6/02cb629f6ebb3e98446e2ad06c364c7831a1cbf5ddd60e1111e04b17
[2024-10-03T08:45:27.714+0000] {processor.py:842} WARNING - No viable dags retrieved from /opt/airflow/dags/.cache/pip/http/0/2/c/b/6/02cb629f6ebb3e98446e2ad06c364c7831a1cbf5ddd60e1111e04b17
[2024-10-03T08:45:27.738+0000] {processor.py:183} INFO - Processing /opt/airflow/dags/.cache/pip/http/0/2/c/b/6/02cb629f6ebb3e98446e2ad06c364c7831a1cbf5ddd60e1111e04b17 took 0.128 seconds
[2024-10-03T08:46:00.225+0000] {processor.py:161} INFO - Started process (PID=2165) to work on /opt/airflow/dags/.cache/pip/http/0/2/c/b/6/02cb629f6ebb3e98446e2ad06c364c7831a1cbf5ddd60e1111e04b17
[2024-10-03T08:46:00.227+0000] {processor.py:830} INFO - Processing file /opt/airflow/dags/.cache/pip/http/0/2/c/b/6/02cb629f6ebb3e98446e2ad06c364c7831a1cbf5ddd60e1111e04b17 for tasks to queue
[2024-10-03T08:46:00.230+0000] {logging_mixin.py:188} INFO - [2024-10-03T08:46:00.230+0000] {dagbag.py:545} INFO - Filling up the DagBag from /opt/airflow/dags/.cache/pip/http/0/2/c/b/6/02cb629f6ebb3e98446e2ad06c364c7831a1cbf5ddd60e1111e04b17
[2024-10-03T08:46:00.320+0000] {processor.py:842} WARNING - No viable dags retrieved from /opt/airflow/dags/.cache/pip/http/0/2/c/b/6/02cb629f6ebb3e98446e2ad06c364c7831a1cbf5ddd60e1111e04b17
[2024-10-03T08:46:00.345+0000] {processor.py:183} INFO - Processing /opt/airflow/dags/.cache/pip/http/0/2/c/b/6/02cb629f6ebb3e98446e2ad06c364c7831a1cbf5ddd60e1111e04b17 took 0.130 seconds
[2024-10-03T08:46:32.591+0000] {processor.py:161} INFO - Started process (PID=2407) to work on /opt/airflow/dags/.cache/pip/http/0/2/c/b/6/02cb629f6ebb3e98446e2ad06c364c7831a1cbf5ddd60e1111e04b17
[2024-10-03T08:46:32.593+0000] {processor.py:830} INFO - Processing file /opt/airflow/dags/.cache/pip/http/0/2/c/b/6/02cb629f6ebb3e98446e2ad06c364c7831a1cbf5ddd60e1111e04b17 for tasks to queue
[2024-10-03T08:46:32.597+0000] {logging_mixin.py:188} INFO - [2024-10-03T08:46:32.596+0000] {dagbag.py:545} INFO - Filling up the DagBag from /opt/airflow/dags/.cache/pip/http/0/2/c/b/6/02cb629f6ebb3e98446e2ad06c364c7831a1cbf5ddd60e1111e04b17
[2024-10-03T08:46:32.690+0000] {processor.py:842} WARNING - No viable dags retrieved from /opt/airflow/dags/.cache/pip/http/0/2/c/b/6/02cb629f6ebb3e98446e2ad06c364c7831a1cbf5ddd60e1111e04b17
[2024-10-03T08:46:32.707+0000] {processor.py:183} INFO - Processing /opt/airflow/dags/.cache/pip/http/0/2/c/b/6/02cb629f6ebb3e98446e2ad06c364c7831a1cbf5ddd60e1111e04b17 took 0.125 seconds
[2024-10-03T08:47:18.903+0000] {processor.py:161} INFO - Started process (PID=2655) to work on /opt/airflow/dags/.cache/pip/http/0/2/c/b/6/02cb629f6ebb3e98446e2ad06c364c7831a1cbf5ddd60e1111e04b17
[2024-10-03T08:47:18.905+0000] {processor.py:830} INFO - Processing file /opt/airflow/dags/.cache/pip/http/0/2/c/b/6/02cb629f6ebb3e98446e2ad06c364c7831a1cbf5ddd60e1111e04b17 for tasks to queue
[2024-10-03T08:47:18.908+0000] {logging_mixin.py:188} INFO - [2024-10-03T08:47:18.908+0000] {dagbag.py:545} INFO - Filling up the DagBag from /opt/airflow/dags/.cache/pip/http/0/2/c/b/6/02cb629f6ebb3e98446e2ad06c364c7831a1cbf5ddd60e1111e04b17
[2024-10-03T08:47:18.984+0000] {processor.py:842} WARNING - No viable dags retrieved from /opt/airflow/dags/.cache/pip/http/0/2/c/b/6/02cb629f6ebb3e98446e2ad06c364c7831a1cbf5ddd60e1111e04b17
[2024-10-03T08:47:19.010+0000] {processor.py:183} INFO - Processing /opt/airflow/dags/.cache/pip/http/0/2/c/b/6/02cb629f6ebb3e98446e2ad06c364c7831a1cbf5ddd60e1111e04b17 took 0.117 seconds
[2024-10-03T08:47:53.771+0000] {processor.py:161} INFO - Started process (PID=2897) to work on /opt/airflow/dags/.cache/pip/http/0/2/c/b/6/02cb629f6ebb3e98446e2ad06c364c7831a1cbf5ddd60e1111e04b17
[2024-10-03T08:47:53.773+0000] {processor.py:830} INFO - Processing file /opt/airflow/dags/.cache/pip/http/0/2/c/b/6/02cb629f6ebb3e98446e2ad06c364c7831a1cbf5ddd60e1111e04b17 for tasks to queue
[2024-10-03T08:47:53.777+0000] {logging_mixin.py:188} INFO - [2024-10-03T08:47:53.776+0000] {dagbag.py:545} INFO - Filling up the DagBag from /opt/airflow/dags/.cache/pip/http/0/2/c/b/6/02cb629f6ebb3e98446e2ad06c364c7831a1cbf5ddd60e1111e04b17
[2024-10-03T08:47:53.844+0000] {processor.py:842} WARNING - No viable dags retrieved from /opt/airflow/dags/.cache/pip/http/0/2/c/b/6/02cb629f6ebb3e98446e2ad06c364c7831a1cbf5ddd60e1111e04b17
[2024-10-03T08:47:53.866+0000] {processor.py:183} INFO - Processing /opt/airflow/dags/.cache/pip/http/0/2/c/b/6/02cb629f6ebb3e98446e2ad06c364c7831a1cbf5ddd60e1111e04b17 took 0.108 seconds
[2024-10-03T08:48:26.120+0000] {processor.py:161} INFO - Started process (PID=3139) to work on /opt/airflow/dags/.cache/pip/http/0/2/c/b/6/02cb629f6ebb3e98446e2ad06c364c7831a1cbf5ddd60e1111e04b17
[2024-10-03T08:48:26.121+0000] {processor.py:830} INFO - Processing file /opt/airflow/dags/.cache/pip/http/0/2/c/b/6/02cb629f6ebb3e98446e2ad06c364c7831a1cbf5ddd60e1111e04b17 for tasks to queue
[2024-10-03T08:48:26.122+0000] {logging_mixin.py:188} INFO - [2024-10-03T08:48:26.122+0000] {dagbag.py:545} INFO - Filling up the DagBag from /opt/airflow/dags/.cache/pip/http/0/2/c/b/6/02cb629f6ebb3e98446e2ad06c364c7831a1cbf5ddd60e1111e04b17
[2024-10-03T08:48:26.145+0000] {processor.py:842} WARNING - No viable dags retrieved from /opt/airflow/dags/.cache/pip/http/0/2/c/b/6/02cb629f6ebb3e98446e2ad06c364c7831a1cbf5ddd60e1111e04b17
[2024-10-03T08:48:26.156+0000] {processor.py:183} INFO - Processing /opt/airflow/dags/.cache/pip/http/0/2/c/b/6/02cb629f6ebb3e98446e2ad06c364c7831a1cbf5ddd60e1111e04b17 took 0.040 seconds
[2024-10-03T08:48:57.892+0000] {processor.py:161} INFO - Started process (PID=3381) to work on /opt/airflow/dags/.cache/pip/http/0/2/c/b/6/02cb629f6ebb3e98446e2ad06c364c7831a1cbf5ddd60e1111e04b17
[2024-10-03T08:48:57.893+0000] {processor.py:830} INFO - Processing file /opt/airflow/dags/.cache/pip/http/0/2/c/b/6/02cb629f6ebb3e98446e2ad06c364c7831a1cbf5ddd60e1111e04b17 for tasks to queue
[2024-10-03T08:48:57.895+0000] {logging_mixin.py:188} INFO - [2024-10-03T08:48:57.895+0000] {dagbag.py:545} INFO - Filling up the DagBag from /opt/airflow/dags/.cache/pip/http/0/2/c/b/6/02cb629f6ebb3e98446e2ad06c364c7831a1cbf5ddd60e1111e04b17
[2024-10-03T08:48:57.952+0000] {processor.py:842} WARNING - No viable dags retrieved from /opt/airflow/dags/.cache/pip/http/0/2/c/b/6/02cb629f6ebb3e98446e2ad06c364c7831a1cbf5ddd60e1111e04b17
[2024-10-03T08:48:57.966+0000] {processor.py:183} INFO - Processing /opt/airflow/dags/.cache/pip/http/0/2/c/b/6/02cb629f6ebb3e98446e2ad06c364c7831a1cbf5ddd60e1111e04b17 took 0.080 seconds
[2024-10-03T08:49:29.793+0000] {processor.py:161} INFO - Started process (PID=3623) to work on /opt/airflow/dags/.cache/pip/http/0/2/c/b/6/02cb629f6ebb3e98446e2ad06c364c7831a1cbf5ddd60e1111e04b17
[2024-10-03T08:49:29.793+0000] {processor.py:830} INFO - Processing file /opt/airflow/dags/.cache/pip/http/0/2/c/b/6/02cb629f6ebb3e98446e2ad06c364c7831a1cbf5ddd60e1111e04b17 for tasks to queue
[2024-10-03T08:49:29.795+0000] {logging_mixin.py:188} INFO - [2024-10-03T08:49:29.794+0000] {dagbag.py:545} INFO - Filling up the DagBag from /opt/airflow/dags/.cache/pip/http/0/2/c/b/6/02cb629f6ebb3e98446e2ad06c364c7831a1cbf5ddd60e1111e04b17
[2024-10-03T08:49:29.814+0000] {processor.py:842} WARNING - No viable dags retrieved from /opt/airflow/dags/.cache/pip/http/0/2/c/b/6/02cb629f6ebb3e98446e2ad06c364c7831a1cbf5ddd60e1111e04b17
[2024-10-03T08:49:29.824+0000] {processor.py:183} INFO - Processing /opt/airflow/dags/.cache/pip/http/0/2/c/b/6/02cb629f6ebb3e98446e2ad06c364c7831a1cbf5ddd60e1111e04b17 took 0.036 seconds
[2024-10-03T08:50:02.192+0000] {processor.py:161} INFO - Started process (PID=3866) to work on /opt/airflow/dags/.cache/pip/http/0/2/c/b/6/02cb629f6ebb3e98446e2ad06c364c7831a1cbf5ddd60e1111e04b17
[2024-10-03T08:50:02.193+0000] {processor.py:830} INFO - Processing file /opt/airflow/dags/.cache/pip/http/0/2/c/b/6/02cb629f6ebb3e98446e2ad06c364c7831a1cbf5ddd60e1111e04b17 for tasks to queue
[2024-10-03T08:50:02.196+0000] {logging_mixin.py:188} INFO - [2024-10-03T08:50:02.195+0000] {dagbag.py:545} INFO - Filling up the DagBag from /opt/airflow/dags/.cache/pip/http/0/2/c/b/6/02cb629f6ebb3e98446e2ad06c364c7831a1cbf5ddd60e1111e04b17
[2024-10-03T08:50:02.254+0000] {processor.py:842} WARNING - No viable dags retrieved from /opt/airflow/dags/.cache/pip/http/0/2/c/b/6/02cb629f6ebb3e98446e2ad06c364c7831a1cbf5ddd60e1111e04b17
[2024-10-03T08:50:02.267+0000] {processor.py:183} INFO - Processing /opt/airflow/dags/.cache/pip/http/0/2/c/b/6/02cb629f6ebb3e98446e2ad06c364c7831a1cbf5ddd60e1111e04b17 took 0.080 seconds
[2024-10-03T08:50:34.902+0000] {processor.py:161} INFO - Started process (PID=4108) to work on /opt/airflow/dags/.cache/pip/http/0/2/c/b/6/02cb629f6ebb3e98446e2ad06c364c7831a1cbf5ddd60e1111e04b17
[2024-10-03T08:50:34.903+0000] {processor.py:830} INFO - Processing file /opt/airflow/dags/.cache/pip/http/0/2/c/b/6/02cb629f6ebb3e98446e2ad06c364c7831a1cbf5ddd60e1111e04b17 for tasks to queue
[2024-10-03T08:50:34.905+0000] {logging_mixin.py:188} INFO - [2024-10-03T08:50:34.905+0000] {dagbag.py:545} INFO - Filling up the DagBag from /opt/airflow/dags/.cache/pip/http/0/2/c/b/6/02cb629f6ebb3e98446e2ad06c364c7831a1cbf5ddd60e1111e04b17
[2024-10-03T08:50:34.964+0000] {processor.py:842} WARNING - No viable dags retrieved from /opt/airflow/dags/.cache/pip/http/0/2/c/b/6/02cb629f6ebb3e98446e2ad06c364c7831a1cbf5ddd60e1111e04b17
[2024-10-03T08:50:34.975+0000] {processor.py:183} INFO - Processing /opt/airflow/dags/.cache/pip/http/0/2/c/b/6/02cb629f6ebb3e98446e2ad06c364c7831a1cbf5ddd60e1111e04b17 took 0.078 seconds
[2024-10-03T08:56:34.588+0000] {processor.py:161} INFO - Started process (PID=4486) to work on /opt/airflow/dags/.cache/pip/http/0/2/c/b/6/02cb629f6ebb3e98446e2ad06c364c7831a1cbf5ddd60e1111e04b17
[2024-10-03T08:56:34.590+0000] {processor.py:830} INFO - Processing file /opt/airflow/dags/.cache/pip/http/0/2/c/b/6/02cb629f6ebb3e98446e2ad06c364c7831a1cbf5ddd60e1111e04b17 for tasks to queue
[2024-10-03T08:56:34.591+0000] {logging_mixin.py:188} INFO - [2024-10-03T08:56:34.591+0000] {dagbag.py:545} INFO - Filling up the DagBag from /opt/airflow/dags/.cache/pip/http/0/2/c/b/6/02cb629f6ebb3e98446e2ad06c364c7831a1cbf5ddd60e1111e04b17
[2024-10-03T08:56:34.681+0000] {processor.py:842} WARNING - No viable dags retrieved from /opt/airflow/dags/.cache/pip/http/0/2/c/b/6/02cb629f6ebb3e98446e2ad06c364c7831a1cbf5ddd60e1111e04b17
[2024-10-03T08:56:34.693+0000] {processor.py:183} INFO - Processing /opt/airflow/dags/.cache/pip/http/0/2/c/b/6/02cb629f6ebb3e98446e2ad06c364c7831a1cbf5ddd60e1111e04b17 took 0.110 seconds
[2024-10-03T08:57:06.029+0000] {processor.py:161} INFO - Started process (PID=4738) to work on /opt/airflow/dags/.cache/pip/http/0/2/c/b/6/02cb629f6ebb3e98446e2ad06c364c7831a1cbf5ddd60e1111e04b17
[2024-10-03T08:57:06.034+0000] {processor.py:830} INFO - Processing file /opt/airflow/dags/.cache/pip/http/0/2/c/b/6/02cb629f6ebb3e98446e2ad06c364c7831a1cbf5ddd60e1111e04b17 for tasks to queue
[2024-10-03T08:57:06.036+0000] {logging_mixin.py:188} INFO - [2024-10-03T08:57:06.035+0000] {dagbag.py:545} INFO - Filling up the DagBag from /opt/airflow/dags/.cache/pip/http/0/2/c/b/6/02cb629f6ebb3e98446e2ad06c364c7831a1cbf5ddd60e1111e04b17
[2024-10-03T08:57:06.144+0000] {processor.py:842} WARNING - No viable dags retrieved from /opt/airflow/dags/.cache/pip/http/0/2/c/b/6/02cb629f6ebb3e98446e2ad06c364c7831a1cbf5ddd60e1111e04b17
[2024-10-03T08:57:06.166+0000] {processor.py:183} INFO - Processing /opt/airflow/dags/.cache/pip/http/0/2/c/b/6/02cb629f6ebb3e98446e2ad06c364c7831a1cbf5ddd60e1111e04b17 took 0.145 seconds
