[2024-10-03T08:42:04.285+0000] {processor.py:161} INFO - Started process (PID=438) to work on /opt/airflow/dags/.cache/pip/http/2/8/5/6/2/2856212ad6c675e9dba78112bd5b6d2fba2cf15d2170e9d2f2dfce81
[2024-10-03T08:42:04.285+0000] {processor.py:830} INFO - Processing file /opt/airflow/dags/.cache/pip/http/2/8/5/6/2/2856212ad6c675e9dba78112bd5b6d2fba2cf15d2170e9d2f2dfce81 for tasks to queue
[2024-10-03T08:42:04.288+0000] {logging_mixin.py:188} INFO - [2024-10-03T08:42:04.287+0000] {dagbag.py:545} INFO - Filling up the DagBag from /opt/airflow/dags/.cache/pip/http/2/8/5/6/2/2856212ad6c675e9dba78112bd5b6d2fba2cf15d2170e9d2f2dfce81
[2024-10-03T08:42:04.306+0000] {processor.py:842} WARNING - No viable dags retrieved from /opt/airflow/dags/.cache/pip/http/2/8/5/6/2/2856212ad6c675e9dba78112bd5b6d2fba2cf15d2170e9d2f2dfce81
[2024-10-03T08:42:04.316+0000] {processor.py:183} INFO - Processing /opt/airflow/dags/.cache/pip/http/2/8/5/6/2/2856212ad6c675e9dba78112bd5b6d2fba2cf15d2170e9d2f2dfce81 took 0.036 seconds
[2024-10-03T08:42:39.488+0000] {processor.py:161} INFO - Started process (PID=682) to work on /opt/airflow/dags/.cache/pip/http/2/8/5/6/2/2856212ad6c675e9dba78112bd5b6d2fba2cf15d2170e9d2f2dfce81
[2024-10-03T08:42:39.490+0000] {processor.py:830} INFO - Processing file /opt/airflow/dags/.cache/pip/http/2/8/5/6/2/2856212ad6c675e9dba78112bd5b6d2fba2cf15d2170e9d2f2dfce81 for tasks to queue
[2024-10-03T08:42:39.492+0000] {logging_mixin.py:188} INFO - [2024-10-03T08:42:39.492+0000] {dagbag.py:545} INFO - Filling up the DagBag from /opt/airflow/dags/.cache/pip/http/2/8/5/6/2/2856212ad6c675e9dba78112bd5b6d2fba2cf15d2170e9d2f2dfce81
[2024-10-03T08:42:39.517+0000] {processor.py:842} WARNING - No viable dags retrieved from /opt/airflow/dags/.cache/pip/http/2/8/5/6/2/2856212ad6c675e9dba78112bd5b6d2fba2cf15d2170e9d2f2dfce81
[2024-10-03T08:42:39.533+0000] {processor.py:183} INFO - Processing /opt/airflow/dags/.cache/pip/http/2/8/5/6/2/2856212ad6c675e9dba78112bd5b6d2fba2cf15d2170e9d2f2dfce81 took 0.053 seconds
[2024-10-03T08:43:12.569+0000] {processor.py:161} INFO - Started process (PID=924) to work on /opt/airflow/dags/.cache/pip/http/2/8/5/6/2/2856212ad6c675e9dba78112bd5b6d2fba2cf15d2170e9d2f2dfce81
[2024-10-03T08:43:12.571+0000] {processor.py:830} INFO - Processing file /opt/airflow/dags/.cache/pip/http/2/8/5/6/2/2856212ad6c675e9dba78112bd5b6d2fba2cf15d2170e9d2f2dfce81 for tasks to queue
[2024-10-03T08:43:12.574+0000] {logging_mixin.py:188} INFO - [2024-10-03T08:43:12.574+0000] {dagbag.py:545} INFO - Filling up the DagBag from /opt/airflow/dags/.cache/pip/http/2/8/5/6/2/2856212ad6c675e9dba78112bd5b6d2fba2cf15d2170e9d2f2dfce81
[2024-10-03T08:43:12.613+0000] {processor.py:842} WARNING - No viable dags retrieved from /opt/airflow/dags/.cache/pip/http/2/8/5/6/2/2856212ad6c675e9dba78112bd5b6d2fba2cf15d2170e9d2f2dfce81
[2024-10-03T08:43:12.637+0000] {processor.py:183} INFO - Processing /opt/airflow/dags/.cache/pip/http/2/8/5/6/2/2856212ad6c675e9dba78112bd5b6d2fba2cf15d2170e9d2f2dfce81 took 0.077 seconds
[2024-10-03T08:43:45.036+0000] {processor.py:161} INFO - Started process (PID=1167) to work on /opt/airflow/dags/.cache/pip/http/2/8/5/6/2/2856212ad6c675e9dba78112bd5b6d2fba2cf15d2170e9d2f2dfce81
[2024-10-03T08:43:45.039+0000] {processor.py:830} INFO - Processing file /opt/airflow/dags/.cache/pip/http/2/8/5/6/2/2856212ad6c675e9dba78112bd5b6d2fba2cf15d2170e9d2f2dfce81 for tasks to queue
[2024-10-03T08:43:45.040+0000] {logging_mixin.py:188} INFO - [2024-10-03T08:43:45.040+0000] {dagbag.py:545} INFO - Filling up the DagBag from /opt/airflow/dags/.cache/pip/http/2/8/5/6/2/2856212ad6c675e9dba78112bd5b6d2fba2cf15d2170e9d2f2dfce81
[2024-10-03T08:43:45.056+0000] {processor.py:842} WARNING - No viable dags retrieved from /opt/airflow/dags/.cache/pip/http/2/8/5/6/2/2856212ad6c675e9dba78112bd5b6d2fba2cf15d2170e9d2f2dfce81
[2024-10-03T08:43:45.068+0000] {processor.py:183} INFO - Processing /opt/airflow/dags/.cache/pip/http/2/8/5/6/2/2856212ad6c675e9dba78112bd5b6d2fba2cf15d2170e9d2f2dfce81 took 0.037 seconds
[2024-10-03T08:44:17.234+0000] {processor.py:161} INFO - Started process (PID=1415) to work on /opt/airflow/dags/.cache/pip/http/2/8/5/6/2/2856212ad6c675e9dba78112bd5b6d2fba2cf15d2170e9d2f2dfce81
[2024-10-03T08:44:17.236+0000] {processor.py:830} INFO - Processing file /opt/airflow/dags/.cache/pip/http/2/8/5/6/2/2856212ad6c675e9dba78112bd5b6d2fba2cf15d2170e9d2f2dfce81 for tasks to queue
[2024-10-03T08:44:17.238+0000] {logging_mixin.py:188} INFO - [2024-10-03T08:44:17.238+0000] {dagbag.py:545} INFO - Filling up the DagBag from /opt/airflow/dags/.cache/pip/http/2/8/5/6/2/2856212ad6c675e9dba78112bd5b6d2fba2cf15d2170e9d2f2dfce81
[2024-10-03T08:44:17.262+0000] {processor.py:842} WARNING - No viable dags retrieved from /opt/airflow/dags/.cache/pip/http/2/8/5/6/2/2856212ad6c675e9dba78112bd5b6d2fba2cf15d2170e9d2f2dfce81
[2024-10-03T08:44:17.281+0000] {processor.py:183} INFO - Processing /opt/airflow/dags/.cache/pip/http/2/8/5/6/2/2856212ad6c675e9dba78112bd5b6d2fba2cf15d2170e9d2f2dfce81 took 0.053 seconds
[2024-10-03T08:44:50.303+0000] {processor.py:161} INFO - Started process (PID=1657) to work on /opt/airflow/dags/.cache/pip/http/2/8/5/6/2/2856212ad6c675e9dba78112bd5b6d2fba2cf15d2170e9d2f2dfce81
[2024-10-03T08:44:50.305+0000] {processor.py:830} INFO - Processing file /opt/airflow/dags/.cache/pip/http/2/8/5/6/2/2856212ad6c675e9dba78112bd5b6d2fba2cf15d2170e9d2f2dfce81 for tasks to queue
[2024-10-03T08:44:50.308+0000] {logging_mixin.py:188} INFO - [2024-10-03T08:44:50.308+0000] {dagbag.py:545} INFO - Filling up the DagBag from /opt/airflow/dags/.cache/pip/http/2/8/5/6/2/2856212ad6c675e9dba78112bd5b6d2fba2cf15d2170e9d2f2dfce81
[2024-10-03T08:44:50.361+0000] {processor.py:842} WARNING - No viable dags retrieved from /opt/airflow/dags/.cache/pip/http/2/8/5/6/2/2856212ad6c675e9dba78112bd5b6d2fba2cf15d2170e9d2f2dfce81
[2024-10-03T08:44:50.383+0000] {processor.py:183} INFO - Processing /opt/airflow/dags/.cache/pip/http/2/8/5/6/2/2856212ad6c675e9dba78112bd5b6d2fba2cf15d2170e9d2f2dfce81 took 0.089 seconds
[2024-10-03T08:45:25.064+0000] {processor.py:161} INFO - Started process (PID=1899) to work on /opt/airflow/dags/.cache/pip/http/2/8/5/6/2/2856212ad6c675e9dba78112bd5b6d2fba2cf15d2170e9d2f2dfce81
[2024-10-03T08:45:25.066+0000] {processor.py:830} INFO - Processing file /opt/airflow/dags/.cache/pip/http/2/8/5/6/2/2856212ad6c675e9dba78112bd5b6d2fba2cf15d2170e9d2f2dfce81 for tasks to queue
[2024-10-03T08:45:25.070+0000] {logging_mixin.py:188} INFO - [2024-10-03T08:45:25.069+0000] {dagbag.py:545} INFO - Filling up the DagBag from /opt/airflow/dags/.cache/pip/http/2/8/5/6/2/2856212ad6c675e9dba78112bd5b6d2fba2cf15d2170e9d2f2dfce81
[2024-10-03T08:45:25.130+0000] {processor.py:842} WARNING - No viable dags retrieved from /opt/airflow/dags/.cache/pip/http/2/8/5/6/2/2856212ad6c675e9dba78112bd5b6d2fba2cf15d2170e9d2f2dfce81
[2024-10-03T08:45:25.157+0000] {processor.py:183} INFO - Processing /opt/airflow/dags/.cache/pip/http/2/8/5/6/2/2856212ad6c675e9dba78112bd5b6d2fba2cf15d2170e9d2f2dfce81 took 0.107 seconds
[2024-10-03T08:45:55.732+0000] {processor.py:161} INFO - Started process (PID=2140) to work on /opt/airflow/dags/.cache/pip/http/2/8/5/6/2/2856212ad6c675e9dba78112bd5b6d2fba2cf15d2170e9d2f2dfce81
[2024-10-03T08:45:55.733+0000] {processor.py:830} INFO - Processing file /opt/airflow/dags/.cache/pip/http/2/8/5/6/2/2856212ad6c675e9dba78112bd5b6d2fba2cf15d2170e9d2f2dfce81 for tasks to queue
[2024-10-03T08:45:55.736+0000] {logging_mixin.py:188} INFO - [2024-10-03T08:45:55.736+0000] {dagbag.py:545} INFO - Filling up the DagBag from /opt/airflow/dags/.cache/pip/http/2/8/5/6/2/2856212ad6c675e9dba78112bd5b6d2fba2cf15d2170e9d2f2dfce81
[2024-10-03T08:45:55.767+0000] {processor.py:842} WARNING - No viable dags retrieved from /opt/airflow/dags/.cache/pip/http/2/8/5/6/2/2856212ad6c675e9dba78112bd5b6d2fba2cf15d2170e9d2f2dfce81
[2024-10-03T08:45:55.793+0000] {processor.py:183} INFO - Processing /opt/airflow/dags/.cache/pip/http/2/8/5/6/2/2856212ad6c675e9dba78112bd5b6d2fba2cf15d2170e9d2f2dfce81 took 0.071 seconds
[2024-10-03T08:46:26.338+0000] {processor.py:161} INFO - Started process (PID=2382) to work on /opt/airflow/dags/.cache/pip/http/2/8/5/6/2/2856212ad6c675e9dba78112bd5b6d2fba2cf15d2170e9d2f2dfce81
[2024-10-03T08:46:26.340+0000] {processor.py:830} INFO - Processing file /opt/airflow/dags/.cache/pip/http/2/8/5/6/2/2856212ad6c675e9dba78112bd5b6d2fba2cf15d2170e9d2f2dfce81 for tasks to queue
[2024-10-03T08:46:26.342+0000] {logging_mixin.py:188} INFO - [2024-10-03T08:46:26.342+0000] {dagbag.py:545} INFO - Filling up the DagBag from /opt/airflow/dags/.cache/pip/http/2/8/5/6/2/2856212ad6c675e9dba78112bd5b6d2fba2cf15d2170e9d2f2dfce81
[2024-10-03T08:46:26.367+0000] {processor.py:842} WARNING - No viable dags retrieved from /opt/airflow/dags/.cache/pip/http/2/8/5/6/2/2856212ad6c675e9dba78112bd5b6d2fba2cf15d2170e9d2f2dfce81
[2024-10-03T08:46:26.384+0000] {processor.py:183} INFO - Processing /opt/airflow/dags/.cache/pip/http/2/8/5/6/2/2856212ad6c675e9dba78112bd5b6d2fba2cf15d2170e9d2f2dfce81 took 0.054 seconds
[2024-10-03T08:47:16.377+0000] {processor.py:161} INFO - Started process (PID=2624) to work on /opt/airflow/dags/.cache/pip/http/2/8/5/6/2/2856212ad6c675e9dba78112bd5b6d2fba2cf15d2170e9d2f2dfce81
[2024-10-03T08:47:16.379+0000] {processor.py:830} INFO - Processing file /opt/airflow/dags/.cache/pip/http/2/8/5/6/2/2856212ad6c675e9dba78112bd5b6d2fba2cf15d2170e9d2f2dfce81 for tasks to queue
[2024-10-03T08:47:16.382+0000] {logging_mixin.py:188} INFO - [2024-10-03T08:47:16.382+0000] {dagbag.py:545} INFO - Filling up the DagBag from /opt/airflow/dags/.cache/pip/http/2/8/5/6/2/2856212ad6c675e9dba78112bd5b6d2fba2cf15d2170e9d2f2dfce81
[2024-10-03T08:47:16.410+0000] {processor.py:842} WARNING - No viable dags retrieved from /opt/airflow/dags/.cache/pip/http/2/8/5/6/2/2856212ad6c675e9dba78112bd5b6d2fba2cf15d2170e9d2f2dfce81
[2024-10-03T08:47:16.430+0000] {processor.py:183} INFO - Processing /opt/airflow/dags/.cache/pip/http/2/8/5/6/2/2856212ad6c675e9dba78112bd5b6d2fba2cf15d2170e9d2f2dfce81 took 0.063 seconds
[2024-10-03T08:47:50.837+0000] {processor.py:161} INFO - Started process (PID=2872) to work on /opt/airflow/dags/.cache/pip/http/2/8/5/6/2/2856212ad6c675e9dba78112bd5b6d2fba2cf15d2170e9d2f2dfce81
[2024-10-03T08:47:50.839+0000] {processor.py:830} INFO - Processing file /opt/airflow/dags/.cache/pip/http/2/8/5/6/2/2856212ad6c675e9dba78112bd5b6d2fba2cf15d2170e9d2f2dfce81 for tasks to queue
[2024-10-03T08:47:50.843+0000] {logging_mixin.py:188} INFO - [2024-10-03T08:47:50.842+0000] {dagbag.py:545} INFO - Filling up the DagBag from /opt/airflow/dags/.cache/pip/http/2/8/5/6/2/2856212ad6c675e9dba78112bd5b6d2fba2cf15d2170e9d2f2dfce81
[2024-10-03T08:47:50.924+0000] {processor.py:842} WARNING - No viable dags retrieved from /opt/airflow/dags/.cache/pip/http/2/8/5/6/2/2856212ad6c675e9dba78112bd5b6d2fba2cf15d2170e9d2f2dfce81
[2024-10-03T08:47:50.950+0000] {processor.py:183} INFO - Processing /opt/airflow/dags/.cache/pip/http/2/8/5/6/2/2856212ad6c675e9dba78112bd5b6d2fba2cf15d2170e9d2f2dfce81 took 0.124 seconds
[2024-10-03T08:48:24.215+0000] {processor.py:161} INFO - Started process (PID=3114) to work on /opt/airflow/dags/.cache/pip/http/2/8/5/6/2/2856212ad6c675e9dba78112bd5b6d2fba2cf15d2170e9d2f2dfce81
[2024-10-03T08:48:24.216+0000] {processor.py:830} INFO - Processing file /opt/airflow/dags/.cache/pip/http/2/8/5/6/2/2856212ad6c675e9dba78112bd5b6d2fba2cf15d2170e9d2f2dfce81 for tasks to queue
[2024-10-03T08:48:24.217+0000] {logging_mixin.py:188} INFO - [2024-10-03T08:48:24.217+0000] {dagbag.py:545} INFO - Filling up the DagBag from /opt/airflow/dags/.cache/pip/http/2/8/5/6/2/2856212ad6c675e9dba78112bd5b6d2fba2cf15d2170e9d2f2dfce81
[2024-10-03T08:48:24.244+0000] {processor.py:842} WARNING - No viable dags retrieved from /opt/airflow/dags/.cache/pip/http/2/8/5/6/2/2856212ad6c675e9dba78112bd5b6d2fba2cf15d2170e9d2f2dfce81
[2024-10-03T08:48:24.254+0000] {processor.py:183} INFO - Processing /opt/airflow/dags/.cache/pip/http/2/8/5/6/2/2856212ad6c675e9dba78112bd5b6d2fba2cf15d2170e9d2f2dfce81 took 0.044 seconds
[2024-10-03T08:48:54.810+0000] {processor.py:161} INFO - Started process (PID=3356) to work on /opt/airflow/dags/.cache/pip/http/2/8/5/6/2/2856212ad6c675e9dba78112bd5b6d2fba2cf15d2170e9d2f2dfce81
[2024-10-03T08:48:54.811+0000] {processor.py:830} INFO - Processing file /opt/airflow/dags/.cache/pip/http/2/8/5/6/2/2856212ad6c675e9dba78112bd5b6d2fba2cf15d2170e9d2f2dfce81 for tasks to queue
[2024-10-03T08:48:54.813+0000] {logging_mixin.py:188} INFO - [2024-10-03T08:48:54.813+0000] {dagbag.py:545} INFO - Filling up the DagBag from /opt/airflow/dags/.cache/pip/http/2/8/5/6/2/2856212ad6c675e9dba78112bd5b6d2fba2cf15d2170e9d2f2dfce81
[2024-10-03T08:48:54.852+0000] {processor.py:842} WARNING - No viable dags retrieved from /opt/airflow/dags/.cache/pip/http/2/8/5/6/2/2856212ad6c675e9dba78112bd5b6d2fba2cf15d2170e9d2f2dfce81
[2024-10-03T08:48:54.869+0000] {processor.py:183} INFO - Processing /opt/airflow/dags/.cache/pip/http/2/8/5/6/2/2856212ad6c675e9dba78112bd5b6d2fba2cf15d2170e9d2f2dfce81 took 0.064 seconds
[2024-10-03T08:49:25.909+0000] {processor.py:161} INFO - Started process (PID=3598) to work on /opt/airflow/dags/.cache/pip/http/2/8/5/6/2/2856212ad6c675e9dba78112bd5b6d2fba2cf15d2170e9d2f2dfce81
[2024-10-03T08:49:25.910+0000] {processor.py:830} INFO - Processing file /opt/airflow/dags/.cache/pip/http/2/8/5/6/2/2856212ad6c675e9dba78112bd5b6d2fba2cf15d2170e9d2f2dfce81 for tasks to queue
[2024-10-03T08:49:25.912+0000] {logging_mixin.py:188} INFO - [2024-10-03T08:49:25.912+0000] {dagbag.py:545} INFO - Filling up the DagBag from /opt/airflow/dags/.cache/pip/http/2/8/5/6/2/2856212ad6c675e9dba78112bd5b6d2fba2cf15d2170e9d2f2dfce81
[2024-10-03T08:49:25.930+0000] {processor.py:842} WARNING - No viable dags retrieved from /opt/airflow/dags/.cache/pip/http/2/8/5/6/2/2856212ad6c675e9dba78112bd5b6d2fba2cf15d2170e9d2f2dfce81
[2024-10-03T08:49:25.948+0000] {processor.py:183} INFO - Processing /opt/airflow/dags/.cache/pip/http/2/8/5/6/2/2856212ad6c675e9dba78112bd5b6d2fba2cf15d2170e9d2f2dfce81 took 0.044 seconds
[2024-10-03T08:49:58.644+0000] {processor.py:161} INFO - Started process (PID=3841) to work on /opt/airflow/dags/.cache/pip/http/2/8/5/6/2/2856212ad6c675e9dba78112bd5b6d2fba2cf15d2170e9d2f2dfce81
[2024-10-03T08:49:58.645+0000] {processor.py:830} INFO - Processing file /opt/airflow/dags/.cache/pip/http/2/8/5/6/2/2856212ad6c675e9dba78112bd5b6d2fba2cf15d2170e9d2f2dfce81 for tasks to queue
[2024-10-03T08:49:58.648+0000] {logging_mixin.py:188} INFO - [2024-10-03T08:49:58.647+0000] {dagbag.py:545} INFO - Filling up the DagBag from /opt/airflow/dags/.cache/pip/http/2/8/5/6/2/2856212ad6c675e9dba78112bd5b6d2fba2cf15d2170e9d2f2dfce81
[2024-10-03T08:49:58.666+0000] {processor.py:842} WARNING - No viable dags retrieved from /opt/airflow/dags/.cache/pip/http/2/8/5/6/2/2856212ad6c675e9dba78112bd5b6d2fba2cf15d2170e9d2f2dfce81
[2024-10-03T08:49:58.677+0000] {processor.py:183} INFO - Processing /opt/airflow/dags/.cache/pip/http/2/8/5/6/2/2856212ad6c675e9dba78112bd5b6d2fba2cf15d2170e9d2f2dfce81 took 0.037 seconds
[2024-10-03T08:50:31.738+0000] {processor.py:161} INFO - Started process (PID=4083) to work on /opt/airflow/dags/.cache/pip/http/2/8/5/6/2/2856212ad6c675e9dba78112bd5b6d2fba2cf15d2170e9d2f2dfce81
[2024-10-03T08:50:31.739+0000] {processor.py:830} INFO - Processing file /opt/airflow/dags/.cache/pip/http/2/8/5/6/2/2856212ad6c675e9dba78112bd5b6d2fba2cf15d2170e9d2f2dfce81 for tasks to queue
[2024-10-03T08:50:31.741+0000] {logging_mixin.py:188} INFO - [2024-10-03T08:50:31.741+0000] {dagbag.py:545} INFO - Filling up the DagBag from /opt/airflow/dags/.cache/pip/http/2/8/5/6/2/2856212ad6c675e9dba78112bd5b6d2fba2cf15d2170e9d2f2dfce81
[2024-10-03T08:50:31.757+0000] {processor.py:842} WARNING - No viable dags retrieved from /opt/airflow/dags/.cache/pip/http/2/8/5/6/2/2856212ad6c675e9dba78112bd5b6d2fba2cf15d2170e9d2f2dfce81
[2024-10-03T08:50:31.767+0000] {processor.py:183} INFO - Processing /opt/airflow/dags/.cache/pip/http/2/8/5/6/2/2856212ad6c675e9dba78112bd5b6d2fba2cf15d2170e9d2f2dfce81 took 0.033 seconds
[2024-10-03T08:56:33.251+0000] {processor.py:161} INFO - Started process (PID=4471) to work on /opt/airflow/dags/.cache/pip/http/2/8/5/6/2/2856212ad6c675e9dba78112bd5b6d2fba2cf15d2170e9d2f2dfce81
[2024-10-03T08:56:33.252+0000] {processor.py:830} INFO - Processing file /opt/airflow/dags/.cache/pip/http/2/8/5/6/2/2856212ad6c675e9dba78112bd5b6d2fba2cf15d2170e9d2f2dfce81 for tasks to queue
[2024-10-03T08:56:33.253+0000] {logging_mixin.py:188} INFO - [2024-10-03T08:56:33.252+0000] {dagbag.py:545} INFO - Filling up the DagBag from /opt/airflow/dags/.cache/pip/http/2/8/5/6/2/2856212ad6c675e9dba78112bd5b6d2fba2cf15d2170e9d2f2dfce81
[2024-10-03T08:56:33.271+0000] {processor.py:842} WARNING - No viable dags retrieved from /opt/airflow/dags/.cache/pip/http/2/8/5/6/2/2856212ad6c675e9dba78112bd5b6d2fba2cf15d2170e9d2f2dfce81
[2024-10-03T08:56:33.284+0000] {processor.py:183} INFO - Processing /opt/airflow/dags/.cache/pip/http/2/8/5/6/2/2856212ad6c675e9dba78112bd5b6d2fba2cf15d2170e9d2f2dfce81 took 0.038 seconds
[2024-10-03T08:57:05.086+0000] {processor.py:161} INFO - Started process (PID=4723) to work on /opt/airflow/dags/.cache/pip/http/2/8/5/6/2/2856212ad6c675e9dba78112bd5b6d2fba2cf15d2170e9d2f2dfce81
[2024-10-03T08:57:05.087+0000] {processor.py:830} INFO - Processing file /opt/airflow/dags/.cache/pip/http/2/8/5/6/2/2856212ad6c675e9dba78112bd5b6d2fba2cf15d2170e9d2f2dfce81 for tasks to queue
[2024-10-03T08:57:05.088+0000] {logging_mixin.py:188} INFO - [2024-10-03T08:57:05.088+0000] {dagbag.py:545} INFO - Filling up the DagBag from /opt/airflow/dags/.cache/pip/http/2/8/5/6/2/2856212ad6c675e9dba78112bd5b6d2fba2cf15d2170e9d2f2dfce81
[2024-10-03T08:57:05.109+0000] {processor.py:842} WARNING - No viable dags retrieved from /opt/airflow/dags/.cache/pip/http/2/8/5/6/2/2856212ad6c675e9dba78112bd5b6d2fba2cf15d2170e9d2f2dfce81
[2024-10-03T08:57:05.122+0000] {processor.py:183} INFO - Processing /opt/airflow/dags/.cache/pip/http/2/8/5/6/2/2856212ad6c675e9dba78112bd5b6d2fba2cf15d2170e9d2f2dfce81 took 0.041 seconds
