[2024-10-04T12:51:49.466+0000] {local_task_job_runner.py:120} INFO - ::group::Pre task execution logs
[2024-10-04T12:51:49.488+0000] {taskinstance.py:2076} INFO - Dependencies all met for dep_context=non-requeueable deps ti=<TaskInstance: Alex_Trigolos.task_get_data manual__2024-10-04T12:51:42.334164+00:00 [queued]>
[2024-10-04T12:51:49.499+0000] {taskinstance.py:2076} INFO - Dependencies all met for dep_context=requeueable deps ti=<TaskInstance: Alex_Trigolos.task_get_data manual__2024-10-04T12:51:42.334164+00:00 [queued]>
[2024-10-04T12:51:49.501+0000] {taskinstance.py:2306} INFO - Starting attempt 1 of 1
[2024-10-04T12:51:49.517+0000] {taskinstance.py:2330} INFO - Executing <Task(PythonOperator): task_get_data> on 2024-10-04 12:51:42.334164+00:00
[2024-10-04T12:51:49.532+0000] {standard_task_runner.py:64} INFO - Started process 85524 to run task
[2024-10-04T12:51:49.535+0000] {standard_task_runner.py:90} INFO - Running: ['***', 'tasks', 'run', 'Alex_Trigolos', 'task_get_data', 'manual__2024-10-04T12:51:42.334164+00:00', '--job-id', '868', '--raw', '--subdir', 'DAGS_FOLDER/***/dags/project.py', '--cfg-path', '/tmp/tmpfk52fpdq']
[2024-10-04T12:51:49.538+0000] {standard_task_runner.py:91} INFO - Job 868: Subtask task_get_data
[2024-10-04T12:51:49.633+0000] {task_command.py:426} INFO - Running <TaskInstance: Alex_Trigolos.task_get_data manual__2024-10-04T12:51:42.334164+00:00 [running]> on host 4b5f1410d111
[2024-10-04T12:51:49.799+0000] {taskinstance.py:2648} INFO - Exporting env vars: AIRFLOW_CTX_DAG_EMAIL='alexvlg34@gmail.com' AIRFLOW_CTX_DAG_OWNER='Alex Trigolos' AIRFLOW_CTX_DAG_ID='Alex_Trigolos' AIRFLOW_CTX_TASK_ID='task_get_data' AIRFLOW_CTX_EXECUTION_DATE='2024-10-04T12:51:42.334164+00:00' AIRFLOW_CTX_TRY_NUMBER='1' AIRFLOW_CTX_DAG_RUN_ID='manual__2024-10-04T12:51:42.334164+00:00'
[2024-10-04T12:51:49.800+0000] {taskinstance.py:430} INFO - ::endgroup::
[2024-10-04T12:51:49.817+0000] {project.py:118} INFO - Get data...
[2024-10-04T12:51:50.726+0000] {base.py:84} INFO - Using connection ID 's3_connection' for task execution.
[2024-10-04T12:51:50.727+0000] {connection_wrapper.py:388} INFO - AWS Connection (conn_id='s3_connection', conn_type='aws') credentials retrieved from login and password.
[2024-10-04T12:51:51.343+0000] {project.py:130} INFO - Finish get data.
[2024-10-04T12:51:51.344+0000] {python.py:237} INFO - Done. Returned value was: None
[2024-10-04T12:51:51.346+0000] {taskinstance.py:441} INFO - ::group::Post task execution logs
[2024-10-04T12:51:51.359+0000] {taskinstance.py:1206} INFO - Marking task as SUCCESS. dag_id=Alex_Trigolos, task_id=task_get_data, run_id=manual__2024-10-04T12:51:42.334164+00:00, execution_date=20241004T125142, start_date=20241004T125149, end_date=20241004T125151
[2024-10-04T12:51:51.406+0000] {local_task_job_runner.py:243} INFO - Task exited with return code 0
[2024-10-04T12:51:51.442+0000] {taskinstance.py:3503} INFO - 1 downstream tasks scheduled from follow-on schedule check
[2024-10-04T12:51:51.445+0000] {local_task_job_runner.py:222} INFO - ::endgroup::
