[2024-09-22T16:56:28.804+0000] {local_task_job_runner.py:120} INFO - ::group::Pre task execution logs
[2024-09-22T16:56:28.831+0000] {taskinstance.py:2076} INFO - Dependencies all met for dep_context=non-requeueable deps ti=<TaskInstance: train_dag.train_model manual__2024-09-22T16:56:16.086945+00:00 [queued]>
[2024-09-22T16:56:28.844+0000] {taskinstance.py:2076} INFO - Dependencies all met for dep_context=requeueable deps ti=<TaskInstance: train_dag.train_model manual__2024-09-22T16:56:16.086945+00:00 [queued]>
[2024-09-22T16:56:28.847+0000] {taskinstance.py:2306} INFO - Starting attempt 1 of 1
[2024-09-22T16:56:28.868+0000] {taskinstance.py:2330} INFO - Executing <Task(PythonOperator): train_model> on 2024-09-22 16:56:16.086945+00:00
[2024-09-22T16:56:28.884+0000] {standard_task_runner.py:64} INFO - Started process 1201 to run task
[2024-09-22T16:56:28.887+0000] {standard_task_runner.py:90} INFO - Running: ['***', 'tasks', 'run', 'train_dag', 'train_model', 'manual__2024-09-22T16:56:16.086945+00:00', '--job-id', '133', '--raw', '--subdir', 'DAGS_FOLDER/***/dags/.ipynb_checkpoints/train_dag-checkpoint.py', '--cfg-path', '/tmp/tmpyqy3d_3g']
[2024-09-22T16:56:28.890+0000] {standard_task_runner.py:91} INFO - Job 133: Subtask train_model
[2024-09-22T16:56:28.965+0000] {task_command.py:426} INFO - Running <TaskInstance: train_dag.train_model manual__2024-09-22T16:56:16.086945+00:00 [running]> on host 7264ce263e34
[2024-09-22T16:56:29.074+0000] {taskinstance.py:2648} INFO - Exporting env vars: AIRFLOW_CTX_DAG_EMAIL='alexvlg34@gmail.com' AIRFLOW_CTX_DAG_OWNER='Alex Trigolos' AIRFLOW_CTX_DAG_ID='train_dag' AIRFLOW_CTX_TASK_ID='train_model' AIRFLOW_CTX_EXECUTION_DATE='2024-09-22T16:56:16.086945+00:00' AIRFLOW_CTX_TRY_NUMBER='1' AIRFLOW_CTX_DAG_RUN_ID='manual__2024-09-22T16:56:16.086945+00:00'
[2024-09-22T16:56:29.076+0000] {taskinstance.py:430} INFO - ::endgroup::
[2024-09-22T16:56:29.228+0000] {logging_mixin.py:188} INFO - Fitting 5 folds for each of 2 candidates, totalling 10 fits
[2024-09-22T16:56:29.394+0000] {logging_mixin.py:188} INFO - [CV] END ......................max_depth=1, n_estimators=100; total time=   0.2s
[2024-09-22T16:56:29.551+0000] {logging_mixin.py:188} INFO - [CV] END ......................max_depth=1, n_estimators=100; total time=   0.2s
[2024-09-22T16:56:29.713+0000] {logging_mixin.py:188} INFO - [CV] END ......................max_depth=1, n_estimators=100; total time=   0.2s
[2024-09-22T16:56:29.874+0000] {logging_mixin.py:188} INFO - [CV] END ......................max_depth=1, n_estimators=100; total time=   0.2s
[2024-09-22T16:56:30.046+0000] {logging_mixin.py:188} INFO - [CV] END ......................max_depth=1, n_estimators=100; total time=   0.2s
[2024-09-22T16:56:30.282+0000] {logging_mixin.py:188} INFO - [CV] END ......................max_depth=1, n_estimators=150; total time=   0.2s
[2024-09-22T16:56:30.518+0000] {logging_mixin.py:188} INFO - [CV] END ......................max_depth=1, n_estimators=150; total time=   0.2s
[2024-09-22T16:56:30.847+0000] {logging_mixin.py:188} INFO - [CV] END ......................max_depth=1, n_estimators=150; total time=   0.2s
[2024-09-22T16:56:31.117+0000] {logging_mixin.py:188} INFO - [CV] END ......................max_depth=1, n_estimators=150; total time=   0.3s
[2024-09-22T16:56:31.366+0000] {logging_mixin.py:188} INFO - [CV] END ......................max_depth=1, n_estimators=150; total time=   0.2s
[2024-09-22T16:56:31.767+0000] {python.py:237} INFO - Done. Returned value was: None
[2024-09-22T16:56:31.768+0000] {taskinstance.py:441} INFO - ::group::Post task execution logs
[2024-09-22T16:56:31.778+0000] {taskinstance.py:1206} INFO - Marking task as SUCCESS. dag_id=train_dag, task_id=train_model, run_id=manual__2024-09-22T16:56:16.086945+00:00, execution_date=20240922T165616, start_date=20240922T165628, end_date=20240922T165631
[2024-09-22T16:56:31.867+0000] {local_task_job_runner.py:243} INFO - Task exited with return code 0
[2024-09-22T16:56:31.902+0000] {taskinstance.py:3503} INFO - 1 downstream tasks scheduled from follow-on schedule check
[2024-09-22T16:56:31.918+0000] {local_task_job_runner.py:222} INFO - ::endgroup::
