[2024-09-24T20:37:02.607+0000] {local_task_job_runner.py:120} INFO - ::group::Pre task execution logs
[2024-09-24T20:37:02.622+0000] {taskinstance.py:2076} INFO - Dependencies all met for dep_context=non-requeueable deps ti=<TaskInstance: decision_tree_classifier_dag.dtc_save_results manual__2024-09-24T20:36:45.509040+00:00 [queued]>
[2024-09-24T20:37:02.628+0000] {taskinstance.py:2076} INFO - Dependencies all met for dep_context=requeueable deps ti=<TaskInstance: decision_tree_classifier_dag.dtc_save_results manual__2024-09-24T20:36:45.509040+00:00 [queued]>
[2024-09-24T20:37:02.629+0000] {taskinstance.py:2306} INFO - Starting attempt 1 of 1
[2024-09-24T20:37:02.639+0000] {taskinstance.py:2330} INFO - Executing <Task(PythonOperator): dtc_save_results> on 2024-09-24 20:36:45.509040+00:00
[2024-09-24T20:37:02.648+0000] {standard_task_runner.py:64} INFO - Started process 5025 to run task
[2024-09-24T20:37:02.650+0000] {standard_task_runner.py:90} INFO - Running: ['***', 'tasks', 'run', 'decision_tree_classifier_dag', 'dtc_save_results', 'manual__2024-09-24T20:36:45.509040+00:00', '--job-id', '570', '--raw', '--subdir', 'DAGS_FOLDER/***/dags/.ipynb_checkpoints/hw1-checkpoint.py', '--cfg-path', '/tmp/tmpom5bj2x3']
[2024-09-24T20:37:02.652+0000] {standard_task_runner.py:91} INFO - Job 570: Subtask dtc_save_results
[2024-09-24T20:37:02.687+0000] {task_command.py:426} INFO - Running <TaskInstance: decision_tree_classifier_dag.dtc_save_results manual__2024-09-24T20:36:45.509040+00:00 [running]> on host 82997fc6deb7
[2024-09-24T20:37:02.745+0000] {taskinstance.py:2648} INFO - Exporting env vars: AIRFLOW_CTX_DAG_EMAIL='alexvlg34@gmail.com' AIRFLOW_CTX_DAG_OWNER='Alex Trigolos' AIRFLOW_CTX_DAG_ID='decision_tree_classifier_dag' AIRFLOW_CTX_TASK_ID='dtc_save_results' AIRFLOW_CTX_EXECUTION_DATE='2024-09-24T20:36:45.509040+00:00' AIRFLOW_CTX_TRY_NUMBER='1' AIRFLOW_CTX_DAG_RUN_ID='manual__2024-09-24T20:36:45.509040+00:00'
[2024-09-24T20:37:02.746+0000] {taskinstance.py:430} INFO - ::endgroup::
[2024-09-24T20:37:02.754+0000] {hw1-checkpoint.py:167} INFO - Save metrics...
[2024-09-24T20:37:02.820+0000] {base.py:84} INFO - Using connection ID 's3_connection' for task execution.
[2024-09-24T20:37:02.821+0000] {connection_wrapper.py:388} INFO - AWS Connection (conn_id='s3_connection', conn_type='aws') credentials retrieved from login and password.
[2024-09-24T20:37:03.301+0000] {hw1-checkpoint.py:194} INFO - DONE!!!
[2024-09-24T20:37:03.303+0000] {python.py:237} INFO - Done. Returned value was: None
[2024-09-24T20:37:03.303+0000] {taskinstance.py:441} INFO - ::group::Post task execution logs
[2024-09-24T20:37:03.311+0000] {taskinstance.py:1206} INFO - Marking task as SUCCESS. dag_id=decision_tree_classifier_dag, task_id=dtc_save_results, run_id=manual__2024-09-24T20:36:45.509040+00:00, execution_date=20240924T203645, start_date=20240924T203702, end_date=20240924T203703
[2024-09-24T20:37:03.386+0000] {local_task_job_runner.py:243} INFO - Task exited with return code 0
[2024-09-24T20:37:03.402+0000] {taskinstance.py:3503} INFO - 0 downstream tasks scheduled from follow-on schedule check
[2024-09-24T20:37:03.404+0000] {local_task_job_runner.py:222} INFO - ::endgroup::
