[2024-10-04T12:55:30.099+0000] {local_task_job_runner.py:120} INFO - ::group::Pre task execution logs
[2024-10-04T12:55:30.127+0000] {taskinstance.py:2076} INFO - Dependencies all met for dep_context=non-requeueable deps ti=<TaskInstance: Alex_Trigolos.task_prepare_data manual__2024-10-04T12:55:18.791316+00:00 [queued]>
[2024-10-04T12:55:30.139+0000] {taskinstance.py:2076} INFO - Dependencies all met for dep_context=requeueable deps ti=<TaskInstance: Alex_Trigolos.task_prepare_data manual__2024-10-04T12:55:18.791316+00:00 [queued]>
[2024-10-04T12:55:30.141+0000] {taskinstance.py:2306} INFO - Starting attempt 1 of 1
[2024-10-04T12:55:30.160+0000] {taskinstance.py:2330} INFO - Executing <Task(PythonOperator): task_prepare_data> on 2024-10-04 12:55:18.791316+00:00
[2024-10-04T12:55:30.176+0000] {standard_task_runner.py:64} INFO - Started process 87970 to run task
[2024-10-04T12:55:30.179+0000] {standard_task_runner.py:90} INFO - Running: ['***', 'tasks', 'run', 'Alex_Trigolos', 'task_prepare_data', 'manual__2024-10-04T12:55:18.791316+00:00', '--job-id', '881', '--raw', '--subdir', 'DAGS_FOLDER/***/dags/.ipynb_checkpoints/project-checkpoint.py', '--cfg-path', '/tmp/tmp58naqcny']
[2024-10-04T12:55:30.189+0000] {standard_task_runner.py:91} INFO - Job 881: Subtask task_prepare_data
[2024-10-04T12:55:30.262+0000] {task_command.py:426} INFO - Running <TaskInstance: Alex_Trigolos.task_prepare_data manual__2024-10-04T12:55:18.791316+00:00 [running]> on host 4b5f1410d111
[2024-10-04T12:55:30.375+0000] {taskinstance.py:2648} INFO - Exporting env vars: AIRFLOW_CTX_DAG_EMAIL='alexvlg34@gmail.com' AIRFLOW_CTX_DAG_OWNER='Alex Trigolos' AIRFLOW_CTX_DAG_ID='Alex_Trigolos' AIRFLOW_CTX_TASK_ID='task_prepare_data' AIRFLOW_CTX_EXECUTION_DATE='2024-10-04T12:55:18.791316+00:00' AIRFLOW_CTX_TRY_NUMBER='1' AIRFLOW_CTX_DAG_RUN_ID='manual__2024-10-04T12:55:18.791316+00:00'
[2024-10-04T12:55:30.377+0000] {taskinstance.py:430} INFO - ::endgroup::
[2024-10-04T12:55:30.394+0000] {project-checkpoint.py:135} INFO - Prepare data...
[2024-10-04T12:55:30.395+0000] {s3.py:1422} INFO - Downloading source S3 file from Bucket testmlops with path AlexTrigolos/project/datasets/dataset.pkl
[2024-10-04T12:55:30.407+0000] {base.py:84} INFO - Using connection ID 's3_connection' for task execution.
[2024-10-04T12:55:30.409+0000] {connection_wrapper.py:388} INFO - AWS Connection (conn_id='s3_connection', conn_type='aws') credentials retrieved from login and password.
[2024-10-04T12:55:30.716+0000] {project-checkpoint.py:94} INFO - /tmp/***_tmp_irztnc50
[2024-10-04T12:55:30.810+0000] {base.py:84} INFO - Using connection ID 's3_connection' for task execution.
[2024-10-04T12:55:30.812+0000] {connection_wrapper.py:388} INFO - AWS Connection (conn_id='s3_connection', conn_type='aws') credentials retrieved from login and password.
[2024-10-04T12:55:31.358+0000] {base.py:84} INFO - Using connection ID 's3_connection' for task execution.
[2024-10-04T12:55:31.371+0000] {connection_wrapper.py:388} INFO - AWS Connection (conn_id='s3_connection', conn_type='aws') credentials retrieved from login and password.
[2024-10-04T12:55:31.922+0000] {base.py:84} INFO - Using connection ID 's3_connection' for task execution.
[2024-10-04T12:55:31.923+0000] {connection_wrapper.py:388} INFO - AWS Connection (conn_id='s3_connection', conn_type='aws') credentials retrieved from login and password.
[2024-10-04T12:55:32.138+0000] {base.py:84} INFO - Using connection ID 's3_connection' for task execution.
[2024-10-04T12:55:32.140+0000] {connection_wrapper.py:388} INFO - AWS Connection (conn_id='s3_connection', conn_type='aws') credentials retrieved from login and password.
[2024-10-04T12:55:32.346+0000] {base.py:84} INFO - Using connection ID 's3_connection' for task execution.
[2024-10-04T12:55:32.347+0000] {connection_wrapper.py:388} INFO - AWS Connection (conn_id='s3_connection', conn_type='aws') credentials retrieved from login and password.
[2024-10-04T12:55:32.575+0000] {base.py:84} INFO - Using connection ID 's3_connection' for task execution.
[2024-10-04T12:55:32.576+0000] {connection_wrapper.py:388} INFO - AWS Connection (conn_id='s3_connection', conn_type='aws') credentials retrieved from login and password.
[2024-10-04T12:55:32.816+0000] {project-checkpoint.py:165} INFO - Prepared data.
[2024-10-04T12:55:32.817+0000] {python.py:237} INFO - Done. Returned value was: None
[2024-10-04T12:55:32.819+0000] {taskinstance.py:441} INFO - ::group::Post task execution logs
[2024-10-04T12:55:32.834+0000] {taskinstance.py:1206} INFO - Marking task as SUCCESS. dag_id=Alex_Trigolos, task_id=task_prepare_data, run_id=manual__2024-10-04T12:55:18.791316+00:00, execution_date=20241004T125518, start_date=20241004T125530, end_date=20241004T125532
[2024-10-04T12:55:32.931+0000] {local_task_job_runner.py:243} INFO - Task exited with return code 0
[2024-10-04T12:55:32.969+0000] {taskinstance.py:3503} INFO - 3 downstream tasks scheduled from follow-on schedule check
[2024-10-04T12:55:32.973+0000] {local_task_job_runner.py:222} INFO - ::endgroup::
