[2024-10-04T12:51:55.116+0000] {local_task_job_runner.py:120} INFO - ::group::Pre task execution logs
[2024-10-04T12:51:55.138+0000] {taskinstance.py:2076} INFO - Dependencies all met for dep_context=non-requeueable deps ti=<TaskInstance: Alex_Trigolos.task_prepare_data manual__2024-10-04T12:51:42.334164+00:00 [queued]>
[2024-10-04T12:51:55.148+0000] {taskinstance.py:2076} INFO - Dependencies all met for dep_context=requeueable deps ti=<TaskInstance: Alex_Trigolos.task_prepare_data manual__2024-10-04T12:51:42.334164+00:00 [queued]>
[2024-10-04T12:51:55.150+0000] {taskinstance.py:2306} INFO - Starting attempt 1 of 1
[2024-10-04T12:51:55.168+0000] {taskinstance.py:2330} INFO - Executing <Task(PythonOperator): task_prepare_data> on 2024-10-04 12:51:42.334164+00:00
[2024-10-04T12:51:55.187+0000] {standard_task_runner.py:64} INFO - Started process 85622 to run task
[2024-10-04T12:51:55.193+0000] {standard_task_runner.py:90} INFO - Running: ['***', 'tasks', 'run', 'Alex_Trigolos', 'task_prepare_data', 'manual__2024-10-04T12:51:42.334164+00:00', '--job-id', '869', '--raw', '--subdir', 'DAGS_FOLDER/***/dags/project.py', '--cfg-path', '/tmp/tmpexxp2y5d']
[2024-10-04T12:51:55.196+0000] {standard_task_runner.py:91} INFO - Job 869: Subtask task_prepare_data
[2024-10-04T12:51:55.260+0000] {task_command.py:426} INFO - Running <TaskInstance: Alex_Trigolos.task_prepare_data manual__2024-10-04T12:51:42.334164+00:00 [running]> on host 4b5f1410d111
[2024-10-04T12:51:55.356+0000] {taskinstance.py:2648} INFO - Exporting env vars: AIRFLOW_CTX_DAG_EMAIL='alexvlg34@gmail.com' AIRFLOW_CTX_DAG_OWNER='Alex Trigolos' AIRFLOW_CTX_DAG_ID='Alex_Trigolos' AIRFLOW_CTX_TASK_ID='task_prepare_data' AIRFLOW_CTX_EXECUTION_DATE='2024-10-04T12:51:42.334164+00:00' AIRFLOW_CTX_TRY_NUMBER='1' AIRFLOW_CTX_DAG_RUN_ID='manual__2024-10-04T12:51:42.334164+00:00'
[2024-10-04T12:51:55.358+0000] {taskinstance.py:430} INFO - ::endgroup::
[2024-10-04T12:51:55.374+0000] {project.py:134} INFO - Prepare data...
[2024-10-04T12:51:55.375+0000] {s3.py:1422} INFO - Downloading source S3 file from Bucket testmlops with path AlexTrigolos/project/datasets/dataset.pkl
[2024-10-04T12:51:55.386+0000] {base.py:84} INFO - Using connection ID 's3_connection' for task execution.
[2024-10-04T12:51:55.387+0000] {connection_wrapper.py:388} INFO - AWS Connection (conn_id='s3_connection', conn_type='aws') credentials retrieved from login and password.
[2024-10-04T12:51:55.664+0000] {project.py:93} INFO - /tmp/***_tmp_ntpjqeqq
[2024-10-04T12:51:55.815+0000] {base.py:84} INFO - Using connection ID 's3_connection' for task execution.
[2024-10-04T12:51:55.816+0000] {connection_wrapper.py:388} INFO - AWS Connection (conn_id='s3_connection', conn_type='aws') credentials retrieved from login and password.
[2024-10-04T12:51:56.396+0000] {base.py:84} INFO - Using connection ID 's3_connection' for task execution.
[2024-10-04T12:51:56.398+0000] {connection_wrapper.py:388} INFO - AWS Connection (conn_id='s3_connection', conn_type='aws') credentials retrieved from login and password.
[2024-10-04T12:51:56.911+0000] {base.py:84} INFO - Using connection ID 's3_connection' for task execution.
[2024-10-04T12:51:56.912+0000] {connection_wrapper.py:388} INFO - AWS Connection (conn_id='s3_connection', conn_type='aws') credentials retrieved from login and password.
[2024-10-04T12:51:57.122+0000] {base.py:84} INFO - Using connection ID 's3_connection' for task execution.
[2024-10-04T12:51:57.133+0000] {connection_wrapper.py:388} INFO - AWS Connection (conn_id='s3_connection', conn_type='aws') credentials retrieved from login and password.
[2024-10-04T12:51:57.376+0000] {base.py:84} INFO - Using connection ID 's3_connection' for task execution.
[2024-10-04T12:51:57.380+0000] {connection_wrapper.py:388} INFO - AWS Connection (conn_id='s3_connection', conn_type='aws') credentials retrieved from login and password.
[2024-10-04T12:51:57.647+0000] {base.py:84} INFO - Using connection ID 's3_connection' for task execution.
[2024-10-04T12:51:57.652+0000] {connection_wrapper.py:388} INFO - AWS Connection (conn_id='s3_connection', conn_type='aws') credentials retrieved from login and password.
[2024-10-04T12:51:57.845+0000] {project.py:164} INFO - Prepared data.
[2024-10-04T12:51:57.846+0000] {python.py:237} INFO - Done. Returned value was: None
[2024-10-04T12:51:57.847+0000] {taskinstance.py:441} INFO - ::group::Post task execution logs
[2024-10-04T12:51:57.863+0000] {taskinstance.py:1206} INFO - Marking task as SUCCESS. dag_id=Alex_Trigolos, task_id=task_prepare_data, run_id=manual__2024-10-04T12:51:42.334164+00:00, execution_date=20241004T125142, start_date=20241004T125155, end_date=20241004T125157
[2024-10-04T12:51:57.935+0000] {local_task_job_runner.py:243} INFO - Task exited with return code 0
[2024-10-04T12:51:57.974+0000] {taskinstance.py:3503} INFO - 3 downstream tasks scheduled from follow-on schedule check
[2024-10-04T12:51:57.978+0000] {local_task_job_runner.py:222} INFO - ::endgroup::
