[2024-10-03T08:42:02.658+0000] {processor.py:161} INFO - Started process (PID=368) to work on /opt/airflow/dags/.cache/pip/http/b/4/3/1/6/b4316c700c62b109faa21936af6e94703ce6d0d5f844da17642786df
[2024-10-03T08:42:02.659+0000] {processor.py:830} INFO - Processing file /opt/airflow/dags/.cache/pip/http/b/4/3/1/6/b4316c700c62b109faa21936af6e94703ce6d0d5f844da17642786df for tasks to queue
[2024-10-03T08:42:02.661+0000] {logging_mixin.py:188} INFO - [2024-10-03T08:42:02.660+0000] {dagbag.py:545} INFO - Filling up the DagBag from /opt/airflow/dags/.cache/pip/http/b/4/3/1/6/b4316c700c62b109faa21936af6e94703ce6d0d5f844da17642786df
[2024-10-03T08:42:02.673+0000] {processor.py:842} WARNING - No viable dags retrieved from /opt/airflow/dags/.cache/pip/http/b/4/3/1/6/b4316c700c62b109faa21936af6e94703ce6d0d5f844da17642786df
[2024-10-03T08:42:02.684+0000] {processor.py:183} INFO - Processing /opt/airflow/dags/.cache/pip/http/b/4/3/1/6/b4316c700c62b109faa21936af6e94703ce6d0d5f844da17642786df took 0.030 seconds
[2024-10-03T08:42:36.293+0000] {processor.py:161} INFO - Started process (PID=612) to work on /opt/airflow/dags/.cache/pip/http/b/4/3/1/6/b4316c700c62b109faa21936af6e94703ce6d0d5f844da17642786df
[2024-10-03T08:42:36.294+0000] {processor.py:830} INFO - Processing file /opt/airflow/dags/.cache/pip/http/b/4/3/1/6/b4316c700c62b109faa21936af6e94703ce6d0d5f844da17642786df for tasks to queue
[2024-10-03T08:42:36.297+0000] {logging_mixin.py:188} INFO - [2024-10-03T08:42:36.296+0000] {dagbag.py:545} INFO - Filling up the DagBag from /opt/airflow/dags/.cache/pip/http/b/4/3/1/6/b4316c700c62b109faa21936af6e94703ce6d0d5f844da17642786df
[2024-10-03T08:42:36.344+0000] {processor.py:842} WARNING - No viable dags retrieved from /opt/airflow/dags/.cache/pip/http/b/4/3/1/6/b4316c700c62b109faa21936af6e94703ce6d0d5f844da17642786df
[2024-10-03T08:42:36.360+0000] {processor.py:183} INFO - Processing /opt/airflow/dags/.cache/pip/http/b/4/3/1/6/b4316c700c62b109faa21936af6e94703ce6d0d5f844da17642786df took 0.076 seconds
[2024-10-03T08:43:09.731+0000] {processor.py:161} INFO - Started process (PID=854) to work on /opt/airflow/dags/.cache/pip/http/b/4/3/1/6/b4316c700c62b109faa21936af6e94703ce6d0d5f844da17642786df
[2024-10-03T08:43:09.733+0000] {processor.py:830} INFO - Processing file /opt/airflow/dags/.cache/pip/http/b/4/3/1/6/b4316c700c62b109faa21936af6e94703ce6d0d5f844da17642786df for tasks to queue
[2024-10-03T08:43:09.736+0000] {logging_mixin.py:188} INFO - [2024-10-03T08:43:09.735+0000] {dagbag.py:545} INFO - Filling up the DagBag from /opt/airflow/dags/.cache/pip/http/b/4/3/1/6/b4316c700c62b109faa21936af6e94703ce6d0d5f844da17642786df
[2024-10-03T08:43:09.782+0000] {processor.py:842} WARNING - No viable dags retrieved from /opt/airflow/dags/.cache/pip/http/b/4/3/1/6/b4316c700c62b109faa21936af6e94703ce6d0d5f844da17642786df
[2024-10-03T08:43:09.802+0000] {processor.py:183} INFO - Processing /opt/airflow/dags/.cache/pip/http/b/4/3/1/6/b4316c700c62b109faa21936af6e94703ce6d0d5f844da17642786df took 0.083 seconds
[2024-10-03T08:43:42.657+0000] {processor.py:161} INFO - Started process (PID=1097) to work on /opt/airflow/dags/.cache/pip/http/b/4/3/1/6/b4316c700c62b109faa21936af6e94703ce6d0d5f844da17642786df
[2024-10-03T08:43:42.657+0000] {processor.py:830} INFO - Processing file /opt/airflow/dags/.cache/pip/http/b/4/3/1/6/b4316c700c62b109faa21936af6e94703ce6d0d5f844da17642786df for tasks to queue
[2024-10-03T08:43:42.659+0000] {logging_mixin.py:188} INFO - [2024-10-03T08:43:42.659+0000] {dagbag.py:545} INFO - Filling up the DagBag from /opt/airflow/dags/.cache/pip/http/b/4/3/1/6/b4316c700c62b109faa21936af6e94703ce6d0d5f844da17642786df
[2024-10-03T08:43:42.697+0000] {processor.py:842} WARNING - No viable dags retrieved from /opt/airflow/dags/.cache/pip/http/b/4/3/1/6/b4316c700c62b109faa21936af6e94703ce6d0d5f844da17642786df
[2024-10-03T08:43:42.718+0000] {processor.py:183} INFO - Processing /opt/airflow/dags/.cache/pip/http/b/4/3/1/6/b4316c700c62b109faa21936af6e94703ce6d0d5f844da17642786df took 0.066 seconds
[2024-10-03T08:44:15.422+0000] {processor.py:161} INFO - Started process (PID=1339) to work on /opt/airflow/dags/.cache/pip/http/b/4/3/1/6/b4316c700c62b109faa21936af6e94703ce6d0d5f844da17642786df
[2024-10-03T08:44:15.425+0000] {processor.py:830} INFO - Processing file /opt/airflow/dags/.cache/pip/http/b/4/3/1/6/b4316c700c62b109faa21936af6e94703ce6d0d5f844da17642786df for tasks to queue
[2024-10-03T08:44:15.429+0000] {logging_mixin.py:188} INFO - [2024-10-03T08:44:15.428+0000] {dagbag.py:545} INFO - Filling up the DagBag from /opt/airflow/dags/.cache/pip/http/b/4/3/1/6/b4316c700c62b109faa21936af6e94703ce6d0d5f844da17642786df
[2024-10-03T08:44:15.494+0000] {processor.py:842} WARNING - No viable dags retrieved from /opt/airflow/dags/.cache/pip/http/b/4/3/1/6/b4316c700c62b109faa21936af6e94703ce6d0d5f844da17642786df
[2024-10-03T08:44:15.517+0000] {processor.py:183} INFO - Processing /opt/airflow/dags/.cache/pip/http/b/4/3/1/6/b4316c700c62b109faa21936af6e94703ce6d0d5f844da17642786df took 0.105 seconds
[2024-10-03T08:44:47.231+0000] {processor.py:161} INFO - Started process (PID=1587) to work on /opt/airflow/dags/.cache/pip/http/b/4/3/1/6/b4316c700c62b109faa21936af6e94703ce6d0d5f844da17642786df
[2024-10-03T08:44:47.234+0000] {processor.py:830} INFO - Processing file /opt/airflow/dags/.cache/pip/http/b/4/3/1/6/b4316c700c62b109faa21936af6e94703ce6d0d5f844da17642786df for tasks to queue
[2024-10-03T08:44:47.238+0000] {logging_mixin.py:188} INFO - [2024-10-03T08:44:47.237+0000] {dagbag.py:545} INFO - Filling up the DagBag from /opt/airflow/dags/.cache/pip/http/b/4/3/1/6/b4316c700c62b109faa21936af6e94703ce6d0d5f844da17642786df
[2024-10-03T08:44:47.272+0000] {processor.py:842} WARNING - No viable dags retrieved from /opt/airflow/dags/.cache/pip/http/b/4/3/1/6/b4316c700c62b109faa21936af6e94703ce6d0d5f844da17642786df
[2024-10-03T08:44:47.293+0000] {processor.py:183} INFO - Processing /opt/airflow/dags/.cache/pip/http/b/4/3/1/6/b4316c700c62b109faa21936af6e94703ce6d0d5f844da17642786df took 0.073 seconds
[2024-10-03T08:45:20.686+0000] {processor.py:161} INFO - Started process (PID=1827) to work on /opt/airflow/dags/.cache/pip/http/b/4/3/1/6/b4316c700c62b109faa21936af6e94703ce6d0d5f844da17642786df
[2024-10-03T08:45:20.688+0000] {processor.py:830} INFO - Processing file /opt/airflow/dags/.cache/pip/http/b/4/3/1/6/b4316c700c62b109faa21936af6e94703ce6d0d5f844da17642786df for tasks to queue
[2024-10-03T08:45:20.690+0000] {logging_mixin.py:188} INFO - [2024-10-03T08:45:20.690+0000] {dagbag.py:545} INFO - Filling up the DagBag from /opt/airflow/dags/.cache/pip/http/b/4/3/1/6/b4316c700c62b109faa21936af6e94703ce6d0d5f844da17642786df
[2024-10-03T08:45:20.752+0000] {processor.py:842} WARNING - No viable dags retrieved from /opt/airflow/dags/.cache/pip/http/b/4/3/1/6/b4316c700c62b109faa21936af6e94703ce6d0d5f844da17642786df
[2024-10-03T08:45:20.778+0000] {processor.py:183} INFO - Processing /opt/airflow/dags/.cache/pip/http/b/4/3/1/6/b4316c700c62b109faa21936af6e94703ce6d0d5f844da17642786df took 0.103 seconds
[2024-10-03T08:45:51.421+0000] {processor.py:161} INFO - Started process (PID=2041) to work on /opt/airflow/dags/.cache/pip/http/b/4/3/1/6/b4316c700c62b109faa21936af6e94703ce6d0d5f844da17642786df
[2024-10-03T08:45:51.425+0000] {processor.py:830} INFO - Processing file /opt/airflow/dags/.cache/pip/http/b/4/3/1/6/b4316c700c62b109faa21936af6e94703ce6d0d5f844da17642786df for tasks to queue
[2024-10-03T08:45:51.428+0000] {logging_mixin.py:188} INFO - [2024-10-03T08:45:51.428+0000] {dagbag.py:545} INFO - Filling up the DagBag from /opt/airflow/dags/.cache/pip/http/b/4/3/1/6/b4316c700c62b109faa21936af6e94703ce6d0d5f844da17642786df
[2024-10-03T08:45:51.527+0000] {processor.py:842} WARNING - No viable dags retrieved from /opt/airflow/dags/.cache/pip/http/b/4/3/1/6/b4316c700c62b109faa21936af6e94703ce6d0d5f844da17642786df
[2024-10-03T08:45:51.550+0000] {processor.py:183} INFO - Processing /opt/airflow/dags/.cache/pip/http/b/4/3/1/6/b4316c700c62b109faa21936af6e94703ce6d0d5f844da17642786df took 0.139 seconds
[2024-10-03T08:46:23.265+0000] {processor.py:161} INFO - Started process (PID=2283) to work on /opt/airflow/dags/.cache/pip/http/b/4/3/1/6/b4316c700c62b109faa21936af6e94703ce6d0d5f844da17642786df
[2024-10-03T08:46:23.266+0000] {processor.py:830} INFO - Processing file /opt/airflow/dags/.cache/pip/http/b/4/3/1/6/b4316c700c62b109faa21936af6e94703ce6d0d5f844da17642786df for tasks to queue
[2024-10-03T08:46:23.268+0000] {logging_mixin.py:188} INFO - [2024-10-03T08:46:23.268+0000] {dagbag.py:545} INFO - Filling up the DagBag from /opt/airflow/dags/.cache/pip/http/b/4/3/1/6/b4316c700c62b109faa21936af6e94703ce6d0d5f844da17642786df
[2024-10-03T08:46:23.296+0000] {processor.py:842} WARNING - No viable dags retrieved from /opt/airflow/dags/.cache/pip/http/b/4/3/1/6/b4316c700c62b109faa21936af6e94703ce6d0d5f844da17642786df
[2024-10-03T08:46:23.316+0000] {processor.py:183} INFO - Processing /opt/airflow/dags/.cache/pip/http/b/4/3/1/6/b4316c700c62b109faa21936af6e94703ce6d0d5f844da17642786df took 0.059 seconds
[2024-10-03T08:47:13.542+0000] {processor.py:161} INFO - Started process (PID=2554) to work on /opt/airflow/dags/.cache/pip/http/b/4/3/1/6/b4316c700c62b109faa21936af6e94703ce6d0d5f844da17642786df
[2024-10-03T08:47:13.544+0000] {processor.py:830} INFO - Processing file /opt/airflow/dags/.cache/pip/http/b/4/3/1/6/b4316c700c62b109faa21936af6e94703ce6d0d5f844da17642786df for tasks to queue
[2024-10-03T08:47:13.551+0000] {logging_mixin.py:188} INFO - [2024-10-03T08:47:13.550+0000] {dagbag.py:545} INFO - Filling up the DagBag from /opt/airflow/dags/.cache/pip/http/b/4/3/1/6/b4316c700c62b109faa21936af6e94703ce6d0d5f844da17642786df
[2024-10-03T08:47:13.594+0000] {processor.py:842} WARNING - No viable dags retrieved from /opt/airflow/dags/.cache/pip/http/b/4/3/1/6/b4316c700c62b109faa21936af6e94703ce6d0d5f844da17642786df
[2024-10-03T08:47:13.616+0000] {processor.py:183} INFO - Processing /opt/airflow/dags/.cache/pip/http/b/4/3/1/6/b4316c700c62b109faa21936af6e94703ce6d0d5f844da17642786df took 0.085 seconds
[2024-10-03T08:47:47.738+0000] {processor.py:161} INFO - Started process (PID=2802) to work on /opt/airflow/dags/.cache/pip/http/b/4/3/1/6/b4316c700c62b109faa21936af6e94703ce6d0d5f844da17642786df
[2024-10-03T08:47:47.740+0000] {processor.py:830} INFO - Processing file /opt/airflow/dags/.cache/pip/http/b/4/3/1/6/b4316c700c62b109faa21936af6e94703ce6d0d5f844da17642786df for tasks to queue
[2024-10-03T08:47:47.744+0000] {logging_mixin.py:188} INFO - [2024-10-03T08:47:47.743+0000] {dagbag.py:545} INFO - Filling up the DagBag from /opt/airflow/dags/.cache/pip/http/b/4/3/1/6/b4316c700c62b109faa21936af6e94703ce6d0d5f844da17642786df
[2024-10-03T08:47:47.811+0000] {processor.py:842} WARNING - No viable dags retrieved from /opt/airflow/dags/.cache/pip/http/b/4/3/1/6/b4316c700c62b109faa21936af6e94703ce6d0d5f844da17642786df
[2024-10-03T08:47:47.843+0000] {processor.py:183} INFO - Processing /opt/airflow/dags/.cache/pip/http/b/4/3/1/6/b4316c700c62b109faa21936af6e94703ce6d0d5f844da17642786df took 0.116 seconds
[2024-10-03T08:48:21.567+0000] {processor.py:161} INFO - Started process (PID=3044) to work on /opt/airflow/dags/.cache/pip/http/b/4/3/1/6/b4316c700c62b109faa21936af6e94703ce6d0d5f844da17642786df
[2024-10-03T08:48:21.571+0000] {processor.py:830} INFO - Processing file /opt/airflow/dags/.cache/pip/http/b/4/3/1/6/b4316c700c62b109faa21936af6e94703ce6d0d5f844da17642786df for tasks to queue
[2024-10-03T08:48:21.574+0000] {logging_mixin.py:188} INFO - [2024-10-03T08:48:21.574+0000] {dagbag.py:545} INFO - Filling up the DagBag from /opt/airflow/dags/.cache/pip/http/b/4/3/1/6/b4316c700c62b109faa21936af6e94703ce6d0d5f844da17642786df
[2024-10-03T08:48:21.644+0000] {processor.py:842} WARNING - No viable dags retrieved from /opt/airflow/dags/.cache/pip/http/b/4/3/1/6/b4316c700c62b109faa21936af6e94703ce6d0d5f844da17642786df
[2024-10-03T08:48:21.670+0000] {processor.py:183} INFO - Processing /opt/airflow/dags/.cache/pip/http/b/4/3/1/6/b4316c700c62b109faa21936af6e94703ce6d0d5f844da17642786df took 0.115 seconds
[2024-10-03T08:48:52.035+0000] {processor.py:161} INFO - Started process (PID=3286) to work on /opt/airflow/dags/.cache/pip/http/b/4/3/1/6/b4316c700c62b109faa21936af6e94703ce6d0d5f844da17642786df
[2024-10-03T08:48:52.036+0000] {processor.py:830} INFO - Processing file /opt/airflow/dags/.cache/pip/http/b/4/3/1/6/b4316c700c62b109faa21936af6e94703ce6d0d5f844da17642786df for tasks to queue
[2024-10-03T08:48:52.037+0000] {logging_mixin.py:188} INFO - [2024-10-03T08:48:52.037+0000] {dagbag.py:545} INFO - Filling up the DagBag from /opt/airflow/dags/.cache/pip/http/b/4/3/1/6/b4316c700c62b109faa21936af6e94703ce6d0d5f844da17642786df
[2024-10-03T08:48:52.054+0000] {processor.py:842} WARNING - No viable dags retrieved from /opt/airflow/dags/.cache/pip/http/b/4/3/1/6/b4316c700c62b109faa21936af6e94703ce6d0d5f844da17642786df
[2024-10-03T08:48:52.067+0000] {processor.py:183} INFO - Processing /opt/airflow/dags/.cache/pip/http/b/4/3/1/6/b4316c700c62b109faa21936af6e94703ce6d0d5f844da17642786df took 0.038 seconds
[2024-10-03T08:49:23.747+0000] {processor.py:161} INFO - Started process (PID=3528) to work on /opt/airflow/dags/.cache/pip/http/b/4/3/1/6/b4316c700c62b109faa21936af6e94703ce6d0d5f844da17642786df
[2024-10-03T08:49:23.748+0000] {processor.py:830} INFO - Processing file /opt/airflow/dags/.cache/pip/http/b/4/3/1/6/b4316c700c62b109faa21936af6e94703ce6d0d5f844da17642786df for tasks to queue
[2024-10-03T08:49:23.750+0000] {logging_mixin.py:188} INFO - [2024-10-03T08:49:23.750+0000] {dagbag.py:545} INFO - Filling up the DagBag from /opt/airflow/dags/.cache/pip/http/b/4/3/1/6/b4316c700c62b109faa21936af6e94703ce6d0d5f844da17642786df
[2024-10-03T08:49:23.790+0000] {processor.py:842} WARNING - No viable dags retrieved from /opt/airflow/dags/.cache/pip/http/b/4/3/1/6/b4316c700c62b109faa21936af6e94703ce6d0d5f844da17642786df
[2024-10-03T08:49:23.803+0000] {processor.py:183} INFO - Processing /opt/airflow/dags/.cache/pip/http/b/4/3/1/6/b4316c700c62b109faa21936af6e94703ce6d0d5f844da17642786df took 0.060 seconds
[2024-10-03T08:49:57.129+0000] {processor.py:161} INFO - Started process (PID=3771) to work on /opt/airflow/dags/.cache/pip/http/b/4/3/1/6/b4316c700c62b109faa21936af6e94703ce6d0d5f844da17642786df
[2024-10-03T08:49:57.131+0000] {processor.py:830} INFO - Processing file /opt/airflow/dags/.cache/pip/http/b/4/3/1/6/b4316c700c62b109faa21936af6e94703ce6d0d5f844da17642786df for tasks to queue
[2024-10-03T08:49:57.132+0000] {logging_mixin.py:188} INFO - [2024-10-03T08:49:57.132+0000] {dagbag.py:545} INFO - Filling up the DagBag from /opt/airflow/dags/.cache/pip/http/b/4/3/1/6/b4316c700c62b109faa21936af6e94703ce6d0d5f844da17642786df
[2024-10-03T08:49:57.164+0000] {processor.py:842} WARNING - No viable dags retrieved from /opt/airflow/dags/.cache/pip/http/b/4/3/1/6/b4316c700c62b109faa21936af6e94703ce6d0d5f844da17642786df
[2024-10-03T08:49:57.175+0000] {processor.py:183} INFO - Processing /opt/airflow/dags/.cache/pip/http/b/4/3/1/6/b4316c700c62b109faa21936af6e94703ce6d0d5f844da17642786df took 0.050 seconds
[2024-10-03T08:50:29.036+0000] {processor.py:161} INFO - Started process (PID=4013) to work on /opt/airflow/dags/.cache/pip/http/b/4/3/1/6/b4316c700c62b109faa21936af6e94703ce6d0d5f844da17642786df
[2024-10-03T08:50:29.037+0000] {processor.py:830} INFO - Processing file /opt/airflow/dags/.cache/pip/http/b/4/3/1/6/b4316c700c62b109faa21936af6e94703ce6d0d5f844da17642786df for tasks to queue
[2024-10-03T08:50:29.038+0000] {logging_mixin.py:188} INFO - [2024-10-03T08:50:29.038+0000] {dagbag.py:545} INFO - Filling up the DagBag from /opt/airflow/dags/.cache/pip/http/b/4/3/1/6/b4316c700c62b109faa21936af6e94703ce6d0d5f844da17642786df
[2024-10-03T08:50:29.054+0000] {processor.py:842} WARNING - No viable dags retrieved from /opt/airflow/dags/.cache/pip/http/b/4/3/1/6/b4316c700c62b109faa21936af6e94703ce6d0d5f844da17642786df
[2024-10-03T08:50:29.065+0000] {processor.py:183} INFO - Processing /opt/airflow/dags/.cache/pip/http/b/4/3/1/6/b4316c700c62b109faa21936af6e94703ce6d0d5f844da17642786df took 0.034 seconds
[2024-10-03T08:56:31.108+0000] {processor.py:161} INFO - Started process (PID=4391) to work on /opt/airflow/dags/.cache/pip/http/b/4/3/1/6/b4316c700c62b109faa21936af6e94703ce6d0d5f844da17642786df
[2024-10-03T08:56:31.110+0000] {processor.py:830} INFO - Processing file /opt/airflow/dags/.cache/pip/http/b/4/3/1/6/b4316c700c62b109faa21936af6e94703ce6d0d5f844da17642786df for tasks to queue
[2024-10-03T08:56:31.112+0000] {logging_mixin.py:188} INFO - [2024-10-03T08:56:31.112+0000] {dagbag.py:545} INFO - Filling up the DagBag from /opt/airflow/dags/.cache/pip/http/b/4/3/1/6/b4316c700c62b109faa21936af6e94703ce6d0d5f844da17642786df
[2024-10-03T08:56:31.161+0000] {processor.py:842} WARNING - No viable dags retrieved from /opt/airflow/dags/.cache/pip/http/b/4/3/1/6/b4316c700c62b109faa21936af6e94703ce6d0d5f844da17642786df
[2024-10-03T08:56:31.181+0000] {processor.py:183} INFO - Processing /opt/airflow/dags/.cache/pip/http/b/4/3/1/6/b4316c700c62b109faa21936af6e94703ce6d0d5f844da17642786df took 0.084 seconds
[2024-10-03T08:57:03.185+0000] {processor.py:161} INFO - Started process (PID=4641) to work on /opt/airflow/dags/.cache/pip/http/b/4/3/1/6/b4316c700c62b109faa21936af6e94703ce6d0d5f844da17642786df
[2024-10-03T08:57:03.186+0000] {processor.py:830} INFO - Processing file /opt/airflow/dags/.cache/pip/http/b/4/3/1/6/b4316c700c62b109faa21936af6e94703ce6d0d5f844da17642786df for tasks to queue
[2024-10-03T08:57:03.186+0000] {logging_mixin.py:188} INFO - [2024-10-03T08:57:03.186+0000] {dagbag.py:545} INFO - Filling up the DagBag from /opt/airflow/dags/.cache/pip/http/b/4/3/1/6/b4316c700c62b109faa21936af6e94703ce6d0d5f844da17642786df
[2024-10-03T08:57:03.205+0000] {processor.py:842} WARNING - No viable dags retrieved from /opt/airflow/dags/.cache/pip/http/b/4/3/1/6/b4316c700c62b109faa21936af6e94703ce6d0d5f844da17642786df
[2024-10-03T08:57:03.229+0000] {processor.py:183} INFO - Processing /opt/airflow/dags/.cache/pip/http/b/4/3/1/6/b4316c700c62b109faa21936af6e94703ce6d0d5f844da17642786df took 0.052 seconds
