[2024-10-04T12:02:44.165+0000] {local_task_job_runner.py:120} INFO - ::group::Pre task execution logs
[2024-10-04T12:02:44.188+0000] {taskinstance.py:2076} INFO - Dependencies all met for dep_context=non-requeueable deps ti=<TaskInstance: random_forest_classifier_dag.rfc_prepare_data manual__2024-10-04T12:02:36.974663+00:00 [queued]>
[2024-10-04T12:02:44.202+0000] {taskinstance.py:2076} INFO - Dependencies all met for dep_context=requeueable deps ti=<TaskInstance: random_forest_classifier_dag.rfc_prepare_data manual__2024-10-04T12:02:36.974663+00:00 [queued]>
[2024-10-04T12:02:44.203+0000] {taskinstance.py:2306} INFO - Starting attempt 1 of 1
[2024-10-04T12:02:44.219+0000] {taskinstance.py:2330} INFO - Executing <Task(PythonOperator): rfc_prepare_data> on 2024-10-04 12:02:36.974663+00:00
[2024-10-04T12:02:44.232+0000] {standard_task_runner.py:64} INFO - Started process 56912 to run task
[2024-10-04T12:02:44.236+0000] {standard_task_runner.py:90} INFO - Running: ['***', 'tasks', 'run', 'random_forest_classifier_dag', 'rfc_prepare_data', 'manual__2024-10-04T12:02:36.974663+00:00', '--job-id', '811', '--raw', '--subdir', 'DAGS_FOLDER/***/dags/.ipynb_checkpoints/hw1-checkpoint.py', '--cfg-path', '/tmp/tmpt650wmw1']
[2024-10-04T12:02:44.238+0000] {standard_task_runner.py:91} INFO - Job 811: Subtask rfc_prepare_data
[2024-10-04T12:02:44.299+0000] {task_command.py:426} INFO - Running <TaskInstance: random_forest_classifier_dag.rfc_prepare_data manual__2024-10-04T12:02:36.974663+00:00 [running]> on host 4b5f1410d111
[2024-10-04T12:02:44.425+0000] {taskinstance.py:2648} INFO - Exporting env vars: AIRFLOW_CTX_DAG_EMAIL='alexvlg34@gmail.com' AIRFLOW_CTX_DAG_OWNER='Alex Trigolos' AIRFLOW_CTX_DAG_ID='random_forest_classifier_dag' AIRFLOW_CTX_TASK_ID='rfc_prepare_data' AIRFLOW_CTX_EXECUTION_DATE='2024-10-04T12:02:36.974663+00:00' AIRFLOW_CTX_TRY_NUMBER='1' AIRFLOW_CTX_DAG_RUN_ID='manual__2024-10-04T12:02:36.974663+00:00'
[2024-10-04T12:02:44.428+0000] {taskinstance.py:430} INFO - ::endgroup::
[2024-10-04T12:02:44.471+0000] {hw1-checkpoint.py:107} INFO - Prepare data...
[2024-10-04T12:02:44.472+0000] {s3.py:1422} INFO - Downloading source S3 file from Bucket testmlops with path AlexTrigolos/RandomForestClassifier/datasets/dataset.pkl
[2024-10-04T12:02:44.483+0000] {base.py:84} INFO - Using connection ID 's3_connection' for task execution.
[2024-10-04T12:02:44.491+0000] {connection_wrapper.py:388} INFO - AWS Connection (conn_id='s3_connection', conn_type='aws') credentials retrieved from login and password.
[2024-10-04T12:02:45.255+0000] {hw1-checkpoint.py:78} INFO - /tmp/***_tmp_5qgoqz4r
[2024-10-04T12:02:45.341+0000] {base.py:84} INFO - Using connection ID 's3_connection' for task execution.
[2024-10-04T12:02:45.342+0000] {connection_wrapper.py:388} INFO - AWS Connection (conn_id='s3_connection', conn_type='aws') credentials retrieved from login and password.
[2024-10-04T12:02:45.777+0000] {base.py:84} INFO - Using connection ID 's3_connection' for task execution.
[2024-10-04T12:02:45.778+0000] {connection_wrapper.py:388} INFO - AWS Connection (conn_id='s3_connection', conn_type='aws') credentials retrieved from login and password.
[2024-10-04T12:02:45.978+0000] {base.py:84} INFO - Using connection ID 's3_connection' for task execution.
[2024-10-04T12:02:45.979+0000] {connection_wrapper.py:388} INFO - AWS Connection (conn_id='s3_connection', conn_type='aws') credentials retrieved from login and password.
[2024-10-04T12:02:46.193+0000] {base.py:84} INFO - Using connection ID 's3_connection' for task execution.
[2024-10-04T12:02:46.195+0000] {connection_wrapper.py:388} INFO - AWS Connection (conn_id='s3_connection', conn_type='aws') credentials retrieved from login and password.
[2024-10-04T12:02:46.733+0000] {hw1-checkpoint.py:133} INFO - Prepared data.
[2024-10-04T12:02:46.734+0000] {python.py:237} INFO - Done. Returned value was: None
[2024-10-04T12:02:46.735+0000] {taskinstance.py:441} INFO - ::group::Post task execution logs
[2024-10-04T12:02:46.748+0000] {taskinstance.py:1206} INFO - Marking task as SUCCESS. dag_id=random_forest_classifier_dag, task_id=rfc_prepare_data, run_id=manual__2024-10-04T12:02:36.974663+00:00, execution_date=20241004T120236, start_date=20241004T120244, end_date=20241004T120246
[2024-10-04T12:02:46.803+0000] {local_task_job_runner.py:243} INFO - Task exited with return code 0
[2024-10-04T12:02:46.834+0000] {taskinstance.py:3503} INFO - 1 downstream tasks scheduled from follow-on schedule check
[2024-10-04T12:02:46.837+0000] {local_task_job_runner.py:222} INFO - ::endgroup::
