[2024-09-24T20:22:11.325+0000] {processor.py:161} INFO - Started process (PID=455) to work on /opt/airflow/dags/.cache/pip/http/7/c/4/5/b/7c45b33391e19bfaf8bd5ebbcf673c62c0e9c4f9ee850e4225b875da
[2024-09-24T20:22:11.328+0000] {processor.py:830} INFO - Processing file /opt/airflow/dags/.cache/pip/http/7/c/4/5/b/7c45b33391e19bfaf8bd5ebbcf673c62c0e9c4f9ee850e4225b875da for tasks to queue
[2024-09-24T20:22:11.331+0000] {logging_mixin.py:188} INFO - [2024-09-24T20:22:11.331+0000] {dagbag.py:545} INFO - Filling up the DagBag from /opt/airflow/dags/.cache/pip/http/7/c/4/5/b/7c45b33391e19bfaf8bd5ebbcf673c62c0e9c4f9ee850e4225b875da
[2024-09-24T20:22:11.372+0000] {processor.py:842} WARNING - No viable dags retrieved from /opt/airflow/dags/.cache/pip/http/7/c/4/5/b/7c45b33391e19bfaf8bd5ebbcf673c62c0e9c4f9ee850e4225b875da
[2024-09-24T20:22:11.396+0000] {processor.py:183} INFO - Processing /opt/airflow/dags/.cache/pip/http/7/c/4/5/b/7c45b33391e19bfaf8bd5ebbcf673c62c0e9c4f9ee850e4225b875da took 0.081 seconds
[2024-09-24T20:22:44.691+0000] {processor.py:161} INFO - Started process (PID=731) to work on /opt/airflow/dags/.cache/pip/http/7/c/4/5/b/7c45b33391e19bfaf8bd5ebbcf673c62c0e9c4f9ee850e4225b875da
[2024-09-24T20:22:44.694+0000] {processor.py:830} INFO - Processing file /opt/airflow/dags/.cache/pip/http/7/c/4/5/b/7c45b33391e19bfaf8bd5ebbcf673c62c0e9c4f9ee850e4225b875da for tasks to queue
[2024-09-24T20:22:44.697+0000] {logging_mixin.py:188} INFO - [2024-09-24T20:22:44.697+0000] {dagbag.py:545} INFO - Filling up the DagBag from /opt/airflow/dags/.cache/pip/http/7/c/4/5/b/7c45b33391e19bfaf8bd5ebbcf673c62c0e9c4f9ee850e4225b875da
[2024-09-24T20:22:44.730+0000] {processor.py:842} WARNING - No viable dags retrieved from /opt/airflow/dags/.cache/pip/http/7/c/4/5/b/7c45b33391e19bfaf8bd5ebbcf673c62c0e9c4f9ee850e4225b875da
[2024-09-24T20:22:44.747+0000] {processor.py:183} INFO - Processing /opt/airflow/dags/.cache/pip/http/7/c/4/5/b/7c45b33391e19bfaf8bd5ebbcf673c62c0e9c4f9ee850e4225b875da took 0.066 seconds
[2024-09-24T20:27:57.405+0000] {processor.py:161} INFO - Started process (PID=459) to work on /opt/airflow/dags/.cache/pip/http/7/c/4/5/b/7c45b33391e19bfaf8bd5ebbcf673c62c0e9c4f9ee850e4225b875da
[2024-09-24T20:27:57.406+0000] {processor.py:830} INFO - Processing file /opt/airflow/dags/.cache/pip/http/7/c/4/5/b/7c45b33391e19bfaf8bd5ebbcf673c62c0e9c4f9ee850e4225b875da for tasks to queue
[2024-09-24T20:27:57.407+0000] {logging_mixin.py:188} INFO - [2024-09-24T20:27:57.407+0000] {dagbag.py:545} INFO - Filling up the DagBag from /opt/airflow/dags/.cache/pip/http/7/c/4/5/b/7c45b33391e19bfaf8bd5ebbcf673c62c0e9c4f9ee850e4225b875da
[2024-09-24T20:27:57.447+0000] {processor.py:842} WARNING - No viable dags retrieved from /opt/airflow/dags/.cache/pip/http/7/c/4/5/b/7c45b33391e19bfaf8bd5ebbcf673c62c0e9c4f9ee850e4225b875da
[2024-09-24T20:27:57.457+0000] {processor.py:183} INFO - Processing /opt/airflow/dags/.cache/pip/http/7/c/4/5/b/7c45b33391e19bfaf8bd5ebbcf673c62c0e9c4f9ee850e4225b875da took 0.056 seconds
[2024-09-24T20:28:30.510+0000] {processor.py:161} INFO - Started process (PID=733) to work on /opt/airflow/dags/.cache/pip/http/7/c/4/5/b/7c45b33391e19bfaf8bd5ebbcf673c62c0e9c4f9ee850e4225b875da
[2024-09-24T20:28:30.511+0000] {processor.py:830} INFO - Processing file /opt/airflow/dags/.cache/pip/http/7/c/4/5/b/7c45b33391e19bfaf8bd5ebbcf673c62c0e9c4f9ee850e4225b875da for tasks to queue
[2024-09-24T20:28:30.512+0000] {logging_mixin.py:188} INFO - [2024-09-24T20:28:30.512+0000] {dagbag.py:545} INFO - Filling up the DagBag from /opt/airflow/dags/.cache/pip/http/7/c/4/5/b/7c45b33391e19bfaf8bd5ebbcf673c62c0e9c4f9ee850e4225b875da
[2024-09-24T20:28:30.537+0000] {processor.py:842} WARNING - No viable dags retrieved from /opt/airflow/dags/.cache/pip/http/7/c/4/5/b/7c45b33391e19bfaf8bd5ebbcf673c62c0e9c4f9ee850e4225b875da
[2024-09-24T20:28:30.548+0000] {processor.py:183} INFO - Processing /opt/airflow/dags/.cache/pip/http/7/c/4/5/b/7c45b33391e19bfaf8bd5ebbcf673c62c0e9c4f9ee850e4225b875da took 0.042 seconds
[2024-09-24T20:29:02.530+0000] {processor.py:161} INFO - Started process (PID=1007) to work on /opt/airflow/dags/.cache/pip/http/7/c/4/5/b/7c45b33391e19bfaf8bd5ebbcf673c62c0e9c4f9ee850e4225b875da
[2024-09-24T20:29:02.531+0000] {processor.py:830} INFO - Processing file /opt/airflow/dags/.cache/pip/http/7/c/4/5/b/7c45b33391e19bfaf8bd5ebbcf673c62c0e9c4f9ee850e4225b875da for tasks to queue
[2024-09-24T20:29:02.533+0000] {logging_mixin.py:188} INFO - [2024-09-24T20:29:02.532+0000] {dagbag.py:545} INFO - Filling up the DagBag from /opt/airflow/dags/.cache/pip/http/7/c/4/5/b/7c45b33391e19bfaf8bd5ebbcf673c62c0e9c4f9ee850e4225b875da
[2024-09-24T20:29:02.559+0000] {processor.py:842} WARNING - No viable dags retrieved from /opt/airflow/dags/.cache/pip/http/7/c/4/5/b/7c45b33391e19bfaf8bd5ebbcf673c62c0e9c4f9ee850e4225b875da
[2024-09-24T20:29:02.568+0000] {processor.py:183} INFO - Processing /opt/airflow/dags/.cache/pip/http/7/c/4/5/b/7c45b33391e19bfaf8bd5ebbcf673c62c0e9c4f9ee850e4225b875da took 0.041 seconds
[2024-09-24T20:29:34.323+0000] {processor.py:161} INFO - Started process (PID=1283) to work on /opt/airflow/dags/.cache/pip/http/7/c/4/5/b/7c45b33391e19bfaf8bd5ebbcf673c62c0e9c4f9ee850e4225b875da
[2024-09-24T20:29:34.324+0000] {processor.py:830} INFO - Processing file /opt/airflow/dags/.cache/pip/http/7/c/4/5/b/7c45b33391e19bfaf8bd5ebbcf673c62c0e9c4f9ee850e4225b875da for tasks to queue
[2024-09-24T20:29:34.326+0000] {logging_mixin.py:188} INFO - [2024-09-24T20:29:34.326+0000] {dagbag.py:545} INFO - Filling up the DagBag from /opt/airflow/dags/.cache/pip/http/7/c/4/5/b/7c45b33391e19bfaf8bd5ebbcf673c62c0e9c4f9ee850e4225b875da
[2024-09-24T20:29:34.359+0000] {processor.py:842} WARNING - No viable dags retrieved from /opt/airflow/dags/.cache/pip/http/7/c/4/5/b/7c45b33391e19bfaf8bd5ebbcf673c62c0e9c4f9ee850e4225b875da
[2024-09-24T20:29:34.370+0000] {processor.py:183} INFO - Processing /opt/airflow/dags/.cache/pip/http/7/c/4/5/b/7c45b33391e19bfaf8bd5ebbcf673c62c0e9c4f9ee850e4225b875da took 0.051 seconds
[2024-09-24T20:30:05.569+0000] {processor.py:161} INFO - Started process (PID=1557) to work on /opt/airflow/dags/.cache/pip/http/7/c/4/5/b/7c45b33391e19bfaf8bd5ebbcf673c62c0e9c4f9ee850e4225b875da
[2024-09-24T20:30:05.570+0000] {processor.py:830} INFO - Processing file /opt/airflow/dags/.cache/pip/http/7/c/4/5/b/7c45b33391e19bfaf8bd5ebbcf673c62c0e9c4f9ee850e4225b875da for tasks to queue
[2024-09-24T20:30:05.572+0000] {logging_mixin.py:188} INFO - [2024-09-24T20:30:05.571+0000] {dagbag.py:545} INFO - Filling up the DagBag from /opt/airflow/dags/.cache/pip/http/7/c/4/5/b/7c45b33391e19bfaf8bd5ebbcf673c62c0e9c4f9ee850e4225b875da
[2024-09-24T20:30:05.609+0000] {processor.py:842} WARNING - No viable dags retrieved from /opt/airflow/dags/.cache/pip/http/7/c/4/5/b/7c45b33391e19bfaf8bd5ebbcf673c62c0e9c4f9ee850e4225b875da
[2024-09-24T20:30:05.620+0000] {processor.py:183} INFO - Processing /opt/airflow/dags/.cache/pip/http/7/c/4/5/b/7c45b33391e19bfaf8bd5ebbcf673c62c0e9c4f9ee850e4225b875da took 0.059 seconds
[2024-09-24T20:30:38.244+0000] {processor.py:161} INFO - Started process (PID=1831) to work on /opt/airflow/dags/.cache/pip/http/7/c/4/5/b/7c45b33391e19bfaf8bd5ebbcf673c62c0e9c4f9ee850e4225b875da
[2024-09-24T20:30:38.244+0000] {processor.py:830} INFO - Processing file /opt/airflow/dags/.cache/pip/http/7/c/4/5/b/7c45b33391e19bfaf8bd5ebbcf673c62c0e9c4f9ee850e4225b875da for tasks to queue
[2024-09-24T20:30:38.246+0000] {logging_mixin.py:188} INFO - [2024-09-24T20:30:38.245+0000] {dagbag.py:545} INFO - Filling up the DagBag from /opt/airflow/dags/.cache/pip/http/7/c/4/5/b/7c45b33391e19bfaf8bd5ebbcf673c62c0e9c4f9ee850e4225b875da
[2024-09-24T20:30:38.268+0000] {processor.py:842} WARNING - No viable dags retrieved from /opt/airflow/dags/.cache/pip/http/7/c/4/5/b/7c45b33391e19bfaf8bd5ebbcf673c62c0e9c4f9ee850e4225b875da
[2024-09-24T20:30:38.278+0000] {processor.py:183} INFO - Processing /opt/airflow/dags/.cache/pip/http/7/c/4/5/b/7c45b33391e19bfaf8bd5ebbcf673c62c0e9c4f9ee850e4225b875da took 0.038 seconds
[2024-09-24T20:31:10.380+0000] {processor.py:161} INFO - Started process (PID=2105) to work on /opt/airflow/dags/.cache/pip/http/7/c/4/5/b/7c45b33391e19bfaf8bd5ebbcf673c62c0e9c4f9ee850e4225b875da
[2024-09-24T20:31:10.382+0000] {processor.py:830} INFO - Processing file /opt/airflow/dags/.cache/pip/http/7/c/4/5/b/7c45b33391e19bfaf8bd5ebbcf673c62c0e9c4f9ee850e4225b875da for tasks to queue
[2024-09-24T20:31:10.383+0000] {logging_mixin.py:188} INFO - [2024-09-24T20:31:10.383+0000] {dagbag.py:545} INFO - Filling up the DagBag from /opt/airflow/dags/.cache/pip/http/7/c/4/5/b/7c45b33391e19bfaf8bd5ebbcf673c62c0e9c4f9ee850e4225b875da
[2024-09-24T20:31:10.416+0000] {processor.py:842} WARNING - No viable dags retrieved from /opt/airflow/dags/.cache/pip/http/7/c/4/5/b/7c45b33391e19bfaf8bd5ebbcf673c62c0e9c4f9ee850e4225b875da
[2024-09-24T20:31:10.427+0000] {processor.py:183} INFO - Processing /opt/airflow/dags/.cache/pip/http/7/c/4/5/b/7c45b33391e19bfaf8bd5ebbcf673c62c0e9c4f9ee850e4225b875da took 0.053 seconds
[2024-09-24T20:31:42.408+0000] {processor.py:161} INFO - Started process (PID=2376) to work on /opt/airflow/dags/.cache/pip/http/7/c/4/5/b/7c45b33391e19bfaf8bd5ebbcf673c62c0e9c4f9ee850e4225b875da
[2024-09-24T20:31:42.409+0000] {processor.py:830} INFO - Processing file /opt/airflow/dags/.cache/pip/http/7/c/4/5/b/7c45b33391e19bfaf8bd5ebbcf673c62c0e9c4f9ee850e4225b875da for tasks to queue
[2024-09-24T20:31:42.410+0000] {logging_mixin.py:188} INFO - [2024-09-24T20:31:42.410+0000] {dagbag.py:545} INFO - Filling up the DagBag from /opt/airflow/dags/.cache/pip/http/7/c/4/5/b/7c45b33391e19bfaf8bd5ebbcf673c62c0e9c4f9ee850e4225b875da
[2024-09-24T20:31:42.424+0000] {processor.py:842} WARNING - No viable dags retrieved from /opt/airflow/dags/.cache/pip/http/7/c/4/5/b/7c45b33391e19bfaf8bd5ebbcf673c62c0e9c4f9ee850e4225b875da
[2024-09-24T20:31:42.439+0000] {processor.py:183} INFO - Processing /opt/airflow/dags/.cache/pip/http/7/c/4/5/b/7c45b33391e19bfaf8bd5ebbcf673c62c0e9c4f9ee850e4225b875da took 0.035 seconds
[2024-09-24T20:32:28.627+0000] {processor.py:161} INFO - Started process (PID=2658) to work on /opt/airflow/dags/.cache/pip/http/7/c/4/5/b/7c45b33391e19bfaf8bd5ebbcf673c62c0e9c4f9ee850e4225b875da
[2024-09-24T20:32:28.629+0000] {processor.py:830} INFO - Processing file /opt/airflow/dags/.cache/pip/http/7/c/4/5/b/7c45b33391e19bfaf8bd5ebbcf673c62c0e9c4f9ee850e4225b875da for tasks to queue
[2024-09-24T20:32:28.630+0000] {logging_mixin.py:188} INFO - [2024-09-24T20:32:28.630+0000] {dagbag.py:545} INFO - Filling up the DagBag from /opt/airflow/dags/.cache/pip/http/7/c/4/5/b/7c45b33391e19bfaf8bd5ebbcf673c62c0e9c4f9ee850e4225b875da
[2024-09-24T20:32:28.690+0000] {processor.py:842} WARNING - No viable dags retrieved from /opt/airflow/dags/.cache/pip/http/7/c/4/5/b/7c45b33391e19bfaf8bd5ebbcf673c62c0e9c4f9ee850e4225b875da
[2024-09-24T20:32:28.706+0000] {processor.py:183} INFO - Processing /opt/airflow/dags/.cache/pip/http/7/c/4/5/b/7c45b33391e19bfaf8bd5ebbcf673c62c0e9c4f9ee850e4225b875da took 0.084 seconds
