[2024-09-24T17:18:32.712+0000] {local_task_job_runner.py:120} INFO - ::group::Pre task execution logs
[2024-09-24T17:18:32.726+0000] {taskinstance.py:2076} INFO - Dependencies all met for dep_context=non-requeueable deps ti=<TaskInstance: random_forest_classifier_dag.get_data manual__2024-09-24T17:18:29.256097+00:00 [queued]>
[2024-09-24T17:18:32.733+0000] {taskinstance.py:2076} INFO - Dependencies all met for dep_context=requeueable deps ti=<TaskInstance: random_forest_classifier_dag.get_data manual__2024-09-24T17:18:29.256097+00:00 [queued]>
[2024-09-24T17:18:32.734+0000] {taskinstance.py:2306} INFO - Starting attempt 1 of 1
[2024-09-24T17:18:32.745+0000] {taskinstance.py:2330} INFO - Executing <Task(PythonOperator): get_data> on 2024-09-24 17:18:29.256097+00:00
[2024-09-24T17:18:32.752+0000] {standard_task_runner.py:64} INFO - Started process 22523 to run task
[2024-09-24T17:18:32.754+0000] {standard_task_runner.py:90} INFO - Running: ['***', 'tasks', 'run', 'random_forest_classifier_dag', 'get_data', 'manual__2024-09-24T17:18:29.256097+00:00', '--job-id', '354', '--raw', '--subdir', 'DAGS_FOLDER/***/dags/.ipynb_checkpoints/hw1-checkpoint.py', '--cfg-path', '/tmp/tmp3cv7g590']
[2024-09-24T17:18:32.757+0000] {standard_task_runner.py:91} INFO - Job 354: Subtask get_data
[2024-09-24T17:18:32.801+0000] {task_command.py:426} INFO - Running <TaskInstance: random_forest_classifier_dag.get_data manual__2024-09-24T17:18:29.256097+00:00 [running]> on host 82997fc6deb7
[2024-09-24T17:18:32.877+0000] {taskinstance.py:2648} INFO - Exporting env vars: AIRFLOW_CTX_DAG_EMAIL='alexvlg34@gmail.com' AIRFLOW_CTX_DAG_OWNER='Alex Trigolos' AIRFLOW_CTX_DAG_ID='random_forest_classifier_dag' AIRFLOW_CTX_TASK_ID='get_data' AIRFLOW_CTX_EXECUTION_DATE='2024-09-24T17:18:29.256097+00:00' AIRFLOW_CTX_TRY_NUMBER='1' AIRFLOW_CTX_DAG_RUN_ID='manual__2024-09-24T17:18:29.256097+00:00'
[2024-09-24T17:18:32.879+0000] {taskinstance.py:430} INFO - ::endgroup::
[2024-09-24T17:18:32.888+0000] {hw1-checkpoint.py:90} INFO - Get data...
[2024-09-24T17:18:33.055+0000] {base.py:84} INFO - Using connection ID 's3_connection' for task execution.
[2024-09-24T17:18:33.056+0000] {connection_wrapper.py:388} INFO - AWS Connection (conn_id='s3_connection', conn_type='aws') credentials retrieved from login and password.
[2024-09-24T17:18:33.626+0000] {hw1-checkpoint.py:108} INFO - Finish get data.
[2024-09-24T17:18:33.627+0000] {python.py:237} INFO - Done. Returned value was: None
[2024-09-24T17:18:33.628+0000] {taskinstance.py:441} INFO - ::group::Post task execution logs
[2024-09-24T17:18:33.638+0000] {taskinstance.py:1206} INFO - Marking task as SUCCESS. dag_id=random_forest_classifier_dag, task_id=get_data, run_id=manual__2024-09-24T17:18:29.256097+00:00, execution_date=20240924T171829, start_date=20240924T171832, end_date=20240924T171833
[2024-09-24T17:18:33.694+0000] {local_task_job_runner.py:243} INFO - Task exited with return code 0
[2024-09-24T17:18:33.716+0000] {taskinstance.py:3503} INFO - 1 downstream tasks scheduled from follow-on schedule check
[2024-09-24T17:18:33.720+0000] {local_task_job_runner.py:222} INFO - ::endgroup::
