[2024-10-04T14:13:08.074+0000] {local_task_job_runner.py:120} INFO - ::group::Pre task execution logs
[2024-10-04T14:13:08.087+0000] {taskinstance.py:2076} INFO - Dependencies all met for dep_context=non-requeueable deps ti=<TaskInstance: Alex_Trigolos.task_prepare_data manual__2024-10-04T14:12:59.018529+00:00 [queued]>
[2024-10-04T14:13:08.093+0000] {taskinstance.py:2076} INFO - Dependencies all met for dep_context=requeueable deps ti=<TaskInstance: Alex_Trigolos.task_prepare_data manual__2024-10-04T14:12:59.018529+00:00 [queued]>
[2024-10-04T14:13:08.095+0000] {taskinstance.py:2306} INFO - Starting attempt 1 of 1
[2024-10-04T14:13:08.106+0000] {taskinstance.py:2330} INFO - Executing <Task(PythonOperator): task_prepare_data> on 2024-10-04 14:12:59.018529+00:00
[2024-10-04T14:13:08.115+0000] {standard_task_runner.py:64} INFO - Started process 9678 to run task
[2024-10-04T14:13:08.118+0000] {standard_task_runner.py:90} INFO - Running: ['***', 'tasks', 'run', 'Alex_Trigolos', 'task_prepare_data', 'manual__2024-10-04T14:12:59.018529+00:00', '--job-id', '908', '--raw', '--subdir', 'DAGS_FOLDER/***/dags/.ipynb_checkpoints/project-checkpoint.py', '--cfg-path', '/tmp/tmpjqyt031y']
[2024-10-04T14:13:08.120+0000] {standard_task_runner.py:91} INFO - Job 908: Subtask task_prepare_data
[2024-10-04T14:13:08.157+0000] {task_command.py:426} INFO - Running <TaskInstance: Alex_Trigolos.task_prepare_data manual__2024-10-04T14:12:59.018529+00:00 [running]> on host 4b5f1410d111
[2024-10-04T14:13:08.222+0000] {taskinstance.py:2648} INFO - Exporting env vars: AIRFLOW_CTX_DAG_EMAIL='alexvlg34@gmail.com' AIRFLOW_CTX_DAG_OWNER='Alex Trigolos' AIRFLOW_CTX_DAG_ID='Alex_Trigolos' AIRFLOW_CTX_TASK_ID='task_prepare_data' AIRFLOW_CTX_EXECUTION_DATE='2024-10-04T14:12:59.018529+00:00' AIRFLOW_CTX_TRY_NUMBER='1' AIRFLOW_CTX_DAG_RUN_ID='manual__2024-10-04T14:12:59.018529+00:00'
[2024-10-04T14:13:08.224+0000] {taskinstance.py:430} INFO - ::endgroup::
[2024-10-04T14:13:08.235+0000] {project-checkpoint.py:128} INFO - Prepare data...
[2024-10-04T14:13:08.235+0000] {s3.py:1422} INFO - Downloading source S3 file from Bucket testmlops with path AlexTrigolos/project/datasets/dataset.pkl
[2024-10-04T14:13:08.243+0000] {base.py:84} INFO - Using connection ID 's3_connection' for task execution.
[2024-10-04T14:13:08.243+0000] {connection_wrapper.py:388} INFO - AWS Connection (conn_id='s3_connection', conn_type='aws') credentials retrieved from login and password.
[2024-10-04T14:13:08.465+0000] {project-checkpoint.py:92} INFO - /tmp/***_tmp_876t5idi
[2024-10-04T14:13:08.524+0000] {base.py:84} INFO - Using connection ID 's3_connection' for task execution.
[2024-10-04T14:13:08.525+0000] {connection_wrapper.py:388} INFO - AWS Connection (conn_id='s3_connection', conn_type='aws') credentials retrieved from login and password.
[2024-10-04T14:13:08.914+0000] {base.py:84} INFO - Using connection ID 's3_connection' for task execution.
[2024-10-04T14:13:08.914+0000] {connection_wrapper.py:388} INFO - AWS Connection (conn_id='s3_connection', conn_type='aws') credentials retrieved from login and password.
[2024-10-04T14:13:09.328+0000] {base.py:84} INFO - Using connection ID 's3_connection' for task execution.
[2024-10-04T14:13:09.329+0000] {connection_wrapper.py:388} INFO - AWS Connection (conn_id='s3_connection', conn_type='aws') credentials retrieved from login and password.
[2024-10-04T14:13:09.495+0000] {base.py:84} INFO - Using connection ID 's3_connection' for task execution.
[2024-10-04T14:13:09.496+0000] {connection_wrapper.py:388} INFO - AWS Connection (conn_id='s3_connection', conn_type='aws') credentials retrieved from login and password.
[2024-10-04T14:13:09.673+0000] {base.py:84} INFO - Using connection ID 's3_connection' for task execution.
[2024-10-04T14:13:09.674+0000] {connection_wrapper.py:388} INFO - AWS Connection (conn_id='s3_connection', conn_type='aws') credentials retrieved from login and password.
[2024-10-04T14:13:09.808+0000] {base.py:84} INFO - Using connection ID 's3_connection' for task execution.
[2024-10-04T14:13:09.809+0000] {connection_wrapper.py:388} INFO - AWS Connection (conn_id='s3_connection', conn_type='aws') credentials retrieved from login and password.
[2024-10-04T14:13:09.935+0000] {project-checkpoint.py:158} INFO - Prepared data.
[2024-10-04T14:13:09.936+0000] {python.py:237} INFO - Done. Returned value was: None
[2024-10-04T14:13:09.937+0000] {taskinstance.py:441} INFO - ::group::Post task execution logs
[2024-10-04T14:13:10.167+0000] {taskinstance.py:1206} INFO - Marking task as SUCCESS. dag_id=Alex_Trigolos, task_id=task_prepare_data, run_id=manual__2024-10-04T14:12:59.018529+00:00, execution_date=20241004T141259, start_date=20241004T141308, end_date=20241004T141310
[2024-10-04T14:13:10.217+0000] {local_task_job_runner.py:243} INFO - Task exited with return code 0
[2024-10-04T14:13:10.240+0000] {taskinstance.py:3503} INFO - 3 downstream tasks scheduled from follow-on schedule check
[2024-10-04T14:13:10.243+0000] {local_task_job_runner.py:222} INFO - ::endgroup::
