[2024-10-03T08:42:02.428+0000] {processor.py:161} INFO - Started process (PID=353) to work on /opt/airflow/dags/.cache/pip/http/e/9/6/4/e/e964e921afaabafc321b63e610b1bda63b52149ea808d29094a90b43
[2024-10-03T08:42:02.428+0000] {processor.py:830} INFO - Processing file /opt/airflow/dags/.cache/pip/http/e/9/6/4/e/e964e921afaabafc321b63e610b1bda63b52149ea808d29094a90b43 for tasks to queue
[2024-10-03T08:42:02.430+0000] {logging_mixin.py:188} INFO - [2024-10-03T08:42:02.430+0000] {dagbag.py:545} INFO - Filling up the DagBag from /opt/airflow/dags/.cache/pip/http/e/9/6/4/e/e964e921afaabafc321b63e610b1bda63b52149ea808d29094a90b43
[2024-10-03T08:42:02.442+0000] {processor.py:842} WARNING - No viable dags retrieved from /opt/airflow/dags/.cache/pip/http/e/9/6/4/e/e964e921afaabafc321b63e610b1bda63b52149ea808d29094a90b43
[2024-10-03T08:42:02.451+0000] {processor.py:183} INFO - Processing /opt/airflow/dags/.cache/pip/http/e/9/6/4/e/e964e921afaabafc321b63e610b1bda63b52149ea808d29094a90b43 took 0.029 seconds
[2024-10-03T08:42:35.866+0000] {processor.py:161} INFO - Started process (PID=597) to work on /opt/airflow/dags/.cache/pip/http/e/9/6/4/e/e964e921afaabafc321b63e610b1bda63b52149ea808d29094a90b43
[2024-10-03T08:42:35.876+0000] {processor.py:830} INFO - Processing file /opt/airflow/dags/.cache/pip/http/e/9/6/4/e/e964e921afaabafc321b63e610b1bda63b52149ea808d29094a90b43 for tasks to queue
[2024-10-03T08:42:35.879+0000] {logging_mixin.py:188} INFO - [2024-10-03T08:42:35.878+0000] {dagbag.py:545} INFO - Filling up the DagBag from /opt/airflow/dags/.cache/pip/http/e/9/6/4/e/e964e921afaabafc321b63e610b1bda63b52149ea808d29094a90b43
[2024-10-03T08:42:35.947+0000] {processor.py:842} WARNING - No viable dags retrieved from /opt/airflow/dags/.cache/pip/http/e/9/6/4/e/e964e921afaabafc321b63e610b1bda63b52149ea808d29094a90b43
[2024-10-03T08:42:35.965+0000] {processor.py:183} INFO - Processing /opt/airflow/dags/.cache/pip/http/e/9/6/4/e/e964e921afaabafc321b63e610b1bda63b52149ea808d29094a90b43 took 0.106 seconds
[2024-10-03T08:43:09.048+0000] {processor.py:161} INFO - Started process (PID=839) to work on /opt/airflow/dags/.cache/pip/http/e/9/6/4/e/e964e921afaabafc321b63e610b1bda63b52149ea808d29094a90b43
[2024-10-03T08:43:09.062+0000] {processor.py:830} INFO - Processing file /opt/airflow/dags/.cache/pip/http/e/9/6/4/e/e964e921afaabafc321b63e610b1bda63b52149ea808d29094a90b43 for tasks to queue
[2024-10-03T08:43:09.065+0000] {logging_mixin.py:188} INFO - [2024-10-03T08:43:09.065+0000] {dagbag.py:545} INFO - Filling up the DagBag from /opt/airflow/dags/.cache/pip/http/e/9/6/4/e/e964e921afaabafc321b63e610b1bda63b52149ea808d29094a90b43
[2024-10-03T08:43:09.140+0000] {processor.py:842} WARNING - No viable dags retrieved from /opt/airflow/dags/.cache/pip/http/e/9/6/4/e/e964e921afaabafc321b63e610b1bda63b52149ea808d29094a90b43
[2024-10-03T08:43:09.160+0000] {processor.py:183} INFO - Processing /opt/airflow/dags/.cache/pip/http/e/9/6/4/e/e964e921afaabafc321b63e610b1bda63b52149ea808d29094a90b43 took 0.120 seconds
[2024-10-03T08:43:42.051+0000] {processor.py:161} INFO - Started process (PID=1080) to work on /opt/airflow/dags/.cache/pip/http/e/9/6/4/e/e964e921afaabafc321b63e610b1bda63b52149ea808d29094a90b43
[2024-10-03T08:43:42.053+0000] {processor.py:830} INFO - Processing file /opt/airflow/dags/.cache/pip/http/e/9/6/4/e/e964e921afaabafc321b63e610b1bda63b52149ea808d29094a90b43 for tasks to queue
[2024-10-03T08:43:42.055+0000] {logging_mixin.py:188} INFO - [2024-10-03T08:43:42.055+0000] {dagbag.py:545} INFO - Filling up the DagBag from /opt/airflow/dags/.cache/pip/http/e/9/6/4/e/e964e921afaabafc321b63e610b1bda63b52149ea808d29094a90b43
[2024-10-03T08:43:42.084+0000] {processor.py:842} WARNING - No viable dags retrieved from /opt/airflow/dags/.cache/pip/http/e/9/6/4/e/e964e921afaabafc321b63e610b1bda63b52149ea808d29094a90b43
[2024-10-03T08:43:42.102+0000] {processor.py:183} INFO - Processing /opt/airflow/dags/.cache/pip/http/e/9/6/4/e/e964e921afaabafc321b63e610b1bda63b52149ea808d29094a90b43 took 0.062 seconds
[2024-10-03T08:44:14.784+0000] {processor.py:161} INFO - Started process (PID=1324) to work on /opt/airflow/dags/.cache/pip/http/e/9/6/4/e/e964e921afaabafc321b63e610b1bda63b52149ea808d29094a90b43
[2024-10-03T08:44:14.786+0000] {processor.py:830} INFO - Processing file /opt/airflow/dags/.cache/pip/http/e/9/6/4/e/e964e921afaabafc321b63e610b1bda63b52149ea808d29094a90b43 for tasks to queue
[2024-10-03T08:44:14.788+0000] {logging_mixin.py:188} INFO - [2024-10-03T08:44:14.787+0000] {dagbag.py:545} INFO - Filling up the DagBag from /opt/airflow/dags/.cache/pip/http/e/9/6/4/e/e964e921afaabafc321b63e610b1bda63b52149ea808d29094a90b43
[2024-10-03T08:44:14.852+0000] {processor.py:842} WARNING - No viable dags retrieved from /opt/airflow/dags/.cache/pip/http/e/9/6/4/e/e964e921afaabafc321b63e610b1bda63b52149ea808d29094a90b43
[2024-10-03T08:44:14.866+0000] {processor.py:183} INFO - Processing /opt/airflow/dags/.cache/pip/http/e/9/6/4/e/e964e921afaabafc321b63e610b1bda63b52149ea808d29094a90b43 took 0.087 seconds
[2024-10-03T08:44:45.820+0000] {processor.py:161} INFO - Started process (PID=1564) to work on /opt/airflow/dags/.cache/pip/http/e/9/6/4/e/e964e921afaabafc321b63e610b1bda63b52149ea808d29094a90b43
[2024-10-03T08:44:45.822+0000] {processor.py:830} INFO - Processing file /opt/airflow/dags/.cache/pip/http/e/9/6/4/e/e964e921afaabafc321b63e610b1bda63b52149ea808d29094a90b43 for tasks to queue
[2024-10-03T08:44:45.825+0000] {logging_mixin.py:188} INFO - [2024-10-03T08:44:45.824+0000] {dagbag.py:545} INFO - Filling up the DagBag from /opt/airflow/dags/.cache/pip/http/e/9/6/4/e/e964e921afaabafc321b63e610b1bda63b52149ea808d29094a90b43
[2024-10-03T08:44:45.920+0000] {processor.py:842} WARNING - No viable dags retrieved from /opt/airflow/dags/.cache/pip/http/e/9/6/4/e/e964e921afaabafc321b63e610b1bda63b52149ea808d29094a90b43
[2024-10-03T08:44:45.945+0000] {processor.py:183} INFO - Processing /opt/airflow/dags/.cache/pip/http/e/9/6/4/e/e964e921afaabafc321b63e610b1bda63b52149ea808d29094a90b43 took 0.137 seconds
[2024-10-03T08:45:19.690+0000] {processor.py:161} INFO - Started process (PID=1790) to work on /opt/airflow/dags/.cache/pip/http/e/9/6/4/e/e964e921afaabafc321b63e610b1bda63b52149ea808d29094a90b43
[2024-10-03T08:45:19.692+0000] {processor.py:830} INFO - Processing file /opt/airflow/dags/.cache/pip/http/e/9/6/4/e/e964e921afaabafc321b63e610b1bda63b52149ea808d29094a90b43 for tasks to queue
[2024-10-03T08:45:19.696+0000] {logging_mixin.py:188} INFO - [2024-10-03T08:45:19.696+0000] {dagbag.py:545} INFO - Filling up the DagBag from /opt/airflow/dags/.cache/pip/http/e/9/6/4/e/e964e921afaabafc321b63e610b1bda63b52149ea808d29094a90b43
[2024-10-03T08:45:19.790+0000] {processor.py:842} WARNING - No viable dags retrieved from /opt/airflow/dags/.cache/pip/http/e/9/6/4/e/e964e921afaabafc321b63e610b1bda63b52149ea808d29094a90b43
[2024-10-03T08:45:19.816+0000] {processor.py:183} INFO - Processing /opt/airflow/dags/.cache/pip/http/e/9/6/4/e/e964e921afaabafc321b63e610b1bda63b52149ea808d29094a90b43 took 0.144 seconds
[2024-10-03T08:45:50.845+0000] {processor.py:161} INFO - Started process (PID=2026) to work on /opt/airflow/dags/.cache/pip/http/e/9/6/4/e/e964e921afaabafc321b63e610b1bda63b52149ea808d29094a90b43
[2024-10-03T08:45:50.847+0000] {processor.py:830} INFO - Processing file /opt/airflow/dags/.cache/pip/http/e/9/6/4/e/e964e921afaabafc321b63e610b1bda63b52149ea808d29094a90b43 for tasks to queue
[2024-10-03T08:45:50.850+0000] {logging_mixin.py:188} INFO - [2024-10-03T08:45:50.850+0000] {dagbag.py:545} INFO - Filling up the DagBag from /opt/airflow/dags/.cache/pip/http/e/9/6/4/e/e964e921afaabafc321b63e610b1bda63b52149ea808d29094a90b43
[2024-10-03T08:45:50.888+0000] {processor.py:842} WARNING - No viable dags retrieved from /opt/airflow/dags/.cache/pip/http/e/9/6/4/e/e964e921afaabafc321b63e610b1bda63b52149ea808d29094a90b43
[2024-10-03T08:45:50.909+0000] {processor.py:183} INFO - Processing /opt/airflow/dags/.cache/pip/http/e/9/6/4/e/e964e921afaabafc321b63e610b1bda63b52149ea808d29094a90b43 took 0.074 seconds
[2024-10-03T08:46:22.946+0000] {processor.py:161} INFO - Started process (PID=2270) to work on /opt/airflow/dags/.cache/pip/http/e/9/6/4/e/e964e921afaabafc321b63e610b1bda63b52149ea808d29094a90b43
[2024-10-03T08:46:22.948+0000] {processor.py:830} INFO - Processing file /opt/airflow/dags/.cache/pip/http/e/9/6/4/e/e964e921afaabafc321b63e610b1bda63b52149ea808d29094a90b43 for tasks to queue
[2024-10-03T08:46:22.950+0000] {logging_mixin.py:188} INFO - [2024-10-03T08:46:22.950+0000] {dagbag.py:545} INFO - Filling up the DagBag from /opt/airflow/dags/.cache/pip/http/e/9/6/4/e/e964e921afaabafc321b63e610b1bda63b52149ea808d29094a90b43
[2024-10-03T08:46:22.977+0000] {processor.py:842} WARNING - No viable dags retrieved from /opt/airflow/dags/.cache/pip/http/e/9/6/4/e/e964e921afaabafc321b63e610b1bda63b52149ea808d29094a90b43
[2024-10-03T08:46:22.995+0000] {processor.py:183} INFO - Processing /opt/airflow/dags/.cache/pip/http/e/9/6/4/e/e964e921afaabafc321b63e610b1bda63b52149ea808d29094a90b43 took 0.057 seconds
[2024-10-03T08:47:13.093+0000] {processor.py:161} INFO - Started process (PID=2539) to work on /opt/airflow/dags/.cache/pip/http/e/9/6/4/e/e964e921afaabafc321b63e610b1bda63b52149ea808d29094a90b43
[2024-10-03T08:47:13.095+0000] {processor.py:830} INFO - Processing file /opt/airflow/dags/.cache/pip/http/e/9/6/4/e/e964e921afaabafc321b63e610b1bda63b52149ea808d29094a90b43 for tasks to queue
[2024-10-03T08:47:13.098+0000] {logging_mixin.py:188} INFO - [2024-10-03T08:47:13.098+0000] {dagbag.py:545} INFO - Filling up the DagBag from /opt/airflow/dags/.cache/pip/http/e/9/6/4/e/e964e921afaabafc321b63e610b1bda63b52149ea808d29094a90b43
[2024-10-03T08:47:13.151+0000] {processor.py:842} WARNING - No viable dags retrieved from /opt/airflow/dags/.cache/pip/http/e/9/6/4/e/e964e921afaabafc321b63e610b1bda63b52149ea808d29094a90b43
[2024-10-03T08:47:13.175+0000] {processor.py:183} INFO - Processing /opt/airflow/dags/.cache/pip/http/e/9/6/4/e/e964e921afaabafc321b63e610b1bda63b52149ea808d29094a90b43 took 0.092 seconds
[2024-10-03T08:47:46.500+0000] {processor.py:161} INFO - Started process (PID=2779) to work on /opt/airflow/dags/.cache/pip/http/e/9/6/4/e/e964e921afaabafc321b63e610b1bda63b52149ea808d29094a90b43
[2024-10-03T08:47:46.501+0000] {processor.py:830} INFO - Processing file /opt/airflow/dags/.cache/pip/http/e/9/6/4/e/e964e921afaabafc321b63e610b1bda63b52149ea808d29094a90b43 for tasks to queue
[2024-10-03T08:47:46.504+0000] {logging_mixin.py:188} INFO - [2024-10-03T08:47:46.504+0000] {dagbag.py:545} INFO - Filling up the DagBag from /opt/airflow/dags/.cache/pip/http/e/9/6/4/e/e964e921afaabafc321b63e610b1bda63b52149ea808d29094a90b43
[2024-10-03T08:47:46.548+0000] {processor.py:842} WARNING - No viable dags retrieved from /opt/airflow/dags/.cache/pip/http/e/9/6/4/e/e964e921afaabafc321b63e610b1bda63b52149ea808d29094a90b43
[2024-10-03T08:47:46.569+0000] {processor.py:183} INFO - Processing /opt/airflow/dags/.cache/pip/http/e/9/6/4/e/e964e921afaabafc321b63e610b1bda63b52149ea808d29094a90b43 took 0.079 seconds
[2024-10-03T08:48:20.969+0000] {processor.py:161} INFO - Started process (PID=3029) to work on /opt/airflow/dags/.cache/pip/http/e/9/6/4/e/e964e921afaabafc321b63e610b1bda63b52149ea808d29094a90b43
[2024-10-03T08:48:20.972+0000] {processor.py:830} INFO - Processing file /opt/airflow/dags/.cache/pip/http/e/9/6/4/e/e964e921afaabafc321b63e610b1bda63b52149ea808d29094a90b43 for tasks to queue
[2024-10-03T08:48:20.976+0000] {logging_mixin.py:188} INFO - [2024-10-03T08:48:20.975+0000] {dagbag.py:545} INFO - Filling up the DagBag from /opt/airflow/dags/.cache/pip/http/e/9/6/4/e/e964e921afaabafc321b63e610b1bda63b52149ea808d29094a90b43
[2024-10-03T08:48:21.020+0000] {processor.py:842} WARNING - No viable dags retrieved from /opt/airflow/dags/.cache/pip/http/e/9/6/4/e/e964e921afaabafc321b63e610b1bda63b52149ea808d29094a90b43
[2024-10-03T08:48:21.057+0000] {processor.py:183} INFO - Processing /opt/airflow/dags/.cache/pip/http/e/9/6/4/e/e964e921afaabafc321b63e610b1bda63b52149ea808d29094a90b43 took 0.103 seconds
[2024-10-03T08:48:51.396+0000] {processor.py:161} INFO - Started process (PID=3271) to work on /opt/airflow/dags/.cache/pip/http/e/9/6/4/e/e964e921afaabafc321b63e610b1bda63b52149ea808d29094a90b43
[2024-10-03T08:48:51.397+0000] {processor.py:830} INFO - Processing file /opt/airflow/dags/.cache/pip/http/e/9/6/4/e/e964e921afaabafc321b63e610b1bda63b52149ea808d29094a90b43 for tasks to queue
[2024-10-03T08:48:51.398+0000] {logging_mixin.py:188} INFO - [2024-10-03T08:48:51.398+0000] {dagbag.py:545} INFO - Filling up the DagBag from /opt/airflow/dags/.cache/pip/http/e/9/6/4/e/e964e921afaabafc321b63e610b1bda63b52149ea808d29094a90b43
[2024-10-03T08:48:51.417+0000] {processor.py:842} WARNING - No viable dags retrieved from /opt/airflow/dags/.cache/pip/http/e/9/6/4/e/e964e921afaabafc321b63e610b1bda63b52149ea808d29094a90b43
[2024-10-03T08:48:51.443+0000] {processor.py:183} INFO - Processing /opt/airflow/dags/.cache/pip/http/e/9/6/4/e/e964e921afaabafc321b63e610b1bda63b52149ea808d29094a90b43 took 0.053 seconds
[2024-10-03T08:49:23.291+0000] {processor.py:161} INFO - Started process (PID=3513) to work on /opt/airflow/dags/.cache/pip/http/e/9/6/4/e/e964e921afaabafc321b63e610b1bda63b52149ea808d29094a90b43
[2024-10-03T08:49:23.292+0000] {processor.py:830} INFO - Processing file /opt/airflow/dags/.cache/pip/http/e/9/6/4/e/e964e921afaabafc321b63e610b1bda63b52149ea808d29094a90b43 for tasks to queue
[2024-10-03T08:49:23.294+0000] {logging_mixin.py:188} INFO - [2024-10-03T08:49:23.293+0000] {dagbag.py:545} INFO - Filling up the DagBag from /opt/airflow/dags/.cache/pip/http/e/9/6/4/e/e964e921afaabafc321b63e610b1bda63b52149ea808d29094a90b43
[2024-10-03T08:49:23.322+0000] {processor.py:842} WARNING - No viable dags retrieved from /opt/airflow/dags/.cache/pip/http/e/9/6/4/e/e964e921afaabafc321b63e610b1bda63b52149ea808d29094a90b43
[2024-10-03T08:49:23.338+0000] {processor.py:183} INFO - Processing /opt/airflow/dags/.cache/pip/http/e/9/6/4/e/e964e921afaabafc321b63e610b1bda63b52149ea808d29094a90b43 took 0.052 seconds
[2024-10-03T08:49:56.860+0000] {processor.py:161} INFO - Started process (PID=3756) to work on /opt/airflow/dags/.cache/pip/http/e/9/6/4/e/e964e921afaabafc321b63e610b1bda63b52149ea808d29094a90b43
[2024-10-03T08:49:56.861+0000] {processor.py:830} INFO - Processing file /opt/airflow/dags/.cache/pip/http/e/9/6/4/e/e964e921afaabafc321b63e610b1bda63b52149ea808d29094a90b43 for tasks to queue
[2024-10-03T08:49:56.863+0000] {logging_mixin.py:188} INFO - [2024-10-03T08:49:56.862+0000] {dagbag.py:545} INFO - Filling up the DagBag from /opt/airflow/dags/.cache/pip/http/e/9/6/4/e/e964e921afaabafc321b63e610b1bda63b52149ea808d29094a90b43
[2024-10-03T08:49:56.892+0000] {processor.py:842} WARNING - No viable dags retrieved from /opt/airflow/dags/.cache/pip/http/e/9/6/4/e/e964e921afaabafc321b63e610b1bda63b52149ea808d29094a90b43
[2024-10-03T08:49:56.903+0000] {processor.py:183} INFO - Processing /opt/airflow/dags/.cache/pip/http/e/9/6/4/e/e964e921afaabafc321b63e610b1bda63b52149ea808d29094a90b43 took 0.047 seconds
[2024-10-03T08:50:28.674+0000] {processor.py:161} INFO - Started process (PID=3998) to work on /opt/airflow/dags/.cache/pip/http/e/9/6/4/e/e964e921afaabafc321b63e610b1bda63b52149ea808d29094a90b43
[2024-10-03T08:50:28.675+0000] {processor.py:830} INFO - Processing file /opt/airflow/dags/.cache/pip/http/e/9/6/4/e/e964e921afaabafc321b63e610b1bda63b52149ea808d29094a90b43 for tasks to queue
[2024-10-03T08:50:28.676+0000] {logging_mixin.py:188} INFO - [2024-10-03T08:50:28.676+0000] {dagbag.py:545} INFO - Filling up the DagBag from /opt/airflow/dags/.cache/pip/http/e/9/6/4/e/e964e921afaabafc321b63e610b1bda63b52149ea808d29094a90b43
[2024-10-03T08:50:28.707+0000] {processor.py:842} WARNING - No viable dags retrieved from /opt/airflow/dags/.cache/pip/http/e/9/6/4/e/e964e921afaabafc321b63e610b1bda63b52149ea808d29094a90b43
[2024-10-03T08:50:28.718+0000] {processor.py:183} INFO - Processing /opt/airflow/dags/.cache/pip/http/e/9/6/4/e/e964e921afaabafc321b63e610b1bda63b52149ea808d29094a90b43 took 0.049 seconds
[2024-10-03T08:56:30.947+0000] {processor.py:161} INFO - Started process (PID=4381) to work on /opt/airflow/dags/.cache/pip/http/e/9/6/4/e/e964e921afaabafc321b63e610b1bda63b52149ea808d29094a90b43
[2024-10-03T08:56:30.948+0000] {processor.py:830} INFO - Processing file /opt/airflow/dags/.cache/pip/http/e/9/6/4/e/e964e921afaabafc321b63e610b1bda63b52149ea808d29094a90b43 for tasks to queue
[2024-10-03T08:56:30.949+0000] {logging_mixin.py:188} INFO - [2024-10-03T08:56:30.949+0000] {dagbag.py:545} INFO - Filling up the DagBag from /opt/airflow/dags/.cache/pip/http/e/9/6/4/e/e964e921afaabafc321b63e610b1bda63b52149ea808d29094a90b43
[2024-10-03T08:56:30.964+0000] {processor.py:842} WARNING - No viable dags retrieved from /opt/airflow/dags/.cache/pip/http/e/9/6/4/e/e964e921afaabafc321b63e610b1bda63b52149ea808d29094a90b43
[2024-10-03T08:56:30.976+0000] {processor.py:183} INFO - Processing /opt/airflow/dags/.cache/pip/http/e/9/6/4/e/e964e921afaabafc321b63e610b1bda63b52149ea808d29094a90b43 took 0.034 seconds
[2024-10-03T08:57:03.056+0000] {processor.py:161} INFO - Started process (PID=4633) to work on /opt/airflow/dags/.cache/pip/http/e/9/6/4/e/e964e921afaabafc321b63e610b1bda63b52149ea808d29094a90b43
[2024-10-03T08:57:03.057+0000] {processor.py:830} INFO - Processing file /opt/airflow/dags/.cache/pip/http/e/9/6/4/e/e964e921afaabafc321b63e610b1bda63b52149ea808d29094a90b43 for tasks to queue
[2024-10-03T08:57:03.058+0000] {logging_mixin.py:188} INFO - [2024-10-03T08:57:03.058+0000] {dagbag.py:545} INFO - Filling up the DagBag from /opt/airflow/dags/.cache/pip/http/e/9/6/4/e/e964e921afaabafc321b63e610b1bda63b52149ea808d29094a90b43
[2024-10-03T08:57:03.073+0000] {processor.py:842} WARNING - No viable dags retrieved from /opt/airflow/dags/.cache/pip/http/e/9/6/4/e/e964e921afaabafc321b63e610b1bda63b52149ea808d29094a90b43
[2024-10-03T08:57:03.084+0000] {processor.py:183} INFO - Processing /opt/airflow/dags/.cache/pip/http/e/9/6/4/e/e964e921afaabafc321b63e610b1bda63b52149ea808d29094a90b43 took 0.033 seconds
