[2024-10-03T08:42:02.893+0000] {processor.py:161} INFO - Started process (PID=380) to work on /opt/airflow/dags/.cache/pip/http/b/b/6/8/2/bb682246fcf09136f45dfdcaefb4a25e83fa2f05b23989efc5847496
[2024-10-03T08:42:02.894+0000] {processor.py:830} INFO - Processing file /opt/airflow/dags/.cache/pip/http/b/b/6/8/2/bb682246fcf09136f45dfdcaefb4a25e83fa2f05b23989efc5847496 for tasks to queue
[2024-10-03T08:42:02.898+0000] {logging_mixin.py:188} INFO - [2024-10-03T08:42:02.898+0000] {dagbag.py:545} INFO - Filling up the DagBag from /opt/airflow/dags/.cache/pip/http/b/b/6/8/2/bb682246fcf09136f45dfdcaefb4a25e83fa2f05b23989efc5847496
[2024-10-03T08:42:02.918+0000] {processor.py:842} WARNING - No viable dags retrieved from /opt/airflow/dags/.cache/pip/http/b/b/6/8/2/bb682246fcf09136f45dfdcaefb4a25e83fa2f05b23989efc5847496
[2024-10-03T08:42:02.929+0000] {processor.py:183} INFO - Processing /opt/airflow/dags/.cache/pip/http/b/b/6/8/2/bb682246fcf09136f45dfdcaefb4a25e83fa2f05b23989efc5847496 took 0.044 seconds
[2024-10-03T08:42:36.628+0000] {processor.py:161} INFO - Started process (PID=622) to work on /opt/airflow/dags/.cache/pip/http/b/b/6/8/2/bb682246fcf09136f45dfdcaefb4a25e83fa2f05b23989efc5847496
[2024-10-03T08:42:36.630+0000] {processor.py:830} INFO - Processing file /opt/airflow/dags/.cache/pip/http/b/b/6/8/2/bb682246fcf09136f45dfdcaefb4a25e83fa2f05b23989efc5847496 for tasks to queue
[2024-10-03T08:42:36.632+0000] {logging_mixin.py:188} INFO - [2024-10-03T08:42:36.631+0000] {dagbag.py:545} INFO - Filling up the DagBag from /opt/airflow/dags/.cache/pip/http/b/b/6/8/2/bb682246fcf09136f45dfdcaefb4a25e83fa2f05b23989efc5847496
[2024-10-03T08:42:36.657+0000] {processor.py:842} WARNING - No viable dags retrieved from /opt/airflow/dags/.cache/pip/http/b/b/6/8/2/bb682246fcf09136f45dfdcaefb4a25e83fa2f05b23989efc5847496
[2024-10-03T08:42:36.678+0000] {processor.py:183} INFO - Processing /opt/airflow/dags/.cache/pip/http/b/b/6/8/2/bb682246fcf09136f45dfdcaefb4a25e83fa2f05b23989efc5847496 took 0.058 seconds
[2024-10-03T08:43:09.958+0000] {processor.py:161} INFO - Started process (PID=862) to work on /opt/airflow/dags/.cache/pip/http/b/b/6/8/2/bb682246fcf09136f45dfdcaefb4a25e83fa2f05b23989efc5847496
[2024-10-03T08:43:09.960+0000] {processor.py:830} INFO - Processing file /opt/airflow/dags/.cache/pip/http/b/b/6/8/2/bb682246fcf09136f45dfdcaefb4a25e83fa2f05b23989efc5847496 for tasks to queue
[2024-10-03T08:43:09.962+0000] {logging_mixin.py:188} INFO - [2024-10-03T08:43:09.962+0000] {dagbag.py:545} INFO - Filling up the DagBag from /opt/airflow/dags/.cache/pip/http/b/b/6/8/2/bb682246fcf09136f45dfdcaefb4a25e83fa2f05b23989efc5847496
[2024-10-03T08:43:10.098+0000] {processor.py:842} WARNING - No viable dags retrieved from /opt/airflow/dags/.cache/pip/http/b/b/6/8/2/bb682246fcf09136f45dfdcaefb4a25e83fa2f05b23989efc5847496
[2024-10-03T08:43:10.120+0000] {processor.py:183} INFO - Processing /opt/airflow/dags/.cache/pip/http/b/b/6/8/2/bb682246fcf09136f45dfdcaefb4a25e83fa2f05b23989efc5847496 took 0.171 seconds
[2024-10-03T08:43:43.057+0000] {processor.py:161} INFO - Started process (PID=1107) to work on /opt/airflow/dags/.cache/pip/http/b/b/6/8/2/bb682246fcf09136f45dfdcaefb4a25e83fa2f05b23989efc5847496
[2024-10-03T08:43:43.058+0000] {processor.py:830} INFO - Processing file /opt/airflow/dags/.cache/pip/http/b/b/6/8/2/bb682246fcf09136f45dfdcaefb4a25e83fa2f05b23989efc5847496 for tasks to queue
[2024-10-03T08:43:43.060+0000] {logging_mixin.py:188} INFO - [2024-10-03T08:43:43.060+0000] {dagbag.py:545} INFO - Filling up the DagBag from /opt/airflow/dags/.cache/pip/http/b/b/6/8/2/bb682246fcf09136f45dfdcaefb4a25e83fa2f05b23989efc5847496
[2024-10-03T08:43:43.082+0000] {processor.py:842} WARNING - No viable dags retrieved from /opt/airflow/dags/.cache/pip/http/b/b/6/8/2/bb682246fcf09136f45dfdcaefb4a25e83fa2f05b23989efc5847496
[2024-10-03T08:43:43.094+0000] {processor.py:183} INFO - Processing /opt/airflow/dags/.cache/pip/http/b/b/6/8/2/bb682246fcf09136f45dfdcaefb4a25e83fa2f05b23989efc5847496 took 0.042 seconds
[2024-10-03T08:44:15.851+0000] {processor.py:161} INFO - Started process (PID=1347) to work on /opt/airflow/dags/.cache/pip/http/b/b/6/8/2/bb682246fcf09136f45dfdcaefb4a25e83fa2f05b23989efc5847496
[2024-10-03T08:44:15.853+0000] {processor.py:830} INFO - Processing file /opt/airflow/dags/.cache/pip/http/b/b/6/8/2/bb682246fcf09136f45dfdcaefb4a25e83fa2f05b23989efc5847496 for tasks to queue
[2024-10-03T08:44:15.856+0000] {logging_mixin.py:188} INFO - [2024-10-03T08:44:15.855+0000] {dagbag.py:545} INFO - Filling up the DagBag from /opt/airflow/dags/.cache/pip/http/b/b/6/8/2/bb682246fcf09136f45dfdcaefb4a25e83fa2f05b23989efc5847496
[2024-10-03T08:44:15.880+0000] {processor.py:842} WARNING - No viable dags retrieved from /opt/airflow/dags/.cache/pip/http/b/b/6/8/2/bb682246fcf09136f45dfdcaefb4a25e83fa2f05b23989efc5847496
[2024-10-03T08:44:15.892+0000] {processor.py:183} INFO - Processing /opt/airflow/dags/.cache/pip/http/b/b/6/8/2/bb682246fcf09136f45dfdcaefb4a25e83fa2f05b23989efc5847496 took 0.049 seconds
[2024-10-03T08:44:47.504+0000] {processor.py:161} INFO - Started process (PID=1595) to work on /opt/airflow/dags/.cache/pip/http/b/b/6/8/2/bb682246fcf09136f45dfdcaefb4a25e83fa2f05b23989efc5847496
[2024-10-03T08:44:47.506+0000] {processor.py:830} INFO - Processing file /opt/airflow/dags/.cache/pip/http/b/b/6/8/2/bb682246fcf09136f45dfdcaefb4a25e83fa2f05b23989efc5847496 for tasks to queue
[2024-10-03T08:44:47.509+0000] {logging_mixin.py:188} INFO - [2024-10-03T08:44:47.508+0000] {dagbag.py:545} INFO - Filling up the DagBag from /opt/airflow/dags/.cache/pip/http/b/b/6/8/2/bb682246fcf09136f45dfdcaefb4a25e83fa2f05b23989efc5847496
[2024-10-03T08:44:47.587+0000] {processor.py:842} WARNING - No viable dags retrieved from /opt/airflow/dags/.cache/pip/http/b/b/6/8/2/bb682246fcf09136f45dfdcaefb4a25e83fa2f05b23989efc5847496
[2024-10-03T08:44:47.616+0000] {processor.py:183} INFO - Processing /opt/airflow/dags/.cache/pip/http/b/b/6/8/2/bb682246fcf09136f45dfdcaefb4a25e83fa2f05b23989efc5847496 took 0.121 seconds
[2024-10-03T08:45:21.219+0000] {processor.py:161} INFO - Started process (PID=1837) to work on /opt/airflow/dags/.cache/pip/http/b/b/6/8/2/bb682246fcf09136f45dfdcaefb4a25e83fa2f05b23989efc5847496
[2024-10-03T08:45:21.221+0000] {processor.py:830} INFO - Processing file /opt/airflow/dags/.cache/pip/http/b/b/6/8/2/bb682246fcf09136f45dfdcaefb4a25e83fa2f05b23989efc5847496 for tasks to queue
[2024-10-03T08:45:21.225+0000] {logging_mixin.py:188} INFO - [2024-10-03T08:45:21.224+0000] {dagbag.py:545} INFO - Filling up the DagBag from /opt/airflow/dags/.cache/pip/http/b/b/6/8/2/bb682246fcf09136f45dfdcaefb4a25e83fa2f05b23989efc5847496
[2024-10-03T08:45:21.304+0000] {processor.py:842} WARNING - No viable dags retrieved from /opt/airflow/dags/.cache/pip/http/b/b/6/8/2/bb682246fcf09136f45dfdcaefb4a25e83fa2f05b23989efc5847496
[2024-10-03T08:45:21.331+0000] {processor.py:183} INFO - Processing /opt/airflow/dags/.cache/pip/http/b/b/6/8/2/bb682246fcf09136f45dfdcaefb4a25e83fa2f05b23989efc5847496 took 0.128 seconds
[2024-10-03T08:45:52.178+0000] {processor.py:161} INFO - Started process (PID=2056) to work on /opt/airflow/dags/.cache/pip/http/b/b/6/8/2/bb682246fcf09136f45dfdcaefb4a25e83fa2f05b23989efc5847496
[2024-10-03T08:45:52.180+0000] {processor.py:830} INFO - Processing file /opt/airflow/dags/.cache/pip/http/b/b/6/8/2/bb682246fcf09136f45dfdcaefb4a25e83fa2f05b23989efc5847496 for tasks to queue
[2024-10-03T08:45:52.183+0000] {logging_mixin.py:188} INFO - [2024-10-03T08:45:52.183+0000] {dagbag.py:545} INFO - Filling up the DagBag from /opt/airflow/dags/.cache/pip/http/b/b/6/8/2/bb682246fcf09136f45dfdcaefb4a25e83fa2f05b23989efc5847496
[2024-10-03T08:45:52.214+0000] {processor.py:842} WARNING - No viable dags retrieved from /opt/airflow/dags/.cache/pip/http/b/b/6/8/2/bb682246fcf09136f45dfdcaefb4a25e83fa2f05b23989efc5847496
[2024-10-03T08:45:52.236+0000] {processor.py:183} INFO - Processing /opt/airflow/dags/.cache/pip/http/b/b/6/8/2/bb682246fcf09136f45dfdcaefb4a25e83fa2f05b23989efc5847496 took 0.069 seconds
[2024-10-03T08:46:23.418+0000] {processor.py:161} INFO - Started process (PID=2293) to work on /opt/airflow/dags/.cache/pip/http/b/b/6/8/2/bb682246fcf09136f45dfdcaefb4a25e83fa2f05b23989efc5847496
[2024-10-03T08:46:23.425+0000] {processor.py:830} INFO - Processing file /opt/airflow/dags/.cache/pip/http/b/b/6/8/2/bb682246fcf09136f45dfdcaefb4a25e83fa2f05b23989efc5847496 for tasks to queue
[2024-10-03T08:46:23.428+0000] {logging_mixin.py:188} INFO - [2024-10-03T08:46:23.427+0000] {dagbag.py:545} INFO - Filling up the DagBag from /opt/airflow/dags/.cache/pip/http/b/b/6/8/2/bb682246fcf09136f45dfdcaefb4a25e83fa2f05b23989efc5847496
[2024-10-03T08:46:23.465+0000] {processor.py:842} WARNING - No viable dags retrieved from /opt/airflow/dags/.cache/pip/http/b/b/6/8/2/bb682246fcf09136f45dfdcaefb4a25e83fa2f05b23989efc5847496
[2024-10-03T08:46:23.485+0000] {processor.py:183} INFO - Processing /opt/airflow/dags/.cache/pip/http/b/b/6/8/2/bb682246fcf09136f45dfdcaefb4a25e83fa2f05b23989efc5847496 took 0.080 seconds
[2024-10-03T08:47:13.768+0000] {processor.py:161} INFO - Started process (PID=2564) to work on /opt/airflow/dags/.cache/pip/http/b/b/6/8/2/bb682246fcf09136f45dfdcaefb4a25e83fa2f05b23989efc5847496
[2024-10-03T08:47:13.771+0000] {processor.py:830} INFO - Processing file /opt/airflow/dags/.cache/pip/http/b/b/6/8/2/bb682246fcf09136f45dfdcaefb4a25e83fa2f05b23989efc5847496 for tasks to queue
[2024-10-03T08:47:13.774+0000] {logging_mixin.py:188} INFO - [2024-10-03T08:47:13.773+0000] {dagbag.py:545} INFO - Filling up the DagBag from /opt/airflow/dags/.cache/pip/http/b/b/6/8/2/bb682246fcf09136f45dfdcaefb4a25e83fa2f05b23989efc5847496
[2024-10-03T08:47:13.803+0000] {processor.py:842} WARNING - No viable dags retrieved from /opt/airflow/dags/.cache/pip/http/b/b/6/8/2/bb682246fcf09136f45dfdcaefb4a25e83fa2f05b23989efc5847496
[2024-10-03T08:47:13.830+0000] {processor.py:183} INFO - Processing /opt/airflow/dags/.cache/pip/http/b/b/6/8/2/bb682246fcf09136f45dfdcaefb4a25e83fa2f05b23989efc5847496 took 0.079 seconds
[2024-10-03T08:47:47.995+0000] {processor.py:161} INFO - Started process (PID=2810) to work on /opt/airflow/dags/.cache/pip/http/b/b/6/8/2/bb682246fcf09136f45dfdcaefb4a25e83fa2f05b23989efc5847496
[2024-10-03T08:47:47.999+0000] {processor.py:830} INFO - Processing file /opt/airflow/dags/.cache/pip/http/b/b/6/8/2/bb682246fcf09136f45dfdcaefb4a25e83fa2f05b23989efc5847496 for tasks to queue
[2024-10-03T08:47:48.003+0000] {logging_mixin.py:188} INFO - [2024-10-03T08:47:48.002+0000] {dagbag.py:545} INFO - Filling up the DagBag from /opt/airflow/dags/.cache/pip/http/b/b/6/8/2/bb682246fcf09136f45dfdcaefb4a25e83fa2f05b23989efc5847496
[2024-10-03T08:47:48.047+0000] {processor.py:842} WARNING - No viable dags retrieved from /opt/airflow/dags/.cache/pip/http/b/b/6/8/2/bb682246fcf09136f45dfdcaefb4a25e83fa2f05b23989efc5847496
[2024-10-03T08:47:48.068+0000] {processor.py:183} INFO - Processing /opt/airflow/dags/.cache/pip/http/b/b/6/8/2/bb682246fcf09136f45dfdcaefb4a25e83fa2f05b23989efc5847496 took 0.083 seconds
[2024-10-03T08:48:21.802+0000] {processor.py:161} INFO - Started process (PID=3052) to work on /opt/airflow/dags/.cache/pip/http/b/b/6/8/2/bb682246fcf09136f45dfdcaefb4a25e83fa2f05b23989efc5847496
[2024-10-03T08:48:21.804+0000] {processor.py:830} INFO - Processing file /opt/airflow/dags/.cache/pip/http/b/b/6/8/2/bb682246fcf09136f45dfdcaefb4a25e83fa2f05b23989efc5847496 for tasks to queue
[2024-10-03T08:48:21.807+0000] {logging_mixin.py:188} INFO - [2024-10-03T08:48:21.807+0000] {dagbag.py:545} INFO - Filling up the DagBag from /opt/airflow/dags/.cache/pip/http/b/b/6/8/2/bb682246fcf09136f45dfdcaefb4a25e83fa2f05b23989efc5847496
[2024-10-03T08:48:21.852+0000] {processor.py:842} WARNING - No viable dags retrieved from /opt/airflow/dags/.cache/pip/http/b/b/6/8/2/bb682246fcf09136f45dfdcaefb4a25e83fa2f05b23989efc5847496
[2024-10-03T08:48:21.874+0000] {processor.py:183} INFO - Processing /opt/airflow/dags/.cache/pip/http/b/b/6/8/2/bb682246fcf09136f45dfdcaefb4a25e83fa2f05b23989efc5847496 took 0.081 seconds
[2024-10-03T08:48:52.182+0000] {processor.py:161} INFO - Started process (PID=3296) to work on /opt/airflow/dags/.cache/pip/http/b/b/6/8/2/bb682246fcf09136f45dfdcaefb4a25e83fa2f05b23989efc5847496
[2024-10-03T08:48:52.183+0000] {processor.py:830} INFO - Processing file /opt/airflow/dags/.cache/pip/http/b/b/6/8/2/bb682246fcf09136f45dfdcaefb4a25e83fa2f05b23989efc5847496 for tasks to queue
[2024-10-03T08:48:52.186+0000] {logging_mixin.py:188} INFO - [2024-10-03T08:48:52.186+0000] {dagbag.py:545} INFO - Filling up the DagBag from /opt/airflow/dags/.cache/pip/http/b/b/6/8/2/bb682246fcf09136f45dfdcaefb4a25e83fa2f05b23989efc5847496
[2024-10-03T08:48:52.216+0000] {processor.py:842} WARNING - No viable dags retrieved from /opt/airflow/dags/.cache/pip/http/b/b/6/8/2/bb682246fcf09136f45dfdcaefb4a25e83fa2f05b23989efc5847496
[2024-10-03T08:48:52.230+0000] {processor.py:183} INFO - Processing /opt/airflow/dags/.cache/pip/http/b/b/6/8/2/bb682246fcf09136f45dfdcaefb4a25e83fa2f05b23989efc5847496 took 0.057 seconds
[2024-10-03T08:49:23.911+0000] {processor.py:161} INFO - Started process (PID=3538) to work on /opt/airflow/dags/.cache/pip/http/b/b/6/8/2/bb682246fcf09136f45dfdcaefb4a25e83fa2f05b23989efc5847496
[2024-10-03T08:49:23.913+0000] {processor.py:830} INFO - Processing file /opt/airflow/dags/.cache/pip/http/b/b/6/8/2/bb682246fcf09136f45dfdcaefb4a25e83fa2f05b23989efc5847496 for tasks to queue
[2024-10-03T08:49:23.915+0000] {logging_mixin.py:188} INFO - [2024-10-03T08:49:23.914+0000] {dagbag.py:545} INFO - Filling up the DagBag from /opt/airflow/dags/.cache/pip/http/b/b/6/8/2/bb682246fcf09136f45dfdcaefb4a25e83fa2f05b23989efc5847496
[2024-10-03T08:49:23.945+0000] {processor.py:842} WARNING - No viable dags retrieved from /opt/airflow/dags/.cache/pip/http/b/b/6/8/2/bb682246fcf09136f45dfdcaefb4a25e83fa2f05b23989efc5847496
[2024-10-03T08:49:23.957+0000] {processor.py:183} INFO - Processing /opt/airflow/dags/.cache/pip/http/b/b/6/8/2/bb682246fcf09136f45dfdcaefb4a25e83fa2f05b23989efc5847496 took 0.053 seconds
[2024-10-03T08:49:57.357+0000] {processor.py:161} INFO - Started process (PID=3781) to work on /opt/airflow/dags/.cache/pip/http/b/b/6/8/2/bb682246fcf09136f45dfdcaefb4a25e83fa2f05b23989efc5847496
[2024-10-03T08:49:57.358+0000] {processor.py:830} INFO - Processing file /opt/airflow/dags/.cache/pip/http/b/b/6/8/2/bb682246fcf09136f45dfdcaefb4a25e83fa2f05b23989efc5847496 for tasks to queue
[2024-10-03T08:49:57.359+0000] {logging_mixin.py:188} INFO - [2024-10-03T08:49:57.359+0000] {dagbag.py:545} INFO - Filling up the DagBag from /opt/airflow/dags/.cache/pip/http/b/b/6/8/2/bb682246fcf09136f45dfdcaefb4a25e83fa2f05b23989efc5847496
[2024-10-03T08:49:57.373+0000] {processor.py:842} WARNING - No viable dags retrieved from /opt/airflow/dags/.cache/pip/http/b/b/6/8/2/bb682246fcf09136f45dfdcaefb4a25e83fa2f05b23989efc5847496
[2024-10-03T08:49:57.383+0000] {processor.py:183} INFO - Processing /opt/airflow/dags/.cache/pip/http/b/b/6/8/2/bb682246fcf09136f45dfdcaefb4a25e83fa2f05b23989efc5847496 took 0.031 seconds
[2024-10-03T08:50:29.205+0000] {processor.py:161} INFO - Started process (PID=4021) to work on /opt/airflow/dags/.cache/pip/http/b/b/6/8/2/bb682246fcf09136f45dfdcaefb4a25e83fa2f05b23989efc5847496
[2024-10-03T08:50:29.206+0000] {processor.py:830} INFO - Processing file /opt/airflow/dags/.cache/pip/http/b/b/6/8/2/bb682246fcf09136f45dfdcaefb4a25e83fa2f05b23989efc5847496 for tasks to queue
[2024-10-03T08:50:29.207+0000] {logging_mixin.py:188} INFO - [2024-10-03T08:50:29.207+0000] {dagbag.py:545} INFO - Filling up the DagBag from /opt/airflow/dags/.cache/pip/http/b/b/6/8/2/bb682246fcf09136f45dfdcaefb4a25e83fa2f05b23989efc5847496
[2024-10-03T08:50:29.228+0000] {processor.py:842} WARNING - No viable dags retrieved from /opt/airflow/dags/.cache/pip/http/b/b/6/8/2/bb682246fcf09136f45dfdcaefb4a25e83fa2f05b23989efc5847496
[2024-10-03T08:50:29.240+0000] {processor.py:183} INFO - Processing /opt/airflow/dags/.cache/pip/http/b/b/6/8/2/bb682246fcf09136f45dfdcaefb4a25e83fa2f05b23989efc5847496 took 0.040 seconds
[2024-10-03T08:56:31.339+0000] {processor.py:161} INFO - Started process (PID=4399) to work on /opt/airflow/dags/.cache/pip/http/b/b/6/8/2/bb682246fcf09136f45dfdcaefb4a25e83fa2f05b23989efc5847496
[2024-10-03T08:56:31.340+0000] {processor.py:830} INFO - Processing file /opt/airflow/dags/.cache/pip/http/b/b/6/8/2/bb682246fcf09136f45dfdcaefb4a25e83fa2f05b23989efc5847496 for tasks to queue
[2024-10-03T08:56:31.340+0000] {logging_mixin.py:188} INFO - [2024-10-03T08:56:31.340+0000] {dagbag.py:545} INFO - Filling up the DagBag from /opt/airflow/dags/.cache/pip/http/b/b/6/8/2/bb682246fcf09136f45dfdcaefb4a25e83fa2f05b23989efc5847496
[2024-10-03T08:56:31.392+0000] {processor.py:842} WARNING - No viable dags retrieved from /opt/airflow/dags/.cache/pip/http/b/b/6/8/2/bb682246fcf09136f45dfdcaefb4a25e83fa2f05b23989efc5847496
[2024-10-03T08:56:31.403+0000] {processor.py:183} INFO - Processing /opt/airflow/dags/.cache/pip/http/b/b/6/8/2/bb682246fcf09136f45dfdcaefb4a25e83fa2f05b23989efc5847496 took 0.071 seconds
[2024-10-03T08:57:03.372+0000] {processor.py:161} INFO - Started process (PID=4653) to work on /opt/airflow/dags/.cache/pip/http/b/b/6/8/2/bb682246fcf09136f45dfdcaefb4a25e83fa2f05b23989efc5847496
[2024-10-03T08:57:03.373+0000] {processor.py:830} INFO - Processing file /opt/airflow/dags/.cache/pip/http/b/b/6/8/2/bb682246fcf09136f45dfdcaefb4a25e83fa2f05b23989efc5847496 for tasks to queue
[2024-10-03T08:57:03.374+0000] {logging_mixin.py:188} INFO - [2024-10-03T08:57:03.373+0000] {dagbag.py:545} INFO - Filling up the DagBag from /opt/airflow/dags/.cache/pip/http/b/b/6/8/2/bb682246fcf09136f45dfdcaefb4a25e83fa2f05b23989efc5847496
[2024-10-03T08:57:03.384+0000] {processor.py:842} WARNING - No viable dags retrieved from /opt/airflow/dags/.cache/pip/http/b/b/6/8/2/bb682246fcf09136f45dfdcaefb4a25e83fa2f05b23989efc5847496
[2024-10-03T08:57:03.395+0000] {processor.py:183} INFO - Processing /opt/airflow/dags/.cache/pip/http/b/b/6/8/2/bb682246fcf09136f45dfdcaefb4a25e83fa2f05b23989efc5847496 took 0.028 seconds
