[2024-10-04T06:38:46.746+0000] {local_task_job_runner.py:120} INFO - ::group::Pre task execution logs
[2024-10-04T06:38:46.762+0000] {taskinstance.py:2076} INFO - Dependencies all met for dep_context=non-requeueable deps ti=<TaskInstance: gradient_boosting_classifier_dag.gbc_prepare_data scheduled__2024-10-03T01:00:00+00:00 [queued]>
[2024-10-04T06:38:46.771+0000] {taskinstance.py:2076} INFO - Dependencies all met for dep_context=requeueable deps ti=<TaskInstance: gradient_boosting_classifier_dag.gbc_prepare_data scheduled__2024-10-03T01:00:00+00:00 [queued]>
[2024-10-04T06:38:46.772+0000] {taskinstance.py:2306} INFO - Starting attempt 1 of 1
[2024-10-04T06:38:46.784+0000] {taskinstance.py:2330} INFO - Executing <Task(PythonOperator): gbc_prepare_data> on 2024-10-03 01:00:00+00:00
[2024-10-04T06:38:46.793+0000] {standard_task_runner.py:64} INFO - Started process 49224 to run task
[2024-10-04T06:38:46.795+0000] {standard_task_runner.py:90} INFO - Running: ['***', 'tasks', 'run', 'gradient_boosting_classifier_dag', 'gbc_prepare_data', 'scheduled__2024-10-03T01:00:00+00:00', '--job-id', '777', '--raw', '--subdir', 'DAGS_FOLDER/***/dags/.ipynb_checkpoints/hw1-checkpoint.py', '--cfg-path', '/tmp/tmphxgmaf5v']
[2024-10-04T06:38:46.798+0000] {standard_task_runner.py:91} INFO - Job 777: Subtask gbc_prepare_data
[2024-10-04T06:38:46.841+0000] {task_command.py:426} INFO - Running <TaskInstance: gradient_boosting_classifier_dag.gbc_prepare_data scheduled__2024-10-03T01:00:00+00:00 [running]> on host 4b5f1410d111
[2024-10-04T06:38:46.916+0000] {taskinstance.py:2648} INFO - Exporting env vars: AIRFLOW_CTX_DAG_EMAIL='alexvlg34@gmail.com' AIRFLOW_CTX_DAG_OWNER='Alex Trigolos' AIRFLOW_CTX_DAG_ID='gradient_boosting_classifier_dag' AIRFLOW_CTX_TASK_ID='gbc_prepare_data' AIRFLOW_CTX_EXECUTION_DATE='2024-10-03T01:00:00+00:00' AIRFLOW_CTX_TRY_NUMBER='1' AIRFLOW_CTX_DAG_RUN_ID='scheduled__2024-10-03T01:00:00+00:00'
[2024-10-04T06:38:46.918+0000] {taskinstance.py:430} INFO - ::endgroup::
[2024-10-04T06:38:46.926+0000] {hw1-checkpoint.py:107} INFO - Prepare data...
[2024-10-04T06:38:46.927+0000] {s3.py:1422} INFO - Downloading source S3 file from Bucket testmlops with path AlexTrigolos/GradientBoostingClassifier/datasets/dataset.pkl
[2024-10-04T06:38:46.937+0000] {base.py:84} INFO - Using connection ID 's3_connection' for task execution.
[2024-10-04T06:38:46.939+0000] {connection_wrapper.py:388} INFO - AWS Connection (conn_id='s3_connection', conn_type='aws') credentials retrieved from login and password.
[2024-10-04T06:38:47.356+0000] {hw1-checkpoint.py:78} INFO - /tmp/***_tmp_osctk241
[2024-10-04T06:38:47.420+0000] {base.py:84} INFO - Using connection ID 's3_connection' for task execution.
[2024-10-04T06:38:47.421+0000] {connection_wrapper.py:388} INFO - AWS Connection (conn_id='s3_connection', conn_type='aws') credentials retrieved from login and password.
[2024-10-04T06:38:47.754+0000] {base.py:84} INFO - Using connection ID 's3_connection' for task execution.
[2024-10-04T06:38:47.755+0000] {connection_wrapper.py:388} INFO - AWS Connection (conn_id='s3_connection', conn_type='aws') credentials retrieved from login and password.
[2024-10-04T06:38:47.918+0000] {base.py:84} INFO - Using connection ID 's3_connection' for task execution.
[2024-10-04T06:38:47.919+0000] {connection_wrapper.py:388} INFO - AWS Connection (conn_id='s3_connection', conn_type='aws') credentials retrieved from login and password.
[2024-10-04T06:38:48.058+0000] {base.py:84} INFO - Using connection ID 's3_connection' for task execution.
[2024-10-04T06:38:48.060+0000] {connection_wrapper.py:388} INFO - AWS Connection (conn_id='s3_connection', conn_type='aws') credentials retrieved from login and password.
[2024-10-04T06:38:48.589+0000] {hw1-checkpoint.py:133} INFO - Prepared data.
[2024-10-04T06:38:48.590+0000] {python.py:237} INFO - Done. Returned value was: None
[2024-10-04T06:38:48.591+0000] {taskinstance.py:441} INFO - ::group::Post task execution logs
[2024-10-04T06:38:48.603+0000] {taskinstance.py:1206} INFO - Marking task as SUCCESS. dag_id=gradient_boosting_classifier_dag, task_id=gbc_prepare_data, run_id=scheduled__2024-10-03T01:00:00+00:00, execution_date=20241003T010000, start_date=20241004T063846, end_date=20241004T063848
[2024-10-04T06:38:48.657+0000] {local_task_job_runner.py:243} INFO - Task exited with return code 0
[2024-10-04T06:38:48.681+0000] {taskinstance.py:3503} INFO - 1 downstream tasks scheduled from follow-on schedule check
[2024-10-04T06:38:48.682+0000] {local_task_job_runner.py:222} INFO - ::endgroup::
