[2024-09-24T20:22:10.243+0000] {processor.py:161} INFO - Started process (PID=440) to work on /opt/airflow/dags/.cache/pip/http/8/7/5/a/3/875a3e587c5b222354f5eb2dbae0cf6a54681df802f32e6f407eaac6
[2024-09-24T20:22:10.245+0000] {processor.py:830} INFO - Processing file /opt/airflow/dags/.cache/pip/http/8/7/5/a/3/875a3e587c5b222354f5eb2dbae0cf6a54681df802f32e6f407eaac6 for tasks to queue
[2024-09-24T20:22:10.249+0000] {logging_mixin.py:188} INFO - [2024-09-24T20:22:10.249+0000] {dagbag.py:545} INFO - Filling up the DagBag from /opt/airflow/dags/.cache/pip/http/8/7/5/a/3/875a3e587c5b222354f5eb2dbae0cf6a54681df802f32e6f407eaac6
[2024-09-24T20:22:10.314+0000] {processor.py:842} WARNING - No viable dags retrieved from /opt/airflow/dags/.cache/pip/http/8/7/5/a/3/875a3e587c5b222354f5eb2dbae0cf6a54681df802f32e6f407eaac6
[2024-09-24T20:22:10.338+0000] {processor.py:183} INFO - Processing /opt/airflow/dags/.cache/pip/http/8/7/5/a/3/875a3e587c5b222354f5eb2dbae0cf6a54681df802f32e6f407eaac6 took 0.102 seconds
[2024-09-24T20:22:44.211+0000] {processor.py:161} INFO - Started process (PID=716) to work on /opt/airflow/dags/.cache/pip/http/8/7/5/a/3/875a3e587c5b222354f5eb2dbae0cf6a54681df802f32e6f407eaac6
[2024-09-24T20:22:44.213+0000] {processor.py:830} INFO - Processing file /opt/airflow/dags/.cache/pip/http/8/7/5/a/3/875a3e587c5b222354f5eb2dbae0cf6a54681df802f32e6f407eaac6 for tasks to queue
[2024-09-24T20:22:44.217+0000] {logging_mixin.py:188} INFO - [2024-09-24T20:22:44.217+0000] {dagbag.py:545} INFO - Filling up the DagBag from /opt/airflow/dags/.cache/pip/http/8/7/5/a/3/875a3e587c5b222354f5eb2dbae0cf6a54681df802f32e6f407eaac6
[2024-09-24T20:22:44.278+0000] {processor.py:842} WARNING - No viable dags retrieved from /opt/airflow/dags/.cache/pip/http/8/7/5/a/3/875a3e587c5b222354f5eb2dbae0cf6a54681df802f32e6f407eaac6
[2024-09-24T20:22:44.298+0000] {processor.py:183} INFO - Processing /opt/airflow/dags/.cache/pip/http/8/7/5/a/3/875a3e587c5b222354f5eb2dbae0cf6a54681df802f32e6f407eaac6 took 0.097 seconds
[2024-09-24T20:27:57.146+0000] {processor.py:161} INFO - Started process (PID=444) to work on /opt/airflow/dags/.cache/pip/http/8/7/5/a/3/875a3e587c5b222354f5eb2dbae0cf6a54681df802f32e6f407eaac6
[2024-09-24T20:27:57.147+0000] {processor.py:830} INFO - Processing file /opt/airflow/dags/.cache/pip/http/8/7/5/a/3/875a3e587c5b222354f5eb2dbae0cf6a54681df802f32e6f407eaac6 for tasks to queue
[2024-09-24T20:27:57.149+0000] {logging_mixin.py:188} INFO - [2024-09-24T20:27:57.148+0000] {dagbag.py:545} INFO - Filling up the DagBag from /opt/airflow/dags/.cache/pip/http/8/7/5/a/3/875a3e587c5b222354f5eb2dbae0cf6a54681df802f32e6f407eaac6
[2024-09-24T20:27:57.172+0000] {processor.py:842} WARNING - No viable dags retrieved from /opt/airflow/dags/.cache/pip/http/8/7/5/a/3/875a3e587c5b222354f5eb2dbae0cf6a54681df802f32e6f407eaac6
[2024-09-24T20:27:57.181+0000] {processor.py:183} INFO - Processing /opt/airflow/dags/.cache/pip/http/8/7/5/a/3/875a3e587c5b222354f5eb2dbae0cf6a54681df802f32e6f407eaac6 took 0.039 seconds
[2024-09-24T20:28:30.279+0000] {processor.py:161} INFO - Started process (PID=718) to work on /opt/airflow/dags/.cache/pip/http/8/7/5/a/3/875a3e587c5b222354f5eb2dbae0cf6a54681df802f32e6f407eaac6
[2024-09-24T20:28:30.280+0000] {processor.py:830} INFO - Processing file /opt/airflow/dags/.cache/pip/http/8/7/5/a/3/875a3e587c5b222354f5eb2dbae0cf6a54681df802f32e6f407eaac6 for tasks to queue
[2024-09-24T20:28:30.281+0000] {logging_mixin.py:188} INFO - [2024-09-24T20:28:30.281+0000] {dagbag.py:545} INFO - Filling up the DagBag from /opt/airflow/dags/.cache/pip/http/8/7/5/a/3/875a3e587c5b222354f5eb2dbae0cf6a54681df802f32e6f407eaac6
[2024-09-24T20:28:30.313+0000] {processor.py:842} WARNING - No viable dags retrieved from /opt/airflow/dags/.cache/pip/http/8/7/5/a/3/875a3e587c5b222354f5eb2dbae0cf6a54681df802f32e6f407eaac6
[2024-09-24T20:28:30.323+0000] {processor.py:183} INFO - Processing /opt/airflow/dags/.cache/pip/http/8/7/5/a/3/875a3e587c5b222354f5eb2dbae0cf6a54681df802f32e6f407eaac6 took 0.048 seconds
[2024-09-24T20:29:02.282+0000] {processor.py:161} INFO - Started process (PID=992) to work on /opt/airflow/dags/.cache/pip/http/8/7/5/a/3/875a3e587c5b222354f5eb2dbae0cf6a54681df802f32e6f407eaac6
[2024-09-24T20:29:02.287+0000] {processor.py:830} INFO - Processing file /opt/airflow/dags/.cache/pip/http/8/7/5/a/3/875a3e587c5b222354f5eb2dbae0cf6a54681df802f32e6f407eaac6 for tasks to queue
[2024-09-24T20:29:02.288+0000] {logging_mixin.py:188} INFO - [2024-09-24T20:29:02.288+0000] {dagbag.py:545} INFO - Filling up the DagBag from /opt/airflow/dags/.cache/pip/http/8/7/5/a/3/875a3e587c5b222354f5eb2dbae0cf6a54681df802f32e6f407eaac6
[2024-09-24T20:29:02.338+0000] {processor.py:842} WARNING - No viable dags retrieved from /opt/airflow/dags/.cache/pip/http/8/7/5/a/3/875a3e587c5b222354f5eb2dbae0cf6a54681df802f32e6f407eaac6
[2024-09-24T20:29:02.352+0000] {processor.py:183} INFO - Processing /opt/airflow/dags/.cache/pip/http/8/7/5/a/3/875a3e587c5b222354f5eb2dbae0cf6a54681df802f32e6f407eaac6 took 0.074 seconds
[2024-09-24T20:29:34.031+0000] {processor.py:161} INFO - Started process (PID=1268) to work on /opt/airflow/dags/.cache/pip/http/8/7/5/a/3/875a3e587c5b222354f5eb2dbae0cf6a54681df802f32e6f407eaac6
[2024-09-24T20:29:34.032+0000] {processor.py:830} INFO - Processing file /opt/airflow/dags/.cache/pip/http/8/7/5/a/3/875a3e587c5b222354f5eb2dbae0cf6a54681df802f32e6f407eaac6 for tasks to queue
[2024-09-24T20:29:34.034+0000] {logging_mixin.py:188} INFO - [2024-09-24T20:29:34.033+0000] {dagbag.py:545} INFO - Filling up the DagBag from /opt/airflow/dags/.cache/pip/http/8/7/5/a/3/875a3e587c5b222354f5eb2dbae0cf6a54681df802f32e6f407eaac6
[2024-09-24T20:29:34.049+0000] {processor.py:842} WARNING - No viable dags retrieved from /opt/airflow/dags/.cache/pip/http/8/7/5/a/3/875a3e587c5b222354f5eb2dbae0cf6a54681df802f32e6f407eaac6
[2024-09-24T20:29:34.060+0000] {processor.py:183} INFO - Processing /opt/airflow/dags/.cache/pip/http/8/7/5/a/3/875a3e587c5b222354f5eb2dbae0cf6a54681df802f32e6f407eaac6 took 0.033 seconds
[2024-09-24T20:30:05.202+0000] {processor.py:161} INFO - Started process (PID=1542) to work on /opt/airflow/dags/.cache/pip/http/8/7/5/a/3/875a3e587c5b222354f5eb2dbae0cf6a54681df802f32e6f407eaac6
[2024-09-24T20:30:05.203+0000] {processor.py:830} INFO - Processing file /opt/airflow/dags/.cache/pip/http/8/7/5/a/3/875a3e587c5b222354f5eb2dbae0cf6a54681df802f32e6f407eaac6 for tasks to queue
[2024-09-24T20:30:05.204+0000] {logging_mixin.py:188} INFO - [2024-09-24T20:30:05.204+0000] {dagbag.py:545} INFO - Filling up the DagBag from /opt/airflow/dags/.cache/pip/http/8/7/5/a/3/875a3e587c5b222354f5eb2dbae0cf6a54681df802f32e6f407eaac6
[2024-09-24T20:30:05.225+0000] {processor.py:842} WARNING - No viable dags retrieved from /opt/airflow/dags/.cache/pip/http/8/7/5/a/3/875a3e587c5b222354f5eb2dbae0cf6a54681df802f32e6f407eaac6
[2024-09-24T20:30:05.236+0000] {processor.py:183} INFO - Processing /opt/airflow/dags/.cache/pip/http/8/7/5/a/3/875a3e587c5b222354f5eb2dbae0cf6a54681df802f32e6f407eaac6 took 0.038 seconds
[2024-09-24T20:30:37.988+0000] {processor.py:161} INFO - Started process (PID=1816) to work on /opt/airflow/dags/.cache/pip/http/8/7/5/a/3/875a3e587c5b222354f5eb2dbae0cf6a54681df802f32e6f407eaac6
[2024-09-24T20:30:37.989+0000] {processor.py:830} INFO - Processing file /opt/airflow/dags/.cache/pip/http/8/7/5/a/3/875a3e587c5b222354f5eb2dbae0cf6a54681df802f32e6f407eaac6 for tasks to queue
[2024-09-24T20:30:37.991+0000] {logging_mixin.py:188} INFO - [2024-09-24T20:30:37.990+0000] {dagbag.py:545} INFO - Filling up the DagBag from /opt/airflow/dags/.cache/pip/http/8/7/5/a/3/875a3e587c5b222354f5eb2dbae0cf6a54681df802f32e6f407eaac6
[2024-09-24T20:30:38.027+0000] {processor.py:842} WARNING - No viable dags retrieved from /opt/airflow/dags/.cache/pip/http/8/7/5/a/3/875a3e587c5b222354f5eb2dbae0cf6a54681df802f32e6f407eaac6
[2024-09-24T20:30:38.038+0000] {processor.py:183} INFO - Processing /opt/airflow/dags/.cache/pip/http/8/7/5/a/3/875a3e587c5b222354f5eb2dbae0cf6a54681df802f32e6f407eaac6 took 0.053 seconds
[2024-09-24T20:31:10.106+0000] {processor.py:161} INFO - Started process (PID=2090) to work on /opt/airflow/dags/.cache/pip/http/8/7/5/a/3/875a3e587c5b222354f5eb2dbae0cf6a54681df802f32e6f407eaac6
[2024-09-24T20:31:10.107+0000] {processor.py:830} INFO - Processing file /opt/airflow/dags/.cache/pip/http/8/7/5/a/3/875a3e587c5b222354f5eb2dbae0cf6a54681df802f32e6f407eaac6 for tasks to queue
[2024-09-24T20:31:10.108+0000] {logging_mixin.py:188} INFO - [2024-09-24T20:31:10.108+0000] {dagbag.py:545} INFO - Filling up the DagBag from /opt/airflow/dags/.cache/pip/http/8/7/5/a/3/875a3e587c5b222354f5eb2dbae0cf6a54681df802f32e6f407eaac6
[2024-09-24T20:31:10.135+0000] {processor.py:842} WARNING - No viable dags retrieved from /opt/airflow/dags/.cache/pip/http/8/7/5/a/3/875a3e587c5b222354f5eb2dbae0cf6a54681df802f32e6f407eaac6
[2024-09-24T20:31:10.146+0000] {processor.py:183} INFO - Processing /opt/airflow/dags/.cache/pip/http/8/7/5/a/3/875a3e587c5b222354f5eb2dbae0cf6a54681df802f32e6f407eaac6 took 0.045 seconds
[2024-09-24T20:31:42.050+0000] {processor.py:161} INFO - Started process (PID=2361) to work on /opt/airflow/dags/.cache/pip/http/8/7/5/a/3/875a3e587c5b222354f5eb2dbae0cf6a54681df802f32e6f407eaac6
[2024-09-24T20:31:42.051+0000] {processor.py:830} INFO - Processing file /opt/airflow/dags/.cache/pip/http/8/7/5/a/3/875a3e587c5b222354f5eb2dbae0cf6a54681df802f32e6f407eaac6 for tasks to queue
[2024-09-24T20:31:42.052+0000] {logging_mixin.py:188} INFO - [2024-09-24T20:31:42.052+0000] {dagbag.py:545} INFO - Filling up the DagBag from /opt/airflow/dags/.cache/pip/http/8/7/5/a/3/875a3e587c5b222354f5eb2dbae0cf6a54681df802f32e6f407eaac6
[2024-09-24T20:31:42.130+0000] {processor.py:842} WARNING - No viable dags retrieved from /opt/airflow/dags/.cache/pip/http/8/7/5/a/3/875a3e587c5b222354f5eb2dbae0cf6a54681df802f32e6f407eaac6
[2024-09-24T20:31:42.153+0000] {processor.py:183} INFO - Processing /opt/airflow/dags/.cache/pip/http/8/7/5/a/3/875a3e587c5b222354f5eb2dbae0cf6a54681df802f32e6f407eaac6 took 0.107 seconds
[2024-09-24T20:32:27.741+0000] {processor.py:161} INFO - Started process (PID=2643) to work on /opt/airflow/dags/.cache/pip/http/8/7/5/a/3/875a3e587c5b222354f5eb2dbae0cf6a54681df802f32e6f407eaac6
[2024-09-24T20:32:27.742+0000] {processor.py:830} INFO - Processing file /opt/airflow/dags/.cache/pip/http/8/7/5/a/3/875a3e587c5b222354f5eb2dbae0cf6a54681df802f32e6f407eaac6 for tasks to queue
[2024-09-24T20:32:27.743+0000] {logging_mixin.py:188} INFO - [2024-09-24T20:32:27.743+0000] {dagbag.py:545} INFO - Filling up the DagBag from /opt/airflow/dags/.cache/pip/http/8/7/5/a/3/875a3e587c5b222354f5eb2dbae0cf6a54681df802f32e6f407eaac6
[2024-09-24T20:32:27.756+0000] {processor.py:842} WARNING - No viable dags retrieved from /opt/airflow/dags/.cache/pip/http/8/7/5/a/3/875a3e587c5b222354f5eb2dbae0cf6a54681df802f32e6f407eaac6
[2024-09-24T20:32:27.767+0000] {processor.py:183} INFO - Processing /opt/airflow/dags/.cache/pip/http/8/7/5/a/3/875a3e587c5b222354f5eb2dbae0cf6a54681df802f32e6f407eaac6 took 0.031 seconds
