[2024-10-04T12:52:56.634+0000] {local_task_job_runner.py:120} INFO - ::group::Pre task execution logs
[2024-10-04T12:52:56.661+0000] {taskinstance.py:2076} INFO - Dependencies all met for dep_context=non-requeueable deps ti=<TaskInstance: Alex_Trigolos.task_prepare_data manual__2024-10-04T12:52:45.017754+00:00 [queued]>
[2024-10-04T12:52:56.677+0000] {taskinstance.py:2076} INFO - Dependencies all met for dep_context=requeueable deps ti=<TaskInstance: Alex_Trigolos.task_prepare_data manual__2024-10-04T12:52:45.017754+00:00 [queued]>
[2024-10-04T12:52:56.679+0000] {taskinstance.py:2306} INFO - Starting attempt 1 of 1
[2024-10-04T12:52:56.700+0000] {taskinstance.py:2330} INFO - Executing <Task(PythonOperator): task_prepare_data> on 2024-10-04 12:52:45.017754+00:00
[2024-10-04T12:52:56.716+0000] {standard_task_runner.py:64} INFO - Started process 86327 to run task
[2024-10-04T12:52:56.720+0000] {standard_task_runner.py:90} INFO - Running: ['***', 'tasks', 'run', 'Alex_Trigolos', 'task_prepare_data', 'manual__2024-10-04T12:52:45.017754+00:00', '--job-id', '875', '--raw', '--subdir', 'DAGS_FOLDER/***/dags/project.py', '--cfg-path', '/tmp/tmp_k8zyoh8']
[2024-10-04T12:52:56.723+0000] {standard_task_runner.py:91} INFO - Job 875: Subtask task_prepare_data
[2024-10-04T12:52:56.796+0000] {task_command.py:426} INFO - Running <TaskInstance: Alex_Trigolos.task_prepare_data manual__2024-10-04T12:52:45.017754+00:00 [running]> on host 4b5f1410d111
[2024-10-04T12:52:56.901+0000] {taskinstance.py:2648} INFO - Exporting env vars: AIRFLOW_CTX_DAG_EMAIL='alexvlg34@gmail.com' AIRFLOW_CTX_DAG_OWNER='Alex Trigolos' AIRFLOW_CTX_DAG_ID='Alex_Trigolos' AIRFLOW_CTX_TASK_ID='task_prepare_data' AIRFLOW_CTX_EXECUTION_DATE='2024-10-04T12:52:45.017754+00:00' AIRFLOW_CTX_TRY_NUMBER='1' AIRFLOW_CTX_DAG_RUN_ID='manual__2024-10-04T12:52:45.017754+00:00'
[2024-10-04T12:52:56.902+0000] {taskinstance.py:430} INFO - ::endgroup::
[2024-10-04T12:52:56.918+0000] {project.py:134} INFO - Prepare data...
[2024-10-04T12:52:56.919+0000] {s3.py:1422} INFO - Downloading source S3 file from Bucket testmlops with path AlexTrigolos/project/datasets/dataset.pkl
[2024-10-04T12:52:56.931+0000] {base.py:84} INFO - Using connection ID 's3_connection' for task execution.
[2024-10-04T12:52:56.932+0000] {connection_wrapper.py:388} INFO - AWS Connection (conn_id='s3_connection', conn_type='aws') credentials retrieved from login and password.
[2024-10-04T12:52:57.244+0000] {project.py:93} INFO - /tmp/***_tmp_8xjc7oem
[2024-10-04T12:52:57.352+0000] {base.py:84} INFO - Using connection ID 's3_connection' for task execution.
[2024-10-04T12:52:57.353+0000] {connection_wrapper.py:388} INFO - AWS Connection (conn_id='s3_connection', conn_type='aws') credentials retrieved from login and password.
[2024-10-04T12:52:57.964+0000] {base.py:84} INFO - Using connection ID 's3_connection' for task execution.
[2024-10-04T12:52:57.965+0000] {connection_wrapper.py:388} INFO - AWS Connection (conn_id='s3_connection', conn_type='aws') credentials retrieved from login and password.
[2024-10-04T12:52:58.512+0000] {base.py:84} INFO - Using connection ID 's3_connection' for task execution.
[2024-10-04T12:52:58.514+0000] {connection_wrapper.py:388} INFO - AWS Connection (conn_id='s3_connection', conn_type='aws') credentials retrieved from login and password.
[2024-10-04T12:52:58.729+0000] {base.py:84} INFO - Using connection ID 's3_connection' for task execution.
[2024-10-04T12:52:58.731+0000] {connection_wrapper.py:388} INFO - AWS Connection (conn_id='s3_connection', conn_type='aws') credentials retrieved from login and password.
[2024-10-04T12:52:59.016+0000] {base.py:84} INFO - Using connection ID 's3_connection' for task execution.
[2024-10-04T12:52:59.029+0000] {connection_wrapper.py:388} INFO - AWS Connection (conn_id='s3_connection', conn_type='aws') credentials retrieved from login and password.
[2024-10-04T12:52:59.253+0000] {base.py:84} INFO - Using connection ID 's3_connection' for task execution.
[2024-10-04T12:52:59.254+0000] {connection_wrapper.py:388} INFO - AWS Connection (conn_id='s3_connection', conn_type='aws') credentials retrieved from login and password.
[2024-10-04T12:52:59.443+0000] {project.py:164} INFO - Prepared data.
[2024-10-04T12:52:59.444+0000] {python.py:237} INFO - Done. Returned value was: None
[2024-10-04T12:52:59.445+0000] {taskinstance.py:441} INFO - ::group::Post task execution logs
[2024-10-04T12:52:59.463+0000] {taskinstance.py:1206} INFO - Marking task as SUCCESS. dag_id=Alex_Trigolos, task_id=task_prepare_data, run_id=manual__2024-10-04T12:52:45.017754+00:00, execution_date=20241004T125245, start_date=20241004T125256, end_date=20241004T125259
[2024-10-04T12:52:59.532+0000] {local_task_job_runner.py:243} INFO - Task exited with return code 0
[2024-10-04T12:52:59.572+0000] {taskinstance.py:3503} INFO - 3 downstream tasks scheduled from follow-on schedule check
[2024-10-04T12:52:59.576+0000] {local_task_job_runner.py:222} INFO - ::endgroup::
