[2024-10-03T08:42:04.371+0000] {processor.py:161} INFO - Started process (PID=448) to work on /opt/airflow/dags/.cache/pip/http/1/c/b/f/a/1cbfaec918e5507adbde3d558502a4f1009984411c167182639fa8e9
[2024-10-03T08:42:04.372+0000] {processor.py:830} INFO - Processing file /opt/airflow/dags/.cache/pip/http/1/c/b/f/a/1cbfaec918e5507adbde3d558502a4f1009984411c167182639fa8e9 for tasks to queue
[2024-10-03T08:42:04.373+0000] {logging_mixin.py:188} INFO - [2024-10-03T08:42:04.373+0000] {dagbag.py:545} INFO - Filling up the DagBag from /opt/airflow/dags/.cache/pip/http/1/c/b/f/a/1cbfaec918e5507adbde3d558502a4f1009984411c167182639fa8e9
[2024-10-03T08:42:04.385+0000] {processor.py:842} WARNING - No viable dags retrieved from /opt/airflow/dags/.cache/pip/http/1/c/b/f/a/1cbfaec918e5507adbde3d558502a4f1009984411c167182639fa8e9
[2024-10-03T08:42:04.399+0000] {processor.py:183} INFO - Processing /opt/airflow/dags/.cache/pip/http/1/c/b/f/a/1cbfaec918e5507adbde3d558502a4f1009984411c167182639fa8e9 took 0.033 seconds
[2024-10-03T08:42:39.689+0000] {processor.py:161} INFO - Started process (PID=690) to work on /opt/airflow/dags/.cache/pip/http/1/c/b/f/a/1cbfaec918e5507adbde3d558502a4f1009984411c167182639fa8e9
[2024-10-03T08:42:39.691+0000] {processor.py:830} INFO - Processing file /opt/airflow/dags/.cache/pip/http/1/c/b/f/a/1cbfaec918e5507adbde3d558502a4f1009984411c167182639fa8e9 for tasks to queue
[2024-10-03T08:42:39.694+0000] {logging_mixin.py:188} INFO - [2024-10-03T08:42:39.694+0000] {dagbag.py:545} INFO - Filling up the DagBag from /opt/airflow/dags/.cache/pip/http/1/c/b/f/a/1cbfaec918e5507adbde3d558502a4f1009984411c167182639fa8e9
[2024-10-03T08:42:39.802+0000] {processor.py:842} WARNING - No viable dags retrieved from /opt/airflow/dags/.cache/pip/http/1/c/b/f/a/1cbfaec918e5507adbde3d558502a4f1009984411c167182639fa8e9
[2024-10-03T08:42:39.821+0000] {processor.py:183} INFO - Processing /opt/airflow/dags/.cache/pip/http/1/c/b/f/a/1cbfaec918e5507adbde3d558502a4f1009984411c167182639fa8e9 took 0.147 seconds
[2024-10-03T08:43:12.801+0000] {processor.py:161} INFO - Started process (PID=932) to work on /opt/airflow/dags/.cache/pip/http/1/c/b/f/a/1cbfaec918e5507adbde3d558502a4f1009984411c167182639fa8e9
[2024-10-03T08:43:12.803+0000] {processor.py:830} INFO - Processing file /opt/airflow/dags/.cache/pip/http/1/c/b/f/a/1cbfaec918e5507adbde3d558502a4f1009984411c167182639fa8e9 for tasks to queue
[2024-10-03T08:43:12.806+0000] {logging_mixin.py:188} INFO - [2024-10-03T08:43:12.805+0000] {dagbag.py:545} INFO - Filling up the DagBag from /opt/airflow/dags/.cache/pip/http/1/c/b/f/a/1cbfaec918e5507adbde3d558502a4f1009984411c167182639fa8e9
[2024-10-03T08:43:12.836+0000] {processor.py:842} WARNING - No viable dags retrieved from /opt/airflow/dags/.cache/pip/http/1/c/b/f/a/1cbfaec918e5507adbde3d558502a4f1009984411c167182639fa8e9
[2024-10-03T08:43:12.855+0000] {processor.py:183} INFO - Processing /opt/airflow/dags/.cache/pip/http/1/c/b/f/a/1cbfaec918e5507adbde3d558502a4f1009984411c167182639fa8e9 took 0.065 seconds
[2024-10-03T08:43:45.368+0000] {processor.py:161} INFO - Started process (PID=1175) to work on /opt/airflow/dags/.cache/pip/http/1/c/b/f/a/1cbfaec918e5507adbde3d558502a4f1009984411c167182639fa8e9
[2024-10-03T08:43:45.370+0000] {processor.py:830} INFO - Processing file /opt/airflow/dags/.cache/pip/http/1/c/b/f/a/1cbfaec918e5507adbde3d558502a4f1009984411c167182639fa8e9 for tasks to queue
[2024-10-03T08:43:45.371+0000] {logging_mixin.py:188} INFO - [2024-10-03T08:43:45.371+0000] {dagbag.py:545} INFO - Filling up the DagBag from /opt/airflow/dags/.cache/pip/http/1/c/b/f/a/1cbfaec918e5507adbde3d558502a4f1009984411c167182639fa8e9
[2024-10-03T08:43:45.420+0000] {processor.py:842} WARNING - No viable dags retrieved from /opt/airflow/dags/.cache/pip/http/1/c/b/f/a/1cbfaec918e5507adbde3d558502a4f1009984411c167182639fa8e9
[2024-10-03T08:43:45.435+0000] {processor.py:183} INFO - Processing /opt/airflow/dags/.cache/pip/http/1/c/b/f/a/1cbfaec918e5507adbde3d558502a4f1009984411c167182639fa8e9 took 0.072 seconds
[2024-10-03T08:44:17.406+0000] {processor.py:161} INFO - Started process (PID=1423) to work on /opt/airflow/dags/.cache/pip/http/1/c/b/f/a/1cbfaec918e5507adbde3d558502a4f1009984411c167182639fa8e9
[2024-10-03T08:44:17.407+0000] {processor.py:830} INFO - Processing file /opt/airflow/dags/.cache/pip/http/1/c/b/f/a/1cbfaec918e5507adbde3d558502a4f1009984411c167182639fa8e9 for tasks to queue
[2024-10-03T08:44:17.409+0000] {logging_mixin.py:188} INFO - [2024-10-03T08:44:17.408+0000] {dagbag.py:545} INFO - Filling up the DagBag from /opt/airflow/dags/.cache/pip/http/1/c/b/f/a/1cbfaec918e5507adbde3d558502a4f1009984411c167182639fa8e9
[2024-10-03T08:44:17.499+0000] {processor.py:842} WARNING - No viable dags retrieved from /opt/airflow/dags/.cache/pip/http/1/c/b/f/a/1cbfaec918e5507adbde3d558502a4f1009984411c167182639fa8e9
[2024-10-03T08:44:17.519+0000] {processor.py:183} INFO - Processing /opt/airflow/dags/.cache/pip/http/1/c/b/f/a/1cbfaec918e5507adbde3d558502a4f1009984411c167182639fa8e9 took 0.117 seconds
[2024-10-03T08:44:50.548+0000] {processor.py:161} INFO - Started process (PID=1665) to work on /opt/airflow/dags/.cache/pip/http/1/c/b/f/a/1cbfaec918e5507adbde3d558502a4f1009984411c167182639fa8e9
[2024-10-03T08:44:50.550+0000] {processor.py:830} INFO - Processing file /opt/airflow/dags/.cache/pip/http/1/c/b/f/a/1cbfaec918e5507adbde3d558502a4f1009984411c167182639fa8e9 for tasks to queue
[2024-10-03T08:44:50.553+0000] {logging_mixin.py:188} INFO - [2024-10-03T08:44:50.552+0000] {dagbag.py:545} INFO - Filling up the DagBag from /opt/airflow/dags/.cache/pip/http/1/c/b/f/a/1cbfaec918e5507adbde3d558502a4f1009984411c167182639fa8e9
[2024-10-03T08:44:50.582+0000] {processor.py:842} WARNING - No viable dags retrieved from /opt/airflow/dags/.cache/pip/http/1/c/b/f/a/1cbfaec918e5507adbde3d558502a4f1009984411c167182639fa8e9
[2024-10-03T08:44:50.602+0000] {processor.py:183} INFO - Processing /opt/airflow/dags/.cache/pip/http/1/c/b/f/a/1cbfaec918e5507adbde3d558502a4f1009984411c167182639fa8e9 took 0.064 seconds
[2024-10-03T08:45:25.428+0000] {processor.py:161} INFO - Started process (PID=1907) to work on /opt/airflow/dags/.cache/pip/http/1/c/b/f/a/1cbfaec918e5507adbde3d558502a4f1009984411c167182639fa8e9
[2024-10-03T08:45:25.430+0000] {processor.py:830} INFO - Processing file /opt/airflow/dags/.cache/pip/http/1/c/b/f/a/1cbfaec918e5507adbde3d558502a4f1009984411c167182639fa8e9 for tasks to queue
[2024-10-03T08:45:25.433+0000] {logging_mixin.py:188} INFO - [2024-10-03T08:45:25.433+0000] {dagbag.py:545} INFO - Filling up the DagBag from /opt/airflow/dags/.cache/pip/http/1/c/b/f/a/1cbfaec918e5507adbde3d558502a4f1009984411c167182639fa8e9
[2024-10-03T08:45:25.476+0000] {processor.py:842} WARNING - No viable dags retrieved from /opt/airflow/dags/.cache/pip/http/1/c/b/f/a/1cbfaec918e5507adbde3d558502a4f1009984411c167182639fa8e9
[2024-10-03T08:45:25.500+0000] {processor.py:183} INFO - Processing /opt/airflow/dags/.cache/pip/http/1/c/b/f/a/1cbfaec918e5507adbde3d558502a4f1009984411c167182639fa8e9 took 0.082 seconds
[2024-10-03T08:45:56.084+0000] {processor.py:161} INFO - Started process (PID=2148) to work on /opt/airflow/dags/.cache/pip/http/1/c/b/f/a/1cbfaec918e5507adbde3d558502a4f1009984411c167182639fa8e9
[2024-10-03T08:45:56.086+0000] {processor.py:830} INFO - Processing file /opt/airflow/dags/.cache/pip/http/1/c/b/f/a/1cbfaec918e5507adbde3d558502a4f1009984411c167182639fa8e9 for tasks to queue
[2024-10-03T08:45:56.088+0000] {logging_mixin.py:188} INFO - [2024-10-03T08:45:56.088+0000] {dagbag.py:545} INFO - Filling up the DagBag from /opt/airflow/dags/.cache/pip/http/1/c/b/f/a/1cbfaec918e5507adbde3d558502a4f1009984411c167182639fa8e9
[2024-10-03T08:45:56.146+0000] {processor.py:842} WARNING - No viable dags retrieved from /opt/airflow/dags/.cache/pip/http/1/c/b/f/a/1cbfaec918e5507adbde3d558502a4f1009984411c167182639fa8e9
[2024-10-03T08:45:56.168+0000] {processor.py:183} INFO - Processing /opt/airflow/dags/.cache/pip/http/1/c/b/f/a/1cbfaec918e5507adbde3d558502a4f1009984411c167182639fa8e9 took 0.101 seconds
[2024-10-03T08:46:26.631+0000] {processor.py:161} INFO - Started process (PID=2390) to work on /opt/airflow/dags/.cache/pip/http/1/c/b/f/a/1cbfaec918e5507adbde3d558502a4f1009984411c167182639fa8e9
[2024-10-03T08:46:26.633+0000] {processor.py:830} INFO - Processing file /opt/airflow/dags/.cache/pip/http/1/c/b/f/a/1cbfaec918e5507adbde3d558502a4f1009984411c167182639fa8e9 for tasks to queue
[2024-10-03T08:46:26.636+0000] {logging_mixin.py:188} INFO - [2024-10-03T08:46:26.636+0000] {dagbag.py:545} INFO - Filling up the DagBag from /opt/airflow/dags/.cache/pip/http/1/c/b/f/a/1cbfaec918e5507adbde3d558502a4f1009984411c167182639fa8e9
[2024-10-03T08:46:26.665+0000] {processor.py:842} WARNING - No viable dags retrieved from /opt/airflow/dags/.cache/pip/http/1/c/b/f/a/1cbfaec918e5507adbde3d558502a4f1009984411c167182639fa8e9
[2024-10-03T08:46:26.683+0000] {processor.py:183} INFO - Processing /opt/airflow/dags/.cache/pip/http/1/c/b/f/a/1cbfaec918e5507adbde3d558502a4f1009984411c167182639fa8e9 took 0.059 seconds
[2024-10-03T08:47:16.628+0000] {processor.py:161} INFO - Started process (PID=2632) to work on /opt/airflow/dags/.cache/pip/http/1/c/b/f/a/1cbfaec918e5507adbde3d558502a4f1009984411c167182639fa8e9
[2024-10-03T08:47:16.630+0000] {processor.py:830} INFO - Processing file /opt/airflow/dags/.cache/pip/http/1/c/b/f/a/1cbfaec918e5507adbde3d558502a4f1009984411c167182639fa8e9 for tasks to queue
[2024-10-03T08:47:16.633+0000] {logging_mixin.py:188} INFO - [2024-10-03T08:47:16.633+0000] {dagbag.py:545} INFO - Filling up the DagBag from /opt/airflow/dags/.cache/pip/http/1/c/b/f/a/1cbfaec918e5507adbde3d558502a4f1009984411c167182639fa8e9
[2024-10-03T08:47:16.707+0000] {processor.py:842} WARNING - No viable dags retrieved from /opt/airflow/dags/.cache/pip/http/1/c/b/f/a/1cbfaec918e5507adbde3d558502a4f1009984411c167182639fa8e9
[2024-10-03T08:47:16.729+0000] {processor.py:183} INFO - Processing /opt/airflow/dags/.cache/pip/http/1/c/b/f/a/1cbfaec918e5507adbde3d558502a4f1009984411c167182639fa8e9 took 0.112 seconds
[2024-10-03T08:47:51.298+0000] {processor.py:161} INFO - Started process (PID=2880) to work on /opt/airflow/dags/.cache/pip/http/1/c/b/f/a/1cbfaec918e5507adbde3d558502a4f1009984411c167182639fa8e9
[2024-10-03T08:47:51.300+0000] {processor.py:830} INFO - Processing file /opt/airflow/dags/.cache/pip/http/1/c/b/f/a/1cbfaec918e5507adbde3d558502a4f1009984411c167182639fa8e9 for tasks to queue
[2024-10-03T08:47:51.303+0000] {logging_mixin.py:188} INFO - [2024-10-03T08:47:51.302+0000] {dagbag.py:545} INFO - Filling up the DagBag from /opt/airflow/dags/.cache/pip/http/1/c/b/f/a/1cbfaec918e5507adbde3d558502a4f1009984411c167182639fa8e9
[2024-10-03T08:47:51.360+0000] {processor.py:842} WARNING - No viable dags retrieved from /opt/airflow/dags/.cache/pip/http/1/c/b/f/a/1cbfaec918e5507adbde3d558502a4f1009984411c167182639fa8e9
[2024-10-03T08:47:51.383+0000] {processor.py:183} INFO - Processing /opt/airflow/dags/.cache/pip/http/1/c/b/f/a/1cbfaec918e5507adbde3d558502a4f1009984411c167182639fa8e9 took 0.100 seconds
[2024-10-03T08:48:24.570+0000] {processor.py:161} INFO - Started process (PID=3122) to work on /opt/airflow/dags/.cache/pip/http/1/c/b/f/a/1cbfaec918e5507adbde3d558502a4f1009984411c167182639fa8e9
[2024-10-03T08:48:24.576+0000] {processor.py:830} INFO - Processing file /opt/airflow/dags/.cache/pip/http/1/c/b/f/a/1cbfaec918e5507adbde3d558502a4f1009984411c167182639fa8e9 for tasks to queue
[2024-10-03T08:48:24.583+0000] {logging_mixin.py:188} INFO - [2024-10-03T08:48:24.580+0000] {dagbag.py:545} INFO - Filling up the DagBag from /opt/airflow/dags/.cache/pip/http/1/c/b/f/a/1cbfaec918e5507adbde3d558502a4f1009984411c167182639fa8e9
[2024-10-03T08:48:24.654+0000] {processor.py:842} WARNING - No viable dags retrieved from /opt/airflow/dags/.cache/pip/http/1/c/b/f/a/1cbfaec918e5507adbde3d558502a4f1009984411c167182639fa8e9
[2024-10-03T08:48:24.666+0000] {processor.py:183} INFO - Processing /opt/airflow/dags/.cache/pip/http/1/c/b/f/a/1cbfaec918e5507adbde3d558502a4f1009984411c167182639fa8e9 took 0.102 seconds
[2024-10-03T08:48:55.027+0000] {processor.py:161} INFO - Started process (PID=3364) to work on /opt/airflow/dags/.cache/pip/http/1/c/b/f/a/1cbfaec918e5507adbde3d558502a4f1009984411c167182639fa8e9
[2024-10-03T08:48:55.028+0000] {processor.py:830} INFO - Processing file /opt/airflow/dags/.cache/pip/http/1/c/b/f/a/1cbfaec918e5507adbde3d558502a4f1009984411c167182639fa8e9 for tasks to queue
[2024-10-03T08:48:55.031+0000] {logging_mixin.py:188} INFO - [2024-10-03T08:48:55.030+0000] {dagbag.py:545} INFO - Filling up the DagBag from /opt/airflow/dags/.cache/pip/http/1/c/b/f/a/1cbfaec918e5507adbde3d558502a4f1009984411c167182639fa8e9
[2024-10-03T08:48:55.085+0000] {processor.py:842} WARNING - No viable dags retrieved from /opt/airflow/dags/.cache/pip/http/1/c/b/f/a/1cbfaec918e5507adbde3d558502a4f1009984411c167182639fa8e9
[2024-10-03T08:48:55.097+0000] {processor.py:183} INFO - Processing /opt/airflow/dags/.cache/pip/http/1/c/b/f/a/1cbfaec918e5507adbde3d558502a4f1009984411c167182639fa8e9 took 0.074 seconds
[2024-10-03T08:49:26.109+0000] {processor.py:161} INFO - Started process (PID=3606) to work on /opt/airflow/dags/.cache/pip/http/1/c/b/f/a/1cbfaec918e5507adbde3d558502a4f1009984411c167182639fa8e9
[2024-10-03T08:49:26.110+0000] {processor.py:830} INFO - Processing file /opt/airflow/dags/.cache/pip/http/1/c/b/f/a/1cbfaec918e5507adbde3d558502a4f1009984411c167182639fa8e9 for tasks to queue
[2024-10-03T08:49:26.112+0000] {logging_mixin.py:188} INFO - [2024-10-03T08:49:26.112+0000] {dagbag.py:545} INFO - Filling up the DagBag from /opt/airflow/dags/.cache/pip/http/1/c/b/f/a/1cbfaec918e5507adbde3d558502a4f1009984411c167182639fa8e9
[2024-10-03T08:49:26.168+0000] {processor.py:842} WARNING - No viable dags retrieved from /opt/airflow/dags/.cache/pip/http/1/c/b/f/a/1cbfaec918e5507adbde3d558502a4f1009984411c167182639fa8e9
[2024-10-03T08:49:26.185+0000] {processor.py:183} INFO - Processing /opt/airflow/dags/.cache/pip/http/1/c/b/f/a/1cbfaec918e5507adbde3d558502a4f1009984411c167182639fa8e9 took 0.080 seconds
[2024-10-03T08:49:58.800+0000] {processor.py:161} INFO - Started process (PID=3849) to work on /opt/airflow/dags/.cache/pip/http/1/c/b/f/a/1cbfaec918e5507adbde3d558502a4f1009984411c167182639fa8e9
[2024-10-03T08:49:58.801+0000] {processor.py:830} INFO - Processing file /opt/airflow/dags/.cache/pip/http/1/c/b/f/a/1cbfaec918e5507adbde3d558502a4f1009984411c167182639fa8e9 for tasks to queue
[2024-10-03T08:49:58.803+0000] {logging_mixin.py:188} INFO - [2024-10-03T08:49:58.802+0000] {dagbag.py:545} INFO - Filling up the DagBag from /opt/airflow/dags/.cache/pip/http/1/c/b/f/a/1cbfaec918e5507adbde3d558502a4f1009984411c167182639fa8e9
[2024-10-03T08:49:58.826+0000] {processor.py:842} WARNING - No viable dags retrieved from /opt/airflow/dags/.cache/pip/http/1/c/b/f/a/1cbfaec918e5507adbde3d558502a4f1009984411c167182639fa8e9
[2024-10-03T08:49:58.843+0000] {processor.py:183} INFO - Processing /opt/airflow/dags/.cache/pip/http/1/c/b/f/a/1cbfaec918e5507adbde3d558502a4f1009984411c167182639fa8e9 took 0.049 seconds
[2024-10-03T08:50:31.893+0000] {processor.py:161} INFO - Started process (PID=4091) to work on /opt/airflow/dags/.cache/pip/http/1/c/b/f/a/1cbfaec918e5507adbde3d558502a4f1009984411c167182639fa8e9
[2024-10-03T08:50:31.894+0000] {processor.py:830} INFO - Processing file /opt/airflow/dags/.cache/pip/http/1/c/b/f/a/1cbfaec918e5507adbde3d558502a4f1009984411c167182639fa8e9 for tasks to queue
[2024-10-03T08:50:31.898+0000] {logging_mixin.py:188} INFO - [2024-10-03T08:50:31.897+0000] {dagbag.py:545} INFO - Filling up the DagBag from /opt/airflow/dags/.cache/pip/http/1/c/b/f/a/1cbfaec918e5507adbde3d558502a4f1009984411c167182639fa8e9
[2024-10-03T08:50:31.915+0000] {processor.py:842} WARNING - No viable dags retrieved from /opt/airflow/dags/.cache/pip/http/1/c/b/f/a/1cbfaec918e5507adbde3d558502a4f1009984411c167182639fa8e9
[2024-10-03T08:50:31.932+0000] {processor.py:183} INFO - Processing /opt/airflow/dags/.cache/pip/http/1/c/b/f/a/1cbfaec918e5507adbde3d558502a4f1009984411c167182639fa8e9 took 0.044 seconds
[2024-10-03T08:56:34.781+0000] {processor.py:161} INFO - Started process (PID=4496) to work on /opt/airflow/dags/.cache/pip/http/1/c/b/f/a/1cbfaec918e5507adbde3d558502a4f1009984411c167182639fa8e9
[2024-10-03T08:56:34.782+0000] {processor.py:830} INFO - Processing file /opt/airflow/dags/.cache/pip/http/1/c/b/f/a/1cbfaec918e5507adbde3d558502a4f1009984411c167182639fa8e9 for tasks to queue
[2024-10-03T08:56:34.783+0000] {logging_mixin.py:188} INFO - [2024-10-03T08:56:34.783+0000] {dagbag.py:545} INFO - Filling up the DagBag from /opt/airflow/dags/.cache/pip/http/1/c/b/f/a/1cbfaec918e5507adbde3d558502a4f1009984411c167182639fa8e9
[2024-10-03T08:56:34.796+0000] {processor.py:842} WARNING - No viable dags retrieved from /opt/airflow/dags/.cache/pip/http/1/c/b/f/a/1cbfaec918e5507adbde3d558502a4f1009984411c167182639fa8e9
[2024-10-03T08:56:34.809+0000] {processor.py:183} INFO - Processing /opt/airflow/dags/.cache/pip/http/1/c/b/f/a/1cbfaec918e5507adbde3d558502a4f1009984411c167182639fa8e9 took 0.033 seconds
[2024-10-03T08:57:06.407+0000] {processor.py:161} INFO - Started process (PID=4746) to work on /opt/airflow/dags/.cache/pip/http/1/c/b/f/a/1cbfaec918e5507adbde3d558502a4f1009984411c167182639fa8e9
[2024-10-03T08:57:06.408+0000] {processor.py:830} INFO - Processing file /opt/airflow/dags/.cache/pip/http/1/c/b/f/a/1cbfaec918e5507adbde3d558502a4f1009984411c167182639fa8e9 for tasks to queue
[2024-10-03T08:57:06.410+0000] {logging_mixin.py:188} INFO - [2024-10-03T08:57:06.409+0000] {dagbag.py:545} INFO - Filling up the DagBag from /opt/airflow/dags/.cache/pip/http/1/c/b/f/a/1cbfaec918e5507adbde3d558502a4f1009984411c167182639fa8e9
[2024-10-03T08:57:06.524+0000] {processor.py:842} WARNING - No viable dags retrieved from /opt/airflow/dags/.cache/pip/http/1/c/b/f/a/1cbfaec918e5507adbde3d558502a4f1009984411c167182639fa8e9
[2024-10-03T08:57:06.544+0000] {processor.py:183} INFO - Processing /opt/airflow/dags/.cache/pip/http/1/c/b/f/a/1cbfaec918e5507adbde3d558502a4f1009984411c167182639fa8e9 took 0.142 seconds
