[2024-10-04T12:36:38.988+0000] {local_task_job_runner.py:120} INFO - ::group::Pre task execution logs
[2024-10-04T12:36:39.009+0000] {taskinstance.py:2076} INFO - Dependencies all met for dep_context=non-requeueable deps ti=<TaskInstance: Alex_Trigolos.task_prepare_data manual__2024-10-04T12:36:27.466143+00:00 [queued]>
[2024-10-04T12:36:39.021+0000] {taskinstance.py:2076} INFO - Dependencies all met for dep_context=requeueable deps ti=<TaskInstance: Alex_Trigolos.task_prepare_data manual__2024-10-04T12:36:27.466143+00:00 [queued]>
[2024-10-04T12:36:39.022+0000] {taskinstance.py:2306} INFO - Starting attempt 1 of 1
[2024-10-04T12:36:39.039+0000] {taskinstance.py:2330} INFO - Executing <Task(PythonOperator): task_prepare_data> on 2024-10-04 12:36:27.466143+00:00
[2024-10-04T12:36:39.053+0000] {standard_task_runner.py:64} INFO - Started process 76894 to run task
[2024-10-04T12:36:39.057+0000] {standard_task_runner.py:90} INFO - Running: ['***', 'tasks', 'run', 'Alex_Trigolos', 'task_prepare_data', 'manual__2024-10-04T12:36:27.466143+00:00', '--job-id', '857', '--raw', '--subdir', 'DAGS_FOLDER/***/dags/.ipynb_checkpoints/project-checkpoint.py', '--cfg-path', '/tmp/tmpn6rrqh84']
[2024-10-04T12:36:39.060+0000] {standard_task_runner.py:91} INFO - Job 857: Subtask task_prepare_data
[2024-10-04T12:36:39.121+0000] {task_command.py:426} INFO - Running <TaskInstance: Alex_Trigolos.task_prepare_data manual__2024-10-04T12:36:27.466143+00:00 [running]> on host 4b5f1410d111
[2024-10-04T12:36:39.216+0000] {taskinstance.py:2648} INFO - Exporting env vars: AIRFLOW_CTX_DAG_EMAIL='alexvlg34@gmail.com' AIRFLOW_CTX_DAG_OWNER='Alex Trigolos' AIRFLOW_CTX_DAG_ID='Alex_Trigolos' AIRFLOW_CTX_TASK_ID='task_prepare_data' AIRFLOW_CTX_EXECUTION_DATE='2024-10-04T12:36:27.466143+00:00' AIRFLOW_CTX_TRY_NUMBER='1' AIRFLOW_CTX_DAG_RUN_ID='manual__2024-10-04T12:36:27.466143+00:00'
[2024-10-04T12:36:39.218+0000] {taskinstance.py:430} INFO - ::endgroup::
[2024-10-04T12:36:39.234+0000] {project-checkpoint.py:134} INFO - Prepare data...
[2024-10-04T12:36:39.235+0000] {s3.py:1422} INFO - Downloading source S3 file from Bucket testmlops with path AlexTrigolos/project/datasets/dataset.pkl
[2024-10-04T12:36:39.246+0000] {base.py:84} INFO - Using connection ID 's3_connection' for task execution.
[2024-10-04T12:36:39.247+0000] {connection_wrapper.py:388} INFO - AWS Connection (conn_id='s3_connection', conn_type='aws') credentials retrieved from login and password.
[2024-10-04T12:36:39.508+0000] {project-checkpoint.py:93} INFO - /tmp/***_tmp_2v_yk8zo
[2024-10-04T12:36:39.600+0000] {base.py:84} INFO - Using connection ID 's3_connection' for task execution.
[2024-10-04T12:36:39.601+0000] {connection_wrapper.py:388} INFO - AWS Connection (conn_id='s3_connection', conn_type='aws') credentials retrieved from login and password.
[2024-10-04T12:36:40.117+0000] {base.py:84} INFO - Using connection ID 's3_connection' for task execution.
[2024-10-04T12:36:40.119+0000] {connection_wrapper.py:388} INFO - AWS Connection (conn_id='s3_connection', conn_type='aws') credentials retrieved from login and password.
[2024-10-04T12:36:40.660+0000] {base.py:84} INFO - Using connection ID 's3_connection' for task execution.
[2024-10-04T12:36:40.662+0000] {connection_wrapper.py:388} INFO - AWS Connection (conn_id='s3_connection', conn_type='aws') credentials retrieved from login and password.
[2024-10-04T12:36:40.869+0000] {base.py:84} INFO - Using connection ID 's3_connection' for task execution.
[2024-10-04T12:36:40.870+0000] {connection_wrapper.py:388} INFO - AWS Connection (conn_id='s3_connection', conn_type='aws') credentials retrieved from login and password.
[2024-10-04T12:36:41.088+0000] {base.py:84} INFO - Using connection ID 's3_connection' for task execution.
[2024-10-04T12:36:41.091+0000] {connection_wrapper.py:388} INFO - AWS Connection (conn_id='s3_connection', conn_type='aws') credentials retrieved from login and password.
[2024-10-04T12:36:41.301+0000] {base.py:84} INFO - Using connection ID 's3_connection' for task execution.
[2024-10-04T12:36:41.302+0000] {connection_wrapper.py:388} INFO - AWS Connection (conn_id='s3_connection', conn_type='aws') credentials retrieved from login and password.
[2024-10-04T12:36:41.501+0000] {project-checkpoint.py:164} INFO - Prepared data.
[2024-10-04T12:36:41.502+0000] {python.py:237} INFO - Done. Returned value was: None
[2024-10-04T12:36:41.503+0000] {taskinstance.py:441} INFO - ::group::Post task execution logs
[2024-10-04T12:36:41.518+0000] {taskinstance.py:1206} INFO - Marking task as SUCCESS. dag_id=Alex_Trigolos, task_id=task_prepare_data, run_id=manual__2024-10-04T12:36:27.466143+00:00, execution_date=20241004T123627, start_date=20241004T123639, end_date=20241004T123641
[2024-10-04T12:36:41.603+0000] {local_task_job_runner.py:243} INFO - Task exited with return code 0
[2024-10-04T12:36:41.641+0000] {taskinstance.py:3503} INFO - 3 downstream tasks scheduled from follow-on schedule check
[2024-10-04T12:36:41.645+0000] {local_task_job_runner.py:222} INFO - ::endgroup::
