[2024-10-04T12:21:13.363+0000] {local_task_job_runner.py:120} INFO - ::group::Pre task execution logs
[2024-10-04T12:21:13.385+0000] {taskinstance.py:2076} INFO - Dependencies all met for dep_context=non-requeueable deps ti=<TaskInstance: Alex_Trigolos.task_prepare_data manual__2024-10-04T12:21:01.881382+00:00 [queued]>
[2024-10-04T12:21:13.396+0000] {taskinstance.py:2076} INFO - Dependencies all met for dep_context=requeueable deps ti=<TaskInstance: Alex_Trigolos.task_prepare_data manual__2024-10-04T12:21:01.881382+00:00 [queued]>
[2024-10-04T12:21:13.398+0000] {taskinstance.py:2306} INFO - Starting attempt 1 of 1
[2024-10-04T12:21:13.418+0000] {taskinstance.py:2330} INFO - Executing <Task(PythonOperator): task_prepare_data> on 2024-10-04 12:21:01.881382+00:00
[2024-10-04T12:21:13.433+0000] {standard_task_runner.py:64} INFO - Started process 67875 to run task
[2024-10-04T12:21:13.438+0000] {standard_task_runner.py:90} INFO - Running: ['***', 'tasks', 'run', 'Alex_Trigolos', 'task_prepare_data', 'manual__2024-10-04T12:21:01.881382+00:00', '--job-id', '837', '--raw', '--subdir', 'DAGS_FOLDER/***/dags/project.py', '--cfg-path', '/tmp/tmp9ja1wptd']
[2024-10-04T12:21:13.442+0000] {standard_task_runner.py:91} INFO - Job 837: Subtask task_prepare_data
[2024-10-04T12:21:13.522+0000] {task_command.py:426} INFO - Running <TaskInstance: Alex_Trigolos.task_prepare_data manual__2024-10-04T12:21:01.881382+00:00 [running]> on host 4b5f1410d111
[2024-10-04T12:21:13.671+0000] {taskinstance.py:2648} INFO - Exporting env vars: AIRFLOW_CTX_DAG_EMAIL='alexvlg34@gmail.com' AIRFLOW_CTX_DAG_OWNER='Alex Trigolos' AIRFLOW_CTX_DAG_ID='Alex_Trigolos' AIRFLOW_CTX_TASK_ID='task_prepare_data' AIRFLOW_CTX_EXECUTION_DATE='2024-10-04T12:21:01.881382+00:00' AIRFLOW_CTX_TRY_NUMBER='1' AIRFLOW_CTX_DAG_RUN_ID='manual__2024-10-04T12:21:01.881382+00:00'
[2024-10-04T12:21:13.673+0000] {taskinstance.py:430} INFO - ::endgroup::
[2024-10-04T12:21:13.690+0000] {project.py:132} INFO - Prepare data...
[2024-10-04T12:21:13.692+0000] {s3.py:1422} INFO - Downloading source S3 file from Bucket testmlops with path AlexTrigolos/project/datasets/dataset.pkl
[2024-10-04T12:21:13.706+0000] {base.py:84} INFO - Using connection ID 's3_connection' for task execution.
[2024-10-04T12:21:13.708+0000] {connection_wrapper.py:388} INFO - AWS Connection (conn_id='s3_connection', conn_type='aws') credentials retrieved from login and password.
[2024-10-04T12:21:14.089+0000] {project.py:93} INFO - /tmp/***_tmp_c3g7xjoo
[2024-10-04T12:21:14.217+0000] {base.py:84} INFO - Using connection ID 's3_connection' for task execution.
[2024-10-04T12:21:14.218+0000] {connection_wrapper.py:388} INFO - AWS Connection (conn_id='s3_connection', conn_type='aws') credentials retrieved from login and password.
[2024-10-04T12:21:14.864+0000] {base.py:84} INFO - Using connection ID 's3_connection' for task execution.
[2024-10-04T12:21:14.865+0000] {connection_wrapper.py:388} INFO - AWS Connection (conn_id='s3_connection', conn_type='aws') credentials retrieved from login and password.
[2024-10-04T12:21:15.385+0000] {base.py:84} INFO - Using connection ID 's3_connection' for task execution.
[2024-10-04T12:21:15.386+0000] {connection_wrapper.py:388} INFO - AWS Connection (conn_id='s3_connection', conn_type='aws') credentials retrieved from login and password.
[2024-10-04T12:21:15.667+0000] {base.py:84} INFO - Using connection ID 's3_connection' for task execution.
[2024-10-04T12:21:15.668+0000] {connection_wrapper.py:388} INFO - AWS Connection (conn_id='s3_connection', conn_type='aws') credentials retrieved from login and password.
[2024-10-04T12:21:15.962+0000] {base.py:84} INFO - Using connection ID 's3_connection' for task execution.
[2024-10-04T12:21:15.964+0000] {connection_wrapper.py:388} INFO - AWS Connection (conn_id='s3_connection', conn_type='aws') credentials retrieved from login and password.
[2024-10-04T12:21:16.280+0000] {base.py:84} INFO - Using connection ID 's3_connection' for task execution.
[2024-10-04T12:21:16.282+0000] {connection_wrapper.py:388} INFO - AWS Connection (conn_id='s3_connection', conn_type='aws') credentials retrieved from login and password.
[2024-10-04T12:21:16.573+0000] {project.py:162} INFO - Prepared data.
[2024-10-04T12:21:16.574+0000] {python.py:237} INFO - Done. Returned value was: None
[2024-10-04T12:21:16.575+0000] {taskinstance.py:441} INFO - ::group::Post task execution logs
[2024-10-04T12:21:16.591+0000] {taskinstance.py:1206} INFO - Marking task as SUCCESS. dag_id=Alex_Trigolos, task_id=task_prepare_data, run_id=manual__2024-10-04T12:21:01.881382+00:00, execution_date=20241004T122101, start_date=20241004T122113, end_date=20241004T122116
[2024-10-04T12:21:16.633+0000] {local_task_job_runner.py:243} INFO - Task exited with return code 0
[2024-10-04T12:21:16.666+0000] {taskinstance.py:3503} INFO - 3 downstream tasks scheduled from follow-on schedule check
[2024-10-04T12:21:16.669+0000] {local_task_job_runner.py:222} INFO - ::endgroup::
