[2024-10-02T13:55:02.528+0000] {local_task_job_runner.py:120} INFO - ::group::Pre task execution logs
[2024-10-02T13:55:02.551+0000] {taskinstance.py:2076} INFO - Dependencies all met for dep_context=non-requeueable deps ti=<TaskInstance: decision_tree_classifier_dag.dtc_prepare_data scheduled__2024-10-01T01:00:00+00:00 [queued]>
[2024-10-02T13:55:02.562+0000] {taskinstance.py:2076} INFO - Dependencies all met for dep_context=requeueable deps ti=<TaskInstance: decision_tree_classifier_dag.dtc_prepare_data scheduled__2024-10-01T01:00:00+00:00 [queued]>
[2024-10-02T13:55:02.565+0000] {taskinstance.py:2306} INFO - Starting attempt 1 of 1
[2024-10-02T13:55:02.580+0000] {taskinstance.py:2330} INFO - Executing <Task(PythonOperator): dtc_prepare_data> on 2024-10-01 01:00:00+00:00
[2024-10-02T13:55:02.588+0000] {standard_task_runner.py:64} INFO - Started process 817 to run task
[2024-10-02T13:55:02.592+0000] {standard_task_runner.py:90} INFO - Running: ['***', 'tasks', 'run', 'decision_tree_classifier_dag', 'dtc_prepare_data', 'scheduled__2024-10-01T01:00:00+00:00', '--job-id', '618', '--raw', '--subdir', 'DAGS_FOLDER/***/dags/.ipynb_checkpoints/hw1-checkpoint.py', '--cfg-path', '/tmp/tmpiyjsi78h']
[2024-10-02T13:55:02.594+0000] {standard_task_runner.py:91} INFO - Job 618: Subtask dtc_prepare_data
[2024-10-02T13:55:02.646+0000] {task_command.py:426} INFO - Running <TaskInstance: decision_tree_classifier_dag.dtc_prepare_data scheduled__2024-10-01T01:00:00+00:00 [running]> on host 82997fc6deb7
[2024-10-02T13:55:02.735+0000] {taskinstance.py:2648} INFO - Exporting env vars: AIRFLOW_CTX_DAG_EMAIL='alexvlg34@gmail.com' AIRFLOW_CTX_DAG_OWNER='Alex Trigolos' AIRFLOW_CTX_DAG_ID='decision_tree_classifier_dag' AIRFLOW_CTX_TASK_ID='dtc_prepare_data' AIRFLOW_CTX_EXECUTION_DATE='2024-10-01T01:00:00+00:00' AIRFLOW_CTX_TRY_NUMBER='1' AIRFLOW_CTX_DAG_RUN_ID='scheduled__2024-10-01T01:00:00+00:00'
[2024-10-02T13:55:02.736+0000] {taskinstance.py:430} INFO - ::endgroup::
[2024-10-02T13:55:02.746+0000] {hw1-checkpoint.py:107} INFO - Prepare data...
[2024-10-02T13:55:02.747+0000] {s3.py:1422} INFO - Downloading source S3 file from Bucket testmlops with path AlexTrigolos/DecisionTreeClassifier/datasets/dataset.pkl
[2024-10-02T13:55:02.755+0000] {base.py:84} INFO - Using connection ID 's3_connection' for task execution.
[2024-10-02T13:55:02.756+0000] {connection_wrapper.py:388} INFO - AWS Connection (conn_id='s3_connection', conn_type='aws') credentials retrieved from login and password.
[2024-10-02T13:55:03.727+0000] {hw1-checkpoint.py:78} INFO - /tmp/***_tmp_3w_0p_6j
[2024-10-02T13:55:03.803+0000] {base.py:84} INFO - Using connection ID 's3_connection' for task execution.
[2024-10-02T13:55:03.805+0000] {connection_wrapper.py:388} INFO - AWS Connection (conn_id='s3_connection', conn_type='aws') credentials retrieved from login and password.
[2024-10-02T13:55:05.206+0000] {base.py:84} INFO - Using connection ID 's3_connection' for task execution.
[2024-10-02T13:55:05.207+0000] {connection_wrapper.py:388} INFO - AWS Connection (conn_id='s3_connection', conn_type='aws') credentials retrieved from login and password.
[2024-10-02T13:55:05.404+0000] {base.py:84} INFO - Using connection ID 's3_connection' for task execution.
[2024-10-02T13:55:05.406+0000] {connection_wrapper.py:388} INFO - AWS Connection (conn_id='s3_connection', conn_type='aws') credentials retrieved from login and password.
[2024-10-02T13:55:05.646+0000] {base.py:84} INFO - Using connection ID 's3_connection' for task execution.
[2024-10-02T13:55:05.647+0000] {connection_wrapper.py:388} INFO - AWS Connection (conn_id='s3_connection', conn_type='aws') credentials retrieved from login and password.
[2024-10-02T13:55:06.113+0000] {hw1-checkpoint.py:133} INFO - Prepared data.
[2024-10-02T13:55:06.115+0000] {python.py:237} INFO - Done. Returned value was: None
[2024-10-02T13:55:06.116+0000] {taskinstance.py:441} INFO - ::group::Post task execution logs
[2024-10-02T13:55:06.130+0000] {taskinstance.py:1206} INFO - Marking task as SUCCESS. dag_id=decision_tree_classifier_dag, task_id=dtc_prepare_data, run_id=scheduled__2024-10-01T01:00:00+00:00, execution_date=20241001T010000, start_date=20241002T135502, end_date=20241002T135506
[2024-10-02T13:55:06.184+0000] {local_task_job_runner.py:243} INFO - Task exited with return code 0
[2024-10-02T13:55:06.222+0000] {taskinstance.py:3503} INFO - 1 downstream tasks scheduled from follow-on schedule check
[2024-10-02T13:55:06.226+0000] {local_task_job_runner.py:222} INFO - ::endgroup::
