[2024-10-02T19:08:59.424+0000] {local_task_job_runner.py:120} INFO - ::group::Pre task execution logs
[2024-10-02T19:08:59.443+0000] {taskinstance.py:2076} INFO - Dependencies all met for dep_context=non-requeueable deps ti=<TaskInstance: gradient_boosting_classifier_dag.gbc_get_data manual__2024-10-02T19:08:53.800366+00:00 [queued]>
[2024-10-02T19:08:59.453+0000] {taskinstance.py:2076} INFO - Dependencies all met for dep_context=requeueable deps ti=<TaskInstance: gradient_boosting_classifier_dag.gbc_get_data manual__2024-10-02T19:08:53.800366+00:00 [queued]>
[2024-10-02T19:08:59.455+0000] {taskinstance.py:2306} INFO - Starting attempt 1 of 1
[2024-10-02T19:08:59.470+0000] {taskinstance.py:2330} INFO - Executing <Task(PythonOperator): gbc_get_data> on 2024-10-02 19:08:53.800366+00:00
[2024-10-02T19:08:59.480+0000] {standard_task_runner.py:64} INFO - Started process 65066 to run task
[2024-10-02T19:08:59.484+0000] {standard_task_runner.py:90} INFO - Running: ['***', 'tasks', 'run', 'gradient_boosting_classifier_dag', 'gbc_get_data', 'manual__2024-10-02T19:08:53.800366+00:00', '--job-id', '676', '--raw', '--subdir', 'DAGS_FOLDER/***/dags/.ipynb_checkpoints/hw1-checkpoint.py', '--cfg-path', '/tmp/tmp76r_gvnx']
[2024-10-02T19:08:59.487+0000] {standard_task_runner.py:91} INFO - Job 676: Subtask gbc_get_data
[2024-10-02T19:08:59.542+0000] {task_command.py:426} INFO - Running <TaskInstance: gradient_boosting_classifier_dag.gbc_get_data manual__2024-10-02T19:08:53.800366+00:00 [running]> on host 8c9143e9e59a
[2024-10-02T19:08:59.652+0000] {taskinstance.py:2648} INFO - Exporting env vars: AIRFLOW_CTX_DAG_EMAIL='alexvlg34@gmail.com' AIRFLOW_CTX_DAG_OWNER='Alex Trigolos' AIRFLOW_CTX_DAG_ID='gradient_boosting_classifier_dag' AIRFLOW_CTX_TASK_ID='gbc_get_data' AIRFLOW_CTX_EXECUTION_DATE='2024-10-02T19:08:53.800366+00:00' AIRFLOW_CTX_TRY_NUMBER='1' AIRFLOW_CTX_DAG_RUN_ID='manual__2024-10-02T19:08:53.800366+00:00'
[2024-10-02T19:08:59.654+0000] {taskinstance.py:430} INFO - ::endgroup::
[2024-10-02T19:08:59.671+0000] {hw1-checkpoint.py:91} INFO - Get data...
[2024-10-02T19:09:00.664+0000] {base.py:84} INFO - Using connection ID 's3_connection' for task execution.
[2024-10-02T19:09:00.665+0000] {connection_wrapper.py:388} INFO - AWS Connection (conn_id='s3_connection', conn_type='aws') credentials retrieved from login and password.
[2024-10-02T19:09:02.019+0000] {hw1-checkpoint.py:103} INFO - Finish get data.
[2024-10-02T19:09:02.021+0000] {python.py:237} INFO - Done. Returned value was: None
[2024-10-02T19:09:02.023+0000] {taskinstance.py:441} INFO - ::group::Post task execution logs
[2024-10-02T19:09:02.041+0000] {taskinstance.py:1206} INFO - Marking task as SUCCESS. dag_id=gradient_boosting_classifier_dag, task_id=gbc_get_data, run_id=manual__2024-10-02T19:08:53.800366+00:00, execution_date=20241002T190853, start_date=20241002T190859, end_date=20241002T190902
[2024-10-02T19:09:02.113+0000] {local_task_job_runner.py:243} INFO - Task exited with return code 0
[2024-10-02T19:09:02.154+0000] {taskinstance.py:3503} INFO - 1 downstream tasks scheduled from follow-on schedule check
[2024-10-02T19:09:02.160+0000] {local_task_job_runner.py:222} INFO - ::endgroup::
