[2024-09-24T20:22:13.725+0000] {processor.py:161} INFO - Started process (PID=492) to work on /opt/airflow/dags/.cache/pip/http/1/c/e/7/1/1ce7104a40bcf79329d989351cb80c1ad0c2688377cf11aa042ae383
[2024-09-24T20:22:13.726+0000] {processor.py:830} INFO - Processing file /opt/airflow/dags/.cache/pip/http/1/c/e/7/1/1ce7104a40bcf79329d989351cb80c1ad0c2688377cf11aa042ae383 for tasks to queue
[2024-09-24T20:22:13.732+0000] {logging_mixin.py:188} INFO - [2024-09-24T20:22:13.731+0000] {dagbag.py:545} INFO - Filling up the DagBag from /opt/airflow/dags/.cache/pip/http/1/c/e/7/1/1ce7104a40bcf79329d989351cb80c1ad0c2688377cf11aa042ae383
[2024-09-24T20:22:13.829+0000] {processor.py:842} WARNING - No viable dags retrieved from /opt/airflow/dags/.cache/pip/http/1/c/e/7/1/1ce7104a40bcf79329d989351cb80c1ad0c2688377cf11aa042ae383
[2024-09-24T20:22:13.859+0000] {processor.py:183} INFO - Processing /opt/airflow/dags/.cache/pip/http/1/c/e/7/1/1ce7104a40bcf79329d989351cb80c1ad0c2688377cf11aa042ae383 took 0.143 seconds
[2024-09-24T20:22:46.952+0000] {processor.py:161} INFO - Started process (PID=766) to work on /opt/airflow/dags/.cache/pip/http/1/c/e/7/1/1ce7104a40bcf79329d989351cb80c1ad0c2688377cf11aa042ae383
[2024-09-24T20:22:46.953+0000] {processor.py:830} INFO - Processing file /opt/airflow/dags/.cache/pip/http/1/c/e/7/1/1ce7104a40bcf79329d989351cb80c1ad0c2688377cf11aa042ae383 for tasks to queue
[2024-09-24T20:22:46.955+0000] {logging_mixin.py:188} INFO - [2024-09-24T20:22:46.955+0000] {dagbag.py:545} INFO - Filling up the DagBag from /opt/airflow/dags/.cache/pip/http/1/c/e/7/1/1ce7104a40bcf79329d989351cb80c1ad0c2688377cf11aa042ae383
[2024-09-24T20:22:46.995+0000] {processor.py:842} WARNING - No viable dags retrieved from /opt/airflow/dags/.cache/pip/http/1/c/e/7/1/1ce7104a40bcf79329d989351cb80c1ad0c2688377cf11aa042ae383
[2024-09-24T20:22:47.014+0000] {processor.py:183} INFO - Processing /opt/airflow/dags/.cache/pip/http/1/c/e/7/1/1ce7104a40bcf79329d989351cb80c1ad0c2688377cf11aa042ae383 took 0.067 seconds
[2024-09-24T20:27:58.268+0000] {processor.py:161} INFO - Started process (PID=496) to work on /opt/airflow/dags/.cache/pip/http/1/c/e/7/1/1ce7104a40bcf79329d989351cb80c1ad0c2688377cf11aa042ae383
[2024-09-24T20:27:58.269+0000] {processor.py:830} INFO - Processing file /opt/airflow/dags/.cache/pip/http/1/c/e/7/1/1ce7104a40bcf79329d989351cb80c1ad0c2688377cf11aa042ae383 for tasks to queue
[2024-09-24T20:27:58.270+0000] {logging_mixin.py:188} INFO - [2024-09-24T20:27:58.270+0000] {dagbag.py:545} INFO - Filling up the DagBag from /opt/airflow/dags/.cache/pip/http/1/c/e/7/1/1ce7104a40bcf79329d989351cb80c1ad0c2688377cf11aa042ae383
[2024-09-24T20:27:58.286+0000] {processor.py:842} WARNING - No viable dags retrieved from /opt/airflow/dags/.cache/pip/http/1/c/e/7/1/1ce7104a40bcf79329d989351cb80c1ad0c2688377cf11aa042ae383
[2024-09-24T20:27:58.296+0000] {processor.py:183} INFO - Processing /opt/airflow/dags/.cache/pip/http/1/c/e/7/1/1ce7104a40bcf79329d989351cb80c1ad0c2688377cf11aa042ae383 took 0.032 seconds
[2024-09-24T20:28:31.210+0000] {processor.py:161} INFO - Started process (PID=770) to work on /opt/airflow/dags/.cache/pip/http/1/c/e/7/1/1ce7104a40bcf79329d989351cb80c1ad0c2688377cf11aa042ae383
[2024-09-24T20:28:31.211+0000] {processor.py:830} INFO - Processing file /opt/airflow/dags/.cache/pip/http/1/c/e/7/1/1ce7104a40bcf79329d989351cb80c1ad0c2688377cf11aa042ae383 for tasks to queue
[2024-09-24T20:28:31.213+0000] {logging_mixin.py:188} INFO - [2024-09-24T20:28:31.212+0000] {dagbag.py:545} INFO - Filling up the DagBag from /opt/airflow/dags/.cache/pip/http/1/c/e/7/1/1ce7104a40bcf79329d989351cb80c1ad0c2688377cf11aa042ae383
[2024-09-24T20:28:31.231+0000] {processor.py:842} WARNING - No viable dags retrieved from /opt/airflow/dags/.cache/pip/http/1/c/e/7/1/1ce7104a40bcf79329d989351cb80c1ad0c2688377cf11aa042ae383
[2024-09-24T20:28:31.241+0000] {processor.py:183} INFO - Processing /opt/airflow/dags/.cache/pip/http/1/c/e/7/1/1ce7104a40bcf79329d989351cb80c1ad0c2688377cf11aa042ae383 took 0.035 seconds
[2024-09-24T20:29:03.355+0000] {processor.py:161} INFO - Started process (PID=1044) to work on /opt/airflow/dags/.cache/pip/http/1/c/e/7/1/1ce7104a40bcf79329d989351cb80c1ad0c2688377cf11aa042ae383
[2024-09-24T20:29:03.356+0000] {processor.py:830} INFO - Processing file /opt/airflow/dags/.cache/pip/http/1/c/e/7/1/1ce7104a40bcf79329d989351cb80c1ad0c2688377cf11aa042ae383 for tasks to queue
[2024-09-24T20:29:03.358+0000] {logging_mixin.py:188} INFO - [2024-09-24T20:29:03.358+0000] {dagbag.py:545} INFO - Filling up the DagBag from /opt/airflow/dags/.cache/pip/http/1/c/e/7/1/1ce7104a40bcf79329d989351cb80c1ad0c2688377cf11aa042ae383
[2024-09-24T20:29:03.403+0000] {processor.py:842} WARNING - No viable dags retrieved from /opt/airflow/dags/.cache/pip/http/1/c/e/7/1/1ce7104a40bcf79329d989351cb80c1ad0c2688377cf11aa042ae383
[2024-09-24T20:29:03.415+0000] {processor.py:183} INFO - Processing /opt/airflow/dags/.cache/pip/http/1/c/e/7/1/1ce7104a40bcf79329d989351cb80c1ad0c2688377cf11aa042ae383 took 0.064 seconds
[2024-09-24T20:29:34.944+0000] {processor.py:161} INFO - Started process (PID=1318) to work on /opt/airflow/dags/.cache/pip/http/1/c/e/7/1/1ce7104a40bcf79329d989351cb80c1ad0c2688377cf11aa042ae383
[2024-09-24T20:29:34.945+0000] {processor.py:830} INFO - Processing file /opt/airflow/dags/.cache/pip/http/1/c/e/7/1/1ce7104a40bcf79329d989351cb80c1ad0c2688377cf11aa042ae383 for tasks to queue
[2024-09-24T20:29:34.946+0000] {logging_mixin.py:188} INFO - [2024-09-24T20:29:34.946+0000] {dagbag.py:545} INFO - Filling up the DagBag from /opt/airflow/dags/.cache/pip/http/1/c/e/7/1/1ce7104a40bcf79329d989351cb80c1ad0c2688377cf11aa042ae383
[2024-09-24T20:29:34.963+0000] {processor.py:842} WARNING - No viable dags retrieved from /opt/airflow/dags/.cache/pip/http/1/c/e/7/1/1ce7104a40bcf79329d989351cb80c1ad0c2688377cf11aa042ae383
[2024-09-24T20:29:34.972+0000] {processor.py:183} INFO - Processing /opt/airflow/dags/.cache/pip/http/1/c/e/7/1/1ce7104a40bcf79329d989351cb80c1ad0c2688377cf11aa042ae383 took 0.033 seconds
[2024-09-24T20:30:06.286+0000] {processor.py:161} INFO - Started process (PID=1592) to work on /opt/airflow/dags/.cache/pip/http/1/c/e/7/1/1ce7104a40bcf79329d989351cb80c1ad0c2688377cf11aa042ae383
[2024-09-24T20:30:06.287+0000] {processor.py:830} INFO - Processing file /opt/airflow/dags/.cache/pip/http/1/c/e/7/1/1ce7104a40bcf79329d989351cb80c1ad0c2688377cf11aa042ae383 for tasks to queue
[2024-09-24T20:30:06.289+0000] {logging_mixin.py:188} INFO - [2024-09-24T20:30:06.289+0000] {dagbag.py:545} INFO - Filling up the DagBag from /opt/airflow/dags/.cache/pip/http/1/c/e/7/1/1ce7104a40bcf79329d989351cb80c1ad0c2688377cf11aa042ae383
[2024-09-24T20:30:06.321+0000] {processor.py:842} WARNING - No viable dags retrieved from /opt/airflow/dags/.cache/pip/http/1/c/e/7/1/1ce7104a40bcf79329d989351cb80c1ad0c2688377cf11aa042ae383
[2024-09-24T20:30:06.333+0000] {processor.py:183} INFO - Processing /opt/airflow/dags/.cache/pip/http/1/c/e/7/1/1ce7104a40bcf79329d989351cb80c1ad0c2688377cf11aa042ae383 took 0.053 seconds
[2024-09-24T20:30:38.794+0000] {processor.py:161} INFO - Started process (PID=1866) to work on /opt/airflow/dags/.cache/pip/http/1/c/e/7/1/1ce7104a40bcf79329d989351cb80c1ad0c2688377cf11aa042ae383
[2024-09-24T20:30:38.795+0000] {processor.py:830} INFO - Processing file /opt/airflow/dags/.cache/pip/http/1/c/e/7/1/1ce7104a40bcf79329d989351cb80c1ad0c2688377cf11aa042ae383 for tasks to queue
[2024-09-24T20:30:38.797+0000] {logging_mixin.py:188} INFO - [2024-09-24T20:30:38.796+0000] {dagbag.py:545} INFO - Filling up the DagBag from /opt/airflow/dags/.cache/pip/http/1/c/e/7/1/1ce7104a40bcf79329d989351cb80c1ad0c2688377cf11aa042ae383
[2024-09-24T20:30:38.811+0000] {processor.py:842} WARNING - No viable dags retrieved from /opt/airflow/dags/.cache/pip/http/1/c/e/7/1/1ce7104a40bcf79329d989351cb80c1ad0c2688377cf11aa042ae383
[2024-09-24T20:30:38.820+0000] {processor.py:183} INFO - Processing /opt/airflow/dags/.cache/pip/http/1/c/e/7/1/1ce7104a40bcf79329d989351cb80c1ad0c2688377cf11aa042ae383 took 0.031 seconds
[2024-09-24T20:31:11.252+0000] {processor.py:161} INFO - Started process (PID=2140) to work on /opt/airflow/dags/.cache/pip/http/1/c/e/7/1/1ce7104a40bcf79329d989351cb80c1ad0c2688377cf11aa042ae383
[2024-09-24T20:31:11.253+0000] {processor.py:830} INFO - Processing file /opt/airflow/dags/.cache/pip/http/1/c/e/7/1/1ce7104a40bcf79329d989351cb80c1ad0c2688377cf11aa042ae383 for tasks to queue
[2024-09-24T20:31:11.255+0000] {logging_mixin.py:188} INFO - [2024-09-24T20:31:11.254+0000] {dagbag.py:545} INFO - Filling up the DagBag from /opt/airflow/dags/.cache/pip/http/1/c/e/7/1/1ce7104a40bcf79329d989351cb80c1ad0c2688377cf11aa042ae383
[2024-09-24T20:31:11.272+0000] {processor.py:842} WARNING - No viable dags retrieved from /opt/airflow/dags/.cache/pip/http/1/c/e/7/1/1ce7104a40bcf79329d989351cb80c1ad0c2688377cf11aa042ae383
[2024-09-24T20:31:11.283+0000] {processor.py:183} INFO - Processing /opt/airflow/dags/.cache/pip/http/1/c/e/7/1/1ce7104a40bcf79329d989351cb80c1ad0c2688377cf11aa042ae383 took 0.035 seconds
[2024-09-24T20:31:43.121+0000] {processor.py:161} INFO - Started process (PID=2413) to work on /opt/airflow/dags/.cache/pip/http/1/c/e/7/1/1ce7104a40bcf79329d989351cb80c1ad0c2688377cf11aa042ae383
[2024-09-24T20:31:43.122+0000] {processor.py:830} INFO - Processing file /opt/airflow/dags/.cache/pip/http/1/c/e/7/1/1ce7104a40bcf79329d989351cb80c1ad0c2688377cf11aa042ae383 for tasks to queue
[2024-09-24T20:31:43.123+0000] {logging_mixin.py:188} INFO - [2024-09-24T20:31:43.123+0000] {dagbag.py:545} INFO - Filling up the DagBag from /opt/airflow/dags/.cache/pip/http/1/c/e/7/1/1ce7104a40bcf79329d989351cb80c1ad0c2688377cf11aa042ae383
[2024-09-24T20:31:43.156+0000] {processor.py:842} WARNING - No viable dags retrieved from /opt/airflow/dags/.cache/pip/http/1/c/e/7/1/1ce7104a40bcf79329d989351cb80c1ad0c2688377cf11aa042ae383
[2024-09-24T20:31:43.168+0000] {processor.py:183} INFO - Processing /opt/airflow/dags/.cache/pip/http/1/c/e/7/1/1ce7104a40bcf79329d989351cb80c1ad0c2688377cf11aa042ae383 took 0.052 seconds
[2024-09-24T20:32:29.196+0000] {processor.py:161} INFO - Started process (PID=2693) to work on /opt/airflow/dags/.cache/pip/http/1/c/e/7/1/1ce7104a40bcf79329d989351cb80c1ad0c2688377cf11aa042ae383
[2024-09-24T20:32:29.196+0000] {processor.py:830} INFO - Processing file /opt/airflow/dags/.cache/pip/http/1/c/e/7/1/1ce7104a40bcf79329d989351cb80c1ad0c2688377cf11aa042ae383 for tasks to queue
[2024-09-24T20:32:29.198+0000] {logging_mixin.py:188} INFO - [2024-09-24T20:32:29.197+0000] {dagbag.py:545} INFO - Filling up the DagBag from /opt/airflow/dags/.cache/pip/http/1/c/e/7/1/1ce7104a40bcf79329d989351cb80c1ad0c2688377cf11aa042ae383
[2024-09-24T20:32:29.212+0000] {processor.py:842} WARNING - No viable dags retrieved from /opt/airflow/dags/.cache/pip/http/1/c/e/7/1/1ce7104a40bcf79329d989351cb80c1ad0c2688377cf11aa042ae383
[2024-09-24T20:32:29.221+0000] {processor.py:183} INFO - Processing /opt/airflow/dags/.cache/pip/http/1/c/e/7/1/1ce7104a40bcf79329d989351cb80c1ad0c2688377cf11aa042ae383 took 0.030 seconds
