[2024-10-03T08:42:04.553+0000] {processor.py:161} INFO - Started process (PID=455) to work on /opt/airflow/dags/.cache/pip/http/1/c/e/7/1/1ce7104a40bcf79329d989351cb80c1ad0c2688377cf11aa042ae383
[2024-10-03T08:42:04.554+0000] {processor.py:830} INFO - Processing file /opt/airflow/dags/.cache/pip/http/1/c/e/7/1/1ce7104a40bcf79329d989351cb80c1ad0c2688377cf11aa042ae383 for tasks to queue
[2024-10-03T08:42:04.555+0000] {logging_mixin.py:188} INFO - [2024-10-03T08:42:04.555+0000] {dagbag.py:545} INFO - Filling up the DagBag from /opt/airflow/dags/.cache/pip/http/1/c/e/7/1/1ce7104a40bcf79329d989351cb80c1ad0c2688377cf11aa042ae383
[2024-10-03T08:42:04.571+0000] {processor.py:842} WARNING - No viable dags retrieved from /opt/airflow/dags/.cache/pip/http/1/c/e/7/1/1ce7104a40bcf79329d989351cb80c1ad0c2688377cf11aa042ae383
[2024-10-03T08:42:04.580+0000] {processor.py:183} INFO - Processing /opt/airflow/dags/.cache/pip/http/1/c/e/7/1/1ce7104a40bcf79329d989351cb80c1ad0c2688377cf11aa042ae383 took 0.032 seconds
[2024-10-03T08:42:39.920+0000] {processor.py:161} INFO - Started process (PID=697) to work on /opt/airflow/dags/.cache/pip/http/1/c/e/7/1/1ce7104a40bcf79329d989351cb80c1ad0c2688377cf11aa042ae383
[2024-10-03T08:42:39.921+0000] {processor.py:830} INFO - Processing file /opt/airflow/dags/.cache/pip/http/1/c/e/7/1/1ce7104a40bcf79329d989351cb80c1ad0c2688377cf11aa042ae383 for tasks to queue
[2024-10-03T08:42:39.924+0000] {logging_mixin.py:188} INFO - [2024-10-03T08:42:39.924+0000] {dagbag.py:545} INFO - Filling up the DagBag from /opt/airflow/dags/.cache/pip/http/1/c/e/7/1/1ce7104a40bcf79329d989351cb80c1ad0c2688377cf11aa042ae383
[2024-10-03T08:42:39.950+0000] {processor.py:842} WARNING - No viable dags retrieved from /opt/airflow/dags/.cache/pip/http/1/c/e/7/1/1ce7104a40bcf79329d989351cb80c1ad0c2688377cf11aa042ae383
[2024-10-03T08:42:39.966+0000] {processor.py:183} INFO - Processing /opt/airflow/dags/.cache/pip/http/1/c/e/7/1/1ce7104a40bcf79329d989351cb80c1ad0c2688377cf11aa042ae383 took 0.054 seconds
[2024-10-03T08:43:13.123+0000] {processor.py:161} INFO - Started process (PID=939) to work on /opt/airflow/dags/.cache/pip/http/1/c/e/7/1/1ce7104a40bcf79329d989351cb80c1ad0c2688377cf11aa042ae383
[2024-10-03T08:43:13.125+0000] {processor.py:830} INFO - Processing file /opt/airflow/dags/.cache/pip/http/1/c/e/7/1/1ce7104a40bcf79329d989351cb80c1ad0c2688377cf11aa042ae383 for tasks to queue
[2024-10-03T08:43:13.128+0000] {logging_mixin.py:188} INFO - [2024-10-03T08:43:13.127+0000] {dagbag.py:545} INFO - Filling up the DagBag from /opt/airflow/dags/.cache/pip/http/1/c/e/7/1/1ce7104a40bcf79329d989351cb80c1ad0c2688377cf11aa042ae383
[2024-10-03T08:43:13.234+0000] {processor.py:842} WARNING - No viable dags retrieved from /opt/airflow/dags/.cache/pip/http/1/c/e/7/1/1ce7104a40bcf79329d989351cb80c1ad0c2688377cf11aa042ae383
[2024-10-03T08:43:13.261+0000] {processor.py:183} INFO - Processing /opt/airflow/dags/.cache/pip/http/1/c/e/7/1/1ce7104a40bcf79329d989351cb80c1ad0c2688377cf11aa042ae383 took 0.149 seconds
[2024-10-03T08:43:45.502+0000] {processor.py:161} INFO - Started process (PID=1182) to work on /opt/airflow/dags/.cache/pip/http/1/c/e/7/1/1ce7104a40bcf79329d989351cb80c1ad0c2688377cf11aa042ae383
[2024-10-03T08:43:45.503+0000] {processor.py:830} INFO - Processing file /opt/airflow/dags/.cache/pip/http/1/c/e/7/1/1ce7104a40bcf79329d989351cb80c1ad0c2688377cf11aa042ae383 for tasks to queue
[2024-10-03T08:43:45.504+0000] {logging_mixin.py:188} INFO - [2024-10-03T08:43:45.504+0000] {dagbag.py:545} INFO - Filling up the DagBag from /opt/airflow/dags/.cache/pip/http/1/c/e/7/1/1ce7104a40bcf79329d989351cb80c1ad0c2688377cf11aa042ae383
[2024-10-03T08:43:45.519+0000] {processor.py:842} WARNING - No viable dags retrieved from /opt/airflow/dags/.cache/pip/http/1/c/e/7/1/1ce7104a40bcf79329d989351cb80c1ad0c2688377cf11aa042ae383
[2024-10-03T08:43:45.530+0000] {processor.py:183} INFO - Processing /opt/airflow/dags/.cache/pip/http/1/c/e/7/1/1ce7104a40bcf79329d989351cb80c1ad0c2688377cf11aa042ae383 took 0.033 seconds
[2024-10-03T08:44:17.916+0000] {processor.py:161} INFO - Started process (PID=1430) to work on /opt/airflow/dags/.cache/pip/http/1/c/e/7/1/1ce7104a40bcf79329d989351cb80c1ad0c2688377cf11aa042ae383
[2024-10-03T08:44:17.919+0000] {processor.py:830} INFO - Processing file /opt/airflow/dags/.cache/pip/http/1/c/e/7/1/1ce7104a40bcf79329d989351cb80c1ad0c2688377cf11aa042ae383 for tasks to queue
[2024-10-03T08:44:17.923+0000] {logging_mixin.py:188} INFO - [2024-10-03T08:44:17.923+0000] {dagbag.py:545} INFO - Filling up the DagBag from /opt/airflow/dags/.cache/pip/http/1/c/e/7/1/1ce7104a40bcf79329d989351cb80c1ad0c2688377cf11aa042ae383
[2024-10-03T08:44:18.033+0000] {processor.py:842} WARNING - No viable dags retrieved from /opt/airflow/dags/.cache/pip/http/1/c/e/7/1/1ce7104a40bcf79329d989351cb80c1ad0c2688377cf11aa042ae383
[2024-10-03T08:44:18.052+0000] {processor.py:183} INFO - Processing /opt/airflow/dags/.cache/pip/http/1/c/e/7/1/1ce7104a40bcf79329d989351cb80c1ad0c2688377cf11aa042ae383 took 0.147 seconds
[2024-10-03T08:44:50.687+0000] {processor.py:161} INFO - Started process (PID=1672) to work on /opt/airflow/dags/.cache/pip/http/1/c/e/7/1/1ce7104a40bcf79329d989351cb80c1ad0c2688377cf11aa042ae383
[2024-10-03T08:44:50.689+0000] {processor.py:830} INFO - Processing file /opt/airflow/dags/.cache/pip/http/1/c/e/7/1/1ce7104a40bcf79329d989351cb80c1ad0c2688377cf11aa042ae383 for tasks to queue
[2024-10-03T08:44:50.692+0000] {logging_mixin.py:188} INFO - [2024-10-03T08:44:50.691+0000] {dagbag.py:545} INFO - Filling up the DagBag from /opt/airflow/dags/.cache/pip/http/1/c/e/7/1/1ce7104a40bcf79329d989351cb80c1ad0c2688377cf11aa042ae383
[2024-10-03T08:44:50.718+0000] {processor.py:842} WARNING - No viable dags retrieved from /opt/airflow/dags/.cache/pip/http/1/c/e/7/1/1ce7104a40bcf79329d989351cb80c1ad0c2688377cf11aa042ae383
[2024-10-03T08:44:50.739+0000] {processor.py:183} INFO - Processing /opt/airflow/dags/.cache/pip/http/1/c/e/7/1/1ce7104a40bcf79329d989351cb80c1ad0c2688377cf11aa042ae383 took 0.061 seconds
[2024-10-03T08:45:25.655+0000] {processor.py:161} INFO - Started process (PID=1914) to work on /opt/airflow/dags/.cache/pip/http/1/c/e/7/1/1ce7104a40bcf79329d989351cb80c1ad0c2688377cf11aa042ae383
[2024-10-03T08:45:25.656+0000] {processor.py:830} INFO - Processing file /opt/airflow/dags/.cache/pip/http/1/c/e/7/1/1ce7104a40bcf79329d989351cb80c1ad0c2688377cf11aa042ae383 for tasks to queue
[2024-10-03T08:45:25.659+0000] {logging_mixin.py:188} INFO - [2024-10-03T08:45:25.658+0000] {dagbag.py:545} INFO - Filling up the DagBag from /opt/airflow/dags/.cache/pip/http/1/c/e/7/1/1ce7104a40bcf79329d989351cb80c1ad0c2688377cf11aa042ae383
[2024-10-03T08:45:25.692+0000] {processor.py:842} WARNING - No viable dags retrieved from /opt/airflow/dags/.cache/pip/http/1/c/e/7/1/1ce7104a40bcf79329d989351cb80c1ad0c2688377cf11aa042ae383
[2024-10-03T08:45:25.726+0000] {processor.py:183} INFO - Processing /opt/airflow/dags/.cache/pip/http/1/c/e/7/1/1ce7104a40bcf79329d989351cb80c1ad0c2688377cf11aa042ae383 took 0.082 seconds
[2024-10-03T08:45:56.299+0000] {processor.py:161} INFO - Started process (PID=2155) to work on /opt/airflow/dags/.cache/pip/http/1/c/e/7/1/1ce7104a40bcf79329d989351cb80c1ad0c2688377cf11aa042ae383
[2024-10-03T08:45:56.300+0000] {processor.py:830} INFO - Processing file /opt/airflow/dags/.cache/pip/http/1/c/e/7/1/1ce7104a40bcf79329d989351cb80c1ad0c2688377cf11aa042ae383 for tasks to queue
[2024-10-03T08:45:56.303+0000] {logging_mixin.py:188} INFO - [2024-10-03T08:45:56.303+0000] {dagbag.py:545} INFO - Filling up the DagBag from /opt/airflow/dags/.cache/pip/http/1/c/e/7/1/1ce7104a40bcf79329d989351cb80c1ad0c2688377cf11aa042ae383
[2024-10-03T08:45:56.333+0000] {processor.py:842} WARNING - No viable dags retrieved from /opt/airflow/dags/.cache/pip/http/1/c/e/7/1/1ce7104a40bcf79329d989351cb80c1ad0c2688377cf11aa042ae383
[2024-10-03T08:45:56.355+0000] {processor.py:183} INFO - Processing /opt/airflow/dags/.cache/pip/http/1/c/e/7/1/1ce7104a40bcf79329d989351cb80c1ad0c2688377cf11aa042ae383 took 0.068 seconds
[2024-10-03T08:46:26.809+0000] {processor.py:161} INFO - Started process (PID=2397) to work on /opt/airflow/dags/.cache/pip/http/1/c/e/7/1/1ce7104a40bcf79329d989351cb80c1ad0c2688377cf11aa042ae383
[2024-10-03T08:46:26.810+0000] {processor.py:830} INFO - Processing file /opt/airflow/dags/.cache/pip/http/1/c/e/7/1/1ce7104a40bcf79329d989351cb80c1ad0c2688377cf11aa042ae383 for tasks to queue
[2024-10-03T08:46:26.812+0000] {logging_mixin.py:188} INFO - [2024-10-03T08:46:26.812+0000] {dagbag.py:545} INFO - Filling up the DagBag from /opt/airflow/dags/.cache/pip/http/1/c/e/7/1/1ce7104a40bcf79329d989351cb80c1ad0c2688377cf11aa042ae383
[2024-10-03T08:46:26.841+0000] {processor.py:842} WARNING - No viable dags retrieved from /opt/airflow/dags/.cache/pip/http/1/c/e/7/1/1ce7104a40bcf79329d989351cb80c1ad0c2688377cf11aa042ae383
[2024-10-03T08:46:26.859+0000] {processor.py:183} INFO - Processing /opt/airflow/dags/.cache/pip/http/1/c/e/7/1/1ce7104a40bcf79329d989351cb80c1ad0c2688377cf11aa042ae383 took 0.059 seconds
[2024-10-03T08:47:16.883+0000] {processor.py:161} INFO - Started process (PID=2639) to work on /opt/airflow/dags/.cache/pip/http/1/c/e/7/1/1ce7104a40bcf79329d989351cb80c1ad0c2688377cf11aa042ae383
[2024-10-03T08:47:16.885+0000] {processor.py:830} INFO - Processing file /opt/airflow/dags/.cache/pip/http/1/c/e/7/1/1ce7104a40bcf79329d989351cb80c1ad0c2688377cf11aa042ae383 for tasks to queue
[2024-10-03T08:47:16.887+0000] {logging_mixin.py:188} INFO - [2024-10-03T08:47:16.887+0000] {dagbag.py:545} INFO - Filling up the DagBag from /opt/airflow/dags/.cache/pip/http/1/c/e/7/1/1ce7104a40bcf79329d989351cb80c1ad0c2688377cf11aa042ae383
[2024-10-03T08:47:16.932+0000] {processor.py:842} WARNING - No viable dags retrieved from /opt/airflow/dags/.cache/pip/http/1/c/e/7/1/1ce7104a40bcf79329d989351cb80c1ad0c2688377cf11aa042ae383
[2024-10-03T08:47:16.955+0000] {processor.py:183} INFO - Processing /opt/airflow/dags/.cache/pip/http/1/c/e/7/1/1ce7104a40bcf79329d989351cb80c1ad0c2688377cf11aa042ae383 took 0.085 seconds
[2024-10-03T08:47:51.618+0000] {processor.py:161} INFO - Started process (PID=2887) to work on /opt/airflow/dags/.cache/pip/http/1/c/e/7/1/1ce7104a40bcf79329d989351cb80c1ad0c2688377cf11aa042ae383
[2024-10-03T08:47:51.620+0000] {processor.py:830} INFO - Processing file /opt/airflow/dags/.cache/pip/http/1/c/e/7/1/1ce7104a40bcf79329d989351cb80c1ad0c2688377cf11aa042ae383 for tasks to queue
[2024-10-03T08:47:51.623+0000] {logging_mixin.py:188} INFO - [2024-10-03T08:47:51.622+0000] {dagbag.py:545} INFO - Filling up the DagBag from /opt/airflow/dags/.cache/pip/http/1/c/e/7/1/1ce7104a40bcf79329d989351cb80c1ad0c2688377cf11aa042ae383
[2024-10-03T08:47:51.708+0000] {processor.py:842} WARNING - No viable dags retrieved from /opt/airflow/dags/.cache/pip/http/1/c/e/7/1/1ce7104a40bcf79329d989351cb80c1ad0c2688377cf11aa042ae383
[2024-10-03T08:47:51.738+0000] {processor.py:183} INFO - Processing /opt/airflow/dags/.cache/pip/http/1/c/e/7/1/1ce7104a40bcf79329d989351cb80c1ad0c2688377cf11aa042ae383 took 0.130 seconds
[2024-10-03T08:48:24.735+0000] {processor.py:161} INFO - Started process (PID=3129) to work on /opt/airflow/dags/.cache/pip/http/1/c/e/7/1/1ce7104a40bcf79329d989351cb80c1ad0c2688377cf11aa042ae383
[2024-10-03T08:48:24.736+0000] {processor.py:830} INFO - Processing file /opt/airflow/dags/.cache/pip/http/1/c/e/7/1/1ce7104a40bcf79329d989351cb80c1ad0c2688377cf11aa042ae383 for tasks to queue
[2024-10-03T08:48:24.738+0000] {logging_mixin.py:188} INFO - [2024-10-03T08:48:24.738+0000] {dagbag.py:545} INFO - Filling up the DagBag from /opt/airflow/dags/.cache/pip/http/1/c/e/7/1/1ce7104a40bcf79329d989351cb80c1ad0c2688377cf11aa042ae383
[2024-10-03T08:48:24.772+0000] {processor.py:842} WARNING - No viable dags retrieved from /opt/airflow/dags/.cache/pip/http/1/c/e/7/1/1ce7104a40bcf79329d989351cb80c1ad0c2688377cf11aa042ae383
[2024-10-03T08:48:24.784+0000] {processor.py:183} INFO - Processing /opt/airflow/dags/.cache/pip/http/1/c/e/7/1/1ce7104a40bcf79329d989351cb80c1ad0c2688377cf11aa042ae383 took 0.056 seconds
[2024-10-03T08:48:55.142+0000] {processor.py:161} INFO - Started process (PID=3371) to work on /opt/airflow/dags/.cache/pip/http/1/c/e/7/1/1ce7104a40bcf79329d989351cb80c1ad0c2688377cf11aa042ae383
[2024-10-03T08:48:55.143+0000] {processor.py:830} INFO - Processing file /opt/airflow/dags/.cache/pip/http/1/c/e/7/1/1ce7104a40bcf79329d989351cb80c1ad0c2688377cf11aa042ae383 for tasks to queue
[2024-10-03T08:48:55.145+0000] {logging_mixin.py:188} INFO - [2024-10-03T08:48:55.144+0000] {dagbag.py:545} INFO - Filling up the DagBag from /opt/airflow/dags/.cache/pip/http/1/c/e/7/1/1ce7104a40bcf79329d989351cb80c1ad0c2688377cf11aa042ae383
[2024-10-03T08:48:55.160+0000] {processor.py:842} WARNING - No viable dags retrieved from /opt/airflow/dags/.cache/pip/http/1/c/e/7/1/1ce7104a40bcf79329d989351cb80c1ad0c2688377cf11aa042ae383
[2024-10-03T08:48:55.170+0000] {processor.py:183} INFO - Processing /opt/airflow/dags/.cache/pip/http/1/c/e/7/1/1ce7104a40bcf79329d989351cb80c1ad0c2688377cf11aa042ae383 took 0.032 seconds
[2024-10-03T08:49:26.272+0000] {processor.py:161} INFO - Started process (PID=3613) to work on /opt/airflow/dags/.cache/pip/http/1/c/e/7/1/1ce7104a40bcf79329d989351cb80c1ad0c2688377cf11aa042ae383
[2024-10-03T08:49:26.273+0000] {processor.py:830} INFO - Processing file /opt/airflow/dags/.cache/pip/http/1/c/e/7/1/1ce7104a40bcf79329d989351cb80c1ad0c2688377cf11aa042ae383 for tasks to queue
[2024-10-03T08:49:26.275+0000] {logging_mixin.py:188} INFO - [2024-10-03T08:49:26.274+0000] {dagbag.py:545} INFO - Filling up the DagBag from /opt/airflow/dags/.cache/pip/http/1/c/e/7/1/1ce7104a40bcf79329d989351cb80c1ad0c2688377cf11aa042ae383
[2024-10-03T08:49:26.292+0000] {processor.py:842} WARNING - No viable dags retrieved from /opt/airflow/dags/.cache/pip/http/1/c/e/7/1/1ce7104a40bcf79329d989351cb80c1ad0c2688377cf11aa042ae383
[2024-10-03T08:49:26.304+0000] {processor.py:183} INFO - Processing /opt/airflow/dags/.cache/pip/http/1/c/e/7/1/1ce7104a40bcf79329d989351cb80c1ad0c2688377cf11aa042ae383 took 0.036 seconds
[2024-10-03T08:49:58.957+0000] {processor.py:161} INFO - Started process (PID=3856) to work on /opt/airflow/dags/.cache/pip/http/1/c/e/7/1/1ce7104a40bcf79329d989351cb80c1ad0c2688377cf11aa042ae383
[2024-10-03T08:49:58.958+0000] {processor.py:830} INFO - Processing file /opt/airflow/dags/.cache/pip/http/1/c/e/7/1/1ce7104a40bcf79329d989351cb80c1ad0c2688377cf11aa042ae383 for tasks to queue
[2024-10-03T08:49:58.959+0000] {logging_mixin.py:188} INFO - [2024-10-03T08:49:58.959+0000] {dagbag.py:545} INFO - Filling up the DagBag from /opt/airflow/dags/.cache/pip/http/1/c/e/7/1/1ce7104a40bcf79329d989351cb80c1ad0c2688377cf11aa042ae383
[2024-10-03T08:49:58.975+0000] {processor.py:842} WARNING - No viable dags retrieved from /opt/airflow/dags/.cache/pip/http/1/c/e/7/1/1ce7104a40bcf79329d989351cb80c1ad0c2688377cf11aa042ae383
[2024-10-03T08:49:58.986+0000] {processor.py:183} INFO - Processing /opt/airflow/dags/.cache/pip/http/1/c/e/7/1/1ce7104a40bcf79329d989351cb80c1ad0c2688377cf11aa042ae383 took 0.034 seconds
[2024-10-03T08:50:32.010+0000] {processor.py:161} INFO - Started process (PID=4098) to work on /opt/airflow/dags/.cache/pip/http/1/c/e/7/1/1ce7104a40bcf79329d989351cb80c1ad0c2688377cf11aa042ae383
[2024-10-03T08:50:32.011+0000] {processor.py:830} INFO - Processing file /opt/airflow/dags/.cache/pip/http/1/c/e/7/1/1ce7104a40bcf79329d989351cb80c1ad0c2688377cf11aa042ae383 for tasks to queue
[2024-10-03T08:50:32.013+0000] {logging_mixin.py:188} INFO - [2024-10-03T08:50:32.013+0000] {dagbag.py:545} INFO - Filling up the DagBag from /opt/airflow/dags/.cache/pip/http/1/c/e/7/1/1ce7104a40bcf79329d989351cb80c1ad0c2688377cf11aa042ae383
[2024-10-03T08:50:32.030+0000] {processor.py:842} WARNING - No viable dags retrieved from /opt/airflow/dags/.cache/pip/http/1/c/e/7/1/1ce7104a40bcf79329d989351cb80c1ad0c2688377cf11aa042ae383
[2024-10-03T08:50:32.041+0000] {processor.py:183} INFO - Processing /opt/airflow/dags/.cache/pip/http/1/c/e/7/1/1ce7104a40bcf79329d989351cb80c1ad0c2688377cf11aa042ae383 took 0.035 seconds
[2024-10-03T08:56:33.352+0000] {processor.py:161} INFO - Started process (PID=4476) to work on /opt/airflow/dags/.cache/pip/http/1/c/e/7/1/1ce7104a40bcf79329d989351cb80c1ad0c2688377cf11aa042ae383
[2024-10-03T08:56:33.352+0000] {processor.py:830} INFO - Processing file /opt/airflow/dags/.cache/pip/http/1/c/e/7/1/1ce7104a40bcf79329d989351cb80c1ad0c2688377cf11aa042ae383 for tasks to queue
[2024-10-03T08:56:33.353+0000] {logging_mixin.py:188} INFO - [2024-10-03T08:56:33.353+0000] {dagbag.py:545} INFO - Filling up the DagBag from /opt/airflow/dags/.cache/pip/http/1/c/e/7/1/1ce7104a40bcf79329d989351cb80c1ad0c2688377cf11aa042ae383
[2024-10-03T08:56:33.376+0000] {processor.py:842} WARNING - No viable dags retrieved from /opt/airflow/dags/.cache/pip/http/1/c/e/7/1/1ce7104a40bcf79329d989351cb80c1ad0c2688377cf11aa042ae383
[2024-10-03T08:56:33.389+0000] {processor.py:183} INFO - Processing /opt/airflow/dags/.cache/pip/http/1/c/e/7/1/1ce7104a40bcf79329d989351cb80c1ad0c2688377cf11aa042ae383 took 0.042 seconds
[2024-10-03T08:57:05.162+0000] {processor.py:161} INFO - Started process (PID=4726) to work on /opt/airflow/dags/.cache/pip/http/1/c/e/7/1/1ce7104a40bcf79329d989351cb80c1ad0c2688377cf11aa042ae383
[2024-10-03T08:57:05.163+0000] {processor.py:830} INFO - Processing file /opt/airflow/dags/.cache/pip/http/1/c/e/7/1/1ce7104a40bcf79329d989351cb80c1ad0c2688377cf11aa042ae383 for tasks to queue
[2024-10-03T08:57:05.164+0000] {logging_mixin.py:188} INFO - [2024-10-03T08:57:05.163+0000] {dagbag.py:545} INFO - Filling up the DagBag from /opt/airflow/dags/.cache/pip/http/1/c/e/7/1/1ce7104a40bcf79329d989351cb80c1ad0c2688377cf11aa042ae383
[2024-10-03T08:57:05.176+0000] {processor.py:842} WARNING - No viable dags retrieved from /opt/airflow/dags/.cache/pip/http/1/c/e/7/1/1ce7104a40bcf79329d989351cb80c1ad0c2688377cf11aa042ae383
[2024-10-03T08:57:05.187+0000] {processor.py:183} INFO - Processing /opt/airflow/dags/.cache/pip/http/1/c/e/7/1/1ce7104a40bcf79329d989351cb80c1ad0c2688377cf11aa042ae383 took 0.032 seconds
