[2024-10-04T12:10:05.635+0000] {local_task_job_runner.py:120} INFO - ::group::Pre task execution logs
[2024-10-04T12:10:05.659+0000] {taskinstance.py:2076} INFO - Dependencies all met for dep_context=non-requeueable deps ti=<TaskInstance: Alex_Trigolos.task_init manual__2024-10-04T12:10:02.527053+00:00 [queued]>
[2024-10-04T12:10:05.672+0000] {taskinstance.py:2076} INFO - Dependencies all met for dep_context=requeueable deps ti=<TaskInstance: Alex_Trigolos.task_init manual__2024-10-04T12:10:02.527053+00:00 [queued]>
[2024-10-04T12:10:05.674+0000] {taskinstance.py:2306} INFO - Starting attempt 1 of 1
[2024-10-04T12:10:05.694+0000] {taskinstance.py:2330} INFO - Executing <Task(PythonOperator): task_init> on 2024-10-04 12:10:02.527053+00:00
[2024-10-04T12:10:05.708+0000] {standard_task_runner.py:64} INFO - Started process 61235 to run task
[2024-10-04T12:10:05.713+0000] {standard_task_runner.py:90} INFO - Running: ['***', 'tasks', 'run', 'Alex_Trigolos', 'task_init', 'manual__2024-10-04T12:10:02.527053+00:00', '--job-id', '823', '--raw', '--subdir', 'DAGS_FOLDER/***/dags/.ipynb_checkpoints/project-checkpoint.py', '--cfg-path', '/tmp/tmpbzetr6tl']
[2024-10-04T12:10:05.716+0000] {standard_task_runner.py:91} INFO - Job 823: Subtask task_init
[2024-10-04T12:10:05.783+0000] {task_command.py:426} INFO - Running <TaskInstance: Alex_Trigolos.task_init manual__2024-10-04T12:10:02.527053+00:00 [running]> on host 4b5f1410d111
[2024-10-04T12:10:05.887+0000] {taskinstance.py:2648} INFO - Exporting env vars: AIRFLOW_CTX_DAG_EMAIL='alexvlg34@gmail.com' AIRFLOW_CTX_DAG_OWNER='Alex Trigolos' AIRFLOW_CTX_DAG_ID='Alex_Trigolos' AIRFLOW_CTX_TASK_ID='task_init' AIRFLOW_CTX_EXECUTION_DATE='2024-10-04T12:10:02.527053+00:00' AIRFLOW_CTX_TRY_NUMBER='1' AIRFLOW_CTX_DAG_RUN_ID='manual__2024-10-04T12:10:02.527053+00:00'
[2024-10-04T12:10:05.889+0000] {taskinstance.py:430} INFO - ::endgroup::
[2024-10-04T12:10:05.911+0000] {project-checkpoint.py:99} INFO - Train pipeline started.
[2024-10-04T12:10:06.102+0000] {logging_mixin.py:188} WARNING - 2024/10/04 12:10:06 WARNING mlflow.utils.git_utils: Failed to import Git (the Git executable is probably not on your PATH), so Git SHA is not available. Error: Failed to initialize: Bad git executable.
The git executable must be specified in one of the following ways:
    - be included in your $PATH
    - be set via $GIT_PYTHON_GIT_EXECUTABLE
    - explicitly set via git.refresh(<full-path-to-git-executable>)

All git commands will error until this is rectified.

This initial message can be silenced or aggravated in the future by setting the
$GIT_PYTHON_REFRESH environment variable. Use one of the following values:
    - quiet|q|silence|s|silent|none|n|0: for no message or exception
    - warn|w|warning|log|l|1: for a warning message (logging level CRITICAL, displayed by default)
    - error|e|exception|raise|r|2: for a raised exception

Example:
    export GIT_PYTHON_REFRESH=quiet
[2024-10-04T12:10:06.181+0000] {logging_mixin.py:188} WARNING - 2024/10/04 12:10:06 INFO mlflow.tracking._tracking_service.client: 🏃 View run ursatap at: http://mlflow-service:5000/#/experiments/311195248649085697/runs/673f541cc8694654a72346227eac8dc0.
[2024-10-04T12:10:06.182+0000] {logging_mixin.py:188} WARNING - 2024/10/04 12:10:06 INFO mlflow.tracking._tracking_service.client: 🧪 View experiment at: http://mlflow-service:5000/#/experiments/311195248649085697.
[2024-10-04T12:10:06.246+0000] {python.py:237} INFO - Done. Returned value was: None
[2024-10-04T12:10:06.247+0000] {taskinstance.py:441} INFO - ::group::Post task execution logs
[2024-10-04T12:10:06.260+0000] {taskinstance.py:1206} INFO - Marking task as SUCCESS. dag_id=Alex_Trigolos, task_id=task_init, run_id=manual__2024-10-04T12:10:02.527053+00:00, execution_date=20241004T121002, start_date=20241004T121005, end_date=20241004T121006
[2024-10-04T12:10:06.289+0000] {local_task_job_runner.py:243} INFO - Task exited with return code 0
[2024-10-04T12:10:06.316+0000] {taskinstance.py:3503} INFO - 1 downstream tasks scheduled from follow-on schedule check
[2024-10-04T12:10:06.319+0000] {local_task_job_runner.py:222} INFO - ::endgroup::
