[2024-10-03T08:42:02.297+0000] {processor.py:161} INFO - Started process (PID=340) to work on /opt/airflow/dags/.cache/pip/http/d/9/0/e/2/d90e2827550cb2cfcf09de24cb12f065a66a1eb24b7da8a328ebedbf
[2024-10-03T08:42:02.298+0000] {processor.py:830} INFO - Processing file /opt/airflow/dags/.cache/pip/http/d/9/0/e/2/d90e2827550cb2cfcf09de24cb12f065a66a1eb24b7da8a328ebedbf for tasks to queue
[2024-10-03T08:42:02.299+0000] {logging_mixin.py:188} INFO - [2024-10-03T08:42:02.299+0000] {dagbag.py:545} INFO - Filling up the DagBag from /opt/airflow/dags/.cache/pip/http/d/9/0/e/2/d90e2827550cb2cfcf09de24cb12f065a66a1eb24b7da8a328ebedbf
[2024-10-03T08:42:02.312+0000] {processor.py:842} WARNING - No viable dags retrieved from /opt/airflow/dags/.cache/pip/http/d/9/0/e/2/d90e2827550cb2cfcf09de24cb12f065a66a1eb24b7da8a328ebedbf
[2024-10-03T08:42:02.322+0000] {processor.py:183} INFO - Processing /opt/airflow/dags/.cache/pip/http/d/9/0/e/2/d90e2827550cb2cfcf09de24cb12f065a66a1eb24b7da8a328ebedbf took 0.029 seconds
[2024-10-03T08:42:35.563+0000] {processor.py:161} INFO - Started process (PID=582) to work on /opt/airflow/dags/.cache/pip/http/d/9/0/e/2/d90e2827550cb2cfcf09de24cb12f065a66a1eb24b7da8a328ebedbf
[2024-10-03T08:42:35.564+0000] {processor.py:830} INFO - Processing file /opt/airflow/dags/.cache/pip/http/d/9/0/e/2/d90e2827550cb2cfcf09de24cb12f065a66a1eb24b7da8a328ebedbf for tasks to queue
[2024-10-03T08:42:35.567+0000] {logging_mixin.py:188} INFO - [2024-10-03T08:42:35.567+0000] {dagbag.py:545} INFO - Filling up the DagBag from /opt/airflow/dags/.cache/pip/http/d/9/0/e/2/d90e2827550cb2cfcf09de24cb12f065a66a1eb24b7da8a328ebedbf
[2024-10-03T08:42:35.595+0000] {processor.py:842} WARNING - No viable dags retrieved from /opt/airflow/dags/.cache/pip/http/d/9/0/e/2/d90e2827550cb2cfcf09de24cb12f065a66a1eb24b7da8a328ebedbf
[2024-10-03T08:42:35.618+0000] {processor.py:183} INFO - Processing /opt/airflow/dags/.cache/pip/http/d/9/0/e/2/d90e2827550cb2cfcf09de24cb12f065a66a1eb24b7da8a328ebedbf took 0.066 seconds
[2024-10-03T08:43:08.441+0000] {processor.py:161} INFO - Started process (PID=824) to work on /opt/airflow/dags/.cache/pip/http/d/9/0/e/2/d90e2827550cb2cfcf09de24cb12f065a66a1eb24b7da8a328ebedbf
[2024-10-03T08:43:08.443+0000] {processor.py:830} INFO - Processing file /opt/airflow/dags/.cache/pip/http/d/9/0/e/2/d90e2827550cb2cfcf09de24cb12f065a66a1eb24b7da8a328ebedbf for tasks to queue
[2024-10-03T08:43:08.446+0000] {logging_mixin.py:188} INFO - [2024-10-03T08:43:08.446+0000] {dagbag.py:545} INFO - Filling up the DagBag from /opt/airflow/dags/.cache/pip/http/d/9/0/e/2/d90e2827550cb2cfcf09de24cb12f065a66a1eb24b7da8a328ebedbf
[2024-10-03T08:43:08.479+0000] {processor.py:842} WARNING - No viable dags retrieved from /opt/airflow/dags/.cache/pip/http/d/9/0/e/2/d90e2827550cb2cfcf09de24cb12f065a66a1eb24b7da8a328ebedbf
[2024-10-03T08:43:08.501+0000] {processor.py:183} INFO - Processing /opt/airflow/dags/.cache/pip/http/d/9/0/e/2/d90e2827550cb2cfcf09de24cb12f065a66a1eb24b7da8a328ebedbf took 0.073 seconds
[2024-10-03T08:43:41.415+0000] {processor.py:161} INFO - Started process (PID=1044) to work on /opt/airflow/dags/.cache/pip/http/d/9/0/e/2/d90e2827550cb2cfcf09de24cb12f065a66a1eb24b7da8a328ebedbf
[2024-10-03T08:43:41.417+0000] {processor.py:830} INFO - Processing file /opt/airflow/dags/.cache/pip/http/d/9/0/e/2/d90e2827550cb2cfcf09de24cb12f065a66a1eb24b7da8a328ebedbf for tasks to queue
[2024-10-03T08:43:41.434+0000] {logging_mixin.py:188} INFO - [2024-10-03T08:43:41.434+0000] {dagbag.py:545} INFO - Filling up the DagBag from /opt/airflow/dags/.cache/pip/http/d/9/0/e/2/d90e2827550cb2cfcf09de24cb12f065a66a1eb24b7da8a328ebedbf
[2024-10-03T08:43:41.497+0000] {processor.py:842} WARNING - No viable dags retrieved from /opt/airflow/dags/.cache/pip/http/d/9/0/e/2/d90e2827550cb2cfcf09de24cb12f065a66a1eb24b7da8a328ebedbf
[2024-10-03T08:43:41.519+0000] {processor.py:183} INFO - Processing /opt/airflow/dags/.cache/pip/http/d/9/0/e/2/d90e2827550cb2cfcf09de24cb12f065a66a1eb24b7da8a328ebedbf took 0.110 seconds
[2024-10-03T08:44:14.058+0000] {processor.py:161} INFO - Started process (PID=1307) to work on /opt/airflow/dags/.cache/pip/http/d/9/0/e/2/d90e2827550cb2cfcf09de24cb12f065a66a1eb24b7da8a328ebedbf
[2024-10-03T08:44:14.059+0000] {processor.py:830} INFO - Processing file /opt/airflow/dags/.cache/pip/http/d/9/0/e/2/d90e2827550cb2cfcf09de24cb12f065a66a1eb24b7da8a328ebedbf for tasks to queue
[2024-10-03T08:44:14.061+0000] {logging_mixin.py:188} INFO - [2024-10-03T08:44:14.060+0000] {dagbag.py:545} INFO - Filling up the DagBag from /opt/airflow/dags/.cache/pip/http/d/9/0/e/2/d90e2827550cb2cfcf09de24cb12f065a66a1eb24b7da8a328ebedbf
[2024-10-03T08:44:14.108+0000] {processor.py:842} WARNING - No viable dags retrieved from /opt/airflow/dags/.cache/pip/http/d/9/0/e/2/d90e2827550cb2cfcf09de24cb12f065a66a1eb24b7da8a328ebedbf
[2024-10-03T08:44:14.130+0000] {processor.py:183} INFO - Processing /opt/airflow/dags/.cache/pip/http/d/9/0/e/2/d90e2827550cb2cfcf09de24cb12f065a66a1eb24b7da8a328ebedbf took 0.077 seconds
[2024-10-03T08:44:44.496+0000] {processor.py:161} INFO - Started process (PID=1524) to work on /opt/airflow/dags/.cache/pip/http/d/9/0/e/2/d90e2827550cb2cfcf09de24cb12f065a66a1eb24b7da8a328ebedbf
[2024-10-03T08:44:44.498+0000] {processor.py:830} INFO - Processing file /opt/airflow/dags/.cache/pip/http/d/9/0/e/2/d90e2827550cb2cfcf09de24cb12f065a66a1eb24b7da8a328ebedbf for tasks to queue
[2024-10-03T08:44:44.500+0000] {logging_mixin.py:188} INFO - [2024-10-03T08:44:44.500+0000] {dagbag.py:545} INFO - Filling up the DagBag from /opt/airflow/dags/.cache/pip/http/d/9/0/e/2/d90e2827550cb2cfcf09de24cb12f065a66a1eb24b7da8a328ebedbf
[2024-10-03T08:44:44.537+0000] {processor.py:842} WARNING - No viable dags retrieved from /opt/airflow/dags/.cache/pip/http/d/9/0/e/2/d90e2827550cb2cfcf09de24cb12f065a66a1eb24b7da8a328ebedbf
[2024-10-03T08:44:44.555+0000] {processor.py:183} INFO - Processing /opt/airflow/dags/.cache/pip/http/d/9/0/e/2/d90e2827550cb2cfcf09de24cb12f065a66a1eb24b7da8a328ebedbf took 0.067 seconds
[2024-10-03T08:45:18.985+0000] {processor.py:161} INFO - Started process (PID=1772) to work on /opt/airflow/dags/.cache/pip/http/d/9/0/e/2/d90e2827550cb2cfcf09de24cb12f065a66a1eb24b7da8a328ebedbf
[2024-10-03T08:45:18.987+0000] {processor.py:830} INFO - Processing file /opt/airflow/dags/.cache/pip/http/d/9/0/e/2/d90e2827550cb2cfcf09de24cb12f065a66a1eb24b7da8a328ebedbf for tasks to queue
[2024-10-03T08:45:18.991+0000] {logging_mixin.py:188} INFO - [2024-10-03T08:45:18.990+0000] {dagbag.py:545} INFO - Filling up the DagBag from /opt/airflow/dags/.cache/pip/http/d/9/0/e/2/d90e2827550cb2cfcf09de24cb12f065a66a1eb24b7da8a328ebedbf
[2024-10-03T08:45:19.041+0000] {processor.py:842} WARNING - No viable dags retrieved from /opt/airflow/dags/.cache/pip/http/d/9/0/e/2/d90e2827550cb2cfcf09de24cb12f065a66a1eb24b7da8a328ebedbf
[2024-10-03T08:45:19.074+0000] {processor.py:183} INFO - Processing /opt/airflow/dags/.cache/pip/http/d/9/0/e/2/d90e2827550cb2cfcf09de24cb12f065a66a1eb24b7da8a328ebedbf took 0.101 seconds
[2024-10-03T08:45:50.430+0000] {processor.py:161} INFO - Started process (PID=2011) to work on /opt/airflow/dags/.cache/pip/http/d/9/0/e/2/d90e2827550cb2cfcf09de24cb12f065a66a1eb24b7da8a328ebedbf
[2024-10-03T08:45:50.431+0000] {processor.py:830} INFO - Processing file /opt/airflow/dags/.cache/pip/http/d/9/0/e/2/d90e2827550cb2cfcf09de24cb12f065a66a1eb24b7da8a328ebedbf for tasks to queue
[2024-10-03T08:45:50.436+0000] {logging_mixin.py:188} INFO - [2024-10-03T08:45:50.435+0000] {dagbag.py:545} INFO - Filling up the DagBag from /opt/airflow/dags/.cache/pip/http/d/9/0/e/2/d90e2827550cb2cfcf09de24cb12f065a66a1eb24b7da8a328ebedbf
[2024-10-03T08:45:50.520+0000] {processor.py:842} WARNING - No viable dags retrieved from /opt/airflow/dags/.cache/pip/http/d/9/0/e/2/d90e2827550cb2cfcf09de24cb12f065a66a1eb24b7da8a328ebedbf
[2024-10-03T08:45:50.541+0000] {processor.py:183} INFO - Processing /opt/airflow/dags/.cache/pip/http/d/9/0/e/2/d90e2827550cb2cfcf09de24cb12f065a66a1eb24b7da8a328ebedbf took 0.121 seconds
[2024-10-03T08:46:22.419+0000] {processor.py:161} INFO - Started process (PID=2255) to work on /opt/airflow/dags/.cache/pip/http/d/9/0/e/2/d90e2827550cb2cfcf09de24cb12f065a66a1eb24b7da8a328ebedbf
[2024-10-03T08:46:22.420+0000] {processor.py:830} INFO - Processing file /opt/airflow/dags/.cache/pip/http/d/9/0/e/2/d90e2827550cb2cfcf09de24cb12f065a66a1eb24b7da8a328ebedbf for tasks to queue
[2024-10-03T08:46:22.423+0000] {logging_mixin.py:188} INFO - [2024-10-03T08:46:22.423+0000] {dagbag.py:545} INFO - Filling up the DagBag from /opt/airflow/dags/.cache/pip/http/d/9/0/e/2/d90e2827550cb2cfcf09de24cb12f065a66a1eb24b7da8a328ebedbf
[2024-10-03T08:46:22.467+0000] {processor.py:842} WARNING - No viable dags retrieved from /opt/airflow/dags/.cache/pip/http/d/9/0/e/2/d90e2827550cb2cfcf09de24cb12f065a66a1eb24b7da8a328ebedbf
[2024-10-03T08:46:22.492+0000] {processor.py:183} INFO - Processing /opt/airflow/dags/.cache/pip/http/d/9/0/e/2/d90e2827550cb2cfcf09de24cb12f065a66a1eb24b7da8a328ebedbf took 0.081 seconds
[2024-10-03T08:47:12.558+0000] {processor.py:161} INFO - Started process (PID=2524) to work on /opt/airflow/dags/.cache/pip/http/d/9/0/e/2/d90e2827550cb2cfcf09de24cb12f065a66a1eb24b7da8a328ebedbf
[2024-10-03T08:47:12.561+0000] {processor.py:830} INFO - Processing file /opt/airflow/dags/.cache/pip/http/d/9/0/e/2/d90e2827550cb2cfcf09de24cb12f065a66a1eb24b7da8a328ebedbf for tasks to queue
[2024-10-03T08:47:12.564+0000] {logging_mixin.py:188} INFO - [2024-10-03T08:47:12.563+0000] {dagbag.py:545} INFO - Filling up the DagBag from /opt/airflow/dags/.cache/pip/http/d/9/0/e/2/d90e2827550cb2cfcf09de24cb12f065a66a1eb24b7da8a328ebedbf
[2024-10-03T08:47:12.609+0000] {processor.py:842} WARNING - No viable dags retrieved from /opt/airflow/dags/.cache/pip/http/d/9/0/e/2/d90e2827550cb2cfcf09de24cb12f065a66a1eb24b7da8a328ebedbf
[2024-10-03T08:47:12.637+0000] {processor.py:183} INFO - Processing /opt/airflow/dags/.cache/pip/http/d/9/0/e/2/d90e2827550cb2cfcf09de24cb12f065a66a1eb24b7da8a328ebedbf took 0.090 seconds
[2024-10-03T08:47:46.136+0000] {processor.py:161} INFO - Started process (PID=2764) to work on /opt/airflow/dags/.cache/pip/http/d/9/0/e/2/d90e2827550cb2cfcf09de24cb12f065a66a1eb24b7da8a328ebedbf
[2024-10-03T08:47:46.138+0000] {processor.py:830} INFO - Processing file /opt/airflow/dags/.cache/pip/http/d/9/0/e/2/d90e2827550cb2cfcf09de24cb12f065a66a1eb24b7da8a328ebedbf for tasks to queue
[2024-10-03T08:47:46.142+0000] {logging_mixin.py:188} INFO - [2024-10-03T08:47:46.141+0000] {dagbag.py:545} INFO - Filling up the DagBag from /opt/airflow/dags/.cache/pip/http/d/9/0/e/2/d90e2827550cb2cfcf09de24cb12f065a66a1eb24b7da8a328ebedbf
[2024-10-03T08:47:46.199+0000] {processor.py:842} WARNING - No viable dags retrieved from /opt/airflow/dags/.cache/pip/http/d/9/0/e/2/d90e2827550cb2cfcf09de24cb12f065a66a1eb24b7da8a328ebedbf
[2024-10-03T08:47:46.221+0000] {processor.py:183} INFO - Processing /opt/airflow/dags/.cache/pip/http/d/9/0/e/2/d90e2827550cb2cfcf09de24cb12f065a66a1eb24b7da8a328ebedbf took 0.094 seconds
[2024-10-03T08:48:20.365+0000] {processor.py:161} INFO - Started process (PID=3014) to work on /opt/airflow/dags/.cache/pip/http/d/9/0/e/2/d90e2827550cb2cfcf09de24cb12f065a66a1eb24b7da8a328ebedbf
[2024-10-03T08:48:20.368+0000] {processor.py:830} INFO - Processing file /opt/airflow/dags/.cache/pip/http/d/9/0/e/2/d90e2827550cb2cfcf09de24cb12f065a66a1eb24b7da8a328ebedbf for tasks to queue
[2024-10-03T08:48:20.372+0000] {logging_mixin.py:188} INFO - [2024-10-03T08:48:20.372+0000] {dagbag.py:545} INFO - Filling up the DagBag from /opt/airflow/dags/.cache/pip/http/d/9/0/e/2/d90e2827550cb2cfcf09de24cb12f065a66a1eb24b7da8a328ebedbf
[2024-10-03T08:48:20.529+0000] {processor.py:842} WARNING - No viable dags retrieved from /opt/airflow/dags/.cache/pip/http/d/9/0/e/2/d90e2827550cb2cfcf09de24cb12f065a66a1eb24b7da8a328ebedbf
[2024-10-03T08:48:20.556+0000] {processor.py:183} INFO - Processing /opt/airflow/dags/.cache/pip/http/d/9/0/e/2/d90e2827550cb2cfcf09de24cb12f065a66a1eb24b7da8a328ebedbf took 0.203 seconds
[2024-10-03T08:48:51.122+0000] {processor.py:161} INFO - Started process (PID=3254) to work on /opt/airflow/dags/.cache/pip/http/d/9/0/e/2/d90e2827550cb2cfcf09de24cb12f065a66a1eb24b7da8a328ebedbf
[2024-10-03T08:48:51.123+0000] {processor.py:830} INFO - Processing file /opt/airflow/dags/.cache/pip/http/d/9/0/e/2/d90e2827550cb2cfcf09de24cb12f065a66a1eb24b7da8a328ebedbf for tasks to queue
[2024-10-03T08:48:51.124+0000] {logging_mixin.py:188} INFO - [2024-10-03T08:48:51.124+0000] {dagbag.py:545} INFO - Filling up the DagBag from /opt/airflow/dags/.cache/pip/http/d/9/0/e/2/d90e2827550cb2cfcf09de24cb12f065a66a1eb24b7da8a328ebedbf
[2024-10-03T08:48:51.161+0000] {processor.py:842} WARNING - No viable dags retrieved from /opt/airflow/dags/.cache/pip/http/d/9/0/e/2/d90e2827550cb2cfcf09de24cb12f065a66a1eb24b7da8a328ebedbf
[2024-10-03T08:48:51.175+0000] {processor.py:183} INFO - Processing /opt/airflow/dags/.cache/pip/http/d/9/0/e/2/d90e2827550cb2cfcf09de24cb12f065a66a1eb24b7da8a328ebedbf took 0.058 seconds
[2024-10-03T08:49:23.065+0000] {processor.py:161} INFO - Started process (PID=3498) to work on /opt/airflow/dags/.cache/pip/http/d/9/0/e/2/d90e2827550cb2cfcf09de24cb12f065a66a1eb24b7da8a328ebedbf
[2024-10-03T08:49:23.066+0000] {processor.py:830} INFO - Processing file /opt/airflow/dags/.cache/pip/http/d/9/0/e/2/d90e2827550cb2cfcf09de24cb12f065a66a1eb24b7da8a328ebedbf for tasks to queue
[2024-10-03T08:49:23.068+0000] {logging_mixin.py:188} INFO - [2024-10-03T08:49:23.067+0000] {dagbag.py:545} INFO - Filling up the DagBag from /opt/airflow/dags/.cache/pip/http/d/9/0/e/2/d90e2827550cb2cfcf09de24cb12f065a66a1eb24b7da8a328ebedbf
[2024-10-03T08:49:23.091+0000] {processor.py:842} WARNING - No viable dags retrieved from /opt/airflow/dags/.cache/pip/http/d/9/0/e/2/d90e2827550cb2cfcf09de24cb12f065a66a1eb24b7da8a328ebedbf
[2024-10-03T08:49:23.102+0000] {processor.py:183} INFO - Processing /opt/airflow/dags/.cache/pip/http/d/9/0/e/2/d90e2827550cb2cfcf09de24cb12f065a66a1eb24b7da8a328ebedbf took 0.045 seconds
[2024-10-03T08:49:56.619+0000] {processor.py:161} INFO - Started process (PID=3741) to work on /opt/airflow/dags/.cache/pip/http/d/9/0/e/2/d90e2827550cb2cfcf09de24cb12f065a66a1eb24b7da8a328ebedbf
[2024-10-03T08:49:56.620+0000] {processor.py:830} INFO - Processing file /opt/airflow/dags/.cache/pip/http/d/9/0/e/2/d90e2827550cb2cfcf09de24cb12f065a66a1eb24b7da8a328ebedbf for tasks to queue
[2024-10-03T08:49:56.622+0000] {logging_mixin.py:188} INFO - [2024-10-03T08:49:56.621+0000] {dagbag.py:545} INFO - Filling up the DagBag from /opt/airflow/dags/.cache/pip/http/d/9/0/e/2/d90e2827550cb2cfcf09de24cb12f065a66a1eb24b7da8a328ebedbf
[2024-10-03T08:49:56.650+0000] {processor.py:842} WARNING - No viable dags retrieved from /opt/airflow/dags/.cache/pip/http/d/9/0/e/2/d90e2827550cb2cfcf09de24cb12f065a66a1eb24b7da8a328ebedbf
[2024-10-03T08:49:56.660+0000] {processor.py:183} INFO - Processing /opt/airflow/dags/.cache/pip/http/d/9/0/e/2/d90e2827550cb2cfcf09de24cb12f065a66a1eb24b7da8a328ebedbf took 0.046 seconds
[2024-10-03T08:50:28.423+0000] {processor.py:161} INFO - Started process (PID=3983) to work on /opt/airflow/dags/.cache/pip/http/d/9/0/e/2/d90e2827550cb2cfcf09de24cb12f065a66a1eb24b7da8a328ebedbf
[2024-10-03T08:50:28.424+0000] {processor.py:830} INFO - Processing file /opt/airflow/dags/.cache/pip/http/d/9/0/e/2/d90e2827550cb2cfcf09de24cb12f065a66a1eb24b7da8a328ebedbf for tasks to queue
[2024-10-03T08:50:28.426+0000] {logging_mixin.py:188} INFO - [2024-10-03T08:50:28.426+0000] {dagbag.py:545} INFO - Filling up the DagBag from /opt/airflow/dags/.cache/pip/http/d/9/0/e/2/d90e2827550cb2cfcf09de24cb12f065a66a1eb24b7da8a328ebedbf
[2024-10-03T08:50:28.442+0000] {processor.py:842} WARNING - No viable dags retrieved from /opt/airflow/dags/.cache/pip/http/d/9/0/e/2/d90e2827550cb2cfcf09de24cb12f065a66a1eb24b7da8a328ebedbf
[2024-10-03T08:50:28.452+0000] {processor.py:183} INFO - Processing /opt/airflow/dags/.cache/pip/http/d/9/0/e/2/d90e2827550cb2cfcf09de24cb12f065a66a1eb24b7da8a328ebedbf took 0.034 seconds
[2024-10-03T08:56:30.736+0000] {processor.py:161} INFO - Started process (PID=4366) to work on /opt/airflow/dags/.cache/pip/http/d/9/0/e/2/d90e2827550cb2cfcf09de24cb12f065a66a1eb24b7da8a328ebedbf
[2024-10-03T08:56:30.736+0000] {processor.py:830} INFO - Processing file /opt/airflow/dags/.cache/pip/http/d/9/0/e/2/d90e2827550cb2cfcf09de24cb12f065a66a1eb24b7da8a328ebedbf for tasks to queue
[2024-10-03T08:56:30.737+0000] {logging_mixin.py:188} INFO - [2024-10-03T08:56:30.737+0000] {dagbag.py:545} INFO - Filling up the DagBag from /opt/airflow/dags/.cache/pip/http/d/9/0/e/2/d90e2827550cb2cfcf09de24cb12f065a66a1eb24b7da8a328ebedbf
[2024-10-03T08:56:30.750+0000] {processor.py:842} WARNING - No viable dags retrieved from /opt/airflow/dags/.cache/pip/http/d/9/0/e/2/d90e2827550cb2cfcf09de24cb12f065a66a1eb24b7da8a328ebedbf
[2024-10-03T08:56:30.762+0000] {processor.py:183} INFO - Processing /opt/airflow/dags/.cache/pip/http/d/9/0/e/2/d90e2827550cb2cfcf09de24cb12f065a66a1eb24b7da8a328ebedbf took 0.033 seconds
[2024-10-03T08:57:02.779+0000] {processor.py:161} INFO - Started process (PID=4616) to work on /opt/airflow/dags/.cache/pip/http/d/9/0/e/2/d90e2827550cb2cfcf09de24cb12f065a66a1eb24b7da8a328ebedbf
[2024-10-03T08:57:02.788+0000] {processor.py:830} INFO - Processing file /opt/airflow/dags/.cache/pip/http/d/9/0/e/2/d90e2827550cb2cfcf09de24cb12f065a66a1eb24b7da8a328ebedbf for tasks to queue
[2024-10-03T08:57:02.790+0000] {logging_mixin.py:188} INFO - [2024-10-03T08:57:02.789+0000] {dagbag.py:545} INFO - Filling up the DagBag from /opt/airflow/dags/.cache/pip/http/d/9/0/e/2/d90e2827550cb2cfcf09de24cb12f065a66a1eb24b7da8a328ebedbf
[2024-10-03T08:57:02.812+0000] {processor.py:842} WARNING - No viable dags retrieved from /opt/airflow/dags/.cache/pip/http/d/9/0/e/2/d90e2827550cb2cfcf09de24cb12f065a66a1eb24b7da8a328ebedbf
[2024-10-03T08:57:02.823+0000] {processor.py:183} INFO - Processing /opt/airflow/dags/.cache/pip/http/d/9/0/e/2/d90e2827550cb2cfcf09de24cb12f065a66a1eb24b7da8a328ebedbf took 0.052 seconds
