[2024-09-24T18:56:28.033+0000] {local_task_job_runner.py:120} INFO - ::group::Pre task execution logs
[2024-09-24T18:56:28.046+0000] {taskinstance.py:2076} INFO - Dependencies all met for dep_context=non-requeueable deps ti=<TaskInstance: decision_tree_classifier_dag.dtc_save_metrics_to_s3 manual__2024-09-24T18:56:16.066939+00:00 [queued]>
[2024-09-24T18:56:28.053+0000] {taskinstance.py:2076} INFO - Dependencies all met for dep_context=requeueable deps ti=<TaskInstance: decision_tree_classifier_dag.dtc_save_metrics_to_s3 manual__2024-09-24T18:56:16.066939+00:00 [queued]>
[2024-09-24T18:56:28.055+0000] {taskinstance.py:2306} INFO - Starting attempt 1 of 1
[2024-09-24T18:56:28.067+0000] {taskinstance.py:2330} INFO - Executing <Task(PythonOperator): dtc_save_metrics_to_s3> on 2024-09-24 18:56:16.066939+00:00
[2024-09-24T18:56:28.075+0000] {standard_task_runner.py:64} INFO - Started process 49799 to run task
[2024-09-24T18:56:28.077+0000] {standard_task_runner.py:90} INFO - Running: ['***', 'tasks', 'run', 'decision_tree_classifier_dag', 'dtc_save_metrics_to_s3', 'manual__2024-09-24T18:56:16.066939+00:00', '--job-id', '491', '--raw', '--subdir', 'DAGS_FOLDER/***/dags/.ipynb_checkpoints/hw1-checkpoint.py', '--cfg-path', '/tmp/tmp1yyz10io']
[2024-09-24T18:56:28.079+0000] {standard_task_runner.py:91} INFO - Job 491: Subtask dtc_save_metrics_to_s3
[2024-09-24T18:56:28.127+0000] {task_command.py:426} INFO - Running <TaskInstance: decision_tree_classifier_dag.dtc_save_metrics_to_s3 manual__2024-09-24T18:56:16.066939+00:00 [running]> on host 82997fc6deb7
[2024-09-24T18:56:28.219+0000] {taskinstance.py:2648} INFO - Exporting env vars: AIRFLOW_CTX_DAG_EMAIL='alexvlg34@gmail.com' AIRFLOW_CTX_DAG_OWNER='Alex Trigolos' AIRFLOW_CTX_DAG_ID='decision_tree_classifier_dag' AIRFLOW_CTX_TASK_ID='dtc_save_metrics_to_s3' AIRFLOW_CTX_EXECUTION_DATE='2024-09-24T18:56:16.066939+00:00' AIRFLOW_CTX_TRY_NUMBER='1' AIRFLOW_CTX_DAG_RUN_ID='manual__2024-09-24T18:56:16.066939+00:00'
[2024-09-24T18:56:28.222+0000] {taskinstance.py:430} INFO - ::endgroup::
[2024-09-24T18:56:28.233+0000] {hw1-checkpoint.py:175} INFO - Save metrics...
[2024-09-24T18:56:28.329+0000] {base.py:84} INFO - Using connection ID 's3_connection' for task execution.
[2024-09-24T18:56:28.330+0000] {connection_wrapper.py:388} INFO - AWS Connection (conn_id='s3_connection', conn_type='aws') credentials retrieved from login and password.
[2024-09-24T18:56:28.811+0000] {hw1-checkpoint.py:202} INFO - DONE!!!
[2024-09-24T18:56:28.813+0000] {python.py:237} INFO - Done. Returned value was: None
[2024-09-24T18:56:28.813+0000] {taskinstance.py:441} INFO - ::group::Post task execution logs
[2024-09-24T18:56:28.822+0000] {taskinstance.py:1206} INFO - Marking task as SUCCESS. dag_id=decision_tree_classifier_dag, task_id=dtc_save_metrics_to_s3, run_id=manual__2024-09-24T18:56:16.066939+00:00, execution_date=20240924T185616, start_date=20240924T185628, end_date=20240924T185628
[2024-09-24T18:56:28.853+0000] {local_task_job_runner.py:243} INFO - Task exited with return code 0
[2024-09-24T18:56:28.865+0000] {taskinstance.py:3503} INFO - 0 downstream tasks scheduled from follow-on schedule check
[2024-09-24T18:56:28.867+0000] {local_task_job_runner.py:222} INFO - ::endgroup::
