[2024-09-24T18:56:24.343+0000] {local_task_job_runner.py:120} INFO - ::group::Pre task execution logs
[2024-09-24T18:56:24.356+0000] {taskinstance.py:2076} INFO - Dependencies all met for dep_context=non-requeueable deps ti=<TaskInstance: gradient_boosting_classifier_dag.gbc_prepare_data manual__2024-09-24T18:56:18.755545+00:00 [queued]>
[2024-09-24T18:56:24.363+0000] {taskinstance.py:2076} INFO - Dependencies all met for dep_context=requeueable deps ti=<TaskInstance: gradient_boosting_classifier_dag.gbc_prepare_data manual__2024-09-24T18:56:18.755545+00:00 [queued]>
[2024-09-24T18:56:24.364+0000] {taskinstance.py:2306} INFO - Starting attempt 1 of 1
[2024-09-24T18:56:24.374+0000] {taskinstance.py:2330} INFO - Executing <Task(PythonOperator): gbc_prepare_data> on 2024-09-24 18:56:18.755545+00:00
[2024-09-24T18:56:24.383+0000] {standard_task_runner.py:64} INFO - Started process 49695 to run task
[2024-09-24T18:56:24.385+0000] {standard_task_runner.py:90} INFO - Running: ['***', 'tasks', 'run', 'gradient_boosting_classifier_dag', 'gbc_prepare_data', 'manual__2024-09-24T18:56:18.755545+00:00', '--job-id', '486', '--raw', '--subdir', 'DAGS_FOLDER/***/dags/.ipynb_checkpoints/hw1-checkpoint.py', '--cfg-path', '/tmp/tmpuev0bbk_']
[2024-09-24T18:56:24.387+0000] {standard_task_runner.py:91} INFO - Job 486: Subtask gbc_prepare_data
[2024-09-24T18:56:24.426+0000] {task_command.py:426} INFO - Running <TaskInstance: gradient_boosting_classifier_dag.gbc_prepare_data manual__2024-09-24T18:56:18.755545+00:00 [running]> on host 82997fc6deb7
[2024-09-24T18:56:24.493+0000] {taskinstance.py:2648} INFO - Exporting env vars: AIRFLOW_CTX_DAG_EMAIL='alexvlg34@gmail.com' AIRFLOW_CTX_DAG_OWNER='Alex Trigolos' AIRFLOW_CTX_DAG_ID='gradient_boosting_classifier_dag' AIRFLOW_CTX_TASK_ID='gbc_prepare_data' AIRFLOW_CTX_EXECUTION_DATE='2024-09-24T18:56:18.755545+00:00' AIRFLOW_CTX_TRY_NUMBER='1' AIRFLOW_CTX_DAG_RUN_ID='manual__2024-09-24T18:56:18.755545+00:00'
[2024-09-24T18:56:24.494+0000] {taskinstance.py:430} INFO - ::endgroup::
[2024-09-24T18:56:24.502+0000] {hw1-checkpoint.py:115} INFO - Prepare data...
[2024-09-24T18:56:24.503+0000] {s3.py:1422} INFO - Downloading source S3 file from Bucket testmlops with path AlexTrigolos/GradientBoostingClassifier/datasets/dataset.pkl
[2024-09-24T18:56:24.511+0000] {base.py:84} INFO - Using connection ID 's3_connection' for task execution.
[2024-09-24T18:56:24.512+0000] {connection_wrapper.py:388} INFO - AWS Connection (conn_id='s3_connection', conn_type='aws') credentials retrieved from login and password.
[2024-09-24T18:56:24.859+0000] {hw1-checkpoint.py:86} INFO - /tmp/***_tmp_sfvf8hgv
[2024-09-24T18:56:24.929+0000] {base.py:84} INFO - Using connection ID 's3_connection' for task execution.
[2024-09-24T18:56:24.930+0000] {connection_wrapper.py:388} INFO - AWS Connection (conn_id='s3_connection', conn_type='aws') credentials retrieved from login and password.
[2024-09-24T18:56:25.283+0000] {base.py:84} INFO - Using connection ID 's3_connection' for task execution.
[2024-09-24T18:56:25.284+0000] {connection_wrapper.py:388} INFO - AWS Connection (conn_id='s3_connection', conn_type='aws') credentials retrieved from login and password.
[2024-09-24T18:56:25.435+0000] {base.py:84} INFO - Using connection ID 's3_connection' for task execution.
[2024-09-24T18:56:25.436+0000] {connection_wrapper.py:388} INFO - AWS Connection (conn_id='s3_connection', conn_type='aws') credentials retrieved from login and password.
[2024-09-24T18:56:25.593+0000] {base.py:84} INFO - Using connection ID 's3_connection' for task execution.
[2024-09-24T18:56:25.595+0000] {connection_wrapper.py:388} INFO - AWS Connection (conn_id='s3_connection', conn_type='aws') credentials retrieved from login and password.
[2024-09-24T18:56:25.932+0000] {hw1-checkpoint.py:141} INFO - Prepared data.
[2024-09-24T18:56:25.933+0000] {python.py:237} INFO - Done. Returned value was: None
[2024-09-24T18:56:25.934+0000] {taskinstance.py:441} INFO - ::group::Post task execution logs
[2024-09-24T18:56:25.943+0000] {taskinstance.py:1206} INFO - Marking task as SUCCESS. dag_id=gradient_boosting_classifier_dag, task_id=gbc_prepare_data, run_id=manual__2024-09-24T18:56:18.755545+00:00, execution_date=20240924T185618, start_date=20240924T185624, end_date=20240924T185625
[2024-09-24T18:56:26.004+0000] {local_task_job_runner.py:243} INFO - Task exited with return code 0
[2024-09-24T18:56:26.014+0000] {local_task_job_runner.py:222} INFO - ::endgroup::
