[2024-09-24T18:57:16.457+0000] {local_task_job_runner.py:120} INFO - ::group::Pre task execution logs
[2024-09-24T18:57:16.474+0000] {taskinstance.py:2076} INFO - Dependencies all met for dep_context=non-requeueable deps ti=<TaskInstance: random_forest_classifier_dag.rfc_save_metrics_to_s3 manual__2024-09-24T18:57:03.907079+00:00 [queued]>
[2024-09-24T18:57:16.481+0000] {taskinstance.py:2076} INFO - Dependencies all met for dep_context=requeueable deps ti=<TaskInstance: random_forest_classifier_dag.rfc_save_metrics_to_s3 manual__2024-09-24T18:57:03.907079+00:00 [queued]>
[2024-09-24T18:57:16.484+0000] {taskinstance.py:2306} INFO - Starting attempt 1 of 1
[2024-09-24T18:57:16.494+0000] {taskinstance.py:2330} INFO - Executing <Task(PythonOperator): rfc_save_metrics_to_s3> on 2024-09-24 18:57:03.907079+00:00
[2024-09-24T18:57:16.504+0000] {standard_task_runner.py:64} INFO - Started process 50475 to run task
[2024-09-24T18:57:16.507+0000] {standard_task_runner.py:90} INFO - Running: ['***', 'tasks', 'run', 'random_forest_classifier_dag', 'rfc_save_metrics_to_s3', 'manual__2024-09-24T18:57:03.907079+00:00', '--job-id', '508', '--raw', '--subdir', 'DAGS_FOLDER/***/dags/.ipynb_checkpoints/hw1-checkpoint.py', '--cfg-path', '/tmp/tmpfctwlx0x']
[2024-09-24T18:57:16.510+0000] {standard_task_runner.py:91} INFO - Job 508: Subtask rfc_save_metrics_to_s3
[2024-09-24T18:57:16.550+0000] {task_command.py:426} INFO - Running <TaskInstance: random_forest_classifier_dag.rfc_save_metrics_to_s3 manual__2024-09-24T18:57:03.907079+00:00 [running]> on host 82997fc6deb7
[2024-09-24T18:57:16.621+0000] {taskinstance.py:2648} INFO - Exporting env vars: AIRFLOW_CTX_DAG_EMAIL='alexvlg34@gmail.com' AIRFLOW_CTX_DAG_OWNER='Alex Trigolos' AIRFLOW_CTX_DAG_ID='random_forest_classifier_dag' AIRFLOW_CTX_TASK_ID='rfc_save_metrics_to_s3' AIRFLOW_CTX_EXECUTION_DATE='2024-09-24T18:57:03.907079+00:00' AIRFLOW_CTX_TRY_NUMBER='1' AIRFLOW_CTX_DAG_RUN_ID='manual__2024-09-24T18:57:03.907079+00:00'
[2024-09-24T18:57:16.622+0000] {taskinstance.py:430} INFO - ::endgroup::
[2024-09-24T18:57:16.630+0000] {hw1-checkpoint.py:175} INFO - Save metrics...
[2024-09-24T18:57:16.720+0000] {base.py:84} INFO - Using connection ID 's3_connection' for task execution.
[2024-09-24T18:57:16.722+0000] {connection_wrapper.py:388} INFO - AWS Connection (conn_id='s3_connection', conn_type='aws') credentials retrieved from login and password.
[2024-09-24T18:57:17.201+0000] {hw1-checkpoint.py:202} INFO - DONE!!!
[2024-09-24T18:57:17.203+0000] {python.py:237} INFO - Done. Returned value was: None
[2024-09-24T18:57:17.203+0000] {taskinstance.py:441} INFO - ::group::Post task execution logs
[2024-09-24T18:57:17.211+0000] {taskinstance.py:1206} INFO - Marking task as SUCCESS. dag_id=random_forest_classifier_dag, task_id=rfc_save_metrics_to_s3, run_id=manual__2024-09-24T18:57:03.907079+00:00, execution_date=20240924T185703, start_date=20240924T185716, end_date=20240924T185717
[2024-09-24T18:57:17.244+0000] {local_task_job_runner.py:243} INFO - Task exited with return code 0
[2024-09-24T18:57:17.257+0000] {taskinstance.py:3503} INFO - 0 downstream tasks scheduled from follow-on schedule check
[2024-09-24T18:57:17.260+0000] {local_task_job_runner.py:222} INFO - ::endgroup::
