[2024-09-24T20:22:10.249+0000] {processor.py:161} INFO - Started process (PID=437) to work on /opt/airflow/dags/.cache/pip/http/8/4/2/7/8/84278d55b22329a6a5669e8ffc1027d615da8bab10c97b677326fde2
[2024-09-24T20:22:10.250+0000] {processor.py:830} INFO - Processing file /opt/airflow/dags/.cache/pip/http/8/4/2/7/8/84278d55b22329a6a5669e8ffc1027d615da8bab10c97b677326fde2 for tasks to queue
[2024-09-24T20:22:10.252+0000] {logging_mixin.py:188} INFO - [2024-09-24T20:22:10.252+0000] {dagbag.py:545} INFO - Filling up the DagBag from /opt/airflow/dags/.cache/pip/http/8/4/2/7/8/84278d55b22329a6a5669e8ffc1027d615da8bab10c97b677326fde2
[2024-09-24T20:22:10.336+0000] {processor.py:842} WARNING - No viable dags retrieved from /opt/airflow/dags/.cache/pip/http/8/4/2/7/8/84278d55b22329a6a5669e8ffc1027d615da8bab10c97b677326fde2
[2024-09-24T20:22:10.362+0000] {processor.py:183} INFO - Processing /opt/airflow/dags/.cache/pip/http/8/4/2/7/8/84278d55b22329a6a5669e8ffc1027d615da8bab10c97b677326fde2 took 0.128 seconds
[2024-09-24T20:22:43.937+0000] {processor.py:161} INFO - Started process (PID=711) to work on /opt/airflow/dags/.cache/pip/http/8/4/2/7/8/84278d55b22329a6a5669e8ffc1027d615da8bab10c97b677326fde2
[2024-09-24T20:22:43.938+0000] {processor.py:830} INFO - Processing file /opt/airflow/dags/.cache/pip/http/8/4/2/7/8/84278d55b22329a6a5669e8ffc1027d615da8bab10c97b677326fde2 for tasks to queue
[2024-09-24T20:22:43.942+0000] {logging_mixin.py:188} INFO - [2024-09-24T20:22:43.941+0000] {dagbag.py:545} INFO - Filling up the DagBag from /opt/airflow/dags/.cache/pip/http/8/4/2/7/8/84278d55b22329a6a5669e8ffc1027d615da8bab10c97b677326fde2
[2024-09-24T20:22:44.011+0000] {processor.py:842} WARNING - No viable dags retrieved from /opt/airflow/dags/.cache/pip/http/8/4/2/7/8/84278d55b22329a6a5669e8ffc1027d615da8bab10c97b677326fde2
[2024-09-24T20:22:44.031+0000] {processor.py:183} INFO - Processing /opt/airflow/dags/.cache/pip/http/8/4/2/7/8/84278d55b22329a6a5669e8ffc1027d615da8bab10c97b677326fde2 took 0.103 seconds
[2024-09-24T20:27:57.119+0000] {processor.py:161} INFO - Started process (PID=441) to work on /opt/airflow/dags/.cache/pip/http/8/4/2/7/8/84278d55b22329a6a5669e8ffc1027d615da8bab10c97b677326fde2
[2024-09-24T20:27:57.120+0000] {processor.py:830} INFO - Processing file /opt/airflow/dags/.cache/pip/http/8/4/2/7/8/84278d55b22329a6a5669e8ffc1027d615da8bab10c97b677326fde2 for tasks to queue
[2024-09-24T20:27:57.121+0000] {logging_mixin.py:188} INFO - [2024-09-24T20:27:57.121+0000] {dagbag.py:545} INFO - Filling up the DagBag from /opt/airflow/dags/.cache/pip/http/8/4/2/7/8/84278d55b22329a6a5669e8ffc1027d615da8bab10c97b677326fde2
[2024-09-24T20:27:57.163+0000] {processor.py:842} WARNING - No viable dags retrieved from /opt/airflow/dags/.cache/pip/http/8/4/2/7/8/84278d55b22329a6a5669e8ffc1027d615da8bab10c97b677326fde2
[2024-09-24T20:27:57.175+0000] {processor.py:183} INFO - Processing /opt/airflow/dags/.cache/pip/http/8/4/2/7/8/84278d55b22329a6a5669e8ffc1027d615da8bab10c97b677326fde2 took 0.060 seconds
[2024-09-24T20:28:30.259+0000] {processor.py:161} INFO - Started process (PID=715) to work on /opt/airflow/dags/.cache/pip/http/8/4/2/7/8/84278d55b22329a6a5669e8ffc1027d615da8bab10c97b677326fde2
[2024-09-24T20:28:30.260+0000] {processor.py:830} INFO - Processing file /opt/airflow/dags/.cache/pip/http/8/4/2/7/8/84278d55b22329a6a5669e8ffc1027d615da8bab10c97b677326fde2 for tasks to queue
[2024-09-24T20:28:30.263+0000] {logging_mixin.py:188} INFO - [2024-09-24T20:28:30.261+0000] {dagbag.py:545} INFO - Filling up the DagBag from /opt/airflow/dags/.cache/pip/http/8/4/2/7/8/84278d55b22329a6a5669e8ffc1027d615da8bab10c97b677326fde2
[2024-09-24T20:28:30.314+0000] {processor.py:842} WARNING - No viable dags retrieved from /opt/airflow/dags/.cache/pip/http/8/4/2/7/8/84278d55b22329a6a5669e8ffc1027d615da8bab10c97b677326fde2
[2024-09-24T20:28:30.327+0000] {processor.py:183} INFO - Processing /opt/airflow/dags/.cache/pip/http/8/4/2/7/8/84278d55b22329a6a5669e8ffc1027d615da8bab10c97b677326fde2 took 0.072 seconds
[2024-09-24T20:29:02.261+0000] {processor.py:161} INFO - Started process (PID=989) to work on /opt/airflow/dags/.cache/pip/http/8/4/2/7/8/84278d55b22329a6a5669e8ffc1027d615da8bab10c97b677326fde2
[2024-09-24T20:29:02.262+0000] {processor.py:830} INFO - Processing file /opt/airflow/dags/.cache/pip/http/8/4/2/7/8/84278d55b22329a6a5669e8ffc1027d615da8bab10c97b677326fde2 for tasks to queue
[2024-09-24T20:29:02.263+0000] {logging_mixin.py:188} INFO - [2024-09-24T20:29:02.263+0000] {dagbag.py:545} INFO - Filling up the DagBag from /opt/airflow/dags/.cache/pip/http/8/4/2/7/8/84278d55b22329a6a5669e8ffc1027d615da8bab10c97b677326fde2
[2024-09-24T20:29:02.288+0000] {processor.py:842} WARNING - No viable dags retrieved from /opt/airflow/dags/.cache/pip/http/8/4/2/7/8/84278d55b22329a6a5669e8ffc1027d615da8bab10c97b677326fde2
[2024-09-24T20:29:02.297+0000] {processor.py:183} INFO - Processing /opt/airflow/dags/.cache/pip/http/8/4/2/7/8/84278d55b22329a6a5669e8ffc1027d615da8bab10c97b677326fde2 took 0.040 seconds
[2024-09-24T20:29:33.950+0000] {processor.py:161} INFO - Started process (PID=1263) to work on /opt/airflow/dags/.cache/pip/http/8/4/2/7/8/84278d55b22329a6a5669e8ffc1027d615da8bab10c97b677326fde2
[2024-09-24T20:29:33.951+0000] {processor.py:830} INFO - Processing file /opt/airflow/dags/.cache/pip/http/8/4/2/7/8/84278d55b22329a6a5669e8ffc1027d615da8bab10c97b677326fde2 for tasks to queue
[2024-09-24T20:29:33.952+0000] {logging_mixin.py:188} INFO - [2024-09-24T20:29:33.952+0000] {dagbag.py:545} INFO - Filling up the DagBag from /opt/airflow/dags/.cache/pip/http/8/4/2/7/8/84278d55b22329a6a5669e8ffc1027d615da8bab10c97b677326fde2
[2024-09-24T20:29:33.973+0000] {processor.py:842} WARNING - No viable dags retrieved from /opt/airflow/dags/.cache/pip/http/8/4/2/7/8/84278d55b22329a6a5669e8ffc1027d615da8bab10c97b677326fde2
[2024-09-24T20:29:33.982+0000] {processor.py:183} INFO - Processing /opt/airflow/dags/.cache/pip/http/8/4/2/7/8/84278d55b22329a6a5669e8ffc1027d615da8bab10c97b677326fde2 took 0.036 seconds
[2024-09-24T20:30:05.119+0000] {processor.py:161} INFO - Started process (PID=1537) to work on /opt/airflow/dags/.cache/pip/http/8/4/2/7/8/84278d55b22329a6a5669e8ffc1027d615da8bab10c97b677326fde2
[2024-09-24T20:30:05.120+0000] {processor.py:830} INFO - Processing file /opt/airflow/dags/.cache/pip/http/8/4/2/7/8/84278d55b22329a6a5669e8ffc1027d615da8bab10c97b677326fde2 for tasks to queue
[2024-09-24T20:30:05.121+0000] {logging_mixin.py:188} INFO - [2024-09-24T20:30:05.121+0000] {dagbag.py:545} INFO - Filling up the DagBag from /opt/airflow/dags/.cache/pip/http/8/4/2/7/8/84278d55b22329a6a5669e8ffc1027d615da8bab10c97b677326fde2
[2024-09-24T20:30:05.142+0000] {processor.py:842} WARNING - No viable dags retrieved from /opt/airflow/dags/.cache/pip/http/8/4/2/7/8/84278d55b22329a6a5669e8ffc1027d615da8bab10c97b677326fde2
[2024-09-24T20:30:05.152+0000] {processor.py:183} INFO - Processing /opt/airflow/dags/.cache/pip/http/8/4/2/7/8/84278d55b22329a6a5669e8ffc1027d615da8bab10c97b677326fde2 took 0.037 seconds
[2024-09-24T20:30:37.905+0000] {processor.py:161} INFO - Started process (PID=1811) to work on /opt/airflow/dags/.cache/pip/http/8/4/2/7/8/84278d55b22329a6a5669e8ffc1027d615da8bab10c97b677326fde2
[2024-09-24T20:30:37.906+0000] {processor.py:830} INFO - Processing file /opt/airflow/dags/.cache/pip/http/8/4/2/7/8/84278d55b22329a6a5669e8ffc1027d615da8bab10c97b677326fde2 for tasks to queue
[2024-09-24T20:30:37.908+0000] {logging_mixin.py:188} INFO - [2024-09-24T20:30:37.908+0000] {dagbag.py:545} INFO - Filling up the DagBag from /opt/airflow/dags/.cache/pip/http/8/4/2/7/8/84278d55b22329a6a5669e8ffc1027d615da8bab10c97b677326fde2
[2024-09-24T20:30:37.928+0000] {processor.py:842} WARNING - No viable dags retrieved from /opt/airflow/dags/.cache/pip/http/8/4/2/7/8/84278d55b22329a6a5669e8ffc1027d615da8bab10c97b677326fde2
[2024-09-24T20:30:37.937+0000] {processor.py:183} INFO - Processing /opt/airflow/dags/.cache/pip/http/8/4/2/7/8/84278d55b22329a6a5669e8ffc1027d615da8bab10c97b677326fde2 took 0.036 seconds
[2024-09-24T20:31:10.017+0000] {processor.py:161} INFO - Started process (PID=2085) to work on /opt/airflow/dags/.cache/pip/http/8/4/2/7/8/84278d55b22329a6a5669e8ffc1027d615da8bab10c97b677326fde2
[2024-09-24T20:31:10.018+0000] {processor.py:830} INFO - Processing file /opt/airflow/dags/.cache/pip/http/8/4/2/7/8/84278d55b22329a6a5669e8ffc1027d615da8bab10c97b677326fde2 for tasks to queue
[2024-09-24T20:31:10.020+0000] {logging_mixin.py:188} INFO - [2024-09-24T20:31:10.019+0000] {dagbag.py:545} INFO - Filling up the DagBag from /opt/airflow/dags/.cache/pip/http/8/4/2/7/8/84278d55b22329a6a5669e8ffc1027d615da8bab10c97b677326fde2
[2024-09-24T20:31:10.042+0000] {processor.py:842} WARNING - No viable dags retrieved from /opt/airflow/dags/.cache/pip/http/8/4/2/7/8/84278d55b22329a6a5669e8ffc1027d615da8bab10c97b677326fde2
[2024-09-24T20:31:10.052+0000] {processor.py:183} INFO - Processing /opt/airflow/dags/.cache/pip/http/8/4/2/7/8/84278d55b22329a6a5669e8ffc1027d615da8bab10c97b677326fde2 took 0.040 seconds
[2024-09-24T20:31:42.033+0000] {processor.py:161} INFO - Started process (PID=2358) to work on /opt/airflow/dags/.cache/pip/http/8/4/2/7/8/84278d55b22329a6a5669e8ffc1027d615da8bab10c97b677326fde2
[2024-09-24T20:31:42.034+0000] {processor.py:830} INFO - Processing file /opt/airflow/dags/.cache/pip/http/8/4/2/7/8/84278d55b22329a6a5669e8ffc1027d615da8bab10c97b677326fde2 for tasks to queue
[2024-09-24T20:31:42.039+0000] {logging_mixin.py:188} INFO - [2024-09-24T20:31:42.039+0000] {dagbag.py:545} INFO - Filling up the DagBag from /opt/airflow/dags/.cache/pip/http/8/4/2/7/8/84278d55b22329a6a5669e8ffc1027d615da8bab10c97b677326fde2
[2024-09-24T20:31:42.061+0000] {processor.py:842} WARNING - No viable dags retrieved from /opt/airflow/dags/.cache/pip/http/8/4/2/7/8/84278d55b22329a6a5669e8ffc1027d615da8bab10c97b677326fde2
[2024-09-24T20:31:42.070+0000] {processor.py:183} INFO - Processing /opt/airflow/dags/.cache/pip/http/8/4/2/7/8/84278d55b22329a6a5669e8ffc1027d615da8bab10c97b677326fde2 took 0.041 seconds
[2024-09-24T20:32:27.660+0000] {processor.py:161} INFO - Started process (PID=2638) to work on /opt/airflow/dags/.cache/pip/http/8/4/2/7/8/84278d55b22329a6a5669e8ffc1027d615da8bab10c97b677326fde2
[2024-09-24T20:32:27.661+0000] {processor.py:830} INFO - Processing file /opt/airflow/dags/.cache/pip/http/8/4/2/7/8/84278d55b22329a6a5669e8ffc1027d615da8bab10c97b677326fde2 for tasks to queue
[2024-09-24T20:32:27.662+0000] {logging_mixin.py:188} INFO - [2024-09-24T20:32:27.662+0000] {dagbag.py:545} INFO - Filling up the DagBag from /opt/airflow/dags/.cache/pip/http/8/4/2/7/8/84278d55b22329a6a5669e8ffc1027d615da8bab10c97b677326fde2
[2024-09-24T20:32:27.682+0000] {processor.py:842} WARNING - No viable dags retrieved from /opt/airflow/dags/.cache/pip/http/8/4/2/7/8/84278d55b22329a6a5669e8ffc1027d615da8bab10c97b677326fde2
[2024-09-24T20:32:27.691+0000] {processor.py:183} INFO - Processing /opt/airflow/dags/.cache/pip/http/8/4/2/7/8/84278d55b22329a6a5669e8ffc1027d615da8bab10c97b677326fde2 took 0.036 seconds
