[2024-10-03T08:42:03.493+0000] {processor.py:161} INFO - Started process (PID=405) to work on /opt/airflow/dags/.cache/pip/http/8/7/5/a/3/875a3e587c5b222354f5eb2dbae0cf6a54681df802f32e6f407eaac6
[2024-10-03T08:42:03.495+0000] {processor.py:830} INFO - Processing file /opt/airflow/dags/.cache/pip/http/8/7/5/a/3/875a3e587c5b222354f5eb2dbae0cf6a54681df802f32e6f407eaac6 for tasks to queue
[2024-10-03T08:42:03.497+0000] {logging_mixin.py:188} INFO - [2024-10-03T08:42:03.497+0000] {dagbag.py:545} INFO - Filling up the DagBag from /opt/airflow/dags/.cache/pip/http/8/7/5/a/3/875a3e587c5b222354f5eb2dbae0cf6a54681df802f32e6f407eaac6
[2024-10-03T08:42:03.522+0000] {processor.py:842} WARNING - No viable dags retrieved from /opt/airflow/dags/.cache/pip/http/8/7/5/a/3/875a3e587c5b222354f5eb2dbae0cf6a54681df802f32e6f407eaac6
[2024-10-03T08:42:03.538+0000] {processor.py:183} INFO - Processing /opt/airflow/dags/.cache/pip/http/8/7/5/a/3/875a3e587c5b222354f5eb2dbae0cf6a54681df802f32e6f407eaac6 took 0.051 seconds
[2024-10-03T08:42:37.849+0000] {processor.py:161} INFO - Started process (PID=645) to work on /opt/airflow/dags/.cache/pip/http/8/7/5/a/3/875a3e587c5b222354f5eb2dbae0cf6a54681df802f32e6f407eaac6
[2024-10-03T08:42:37.851+0000] {processor.py:830} INFO - Processing file /opt/airflow/dags/.cache/pip/http/8/7/5/a/3/875a3e587c5b222354f5eb2dbae0cf6a54681df802f32e6f407eaac6 for tasks to queue
[2024-10-03T08:42:37.853+0000] {logging_mixin.py:188} INFO - [2024-10-03T08:42:37.853+0000] {dagbag.py:545} INFO - Filling up the DagBag from /opt/airflow/dags/.cache/pip/http/8/7/5/a/3/875a3e587c5b222354f5eb2dbae0cf6a54681df802f32e6f407eaac6
[2024-10-03T08:42:37.928+0000] {processor.py:842} WARNING - No viable dags retrieved from /opt/airflow/dags/.cache/pip/http/8/7/5/a/3/875a3e587c5b222354f5eb2dbae0cf6a54681df802f32e6f407eaac6
[2024-10-03T08:42:37.948+0000] {processor.py:183} INFO - Processing /opt/airflow/dags/.cache/pip/http/8/7/5/a/3/875a3e587c5b222354f5eb2dbae0cf6a54681df802f32e6f407eaac6 took 0.108 seconds
[2024-10-03T08:43:11.380+0000] {processor.py:161} INFO - Started process (PID=889) to work on /opt/airflow/dags/.cache/pip/http/8/7/5/a/3/875a3e587c5b222354f5eb2dbae0cf6a54681df802f32e6f407eaac6
[2024-10-03T08:43:11.382+0000] {processor.py:830} INFO - Processing file /opt/airflow/dags/.cache/pip/http/8/7/5/a/3/875a3e587c5b222354f5eb2dbae0cf6a54681df802f32e6f407eaac6 for tasks to queue
[2024-10-03T08:43:11.385+0000] {logging_mixin.py:188} INFO - [2024-10-03T08:43:11.384+0000] {dagbag.py:545} INFO - Filling up the DagBag from /opt/airflow/dags/.cache/pip/http/8/7/5/a/3/875a3e587c5b222354f5eb2dbae0cf6a54681df802f32e6f407eaac6
[2024-10-03T08:43:11.432+0000] {processor.py:842} WARNING - No viable dags retrieved from /opt/airflow/dags/.cache/pip/http/8/7/5/a/3/875a3e587c5b222354f5eb2dbae0cf6a54681df802f32e6f407eaac6
[2024-10-03T08:43:11.454+0000] {processor.py:183} INFO - Processing /opt/airflow/dags/.cache/pip/http/8/7/5/a/3/875a3e587c5b222354f5eb2dbae0cf6a54681df802f32e6f407eaac6 took 0.085 seconds
[2024-10-03T08:43:44.187+0000] {processor.py:161} INFO - Started process (PID=1130) to work on /opt/airflow/dags/.cache/pip/http/8/7/5/a/3/875a3e587c5b222354f5eb2dbae0cf6a54681df802f32e6f407eaac6
[2024-10-03T08:43:44.188+0000] {processor.py:830} INFO - Processing file /opt/airflow/dags/.cache/pip/http/8/7/5/a/3/875a3e587c5b222354f5eb2dbae0cf6a54681df802f32e6f407eaac6 for tasks to queue
[2024-10-03T08:43:44.189+0000] {logging_mixin.py:188} INFO - [2024-10-03T08:43:44.189+0000] {dagbag.py:545} INFO - Filling up the DagBag from /opt/airflow/dags/.cache/pip/http/8/7/5/a/3/875a3e587c5b222354f5eb2dbae0cf6a54681df802f32e6f407eaac6
[2024-10-03T08:43:44.217+0000] {processor.py:842} WARNING - No viable dags retrieved from /opt/airflow/dags/.cache/pip/http/8/7/5/a/3/875a3e587c5b222354f5eb2dbae0cf6a54681df802f32e6f407eaac6
[2024-10-03T08:43:44.229+0000] {processor.py:183} INFO - Processing /opt/airflow/dags/.cache/pip/http/8/7/5/a/3/875a3e587c5b222354f5eb2dbae0cf6a54681df802f32e6f407eaac6 took 0.047 seconds
[2024-10-03T08:44:16.487+0000] {processor.py:161} INFO - Started process (PID=1374) to work on /opt/airflow/dags/.cache/pip/http/8/7/5/a/3/875a3e587c5b222354f5eb2dbae0cf6a54681df802f32e6f407eaac6
[2024-10-03T08:44:16.488+0000] {processor.py:830} INFO - Processing file /opt/airflow/dags/.cache/pip/http/8/7/5/a/3/875a3e587c5b222354f5eb2dbae0cf6a54681df802f32e6f407eaac6 for tasks to queue
[2024-10-03T08:44:16.489+0000] {logging_mixin.py:188} INFO - [2024-10-03T08:44:16.489+0000] {dagbag.py:545} INFO - Filling up the DagBag from /opt/airflow/dags/.cache/pip/http/8/7/5/a/3/875a3e587c5b222354f5eb2dbae0cf6a54681df802f32e6f407eaac6
[2024-10-03T08:44:16.519+0000] {processor.py:842} WARNING - No viable dags retrieved from /opt/airflow/dags/.cache/pip/http/8/7/5/a/3/875a3e587c5b222354f5eb2dbae0cf6a54681df802f32e6f407eaac6
[2024-10-03T08:44:16.530+0000] {processor.py:183} INFO - Processing /opt/airflow/dags/.cache/pip/http/8/7/5/a/3/875a3e587c5b222354f5eb2dbae0cf6a54681df802f32e6f407eaac6 took 0.048 seconds
[2024-10-03T08:44:49.093+0000] {processor.py:161} INFO - Started process (PID=1620) to work on /opt/airflow/dags/.cache/pip/http/8/7/5/a/3/875a3e587c5b222354f5eb2dbae0cf6a54681df802f32e6f407eaac6
[2024-10-03T08:44:49.095+0000] {processor.py:830} INFO - Processing file /opt/airflow/dags/.cache/pip/http/8/7/5/a/3/875a3e587c5b222354f5eb2dbae0cf6a54681df802f32e6f407eaac6 for tasks to queue
[2024-10-03T08:44:49.098+0000] {logging_mixin.py:188} INFO - [2024-10-03T08:44:49.098+0000] {dagbag.py:545} INFO - Filling up the DagBag from /opt/airflow/dags/.cache/pip/http/8/7/5/a/3/875a3e587c5b222354f5eb2dbae0cf6a54681df802f32e6f407eaac6
[2024-10-03T08:44:49.175+0000] {processor.py:842} WARNING - No viable dags retrieved from /opt/airflow/dags/.cache/pip/http/8/7/5/a/3/875a3e587c5b222354f5eb2dbae0cf6a54681df802f32e6f407eaac6
[2024-10-03T08:44:49.196+0000] {processor.py:183} INFO - Processing /opt/airflow/dags/.cache/pip/http/8/7/5/a/3/875a3e587c5b222354f5eb2dbae0cf6a54681df802f32e6f407eaac6 took 0.118 seconds
[2024-10-03T08:45:22.842+0000] {processor.py:161} INFO - Started process (PID=1864) to work on /opt/airflow/dags/.cache/pip/http/8/7/5/a/3/875a3e587c5b222354f5eb2dbae0cf6a54681df802f32e6f407eaac6
[2024-10-03T08:45:22.844+0000] {processor.py:830} INFO - Processing file /opt/airflow/dags/.cache/pip/http/8/7/5/a/3/875a3e587c5b222354f5eb2dbae0cf6a54681df802f32e6f407eaac6 for tasks to queue
[2024-10-03T08:45:22.848+0000] {logging_mixin.py:188} INFO - [2024-10-03T08:45:22.847+0000] {dagbag.py:545} INFO - Filling up the DagBag from /opt/airflow/dags/.cache/pip/http/8/7/5/a/3/875a3e587c5b222354f5eb2dbae0cf6a54681df802f32e6f407eaac6
[2024-10-03T08:45:22.963+0000] {processor.py:842} WARNING - No viable dags retrieved from /opt/airflow/dags/.cache/pip/http/8/7/5/a/3/875a3e587c5b222354f5eb2dbae0cf6a54681df802f32e6f407eaac6
[2024-10-03T08:45:22.995+0000] {processor.py:183} INFO - Processing /opt/airflow/dags/.cache/pip/http/8/7/5/a/3/875a3e587c5b222354f5eb2dbae0cf6a54681df802f32e6f407eaac6 took 0.164 seconds
[2024-10-03T08:45:53.976+0000] {processor.py:161} INFO - Started process (PID=2103) to work on /opt/airflow/dags/.cache/pip/http/8/7/5/a/3/875a3e587c5b222354f5eb2dbae0cf6a54681df802f32e6f407eaac6
[2024-10-03T08:45:53.978+0000] {processor.py:830} INFO - Processing file /opt/airflow/dags/.cache/pip/http/8/7/5/a/3/875a3e587c5b222354f5eb2dbae0cf6a54681df802f32e6f407eaac6 for tasks to queue
[2024-10-03T08:45:53.982+0000] {logging_mixin.py:188} INFO - [2024-10-03T08:45:53.981+0000] {dagbag.py:545} INFO - Filling up the DagBag from /opt/airflow/dags/.cache/pip/http/8/7/5/a/3/875a3e587c5b222354f5eb2dbae0cf6a54681df802f32e6f407eaac6
[2024-10-03T08:45:54.019+0000] {processor.py:842} WARNING - No viable dags retrieved from /opt/airflow/dags/.cache/pip/http/8/7/5/a/3/875a3e587c5b222354f5eb2dbae0cf6a54681df802f32e6f407eaac6
[2024-10-03T08:45:54.045+0000] {processor.py:183} INFO - Processing /opt/airflow/dags/.cache/pip/http/8/7/5/a/3/875a3e587c5b222354f5eb2dbae0cf6a54681df802f32e6f407eaac6 took 0.081 seconds
[2024-10-03T08:46:25.020+0000] {processor.py:161} INFO - Started process (PID=2324) to work on /opt/airflow/dags/.cache/pip/http/8/7/5/a/3/875a3e587c5b222354f5eb2dbae0cf6a54681df802f32e6f407eaac6
[2024-10-03T08:46:25.023+0000] {processor.py:830} INFO - Processing file /opt/airflow/dags/.cache/pip/http/8/7/5/a/3/875a3e587c5b222354f5eb2dbae0cf6a54681df802f32e6f407eaac6 for tasks to queue
[2024-10-03T08:46:25.026+0000] {logging_mixin.py:188} INFO - [2024-10-03T08:46:25.026+0000] {dagbag.py:545} INFO - Filling up the DagBag from /opt/airflow/dags/.cache/pip/http/8/7/5/a/3/875a3e587c5b222354f5eb2dbae0cf6a54681df802f32e6f407eaac6
[2024-10-03T08:46:25.064+0000] {processor.py:842} WARNING - No viable dags retrieved from /opt/airflow/dags/.cache/pip/http/8/7/5/a/3/875a3e587c5b222354f5eb2dbae0cf6a54681df802f32e6f407eaac6
[2024-10-03T08:46:25.082+0000] {processor.py:183} INFO - Processing /opt/airflow/dags/.cache/pip/http/8/7/5/a/3/875a3e587c5b222354f5eb2dbae0cf6a54681df802f32e6f407eaac6 took 0.075 seconds
[2024-10-03T08:47:14.970+0000] {processor.py:161} INFO - Started process (PID=2587) to work on /opt/airflow/dags/.cache/pip/http/8/7/5/a/3/875a3e587c5b222354f5eb2dbae0cf6a54681df802f32e6f407eaac6
[2024-10-03T08:47:14.972+0000] {processor.py:830} INFO - Processing file /opt/airflow/dags/.cache/pip/http/8/7/5/a/3/875a3e587c5b222354f5eb2dbae0cf6a54681df802f32e6f407eaac6 for tasks to queue
[2024-10-03T08:47:14.975+0000] {logging_mixin.py:188} INFO - [2024-10-03T08:47:14.974+0000] {dagbag.py:545} INFO - Filling up the DagBag from /opt/airflow/dags/.cache/pip/http/8/7/5/a/3/875a3e587c5b222354f5eb2dbae0cf6a54681df802f32e6f407eaac6
[2024-10-03T08:47:15.003+0000] {processor.py:842} WARNING - No viable dags retrieved from /opt/airflow/dags/.cache/pip/http/8/7/5/a/3/875a3e587c5b222354f5eb2dbae0cf6a54681df802f32e6f407eaac6
[2024-10-03T08:47:15.027+0000] {processor.py:183} INFO - Processing /opt/airflow/dags/.cache/pip/http/8/7/5/a/3/875a3e587c5b222354f5eb2dbae0cf6a54681df802f32e6f407eaac6 took 0.068 seconds
[2024-10-03T08:47:49.395+0000] {processor.py:161} INFO - Started process (PID=2835) to work on /opt/airflow/dags/.cache/pip/http/8/7/5/a/3/875a3e587c5b222354f5eb2dbae0cf6a54681df802f32e6f407eaac6
[2024-10-03T08:47:49.397+0000] {processor.py:830} INFO - Processing file /opt/airflow/dags/.cache/pip/http/8/7/5/a/3/875a3e587c5b222354f5eb2dbae0cf6a54681df802f32e6f407eaac6 for tasks to queue
[2024-10-03T08:47:49.401+0000] {logging_mixin.py:188} INFO - [2024-10-03T08:47:49.400+0000] {dagbag.py:545} INFO - Filling up the DagBag from /opt/airflow/dags/.cache/pip/http/8/7/5/a/3/875a3e587c5b222354f5eb2dbae0cf6a54681df802f32e6f407eaac6
[2024-10-03T08:47:49.487+0000] {processor.py:842} WARNING - No viable dags retrieved from /opt/airflow/dags/.cache/pip/http/8/7/5/a/3/875a3e587c5b222354f5eb2dbae0cf6a54681df802f32e6f407eaac6
[2024-10-03T08:47:49.512+0000] {processor.py:183} INFO - Processing /opt/airflow/dags/.cache/pip/http/8/7/5/a/3/875a3e587c5b222354f5eb2dbae0cf6a54681df802f32e6f407eaac6 took 0.129 seconds
[2024-10-03T08:48:23.291+0000] {processor.py:161} INFO - Started process (PID=3077) to work on /opt/airflow/dags/.cache/pip/http/8/7/5/a/3/875a3e587c5b222354f5eb2dbae0cf6a54681df802f32e6f407eaac6
[2024-10-03T08:48:23.292+0000] {processor.py:830} INFO - Processing file /opt/airflow/dags/.cache/pip/http/8/7/5/a/3/875a3e587c5b222354f5eb2dbae0cf6a54681df802f32e6f407eaac6 for tasks to queue
[2024-10-03T08:48:23.294+0000] {logging_mixin.py:188} INFO - [2024-10-03T08:48:23.294+0000] {dagbag.py:545} INFO - Filling up the DagBag from /opt/airflow/dags/.cache/pip/http/8/7/5/a/3/875a3e587c5b222354f5eb2dbae0cf6a54681df802f32e6f407eaac6
[2024-10-03T08:48:23.349+0000] {processor.py:842} WARNING - No viable dags retrieved from /opt/airflow/dags/.cache/pip/http/8/7/5/a/3/875a3e587c5b222354f5eb2dbae0cf6a54681df802f32e6f407eaac6
[2024-10-03T08:48:23.360+0000] {processor.py:183} INFO - Processing /opt/airflow/dags/.cache/pip/http/8/7/5/a/3/875a3e587c5b222354f5eb2dbae0cf6a54681df802f32e6f407eaac6 took 0.074 seconds
[2024-10-03T08:48:54.029+0000] {processor.py:161} INFO - Started process (PID=3321) to work on /opt/airflow/dags/.cache/pip/http/8/7/5/a/3/875a3e587c5b222354f5eb2dbae0cf6a54681df802f32e6f407eaac6
[2024-10-03T08:48:54.030+0000] {processor.py:830} INFO - Processing file /opt/airflow/dags/.cache/pip/http/8/7/5/a/3/875a3e587c5b222354f5eb2dbae0cf6a54681df802f32e6f407eaac6 for tasks to queue
[2024-10-03T08:48:54.033+0000] {logging_mixin.py:188} INFO - [2024-10-03T08:48:54.032+0000] {dagbag.py:545} INFO - Filling up the DagBag from /opt/airflow/dags/.cache/pip/http/8/7/5/a/3/875a3e587c5b222354f5eb2dbae0cf6a54681df802f32e6f407eaac6
[2024-10-03T08:48:54.048+0000] {processor.py:842} WARNING - No viable dags retrieved from /opt/airflow/dags/.cache/pip/http/8/7/5/a/3/875a3e587c5b222354f5eb2dbae0cf6a54681df802f32e6f407eaac6
[2024-10-03T08:48:54.060+0000] {processor.py:183} INFO - Processing /opt/airflow/dags/.cache/pip/http/8/7/5/a/3/875a3e587c5b222354f5eb2dbae0cf6a54681df802f32e6f407eaac6 took 0.035 seconds
[2024-10-03T08:49:24.936+0000] {processor.py:161} INFO - Started process (PID=3563) to work on /opt/airflow/dags/.cache/pip/http/8/7/5/a/3/875a3e587c5b222354f5eb2dbae0cf6a54681df802f32e6f407eaac6
[2024-10-03T08:49:24.938+0000] {processor.py:830} INFO - Processing file /opt/airflow/dags/.cache/pip/http/8/7/5/a/3/875a3e587c5b222354f5eb2dbae0cf6a54681df802f32e6f407eaac6 for tasks to queue
[2024-10-03T08:49:24.939+0000] {logging_mixin.py:188} INFO - [2024-10-03T08:49:24.939+0000] {dagbag.py:545} INFO - Filling up the DagBag from /opt/airflow/dags/.cache/pip/http/8/7/5/a/3/875a3e587c5b222354f5eb2dbae0cf6a54681df802f32e6f407eaac6
[2024-10-03T08:49:24.970+0000] {processor.py:842} WARNING - No viable dags retrieved from /opt/airflow/dags/.cache/pip/http/8/7/5/a/3/875a3e587c5b222354f5eb2dbae0cf6a54681df802f32e6f407eaac6
[2024-10-03T08:49:24.984+0000] {processor.py:183} INFO - Processing /opt/airflow/dags/.cache/pip/http/8/7/5/a/3/875a3e587c5b222354f5eb2dbae0cf6a54681df802f32e6f407eaac6 took 0.054 seconds
[2024-10-03T08:49:57.859+0000] {processor.py:161} INFO - Started process (PID=3804) to work on /opt/airflow/dags/.cache/pip/http/8/7/5/a/3/875a3e587c5b222354f5eb2dbae0cf6a54681df802f32e6f407eaac6
[2024-10-03T08:49:57.860+0000] {processor.py:830} INFO - Processing file /opt/airflow/dags/.cache/pip/http/8/7/5/a/3/875a3e587c5b222354f5eb2dbae0cf6a54681df802f32e6f407eaac6 for tasks to queue
[2024-10-03T08:49:57.861+0000] {logging_mixin.py:188} INFO - [2024-10-03T08:49:57.861+0000] {dagbag.py:545} INFO - Filling up the DagBag from /opt/airflow/dags/.cache/pip/http/8/7/5/a/3/875a3e587c5b222354f5eb2dbae0cf6a54681df802f32e6f407eaac6
[2024-10-03T08:49:57.887+0000] {processor.py:842} WARNING - No viable dags retrieved from /opt/airflow/dags/.cache/pip/http/8/7/5/a/3/875a3e587c5b222354f5eb2dbae0cf6a54681df802f32e6f407eaac6
[2024-10-03T08:49:57.898+0000] {processor.py:183} INFO - Processing /opt/airflow/dags/.cache/pip/http/8/7/5/a/3/875a3e587c5b222354f5eb2dbae0cf6a54681df802f32e6f407eaac6 took 0.044 seconds
[2024-10-03T08:50:30.574+0000] {processor.py:161} INFO - Started process (PID=4048) to work on /opt/airflow/dags/.cache/pip/http/8/7/5/a/3/875a3e587c5b222354f5eb2dbae0cf6a54681df802f32e6f407eaac6
[2024-10-03T08:50:30.575+0000] {processor.py:830} INFO - Processing file /opt/airflow/dags/.cache/pip/http/8/7/5/a/3/875a3e587c5b222354f5eb2dbae0cf6a54681df802f32e6f407eaac6 for tasks to queue
[2024-10-03T08:50:30.577+0000] {logging_mixin.py:188} INFO - [2024-10-03T08:50:30.576+0000] {dagbag.py:545} INFO - Filling up the DagBag from /opt/airflow/dags/.cache/pip/http/8/7/5/a/3/875a3e587c5b222354f5eb2dbae0cf6a54681df802f32e6f407eaac6
[2024-10-03T08:50:30.646+0000] {processor.py:842} WARNING - No viable dags retrieved from /opt/airflow/dags/.cache/pip/http/8/7/5/a/3/875a3e587c5b222354f5eb2dbae0cf6a54681df802f32e6f407eaac6
[2024-10-03T08:50:30.660+0000] {processor.py:183} INFO - Processing /opt/airflow/dags/.cache/pip/http/8/7/5/a/3/875a3e587c5b222354f5eb2dbae0cf6a54681df802f32e6f407eaac6 took 0.092 seconds
[2024-10-03T08:56:32.751+0000] {processor.py:161} INFO - Started process (PID=4441) to work on /opt/airflow/dags/.cache/pip/http/8/7/5/a/3/875a3e587c5b222354f5eb2dbae0cf6a54681df802f32e6f407eaac6
[2024-10-03T08:56:32.752+0000] {processor.py:830} INFO - Processing file /opt/airflow/dags/.cache/pip/http/8/7/5/a/3/875a3e587c5b222354f5eb2dbae0cf6a54681df802f32e6f407eaac6 for tasks to queue
[2024-10-03T08:56:32.753+0000] {logging_mixin.py:188} INFO - [2024-10-03T08:56:32.753+0000] {dagbag.py:545} INFO - Filling up the DagBag from /opt/airflow/dags/.cache/pip/http/8/7/5/a/3/875a3e587c5b222354f5eb2dbae0cf6a54681df802f32e6f407eaac6
[2024-10-03T08:56:32.800+0000] {processor.py:842} WARNING - No viable dags retrieved from /opt/airflow/dags/.cache/pip/http/8/7/5/a/3/875a3e587c5b222354f5eb2dbae0cf6a54681df802f32e6f407eaac6
[2024-10-03T08:56:32.811+0000] {processor.py:183} INFO - Processing /opt/airflow/dags/.cache/pip/http/8/7/5/a/3/875a3e587c5b222354f5eb2dbae0cf6a54681df802f32e6f407eaac6 took 0.066 seconds
[2024-10-03T08:57:04.479+0000] {processor.py:161} INFO - Started process (PID=4693) to work on /opt/airflow/dags/.cache/pip/http/8/7/5/a/3/875a3e587c5b222354f5eb2dbae0cf6a54681df802f32e6f407eaac6
[2024-10-03T08:57:04.480+0000] {processor.py:830} INFO - Processing file /opt/airflow/dags/.cache/pip/http/8/7/5/a/3/875a3e587c5b222354f5eb2dbae0cf6a54681df802f32e6f407eaac6 for tasks to queue
[2024-10-03T08:57:04.483+0000] {logging_mixin.py:188} INFO - [2024-10-03T08:57:04.482+0000] {dagbag.py:545} INFO - Filling up the DagBag from /opt/airflow/dags/.cache/pip/http/8/7/5/a/3/875a3e587c5b222354f5eb2dbae0cf6a54681df802f32e6f407eaac6
[2024-10-03T08:57:04.514+0000] {processor.py:842} WARNING - No viable dags retrieved from /opt/airflow/dags/.cache/pip/http/8/7/5/a/3/875a3e587c5b222354f5eb2dbae0cf6a54681df802f32e6f407eaac6
[2024-10-03T08:57:04.529+0000] {processor.py:183} INFO - Processing /opt/airflow/dags/.cache/pip/http/8/7/5/a/3/875a3e587c5b222354f5eb2dbae0cf6a54681df802f32e6f407eaac6 took 0.054 seconds
