[2024-10-03T08:42:03.357+0000] {processor.py:161} INFO - Started process (PID=400) to work on /opt/airflow/dags/.cache/pip/http/8/4/2/7/8/84278d55b22329a6a5669e8ffc1027d615da8bab10c97b677326fde2
[2024-10-03T08:42:03.358+0000] {processor.py:830} INFO - Processing file /opt/airflow/dags/.cache/pip/http/8/4/2/7/8/84278d55b22329a6a5669e8ffc1027d615da8bab10c97b677326fde2 for tasks to queue
[2024-10-03T08:42:03.360+0000] {logging_mixin.py:188} INFO - [2024-10-03T08:42:03.360+0000] {dagbag.py:545} INFO - Filling up the DagBag from /opt/airflow/dags/.cache/pip/http/8/4/2/7/8/84278d55b22329a6a5669e8ffc1027d615da8bab10c97b677326fde2
[2024-10-03T08:42:03.383+0000] {processor.py:842} WARNING - No viable dags retrieved from /opt/airflow/dags/.cache/pip/http/8/4/2/7/8/84278d55b22329a6a5669e8ffc1027d615da8bab10c97b677326fde2
[2024-10-03T08:42:03.394+0000] {processor.py:183} INFO - Processing /opt/airflow/dags/.cache/pip/http/8/4/2/7/8/84278d55b22329a6a5669e8ffc1027d615da8bab10c97b677326fde2 took 0.041 seconds
[2024-10-03T08:42:37.775+0000] {processor.py:161} INFO - Started process (PID=642) to work on /opt/airflow/dags/.cache/pip/http/8/4/2/7/8/84278d55b22329a6a5669e8ffc1027d615da8bab10c97b677326fde2
[2024-10-03T08:42:37.776+0000] {processor.py:830} INFO - Processing file /opt/airflow/dags/.cache/pip/http/8/4/2/7/8/84278d55b22329a6a5669e8ffc1027d615da8bab10c97b677326fde2 for tasks to queue
[2024-10-03T08:42:37.779+0000] {logging_mixin.py:188} INFO - [2024-10-03T08:42:37.779+0000] {dagbag.py:545} INFO - Filling up the DagBag from /opt/airflow/dags/.cache/pip/http/8/4/2/7/8/84278d55b22329a6a5669e8ffc1027d615da8bab10c97b677326fde2
[2024-10-03T08:42:37.872+0000] {processor.py:842} WARNING - No viable dags retrieved from /opt/airflow/dags/.cache/pip/http/8/4/2/7/8/84278d55b22329a6a5669e8ffc1027d615da8bab10c97b677326fde2
[2024-10-03T08:42:37.891+0000] {processor.py:183} INFO - Processing /opt/airflow/dags/.cache/pip/http/8/4/2/7/8/84278d55b22329a6a5669e8ffc1027d615da8bab10c97b677326fde2 took 0.125 seconds
[2024-10-03T08:43:11.098+0000] {processor.py:161} INFO - Started process (PID=884) to work on /opt/airflow/dags/.cache/pip/http/8/4/2/7/8/84278d55b22329a6a5669e8ffc1027d615da8bab10c97b677326fde2
[2024-10-03T08:43:11.100+0000] {processor.py:830} INFO - Processing file /opt/airflow/dags/.cache/pip/http/8/4/2/7/8/84278d55b22329a6a5669e8ffc1027d615da8bab10c97b677326fde2 for tasks to queue
[2024-10-03T08:43:11.102+0000] {logging_mixin.py:188} INFO - [2024-10-03T08:43:11.102+0000] {dagbag.py:545} INFO - Filling up the DagBag from /opt/airflow/dags/.cache/pip/http/8/4/2/7/8/84278d55b22329a6a5669e8ffc1027d615da8bab10c97b677326fde2
[2024-10-03T08:43:11.171+0000] {processor.py:842} WARNING - No viable dags retrieved from /opt/airflow/dags/.cache/pip/http/8/4/2/7/8/84278d55b22329a6a5669e8ffc1027d615da8bab10c97b677326fde2
[2024-10-03T08:43:11.194+0000] {processor.py:183} INFO - Processing /opt/airflow/dags/.cache/pip/http/8/4/2/7/8/84278d55b22329a6a5669e8ffc1027d615da8bab10c97b677326fde2 took 0.105 seconds
[2024-10-03T08:43:44.159+0000] {processor.py:161} INFO - Started process (PID=1127) to work on /opt/airflow/dags/.cache/pip/http/8/4/2/7/8/84278d55b22329a6a5669e8ffc1027d615da8bab10c97b677326fde2
[2024-10-03T08:43:44.160+0000] {processor.py:830} INFO - Processing file /opt/airflow/dags/.cache/pip/http/8/4/2/7/8/84278d55b22329a6a5669e8ffc1027d615da8bab10c97b677326fde2 for tasks to queue
[2024-10-03T08:43:44.162+0000] {logging_mixin.py:188} INFO - [2024-10-03T08:43:44.161+0000] {dagbag.py:545} INFO - Filling up the DagBag from /opt/airflow/dags/.cache/pip/http/8/4/2/7/8/84278d55b22329a6a5669e8ffc1027d615da8bab10c97b677326fde2
[2024-10-03T08:43:44.195+0000] {processor.py:842} WARNING - No viable dags retrieved from /opt/airflow/dags/.cache/pip/http/8/4/2/7/8/84278d55b22329a6a5669e8ffc1027d615da8bab10c97b677326fde2
[2024-10-03T08:43:44.207+0000] {processor.py:183} INFO - Processing /opt/airflow/dags/.cache/pip/http/8/4/2/7/8/84278d55b22329a6a5669e8ffc1027d615da8bab10c97b677326fde2 took 0.053 seconds
[2024-10-03T08:44:16.403+0000] {processor.py:161} INFO - Started process (PID=1369) to work on /opt/airflow/dags/.cache/pip/http/8/4/2/7/8/84278d55b22329a6a5669e8ffc1027d615da8bab10c97b677326fde2
[2024-10-03T08:44:16.404+0000] {processor.py:830} INFO - Processing file /opt/airflow/dags/.cache/pip/http/8/4/2/7/8/84278d55b22329a6a5669e8ffc1027d615da8bab10c97b677326fde2 for tasks to queue
[2024-10-03T08:44:16.405+0000] {logging_mixin.py:188} INFO - [2024-10-03T08:44:16.405+0000] {dagbag.py:545} INFO - Filling up the DagBag from /opt/airflow/dags/.cache/pip/http/8/4/2/7/8/84278d55b22329a6a5669e8ffc1027d615da8bab10c97b677326fde2
[2024-10-03T08:44:16.426+0000] {processor.py:842} WARNING - No viable dags retrieved from /opt/airflow/dags/.cache/pip/http/8/4/2/7/8/84278d55b22329a6a5669e8ffc1027d615da8bab10c97b677326fde2
[2024-10-03T08:44:16.436+0000] {processor.py:183} INFO - Processing /opt/airflow/dags/.cache/pip/http/8/4/2/7/8/84278d55b22329a6a5669e8ffc1027d615da8bab10c97b677326fde2 took 0.038 seconds
[2024-10-03T08:44:49.021+0000] {processor.py:161} INFO - Started process (PID=1617) to work on /opt/airflow/dags/.cache/pip/http/8/4/2/7/8/84278d55b22329a6a5669e8ffc1027d615da8bab10c97b677326fde2
[2024-10-03T08:44:49.023+0000] {processor.py:830} INFO - Processing file /opt/airflow/dags/.cache/pip/http/8/4/2/7/8/84278d55b22329a6a5669e8ffc1027d615da8bab10c97b677326fde2 for tasks to queue
[2024-10-03T08:44:49.027+0000] {logging_mixin.py:188} INFO - [2024-10-03T08:44:49.026+0000] {dagbag.py:545} INFO - Filling up the DagBag from /opt/airflow/dags/.cache/pip/http/8/4/2/7/8/84278d55b22329a6a5669e8ffc1027d615da8bab10c97b677326fde2
[2024-10-03T08:44:49.076+0000] {processor.py:842} WARNING - No viable dags retrieved from /opt/airflow/dags/.cache/pip/http/8/4/2/7/8/84278d55b22329a6a5669e8ffc1027d615da8bab10c97b677326fde2
[2024-10-03T08:44:49.097+0000] {processor.py:183} INFO - Processing /opt/airflow/dags/.cache/pip/http/8/4/2/7/8/84278d55b22329a6a5669e8ffc1027d615da8bab10c97b677326fde2 took 0.086 seconds
[2024-10-03T08:45:22.443+0000] {processor.py:161} INFO - Started process (PID=1859) to work on /opt/airflow/dags/.cache/pip/http/8/4/2/7/8/84278d55b22329a6a5669e8ffc1027d615da8bab10c97b677326fde2
[2024-10-03T08:45:22.445+0000] {processor.py:830} INFO - Processing file /opt/airflow/dags/.cache/pip/http/8/4/2/7/8/84278d55b22329a6a5669e8ffc1027d615da8bab10c97b677326fde2 for tasks to queue
[2024-10-03T08:45:22.448+0000] {logging_mixin.py:188} INFO - [2024-10-03T08:45:22.448+0000] {dagbag.py:545} INFO - Filling up the DagBag from /opt/airflow/dags/.cache/pip/http/8/4/2/7/8/84278d55b22329a6a5669e8ffc1027d615da8bab10c97b677326fde2
[2024-10-03T08:45:22.570+0000] {processor.py:842} WARNING - No viable dags retrieved from /opt/airflow/dags/.cache/pip/http/8/4/2/7/8/84278d55b22329a6a5669e8ffc1027d615da8bab10c97b677326fde2
[2024-10-03T08:45:22.598+0000] {processor.py:183} INFO - Processing /opt/airflow/dags/.cache/pip/http/8/4/2/7/8/84278d55b22329a6a5669e8ffc1027d615da8bab10c97b677326fde2 took 0.168 seconds
[2024-10-03T08:45:53.927+0000] {processor.py:161} INFO - Started process (PID=2100) to work on /opt/airflow/dags/.cache/pip/http/8/4/2/7/8/84278d55b22329a6a5669e8ffc1027d615da8bab10c97b677326fde2
[2024-10-03T08:45:53.929+0000] {processor.py:830} INFO - Processing file /opt/airflow/dags/.cache/pip/http/8/4/2/7/8/84278d55b22329a6a5669e8ffc1027d615da8bab10c97b677326fde2 for tasks to queue
[2024-10-03T08:45:53.932+0000] {logging_mixin.py:188} INFO - [2024-10-03T08:45:53.932+0000] {dagbag.py:545} INFO - Filling up the DagBag from /opt/airflow/dags/.cache/pip/http/8/4/2/7/8/84278d55b22329a6a5669e8ffc1027d615da8bab10c97b677326fde2
[2024-10-03T08:45:54.002+0000] {processor.py:842} WARNING - No viable dags retrieved from /opt/airflow/dags/.cache/pip/http/8/4/2/7/8/84278d55b22329a6a5669e8ffc1027d615da8bab10c97b677326fde2
[2024-10-03T08:45:54.027+0000] {processor.py:183} INFO - Processing /opt/airflow/dags/.cache/pip/http/8/4/2/7/8/84278d55b22329a6a5669e8ffc1027d615da8bab10c97b677326fde2 took 0.110 seconds
[2024-10-03T08:46:24.627+0000] {processor.py:161} INFO - Started process (PID=2319) to work on /opt/airflow/dags/.cache/pip/http/8/4/2/7/8/84278d55b22329a6a5669e8ffc1027d615da8bab10c97b677326fde2
[2024-10-03T08:46:24.629+0000] {processor.py:830} INFO - Processing file /opt/airflow/dags/.cache/pip/http/8/4/2/7/8/84278d55b22329a6a5669e8ffc1027d615da8bab10c97b677326fde2 for tasks to queue
[2024-10-03T08:46:24.632+0000] {logging_mixin.py:188} INFO - [2024-10-03T08:46:24.631+0000] {dagbag.py:545} INFO - Filling up the DagBag from /opt/airflow/dags/.cache/pip/http/8/4/2/7/8/84278d55b22329a6a5669e8ffc1027d615da8bab10c97b677326fde2
[2024-10-03T08:46:24.698+0000] {processor.py:842} WARNING - No viable dags retrieved from /opt/airflow/dags/.cache/pip/http/8/4/2/7/8/84278d55b22329a6a5669e8ffc1027d615da8bab10c97b677326fde2
[2024-10-03T08:46:24.718+0000] {processor.py:183} INFO - Processing /opt/airflow/dags/.cache/pip/http/8/4/2/7/8/84278d55b22329a6a5669e8ffc1027d615da8bab10c97b677326fde2 took 0.100 seconds
[2024-10-03T08:47:14.900+0000] {processor.py:161} INFO - Started process (PID=2584) to work on /opt/airflow/dags/.cache/pip/http/8/4/2/7/8/84278d55b22329a6a5669e8ffc1027d615da8bab10c97b677326fde2
[2024-10-03T08:47:14.902+0000] {processor.py:830} INFO - Processing file /opt/airflow/dags/.cache/pip/http/8/4/2/7/8/84278d55b22329a6a5669e8ffc1027d615da8bab10c97b677326fde2 for tasks to queue
[2024-10-03T08:47:14.905+0000] {logging_mixin.py:188} INFO - [2024-10-03T08:47:14.904+0000] {dagbag.py:545} INFO - Filling up the DagBag from /opt/airflow/dags/.cache/pip/http/8/4/2/7/8/84278d55b22329a6a5669e8ffc1027d615da8bab10c97b677326fde2
[2024-10-03T08:47:14.986+0000] {processor.py:842} WARNING - No viable dags retrieved from /opt/airflow/dags/.cache/pip/http/8/4/2/7/8/84278d55b22329a6a5669e8ffc1027d615da8bab10c97b677326fde2
[2024-10-03T08:47:15.007+0000] {processor.py:183} INFO - Processing /opt/airflow/dags/.cache/pip/http/8/4/2/7/8/84278d55b22329a6a5669e8ffc1027d615da8bab10c97b677326fde2 took 0.117 seconds
[2024-10-03T08:47:49.323+0000] {processor.py:161} INFO - Started process (PID=2832) to work on /opt/airflow/dags/.cache/pip/http/8/4/2/7/8/84278d55b22329a6a5669e8ffc1027d615da8bab10c97b677326fde2
[2024-10-03T08:47:49.325+0000] {processor.py:830} INFO - Processing file /opt/airflow/dags/.cache/pip/http/8/4/2/7/8/84278d55b22329a6a5669e8ffc1027d615da8bab10c97b677326fde2 for tasks to queue
[2024-10-03T08:47:49.329+0000] {logging_mixin.py:188} INFO - [2024-10-03T08:47:49.328+0000] {dagbag.py:545} INFO - Filling up the DagBag from /opt/airflow/dags/.cache/pip/http/8/4/2/7/8/84278d55b22329a6a5669e8ffc1027d615da8bab10c97b677326fde2
[2024-10-03T08:47:49.418+0000] {processor.py:842} WARNING - No viable dags retrieved from /opt/airflow/dags/.cache/pip/http/8/4/2/7/8/84278d55b22329a6a5669e8ffc1027d615da8bab10c97b677326fde2
[2024-10-03T08:47:49.439+0000] {processor.py:183} INFO - Processing /opt/airflow/dags/.cache/pip/http/8/4/2/7/8/84278d55b22329a6a5669e8ffc1027d615da8bab10c97b677326fde2 took 0.127 seconds
[2024-10-03T08:48:23.258+0000] {processor.py:161} INFO - Started process (PID=3074) to work on /opt/airflow/dags/.cache/pip/http/8/4/2/7/8/84278d55b22329a6a5669e8ffc1027d615da8bab10c97b677326fde2
[2024-10-03T08:48:23.259+0000] {processor.py:830} INFO - Processing file /opt/airflow/dags/.cache/pip/http/8/4/2/7/8/84278d55b22329a6a5669e8ffc1027d615da8bab10c97b677326fde2 for tasks to queue
[2024-10-03T08:48:23.270+0000] {logging_mixin.py:188} INFO - [2024-10-03T08:48:23.269+0000] {dagbag.py:545} INFO - Filling up the DagBag from /opt/airflow/dags/.cache/pip/http/8/4/2/7/8/84278d55b22329a6a5669e8ffc1027d615da8bab10c97b677326fde2
[2024-10-03T08:48:23.308+0000] {processor.py:842} WARNING - No viable dags retrieved from /opt/airflow/dags/.cache/pip/http/8/4/2/7/8/84278d55b22329a6a5669e8ffc1027d615da8bab10c97b677326fde2
[2024-10-03T08:48:23.319+0000] {processor.py:183} INFO - Processing /opt/airflow/dags/.cache/pip/http/8/4/2/7/8/84278d55b22329a6a5669e8ffc1027d615da8bab10c97b677326fde2 took 0.066 seconds
[2024-10-03T08:48:53.906+0000] {processor.py:161} INFO - Started process (PID=3316) to work on /opt/airflow/dags/.cache/pip/http/8/4/2/7/8/84278d55b22329a6a5669e8ffc1027d615da8bab10c97b677326fde2
[2024-10-03T08:48:53.908+0000] {processor.py:830} INFO - Processing file /opt/airflow/dags/.cache/pip/http/8/4/2/7/8/84278d55b22329a6a5669e8ffc1027d615da8bab10c97b677326fde2 for tasks to queue
[2024-10-03T08:48:53.909+0000] {logging_mixin.py:188} INFO - [2024-10-03T08:48:53.909+0000] {dagbag.py:545} INFO - Filling up the DagBag from /opt/airflow/dags/.cache/pip/http/8/4/2/7/8/84278d55b22329a6a5669e8ffc1027d615da8bab10c97b677326fde2
[2024-10-03T08:48:53.928+0000] {processor.py:842} WARNING - No viable dags retrieved from /opt/airflow/dags/.cache/pip/http/8/4/2/7/8/84278d55b22329a6a5669e8ffc1027d615da8bab10c97b677326fde2
[2024-10-03T08:48:53.939+0000] {processor.py:183} INFO - Processing /opt/airflow/dags/.cache/pip/http/8/4/2/7/8/84278d55b22329a6a5669e8ffc1027d615da8bab10c97b677326fde2 took 0.037 seconds
[2024-10-03T08:49:24.768+0000] {processor.py:161} INFO - Started process (PID=3558) to work on /opt/airflow/dags/.cache/pip/http/8/4/2/7/8/84278d55b22329a6a5669e8ffc1027d615da8bab10c97b677326fde2
[2024-10-03T08:49:24.769+0000] {processor.py:830} INFO - Processing file /opt/airflow/dags/.cache/pip/http/8/4/2/7/8/84278d55b22329a6a5669e8ffc1027d615da8bab10c97b677326fde2 for tasks to queue
[2024-10-03T08:49:24.770+0000] {logging_mixin.py:188} INFO - [2024-10-03T08:49:24.770+0000] {dagbag.py:545} INFO - Filling up the DagBag from /opt/airflow/dags/.cache/pip/http/8/4/2/7/8/84278d55b22329a6a5669e8ffc1027d615da8bab10c97b677326fde2
[2024-10-03T08:49:24.804+0000] {processor.py:842} WARNING - No viable dags retrieved from /opt/airflow/dags/.cache/pip/http/8/4/2/7/8/84278d55b22329a6a5669e8ffc1027d615da8bab10c97b677326fde2
[2024-10-03T08:49:24.820+0000] {processor.py:183} INFO - Processing /opt/airflow/dags/.cache/pip/http/8/4/2/7/8/84278d55b22329a6a5669e8ffc1027d615da8bab10c97b677326fde2 took 0.057 seconds
[2024-10-03T08:49:57.840+0000] {processor.py:161} INFO - Started process (PID=3801) to work on /opt/airflow/dags/.cache/pip/http/8/4/2/7/8/84278d55b22329a6a5669e8ffc1027d615da8bab10c97b677326fde2
[2024-10-03T08:49:57.841+0000] {processor.py:830} INFO - Processing file /opt/airflow/dags/.cache/pip/http/8/4/2/7/8/84278d55b22329a6a5669e8ffc1027d615da8bab10c97b677326fde2 for tasks to queue
[2024-10-03T08:49:57.842+0000] {logging_mixin.py:188} INFO - [2024-10-03T08:49:57.842+0000] {dagbag.py:545} INFO - Filling up the DagBag from /opt/airflow/dags/.cache/pip/http/8/4/2/7/8/84278d55b22329a6a5669e8ffc1027d615da8bab10c97b677326fde2
[2024-10-03T08:49:57.873+0000] {processor.py:842} WARNING - No viable dags retrieved from /opt/airflow/dags/.cache/pip/http/8/4/2/7/8/84278d55b22329a6a5669e8ffc1027d615da8bab10c97b677326fde2
[2024-10-03T08:49:57.884+0000] {processor.py:183} INFO - Processing /opt/airflow/dags/.cache/pip/http/8/4/2/7/8/84278d55b22329a6a5669e8ffc1027d615da8bab10c97b677326fde2 took 0.051 seconds
[2024-10-03T08:50:30.175+0000] {processor.py:161} INFO - Started process (PID=4043) to work on /opt/airflow/dags/.cache/pip/http/8/4/2/7/8/84278d55b22329a6a5669e8ffc1027d615da8bab10c97b677326fde2
[2024-10-03T08:50:30.176+0000] {processor.py:830} INFO - Processing file /opt/airflow/dags/.cache/pip/http/8/4/2/7/8/84278d55b22329a6a5669e8ffc1027d615da8bab10c97b677326fde2 for tasks to queue
[2024-10-03T08:50:30.179+0000] {logging_mixin.py:188} INFO - [2024-10-03T08:50:30.178+0000] {dagbag.py:545} INFO - Filling up the DagBag from /opt/airflow/dags/.cache/pip/http/8/4/2/7/8/84278d55b22329a6a5669e8ffc1027d615da8bab10c97b677326fde2
[2024-10-03T08:50:30.306+0000] {processor.py:842} WARNING - No viable dags retrieved from /opt/airflow/dags/.cache/pip/http/8/4/2/7/8/84278d55b22329a6a5669e8ffc1027d615da8bab10c97b677326fde2
[2024-10-03T08:50:30.333+0000] {processor.py:183} INFO - Processing /opt/airflow/dags/.cache/pip/http/8/4/2/7/8/84278d55b22329a6a5669e8ffc1027d615da8bab10c97b677326fde2 took 0.163 seconds
[2024-10-03T08:56:32.525+0000] {processor.py:161} INFO - Started process (PID=4436) to work on /opt/airflow/dags/.cache/pip/http/8/4/2/7/8/84278d55b22329a6a5669e8ffc1027d615da8bab10c97b677326fde2
[2024-10-03T08:56:32.528+0000] {processor.py:830} INFO - Processing file /opt/airflow/dags/.cache/pip/http/8/4/2/7/8/84278d55b22329a6a5669e8ffc1027d615da8bab10c97b677326fde2 for tasks to queue
[2024-10-03T08:56:32.533+0000] {logging_mixin.py:188} INFO - [2024-10-03T08:56:32.532+0000] {dagbag.py:545} INFO - Filling up the DagBag from /opt/airflow/dags/.cache/pip/http/8/4/2/7/8/84278d55b22329a6a5669e8ffc1027d615da8bab10c97b677326fde2
[2024-10-03T08:56:32.578+0000] {processor.py:842} WARNING - No viable dags retrieved from /opt/airflow/dags/.cache/pip/http/8/4/2/7/8/84278d55b22329a6a5669e8ffc1027d615da8bab10c97b677326fde2
[2024-10-03T08:56:32.592+0000] {processor.py:183} INFO - Processing /opt/airflow/dags/.cache/pip/http/8/4/2/7/8/84278d55b22329a6a5669e8ffc1027d615da8bab10c97b677326fde2 took 0.078 seconds
[2024-10-03T08:57:04.387+0000] {processor.py:161} INFO - Started process (PID=4688) to work on /opt/airflow/dags/.cache/pip/http/8/4/2/7/8/84278d55b22329a6a5669e8ffc1027d615da8bab10c97b677326fde2
[2024-10-03T08:57:04.388+0000] {processor.py:830} INFO - Processing file /opt/airflow/dags/.cache/pip/http/8/4/2/7/8/84278d55b22329a6a5669e8ffc1027d615da8bab10c97b677326fde2 for tasks to queue
[2024-10-03T08:57:04.389+0000] {logging_mixin.py:188} INFO - [2024-10-03T08:57:04.389+0000] {dagbag.py:545} INFO - Filling up the DagBag from /opt/airflow/dags/.cache/pip/http/8/4/2/7/8/84278d55b22329a6a5669e8ffc1027d615da8bab10c97b677326fde2
[2024-10-03T08:57:04.409+0000] {processor.py:842} WARNING - No viable dags retrieved from /opt/airflow/dags/.cache/pip/http/8/4/2/7/8/84278d55b22329a6a5669e8ffc1027d615da8bab10c97b677326fde2
[2024-10-03T08:57:04.419+0000] {processor.py:183} INFO - Processing /opt/airflow/dags/.cache/pip/http/8/4/2/7/8/84278d55b22329a6a5669e8ffc1027d615da8bab10c97b677326fde2 took 0.038 seconds
