[2024-10-02T19:09:14.564+0000] {local_task_job_runner.py:120} INFO - ::group::Pre task execution logs
[2024-10-02T19:09:14.583+0000] {taskinstance.py:2076} INFO - Dependencies all met for dep_context=non-requeueable deps ti=<TaskInstance: decision_tree_classifier_dag.dtc_prepare_data manual__2024-10-02T19:09:06.330855+00:00 [queued]>
[2024-10-02T19:09:14.590+0000] {taskinstance.py:2076} INFO - Dependencies all met for dep_context=requeueable deps ti=<TaskInstance: decision_tree_classifier_dag.dtc_prepare_data manual__2024-10-02T19:09:06.330855+00:00 [queued]>
[2024-10-02T19:09:14.591+0000] {taskinstance.py:2306} INFO - Starting attempt 1 of 1
[2024-10-02T19:09:14.605+0000] {taskinstance.py:2330} INFO - Executing <Task(PythonOperator): dtc_prepare_data> on 2024-10-02 19:09:06.330855+00:00
[2024-10-02T19:09:14.615+0000] {standard_task_runner.py:64} INFO - Started process 65410 to run task
[2024-10-02T19:09:14.618+0000] {standard_task_runner.py:90} INFO - Running: ['***', 'tasks', 'run', 'decision_tree_classifier_dag', 'dtc_prepare_data', 'manual__2024-10-02T19:09:06.330855+00:00', '--job-id', '685', '--raw', '--subdir', 'DAGS_FOLDER/***/dags/.ipynb_checkpoints/hw1-checkpoint.py', '--cfg-path', '/tmp/tmpn4ps5f19']
[2024-10-02T19:09:14.621+0000] {standard_task_runner.py:91} INFO - Job 685: Subtask dtc_prepare_data
[2024-10-02T19:09:14.668+0000] {task_command.py:426} INFO - Running <TaskInstance: decision_tree_classifier_dag.dtc_prepare_data manual__2024-10-02T19:09:06.330855+00:00 [running]> on host 8c9143e9e59a
[2024-10-02T19:09:14.761+0000] {taskinstance.py:2648} INFO - Exporting env vars: AIRFLOW_CTX_DAG_EMAIL='alexvlg34@gmail.com' AIRFLOW_CTX_DAG_OWNER='Alex Trigolos' AIRFLOW_CTX_DAG_ID='decision_tree_classifier_dag' AIRFLOW_CTX_TASK_ID='dtc_prepare_data' AIRFLOW_CTX_EXECUTION_DATE='2024-10-02T19:09:06.330855+00:00' AIRFLOW_CTX_TRY_NUMBER='1' AIRFLOW_CTX_DAG_RUN_ID='manual__2024-10-02T19:09:06.330855+00:00'
[2024-10-02T19:09:14.763+0000] {taskinstance.py:430} INFO - ::endgroup::
[2024-10-02T19:09:14.776+0000] {hw1-checkpoint.py:107} INFO - Prepare data...
[2024-10-02T19:09:14.777+0000] {s3.py:1422} INFO - Downloading source S3 file from Bucket testmlops with path AlexTrigolos/DecisionTreeClassifier/datasets/dataset.pkl
[2024-10-02T19:09:14.786+0000] {base.py:84} INFO - Using connection ID 's3_connection' for task execution.
[2024-10-02T19:09:14.788+0000] {connection_wrapper.py:388} INFO - AWS Connection (conn_id='s3_connection', conn_type='aws') credentials retrieved from login and password.
[2024-10-02T19:09:15.234+0000] {hw1-checkpoint.py:78} INFO - /tmp/***_tmp_3783sp7m
[2024-10-02T19:09:15.314+0000] {base.py:84} INFO - Using connection ID 's3_connection' for task execution.
[2024-10-02T19:09:15.315+0000] {connection_wrapper.py:388} INFO - AWS Connection (conn_id='s3_connection', conn_type='aws') credentials retrieved from login and password.
[2024-10-02T19:09:15.816+0000] {base.py:84} INFO - Using connection ID 's3_connection' for task execution.
[2024-10-02T19:09:15.817+0000] {connection_wrapper.py:388} INFO - AWS Connection (conn_id='s3_connection', conn_type='aws') credentials retrieved from login and password.
[2024-10-02T19:09:16.037+0000] {base.py:84} INFO - Using connection ID 's3_connection' for task execution.
[2024-10-02T19:09:16.039+0000] {connection_wrapper.py:388} INFO - AWS Connection (conn_id='s3_connection', conn_type='aws') credentials retrieved from login and password.
[2024-10-02T19:09:16.252+0000] {base.py:84} INFO - Using connection ID 's3_connection' for task execution.
[2024-10-02T19:09:16.253+0000] {connection_wrapper.py:388} INFO - AWS Connection (conn_id='s3_connection', conn_type='aws') credentials retrieved from login and password.
[2024-10-02T19:09:16.704+0000] {hw1-checkpoint.py:133} INFO - Prepared data.
[2024-10-02T19:09:16.706+0000] {python.py:237} INFO - Done. Returned value was: None
[2024-10-02T19:09:16.707+0000] {taskinstance.py:441} INFO - ::group::Post task execution logs
[2024-10-02T19:09:16.722+0000] {taskinstance.py:1206} INFO - Marking task as SUCCESS. dag_id=decision_tree_classifier_dag, task_id=dtc_prepare_data, run_id=manual__2024-10-02T19:09:06.330855+00:00, execution_date=20241002T190906, start_date=20241002T190914, end_date=20241002T190916
[2024-10-02T19:09:16.761+0000] {local_task_job_runner.py:243} INFO - Task exited with return code 0
[2024-10-02T19:09:16.794+0000] {taskinstance.py:3503} INFO - 1 downstream tasks scheduled from follow-on schedule check
[2024-10-02T19:09:16.798+0000] {local_task_job_runner.py:222} INFO - ::endgroup::
