[2024-10-04T06:38:43.669+0000] {local_task_job_runner.py:120} INFO - ::group::Pre task execution logs
[2024-10-04T06:38:43.686+0000] {taskinstance.py:2076} INFO - Dependencies all met for dep_context=non-requeueable deps ti=<TaskInstance: gradient_boosting_classifier_dag.gbc_get_data scheduled__2024-10-03T01:00:00+00:00 [queued]>
[2024-10-04T06:38:43.695+0000] {taskinstance.py:2076} INFO - Dependencies all met for dep_context=requeueable deps ti=<TaskInstance: gradient_boosting_classifier_dag.gbc_get_data scheduled__2024-10-03T01:00:00+00:00 [queued]>
[2024-10-04T06:38:43.696+0000] {taskinstance.py:2306} INFO - Starting attempt 1 of 1
[2024-10-04T06:38:43.709+0000] {taskinstance.py:2330} INFO - Executing <Task(PythonOperator): gbc_get_data> on 2024-10-03 01:00:00+00:00
[2024-10-04T06:38:43.717+0000] {standard_task_runner.py:64} INFO - Started process 49120 to run task
[2024-10-04T06:38:43.720+0000] {standard_task_runner.py:90} INFO - Running: ['***', 'tasks', 'run', 'gradient_boosting_classifier_dag', 'gbc_get_data', 'scheduled__2024-10-03T01:00:00+00:00', '--job-id', '773', '--raw', '--subdir', 'DAGS_FOLDER/***/dags/.ipynb_checkpoints/hw1-checkpoint.py', '--cfg-path', '/tmp/tmp_ro3q701']
[2024-10-04T06:38:43.722+0000] {standard_task_runner.py:91} INFO - Job 773: Subtask gbc_get_data
[2024-10-04T06:38:43.766+0000] {task_command.py:426} INFO - Running <TaskInstance: gradient_boosting_classifier_dag.gbc_get_data scheduled__2024-10-03T01:00:00+00:00 [running]> on host 4b5f1410d111
[2024-10-04T06:38:43.846+0000] {taskinstance.py:2648} INFO - Exporting env vars: AIRFLOW_CTX_DAG_EMAIL='alexvlg34@gmail.com' AIRFLOW_CTX_DAG_OWNER='Alex Trigolos' AIRFLOW_CTX_DAG_ID='gradient_boosting_classifier_dag' AIRFLOW_CTX_TASK_ID='gbc_get_data' AIRFLOW_CTX_EXECUTION_DATE='2024-10-03T01:00:00+00:00' AIRFLOW_CTX_TRY_NUMBER='1' AIRFLOW_CTX_DAG_RUN_ID='scheduled__2024-10-03T01:00:00+00:00'
[2024-10-04T06:38:43.848+0000] {taskinstance.py:430} INFO - ::endgroup::
[2024-10-04T06:38:43.860+0000] {hw1-checkpoint.py:91} INFO - Get data...
[2024-10-04T06:38:44.288+0000] {base.py:84} INFO - Using connection ID 's3_connection' for task execution.
[2024-10-04T06:38:44.289+0000] {connection_wrapper.py:388} INFO - AWS Connection (conn_id='s3_connection', conn_type='aws') credentials retrieved from login and password.
[2024-10-04T06:38:44.825+0000] {hw1-checkpoint.py:103} INFO - Finish get data.
[2024-10-04T06:38:44.826+0000] {python.py:237} INFO - Done. Returned value was: None
[2024-10-04T06:38:44.827+0000] {taskinstance.py:441} INFO - ::group::Post task execution logs
[2024-10-04T06:38:44.835+0000] {taskinstance.py:1206} INFO - Marking task as SUCCESS. dag_id=gradient_boosting_classifier_dag, task_id=gbc_get_data, run_id=scheduled__2024-10-03T01:00:00+00:00, execution_date=20241003T010000, start_date=20241004T063843, end_date=20241004T063844
[2024-10-04T06:38:44.898+0000] {local_task_job_runner.py:243} INFO - Task exited with return code 0
[2024-10-04T06:38:44.918+0000] {taskinstance.py:3503} INFO - 1 downstream tasks scheduled from follow-on schedule check
[2024-10-04T06:38:44.921+0000] {local_task_job_runner.py:222} INFO - ::endgroup::
