[2024-09-24T18:54:14.730+0000] {local_task_job_runner.py:120} INFO - ::group::Pre task execution logs
[2024-09-24T18:54:14.743+0000] {taskinstance.py:2076} INFO - Dependencies all met for dep_context=non-requeueable deps ti=<TaskInstance: decision_tree_classifier_dag.dtc_prepare_data manual__2024-09-24T18:54:07.810064+00:00 [queued]>
[2024-09-24T18:54:14.750+0000] {taskinstance.py:2076} INFO - Dependencies all met for dep_context=requeueable deps ti=<TaskInstance: decision_tree_classifier_dag.dtc_prepare_data manual__2024-09-24T18:54:07.810064+00:00 [queued]>
[2024-09-24T18:54:14.750+0000] {taskinstance.py:2306} INFO - Starting attempt 1 of 1
[2024-09-24T18:54:14.761+0000] {taskinstance.py:2330} INFO - Executing <Task(PythonOperator): dtc_prepare_data> on 2024-09-24 18:54:07.810064+00:00
[2024-09-24T18:54:14.768+0000] {standard_task_runner.py:64} INFO - Started process 48780 to run task
[2024-09-24T18:54:14.770+0000] {standard_task_runner.py:90} INFO - Running: ['***', 'tasks', 'run', 'decision_tree_classifier_dag', 'dtc_prepare_data', 'manual__2024-09-24T18:54:07.810064+00:00', '--job-id', '474', '--raw', '--subdir', 'DAGS_FOLDER/***/dags/.ipynb_checkpoints/hw1-checkpoint.py', '--cfg-path', '/tmp/tmpdvhgb9r4']
[2024-09-24T18:54:14.772+0000] {standard_task_runner.py:91} INFO - Job 474: Subtask dtc_prepare_data
[2024-09-24T18:54:14.808+0000] {task_command.py:426} INFO - Running <TaskInstance: decision_tree_classifier_dag.dtc_prepare_data manual__2024-09-24T18:54:07.810064+00:00 [running]> on host 82997fc6deb7
[2024-09-24T18:54:14.872+0000] {taskinstance.py:2648} INFO - Exporting env vars: AIRFLOW_CTX_DAG_EMAIL='alexvlg34@gmail.com' AIRFLOW_CTX_DAG_OWNER='Alex Trigolos' AIRFLOW_CTX_DAG_ID='decision_tree_classifier_dag' AIRFLOW_CTX_TASK_ID='dtc_prepare_data' AIRFLOW_CTX_EXECUTION_DATE='2024-09-24T18:54:07.810064+00:00' AIRFLOW_CTX_TRY_NUMBER='1' AIRFLOW_CTX_DAG_RUN_ID='manual__2024-09-24T18:54:07.810064+00:00'
[2024-09-24T18:54:14.874+0000] {taskinstance.py:430} INFO - ::endgroup::
[2024-09-24T18:54:14.883+0000] {hw1-checkpoint.py:115} INFO - Prepare data...
[2024-09-24T18:54:14.884+0000] {s3.py:1422} INFO - Downloading source S3 file from Bucket testmlops with path AlexTrigolos/DecisionTreeClassifier/datasets/dataset.pkl
[2024-09-24T18:54:14.891+0000] {base.py:84} INFO - Using connection ID 's3_connection' for task execution.
[2024-09-24T18:54:14.892+0000] {connection_wrapper.py:388} INFO - AWS Connection (conn_id='s3_connection', conn_type='aws') credentials retrieved from login and password.
[2024-09-24T18:54:15.272+0000] {hw1-checkpoint.py:86} INFO - /tmp/***_tmp__oq1elml
[2024-09-24T18:54:15.327+0000] {base.py:84} INFO - Using connection ID 's3_connection' for task execution.
[2024-09-24T18:54:15.328+0000] {connection_wrapper.py:388} INFO - AWS Connection (conn_id='s3_connection', conn_type='aws') credentials retrieved from login and password.
[2024-09-24T18:54:15.654+0000] {base.py:84} INFO - Using connection ID 's3_connection' for task execution.
[2024-09-24T18:54:15.656+0000] {connection_wrapper.py:388} INFO - AWS Connection (conn_id='s3_connection', conn_type='aws') credentials retrieved from login and password.
[2024-09-24T18:54:15.811+0000] {base.py:84} INFO - Using connection ID 's3_connection' for task execution.
[2024-09-24T18:54:15.812+0000] {connection_wrapper.py:388} INFO - AWS Connection (conn_id='s3_connection', conn_type='aws') credentials retrieved from login and password.
[2024-09-24T18:54:15.990+0000] {base.py:84} INFO - Using connection ID 's3_connection' for task execution.
[2024-09-24T18:54:15.992+0000] {connection_wrapper.py:388} INFO - AWS Connection (conn_id='s3_connection', conn_type='aws') credentials retrieved from login and password.
[2024-09-24T18:54:16.327+0000] {hw1-checkpoint.py:141} INFO - Prepared data.
[2024-09-24T18:54:16.328+0000] {python.py:237} INFO - Done. Returned value was: None
[2024-09-24T18:54:16.329+0000] {taskinstance.py:441} INFO - ::group::Post task execution logs
[2024-09-24T18:54:16.337+0000] {taskinstance.py:1206} INFO - Marking task as SUCCESS. dag_id=decision_tree_classifier_dag, task_id=dtc_prepare_data, run_id=manual__2024-09-24T18:54:07.810064+00:00, execution_date=20240924T185407, start_date=20240924T185414, end_date=20240924T185416
[2024-09-24T18:54:16.390+0000] {local_task_job_runner.py:243} INFO - Task exited with return code 0
[2024-09-24T18:54:16.409+0000] {taskinstance.py:3503} INFO - 1 downstream tasks scheduled from follow-on schedule check
[2024-09-24T18:54:16.411+0000] {local_task_job_runner.py:222} INFO - ::endgroup::
