[2024-09-24T20:22:11.604+0000] {processor.py:161} INFO - Started process (PID=462) to work on /opt/airflow/dags/.cache/pip/http/4/d/b/e/1/4dbe15df7eaa17d5d201ff075501c0f5195926086f2eab6efcb9e71a
[2024-09-24T20:22:11.607+0000] {processor.py:830} INFO - Processing file /opt/airflow/dags/.cache/pip/http/4/d/b/e/1/4dbe15df7eaa17d5d201ff075501c0f5195926086f2eab6efcb9e71a for tasks to queue
[2024-09-24T20:22:11.611+0000] {logging_mixin.py:188} INFO - [2024-09-24T20:22:11.611+0000] {dagbag.py:545} INFO - Filling up the DagBag from /opt/airflow/dags/.cache/pip/http/4/d/b/e/1/4dbe15df7eaa17d5d201ff075501c0f5195926086f2eab6efcb9e71a
[2024-09-24T20:22:11.835+0000] {processor.py:842} WARNING - No viable dags retrieved from /opt/airflow/dags/.cache/pip/http/4/d/b/e/1/4dbe15df7eaa17d5d201ff075501c0f5195926086f2eab6efcb9e71a
[2024-09-24T20:22:11.872+0000] {processor.py:183} INFO - Processing /opt/airflow/dags/.cache/pip/http/4/d/b/e/1/4dbe15df7eaa17d5d201ff075501c0f5195926086f2eab6efcb9e71a took 0.279 seconds
[2024-09-24T20:22:44.724+0000] {processor.py:161} INFO - Started process (PID=734) to work on /opt/airflow/dags/.cache/pip/http/4/d/b/e/1/4dbe15df7eaa17d5d201ff075501c0f5195926086f2eab6efcb9e71a
[2024-09-24T20:22:44.725+0000] {processor.py:830} INFO - Processing file /opt/airflow/dags/.cache/pip/http/4/d/b/e/1/4dbe15df7eaa17d5d201ff075501c0f5195926086f2eab6efcb9e71a for tasks to queue
[2024-09-24T20:22:44.727+0000] {logging_mixin.py:188} INFO - [2024-09-24T20:22:44.727+0000] {dagbag.py:545} INFO - Filling up the DagBag from /opt/airflow/dags/.cache/pip/http/4/d/b/e/1/4dbe15df7eaa17d5d201ff075501c0f5195926086f2eab6efcb9e71a
[2024-09-24T20:22:44.759+0000] {processor.py:842} WARNING - No viable dags retrieved from /opt/airflow/dags/.cache/pip/http/4/d/b/e/1/4dbe15df7eaa17d5d201ff075501c0f5195926086f2eab6efcb9e71a
[2024-09-24T20:22:44.777+0000] {processor.py:183} INFO - Processing /opt/airflow/dags/.cache/pip/http/4/d/b/e/1/4dbe15df7eaa17d5d201ff075501c0f5195926086f2eab6efcb9e71a took 0.061 seconds
[2024-09-24T20:27:57.599+0000] {processor.py:161} INFO - Started process (PID=466) to work on /opt/airflow/dags/.cache/pip/http/4/d/b/e/1/4dbe15df7eaa17d5d201ff075501c0f5195926086f2eab6efcb9e71a
[2024-09-24T20:27:57.600+0000] {processor.py:830} INFO - Processing file /opt/airflow/dags/.cache/pip/http/4/d/b/e/1/4dbe15df7eaa17d5d201ff075501c0f5195926086f2eab6efcb9e71a for tasks to queue
[2024-09-24T20:27:57.603+0000] {logging_mixin.py:188} INFO - [2024-09-24T20:27:57.602+0000] {dagbag.py:545} INFO - Filling up the DagBag from /opt/airflow/dags/.cache/pip/http/4/d/b/e/1/4dbe15df7eaa17d5d201ff075501c0f5195926086f2eab6efcb9e71a
[2024-09-24T20:27:57.627+0000] {processor.py:842} WARNING - No viable dags retrieved from /opt/airflow/dags/.cache/pip/http/4/d/b/e/1/4dbe15df7eaa17d5d201ff075501c0f5195926086f2eab6efcb9e71a
[2024-09-24T20:27:57.636+0000] {processor.py:183} INFO - Processing /opt/airflow/dags/.cache/pip/http/4/d/b/e/1/4dbe15df7eaa17d5d201ff075501c0f5195926086f2eab6efcb9e71a took 0.046 seconds
[2024-09-24T20:28:30.663+0000] {processor.py:161} INFO - Started process (PID=740) to work on /opt/airflow/dags/.cache/pip/http/4/d/b/e/1/4dbe15df7eaa17d5d201ff075501c0f5195926086f2eab6efcb9e71a
[2024-09-24T20:28:30.665+0000] {processor.py:830} INFO - Processing file /opt/airflow/dags/.cache/pip/http/4/d/b/e/1/4dbe15df7eaa17d5d201ff075501c0f5195926086f2eab6efcb9e71a for tasks to queue
[2024-09-24T20:28:30.668+0000] {logging_mixin.py:188} INFO - [2024-09-24T20:28:30.667+0000] {dagbag.py:545} INFO - Filling up the DagBag from /opt/airflow/dags/.cache/pip/http/4/d/b/e/1/4dbe15df7eaa17d5d201ff075501c0f5195926086f2eab6efcb9e71a
[2024-09-24T20:28:30.690+0000] {processor.py:842} WARNING - No viable dags retrieved from /opt/airflow/dags/.cache/pip/http/4/d/b/e/1/4dbe15df7eaa17d5d201ff075501c0f5195926086f2eab6efcb9e71a
[2024-09-24T20:28:30.701+0000] {processor.py:183} INFO - Processing /opt/airflow/dags/.cache/pip/http/4/d/b/e/1/4dbe15df7eaa17d5d201ff075501c0f5195926086f2eab6efcb9e71a took 0.047 seconds
[2024-09-24T20:29:02.672+0000] {processor.py:161} INFO - Started process (PID=1014) to work on /opt/airflow/dags/.cache/pip/http/4/d/b/e/1/4dbe15df7eaa17d5d201ff075501c0f5195926086f2eab6efcb9e71a
[2024-09-24T20:29:02.674+0000] {processor.py:830} INFO - Processing file /opt/airflow/dags/.cache/pip/http/4/d/b/e/1/4dbe15df7eaa17d5d201ff075501c0f5195926086f2eab6efcb9e71a for tasks to queue
[2024-09-24T20:29:02.676+0000] {logging_mixin.py:188} INFO - [2024-09-24T20:29:02.675+0000] {dagbag.py:545} INFO - Filling up the DagBag from /opt/airflow/dags/.cache/pip/http/4/d/b/e/1/4dbe15df7eaa17d5d201ff075501c0f5195926086f2eab6efcb9e71a
[2024-09-24T20:29:02.701+0000] {processor.py:842} WARNING - No viable dags retrieved from /opt/airflow/dags/.cache/pip/http/4/d/b/e/1/4dbe15df7eaa17d5d201ff075501c0f5195926086f2eab6efcb9e71a
[2024-09-24T20:29:02.710+0000] {processor.py:183} INFO - Processing /opt/airflow/dags/.cache/pip/http/4/d/b/e/1/4dbe15df7eaa17d5d201ff075501c0f5195926086f2eab6efcb9e71a took 0.047 seconds
[2024-09-24T20:29:34.348+0000] {processor.py:161} INFO - Started process (PID=1286) to work on /opt/airflow/dags/.cache/pip/http/4/d/b/e/1/4dbe15df7eaa17d5d201ff075501c0f5195926086f2eab6efcb9e71a
[2024-09-24T20:29:34.348+0000] {processor.py:830} INFO - Processing file /opt/airflow/dags/.cache/pip/http/4/d/b/e/1/4dbe15df7eaa17d5d201ff075501c0f5195926086f2eab6efcb9e71a for tasks to queue
[2024-09-24T20:29:34.350+0000] {logging_mixin.py:188} INFO - [2024-09-24T20:29:34.350+0000] {dagbag.py:545} INFO - Filling up the DagBag from /opt/airflow/dags/.cache/pip/http/4/d/b/e/1/4dbe15df7eaa17d5d201ff075501c0f5195926086f2eab6efcb9e71a
[2024-09-24T20:29:34.373+0000] {processor.py:842} WARNING - No viable dags retrieved from /opt/airflow/dags/.cache/pip/http/4/d/b/e/1/4dbe15df7eaa17d5d201ff075501c0f5195926086f2eab6efcb9e71a
[2024-09-24T20:29:34.383+0000] {processor.py:183} INFO - Processing /opt/airflow/dags/.cache/pip/http/4/d/b/e/1/4dbe15df7eaa17d5d201ff075501c0f5195926086f2eab6efcb9e71a took 0.039 seconds
[2024-09-24T20:30:05.597+0000] {processor.py:161} INFO - Started process (PID=1560) to work on /opt/airflow/dags/.cache/pip/http/4/d/b/e/1/4dbe15df7eaa17d5d201ff075501c0f5195926086f2eab6efcb9e71a
[2024-09-24T20:30:05.598+0000] {processor.py:830} INFO - Processing file /opt/airflow/dags/.cache/pip/http/4/d/b/e/1/4dbe15df7eaa17d5d201ff075501c0f5195926086f2eab6efcb9e71a for tasks to queue
[2024-09-24T20:30:05.602+0000] {logging_mixin.py:188} INFO - [2024-09-24T20:30:05.601+0000] {dagbag.py:545} INFO - Filling up the DagBag from /opt/airflow/dags/.cache/pip/http/4/d/b/e/1/4dbe15df7eaa17d5d201ff075501c0f5195926086f2eab6efcb9e71a
[2024-09-24T20:30:05.618+0000] {processor.py:842} WARNING - No viable dags retrieved from /opt/airflow/dags/.cache/pip/http/4/d/b/e/1/4dbe15df7eaa17d5d201ff075501c0f5195926086f2eab6efcb9e71a
[2024-09-24T20:30:05.630+0000] {processor.py:183} INFO - Processing /opt/airflow/dags/.cache/pip/http/4/d/b/e/1/4dbe15df7eaa17d5d201ff075501c0f5195926086f2eab6efcb9e71a took 0.038 seconds
[2024-09-24T20:30:38.257+0000] {processor.py:161} INFO - Started process (PID=1834) to work on /opt/airflow/dags/.cache/pip/http/4/d/b/e/1/4dbe15df7eaa17d5d201ff075501c0f5195926086f2eab6efcb9e71a
[2024-09-24T20:30:38.258+0000] {processor.py:830} INFO - Processing file /opt/airflow/dags/.cache/pip/http/4/d/b/e/1/4dbe15df7eaa17d5d201ff075501c0f5195926086f2eab6efcb9e71a for tasks to queue
[2024-09-24T20:30:38.259+0000] {logging_mixin.py:188} INFO - [2024-09-24T20:30:38.259+0000] {dagbag.py:545} INFO - Filling up the DagBag from /opt/airflow/dags/.cache/pip/http/4/d/b/e/1/4dbe15df7eaa17d5d201ff075501c0f5195926086f2eab6efcb9e71a
[2024-09-24T20:30:38.304+0000] {processor.py:842} WARNING - No viable dags retrieved from /opt/airflow/dags/.cache/pip/http/4/d/b/e/1/4dbe15df7eaa17d5d201ff075501c0f5195926086f2eab6efcb9e71a
[2024-09-24T20:30:38.317+0000] {processor.py:183} INFO - Processing /opt/airflow/dags/.cache/pip/http/4/d/b/e/1/4dbe15df7eaa17d5d201ff075501c0f5195926086f2eab6efcb9e71a took 0.064 seconds
[2024-09-24T20:31:10.402+0000] {processor.py:161} INFO - Started process (PID=2108) to work on /opt/airflow/dags/.cache/pip/http/4/d/b/e/1/4dbe15df7eaa17d5d201ff075501c0f5195926086f2eab6efcb9e71a
[2024-09-24T20:31:10.403+0000] {processor.py:830} INFO - Processing file /opt/airflow/dags/.cache/pip/http/4/d/b/e/1/4dbe15df7eaa17d5d201ff075501c0f5195926086f2eab6efcb9e71a for tasks to queue
[2024-09-24T20:31:10.404+0000] {logging_mixin.py:188} INFO - [2024-09-24T20:31:10.404+0000] {dagbag.py:545} INFO - Filling up the DagBag from /opt/airflow/dags/.cache/pip/http/4/d/b/e/1/4dbe15df7eaa17d5d201ff075501c0f5195926086f2eab6efcb9e71a
[2024-09-24T20:31:10.454+0000] {processor.py:842} WARNING - No viable dags retrieved from /opt/airflow/dags/.cache/pip/http/4/d/b/e/1/4dbe15df7eaa17d5d201ff075501c0f5195926086f2eab6efcb9e71a
[2024-09-24T20:31:10.468+0000] {processor.py:183} INFO - Processing /opt/airflow/dags/.cache/pip/http/4/d/b/e/1/4dbe15df7eaa17d5d201ff075501c0f5195926086f2eab6efcb9e71a took 0.071 seconds
[2024-09-24T20:31:42.525+0000] {processor.py:161} INFO - Started process (PID=2383) to work on /opt/airflow/dags/.cache/pip/http/4/d/b/e/1/4dbe15df7eaa17d5d201ff075501c0f5195926086f2eab6efcb9e71a
[2024-09-24T20:31:42.526+0000] {processor.py:830} INFO - Processing file /opt/airflow/dags/.cache/pip/http/4/d/b/e/1/4dbe15df7eaa17d5d201ff075501c0f5195926086f2eab6efcb9e71a for tasks to queue
[2024-09-24T20:31:42.529+0000] {logging_mixin.py:188} INFO - [2024-09-24T20:31:42.528+0000] {dagbag.py:545} INFO - Filling up the DagBag from /opt/airflow/dags/.cache/pip/http/4/d/b/e/1/4dbe15df7eaa17d5d201ff075501c0f5195926086f2eab6efcb9e71a
[2024-09-24T20:31:42.549+0000] {processor.py:842} WARNING - No viable dags retrieved from /opt/airflow/dags/.cache/pip/http/4/d/b/e/1/4dbe15df7eaa17d5d201ff075501c0f5195926086f2eab6efcb9e71a
[2024-09-24T20:31:42.559+0000] {processor.py:183} INFO - Processing /opt/airflow/dags/.cache/pip/http/4/d/b/e/1/4dbe15df7eaa17d5d201ff075501c0f5195926086f2eab6efcb9e71a took 0.041 seconds
[2024-09-24T20:32:28.668+0000] {processor.py:161} INFO - Started process (PID=2661) to work on /opt/airflow/dags/.cache/pip/http/4/d/b/e/1/4dbe15df7eaa17d5d201ff075501c0f5195926086f2eab6efcb9e71a
[2024-09-24T20:32:28.669+0000] {processor.py:830} INFO - Processing file /opt/airflow/dags/.cache/pip/http/4/d/b/e/1/4dbe15df7eaa17d5d201ff075501c0f5195926086f2eab6efcb9e71a for tasks to queue
[2024-09-24T20:32:28.671+0000] {logging_mixin.py:188} INFO - [2024-09-24T20:32:28.671+0000] {dagbag.py:545} INFO - Filling up the DagBag from /opt/airflow/dags/.cache/pip/http/4/d/b/e/1/4dbe15df7eaa17d5d201ff075501c0f5195926086f2eab6efcb9e71a
[2024-09-24T20:32:28.709+0000] {processor.py:842} WARNING - No viable dags retrieved from /opt/airflow/dags/.cache/pip/http/4/d/b/e/1/4dbe15df7eaa17d5d201ff075501c0f5195926086f2eab6efcb9e71a
[2024-09-24T20:32:28.725+0000] {processor.py:183} INFO - Processing /opt/airflow/dags/.cache/pip/http/4/d/b/e/1/4dbe15df7eaa17d5d201ff075501c0f5195926086f2eab6efcb9e71a took 0.061 seconds
