[2024-10-02T19:09:04.629+0000] {local_task_job_runner.py:120} INFO - ::group::Pre task execution logs
[2024-10-02T19:09:04.646+0000] {taskinstance.py:2076} INFO - Dependencies all met for dep_context=non-requeueable deps ti=<TaskInstance: gradient_boosting_classifier_dag.gbc_prepare_data manual__2024-10-02T19:08:53.800366+00:00 [queued]>
[2024-10-02T19:09:04.656+0000] {taskinstance.py:2076} INFO - Dependencies all met for dep_context=requeueable deps ti=<TaskInstance: gradient_boosting_classifier_dag.gbc_prepare_data manual__2024-10-02T19:08:53.800366+00:00 [queued]>
[2024-10-02T19:09:04.657+0000] {taskinstance.py:2306} INFO - Starting attempt 1 of 1
[2024-10-02T19:09:04.671+0000] {taskinstance.py:2330} INFO - Executing <Task(PythonOperator): gbc_prepare_data> on 2024-10-02 19:08:53.800366+00:00
[2024-10-02T19:09:04.682+0000] {standard_task_runner.py:64} INFO - Started process 65116 to run task
[2024-10-02T19:09:04.687+0000] {standard_task_runner.py:90} INFO - Running: ['***', 'tasks', 'run', 'gradient_boosting_classifier_dag', 'gbc_prepare_data', 'manual__2024-10-02T19:08:53.800366+00:00', '--job-id', '678', '--raw', '--subdir', 'DAGS_FOLDER/***/dags/.ipynb_checkpoints/hw1-checkpoint.py', '--cfg-path', '/tmp/tmp5xmuhqad']
[2024-10-02T19:09:04.691+0000] {standard_task_runner.py:91} INFO - Job 678: Subtask gbc_prepare_data
[2024-10-02T19:09:04.742+0000] {task_command.py:426} INFO - Running <TaskInstance: gradient_boosting_classifier_dag.gbc_prepare_data manual__2024-10-02T19:08:53.800366+00:00 [running]> on host 8c9143e9e59a
[2024-10-02T19:09:04.842+0000] {taskinstance.py:2648} INFO - Exporting env vars: AIRFLOW_CTX_DAG_EMAIL='alexvlg34@gmail.com' AIRFLOW_CTX_DAG_OWNER='Alex Trigolos' AIRFLOW_CTX_DAG_ID='gradient_boosting_classifier_dag' AIRFLOW_CTX_TASK_ID='gbc_prepare_data' AIRFLOW_CTX_EXECUTION_DATE='2024-10-02T19:08:53.800366+00:00' AIRFLOW_CTX_TRY_NUMBER='1' AIRFLOW_CTX_DAG_RUN_ID='manual__2024-10-02T19:08:53.800366+00:00'
[2024-10-02T19:09:04.843+0000] {taskinstance.py:430} INFO - ::endgroup::
[2024-10-02T19:09:04.858+0000] {hw1-checkpoint.py:107} INFO - Prepare data...
[2024-10-02T19:09:04.859+0000] {s3.py:1422} INFO - Downloading source S3 file from Bucket testmlops with path AlexTrigolos/GradientBoostingClassifier/datasets/dataset.pkl
[2024-10-02T19:09:04.869+0000] {base.py:84} INFO - Using connection ID 's3_connection' for task execution.
[2024-10-02T19:09:04.871+0000] {connection_wrapper.py:388} INFO - AWS Connection (conn_id='s3_connection', conn_type='aws') credentials retrieved from login and password.
[2024-10-02T19:09:05.453+0000] {hw1-checkpoint.py:78} INFO - /tmp/***_tmp_fvntz8tw
[2024-10-02T19:09:05.576+0000] {base.py:84} INFO - Using connection ID 's3_connection' for task execution.
[2024-10-02T19:09:05.578+0000] {connection_wrapper.py:388} INFO - AWS Connection (conn_id='s3_connection', conn_type='aws') credentials retrieved from login and password.
[2024-10-02T19:09:06.145+0000] {base.py:84} INFO - Using connection ID 's3_connection' for task execution.
[2024-10-02T19:09:06.147+0000] {connection_wrapper.py:388} INFO - AWS Connection (conn_id='s3_connection', conn_type='aws') credentials retrieved from login and password.
[2024-10-02T19:09:06.387+0000] {base.py:84} INFO - Using connection ID 's3_connection' for task execution.
[2024-10-02T19:09:06.388+0000] {connection_wrapper.py:388} INFO - AWS Connection (conn_id='s3_connection', conn_type='aws') credentials retrieved from login and password.
[2024-10-02T19:09:06.651+0000] {base.py:84} INFO - Using connection ID 's3_connection' for task execution.
[2024-10-02T19:09:06.654+0000] {connection_wrapper.py:388} INFO - AWS Connection (conn_id='s3_connection', conn_type='aws') credentials retrieved from login and password.
[2024-10-02T19:09:07.154+0000] {hw1-checkpoint.py:133} INFO - Prepared data.
[2024-10-02T19:09:07.156+0000] {python.py:237} INFO - Done. Returned value was: None
[2024-10-02T19:09:07.157+0000] {taskinstance.py:441} INFO - ::group::Post task execution logs
[2024-10-02T19:09:07.169+0000] {taskinstance.py:1206} INFO - Marking task as SUCCESS. dag_id=gradient_boosting_classifier_dag, task_id=gbc_prepare_data, run_id=manual__2024-10-02T19:08:53.800366+00:00, execution_date=20241002T190853, start_date=20241002T190904, end_date=20241002T190907
[2024-10-02T19:09:07.251+0000] {local_task_job_runner.py:243} INFO - Task exited with return code 0
[2024-10-02T19:09:07.281+0000] {taskinstance.py:3503} INFO - 1 downstream tasks scheduled from follow-on schedule check
[2024-10-02T19:09:07.285+0000] {local_task_job_runner.py:222} INFO - ::endgroup::
