[2024-09-24T20:22:11.301+0000] {processor.py:161} INFO - Started process (PID=452) to work on /opt/airflow/dags/.cache/pip/http/7/8/c/b/8/78cb814d71caee7691bb6f2b70468e84a0156cca875a8a9635a85e03
[2024-09-24T20:22:11.304+0000] {processor.py:830} INFO - Processing file /opt/airflow/dags/.cache/pip/http/7/8/c/b/8/78cb814d71caee7691bb6f2b70468e84a0156cca875a8a9635a85e03 for tasks to queue
[2024-09-24T20:22:11.328+0000] {logging_mixin.py:188} INFO - [2024-09-24T20:22:11.327+0000] {dagbag.py:545} INFO - Filling up the DagBag from /opt/airflow/dags/.cache/pip/http/7/8/c/b/8/78cb814d71caee7691bb6f2b70468e84a0156cca875a8a9635a85e03
[2024-09-24T20:22:11.376+0000] {processor.py:842} WARNING - No viable dags retrieved from /opt/airflow/dags/.cache/pip/http/7/8/c/b/8/78cb814d71caee7691bb6f2b70468e84a0156cca875a8a9635a85e03
[2024-09-24T20:22:11.399+0000] {processor.py:183} INFO - Processing /opt/airflow/dags/.cache/pip/http/7/8/c/b/8/78cb814d71caee7691bb6f2b70468e84a0156cca875a8a9635a85e03 took 0.107 seconds
[2024-09-24T20:22:44.453+0000] {processor.py:161} INFO - Started process (PID=726) to work on /opt/airflow/dags/.cache/pip/http/7/8/c/b/8/78cb814d71caee7691bb6f2b70468e84a0156cca875a8a9635a85e03
[2024-09-24T20:22:44.455+0000] {processor.py:830} INFO - Processing file /opt/airflow/dags/.cache/pip/http/7/8/c/b/8/78cb814d71caee7691bb6f2b70468e84a0156cca875a8a9635a85e03 for tasks to queue
[2024-09-24T20:22:44.459+0000] {logging_mixin.py:188} INFO - [2024-09-24T20:22:44.458+0000] {dagbag.py:545} INFO - Filling up the DagBag from /opt/airflow/dags/.cache/pip/http/7/8/c/b/8/78cb814d71caee7691bb6f2b70468e84a0156cca875a8a9635a85e03
[2024-09-24T20:22:44.501+0000] {processor.py:842} WARNING - No viable dags retrieved from /opt/airflow/dags/.cache/pip/http/7/8/c/b/8/78cb814d71caee7691bb6f2b70468e84a0156cca875a8a9635a85e03
[2024-09-24T20:22:44.525+0000] {processor.py:183} INFO - Processing /opt/airflow/dags/.cache/pip/http/7/8/c/b/8/78cb814d71caee7691bb6f2b70468e84a0156cca875a8a9635a85e03 took 0.086 seconds
[2024-09-24T20:27:57.388+0000] {processor.py:161} INFO - Started process (PID=456) to work on /opt/airflow/dags/.cache/pip/http/7/8/c/b/8/78cb814d71caee7691bb6f2b70468e84a0156cca875a8a9635a85e03
[2024-09-24T20:27:57.389+0000] {processor.py:830} INFO - Processing file /opt/airflow/dags/.cache/pip/http/7/8/c/b/8/78cb814d71caee7691bb6f2b70468e84a0156cca875a8a9635a85e03 for tasks to queue
[2024-09-24T20:27:57.390+0000] {logging_mixin.py:188} INFO - [2024-09-24T20:27:57.390+0000] {dagbag.py:545} INFO - Filling up the DagBag from /opt/airflow/dags/.cache/pip/http/7/8/c/b/8/78cb814d71caee7691bb6f2b70468e84a0156cca875a8a9635a85e03
[2024-09-24T20:27:57.407+0000] {processor.py:842} WARNING - No viable dags retrieved from /opt/airflow/dags/.cache/pip/http/7/8/c/b/8/78cb814d71caee7691bb6f2b70468e84a0156cca875a8a9635a85e03
[2024-09-24T20:27:57.422+0000] {processor.py:183} INFO - Processing /opt/airflow/dags/.cache/pip/http/7/8/c/b/8/78cb814d71caee7691bb6f2b70468e84a0156cca875a8a9635a85e03 took 0.038 seconds
[2024-09-24T20:28:30.483+0000] {processor.py:161} INFO - Started process (PID=730) to work on /opt/airflow/dags/.cache/pip/http/7/8/c/b/8/78cb814d71caee7691bb6f2b70468e84a0156cca875a8a9635a85e03
[2024-09-24T20:28:30.483+0000] {processor.py:830} INFO - Processing file /opt/airflow/dags/.cache/pip/http/7/8/c/b/8/78cb814d71caee7691bb6f2b70468e84a0156cca875a8a9635a85e03 for tasks to queue
[2024-09-24T20:28:30.485+0000] {logging_mixin.py:188} INFO - [2024-09-24T20:28:30.485+0000] {dagbag.py:545} INFO - Filling up the DagBag from /opt/airflow/dags/.cache/pip/http/7/8/c/b/8/78cb814d71caee7691bb6f2b70468e84a0156cca875a8a9635a85e03
[2024-09-24T20:28:30.524+0000] {processor.py:842} WARNING - No viable dags retrieved from /opt/airflow/dags/.cache/pip/http/7/8/c/b/8/78cb814d71caee7691bb6f2b70468e84a0156cca875a8a9635a85e03
[2024-09-24T20:28:30.534+0000] {processor.py:183} INFO - Processing /opt/airflow/dags/.cache/pip/http/7/8/c/b/8/78cb814d71caee7691bb6f2b70468e84a0156cca875a8a9635a85e03 took 0.056 seconds
[2024-09-24T20:29:02.512+0000] {processor.py:161} INFO - Started process (PID=1004) to work on /opt/airflow/dags/.cache/pip/http/7/8/c/b/8/78cb814d71caee7691bb6f2b70468e84a0156cca875a8a9635a85e03
[2024-09-24T20:29:02.512+0000] {processor.py:830} INFO - Processing file /opt/airflow/dags/.cache/pip/http/7/8/c/b/8/78cb814d71caee7691bb6f2b70468e84a0156cca875a8a9635a85e03 for tasks to queue
[2024-09-24T20:29:02.514+0000] {logging_mixin.py:188} INFO - [2024-09-24T20:29:02.514+0000] {dagbag.py:545} INFO - Filling up the DagBag from /opt/airflow/dags/.cache/pip/http/7/8/c/b/8/78cb814d71caee7691bb6f2b70468e84a0156cca875a8a9635a85e03
[2024-09-24T20:29:02.543+0000] {processor.py:842} WARNING - No viable dags retrieved from /opt/airflow/dags/.cache/pip/http/7/8/c/b/8/78cb814d71caee7691bb6f2b70468e84a0156cca875a8a9635a85e03
[2024-09-24T20:29:02.554+0000] {processor.py:183} INFO - Processing /opt/airflow/dags/.cache/pip/http/7/8/c/b/8/78cb814d71caee7691bb6f2b70468e84a0156cca875a8a9635a85e03 took 0.046 seconds
[2024-09-24T20:29:34.249+0000] {processor.py:161} INFO - Started process (PID=1278) to work on /opt/airflow/dags/.cache/pip/http/7/8/c/b/8/78cb814d71caee7691bb6f2b70468e84a0156cca875a8a9635a85e03
[2024-09-24T20:29:34.250+0000] {processor.py:830} INFO - Processing file /opt/airflow/dags/.cache/pip/http/7/8/c/b/8/78cb814d71caee7691bb6f2b70468e84a0156cca875a8a9635a85e03 for tasks to queue
[2024-09-24T20:29:34.251+0000] {logging_mixin.py:188} INFO - [2024-09-24T20:29:34.251+0000] {dagbag.py:545} INFO - Filling up the DagBag from /opt/airflow/dags/.cache/pip/http/7/8/c/b/8/78cb814d71caee7691bb6f2b70468e84a0156cca875a8a9635a85e03
[2024-09-24T20:29:34.266+0000] {processor.py:842} WARNING - No viable dags retrieved from /opt/airflow/dags/.cache/pip/http/7/8/c/b/8/78cb814d71caee7691bb6f2b70468e84a0156cca875a8a9635a85e03
[2024-09-24T20:29:34.275+0000] {processor.py:183} INFO - Processing /opt/airflow/dags/.cache/pip/http/7/8/c/b/8/78cb814d71caee7691bb6f2b70468e84a0156cca875a8a9635a85e03 took 0.030 seconds
[2024-09-24T20:30:05.345+0000] {processor.py:161} INFO - Started process (PID=1552) to work on /opt/airflow/dags/.cache/pip/http/7/8/c/b/8/78cb814d71caee7691bb6f2b70468e84a0156cca875a8a9635a85e03
[2024-09-24T20:30:05.346+0000] {processor.py:830} INFO - Processing file /opt/airflow/dags/.cache/pip/http/7/8/c/b/8/78cb814d71caee7691bb6f2b70468e84a0156cca875a8a9635a85e03 for tasks to queue
[2024-09-24T20:30:05.347+0000] {logging_mixin.py:188} INFO - [2024-09-24T20:30:05.347+0000] {dagbag.py:545} INFO - Filling up the DagBag from /opt/airflow/dags/.cache/pip/http/7/8/c/b/8/78cb814d71caee7691bb6f2b70468e84a0156cca875a8a9635a85e03
[2024-09-24T20:30:05.401+0000] {processor.py:842} WARNING - No viable dags retrieved from /opt/airflow/dags/.cache/pip/http/7/8/c/b/8/78cb814d71caee7691bb6f2b70468e84a0156cca875a8a9635a85e03
[2024-09-24T20:30:05.421+0000] {processor.py:183} INFO - Processing /opt/airflow/dags/.cache/pip/http/7/8/c/b/8/78cb814d71caee7691bb6f2b70468e84a0156cca875a8a9635a85e03 took 0.083 seconds
[2024-09-24T20:30:38.162+0000] {processor.py:161} INFO - Started process (PID=1826) to work on /opt/airflow/dags/.cache/pip/http/7/8/c/b/8/78cb814d71caee7691bb6f2b70468e84a0156cca875a8a9635a85e03
[2024-09-24T20:30:38.163+0000] {processor.py:830} INFO - Processing file /opt/airflow/dags/.cache/pip/http/7/8/c/b/8/78cb814d71caee7691bb6f2b70468e84a0156cca875a8a9635a85e03 for tasks to queue
[2024-09-24T20:30:38.164+0000] {logging_mixin.py:188} INFO - [2024-09-24T20:30:38.164+0000] {dagbag.py:545} INFO - Filling up the DagBag from /opt/airflow/dags/.cache/pip/http/7/8/c/b/8/78cb814d71caee7691bb6f2b70468e84a0156cca875a8a9635a85e03
[2024-09-24T20:30:38.184+0000] {processor.py:842} WARNING - No viable dags retrieved from /opt/airflow/dags/.cache/pip/http/7/8/c/b/8/78cb814d71caee7691bb6f2b70468e84a0156cca875a8a9635a85e03
[2024-09-24T20:30:38.194+0000] {processor.py:183} INFO - Processing /opt/airflow/dags/.cache/pip/http/7/8/c/b/8/78cb814d71caee7691bb6f2b70468e84a0156cca875a8a9635a85e03 took 0.036 seconds
[2024-09-24T20:31:10.276+0000] {processor.py:161} INFO - Started process (PID=2100) to work on /opt/airflow/dags/.cache/pip/http/7/8/c/b/8/78cb814d71caee7691bb6f2b70468e84a0156cca875a8a9635a85e03
[2024-09-24T20:31:10.277+0000] {processor.py:830} INFO - Processing file /opt/airflow/dags/.cache/pip/http/7/8/c/b/8/78cb814d71caee7691bb6f2b70468e84a0156cca875a8a9635a85e03 for tasks to queue
[2024-09-24T20:31:10.279+0000] {logging_mixin.py:188} INFO - [2024-09-24T20:31:10.279+0000] {dagbag.py:545} INFO - Filling up the DagBag from /opt/airflow/dags/.cache/pip/http/7/8/c/b/8/78cb814d71caee7691bb6f2b70468e84a0156cca875a8a9635a85e03
[2024-09-24T20:31:10.297+0000] {processor.py:842} WARNING - No viable dags retrieved from /opt/airflow/dags/.cache/pip/http/7/8/c/b/8/78cb814d71caee7691bb6f2b70468e84a0156cca875a8a9635a85e03
[2024-09-24T20:31:10.308+0000] {processor.py:183} INFO - Processing /opt/airflow/dags/.cache/pip/http/7/8/c/b/8/78cb814d71caee7691bb6f2b70468e84a0156cca875a8a9635a85e03 took 0.037 seconds
[2024-09-24T20:31:42.388+0000] {processor.py:161} INFO - Started process (PID=2373) to work on /opt/airflow/dags/.cache/pip/http/7/8/c/b/8/78cb814d71caee7691bb6f2b70468e84a0156cca875a8a9635a85e03
[2024-09-24T20:31:42.389+0000] {processor.py:830} INFO - Processing file /opt/airflow/dags/.cache/pip/http/7/8/c/b/8/78cb814d71caee7691bb6f2b70468e84a0156cca875a8a9635a85e03 for tasks to queue
[2024-09-24T20:31:42.390+0000] {logging_mixin.py:188} INFO - [2024-09-24T20:31:42.390+0000] {dagbag.py:545} INFO - Filling up the DagBag from /opt/airflow/dags/.cache/pip/http/7/8/c/b/8/78cb814d71caee7691bb6f2b70468e84a0156cca875a8a9635a85e03
[2024-09-24T20:31:42.408+0000] {processor.py:842} WARNING - No viable dags retrieved from /opt/airflow/dags/.cache/pip/http/7/8/c/b/8/78cb814d71caee7691bb6f2b70468e84a0156cca875a8a9635a85e03
[2024-09-24T20:31:42.420+0000] {processor.py:183} INFO - Processing /opt/airflow/dags/.cache/pip/http/7/8/c/b/8/78cb814d71caee7691bb6f2b70468e84a0156cca875a8a9635a85e03 took 0.036 seconds
[2024-09-24T20:32:27.983+0000] {processor.py:161} INFO - Started process (PID=2653) to work on /opt/airflow/dags/.cache/pip/http/7/8/c/b/8/78cb814d71caee7691bb6f2b70468e84a0156cca875a8a9635a85e03
[2024-09-24T20:32:28.081+0000] {processor.py:830} INFO - Processing file /opt/airflow/dags/.cache/pip/http/7/8/c/b/8/78cb814d71caee7691bb6f2b70468e84a0156cca875a8a9635a85e03 for tasks to queue
[2024-09-24T20:32:28.086+0000] {logging_mixin.py:188} INFO - [2024-09-24T20:32:28.085+0000] {dagbag.py:545} INFO - Filling up the DagBag from /opt/airflow/dags/.cache/pip/http/7/8/c/b/8/78cb814d71caee7691bb6f2b70468e84a0156cca875a8a9635a85e03
[2024-09-24T20:32:28.457+0000] {processor.py:842} WARNING - No viable dags retrieved from /opt/airflow/dags/.cache/pip/http/7/8/c/b/8/78cb814d71caee7691bb6f2b70468e84a0156cca875a8a9635a85e03
[2024-09-24T20:32:28.481+0000] {processor.py:183} INFO - Processing /opt/airflow/dags/.cache/pip/http/7/8/c/b/8/78cb814d71caee7691bb6f2b70468e84a0156cca875a8a9635a85e03 took 0.505 seconds
