[2024-09-24T18:47:11.406+0000] {local_task_job_runner.py:120} INFO - ::group::Pre task execution logs
[2024-09-24T18:47:11.420+0000] {taskinstance.py:2076} INFO - Dependencies all met for dep_context=non-requeueable deps ti=<TaskInstance: gradient_boosting_classifier_dag.gbc_train_model manual__2024-09-24T18:47:02.276090+00:00 [queued]>
[2024-09-24T18:47:11.427+0000] {taskinstance.py:2076} INFO - Dependencies all met for dep_context=requeueable deps ti=<TaskInstance: gradient_boosting_classifier_dag.gbc_train_model manual__2024-09-24T18:47:02.276090+00:00 [queued]>
[2024-09-24T18:47:11.429+0000] {taskinstance.py:2306} INFO - Starting attempt 1 of 1
[2024-09-24T18:47:11.440+0000] {taskinstance.py:2330} INFO - Executing <Task(PythonOperator): gbc_train_model> on 2024-09-24 18:47:02.276090+00:00
[2024-09-24T18:47:11.449+0000] {standard_task_runner.py:64} INFO - Started process 46699 to run task
[2024-09-24T18:47:11.453+0000] {standard_task_runner.py:90} INFO - Running: ['***', 'tasks', 'run', 'gradient_boosting_classifier_dag', 'gbc_train_model', 'manual__2024-09-24T18:47:02.276090+00:00', '--job-id', '461', '--raw', '--subdir', 'DAGS_FOLDER/***/dags/.ipynb_checkpoints/hw1-checkpoint.py', '--cfg-path', '/tmp/tmpu8w2__zn']
[2024-09-24T18:47:11.455+0000] {standard_task_runner.py:91} INFO - Job 461: Subtask gbc_train_model
[2024-09-24T18:47:11.499+0000] {task_command.py:426} INFO - Running <TaskInstance: gradient_boosting_classifier_dag.gbc_train_model manual__2024-09-24T18:47:02.276090+00:00 [running]> on host 82997fc6deb7
[2024-09-24T18:47:11.577+0000] {taskinstance.py:2648} INFO - Exporting env vars: AIRFLOW_CTX_DAG_EMAIL='alexvlg34@gmail.com' AIRFLOW_CTX_DAG_OWNER='Alex Trigolos' AIRFLOW_CTX_DAG_ID='gradient_boosting_classifier_dag' AIRFLOW_CTX_TASK_ID='gbc_train_model' AIRFLOW_CTX_EXECUTION_DATE='2024-09-24T18:47:02.276090+00:00' AIRFLOW_CTX_TRY_NUMBER='1' AIRFLOW_CTX_DAG_RUN_ID='manual__2024-09-24T18:47:02.276090+00:00'
[2024-09-24T18:47:11.579+0000] {taskinstance.py:430} INFO - ::endgroup::
[2024-09-24T18:47:11.588+0000] {hw1-checkpoint.py:127} INFO - Train model...
[2024-09-24T18:47:11.588+0000] {s3.py:1422} INFO - Downloading source S3 file from Bucket testmlops with path AlexTrigolos/GradientBoostingClassifier/datasets/X_train.pkl
[2024-09-24T18:47:11.596+0000] {base.py:84} INFO - Using connection ID 's3_connection' for task execution.
[2024-09-24T18:47:11.597+0000] {connection_wrapper.py:388} INFO - AWS Connection (conn_id='s3_connection', conn_type='aws') credentials retrieved from login and password.
[2024-09-24T18:47:11.993+0000] {hw1-checkpoint.py:53} INFO - /tmp/***_tmp_bpg6rmkg
[2024-09-24T18:47:11.997+0000] {s3.py:1422} INFO - Downloading source S3 file from Bucket testmlops with path AlexTrigolos/GradientBoostingClassifier/datasets/X_test.pkl
[2024-09-24T18:47:12.007+0000] {base.py:84} INFO - Using connection ID 's3_connection' for task execution.
[2024-09-24T18:47:12.008+0000] {connection_wrapper.py:388} INFO - AWS Connection (conn_id='s3_connection', conn_type='aws') credentials retrieved from login and password.
[2024-09-24T18:47:12.184+0000] {hw1-checkpoint.py:53} INFO - /tmp/***_tmp_i0krua4m
[2024-09-24T18:47:12.187+0000] {s3.py:1422} INFO - Downloading source S3 file from Bucket testmlops with path AlexTrigolos/GradientBoostingClassifier/datasets/y_train.pkl
[2024-09-24T18:47:12.193+0000] {base.py:84} INFO - Using connection ID 's3_connection' for task execution.
[2024-09-24T18:47:12.194+0000] {connection_wrapper.py:388} INFO - AWS Connection (conn_id='s3_connection', conn_type='aws') credentials retrieved from login and password.
[2024-09-24T18:47:12.348+0000] {hw1-checkpoint.py:53} INFO - /tmp/***_tmp_dbea2ff9
[2024-09-24T18:47:12.350+0000] {s3.py:1422} INFO - Downloading source S3 file from Bucket testmlops with path AlexTrigolos/GradientBoostingClassifier/datasets/y_test.pkl
[2024-09-24T18:47:12.356+0000] {base.py:84} INFO - Using connection ID 's3_connection' for task execution.
[2024-09-24T18:47:12.356+0000] {connection_wrapper.py:388} INFO - AWS Connection (conn_id='s3_connection', conn_type='aws') credentials retrieved from login and password.
[2024-09-24T18:47:12.733+0000] {hw1-checkpoint.py:53} INFO - /tmp/***_tmp_a1f_a7oo
[2024-09-24T18:47:12.739+0000] {logging_mixin.py:188} INFO - Fitting 5 folds for each of 4 candidates, totalling 20 fits
[2024-09-24T18:47:12.939+0000] {logging_mixin.py:188} INFO - [CV] END .learning_rate=0.001, max_depth=17, n_estimators=50; total time=   0.2s
[2024-09-24T18:47:13.130+0000] {logging_mixin.py:188} INFO - [CV] END .learning_rate=0.001, max_depth=17, n_estimators=50; total time=   0.2s
[2024-09-24T18:47:13.330+0000] {logging_mixin.py:188} INFO - [CV] END .learning_rate=0.001, max_depth=17, n_estimators=50; total time=   0.2s
[2024-09-24T18:47:13.524+0000] {logging_mixin.py:188} INFO - [CV] END .learning_rate=0.001, max_depth=17, n_estimators=50; total time=   0.2s
[2024-09-24T18:47:13.723+0000] {logging_mixin.py:188} INFO - [CV] END .learning_rate=0.001, max_depth=17, n_estimators=50; total time=   0.2s
[2024-09-24T18:47:13.922+0000] {logging_mixin.py:188} INFO - [CV] END .learning_rate=0.001, max_depth=19, n_estimators=50; total time=   0.2s
[2024-09-24T18:47:14.109+0000] {logging_mixin.py:188} INFO - [CV] END .learning_rate=0.001, max_depth=19, n_estimators=50; total time=   0.2s
[2024-09-24T18:47:14.309+0000] {logging_mixin.py:188} INFO - [CV] END .learning_rate=0.001, max_depth=19, n_estimators=50; total time=   0.2s
[2024-09-24T18:47:14.515+0000] {logging_mixin.py:188} INFO - [CV] END .learning_rate=0.001, max_depth=19, n_estimators=50; total time=   0.2s
[2024-09-24T18:47:14.716+0000] {logging_mixin.py:188} INFO - [CV] END .learning_rate=0.001, max_depth=19, n_estimators=50; total time=   0.2s
[2024-09-24T18:47:14.929+0000] {logging_mixin.py:188} INFO - [CV] END .....learning_rate=1, max_depth=17, n_estimators=50; total time=   0.2s
[2024-09-24T18:47:15.064+0000] {logging_mixin.py:188} INFO - [CV] END .....learning_rate=1, max_depth=17, n_estimators=50; total time=   0.1s
[2024-09-24T18:47:15.220+0000] {logging_mixin.py:188} INFO - [CV] END .....learning_rate=1, max_depth=17, n_estimators=50; total time=   0.2s
[2024-09-24T18:47:15.355+0000] {logging_mixin.py:188} INFO - [CV] END .....learning_rate=1, max_depth=17, n_estimators=50; total time=   0.1s
[2024-09-24T18:47:15.492+0000] {logging_mixin.py:188} INFO - [CV] END .....learning_rate=1, max_depth=17, n_estimators=50; total time=   0.1s
[2024-09-24T18:47:15.641+0000] {logging_mixin.py:188} INFO - [CV] END .....learning_rate=1, max_depth=19, n_estimators=50; total time=   0.1s
[2024-09-24T18:47:15.777+0000] {logging_mixin.py:188} INFO - [CV] END .....learning_rate=1, max_depth=19, n_estimators=50; total time=   0.1s
[2024-09-24T18:47:15.927+0000] {logging_mixin.py:188} INFO - [CV] END .....learning_rate=1, max_depth=19, n_estimators=50; total time=   0.1s
[2024-09-24T18:47:16.085+0000] {logging_mixin.py:188} INFO - [CV] END .....learning_rate=1, max_depth=19, n_estimators=50; total time=   0.2s
[2024-09-24T18:47:16.234+0000] {logging_mixin.py:188} INFO - [CV] END .....learning_rate=1, max_depth=19, n_estimators=50; total time=   0.1s
[2024-09-24T18:47:16.478+0000] {hw1-checkpoint.py:197} INFO - Finish model train.
[2024-09-24T18:47:16.479+0000] {python.py:237} INFO - Done. Returned value was: None
[2024-09-24T18:47:16.480+0000] {taskinstance.py:441} INFO - ::group::Post task execution logs
[2024-09-24T18:47:16.490+0000] {taskinstance.py:1206} INFO - Marking task as SUCCESS. dag_id=gradient_boosting_classifier_dag, task_id=gbc_train_model, run_id=manual__2024-09-24T18:47:02.276090+00:00, execution_date=20240924T184702, start_date=20240924T184711, end_date=20240924T184716
[2024-09-24T18:47:16.512+0000] {local_task_job_runner.py:243} INFO - Task exited with return code 0
[2024-09-24T18:47:16.528+0000] {taskinstance.py:3503} INFO - 1 downstream tasks scheduled from follow-on schedule check
[2024-09-24T18:47:16.532+0000] {local_task_job_runner.py:222} INFO - ::endgroup::
