[2024-09-24T17:53:12.169+0000] {local_task_job_runner.py:120} INFO - ::group::Pre task execution logs
[2024-09-24T17:53:12.182+0000] {taskinstance.py:2076} INFO - Dependencies all met for dep_context=non-requeueable deps ti=<TaskInstance: random_forest_classifier_dag.get_data manual__2024-09-24T17:53:08.722207+00:00 [queued]>
[2024-09-24T17:53:12.189+0000] {taskinstance.py:2076} INFO - Dependencies all met for dep_context=requeueable deps ti=<TaskInstance: random_forest_classifier_dag.get_data manual__2024-09-24T17:53:08.722207+00:00 [queued]>
[2024-09-24T17:53:12.192+0000] {taskinstance.py:2306} INFO - Starting attempt 1 of 1
[2024-09-24T17:53:12.203+0000] {taskinstance.py:2330} INFO - Executing <Task(PythonOperator): get_data> on 2024-09-24 17:53:08.722207+00:00
[2024-09-24T17:53:12.211+0000] {standard_task_runner.py:64} INFO - Started process 32155 to run task
[2024-09-24T17:53:12.213+0000] {standard_task_runner.py:90} INFO - Running: ['***', 'tasks', 'run', 'random_forest_classifier_dag', 'get_data', 'manual__2024-09-24T17:53:08.722207+00:00', '--job-id', '395', '--raw', '--subdir', 'DAGS_FOLDER/***/dags/hw1.py', '--cfg-path', '/tmp/tmp4nxccbn_']
[2024-09-24T17:53:12.216+0000] {standard_task_runner.py:91} INFO - Job 395: Subtask get_data
[2024-09-24T17:53:12.256+0000] {task_command.py:426} INFO - Running <TaskInstance: random_forest_classifier_dag.get_data manual__2024-09-24T17:53:08.722207+00:00 [running]> on host 82997fc6deb7
[2024-09-24T17:53:12.326+0000] {taskinstance.py:2648} INFO - Exporting env vars: AIRFLOW_CTX_DAG_EMAIL='alexvlg34@gmail.com' AIRFLOW_CTX_DAG_OWNER='Alex Trigolos' AIRFLOW_CTX_DAG_ID='random_forest_classifier_dag' AIRFLOW_CTX_TASK_ID='get_data' AIRFLOW_CTX_EXECUTION_DATE='2024-09-24T17:53:08.722207+00:00' AIRFLOW_CTX_TRY_NUMBER='1' AIRFLOW_CTX_DAG_RUN_ID='manual__2024-09-24T17:53:08.722207+00:00'
[2024-09-24T17:53:12.327+0000] {taskinstance.py:430} INFO - ::endgroup::
[2024-09-24T17:53:12.336+0000] {hw1.py:97} INFO - Get data...
[2024-09-24T17:53:12.694+0000] {base.py:84} INFO - Using connection ID 's3_connection' for task execution.
[2024-09-24T17:53:12.695+0000] {connection_wrapper.py:388} INFO - AWS Connection (conn_id='s3_connection', conn_type='aws') credentials retrieved from login and password.
[2024-09-24T17:53:13.223+0000] {hw1.py:115} INFO - Finish get data.
[2024-09-24T17:53:13.224+0000] {python.py:237} INFO - Done. Returned value was: None
[2024-09-24T17:53:13.224+0000] {taskinstance.py:441} INFO - ::group::Post task execution logs
[2024-09-24T17:53:13.235+0000] {taskinstance.py:1206} INFO - Marking task as SUCCESS. dag_id=random_forest_classifier_dag, task_id=get_data, run_id=manual__2024-09-24T17:53:08.722207+00:00, execution_date=20240924T175308, start_date=20240924T175312, end_date=20240924T175313
[2024-09-24T17:53:13.273+0000] {local_task_job_runner.py:243} INFO - Task exited with return code 0
[2024-09-24T17:53:13.293+0000] {taskinstance.py:3503} INFO - 1 downstream tasks scheduled from follow-on schedule check
[2024-09-24T17:53:13.297+0000] {local_task_job_runner.py:222} INFO - ::endgroup::
