[2024-09-23T12:23:48.835+0000] {local_task_job_runner.py:120} INFO - ::group::Pre task execution logs
[2024-09-23T12:23:48.851+0000] {taskinstance.py:2076} INFO - Dependencies all met for dep_context=non-requeueable deps ti=<TaskInstance: train_dag.train_model manual__2024-09-23T12:23:41.633239+00:00 [queued]>
[2024-09-23T12:23:48.858+0000] {taskinstance.py:2076} INFO - Dependencies all met for dep_context=requeueable deps ti=<TaskInstance: train_dag.train_model manual__2024-09-23T12:23:41.633239+00:00 [queued]>
[2024-09-23T12:23:48.860+0000] {taskinstance.py:2306} INFO - Starting attempt 1 of 1
[2024-09-23T12:23:48.870+0000] {taskinstance.py:2330} INFO - Executing <Task(PythonOperator): train_model> on 2024-09-23 12:23:41.633239+00:00
[2024-09-23T12:23:48.878+0000] {standard_task_runner.py:64} INFO - Started process 19784 to run task
[2024-09-23T12:23:48.880+0000] {standard_task_runner.py:90} INFO - Running: ['***', 'tasks', 'run', 'train_dag', 'train_model', 'manual__2024-09-23T12:23:41.633239+00:00', '--job-id', '287', '--raw', '--subdir', 'DAGS_FOLDER/***/dags/.ipynb_checkpoints/train_dag-checkpoint.py', '--cfg-path', '/tmp/tmpry4ay3fd']
[2024-09-23T12:23:48.883+0000] {standard_task_runner.py:91} INFO - Job 287: Subtask train_model
[2024-09-23T12:23:48.925+0000] {task_command.py:426} INFO - Running <TaskInstance: train_dag.train_model manual__2024-09-23T12:23:41.633239+00:00 [running]> on host 82997fc6deb7
[2024-09-23T12:23:48.999+0000] {taskinstance.py:2648} INFO - Exporting env vars: AIRFLOW_CTX_DAG_EMAIL='alexvlg34@gmail.com' AIRFLOW_CTX_DAG_OWNER='Alex Trigolos' AIRFLOW_CTX_DAG_ID='train_dag' AIRFLOW_CTX_TASK_ID='train_model' AIRFLOW_CTX_EXECUTION_DATE='2024-09-23T12:23:41.633239+00:00' AIRFLOW_CTX_TRY_NUMBER='1' AIRFLOW_CTX_DAG_RUN_ID='manual__2024-09-23T12:23:41.633239+00:00'
[2024-09-23T12:23:49.000+0000] {taskinstance.py:430} INFO - ::endgroup::
[2024-09-23T12:23:49.084+0000] {logging_mixin.py:188} INFO - Fitting 5 folds for each of 2 candidates, totalling 10 fits
[2024-09-23T12:23:49.170+0000] {logging_mixin.py:188} INFO - [CV] END ......................max_depth=1, n_estimators=100; total time=   0.1s
[2024-09-23T12:23:49.247+0000] {logging_mixin.py:188} INFO - [CV] END ......................max_depth=1, n_estimators=100; total time=   0.1s
[2024-09-23T12:23:49.323+0000] {logging_mixin.py:188} INFO - [CV] END ......................max_depth=1, n_estimators=100; total time=   0.1s
[2024-09-23T12:23:49.401+0000] {logging_mixin.py:188} INFO - [CV] END ......................max_depth=1, n_estimators=100; total time=   0.1s
[2024-09-23T12:23:49.480+0000] {logging_mixin.py:188} INFO - [CV] END ......................max_depth=1, n_estimators=100; total time=   0.1s
[2024-09-23T12:23:49.594+0000] {logging_mixin.py:188} INFO - [CV] END ......................max_depth=1, n_estimators=150; total time=   0.1s
[2024-09-23T12:23:49.705+0000] {logging_mixin.py:188} INFO - [CV] END ......................max_depth=1, n_estimators=150; total time=   0.1s
[2024-09-23T12:23:49.832+0000] {logging_mixin.py:188} INFO - [CV] END ......................max_depth=1, n_estimators=150; total time=   0.1s
[2024-09-23T12:23:49.945+0000] {logging_mixin.py:188} INFO - [CV] END ......................max_depth=1, n_estimators=150; total time=   0.1s
[2024-09-23T12:23:50.062+0000] {logging_mixin.py:188} INFO - [CV] END ......................max_depth=1, n_estimators=150; total time=   0.1s
[2024-09-23T12:23:50.204+0000] {python.py:237} INFO - Done. Returned value was: None
[2024-09-23T12:23:50.205+0000] {taskinstance.py:441} INFO - ::group::Post task execution logs
[2024-09-23T12:23:50.213+0000] {taskinstance.py:1206} INFO - Marking task as SUCCESS. dag_id=train_dag, task_id=train_model, run_id=manual__2024-09-23T12:23:41.633239+00:00, execution_date=20240923T122341, start_date=20240923T122348, end_date=20240923T122350
[2024-09-23T12:23:50.261+0000] {local_task_job_runner.py:243} INFO - Task exited with return code 0
[2024-09-23T12:23:50.278+0000] {taskinstance.py:3503} INFO - 1 downstream tasks scheduled from follow-on schedule check
[2024-09-23T12:23:50.282+0000] {local_task_job_runner.py:222} INFO - ::endgroup::
