[2024-10-03T08:42:02.522+0000] {processor.py:161} INFO - Started process (PID=360) to work on /opt/airflow/dags/.cache/pip/http/e/9/7/e/0/e97e050950bd420e88fa5231c9731af032611caa5b37ba56f1ab0d77
[2024-10-03T08:42:02.523+0000] {processor.py:830} INFO - Processing file /opt/airflow/dags/.cache/pip/http/e/9/7/e/0/e97e050950bd420e88fa5231c9731af032611caa5b37ba56f1ab0d77 for tasks to queue
[2024-10-03T08:42:02.525+0000] {logging_mixin.py:188} INFO - [2024-10-03T08:42:02.525+0000] {dagbag.py:545} INFO - Filling up the DagBag from /opt/airflow/dags/.cache/pip/http/e/9/7/e/0/e97e050950bd420e88fa5231c9731af032611caa5b37ba56f1ab0d77
[2024-10-03T08:42:02.540+0000] {processor.py:842} WARNING - No viable dags retrieved from /opt/airflow/dags/.cache/pip/http/e/9/7/e/0/e97e050950bd420e88fa5231c9731af032611caa5b37ba56f1ab0d77
[2024-10-03T08:42:02.550+0000] {processor.py:183} INFO - Processing /opt/airflow/dags/.cache/pip/http/e/9/7/e/0/e97e050950bd420e88fa5231c9731af032611caa5b37ba56f1ab0d77 took 0.033 seconds
[2024-10-03T08:42:35.949+0000] {processor.py:161} INFO - Started process (PID=600) to work on /opt/airflow/dags/.cache/pip/http/e/9/7/e/0/e97e050950bd420e88fa5231c9731af032611caa5b37ba56f1ab0d77
[2024-10-03T08:42:35.951+0000] {processor.py:830} INFO - Processing file /opt/airflow/dags/.cache/pip/http/e/9/7/e/0/e97e050950bd420e88fa5231c9731af032611caa5b37ba56f1ab0d77 for tasks to queue
[2024-10-03T08:42:35.958+0000] {logging_mixin.py:188} INFO - [2024-10-03T08:42:35.958+0000] {dagbag.py:545} INFO - Filling up the DagBag from /opt/airflow/dags/.cache/pip/http/e/9/7/e/0/e97e050950bd420e88fa5231c9731af032611caa5b37ba56f1ab0d77
[2024-10-03T08:42:35.991+0000] {processor.py:842} WARNING - No viable dags retrieved from /opt/airflow/dags/.cache/pip/http/e/9/7/e/0/e97e050950bd420e88fa5231c9731af032611caa5b37ba56f1ab0d77
[2024-10-03T08:42:36.008+0000] {processor.py:183} INFO - Processing /opt/airflow/dags/.cache/pip/http/e/9/7/e/0/e97e050950bd420e88fa5231c9731af032611caa5b37ba56f1ab0d77 took 0.068 seconds
[2024-10-03T08:43:09.427+0000] {processor.py:161} INFO - Started process (PID=844) to work on /opt/airflow/dags/.cache/pip/http/e/9/7/e/0/e97e050950bd420e88fa5231c9731af032611caa5b37ba56f1ab0d77
[2024-10-03T08:43:09.434+0000] {processor.py:830} INFO - Processing file /opt/airflow/dags/.cache/pip/http/e/9/7/e/0/e97e050950bd420e88fa5231c9731af032611caa5b37ba56f1ab0d77 for tasks to queue
[2024-10-03T08:43:09.437+0000] {logging_mixin.py:188} INFO - [2024-10-03T08:43:09.436+0000] {dagbag.py:545} INFO - Filling up the DagBag from /opt/airflow/dags/.cache/pip/http/e/9/7/e/0/e97e050950bd420e88fa5231c9731af032611caa5b37ba56f1ab0d77
[2024-10-03T08:43:09.513+0000] {processor.py:842} WARNING - No viable dags retrieved from /opt/airflow/dags/.cache/pip/http/e/9/7/e/0/e97e050950bd420e88fa5231c9731af032611caa5b37ba56f1ab0d77
[2024-10-03T08:43:09.534+0000] {processor.py:183} INFO - Processing /opt/airflow/dags/.cache/pip/http/e/9/7/e/0/e97e050950bd420e88fa5231c9731af032611caa5b37ba56f1ab0d77 took 0.121 seconds
[2024-10-03T08:43:42.182+0000] {processor.py:161} INFO - Started process (PID=1085) to work on /opt/airflow/dags/.cache/pip/http/e/9/7/e/0/e97e050950bd420e88fa5231c9731af032611caa5b37ba56f1ab0d77
[2024-10-03T08:43:42.184+0000] {processor.py:830} INFO - Processing file /opt/airflow/dags/.cache/pip/http/e/9/7/e/0/e97e050950bd420e88fa5231c9731af032611caa5b37ba56f1ab0d77 for tasks to queue
[2024-10-03T08:43:42.188+0000] {logging_mixin.py:188} INFO - [2024-10-03T08:43:42.188+0000] {dagbag.py:545} INFO - Filling up the DagBag from /opt/airflow/dags/.cache/pip/http/e/9/7/e/0/e97e050950bd420e88fa5231c9731af032611caa5b37ba56f1ab0d77
[2024-10-03T08:43:42.211+0000] {processor.py:842} WARNING - No viable dags retrieved from /opt/airflow/dags/.cache/pip/http/e/9/7/e/0/e97e050950bd420e88fa5231c9731af032611caa5b37ba56f1ab0d77
[2024-10-03T08:43:42.225+0000] {processor.py:183} INFO - Processing /opt/airflow/dags/.cache/pip/http/e/9/7/e/0/e97e050950bd420e88fa5231c9731af032611caa5b37ba56f1ab0d77 took 0.049 seconds
[2024-10-03T08:44:14.839+0000] {processor.py:161} INFO - Started process (PID=1327) to work on /opt/airflow/dags/.cache/pip/http/e/9/7/e/0/e97e050950bd420e88fa5231c9731af032611caa5b37ba56f1ab0d77
[2024-10-03T08:44:14.840+0000] {processor.py:830} INFO - Processing file /opt/airflow/dags/.cache/pip/http/e/9/7/e/0/e97e050950bd420e88fa5231c9731af032611caa5b37ba56f1ab0d77 for tasks to queue
[2024-10-03T08:44:14.842+0000] {logging_mixin.py:188} INFO - [2024-10-03T08:44:14.842+0000] {dagbag.py:545} INFO - Filling up the DagBag from /opt/airflow/dags/.cache/pip/http/e/9/7/e/0/e97e050950bd420e88fa5231c9731af032611caa5b37ba56f1ab0d77
[2024-10-03T08:44:14.895+0000] {processor.py:842} WARNING - No viable dags retrieved from /opt/airflow/dags/.cache/pip/http/e/9/7/e/0/e97e050950bd420e88fa5231c9731af032611caa5b37ba56f1ab0d77
[2024-10-03T08:44:14.908+0000] {processor.py:183} INFO - Processing /opt/airflow/dags/.cache/pip/http/e/9/7/e/0/e97e050950bd420e88fa5231c9731af032611caa5b37ba56f1ab0d77 took 0.074 seconds
[2024-10-03T08:44:46.157+0000] {processor.py:161} INFO - Started process (PID=1569) to work on /opt/airflow/dags/.cache/pip/http/e/9/7/e/0/e97e050950bd420e88fa5231c9731af032611caa5b37ba56f1ab0d77
[2024-10-03T08:44:46.160+0000] {processor.py:830} INFO - Processing file /opt/airflow/dags/.cache/pip/http/e/9/7/e/0/e97e050950bd420e88fa5231c9731af032611caa5b37ba56f1ab0d77 for tasks to queue
[2024-10-03T08:44:46.163+0000] {logging_mixin.py:188} INFO - [2024-10-03T08:44:46.163+0000] {dagbag.py:545} INFO - Filling up the DagBag from /opt/airflow/dags/.cache/pip/http/e/9/7/e/0/e97e050950bd420e88fa5231c9731af032611caa5b37ba56f1ab0d77
[2024-10-03T08:44:46.264+0000] {processor.py:842} WARNING - No viable dags retrieved from /opt/airflow/dags/.cache/pip/http/e/9/7/e/0/e97e050950bd420e88fa5231c9731af032611caa5b37ba56f1ab0d77
[2024-10-03T08:44:46.291+0000] {processor.py:183} INFO - Processing /opt/airflow/dags/.cache/pip/http/e/9/7/e/0/e97e050950bd420e88fa5231c9731af032611caa5b37ba56f1ab0d77 took 0.143 seconds
[2024-10-03T08:45:20.002+0000] {processor.py:161} INFO - Started process (PID=1796) to work on /opt/airflow/dags/.cache/pip/http/e/9/7/e/0/e97e050950bd420e88fa5231c9731af032611caa5b37ba56f1ab0d77
[2024-10-03T08:45:20.004+0000] {processor.py:830} INFO - Processing file /opt/airflow/dags/.cache/pip/http/e/9/7/e/0/e97e050950bd420e88fa5231c9731af032611caa5b37ba56f1ab0d77 for tasks to queue
[2024-10-03T08:45:20.007+0000] {logging_mixin.py:188} INFO - [2024-10-03T08:45:20.007+0000] {dagbag.py:545} INFO - Filling up the DagBag from /opt/airflow/dags/.cache/pip/http/e/9/7/e/0/e97e050950bd420e88fa5231c9731af032611caa5b37ba56f1ab0d77
[2024-10-03T08:45:20.067+0000] {processor.py:842} WARNING - No viable dags retrieved from /opt/airflow/dags/.cache/pip/http/e/9/7/e/0/e97e050950bd420e88fa5231c9731af032611caa5b37ba56f1ab0d77
[2024-10-03T08:45:20.096+0000] {processor.py:183} INFO - Processing /opt/airflow/dags/.cache/pip/http/e/9/7/e/0/e97e050950bd420e88fa5231c9731af032611caa5b37ba56f1ab0d77 took 0.104 seconds
[2024-10-03T08:45:51.060+0000] {processor.py:161} INFO - Started process (PID=2033) to work on /opt/airflow/dags/.cache/pip/http/e/9/7/e/0/e97e050950bd420e88fa5231c9731af032611caa5b37ba56f1ab0d77
[2024-10-03T08:45:51.062+0000] {processor.py:830} INFO - Processing file /opt/airflow/dags/.cache/pip/http/e/9/7/e/0/e97e050950bd420e88fa5231c9731af032611caa5b37ba56f1ab0d77 for tasks to queue
[2024-10-03T08:45:51.065+0000] {logging_mixin.py:188} INFO - [2024-10-03T08:45:51.064+0000] {dagbag.py:545} INFO - Filling up the DagBag from /opt/airflow/dags/.cache/pip/http/e/9/7/e/0/e97e050950bd420e88fa5231c9731af032611caa5b37ba56f1ab0d77
[2024-10-03T08:45:51.096+0000] {processor.py:842} WARNING - No viable dags retrieved from /opt/airflow/dags/.cache/pip/http/e/9/7/e/0/e97e050950bd420e88fa5231c9731af032611caa5b37ba56f1ab0d77
[2024-10-03T08:45:51.117+0000] {processor.py:183} INFO - Processing /opt/airflow/dags/.cache/pip/http/e/9/7/e/0/e97e050950bd420e88fa5231c9731af032611caa5b37ba56f1ab0d77 took 0.068 seconds
[2024-10-03T08:46:23.093+0000] {processor.py:161} INFO - Started process (PID=2275) to work on /opt/airflow/dags/.cache/pip/http/e/9/7/e/0/e97e050950bd420e88fa5231c9731af032611caa5b37ba56f1ab0d77
[2024-10-03T08:46:23.095+0000] {processor.py:830} INFO - Processing file /opt/airflow/dags/.cache/pip/http/e/9/7/e/0/e97e050950bd420e88fa5231c9731af032611caa5b37ba56f1ab0d77 for tasks to queue
[2024-10-03T08:46:23.098+0000] {logging_mixin.py:188} INFO - [2024-10-03T08:46:23.097+0000] {dagbag.py:545} INFO - Filling up the DagBag from /opt/airflow/dags/.cache/pip/http/e/9/7/e/0/e97e050950bd420e88fa5231c9731af032611caa5b37ba56f1ab0d77
[2024-10-03T08:46:23.141+0000] {processor.py:842} WARNING - No viable dags retrieved from /opt/airflow/dags/.cache/pip/http/e/9/7/e/0/e97e050950bd420e88fa5231c9731af032611caa5b37ba56f1ab0d77
[2024-10-03T08:46:23.160+0000] {processor.py:183} INFO - Processing /opt/airflow/dags/.cache/pip/http/e/9/7/e/0/e97e050950bd420e88fa5231c9731af032611caa5b37ba56f1ab0d77 took 0.074 seconds
[2024-10-03T08:47:13.145+0000] {processor.py:161} INFO - Started process (PID=2542) to work on /opt/airflow/dags/.cache/pip/http/e/9/7/e/0/e97e050950bd420e88fa5231c9731af032611caa5b37ba56f1ab0d77
[2024-10-03T08:47:13.147+0000] {processor.py:830} INFO - Processing file /opt/airflow/dags/.cache/pip/http/e/9/7/e/0/e97e050950bd420e88fa5231c9731af032611caa5b37ba56f1ab0d77 for tasks to queue
[2024-10-03T08:47:13.151+0000] {logging_mixin.py:188} INFO - [2024-10-03T08:47:13.150+0000] {dagbag.py:545} INFO - Filling up the DagBag from /opt/airflow/dags/.cache/pip/http/e/9/7/e/0/e97e050950bd420e88fa5231c9731af032611caa5b37ba56f1ab0d77
[2024-10-03T08:47:13.223+0000] {processor.py:842} WARNING - No viable dags retrieved from /opt/airflow/dags/.cache/pip/http/e/9/7/e/0/e97e050950bd420e88fa5231c9731af032611caa5b37ba56f1ab0d77
[2024-10-03T08:47:13.245+0000] {processor.py:183} INFO - Processing /opt/airflow/dags/.cache/pip/http/e/9/7/e/0/e97e050950bd420e88fa5231c9731af032611caa5b37ba56f1ab0d77 took 0.110 seconds
[2024-10-03T08:47:46.682+0000] {processor.py:161} INFO - Started process (PID=2786) to work on /opt/airflow/dags/.cache/pip/http/e/9/7/e/0/e97e050950bd420e88fa5231c9731af032611caa5b37ba56f1ab0d77
[2024-10-03T08:47:46.684+0000] {processor.py:830} INFO - Processing file /opt/airflow/dags/.cache/pip/http/e/9/7/e/0/e97e050950bd420e88fa5231c9731af032611caa5b37ba56f1ab0d77 for tasks to queue
[2024-10-03T08:47:46.687+0000] {logging_mixin.py:188} INFO - [2024-10-03T08:47:46.687+0000] {dagbag.py:545} INFO - Filling up the DagBag from /opt/airflow/dags/.cache/pip/http/e/9/7/e/0/e97e050950bd420e88fa5231c9731af032611caa5b37ba56f1ab0d77
[2024-10-03T08:47:46.726+0000] {processor.py:842} WARNING - No viable dags retrieved from /opt/airflow/dags/.cache/pip/http/e/9/7/e/0/e97e050950bd420e88fa5231c9731af032611caa5b37ba56f1ab0d77
[2024-10-03T08:47:46.748+0000] {processor.py:183} INFO - Processing /opt/airflow/dags/.cache/pip/http/e/9/7/e/0/e97e050950bd420e88fa5231c9731af032611caa5b37ba56f1ab0d77 took 0.076 seconds
[2024-10-03T08:48:21.046+0000] {processor.py:161} INFO - Started process (PID=3032) to work on /opt/airflow/dags/.cache/pip/http/e/9/7/e/0/e97e050950bd420e88fa5231c9731af032611caa5b37ba56f1ab0d77
[2024-10-03T08:48:21.049+0000] {processor.py:830} INFO - Processing file /opt/airflow/dags/.cache/pip/http/e/9/7/e/0/e97e050950bd420e88fa5231c9731af032611caa5b37ba56f1ab0d77 for tasks to queue
[2024-10-03T08:48:21.053+0000] {logging_mixin.py:188} INFO - [2024-10-03T08:48:21.052+0000] {dagbag.py:545} INFO - Filling up the DagBag from /opt/airflow/dags/.cache/pip/http/e/9/7/e/0/e97e050950bd420e88fa5231c9731af032611caa5b37ba56f1ab0d77
[2024-10-03T08:48:21.157+0000] {processor.py:842} WARNING - No viable dags retrieved from /opt/airflow/dags/.cache/pip/http/e/9/7/e/0/e97e050950bd420e88fa5231c9731af032611caa5b37ba56f1ab0d77
[2024-10-03T08:48:21.185+0000] {processor.py:183} INFO - Processing /opt/airflow/dags/.cache/pip/http/e/9/7/e/0/e97e050950bd420e88fa5231c9731af032611caa5b37ba56f1ab0d77 took 0.152 seconds
[2024-10-03T08:48:51.546+0000] {processor.py:161} INFO - Started process (PID=3276) to work on /opt/airflow/dags/.cache/pip/http/e/9/7/e/0/e97e050950bd420e88fa5231c9731af032611caa5b37ba56f1ab0d77
[2024-10-03T08:48:51.547+0000] {processor.py:830} INFO - Processing file /opt/airflow/dags/.cache/pip/http/e/9/7/e/0/e97e050950bd420e88fa5231c9731af032611caa5b37ba56f1ab0d77 for tasks to queue
[2024-10-03T08:48:51.548+0000] {logging_mixin.py:188} INFO - [2024-10-03T08:48:51.548+0000] {dagbag.py:545} INFO - Filling up the DagBag from /opt/airflow/dags/.cache/pip/http/e/9/7/e/0/e97e050950bd420e88fa5231c9731af032611caa5b37ba56f1ab0d77
[2024-10-03T08:48:51.580+0000] {processor.py:842} WARNING - No viable dags retrieved from /opt/airflow/dags/.cache/pip/http/e/9/7/e/0/e97e050950bd420e88fa5231c9731af032611caa5b37ba56f1ab0d77
[2024-10-03T08:48:51.590+0000] {processor.py:183} INFO - Processing /opt/airflow/dags/.cache/pip/http/e/9/7/e/0/e97e050950bd420e88fa5231c9731af032611caa5b37ba56f1ab0d77 took 0.050 seconds
[2024-10-03T08:49:23.327+0000] {processor.py:161} INFO - Started process (PID=3516) to work on /opt/airflow/dags/.cache/pip/http/e/9/7/e/0/e97e050950bd420e88fa5231c9731af032611caa5b37ba56f1ab0d77
[2024-10-03T08:49:23.329+0000] {processor.py:830} INFO - Processing file /opt/airflow/dags/.cache/pip/http/e/9/7/e/0/e97e050950bd420e88fa5231c9731af032611caa5b37ba56f1ab0d77 for tasks to queue
[2024-10-03T08:49:23.331+0000] {logging_mixin.py:188} INFO - [2024-10-03T08:49:23.330+0000] {dagbag.py:545} INFO - Filling up the DagBag from /opt/airflow/dags/.cache/pip/http/e/9/7/e/0/e97e050950bd420e88fa5231c9731af032611caa5b37ba56f1ab0d77
[2024-10-03T08:49:23.394+0000] {processor.py:842} WARNING - No viable dags retrieved from /opt/airflow/dags/.cache/pip/http/e/9/7/e/0/e97e050950bd420e88fa5231c9731af032611caa5b37ba56f1ab0d77
[2024-10-03T08:49:23.409+0000] {processor.py:183} INFO - Processing /opt/airflow/dags/.cache/pip/http/e/9/7/e/0/e97e050950bd420e88fa5231c9731af032611caa5b37ba56f1ab0d77 took 0.087 seconds
[2024-10-03T08:49:56.886+0000] {processor.py:161} INFO - Started process (PID=3759) to work on /opt/airflow/dags/.cache/pip/http/e/9/7/e/0/e97e050950bd420e88fa5231c9731af032611caa5b37ba56f1ab0d77
[2024-10-03T08:49:56.888+0000] {processor.py:830} INFO - Processing file /opt/airflow/dags/.cache/pip/http/e/9/7/e/0/e97e050950bd420e88fa5231c9731af032611caa5b37ba56f1ab0d77 for tasks to queue
[2024-10-03T08:49:56.890+0000] {logging_mixin.py:188} INFO - [2024-10-03T08:49:56.889+0000] {dagbag.py:545} INFO - Filling up the DagBag from /opt/airflow/dags/.cache/pip/http/e/9/7/e/0/e97e050950bd420e88fa5231c9731af032611caa5b37ba56f1ab0d77
[2024-10-03T08:49:56.940+0000] {processor.py:842} WARNING - No viable dags retrieved from /opt/airflow/dags/.cache/pip/http/e/9/7/e/0/e97e050950bd420e88fa5231c9731af032611caa5b37ba56f1ab0d77
[2024-10-03T08:49:56.954+0000] {processor.py:183} INFO - Processing /opt/airflow/dags/.cache/pip/http/e/9/7/e/0/e97e050950bd420e88fa5231c9731af032611caa5b37ba56f1ab0d77 took 0.073 seconds
[2024-10-03T08:50:28.704+0000] {processor.py:161} INFO - Started process (PID=4001) to work on /opt/airflow/dags/.cache/pip/http/e/9/7/e/0/e97e050950bd420e88fa5231c9731af032611caa5b37ba56f1ab0d77
[2024-10-03T08:50:28.705+0000] {processor.py:830} INFO - Processing file /opt/airflow/dags/.cache/pip/http/e/9/7/e/0/e97e050950bd420e88fa5231c9731af032611caa5b37ba56f1ab0d77 for tasks to queue
[2024-10-03T08:50:28.707+0000] {logging_mixin.py:188} INFO - [2024-10-03T08:50:28.706+0000] {dagbag.py:545} INFO - Filling up the DagBag from /opt/airflow/dags/.cache/pip/http/e/9/7/e/0/e97e050950bd420e88fa5231c9731af032611caa5b37ba56f1ab0d77
[2024-10-03T08:50:28.784+0000] {processor.py:842} WARNING - No viable dags retrieved from /opt/airflow/dags/.cache/pip/http/e/9/7/e/0/e97e050950bd420e88fa5231c9731af032611caa5b37ba56f1ab0d77
[2024-10-03T08:50:28.802+0000] {processor.py:183} INFO - Processing /opt/airflow/dags/.cache/pip/http/e/9/7/e/0/e97e050950bd420e88fa5231c9731af032611caa5b37ba56f1ab0d77 took 0.103 seconds
[2024-10-03T08:56:30.973+0000] {processor.py:161} INFO - Started process (PID=4384) to work on /opt/airflow/dags/.cache/pip/http/e/9/7/e/0/e97e050950bd420e88fa5231c9731af032611caa5b37ba56f1ab0d77
[2024-10-03T08:56:30.977+0000] {processor.py:830} INFO - Processing file /opt/airflow/dags/.cache/pip/http/e/9/7/e/0/e97e050950bd420e88fa5231c9731af032611caa5b37ba56f1ab0d77 for tasks to queue
[2024-10-03T08:56:30.980+0000] {logging_mixin.py:188} INFO - [2024-10-03T08:56:30.979+0000] {dagbag.py:545} INFO - Filling up the DagBag from /opt/airflow/dags/.cache/pip/http/e/9/7/e/0/e97e050950bd420e88fa5231c9731af032611caa5b37ba56f1ab0d77
[2024-10-03T08:56:31.023+0000] {processor.py:842} WARNING - No viable dags retrieved from /opt/airflow/dags/.cache/pip/http/e/9/7/e/0/e97e050950bd420e88fa5231c9731af032611caa5b37ba56f1ab0d77
[2024-10-03T08:56:31.036+0000] {processor.py:183} INFO - Processing /opt/airflow/dags/.cache/pip/http/e/9/7/e/0/e97e050950bd420e88fa5231c9731af032611caa5b37ba56f1ab0d77 took 0.072 seconds
[2024-10-03T08:57:03.163+0000] {processor.py:161} INFO - Started process (PID=4638) to work on /opt/airflow/dags/.cache/pip/http/e/9/7/e/0/e97e050950bd420e88fa5231c9731af032611caa5b37ba56f1ab0d77
[2024-10-03T08:57:03.164+0000] {processor.py:830} INFO - Processing file /opt/airflow/dags/.cache/pip/http/e/9/7/e/0/e97e050950bd420e88fa5231c9731af032611caa5b37ba56f1ab0d77 for tasks to queue
[2024-10-03T08:57:03.165+0000] {logging_mixin.py:188} INFO - [2024-10-03T08:57:03.164+0000] {dagbag.py:545} INFO - Filling up the DagBag from /opt/airflow/dags/.cache/pip/http/e/9/7/e/0/e97e050950bd420e88fa5231c9731af032611caa5b37ba56f1ab0d77
[2024-10-03T08:57:03.182+0000] {processor.py:842} WARNING - No viable dags retrieved from /opt/airflow/dags/.cache/pip/http/e/9/7/e/0/e97e050950bd420e88fa5231c9731af032611caa5b37ba56f1ab0d77
[2024-10-03T08:57:03.200+0000] {processor.py:183} INFO - Processing /opt/airflow/dags/.cache/pip/http/e/9/7/e/0/e97e050950bd420e88fa5231c9731af032611caa5b37ba56f1ab0d77 took 0.042 seconds
