[2024-09-23T11:38:12.668+0000] {local_task_job_runner.py:120} INFO - ::group::Pre task execution logs
[2024-09-23T11:38:12.684+0000] {taskinstance.py:2076} INFO - Dependencies all met for dep_context=non-requeueable deps ti=<TaskInstance: train_dag.train_model manual__2024-09-23T11:38:06.338977+00:00 [queued]>
[2024-09-23T11:38:12.691+0000] {taskinstance.py:2076} INFO - Dependencies all met for dep_context=requeueable deps ti=<TaskInstance: train_dag.train_model manual__2024-09-23T11:38:06.338977+00:00 [queued]>
[2024-09-23T11:38:12.694+0000] {taskinstance.py:2306} INFO - Starting attempt 1 of 1
[2024-09-23T11:38:12.705+0000] {taskinstance.py:2330} INFO - Executing <Task(PythonOperator): train_model> on 2024-09-23 11:38:06.338977+00:00
[2024-09-23T11:38:12.714+0000] {standard_task_runner.py:64} INFO - Started process 7628 to run task
[2024-09-23T11:38:12.716+0000] {standard_task_runner.py:90} INFO - Running: ['***', 'tasks', 'run', 'train_dag', 'train_model', 'manual__2024-09-23T11:38:06.338977+00:00', '--job-id', '248', '--raw', '--subdir', 'DAGS_FOLDER/***/dags/.ipynb_checkpoints/train_dag-checkpoint.py', '--cfg-path', '/tmp/tmpx15n7nq1']
[2024-09-23T11:38:12.719+0000] {standard_task_runner.py:91} INFO - Job 248: Subtask train_model
[2024-09-23T11:38:12.762+0000] {task_command.py:426} INFO - Running <TaskInstance: train_dag.train_model manual__2024-09-23T11:38:06.338977+00:00 [running]> on host 82997fc6deb7
[2024-09-23T11:38:12.820+0000] {taskinstance.py:2648} INFO - Exporting env vars: AIRFLOW_CTX_DAG_EMAIL='alexvlg34@gmail.com' AIRFLOW_CTX_DAG_OWNER='Alex Trigolos' AIRFLOW_CTX_DAG_ID='train_dag' AIRFLOW_CTX_TASK_ID='train_model' AIRFLOW_CTX_EXECUTION_DATE='2024-09-23T11:38:06.338977+00:00' AIRFLOW_CTX_TRY_NUMBER='1' AIRFLOW_CTX_DAG_RUN_ID='manual__2024-09-23T11:38:06.338977+00:00'
[2024-09-23T11:38:12.822+0000] {taskinstance.py:430} INFO - ::endgroup::
[2024-09-23T11:38:12.897+0000] {logging_mixin.py:188} INFO - Fitting 5 folds for each of 2 candidates, totalling 10 fits
[2024-09-23T11:38:12.987+0000] {logging_mixin.py:188} INFO - [CV] END ......................max_depth=1, n_estimators=100; total time=   0.1s
[2024-09-23T11:38:13.062+0000] {logging_mixin.py:188} INFO - [CV] END ......................max_depth=1, n_estimators=100; total time=   0.1s
[2024-09-23T11:38:13.139+0000] {logging_mixin.py:188} INFO - [CV] END ......................max_depth=1, n_estimators=100; total time=   0.1s
[2024-09-23T11:38:13.217+0000] {logging_mixin.py:188} INFO - [CV] END ......................max_depth=1, n_estimators=100; total time=   0.1s
[2024-09-23T11:38:13.294+0000] {logging_mixin.py:188} INFO - [CV] END ......................max_depth=1, n_estimators=100; total time=   0.1s
[2024-09-23T11:38:13.407+0000] {logging_mixin.py:188} INFO - [CV] END ......................max_depth=1, n_estimators=150; total time=   0.1s
[2024-09-23T11:38:13.526+0000] {logging_mixin.py:188} INFO - [CV] END ......................max_depth=1, n_estimators=150; total time=   0.1s
[2024-09-23T11:38:13.643+0000] {logging_mixin.py:188} INFO - [CV] END ......................max_depth=1, n_estimators=150; total time=   0.1s
[2024-09-23T11:38:13.755+0000] {logging_mixin.py:188} INFO - [CV] END ......................max_depth=1, n_estimators=150; total time=   0.1s
[2024-09-23T11:38:13.870+0000] {logging_mixin.py:188} INFO - [CV] END ......................max_depth=1, n_estimators=150; total time=   0.1s
[2024-09-23T11:38:14.015+0000] {python.py:237} INFO - Done. Returned value was: None
[2024-09-23T11:38:14.016+0000] {taskinstance.py:441} INFO - ::group::Post task execution logs
[2024-09-23T11:38:14.024+0000] {taskinstance.py:1206} INFO - Marking task as SUCCESS. dag_id=train_dag, task_id=train_model, run_id=manual__2024-09-23T11:38:06.338977+00:00, execution_date=20240923T113806, start_date=20240923T113812, end_date=20240923T113814
[2024-09-23T11:38:14.057+0000] {local_task_job_runner.py:243} INFO - Task exited with return code 0
[2024-09-23T11:38:14.073+0000] {taskinstance.py:3503} INFO - 1 downstream tasks scheduled from follow-on schedule check
[2024-09-23T11:38:14.076+0000] {local_task_job_runner.py:222} INFO - ::endgroup::
