[2024-10-04T12:10:09.024+0000] {local_task_job_runner.py:120} INFO - ::group::Pre task execution logs
[2024-10-04T12:10:09.047+0000] {taskinstance.py:2076} INFO - Dependencies all met for dep_context=non-requeueable deps ti=<TaskInstance: Alex_Trigolos.task_get_data manual__2024-10-04T12:10:02.527053+00:00 [queued]>
[2024-10-04T12:10:09.057+0000] {taskinstance.py:2076} INFO - Dependencies all met for dep_context=requeueable deps ti=<TaskInstance: Alex_Trigolos.task_get_data manual__2024-10-04T12:10:02.527053+00:00 [queued]>
[2024-10-04T12:10:09.060+0000] {taskinstance.py:2306} INFO - Starting attempt 1 of 1
[2024-10-04T12:10:09.080+0000] {taskinstance.py:2330} INFO - Executing <Task(PythonOperator): task_get_data> on 2024-10-04 12:10:02.527053+00:00
[2024-10-04T12:10:09.095+0000] {standard_task_runner.py:64} INFO - Started process 61365 to run task
[2024-10-04T12:10:09.100+0000] {standard_task_runner.py:90} INFO - Running: ['***', 'tasks', 'run', 'Alex_Trigolos', 'task_get_data', 'manual__2024-10-04T12:10:02.527053+00:00', '--job-id', '824', '--raw', '--subdir', 'DAGS_FOLDER/***/dags/.ipynb_checkpoints/project-checkpoint.py', '--cfg-path', '/tmp/tmp5heqm66c']
[2024-10-04T12:10:09.103+0000] {standard_task_runner.py:91} INFO - Job 824: Subtask task_get_data
[2024-10-04T12:10:09.176+0000] {task_command.py:426} INFO - Running <TaskInstance: Alex_Trigolos.task_get_data manual__2024-10-04T12:10:02.527053+00:00 [running]> on host 4b5f1410d111
[2024-10-04T12:10:09.282+0000] {taskinstance.py:2648} INFO - Exporting env vars: AIRFLOW_CTX_DAG_EMAIL='alexvlg34@gmail.com' AIRFLOW_CTX_DAG_OWNER='Alex Trigolos' AIRFLOW_CTX_DAG_ID='Alex_Trigolos' AIRFLOW_CTX_TASK_ID='task_get_data' AIRFLOW_CTX_EXECUTION_DATE='2024-10-04T12:10:02.527053+00:00' AIRFLOW_CTX_TRY_NUMBER='1' AIRFLOW_CTX_DAG_RUN_ID='manual__2024-10-04T12:10:02.527053+00:00'
[2024-10-04T12:10:09.284+0000] {taskinstance.py:430} INFO - ::endgroup::
[2024-10-04T12:10:09.306+0000] {project-checkpoint.py:116} INFO - Get data...
[2024-10-04T12:10:09.700+0000] {base.py:84} INFO - Using connection ID 's3_connection' for task execution.
[2024-10-04T12:10:09.701+0000] {connection_wrapper.py:388} INFO - AWS Connection (conn_id='s3_connection', conn_type='aws') credentials retrieved from login and password.
[2024-10-04T12:10:10.396+0000] {project-checkpoint.py:128} INFO - Finish get data.
[2024-10-04T12:10:10.397+0000] {python.py:237} INFO - Done. Returned value was: None
[2024-10-04T12:10:10.398+0000] {taskinstance.py:441} INFO - ::group::Post task execution logs
[2024-10-04T12:10:10.413+0000] {taskinstance.py:1206} INFO - Marking task as SUCCESS. dag_id=Alex_Trigolos, task_id=task_get_data, run_id=manual__2024-10-04T12:10:02.527053+00:00, execution_date=20241004T121002, start_date=20241004T121009, end_date=20241004T121010
[2024-10-04T12:10:10.479+0000] {local_task_job_runner.py:243} INFO - Task exited with return code 0
[2024-10-04T12:10:10.523+0000] {taskinstance.py:3503} INFO - 1 downstream tasks scheduled from follow-on schedule check
[2024-10-04T12:10:10.529+0000] {local_task_job_runner.py:222} INFO - ::endgroup::
