[2024-10-02T13:55:02.497+0000] {local_task_job_runner.py:120} INFO - ::group::Pre task execution logs
[2024-10-02T13:55:02.516+0000] {taskinstance.py:2076} INFO - Dependencies all met for dep_context=non-requeueable deps ti=<TaskInstance: random_forest_classifier_dag.rfc_prepare_data scheduled__2024-09-25T01:00:00+00:00 [queued]>
[2024-10-02T13:55:02.525+0000] {taskinstance.py:2076} INFO - Dependencies all met for dep_context=requeueable deps ti=<TaskInstance: random_forest_classifier_dag.rfc_prepare_data scheduled__2024-09-25T01:00:00+00:00 [queued]>
[2024-10-02T13:55:02.526+0000] {taskinstance.py:2306} INFO - Starting attempt 1 of 1
[2024-10-02T13:55:02.541+0000] {taskinstance.py:2330} INFO - Executing <Task(PythonOperator): rfc_prepare_data> on 2024-09-25 01:00:00+00:00
[2024-10-02T13:55:02.550+0000] {standard_task_runner.py:64} INFO - Started process 810 to run task
[2024-10-02T13:55:02.553+0000] {standard_task_runner.py:90} INFO - Running: ['***', 'tasks', 'run', 'random_forest_classifier_dag', 'rfc_prepare_data', 'scheduled__2024-09-25T01:00:00+00:00', '--job-id', '615', '--raw', '--subdir', 'DAGS_FOLDER/***/dags/.ipynb_checkpoints/hw1-checkpoint.py', '--cfg-path', '/tmp/tmp8z6ghzrt']
[2024-10-02T13:55:02.555+0000] {standard_task_runner.py:91} INFO - Job 615: Subtask rfc_prepare_data
[2024-10-02T13:55:02.608+0000] {task_command.py:426} INFO - Running <TaskInstance: random_forest_classifier_dag.rfc_prepare_data scheduled__2024-09-25T01:00:00+00:00 [running]> on host 82997fc6deb7
[2024-10-02T13:55:02.700+0000] {taskinstance.py:2648} INFO - Exporting env vars: AIRFLOW_CTX_DAG_EMAIL='alexvlg34@gmail.com' AIRFLOW_CTX_DAG_OWNER='Alex Trigolos' AIRFLOW_CTX_DAG_ID='random_forest_classifier_dag' AIRFLOW_CTX_TASK_ID='rfc_prepare_data' AIRFLOW_CTX_EXECUTION_DATE='2024-09-25T01:00:00+00:00' AIRFLOW_CTX_TRY_NUMBER='1' AIRFLOW_CTX_DAG_RUN_ID='scheduled__2024-09-25T01:00:00+00:00'
[2024-10-02T13:55:02.702+0000] {taskinstance.py:430} INFO - ::endgroup::
[2024-10-02T13:55:02.718+0000] {hw1-checkpoint.py:107} INFO - Prepare data...
[2024-10-02T13:55:02.719+0000] {s3.py:1422} INFO - Downloading source S3 file from Bucket testmlops with path AlexTrigolos/RandomForestClassifier/datasets/dataset.pkl
[2024-10-02T13:55:02.729+0000] {base.py:84} INFO - Using connection ID 's3_connection' for task execution.
[2024-10-02T13:55:02.730+0000] {connection_wrapper.py:388} INFO - AWS Connection (conn_id='s3_connection', conn_type='aws') credentials retrieved from login and password.
[2024-10-02T13:55:03.521+0000] {hw1-checkpoint.py:78} INFO - /tmp/***_tmp_j16a2ebv
[2024-10-02T13:55:03.592+0000] {base.py:84} INFO - Using connection ID 's3_connection' for task execution.
[2024-10-02T13:55:03.594+0000] {connection_wrapper.py:388} INFO - AWS Connection (conn_id='s3_connection', conn_type='aws') credentials retrieved from login and password.
[2024-10-02T13:55:04.354+0000] {base.py:84} INFO - Using connection ID 's3_connection' for task execution.
[2024-10-02T13:55:04.356+0000] {connection_wrapper.py:388} INFO - AWS Connection (conn_id='s3_connection', conn_type='aws') credentials retrieved from login and password.
[2024-10-02T13:55:04.528+0000] {base.py:84} INFO - Using connection ID 's3_connection' for task execution.
[2024-10-02T13:55:04.529+0000] {connection_wrapper.py:388} INFO - AWS Connection (conn_id='s3_connection', conn_type='aws') credentials retrieved from login and password.
[2024-10-02T13:55:04.726+0000] {base.py:84} INFO - Using connection ID 's3_connection' for task execution.
[2024-10-02T13:55:04.728+0000] {connection_wrapper.py:388} INFO - AWS Connection (conn_id='s3_connection', conn_type='aws') credentials retrieved from login and password.
[2024-10-02T13:55:05.179+0000] {hw1-checkpoint.py:133} INFO - Prepared data.
[2024-10-02T13:55:05.180+0000] {python.py:237} INFO - Done. Returned value was: None
[2024-10-02T13:55:05.181+0000] {taskinstance.py:441} INFO - ::group::Post task execution logs
[2024-10-02T13:55:05.191+0000] {taskinstance.py:1206} INFO - Marking task as SUCCESS. dag_id=random_forest_classifier_dag, task_id=rfc_prepare_data, run_id=scheduled__2024-09-25T01:00:00+00:00, execution_date=20240925T010000, start_date=20241002T135502, end_date=20241002T135505
[2024-10-02T13:55:05.259+0000] {local_task_job_runner.py:243} INFO - Task exited with return code 0
[2024-10-02T13:55:05.273+0000] {local_task_job_runner.py:222} INFO - ::endgroup::
