[2024-09-24T18:54:14.758+0000] {local_task_job_runner.py:120} INFO - ::group::Pre task execution logs
[2024-09-24T18:54:14.773+0000] {taskinstance.py:2076} INFO - Dependencies all met for dep_context=non-requeueable deps ti=<TaskInstance: gradient_boosting_classifier_dag.gbc_train_model manual__2024-09-24T18:54:06.600130+00:00 [queued]>
[2024-09-24T18:54:14.780+0000] {taskinstance.py:2076} INFO - Dependencies all met for dep_context=requeueable deps ti=<TaskInstance: gradient_boosting_classifier_dag.gbc_train_model manual__2024-09-24T18:54:06.600130+00:00 [queued]>
[2024-09-24T18:54:14.781+0000] {taskinstance.py:2306} INFO - Starting attempt 1 of 1
[2024-09-24T18:54:14.792+0000] {taskinstance.py:2330} INFO - Executing <Task(PythonOperator): gbc_train_model> on 2024-09-24 18:54:06.600130+00:00
[2024-09-24T18:54:14.800+0000] {standard_task_runner.py:64} INFO - Started process 48781 to run task
[2024-09-24T18:54:14.802+0000] {standard_task_runner.py:90} INFO - Running: ['***', 'tasks', 'run', 'gradient_boosting_classifier_dag', 'gbc_train_model', 'manual__2024-09-24T18:54:06.600130+00:00', '--job-id', '475', '--raw', '--subdir', 'DAGS_FOLDER/***/dags/.ipynb_checkpoints/hw1-checkpoint.py', '--cfg-path', '/tmp/tmpa91s745o']
[2024-09-24T18:54:14.804+0000] {standard_task_runner.py:91} INFO - Job 475: Subtask gbc_train_model
[2024-09-24T18:54:14.842+0000] {task_command.py:426} INFO - Running <TaskInstance: gradient_boosting_classifier_dag.gbc_train_model manual__2024-09-24T18:54:06.600130+00:00 [running]> on host 82997fc6deb7
[2024-09-24T18:54:14.908+0000] {taskinstance.py:2648} INFO - Exporting env vars: AIRFLOW_CTX_DAG_EMAIL='alexvlg34@gmail.com' AIRFLOW_CTX_DAG_OWNER='Alex Trigolos' AIRFLOW_CTX_DAG_ID='gradient_boosting_classifier_dag' AIRFLOW_CTX_TASK_ID='gbc_train_model' AIRFLOW_CTX_EXECUTION_DATE='2024-09-24T18:54:06.600130+00:00' AIRFLOW_CTX_TRY_NUMBER='1' AIRFLOW_CTX_DAG_RUN_ID='manual__2024-09-24T18:54:06.600130+00:00'
[2024-09-24T18:54:14.909+0000] {taskinstance.py:430} INFO - ::endgroup::
[2024-09-24T18:54:14.918+0000] {hw1-checkpoint.py:145} INFO - Train model...
[2024-09-24T18:54:14.919+0000] {s3.py:1422} INFO - Downloading source S3 file from Bucket testmlops with path AlexTrigolos/GradientBoostingClassifier/datasets/X_train.pkl
[2024-09-24T18:54:14.927+0000] {base.py:84} INFO - Using connection ID 's3_connection' for task execution.
[2024-09-24T18:54:14.928+0000] {connection_wrapper.py:388} INFO - AWS Connection (conn_id='s3_connection', conn_type='aws') credentials retrieved from login and password.
[2024-09-24T18:54:15.280+0000] {hw1-checkpoint.py:86} INFO - /tmp/***_tmp_d300fkif
[2024-09-24T18:54:15.283+0000] {s3.py:1422} INFO - Downloading source S3 file from Bucket testmlops with path AlexTrigolos/GradientBoostingClassifier/datasets/X_test.pkl
[2024-09-24T18:54:15.290+0000] {base.py:84} INFO - Using connection ID 's3_connection' for task execution.
[2024-09-24T18:54:15.291+0000] {connection_wrapper.py:388} INFO - AWS Connection (conn_id='s3_connection', conn_type='aws') credentials retrieved from login and password.
[2024-09-24T18:54:15.436+0000] {hw1-checkpoint.py:86} INFO - /tmp/***_tmp_ls_2d5vr
[2024-09-24T18:54:15.439+0000] {s3.py:1422} INFO - Downloading source S3 file from Bucket testmlops with path AlexTrigolos/GradientBoostingClassifier/datasets/y_train.pkl
[2024-09-24T18:54:15.445+0000] {base.py:84} INFO - Using connection ID 's3_connection' for task execution.
[2024-09-24T18:54:15.446+0000] {connection_wrapper.py:388} INFO - AWS Connection (conn_id='s3_connection', conn_type='aws') credentials retrieved from login and password.
[2024-09-24T18:54:15.598+0000] {hw1-checkpoint.py:86} INFO - /tmp/***_tmp_ctj545xj
[2024-09-24T18:54:15.601+0000] {s3.py:1422} INFO - Downloading source S3 file from Bucket testmlops with path AlexTrigolos/GradientBoostingClassifier/datasets/y_test.pkl
[2024-09-24T18:54:15.608+0000] {base.py:84} INFO - Using connection ID 's3_connection' for task execution.
[2024-09-24T18:54:15.608+0000] {connection_wrapper.py:388} INFO - AWS Connection (conn_id='s3_connection', conn_type='aws') credentials retrieved from login and password.
[2024-09-24T18:54:15.960+0000] {hw1-checkpoint.py:86} INFO - /tmp/***_tmp_0n7x2qs5
[2024-09-24T18:54:15.965+0000] {logging_mixin.py:188} INFO - Fitting 5 folds for each of 4 candidates, totalling 20 fits
[2024-09-24T18:54:16.165+0000] {logging_mixin.py:188} INFO - [CV] END .learning_rate=0.001, max_depth=17, n_estimators=50; total time=   0.2s
[2024-09-24T18:54:16.360+0000] {logging_mixin.py:188} INFO - [CV] END .learning_rate=0.001, max_depth=17, n_estimators=50; total time=   0.2s
[2024-09-24T18:54:16.557+0000] {logging_mixin.py:188} INFO - [CV] END .learning_rate=0.001, max_depth=17, n_estimators=50; total time=   0.2s
[2024-09-24T18:54:16.760+0000] {logging_mixin.py:188} INFO - [CV] END .learning_rate=0.001, max_depth=17, n_estimators=50; total time=   0.2s
[2024-09-24T18:54:17.002+0000] {logging_mixin.py:188} INFO - [CV] END .learning_rate=0.001, max_depth=17, n_estimators=50; total time=   0.2s
[2024-09-24T18:54:17.199+0000] {logging_mixin.py:188} INFO - [CV] END .learning_rate=0.001, max_depth=19, n_estimators=50; total time=   0.2s
[2024-09-24T18:54:17.383+0000] {logging_mixin.py:188} INFO - [CV] END .learning_rate=0.001, max_depth=19, n_estimators=50; total time=   0.2s
[2024-09-24T18:54:17.579+0000] {logging_mixin.py:188} INFO - [CV] END .learning_rate=0.001, max_depth=19, n_estimators=50; total time=   0.2s
[2024-09-24T18:54:17.788+0000] {logging_mixin.py:188} INFO - [CV] END .learning_rate=0.001, max_depth=19, n_estimators=50; total time=   0.2s
[2024-09-24T18:54:18.032+0000] {logging_mixin.py:188} INFO - [CV] END .learning_rate=0.001, max_depth=19, n_estimators=50; total time=   0.2s
[2024-09-24T18:54:18.196+0000] {logging_mixin.py:188} INFO - [CV] END .....learning_rate=1, max_depth=17, n_estimators=50; total time=   0.2s
[2024-09-24T18:54:18.328+0000] {logging_mixin.py:188} INFO - [CV] END .....learning_rate=1, max_depth=17, n_estimators=50; total time=   0.1s
[2024-09-24T18:54:18.485+0000] {logging_mixin.py:188} INFO - [CV] END .....learning_rate=1, max_depth=17, n_estimators=50; total time=   0.2s
[2024-09-24T18:54:18.636+0000] {logging_mixin.py:188} INFO - [CV] END .....learning_rate=1, max_depth=17, n_estimators=50; total time=   0.1s
[2024-09-24T18:54:18.777+0000] {logging_mixin.py:188} INFO - [CV] END .....learning_rate=1, max_depth=17, n_estimators=50; total time=   0.1s
[2024-09-24T18:54:18.934+0000] {logging_mixin.py:188} INFO - [CV] END .....learning_rate=1, max_depth=19, n_estimators=50; total time=   0.2s
[2024-09-24T18:54:19.077+0000] {logging_mixin.py:188} INFO - [CV] END .....learning_rate=1, max_depth=19, n_estimators=50; total time=   0.1s
[2024-09-24T18:54:19.239+0000] {logging_mixin.py:188} INFO - [CV] END .....learning_rate=1, max_depth=19, n_estimators=50; total time=   0.2s
[2024-09-24T18:54:19.386+0000] {logging_mixin.py:188} INFO - [CV] END .....learning_rate=1, max_depth=19, n_estimators=50; total time=   0.1s
[2024-09-24T18:54:19.535+0000] {logging_mixin.py:188} INFO - [CV] END .....learning_rate=1, max_depth=19, n_estimators=50; total time=   0.1s
[2024-09-24T18:54:19.768+0000] {hw1-checkpoint.py:171} INFO - Finish model train.
[2024-09-24T18:54:19.769+0000] {python.py:237} INFO - Done. Returned value was: None
[2024-09-24T18:54:19.771+0000] {taskinstance.py:441} INFO - ::group::Post task execution logs
[2024-09-24T18:54:19.778+0000] {taskinstance.py:1206} INFO - Marking task as SUCCESS. dag_id=gradient_boosting_classifier_dag, task_id=gbc_train_model, run_id=manual__2024-09-24T18:54:06.600130+00:00, execution_date=20240924T185406, start_date=20240924T185414, end_date=20240924T185419
[2024-09-24T18:54:19.835+0000] {local_task_job_runner.py:243} INFO - Task exited with return code 0
[2024-09-24T18:54:19.848+0000] {taskinstance.py:3503} INFO - 0 downstream tasks scheduled from follow-on schedule check
[2024-09-24T18:54:19.851+0000] {local_task_job_runner.py:222} INFO - ::endgroup::
