[2024-10-03T08:42:03.617+0000] {processor.py:161} INFO - Started process (PID=415) to work on /opt/airflow/dags/.cache/pip/http/7/8/c/b/8/78cb814d71caee7691bb6f2b70468e84a0156cca875a8a9635a85e03
[2024-10-03T08:42:03.618+0000] {processor.py:830} INFO - Processing file /opt/airflow/dags/.cache/pip/http/7/8/c/b/8/78cb814d71caee7691bb6f2b70468e84a0156cca875a8a9635a85e03 for tasks to queue
[2024-10-03T08:42:03.620+0000] {logging_mixin.py:188} INFO - [2024-10-03T08:42:03.620+0000] {dagbag.py:545} INFO - Filling up the DagBag from /opt/airflow/dags/.cache/pip/http/7/8/c/b/8/78cb814d71caee7691bb6f2b70468e84a0156cca875a8a9635a85e03
[2024-10-03T08:42:03.636+0000] {processor.py:842} WARNING - No viable dags retrieved from /opt/airflow/dags/.cache/pip/http/7/8/c/b/8/78cb814d71caee7691bb6f2b70468e84a0156cca875a8a9635a85e03
[2024-10-03T08:42:03.646+0000] {processor.py:183} INFO - Processing /opt/airflow/dags/.cache/pip/http/7/8/c/b/8/78cb814d71caee7691bb6f2b70468e84a0156cca875a8a9635a85e03 took 0.033 seconds
[2024-10-03T08:42:38.692+0000] {processor.py:161} INFO - Started process (PID=657) to work on /opt/airflow/dags/.cache/pip/http/7/8/c/b/8/78cb814d71caee7691bb6f2b70468e84a0156cca875a8a9635a85e03
[2024-10-03T08:42:38.693+0000] {processor.py:830} INFO - Processing file /opt/airflow/dags/.cache/pip/http/7/8/c/b/8/78cb814d71caee7691bb6f2b70468e84a0156cca875a8a9635a85e03 for tasks to queue
[2024-10-03T08:42:38.696+0000] {logging_mixin.py:188} INFO - [2024-10-03T08:42:38.695+0000] {dagbag.py:545} INFO - Filling up the DagBag from /opt/airflow/dags/.cache/pip/http/7/8/c/b/8/78cb814d71caee7691bb6f2b70468e84a0156cca875a8a9635a85e03
[2024-10-03T08:42:38.744+0000] {processor.py:842} WARNING - No viable dags retrieved from /opt/airflow/dags/.cache/pip/http/7/8/c/b/8/78cb814d71caee7691bb6f2b70468e84a0156cca875a8a9635a85e03
[2024-10-03T08:42:38.762+0000] {processor.py:183} INFO - Processing /opt/airflow/dags/.cache/pip/http/7/8/c/b/8/78cb814d71caee7691bb6f2b70468e84a0156cca875a8a9635a85e03 took 0.079 seconds
[2024-10-03T08:43:11.850+0000] {processor.py:161} INFO - Started process (PID=897) to work on /opt/airflow/dags/.cache/pip/http/7/8/c/b/8/78cb814d71caee7691bb6f2b70468e84a0156cca875a8a9635a85e03
[2024-10-03T08:43:11.852+0000] {processor.py:830} INFO - Processing file /opt/airflow/dags/.cache/pip/http/7/8/c/b/8/78cb814d71caee7691bb6f2b70468e84a0156cca875a8a9635a85e03 for tasks to queue
[2024-10-03T08:43:11.854+0000] {logging_mixin.py:188} INFO - [2024-10-03T08:43:11.854+0000] {dagbag.py:545} INFO - Filling up the DagBag from /opt/airflow/dags/.cache/pip/http/7/8/c/b/8/78cb814d71caee7691bb6f2b70468e84a0156cca875a8a9635a85e03
[2024-10-03T08:43:11.922+0000] {processor.py:842} WARNING - No viable dags retrieved from /opt/airflow/dags/.cache/pip/http/7/8/c/b/8/78cb814d71caee7691bb6f2b70468e84a0156cca875a8a9635a85e03
[2024-10-03T08:43:11.942+0000] {processor.py:183} INFO - Processing /opt/airflow/dags/.cache/pip/http/7/8/c/b/8/78cb814d71caee7691bb6f2b70468e84a0156cca875a8a9635a85e03 took 0.104 seconds
[2024-10-03T08:43:44.523+0000] {processor.py:161} INFO - Started process (PID=1142) to work on /opt/airflow/dags/.cache/pip/http/7/8/c/b/8/78cb814d71caee7691bb6f2b70468e84a0156cca875a8a9635a85e03
[2024-10-03T08:43:44.524+0000] {processor.py:830} INFO - Processing file /opt/airflow/dags/.cache/pip/http/7/8/c/b/8/78cb814d71caee7691bb6f2b70468e84a0156cca875a8a9635a85e03 for tasks to queue
[2024-10-03T08:43:44.526+0000] {logging_mixin.py:188} INFO - [2024-10-03T08:43:44.526+0000] {dagbag.py:545} INFO - Filling up the DagBag from /opt/airflow/dags/.cache/pip/http/7/8/c/b/8/78cb814d71caee7691bb6f2b70468e84a0156cca875a8a9635a85e03
[2024-10-03T08:43:44.551+0000] {processor.py:842} WARNING - No viable dags retrieved from /opt/airflow/dags/.cache/pip/http/7/8/c/b/8/78cb814d71caee7691bb6f2b70468e84a0156cca875a8a9635a85e03
[2024-10-03T08:43:44.565+0000] {processor.py:183} INFO - Processing /opt/airflow/dags/.cache/pip/http/7/8/c/b/8/78cb814d71caee7691bb6f2b70468e84a0156cca875a8a9635a85e03 took 0.048 seconds
[2024-10-03T08:44:16.681+0000] {processor.py:161} INFO - Started process (PID=1384) to work on /opt/airflow/dags/.cache/pip/http/7/8/c/b/8/78cb814d71caee7691bb6f2b70468e84a0156cca875a8a9635a85e03
[2024-10-03T08:44:16.682+0000] {processor.py:830} INFO - Processing file /opt/airflow/dags/.cache/pip/http/7/8/c/b/8/78cb814d71caee7691bb6f2b70468e84a0156cca875a8a9635a85e03 for tasks to queue
[2024-10-03T08:44:16.684+0000] {logging_mixin.py:188} INFO - [2024-10-03T08:44:16.683+0000] {dagbag.py:545} INFO - Filling up the DagBag from /opt/airflow/dags/.cache/pip/http/7/8/c/b/8/78cb814d71caee7691bb6f2b70468e84a0156cca875a8a9635a85e03
[2024-10-03T08:44:16.704+0000] {processor.py:842} WARNING - No viable dags retrieved from /opt/airflow/dags/.cache/pip/http/7/8/c/b/8/78cb814d71caee7691bb6f2b70468e84a0156cca875a8a9635a85e03
[2024-10-03T08:44:16.714+0000] {processor.py:183} INFO - Processing /opt/airflow/dags/.cache/pip/http/7/8/c/b/8/78cb814d71caee7691bb6f2b70468e84a0156cca875a8a9635a85e03 took 0.040 seconds
[2024-10-03T08:44:49.561+0000] {processor.py:161} INFO - Started process (PID=1632) to work on /opt/airflow/dags/.cache/pip/http/7/8/c/b/8/78cb814d71caee7691bb6f2b70468e84a0156cca875a8a9635a85e03
[2024-10-03T08:44:49.563+0000] {processor.py:830} INFO - Processing file /opt/airflow/dags/.cache/pip/http/7/8/c/b/8/78cb814d71caee7691bb6f2b70468e84a0156cca875a8a9635a85e03 for tasks to queue
[2024-10-03T08:44:49.566+0000] {logging_mixin.py:188} INFO - [2024-10-03T08:44:49.565+0000] {dagbag.py:545} INFO - Filling up the DagBag from /opt/airflow/dags/.cache/pip/http/7/8/c/b/8/78cb814d71caee7691bb6f2b70468e84a0156cca875a8a9635a85e03
[2024-10-03T08:44:49.620+0000] {processor.py:842} WARNING - No viable dags retrieved from /opt/airflow/dags/.cache/pip/http/7/8/c/b/8/78cb814d71caee7691bb6f2b70468e84a0156cca875a8a9635a85e03
[2024-10-03T08:44:49.651+0000] {processor.py:183} INFO - Processing /opt/airflow/dags/.cache/pip/http/7/8/c/b/8/78cb814d71caee7691bb6f2b70468e84a0156cca875a8a9635a85e03 took 0.102 seconds
[2024-10-03T08:45:23.910+0000] {processor.py:161} INFO - Started process (PID=1872) to work on /opt/airflow/dags/.cache/pip/http/7/8/c/b/8/78cb814d71caee7691bb6f2b70468e84a0156cca875a8a9635a85e03
[2024-10-03T08:45:23.919+0000] {processor.py:830} INFO - Processing file /opt/airflow/dags/.cache/pip/http/7/8/c/b/8/78cb814d71caee7691bb6f2b70468e84a0156cca875a8a9635a85e03 for tasks to queue
[2024-10-03T08:45:23.923+0000] {logging_mixin.py:188} INFO - [2024-10-03T08:45:23.923+0000] {dagbag.py:545} INFO - Filling up the DagBag from /opt/airflow/dags/.cache/pip/http/7/8/c/b/8/78cb814d71caee7691bb6f2b70468e84a0156cca875a8a9635a85e03
[2024-10-03T08:45:23.974+0000] {processor.py:842} WARNING - No viable dags retrieved from /opt/airflow/dags/.cache/pip/http/7/8/c/b/8/78cb814d71caee7691bb6f2b70468e84a0156cca875a8a9635a85e03
[2024-10-03T08:45:23.995+0000] {processor.py:183} INFO - Processing /opt/airflow/dags/.cache/pip/http/7/8/c/b/8/78cb814d71caee7691bb6f2b70468e84a0156cca875a8a9635a85e03 took 0.097 seconds
[2024-10-03T08:45:54.586+0000] {processor.py:161} INFO - Started process (PID=2115) to work on /opt/airflow/dags/.cache/pip/http/7/8/c/b/8/78cb814d71caee7691bb6f2b70468e84a0156cca875a8a9635a85e03
[2024-10-03T08:45:54.589+0000] {processor.py:830} INFO - Processing file /opt/airflow/dags/.cache/pip/http/7/8/c/b/8/78cb814d71caee7691bb6f2b70468e84a0156cca875a8a9635a85e03 for tasks to queue
[2024-10-03T08:45:54.593+0000] {logging_mixin.py:188} INFO - [2024-10-03T08:45:54.592+0000] {dagbag.py:545} INFO - Filling up the DagBag from /opt/airflow/dags/.cache/pip/http/7/8/c/b/8/78cb814d71caee7691bb6f2b70468e84a0156cca875a8a9635a85e03
[2024-10-03T08:45:54.650+0000] {processor.py:842} WARNING - No viable dags retrieved from /opt/airflow/dags/.cache/pip/http/7/8/c/b/8/78cb814d71caee7691bb6f2b70468e84a0156cca875a8a9635a85e03
[2024-10-03T08:45:54.676+0000] {processor.py:183} INFO - Processing /opt/airflow/dags/.cache/pip/http/7/8/c/b/8/78cb814d71caee7691bb6f2b70468e84a0156cca875a8a9635a85e03 took 0.101 seconds
[2024-10-03T08:46:25.368+0000] {processor.py:161} INFO - Started process (PID=2355) to work on /opt/airflow/dags/.cache/pip/http/7/8/c/b/8/78cb814d71caee7691bb6f2b70468e84a0156cca875a8a9635a85e03
[2024-10-03T08:46:25.369+0000] {processor.py:830} INFO - Processing file /opt/airflow/dags/.cache/pip/http/7/8/c/b/8/78cb814d71caee7691bb6f2b70468e84a0156cca875a8a9635a85e03 for tasks to queue
[2024-10-03T08:46:25.372+0000] {logging_mixin.py:188} INFO - [2024-10-03T08:46:25.372+0000] {dagbag.py:545} INFO - Filling up the DagBag from /opt/airflow/dags/.cache/pip/http/7/8/c/b/8/78cb814d71caee7691bb6f2b70468e84a0156cca875a8a9635a85e03
[2024-10-03T08:46:25.397+0000] {processor.py:842} WARNING - No viable dags retrieved from /opt/airflow/dags/.cache/pip/http/7/8/c/b/8/78cb814d71caee7691bb6f2b70468e84a0156cca875a8a9635a85e03
[2024-10-03T08:46:25.416+0000] {processor.py:183} INFO - Processing /opt/airflow/dags/.cache/pip/http/7/8/c/b/8/78cb814d71caee7691bb6f2b70468e84a0156cca875a8a9635a85e03 took 0.057 seconds
[2024-10-03T08:47:15.693+0000] {processor.py:161} INFO - Started process (PID=2599) to work on /opt/airflow/dags/.cache/pip/http/7/8/c/b/8/78cb814d71caee7691bb6f2b70468e84a0156cca875a8a9635a85e03
[2024-10-03T08:47:15.695+0000] {processor.py:830} INFO - Processing file /opt/airflow/dags/.cache/pip/http/7/8/c/b/8/78cb814d71caee7691bb6f2b70468e84a0156cca875a8a9635a85e03 for tasks to queue
[2024-10-03T08:47:15.701+0000] {logging_mixin.py:188} INFO - [2024-10-03T08:47:15.700+0000] {dagbag.py:545} INFO - Filling up the DagBag from /opt/airflow/dags/.cache/pip/http/7/8/c/b/8/78cb814d71caee7691bb6f2b70468e84a0156cca875a8a9635a85e03
[2024-10-03T08:47:15.747+0000] {processor.py:842} WARNING - No viable dags retrieved from /opt/airflow/dags/.cache/pip/http/7/8/c/b/8/78cb814d71caee7691bb6f2b70468e84a0156cca875a8a9635a85e03
[2024-10-03T08:47:15.776+0000] {processor.py:183} INFO - Processing /opt/airflow/dags/.cache/pip/http/7/8/c/b/8/78cb814d71caee7691bb6f2b70468e84a0156cca875a8a9635a85e03 took 0.103 seconds
[2024-10-03T08:47:49.863+0000] {processor.py:161} INFO - Started process (PID=2847) to work on /opt/airflow/dags/.cache/pip/http/7/8/c/b/8/78cb814d71caee7691bb6f2b70468e84a0156cca875a8a9635a85e03
[2024-10-03T08:47:49.865+0000] {processor.py:830} INFO - Processing file /opt/airflow/dags/.cache/pip/http/7/8/c/b/8/78cb814d71caee7691bb6f2b70468e84a0156cca875a8a9635a85e03 for tasks to queue
[2024-10-03T08:47:49.870+0000] {logging_mixin.py:188} INFO - [2024-10-03T08:47:49.869+0000] {dagbag.py:545} INFO - Filling up the DagBag from /opt/airflow/dags/.cache/pip/http/7/8/c/b/8/78cb814d71caee7691bb6f2b70468e84a0156cca875a8a9635a85e03
[2024-10-03T08:47:49.925+0000] {processor.py:842} WARNING - No viable dags retrieved from /opt/airflow/dags/.cache/pip/http/7/8/c/b/8/78cb814d71caee7691bb6f2b70468e84a0156cca875a8a9635a85e03
[2024-10-03T08:47:49.947+0000] {processor.py:183} INFO - Processing /opt/airflow/dags/.cache/pip/http/7/8/c/b/8/78cb814d71caee7691bb6f2b70468e84a0156cca875a8a9635a85e03 took 0.095 seconds
[2024-10-03T08:48:23.666+0000] {processor.py:161} INFO - Started process (PID=3089) to work on /opt/airflow/dags/.cache/pip/http/7/8/c/b/8/78cb814d71caee7691bb6f2b70468e84a0156cca875a8a9635a85e03
[2024-10-03T08:48:23.667+0000] {processor.py:830} INFO - Processing file /opt/airflow/dags/.cache/pip/http/7/8/c/b/8/78cb814d71caee7691bb6f2b70468e84a0156cca875a8a9635a85e03 for tasks to queue
[2024-10-03T08:48:23.675+0000] {logging_mixin.py:188} INFO - [2024-10-03T08:48:23.674+0000] {dagbag.py:545} INFO - Filling up the DagBag from /opt/airflow/dags/.cache/pip/http/7/8/c/b/8/78cb814d71caee7691bb6f2b70468e84a0156cca875a8a9635a85e03
[2024-10-03T08:48:23.701+0000] {processor.py:842} WARNING - No viable dags retrieved from /opt/airflow/dags/.cache/pip/http/7/8/c/b/8/78cb814d71caee7691bb6f2b70468e84a0156cca875a8a9635a85e03
[2024-10-03T08:48:23.713+0000] {processor.py:183} INFO - Processing /opt/airflow/dags/.cache/pip/http/7/8/c/b/8/78cb814d71caee7691bb6f2b70468e84a0156cca875a8a9635a85e03 took 0.052 seconds
[2024-10-03T08:48:54.155+0000] {processor.py:161} INFO - Started process (PID=3329) to work on /opt/airflow/dags/.cache/pip/http/7/8/c/b/8/78cb814d71caee7691bb6f2b70468e84a0156cca875a8a9635a85e03
[2024-10-03T08:48:54.157+0000] {processor.py:830} INFO - Processing file /opt/airflow/dags/.cache/pip/http/7/8/c/b/8/78cb814d71caee7691bb6f2b70468e84a0156cca875a8a9635a85e03 for tasks to queue
[2024-10-03T08:48:54.158+0000] {logging_mixin.py:188} INFO - [2024-10-03T08:48:54.158+0000] {dagbag.py:545} INFO - Filling up the DagBag from /opt/airflow/dags/.cache/pip/http/7/8/c/b/8/78cb814d71caee7691bb6f2b70468e84a0156cca875a8a9635a85e03
[2024-10-03T08:48:54.204+0000] {processor.py:842} WARNING - No viable dags retrieved from /opt/airflow/dags/.cache/pip/http/7/8/c/b/8/78cb814d71caee7691bb6f2b70468e84a0156cca875a8a9635a85e03
[2024-10-03T08:48:54.217+0000] {processor.py:183} INFO - Processing /opt/airflow/dags/.cache/pip/http/7/8/c/b/8/78cb814d71caee7691bb6f2b70468e84a0156cca875a8a9635a85e03 took 0.066 seconds
[2024-10-03T08:49:25.227+0000] {processor.py:161} INFO - Started process (PID=3573) to work on /opt/airflow/dags/.cache/pip/http/7/8/c/b/8/78cb814d71caee7691bb6f2b70468e84a0156cca875a8a9635a85e03
[2024-10-03T08:49:25.228+0000] {processor.py:830} INFO - Processing file /opt/airflow/dags/.cache/pip/http/7/8/c/b/8/78cb814d71caee7691bb6f2b70468e84a0156cca875a8a9635a85e03 for tasks to queue
[2024-10-03T08:49:25.229+0000] {logging_mixin.py:188} INFO - [2024-10-03T08:49:25.229+0000] {dagbag.py:545} INFO - Filling up the DagBag from /opt/airflow/dags/.cache/pip/http/7/8/c/b/8/78cb814d71caee7691bb6f2b70468e84a0156cca875a8a9635a85e03
[2024-10-03T08:49:25.256+0000] {processor.py:842} WARNING - No viable dags retrieved from /opt/airflow/dags/.cache/pip/http/7/8/c/b/8/78cb814d71caee7691bb6f2b70468e84a0156cca875a8a9635a85e03
[2024-10-03T08:49:25.273+0000] {processor.py:183} INFO - Processing /opt/airflow/dags/.cache/pip/http/7/8/c/b/8/78cb814d71caee7691bb6f2b70468e84a0156cca875a8a9635a85e03 took 0.052 seconds
[2024-10-03T08:49:58.127+0000] {processor.py:161} INFO - Started process (PID=3816) to work on /opt/airflow/dags/.cache/pip/http/7/8/c/b/8/78cb814d71caee7691bb6f2b70468e84a0156cca875a8a9635a85e03
[2024-10-03T08:49:58.128+0000] {processor.py:830} INFO - Processing file /opt/airflow/dags/.cache/pip/http/7/8/c/b/8/78cb814d71caee7691bb6f2b70468e84a0156cca875a8a9635a85e03 for tasks to queue
[2024-10-03T08:49:58.130+0000] {logging_mixin.py:188} INFO - [2024-10-03T08:49:58.130+0000] {dagbag.py:545} INFO - Filling up the DagBag from /opt/airflow/dags/.cache/pip/http/7/8/c/b/8/78cb814d71caee7691bb6f2b70468e84a0156cca875a8a9635a85e03
[2024-10-03T08:49:58.159+0000] {processor.py:842} WARNING - No viable dags retrieved from /opt/airflow/dags/.cache/pip/http/7/8/c/b/8/78cb814d71caee7691bb6f2b70468e84a0156cca875a8a9635a85e03
[2024-10-03T08:49:58.170+0000] {processor.py:183} INFO - Processing /opt/airflow/dags/.cache/pip/http/7/8/c/b/8/78cb814d71caee7691bb6f2b70468e84a0156cca875a8a9635a85e03 took 0.048 seconds
[2024-10-03T08:50:30.926+0000] {processor.py:161} INFO - Started process (PID=4058) to work on /opt/airflow/dags/.cache/pip/http/7/8/c/b/8/78cb814d71caee7691bb6f2b70468e84a0156cca875a8a9635a85e03
[2024-10-03T08:50:30.927+0000] {processor.py:830} INFO - Processing file /opt/airflow/dags/.cache/pip/http/7/8/c/b/8/78cb814d71caee7691bb6f2b70468e84a0156cca875a8a9635a85e03 for tasks to queue
[2024-10-03T08:50:30.931+0000] {logging_mixin.py:188} INFO - [2024-10-03T08:50:30.930+0000] {dagbag.py:545} INFO - Filling up the DagBag from /opt/airflow/dags/.cache/pip/http/7/8/c/b/8/78cb814d71caee7691bb6f2b70468e84a0156cca875a8a9635a85e03
[2024-10-03T08:50:31.045+0000] {processor.py:842} WARNING - No viable dags retrieved from /opt/airflow/dags/.cache/pip/http/7/8/c/b/8/78cb814d71caee7691bb6f2b70468e84a0156cca875a8a9635a85e03
[2024-10-03T08:50:31.069+0000] {processor.py:183} INFO - Processing /opt/airflow/dags/.cache/pip/http/7/8/c/b/8/78cb814d71caee7691bb6f2b70468e84a0156cca875a8a9635a85e03 took 0.150 seconds
[2024-10-03T08:56:32.882+0000] {processor.py:161} INFO - Started process (PID=4451) to work on /opt/airflow/dags/.cache/pip/http/7/8/c/b/8/78cb814d71caee7691bb6f2b70468e84a0156cca875a8a9635a85e03
[2024-10-03T08:56:32.883+0000] {processor.py:830} INFO - Processing file /opt/airflow/dags/.cache/pip/http/7/8/c/b/8/78cb814d71caee7691bb6f2b70468e84a0156cca875a8a9635a85e03 for tasks to queue
[2024-10-03T08:56:32.886+0000] {logging_mixin.py:188} INFO - [2024-10-03T08:56:32.886+0000] {dagbag.py:545} INFO - Filling up the DagBag from /opt/airflow/dags/.cache/pip/http/7/8/c/b/8/78cb814d71caee7691bb6f2b70468e84a0156cca875a8a9635a85e03
[2024-10-03T08:56:32.901+0000] {processor.py:842} WARNING - No viable dags retrieved from /opt/airflow/dags/.cache/pip/http/7/8/c/b/8/78cb814d71caee7691bb6f2b70468e84a0156cca875a8a9635a85e03
[2024-10-03T08:56:32.912+0000] {processor.py:183} INFO - Processing /opt/airflow/dags/.cache/pip/http/7/8/c/b/8/78cb814d71caee7691bb6f2b70468e84a0156cca875a8a9635a85e03 took 0.035 seconds
[2024-10-03T08:57:04.702+0000] {processor.py:161} INFO - Started process (PID=4703) to work on /opt/airflow/dags/.cache/pip/http/7/8/c/b/8/78cb814d71caee7691bb6f2b70468e84a0156cca875a8a9635a85e03
[2024-10-03T08:57:04.703+0000] {processor.py:830} INFO - Processing file /opt/airflow/dags/.cache/pip/http/7/8/c/b/8/78cb814d71caee7691bb6f2b70468e84a0156cca875a8a9635a85e03 for tasks to queue
[2024-10-03T08:57:04.704+0000] {logging_mixin.py:188} INFO - [2024-10-03T08:57:04.704+0000] {dagbag.py:545} INFO - Filling up the DagBag from /opt/airflow/dags/.cache/pip/http/7/8/c/b/8/78cb814d71caee7691bb6f2b70468e84a0156cca875a8a9635a85e03
[2024-10-03T08:57:04.720+0000] {processor.py:842} WARNING - No viable dags retrieved from /opt/airflow/dags/.cache/pip/http/7/8/c/b/8/78cb814d71caee7691bb6f2b70468e84a0156cca875a8a9635a85e03
[2024-10-03T08:57:04.731+0000] {processor.py:183} INFO - Processing /opt/airflow/dags/.cache/pip/http/7/8/c/b/8/78cb814d71caee7691bb6f2b70468e84a0156cca875a8a9635a85e03 took 0.034 seconds
