[2024-09-24T20:22:13.246+0000] {processor.py:161} INFO - Started process (PID=482) to work on /opt/airflow/dags/.cache/pip/http/2/1/d/3/e/21d3efeb1f4c366aab7c143352bb9efac1f82a076c7a2f0bf980bf54
[2024-09-24T20:22:13.260+0000] {processor.py:830} INFO - Processing file /opt/airflow/dags/.cache/pip/http/2/1/d/3/e/21d3efeb1f4c366aab7c143352bb9efac1f82a076c7a2f0bf980bf54 for tasks to queue
[2024-09-24T20:22:13.264+0000] {logging_mixin.py:188} INFO - [2024-09-24T20:22:13.263+0000] {dagbag.py:545} INFO - Filling up the DagBag from /opt/airflow/dags/.cache/pip/http/2/1/d/3/e/21d3efeb1f4c366aab7c143352bb9efac1f82a076c7a2f0bf980bf54
[2024-09-24T20:22:13.337+0000] {processor.py:842} WARNING - No viable dags retrieved from /opt/airflow/dags/.cache/pip/http/2/1/d/3/e/21d3efeb1f4c366aab7c143352bb9efac1f82a076c7a2f0bf980bf54
[2024-09-24T20:22:13.356+0000] {processor.py:183} INFO - Processing /opt/airflow/dags/.cache/pip/http/2/1/d/3/e/21d3efeb1f4c366aab7c143352bb9efac1f82a076c7a2f0bf980bf54 took 0.121 seconds
[2024-09-24T20:22:46.818+0000] {processor.py:161} INFO - Started process (PID=754) to work on /opt/airflow/dags/.cache/pip/http/2/1/d/3/e/21d3efeb1f4c366aab7c143352bb9efac1f82a076c7a2f0bf980bf54
[2024-09-24T20:22:46.819+0000] {processor.py:830} INFO - Processing file /opt/airflow/dags/.cache/pip/http/2/1/d/3/e/21d3efeb1f4c366aab7c143352bb9efac1f82a076c7a2f0bf980bf54 for tasks to queue
[2024-09-24T20:22:46.821+0000] {logging_mixin.py:188} INFO - [2024-09-24T20:22:46.820+0000] {dagbag.py:545} INFO - Filling up the DagBag from /opt/airflow/dags/.cache/pip/http/2/1/d/3/e/21d3efeb1f4c366aab7c143352bb9efac1f82a076c7a2f0bf980bf54
[2024-09-24T20:22:46.850+0000] {processor.py:842} WARNING - No viable dags retrieved from /opt/airflow/dags/.cache/pip/http/2/1/d/3/e/21d3efeb1f4c366aab7c143352bb9efac1f82a076c7a2f0bf980bf54
[2024-09-24T20:22:46.861+0000] {processor.py:183} INFO - Processing /opt/airflow/dags/.cache/pip/http/2/1/d/3/e/21d3efeb1f4c366aab7c143352bb9efac1f82a076c7a2f0bf980bf54 took 0.048 seconds
[2024-09-24T20:27:58.055+0000] {processor.py:161} INFO - Started process (PID=486) to work on /opt/airflow/dags/.cache/pip/http/2/1/d/3/e/21d3efeb1f4c366aab7c143352bb9efac1f82a076c7a2f0bf980bf54
[2024-09-24T20:27:58.056+0000] {processor.py:830} INFO - Processing file /opt/airflow/dags/.cache/pip/http/2/1/d/3/e/21d3efeb1f4c366aab7c143352bb9efac1f82a076c7a2f0bf980bf54 for tasks to queue
[2024-09-24T20:27:58.057+0000] {logging_mixin.py:188} INFO - [2024-09-24T20:27:58.057+0000] {dagbag.py:545} INFO - Filling up the DagBag from /opt/airflow/dags/.cache/pip/http/2/1/d/3/e/21d3efeb1f4c366aab7c143352bb9efac1f82a076c7a2f0bf980bf54
[2024-09-24T20:27:58.074+0000] {processor.py:842} WARNING - No viable dags retrieved from /opt/airflow/dags/.cache/pip/http/2/1/d/3/e/21d3efeb1f4c366aab7c143352bb9efac1f82a076c7a2f0bf980bf54
[2024-09-24T20:27:58.084+0000] {processor.py:183} INFO - Processing /opt/airflow/dags/.cache/pip/http/2/1/d/3/e/21d3efeb1f4c366aab7c143352bb9efac1f82a076c7a2f0bf980bf54 took 0.033 seconds
[2024-09-24T20:28:31.038+0000] {processor.py:161} INFO - Started process (PID=760) to work on /opt/airflow/dags/.cache/pip/http/2/1/d/3/e/21d3efeb1f4c366aab7c143352bb9efac1f82a076c7a2f0bf980bf54
[2024-09-24T20:28:31.039+0000] {processor.py:830} INFO - Processing file /opt/airflow/dags/.cache/pip/http/2/1/d/3/e/21d3efeb1f4c366aab7c143352bb9efac1f82a076c7a2f0bf980bf54 for tasks to queue
[2024-09-24T20:28:31.040+0000] {logging_mixin.py:188} INFO - [2024-09-24T20:28:31.040+0000] {dagbag.py:545} INFO - Filling up the DagBag from /opt/airflow/dags/.cache/pip/http/2/1/d/3/e/21d3efeb1f4c366aab7c143352bb9efac1f82a076c7a2f0bf980bf54
[2024-09-24T20:28:31.059+0000] {processor.py:842} WARNING - No viable dags retrieved from /opt/airflow/dags/.cache/pip/http/2/1/d/3/e/21d3efeb1f4c366aab7c143352bb9efac1f82a076c7a2f0bf980bf54
[2024-09-24T20:28:31.068+0000] {processor.py:183} INFO - Processing /opt/airflow/dags/.cache/pip/http/2/1/d/3/e/21d3efeb1f4c366aab7c143352bb9efac1f82a076c7a2f0bf980bf54 took 0.035 seconds
[2024-09-24T20:29:03.112+0000] {processor.py:161} INFO - Started process (PID=1034) to work on /opt/airflow/dags/.cache/pip/http/2/1/d/3/e/21d3efeb1f4c366aab7c143352bb9efac1f82a076c7a2f0bf980bf54
[2024-09-24T20:29:03.113+0000] {processor.py:830} INFO - Processing file /opt/airflow/dags/.cache/pip/http/2/1/d/3/e/21d3efeb1f4c366aab7c143352bb9efac1f82a076c7a2f0bf980bf54 for tasks to queue
[2024-09-24T20:29:03.114+0000] {logging_mixin.py:188} INFO - [2024-09-24T20:29:03.114+0000] {dagbag.py:545} INFO - Filling up the DagBag from /opt/airflow/dags/.cache/pip/http/2/1/d/3/e/21d3efeb1f4c366aab7c143352bb9efac1f82a076c7a2f0bf980bf54
[2024-09-24T20:29:03.138+0000] {processor.py:842} WARNING - No viable dags retrieved from /opt/airflow/dags/.cache/pip/http/2/1/d/3/e/21d3efeb1f4c366aab7c143352bb9efac1f82a076c7a2f0bf980bf54
[2024-09-24T20:29:03.148+0000] {processor.py:183} INFO - Processing /opt/airflow/dags/.cache/pip/http/2/1/d/3/e/21d3efeb1f4c366aab7c143352bb9efac1f82a076c7a2f0bf980bf54 took 0.041 seconds
[2024-09-24T20:29:34.771+0000] {processor.py:161} INFO - Started process (PID=1308) to work on /opt/airflow/dags/.cache/pip/http/2/1/d/3/e/21d3efeb1f4c366aab7c143352bb9efac1f82a076c7a2f0bf980bf54
[2024-09-24T20:29:34.772+0000] {processor.py:830} INFO - Processing file /opt/airflow/dags/.cache/pip/http/2/1/d/3/e/21d3efeb1f4c366aab7c143352bb9efac1f82a076c7a2f0bf980bf54 for tasks to queue
[2024-09-24T20:29:34.774+0000] {logging_mixin.py:188} INFO - [2024-09-24T20:29:34.773+0000] {dagbag.py:545} INFO - Filling up the DagBag from /opt/airflow/dags/.cache/pip/http/2/1/d/3/e/21d3efeb1f4c366aab7c143352bb9efac1f82a076c7a2f0bf980bf54
[2024-09-24T20:29:34.811+0000] {processor.py:842} WARNING - No viable dags retrieved from /opt/airflow/dags/.cache/pip/http/2/1/d/3/e/21d3efeb1f4c366aab7c143352bb9efac1f82a076c7a2f0bf980bf54
[2024-09-24T20:29:34.822+0000] {processor.py:183} INFO - Processing /opt/airflow/dags/.cache/pip/http/2/1/d/3/e/21d3efeb1f4c366aab7c143352bb9efac1f82a076c7a2f0bf980bf54 took 0.055 seconds
[2024-09-24T20:30:05.987+0000] {processor.py:161} INFO - Started process (PID=1580) to work on /opt/airflow/dags/.cache/pip/http/2/1/d/3/e/21d3efeb1f4c366aab7c143352bb9efac1f82a076c7a2f0bf980bf54
[2024-09-24T20:30:05.989+0000] {processor.py:830} INFO - Processing file /opt/airflow/dags/.cache/pip/http/2/1/d/3/e/21d3efeb1f4c366aab7c143352bb9efac1f82a076c7a2f0bf980bf54 for tasks to queue
[2024-09-24T20:30:05.991+0000] {logging_mixin.py:188} INFO - [2024-09-24T20:30:05.991+0000] {dagbag.py:545} INFO - Filling up the DagBag from /opt/airflow/dags/.cache/pip/http/2/1/d/3/e/21d3efeb1f4c366aab7c143352bb9efac1f82a076c7a2f0bf980bf54
[2024-09-24T20:30:06.044+0000] {processor.py:842} WARNING - No viable dags retrieved from /opt/airflow/dags/.cache/pip/http/2/1/d/3/e/21d3efeb1f4c366aab7c143352bb9efac1f82a076c7a2f0bf980bf54
[2024-09-24T20:30:06.059+0000] {processor.py:183} INFO - Processing /opt/airflow/dags/.cache/pip/http/2/1/d/3/e/21d3efeb1f4c366aab7c143352bb9efac1f82a076c7a2f0bf980bf54 took 0.076 seconds
[2024-09-24T20:30:38.681+0000] {processor.py:161} INFO - Started process (PID=1856) to work on /opt/airflow/dags/.cache/pip/http/2/1/d/3/e/21d3efeb1f4c366aab7c143352bb9efac1f82a076c7a2f0bf980bf54
[2024-09-24T20:30:38.682+0000] {processor.py:830} INFO - Processing file /opt/airflow/dags/.cache/pip/http/2/1/d/3/e/21d3efeb1f4c366aab7c143352bb9efac1f82a076c7a2f0bf980bf54 for tasks to queue
[2024-09-24T20:30:38.683+0000] {logging_mixin.py:188} INFO - [2024-09-24T20:30:38.683+0000] {dagbag.py:545} INFO - Filling up the DagBag from /opt/airflow/dags/.cache/pip/http/2/1/d/3/e/21d3efeb1f4c366aab7c143352bb9efac1f82a076c7a2f0bf980bf54
[2024-09-24T20:30:38.700+0000] {processor.py:842} WARNING - No viable dags retrieved from /opt/airflow/dags/.cache/pip/http/2/1/d/3/e/21d3efeb1f4c366aab7c143352bb9efac1f82a076c7a2f0bf980bf54
[2024-09-24T20:30:38.709+0000] {processor.py:183} INFO - Processing /opt/airflow/dags/.cache/pip/http/2/1/d/3/e/21d3efeb1f4c366aab7c143352bb9efac1f82a076c7a2f0bf980bf54 took 0.033 seconds
[2024-09-24T20:31:11.073+0000] {processor.py:161} INFO - Started process (PID=2130) to work on /opt/airflow/dags/.cache/pip/http/2/1/d/3/e/21d3efeb1f4c366aab7c143352bb9efac1f82a076c7a2f0bf980bf54
[2024-09-24T20:31:11.075+0000] {processor.py:830} INFO - Processing file /opt/airflow/dags/.cache/pip/http/2/1/d/3/e/21d3efeb1f4c366aab7c143352bb9efac1f82a076c7a2f0bf980bf54 for tasks to queue
[2024-09-24T20:31:11.078+0000] {logging_mixin.py:188} INFO - [2024-09-24T20:31:11.077+0000] {dagbag.py:545} INFO - Filling up the DagBag from /opt/airflow/dags/.cache/pip/http/2/1/d/3/e/21d3efeb1f4c366aab7c143352bb9efac1f82a076c7a2f0bf980bf54
[2024-09-24T20:31:11.143+0000] {processor.py:842} WARNING - No viable dags retrieved from /opt/airflow/dags/.cache/pip/http/2/1/d/3/e/21d3efeb1f4c366aab7c143352bb9efac1f82a076c7a2f0bf980bf54
[2024-09-24T20:31:11.154+0000] {processor.py:183} INFO - Processing /opt/airflow/dags/.cache/pip/http/2/1/d/3/e/21d3efeb1f4c366aab7c143352bb9efac1f82a076c7a2f0bf980bf54 took 0.090 seconds
[2024-09-24T20:31:42.904+0000] {processor.py:161} INFO - Started process (PID=2403) to work on /opt/airflow/dags/.cache/pip/http/2/1/d/3/e/21d3efeb1f4c366aab7c143352bb9efac1f82a076c7a2f0bf980bf54
[2024-09-24T20:31:42.906+0000] {processor.py:830} INFO - Processing file /opt/airflow/dags/.cache/pip/http/2/1/d/3/e/21d3efeb1f4c366aab7c143352bb9efac1f82a076c7a2f0bf980bf54 for tasks to queue
[2024-09-24T20:31:42.908+0000] {logging_mixin.py:188} INFO - [2024-09-24T20:31:42.908+0000] {dagbag.py:545} INFO - Filling up the DagBag from /opt/airflow/dags/.cache/pip/http/2/1/d/3/e/21d3efeb1f4c366aab7c143352bb9efac1f82a076c7a2f0bf980bf54
[2024-09-24T20:31:42.941+0000] {processor.py:842} WARNING - No viable dags retrieved from /opt/airflow/dags/.cache/pip/http/2/1/d/3/e/21d3efeb1f4c366aab7c143352bb9efac1f82a076c7a2f0bf980bf54
[2024-09-24T20:31:42.953+0000] {processor.py:183} INFO - Processing /opt/airflow/dags/.cache/pip/http/2/1/d/3/e/21d3efeb1f4c366aab7c143352bb9efac1f82a076c7a2f0bf980bf54 took 0.054 seconds
[2024-09-24T20:32:29.090+0000] {processor.py:161} INFO - Started process (PID=2683) to work on /opt/airflow/dags/.cache/pip/http/2/1/d/3/e/21d3efeb1f4c366aab7c143352bb9efac1f82a076c7a2f0bf980bf54
[2024-09-24T20:32:29.092+0000] {processor.py:830} INFO - Processing file /opt/airflow/dags/.cache/pip/http/2/1/d/3/e/21d3efeb1f4c366aab7c143352bb9efac1f82a076c7a2f0bf980bf54 for tasks to queue
[2024-09-24T20:32:29.093+0000] {logging_mixin.py:188} INFO - [2024-09-24T20:32:29.093+0000] {dagbag.py:545} INFO - Filling up the DagBag from /opt/airflow/dags/.cache/pip/http/2/1/d/3/e/21d3efeb1f4c366aab7c143352bb9efac1f82a076c7a2f0bf980bf54
[2024-09-24T20:32:29.110+0000] {processor.py:842} WARNING - No viable dags retrieved from /opt/airflow/dags/.cache/pip/http/2/1/d/3/e/21d3efeb1f4c366aab7c143352bb9efac1f82a076c7a2f0bf980bf54
[2024-09-24T20:32:29.121+0000] {processor.py:183} INFO - Processing /opt/airflow/dags/.cache/pip/http/2/1/d/3/e/21d3efeb1f4c366aab7c143352bb9efac1f82a076c7a2f0bf980bf54 took 0.035 seconds
