[2024-10-03T08:42:00.969+0000] {processor.py:161} INFO - Started process (PID=318) to work on /opt/airflow/dags/.cache/pip/http/f/a/1/9/b/fa19b62d26317006e0122c5ac1105b33bda5b62e6b60545bd82b1923
[2024-10-03T08:42:00.970+0000] {processor.py:830} INFO - Processing file /opt/airflow/dags/.cache/pip/http/f/a/1/9/b/fa19b62d26317006e0122c5ac1105b33bda5b62e6b60545bd82b1923 for tasks to queue
[2024-10-03T08:42:00.973+0000] {logging_mixin.py:188} INFO - [2024-10-03T08:42:00.973+0000] {dagbag.py:545} INFO - Filling up the DagBag from /opt/airflow/dags/.cache/pip/http/f/a/1/9/b/fa19b62d26317006e0122c5ac1105b33bda5b62e6b60545bd82b1923
[2024-10-03T08:42:01.038+0000] {processor.py:842} WARNING - No viable dags retrieved from /opt/airflow/dags/.cache/pip/http/f/a/1/9/b/fa19b62d26317006e0122c5ac1105b33bda5b62e6b60545bd82b1923
[2024-10-03T08:42:01.053+0000] {processor.py:183} INFO - Processing /opt/airflow/dags/.cache/pip/http/f/a/1/9/b/fa19b62d26317006e0122c5ac1105b33bda5b62e6b60545bd82b1923 took 0.089 seconds
[2024-10-03T08:42:32.757+0000] {processor.py:161} INFO - Started process (PID=533) to work on /opt/airflow/dags/.cache/pip/http/f/a/1/9/b/fa19b62d26317006e0122c5ac1105b33bda5b62e6b60545bd82b1923
[2024-10-03T08:42:32.758+0000] {processor.py:830} INFO - Processing file /opt/airflow/dags/.cache/pip/http/f/a/1/9/b/fa19b62d26317006e0122c5ac1105b33bda5b62e6b60545bd82b1923 for tasks to queue
[2024-10-03T08:42:32.761+0000] {logging_mixin.py:188} INFO - [2024-10-03T08:42:32.760+0000] {dagbag.py:545} INFO - Filling up the DagBag from /opt/airflow/dags/.cache/pip/http/f/a/1/9/b/fa19b62d26317006e0122c5ac1105b33bda5b62e6b60545bd82b1923
[2024-10-03T08:42:32.803+0000] {processor.py:842} WARNING - No viable dags retrieved from /opt/airflow/dags/.cache/pip/http/f/a/1/9/b/fa19b62d26317006e0122c5ac1105b33bda5b62e6b60545bd82b1923
[2024-10-03T08:42:32.819+0000] {processor.py:183} INFO - Processing /opt/airflow/dags/.cache/pip/http/f/a/1/9/b/fa19b62d26317006e0122c5ac1105b33bda5b62e6b60545bd82b1923 took 0.071 seconds
[2024-10-03T08:43:05.519+0000] {processor.py:161} INFO - Started process (PID=775) to work on /opt/airflow/dags/.cache/pip/http/f/a/1/9/b/fa19b62d26317006e0122c5ac1105b33bda5b62e6b60545bd82b1923
[2024-10-03T08:43:05.521+0000] {processor.py:830} INFO - Processing file /opt/airflow/dags/.cache/pip/http/f/a/1/9/b/fa19b62d26317006e0122c5ac1105b33bda5b62e6b60545bd82b1923 for tasks to queue
[2024-10-03T08:43:05.526+0000] {logging_mixin.py:188} INFO - [2024-10-03T08:43:05.525+0000] {dagbag.py:545} INFO - Filling up the DagBag from /opt/airflow/dags/.cache/pip/http/f/a/1/9/b/fa19b62d26317006e0122c5ac1105b33bda5b62e6b60545bd82b1923
[2024-10-03T08:43:05.576+0000] {processor.py:842} WARNING - No viable dags retrieved from /opt/airflow/dags/.cache/pip/http/f/a/1/9/b/fa19b62d26317006e0122c5ac1105b33bda5b62e6b60545bd82b1923
[2024-10-03T08:43:05.599+0000] {processor.py:183} INFO - Processing /opt/airflow/dags/.cache/pip/http/f/a/1/9/b/fa19b62d26317006e0122c5ac1105b33bda5b62e6b60545bd82b1923 took 0.092 seconds
[2024-10-03T08:43:37.863+0000] {processor.py:161} INFO - Started process (PID=1020) to work on /opt/airflow/dags/.cache/pip/http/f/a/1/9/b/fa19b62d26317006e0122c5ac1105b33bda5b62e6b60545bd82b1923
[2024-10-03T08:43:37.864+0000] {processor.py:830} INFO - Processing file /opt/airflow/dags/.cache/pip/http/f/a/1/9/b/fa19b62d26317006e0122c5ac1105b33bda5b62e6b60545bd82b1923 for tasks to queue
[2024-10-03T08:43:37.867+0000] {logging_mixin.py:188} INFO - [2024-10-03T08:43:37.867+0000] {dagbag.py:545} INFO - Filling up the DagBag from /opt/airflow/dags/.cache/pip/http/f/a/1/9/b/fa19b62d26317006e0122c5ac1105b33bda5b62e6b60545bd82b1923
[2024-10-03T08:43:37.907+0000] {processor.py:842} WARNING - No viable dags retrieved from /opt/airflow/dags/.cache/pip/http/f/a/1/9/b/fa19b62d26317006e0122c5ac1105b33bda5b62e6b60545bd82b1923
[2024-10-03T08:43:37.931+0000] {processor.py:183} INFO - Processing /opt/airflow/dags/.cache/pip/http/f/a/1/9/b/fa19b62d26317006e0122c5ac1105b33bda5b62e6b60545bd82b1923 took 0.080 seconds
[2024-10-03T08:44:09.406+0000] {processor.py:161} INFO - Started process (PID=1262) to work on /opt/airflow/dags/.cache/pip/http/f/a/1/9/b/fa19b62d26317006e0122c5ac1105b33bda5b62e6b60545bd82b1923
[2024-10-03T08:44:09.407+0000] {processor.py:830} INFO - Processing file /opt/airflow/dags/.cache/pip/http/f/a/1/9/b/fa19b62d26317006e0122c5ac1105b33bda5b62e6b60545bd82b1923 for tasks to queue
[2024-10-03T08:44:09.409+0000] {logging_mixin.py:188} INFO - [2024-10-03T08:44:09.408+0000] {dagbag.py:545} INFO - Filling up the DagBag from /opt/airflow/dags/.cache/pip/http/f/a/1/9/b/fa19b62d26317006e0122c5ac1105b33bda5b62e6b60545bd82b1923
[2024-10-03T08:44:09.426+0000] {processor.py:842} WARNING - No viable dags retrieved from /opt/airflow/dags/.cache/pip/http/f/a/1/9/b/fa19b62d26317006e0122c5ac1105b33bda5b62e6b60545bd82b1923
[2024-10-03T08:44:09.438+0000] {processor.py:183} INFO - Processing /opt/airflow/dags/.cache/pip/http/f/a/1/9/b/fa19b62d26317006e0122c5ac1105b33bda5b62e6b60545bd82b1923 took 0.037 seconds
[2024-10-03T08:44:42.036+0000] {processor.py:161} INFO - Started process (PID=1502) to work on /opt/airflow/dags/.cache/pip/http/f/a/1/9/b/fa19b62d26317006e0122c5ac1105b33bda5b62e6b60545bd82b1923
[2024-10-03T08:44:42.038+0000] {processor.py:830} INFO - Processing file /opt/airflow/dags/.cache/pip/http/f/a/1/9/b/fa19b62d26317006e0122c5ac1105b33bda5b62e6b60545bd82b1923 for tasks to queue
[2024-10-03T08:44:42.040+0000] {logging_mixin.py:188} INFO - [2024-10-03T08:44:42.040+0000] {dagbag.py:545} INFO - Filling up the DagBag from /opt/airflow/dags/.cache/pip/http/f/a/1/9/b/fa19b62d26317006e0122c5ac1105b33bda5b62e6b60545bd82b1923
[2024-10-03T08:44:42.076+0000] {processor.py:842} WARNING - No viable dags retrieved from /opt/airflow/dags/.cache/pip/http/f/a/1/9/b/fa19b62d26317006e0122c5ac1105b33bda5b62e6b60545bd82b1923
[2024-10-03T08:44:42.100+0000] {processor.py:183} INFO - Processing /opt/airflow/dags/.cache/pip/http/f/a/1/9/b/fa19b62d26317006e0122c5ac1105b33bda5b62e6b60545bd82b1923 took 0.073 seconds
[2024-10-03T08:45:16.390+0000] {processor.py:161} INFO - Started process (PID=1746) to work on /opt/airflow/dags/.cache/pip/http/f/a/1/9/b/fa19b62d26317006e0122c5ac1105b33bda5b62e6b60545bd82b1923
[2024-10-03T08:45:16.391+0000] {processor.py:830} INFO - Processing file /opt/airflow/dags/.cache/pip/http/f/a/1/9/b/fa19b62d26317006e0122c5ac1105b33bda5b62e6b60545bd82b1923 for tasks to queue
[2024-10-03T08:45:16.394+0000] {logging_mixin.py:188} INFO - [2024-10-03T08:45:16.394+0000] {dagbag.py:545} INFO - Filling up the DagBag from /opt/airflow/dags/.cache/pip/http/f/a/1/9/b/fa19b62d26317006e0122c5ac1105b33bda5b62e6b60545bd82b1923
[2024-10-03T08:45:16.442+0000] {processor.py:842} WARNING - No viable dags retrieved from /opt/airflow/dags/.cache/pip/http/f/a/1/9/b/fa19b62d26317006e0122c5ac1105b33bda5b62e6b60545bd82b1923
[2024-10-03T08:45:16.464+0000] {processor.py:183} INFO - Processing /opt/airflow/dags/.cache/pip/http/f/a/1/9/b/fa19b62d26317006e0122c5ac1105b33bda5b62e6b60545bd82b1923 took 0.085 seconds
[2024-10-03T08:45:49.088+0000] {processor.py:161} INFO - Started process (PID=1991) to work on /opt/airflow/dags/.cache/pip/http/f/a/1/9/b/fa19b62d26317006e0122c5ac1105b33bda5b62e6b60545bd82b1923
[2024-10-03T08:45:49.090+0000] {processor.py:830} INFO - Processing file /opt/airflow/dags/.cache/pip/http/f/a/1/9/b/fa19b62d26317006e0122c5ac1105b33bda5b62e6b60545bd82b1923 for tasks to queue
[2024-10-03T08:45:49.094+0000] {logging_mixin.py:188} INFO - [2024-10-03T08:45:49.093+0000] {dagbag.py:545} INFO - Filling up the DagBag from /opt/airflow/dags/.cache/pip/http/f/a/1/9/b/fa19b62d26317006e0122c5ac1105b33bda5b62e6b60545bd82b1923
[2024-10-03T08:45:49.125+0000] {processor.py:842} WARNING - No viable dags retrieved from /opt/airflow/dags/.cache/pip/http/f/a/1/9/b/fa19b62d26317006e0122c5ac1105b33bda5b62e6b60545bd82b1923
[2024-10-03T08:45:49.146+0000] {processor.py:183} INFO - Processing /opt/airflow/dags/.cache/pip/http/f/a/1/9/b/fa19b62d26317006e0122c5ac1105b33bda5b62e6b60545bd82b1923 took 0.070 seconds
[2024-10-03T08:46:19.646+0000] {processor.py:161} INFO - Started process (PID=2185) to work on /opt/airflow/dags/.cache/pip/http/f/a/1/9/b/fa19b62d26317006e0122c5ac1105b33bda5b62e6b60545bd82b1923
[2024-10-03T08:46:19.648+0000] {processor.py:830} INFO - Processing file /opt/airflow/dags/.cache/pip/http/f/a/1/9/b/fa19b62d26317006e0122c5ac1105b33bda5b62e6b60545bd82b1923 for tasks to queue
[2024-10-03T08:46:19.651+0000] {logging_mixin.py:188} INFO - [2024-10-03T08:46:19.651+0000] {dagbag.py:545} INFO - Filling up the DagBag from /opt/airflow/dags/.cache/pip/http/f/a/1/9/b/fa19b62d26317006e0122c5ac1105b33bda5b62e6b60545bd82b1923
[2024-10-03T08:46:19.690+0000] {processor.py:842} WARNING - No viable dags retrieved from /opt/airflow/dags/.cache/pip/http/f/a/1/9/b/fa19b62d26317006e0122c5ac1105b33bda5b62e6b60545bd82b1923
[2024-10-03T08:46:19.711+0000] {processor.py:183} INFO - Processing /opt/airflow/dags/.cache/pip/http/f/a/1/9/b/fa19b62d26317006e0122c5ac1105b33bda5b62e6b60545bd82b1923 took 0.077 seconds
[2024-10-03T08:47:10.946+0000] {processor.py:161} INFO - Started process (PID=2481) to work on /opt/airflow/dags/.cache/pip/http/f/a/1/9/b/fa19b62d26317006e0122c5ac1105b33bda5b62e6b60545bd82b1923
[2024-10-03T08:47:10.951+0000] {processor.py:830} INFO - Processing file /opt/airflow/dags/.cache/pip/http/f/a/1/9/b/fa19b62d26317006e0122c5ac1105b33bda5b62e6b60545bd82b1923 for tasks to queue
[2024-10-03T08:47:10.954+0000] {logging_mixin.py:188} INFO - [2024-10-03T08:47:10.953+0000] {dagbag.py:545} INFO - Filling up the DagBag from /opt/airflow/dags/.cache/pip/http/f/a/1/9/b/fa19b62d26317006e0122c5ac1105b33bda5b62e6b60545bd82b1923
[2024-10-03T08:47:11.021+0000] {processor.py:842} WARNING - No viable dags retrieved from /opt/airflow/dags/.cache/pip/http/f/a/1/9/b/fa19b62d26317006e0122c5ac1105b33bda5b62e6b60545bd82b1923
[2024-10-03T08:47:11.046+0000] {processor.py:183} INFO - Processing /opt/airflow/dags/.cache/pip/http/f/a/1/9/b/fa19b62d26317006e0122c5ac1105b33bda5b62e6b60545bd82b1923 took 0.113 seconds
[2024-10-03T08:47:43.349+0000] {processor.py:161} INFO - Started process (PID=2717) to work on /opt/airflow/dags/.cache/pip/http/f/a/1/9/b/fa19b62d26317006e0122c5ac1105b33bda5b62e6b60545bd82b1923
[2024-10-03T08:47:43.351+0000] {processor.py:830} INFO - Processing file /opt/airflow/dags/.cache/pip/http/f/a/1/9/b/fa19b62d26317006e0122c5ac1105b33bda5b62e6b60545bd82b1923 for tasks to queue
[2024-10-03T08:47:43.355+0000] {logging_mixin.py:188} INFO - [2024-10-03T08:47:43.354+0000] {dagbag.py:545} INFO - Filling up the DagBag from /opt/airflow/dags/.cache/pip/http/f/a/1/9/b/fa19b62d26317006e0122c5ac1105b33bda5b62e6b60545bd82b1923
[2024-10-03T08:47:43.416+0000] {processor.py:842} WARNING - No viable dags retrieved from /opt/airflow/dags/.cache/pip/http/f/a/1/9/b/fa19b62d26317006e0122c5ac1105b33bda5b62e6b60545bd82b1923
[2024-10-03T08:47:43.455+0000] {processor.py:183} INFO - Processing /opt/airflow/dags/.cache/pip/http/f/a/1/9/b/fa19b62d26317006e0122c5ac1105b33bda5b62e6b60545bd82b1923 took 0.118 seconds
[2024-10-03T08:48:16.122+0000] {processor.py:161} INFO - Started process (PID=2959) to work on /opt/airflow/dags/.cache/pip/http/f/a/1/9/b/fa19b62d26317006e0122c5ac1105b33bda5b62e6b60545bd82b1923
[2024-10-03T08:48:16.124+0000] {processor.py:830} INFO - Processing file /opt/airflow/dags/.cache/pip/http/f/a/1/9/b/fa19b62d26317006e0122c5ac1105b33bda5b62e6b60545bd82b1923 for tasks to queue
[2024-10-03T08:48:16.127+0000] {logging_mixin.py:188} INFO - [2024-10-03T08:48:16.127+0000] {dagbag.py:545} INFO - Filling up the DagBag from /opt/airflow/dags/.cache/pip/http/f/a/1/9/b/fa19b62d26317006e0122c5ac1105b33bda5b62e6b60545bd82b1923
[2024-10-03T08:48:16.176+0000] {processor.py:842} WARNING - No viable dags retrieved from /opt/airflow/dags/.cache/pip/http/f/a/1/9/b/fa19b62d26317006e0122c5ac1105b33bda5b62e6b60545bd82b1923
[2024-10-03T08:48:16.200+0000] {processor.py:183} INFO - Processing /opt/airflow/dags/.cache/pip/http/f/a/1/9/b/fa19b62d26317006e0122c5ac1105b33bda5b62e6b60545bd82b1923 took 0.088 seconds
[2024-10-03T08:48:47.629+0000] {processor.py:161} INFO - Started process (PID=3159) to work on /opt/airflow/dags/.cache/pip/http/f/a/1/9/b/fa19b62d26317006e0122c5ac1105b33bda5b62e6b60545bd82b1923
[2024-10-03T08:48:47.630+0000] {processor.py:830} INFO - Processing file /opt/airflow/dags/.cache/pip/http/f/a/1/9/b/fa19b62d26317006e0122c5ac1105b33bda5b62e6b60545bd82b1923 for tasks to queue
[2024-10-03T08:48:47.632+0000] {logging_mixin.py:188} INFO - [2024-10-03T08:48:47.631+0000] {dagbag.py:545} INFO - Filling up the DagBag from /opt/airflow/dags/.cache/pip/http/f/a/1/9/b/fa19b62d26317006e0122c5ac1105b33bda5b62e6b60545bd82b1923
[2024-10-03T08:48:47.791+0000] {processor.py:842} WARNING - No viable dags retrieved from /opt/airflow/dags/.cache/pip/http/f/a/1/9/b/fa19b62d26317006e0122c5ac1105b33bda5b62e6b60545bd82b1923
[2024-10-03T08:48:47.809+0000] {processor.py:183} INFO - Processing /opt/airflow/dags/.cache/pip/http/f/a/1/9/b/fa19b62d26317006e0122c5ac1105b33bda5b62e6b60545bd82b1923 took 0.188 seconds
[2024-10-03T08:49:18.342+0000] {processor.py:161} INFO - Started process (PID=3397) to work on /opt/airflow/dags/.cache/pip/http/f/a/1/9/b/fa19b62d26317006e0122c5ac1105b33bda5b62e6b60545bd82b1923
[2024-10-03T08:49:18.343+0000] {processor.py:830} INFO - Processing file /opt/airflow/dags/.cache/pip/http/f/a/1/9/b/fa19b62d26317006e0122c5ac1105b33bda5b62e6b60545bd82b1923 for tasks to queue
[2024-10-03T08:49:18.346+0000] {logging_mixin.py:188} INFO - [2024-10-03T08:49:18.345+0000] {dagbag.py:545} INFO - Filling up the DagBag from /opt/airflow/dags/.cache/pip/http/f/a/1/9/b/fa19b62d26317006e0122c5ac1105b33bda5b62e6b60545bd82b1923
[2024-10-03T08:49:18.375+0000] {processor.py:842} WARNING - No viable dags retrieved from /opt/airflow/dags/.cache/pip/http/f/a/1/9/b/fa19b62d26317006e0122c5ac1105b33bda5b62e6b60545bd82b1923
[2024-10-03T08:49:18.386+0000] {processor.py:183} INFO - Processing /opt/airflow/dags/.cache/pip/http/f/a/1/9/b/fa19b62d26317006e0122c5ac1105b33bda5b62e6b60545bd82b1923 took 0.048 seconds
[2024-10-03T08:49:48.577+0000] {processor.py:161} INFO - Started process (PID=3640) to work on /opt/airflow/dags/.cache/pip/http/f/a/1/9/b/fa19b62d26317006e0122c5ac1105b33bda5b62e6b60545bd82b1923
[2024-10-03T08:49:48.579+0000] {processor.py:830} INFO - Processing file /opt/airflow/dags/.cache/pip/http/f/a/1/9/b/fa19b62d26317006e0122c5ac1105b33bda5b62e6b60545bd82b1923 for tasks to queue
[2024-10-03T08:49:48.581+0000] {logging_mixin.py:188} INFO - [2024-10-03T08:49:48.581+0000] {dagbag.py:545} INFO - Filling up the DagBag from /opt/airflow/dags/.cache/pip/http/f/a/1/9/b/fa19b62d26317006e0122c5ac1105b33bda5b62e6b60545bd82b1923
[2024-10-03T08:49:48.635+0000] {processor.py:842} WARNING - No viable dags retrieved from /opt/airflow/dags/.cache/pip/http/f/a/1/9/b/fa19b62d26317006e0122c5ac1105b33bda5b62e6b60545bd82b1923
[2024-10-03T08:49:48.655+0000] {processor.py:183} INFO - Processing /opt/airflow/dags/.cache/pip/http/f/a/1/9/b/fa19b62d26317006e0122c5ac1105b33bda5b62e6b60545bd82b1923 took 0.086 seconds
[2024-10-03T08:50:19.251+0000] {processor.py:161} INFO - Started process (PID=3882) to work on /opt/airflow/dags/.cache/pip/http/f/a/1/9/b/fa19b62d26317006e0122c5ac1105b33bda5b62e6b60545bd82b1923
[2024-10-03T08:50:19.252+0000] {processor.py:830} INFO - Processing file /opt/airflow/dags/.cache/pip/http/f/a/1/9/b/fa19b62d26317006e0122c5ac1105b33bda5b62e6b60545bd82b1923 for tasks to queue
[2024-10-03T08:50:19.254+0000] {logging_mixin.py:188} INFO - [2024-10-03T08:50:19.253+0000] {dagbag.py:545} INFO - Filling up the DagBag from /opt/airflow/dags/.cache/pip/http/f/a/1/9/b/fa19b62d26317006e0122c5ac1105b33bda5b62e6b60545bd82b1923
[2024-10-03T08:50:19.267+0000] {processor.py:842} WARNING - No viable dags retrieved from /opt/airflow/dags/.cache/pip/http/f/a/1/9/b/fa19b62d26317006e0122c5ac1105b33bda5b62e6b60545bd82b1923
[2024-10-03T08:50:19.276+0000] {processor.py:183} INFO - Processing /opt/airflow/dags/.cache/pip/http/f/a/1/9/b/fa19b62d26317006e0122c5ac1105b33bda5b62e6b60545bd82b1923 took 0.029 seconds
[2024-10-03T08:50:50.580+0000] {processor.py:161} INFO - Started process (PID=4124) to work on /opt/airflow/dags/.cache/pip/http/f/a/1/9/b/fa19b62d26317006e0122c5ac1105b33bda5b62e6b60545bd82b1923
[2024-10-03T08:50:50.580+0000] {processor.py:830} INFO - Processing file /opt/airflow/dags/.cache/pip/http/f/a/1/9/b/fa19b62d26317006e0122c5ac1105b33bda5b62e6b60545bd82b1923 for tasks to queue
[2024-10-03T08:50:50.582+0000] {logging_mixin.py:188} INFO - [2024-10-03T08:50:50.581+0000] {dagbag.py:545} INFO - Filling up the DagBag from /opt/airflow/dags/.cache/pip/http/f/a/1/9/b/fa19b62d26317006e0122c5ac1105b33bda5b62e6b60545bd82b1923
[2024-10-03T08:50:50.608+0000] {processor.py:842} WARNING - No viable dags retrieved from /opt/airflow/dags/.cache/pip/http/f/a/1/9/b/fa19b62d26317006e0122c5ac1105b33bda5b62e6b60545bd82b1923
[2024-10-03T08:50:50.618+0000] {processor.py:183} INFO - Processing /opt/airflow/dags/.cache/pip/http/f/a/1/9/b/fa19b62d26317006e0122c5ac1105b33bda5b62e6b60545bd82b1923 took 0.043 seconds
[2024-10-03T08:56:29.824+0000] {processor.py:161} INFO - Started process (PID=4344) to work on /opt/airflow/dags/.cache/pip/http/f/a/1/9/b/fa19b62d26317006e0122c5ac1105b33bda5b62e6b60545bd82b1923
[2024-10-03T08:56:29.825+0000] {processor.py:830} INFO - Processing file /opt/airflow/dags/.cache/pip/http/f/a/1/9/b/fa19b62d26317006e0122c5ac1105b33bda5b62e6b60545bd82b1923 for tasks to queue
[2024-10-03T08:56:29.827+0000] {logging_mixin.py:188} INFO - [2024-10-03T08:56:29.827+0000] {dagbag.py:545} INFO - Filling up the DagBag from /opt/airflow/dags/.cache/pip/http/f/a/1/9/b/fa19b62d26317006e0122c5ac1105b33bda5b62e6b60545bd82b1923
[2024-10-03T08:56:29.888+0000] {processor.py:842} WARNING - No viable dags retrieved from /opt/airflow/dags/.cache/pip/http/f/a/1/9/b/fa19b62d26317006e0122c5ac1105b33bda5b62e6b60545bd82b1923
[2024-10-03T08:56:29.913+0000] {processor.py:183} INFO - Processing /opt/airflow/dags/.cache/pip/http/f/a/1/9/b/fa19b62d26317006e0122c5ac1105b33bda5b62e6b60545bd82b1923 took 0.094 seconds
[2024-10-03T08:57:00.916+0000] {processor.py:161} INFO - Started process (PID=4548) to work on /opt/airflow/dags/.cache/pip/http/f/a/1/9/b/fa19b62d26317006e0122c5ac1105b33bda5b62e6b60545bd82b1923
[2024-10-03T08:57:00.917+0000] {processor.py:830} INFO - Processing file /opt/airflow/dags/.cache/pip/http/f/a/1/9/b/fa19b62d26317006e0122c5ac1105b33bda5b62e6b60545bd82b1923 for tasks to queue
[2024-10-03T08:57:00.917+0000] {logging_mixin.py:188} INFO - [2024-10-03T08:57:00.917+0000] {dagbag.py:545} INFO - Filling up the DagBag from /opt/airflow/dags/.cache/pip/http/f/a/1/9/b/fa19b62d26317006e0122c5ac1105b33bda5b62e6b60545bd82b1923
[2024-10-03T08:57:00.933+0000] {processor.py:842} WARNING - No viable dags retrieved from /opt/airflow/dags/.cache/pip/http/f/a/1/9/b/fa19b62d26317006e0122c5ac1105b33bda5b62e6b60545bd82b1923
[2024-10-03T08:57:00.944+0000] {processor.py:183} INFO - Processing /opt/airflow/dags/.cache/pip/http/f/a/1/9/b/fa19b62d26317006e0122c5ac1105b33bda5b62e6b60545bd82b1923 took 0.034 seconds
