[2024-09-24T20:22:06.798+0000] {processor.py:161} INFO - Started process (PID=362) to work on /opt/airflow/dags/.cache/pip/http/f/2/6/c/f/f26cf5e9d5854492bd4a8f52845c5b2f14652449ecceb3d29c560041
[2024-09-24T20:22:06.800+0000] {processor.py:830} INFO - Processing file /opt/airflow/dags/.cache/pip/http/f/2/6/c/f/f26cf5e9d5854492bd4a8f52845c5b2f14652449ecceb3d29c560041 for tasks to queue
[2024-09-24T20:22:06.822+0000] {logging_mixin.py:188} INFO - [2024-09-24T20:22:06.822+0000] {dagbag.py:545} INFO - Filling up the DagBag from /opt/airflow/dags/.cache/pip/http/f/2/6/c/f/f26cf5e9d5854492bd4a8f52845c5b2f14652449ecceb3d29c560041
[2024-09-24T20:22:06.879+0000] {processor.py:842} WARNING - No viable dags retrieved from /opt/airflow/dags/.cache/pip/http/f/2/6/c/f/f26cf5e9d5854492bd4a8f52845c5b2f14652449ecceb3d29c560041
[2024-09-24T20:22:06.897+0000] {processor.py:183} INFO - Processing /opt/airflow/dags/.cache/pip/http/f/2/6/c/f/f26cf5e9d5854492bd4a8f52845c5b2f14652449ecceb3d29c560041 took 0.106 seconds
[2024-09-24T20:22:39.055+0000] {processor.py:161} INFO - Started process (PID=636) to work on /opt/airflow/dags/.cache/pip/http/f/2/6/c/f/f26cf5e9d5854492bd4a8f52845c5b2f14652449ecceb3d29c560041
[2024-09-24T20:22:39.057+0000] {processor.py:830} INFO - Processing file /opt/airflow/dags/.cache/pip/http/f/2/6/c/f/f26cf5e9d5854492bd4a8f52845c5b2f14652449ecceb3d29c560041 for tasks to queue
[2024-09-24T20:22:39.061+0000] {logging_mixin.py:188} INFO - [2024-09-24T20:22:39.061+0000] {dagbag.py:545} INFO - Filling up the DagBag from /opt/airflow/dags/.cache/pip/http/f/2/6/c/f/f26cf5e9d5854492bd4a8f52845c5b2f14652449ecceb3d29c560041
[2024-09-24T20:22:39.145+0000] {processor.py:842} WARNING - No viable dags retrieved from /opt/airflow/dags/.cache/pip/http/f/2/6/c/f/f26cf5e9d5854492bd4a8f52845c5b2f14652449ecceb3d29c560041
[2024-09-24T20:22:39.165+0000] {processor.py:183} INFO - Processing /opt/airflow/dags/.cache/pip/http/f/2/6/c/f/f26cf5e9d5854492bd4a8f52845c5b2f14652449ecceb3d29c560041 took 0.119 seconds
[2024-09-24T20:23:10.423+0000] {processor.py:161} INFO - Started process (PID=914) to work on /opt/airflow/dags/.cache/pip/http/f/2/6/c/f/f26cf5e9d5854492bd4a8f52845c5b2f14652449ecceb3d29c560041
[2024-09-24T20:23:10.424+0000] {processor.py:830} INFO - Processing file /opt/airflow/dags/.cache/pip/http/f/2/6/c/f/f26cf5e9d5854492bd4a8f52845c5b2f14652449ecceb3d29c560041 for tasks to queue
[2024-09-24T20:23:10.425+0000] {logging_mixin.py:188} INFO - [2024-09-24T20:23:10.425+0000] {dagbag.py:545} INFO - Filling up the DagBag from /opt/airflow/dags/.cache/pip/http/f/2/6/c/f/f26cf5e9d5854492bd4a8f52845c5b2f14652449ecceb3d29c560041
[2024-09-24T20:23:10.454+0000] {processor.py:842} WARNING - No viable dags retrieved from /opt/airflow/dags/.cache/pip/http/f/2/6/c/f/f26cf5e9d5854492bd4a8f52845c5b2f14652449ecceb3d29c560041
[2024-09-24T20:23:10.463+0000] {processor.py:183} INFO - Processing /opt/airflow/dags/.cache/pip/http/f/2/6/c/f/f26cf5e9d5854492bd4a8f52845c5b2f14652449ecceb3d29c560041 took 0.049 seconds
[2024-09-24T20:27:55.627+0000] {processor.py:161} INFO - Started process (PID=366) to work on /opt/airflow/dags/.cache/pip/http/f/2/6/c/f/f26cf5e9d5854492bd4a8f52845c5b2f14652449ecceb3d29c560041
[2024-09-24T20:27:55.629+0000] {processor.py:830} INFO - Processing file /opt/airflow/dags/.cache/pip/http/f/2/6/c/f/f26cf5e9d5854492bd4a8f52845c5b2f14652449ecceb3d29c560041 for tasks to queue
[2024-09-24T20:27:55.631+0000] {logging_mixin.py:188} INFO - [2024-09-24T20:27:55.631+0000] {dagbag.py:545} INFO - Filling up the DagBag from /opt/airflow/dags/.cache/pip/http/f/2/6/c/f/f26cf5e9d5854492bd4a8f52845c5b2f14652449ecceb3d29c560041
[2024-09-24T20:27:55.692+0000] {processor.py:842} WARNING - No viable dags retrieved from /opt/airflow/dags/.cache/pip/http/f/2/6/c/f/f26cf5e9d5854492bd4a8f52845c5b2f14652449ecceb3d29c560041
[2024-09-24T20:27:55.701+0000] {processor.py:183} INFO - Processing /opt/airflow/dags/.cache/pip/http/f/2/6/c/f/f26cf5e9d5854492bd4a8f52845c5b2f14652449ecceb3d29c560041 took 0.080 seconds
[2024-09-24T20:28:28.628+0000] {processor.py:161} INFO - Started process (PID=640) to work on /opt/airflow/dags/.cache/pip/http/f/2/6/c/f/f26cf5e9d5854492bd4a8f52845c5b2f14652449ecceb3d29c560041
[2024-09-24T20:28:28.629+0000] {processor.py:830} INFO - Processing file /opt/airflow/dags/.cache/pip/http/f/2/6/c/f/f26cf5e9d5854492bd4a8f52845c5b2f14652449ecceb3d29c560041 for tasks to queue
[2024-09-24T20:28:28.631+0000] {logging_mixin.py:188} INFO - [2024-09-24T20:28:28.631+0000] {dagbag.py:545} INFO - Filling up the DagBag from /opt/airflow/dags/.cache/pip/http/f/2/6/c/f/f26cf5e9d5854492bd4a8f52845c5b2f14652449ecceb3d29c560041
[2024-09-24T20:28:28.671+0000] {processor.py:842} WARNING - No viable dags retrieved from /opt/airflow/dags/.cache/pip/http/f/2/6/c/f/f26cf5e9d5854492bd4a8f52845c5b2f14652449ecceb3d29c560041
[2024-09-24T20:28:28.679+0000] {processor.py:183} INFO - Processing /opt/airflow/dags/.cache/pip/http/f/2/6/c/f/f26cf5e9d5854492bd4a8f52845c5b2f14652449ecceb3d29c560041 took 0.055 seconds
[2024-09-24T20:29:00.609+0000] {processor.py:161} INFO - Started process (PID=914) to work on /opt/airflow/dags/.cache/pip/http/f/2/6/c/f/f26cf5e9d5854492bd4a8f52845c5b2f14652449ecceb3d29c560041
[2024-09-24T20:29:00.610+0000] {processor.py:830} INFO - Processing file /opt/airflow/dags/.cache/pip/http/f/2/6/c/f/f26cf5e9d5854492bd4a8f52845c5b2f14652449ecceb3d29c560041 for tasks to queue
[2024-09-24T20:29:00.612+0000] {logging_mixin.py:188} INFO - [2024-09-24T20:29:00.612+0000] {dagbag.py:545} INFO - Filling up the DagBag from /opt/airflow/dags/.cache/pip/http/f/2/6/c/f/f26cf5e9d5854492bd4a8f52845c5b2f14652449ecceb3d29c560041
[2024-09-24T20:29:00.679+0000] {processor.py:842} WARNING - No viable dags retrieved from /opt/airflow/dags/.cache/pip/http/f/2/6/c/f/f26cf5e9d5854492bd4a8f52845c5b2f14652449ecceb3d29c560041
[2024-09-24T20:29:00.691+0000] {processor.py:183} INFO - Processing /opt/airflow/dags/.cache/pip/http/f/2/6/c/f/f26cf5e9d5854492bd4a8f52845c5b2f14652449ecceb3d29c560041 took 0.089 seconds
[2024-09-24T20:29:31.987+0000] {processor.py:161} INFO - Started process (PID=1188) to work on /opt/airflow/dags/.cache/pip/http/f/2/6/c/f/f26cf5e9d5854492bd4a8f52845c5b2f14652449ecceb3d29c560041
[2024-09-24T20:29:31.991+0000] {processor.py:830} INFO - Processing file /opt/airflow/dags/.cache/pip/http/f/2/6/c/f/f26cf5e9d5854492bd4a8f52845c5b2f14652449ecceb3d29c560041 for tasks to queue
[2024-09-24T20:29:31.992+0000] {logging_mixin.py:188} INFO - [2024-09-24T20:29:31.992+0000] {dagbag.py:545} INFO - Filling up the DagBag from /opt/airflow/dags/.cache/pip/http/f/2/6/c/f/f26cf5e9d5854492bd4a8f52845c5b2f14652449ecceb3d29c560041
[2024-09-24T20:29:32.034+0000] {processor.py:842} WARNING - No viable dags retrieved from /opt/airflow/dags/.cache/pip/http/f/2/6/c/f/f26cf5e9d5854492bd4a8f52845c5b2f14652449ecceb3d29c560041
[2024-09-24T20:29:32.047+0000] {processor.py:183} INFO - Processing /opt/airflow/dags/.cache/pip/http/f/2/6/c/f/f26cf5e9d5854492bd4a8f52845c5b2f14652449ecceb3d29c560041 took 0.064 seconds
[2024-09-24T20:30:03.070+0000] {processor.py:161} INFO - Started process (PID=1462) to work on /opt/airflow/dags/.cache/pip/http/f/2/6/c/f/f26cf5e9d5854492bd4a8f52845c5b2f14652449ecceb3d29c560041
[2024-09-24T20:30:03.071+0000] {processor.py:830} INFO - Processing file /opt/airflow/dags/.cache/pip/http/f/2/6/c/f/f26cf5e9d5854492bd4a8f52845c5b2f14652449ecceb3d29c560041 for tasks to queue
[2024-09-24T20:30:03.072+0000] {logging_mixin.py:188} INFO - [2024-09-24T20:30:03.072+0000] {dagbag.py:545} INFO - Filling up the DagBag from /opt/airflow/dags/.cache/pip/http/f/2/6/c/f/f26cf5e9d5854492bd4a8f52845c5b2f14652449ecceb3d29c560041
[2024-09-24T20:30:03.103+0000] {processor.py:842} WARNING - No viable dags retrieved from /opt/airflow/dags/.cache/pip/http/f/2/6/c/f/f26cf5e9d5854492bd4a8f52845c5b2f14652449ecceb3d29c560041
[2024-09-24T20:30:03.115+0000] {processor.py:183} INFO - Processing /opt/airflow/dags/.cache/pip/http/f/2/6/c/f/f26cf5e9d5854492bd4a8f52845c5b2f14652449ecceb3d29c560041 took 0.049 seconds
[2024-09-24T20:30:36.351+0000] {processor.py:161} INFO - Started process (PID=1736) to work on /opt/airflow/dags/.cache/pip/http/f/2/6/c/f/f26cf5e9d5854492bd4a8f52845c5b2f14652449ecceb3d29c560041
[2024-09-24T20:30:36.353+0000] {processor.py:830} INFO - Processing file /opt/airflow/dags/.cache/pip/http/f/2/6/c/f/f26cf5e9d5854492bd4a8f52845c5b2f14652449ecceb3d29c560041 for tasks to queue
[2024-09-24T20:30:36.355+0000] {logging_mixin.py:188} INFO - [2024-09-24T20:30:36.354+0000] {dagbag.py:545} INFO - Filling up the DagBag from /opt/airflow/dags/.cache/pip/http/f/2/6/c/f/f26cf5e9d5854492bd4a8f52845c5b2f14652449ecceb3d29c560041
[2024-09-24T20:30:36.410+0000] {processor.py:842} WARNING - No viable dags retrieved from /opt/airflow/dags/.cache/pip/http/f/2/6/c/f/f26cf5e9d5854492bd4a8f52845c5b2f14652449ecceb3d29c560041
[2024-09-24T20:30:36.422+0000] {processor.py:183} INFO - Processing /opt/airflow/dags/.cache/pip/http/f/2/6/c/f/f26cf5e9d5854492bd4a8f52845c5b2f14652449ecceb3d29c560041 took 0.076 seconds
[2024-09-24T20:31:08.523+0000] {processor.py:161} INFO - Started process (PID=2010) to work on /opt/airflow/dags/.cache/pip/http/f/2/6/c/f/f26cf5e9d5854492bd4a8f52845c5b2f14652449ecceb3d29c560041
[2024-09-24T20:31:08.523+0000] {processor.py:830} INFO - Processing file /opt/airflow/dags/.cache/pip/http/f/2/6/c/f/f26cf5e9d5854492bd4a8f52845c5b2f14652449ecceb3d29c560041 for tasks to queue
[2024-09-24T20:31:08.525+0000] {logging_mixin.py:188} INFO - [2024-09-24T20:31:08.525+0000] {dagbag.py:545} INFO - Filling up the DagBag from /opt/airflow/dags/.cache/pip/http/f/2/6/c/f/f26cf5e9d5854492bd4a8f52845c5b2f14652449ecceb3d29c560041
[2024-09-24T20:31:08.558+0000] {processor.py:842} WARNING - No viable dags retrieved from /opt/airflow/dags/.cache/pip/http/f/2/6/c/f/f26cf5e9d5854492bd4a8f52845c5b2f14652449ecceb3d29c560041
[2024-09-24T20:31:08.566+0000] {processor.py:183} INFO - Processing /opt/airflow/dags/.cache/pip/http/f/2/6/c/f/f26cf5e9d5854492bd4a8f52845c5b2f14652449ecceb3d29c560041 took 0.048 seconds
[2024-09-24T20:31:40.507+0000] {processor.py:161} INFO - Started process (PID=2283) to work on /opt/airflow/dags/.cache/pip/http/f/2/6/c/f/f26cf5e9d5854492bd4a8f52845c5b2f14652449ecceb3d29c560041
[2024-09-24T20:31:40.510+0000] {processor.py:830} INFO - Processing file /opt/airflow/dags/.cache/pip/http/f/2/6/c/f/f26cf5e9d5854492bd4a8f52845c5b2f14652449ecceb3d29c560041 for tasks to queue
[2024-09-24T20:31:40.513+0000] {logging_mixin.py:188} INFO - [2024-09-24T20:31:40.513+0000] {dagbag.py:545} INFO - Filling up the DagBag from /opt/airflow/dags/.cache/pip/http/f/2/6/c/f/f26cf5e9d5854492bd4a8f52845c5b2f14652449ecceb3d29c560041
[2024-09-24T20:31:40.580+0000] {processor.py:842} WARNING - No viable dags retrieved from /opt/airflow/dags/.cache/pip/http/f/2/6/c/f/f26cf5e9d5854492bd4a8f52845c5b2f14652449ecceb3d29c560041
[2024-09-24T20:31:40.594+0000] {processor.py:183} INFO - Processing /opt/airflow/dags/.cache/pip/http/f/2/6/c/f/f26cf5e9d5854492bd4a8f52845c5b2f14652449ecceb3d29c560041 took 0.092 seconds
[2024-09-24T20:32:25.938+0000] {processor.py:161} INFO - Started process (PID=2563) to work on /opt/airflow/dags/.cache/pip/http/f/2/6/c/f/f26cf5e9d5854492bd4a8f52845c5b2f14652449ecceb3d29c560041
[2024-09-24T20:32:25.938+0000] {processor.py:830} INFO - Processing file /opt/airflow/dags/.cache/pip/http/f/2/6/c/f/f26cf5e9d5854492bd4a8f52845c5b2f14652449ecceb3d29c560041 for tasks to queue
[2024-09-24T20:32:25.940+0000] {logging_mixin.py:188} INFO - [2024-09-24T20:32:25.939+0000] {dagbag.py:545} INFO - Filling up the DagBag from /opt/airflow/dags/.cache/pip/http/f/2/6/c/f/f26cf5e9d5854492bd4a8f52845c5b2f14652449ecceb3d29c560041
[2024-09-24T20:32:25.971+0000] {processor.py:842} WARNING - No viable dags retrieved from /opt/airflow/dags/.cache/pip/http/f/2/6/c/f/f26cf5e9d5854492bd4a8f52845c5b2f14652449ecceb3d29c560041
[2024-09-24T20:32:25.981+0000] {processor.py:183} INFO - Processing /opt/airflow/dags/.cache/pip/http/f/2/6/c/f/f26cf5e9d5854492bd4a8f52845c5b2f14652449ecceb3d29c560041 took 0.047 seconds
