[2024-10-03T08:42:03.133+0000] {processor.py:161} INFO - Started process (PID=395) to work on /opt/airflow/dags/.cache/pip/http/9/7/c/a/0/97ca0a594a619806ce5c0dbbf819fff8493fab32bd5b660eeaced37f
[2024-10-03T08:42:03.134+0000] {processor.py:830} INFO - Processing file /opt/airflow/dags/.cache/pip/http/9/7/c/a/0/97ca0a594a619806ce5c0dbbf819fff8493fab32bd5b660eeaced37f for tasks to queue
[2024-10-03T08:42:03.137+0000] {logging_mixin.py:188} INFO - [2024-10-03T08:42:03.136+0000] {dagbag.py:545} INFO - Filling up the DagBag from /opt/airflow/dags/.cache/pip/http/9/7/c/a/0/97ca0a594a619806ce5c0dbbf819fff8493fab32bd5b660eeaced37f
[2024-10-03T08:42:03.155+0000] {processor.py:842} WARNING - No viable dags retrieved from /opt/airflow/dags/.cache/pip/http/9/7/c/a/0/97ca0a594a619806ce5c0dbbf819fff8493fab32bd5b660eeaced37f
[2024-10-03T08:42:03.168+0000] {processor.py:183} INFO - Processing /opt/airflow/dags/.cache/pip/http/9/7/c/a/0/97ca0a594a619806ce5c0dbbf819fff8493fab32bd5b660eeaced37f took 0.039 seconds
[2024-10-03T08:42:37.080+0000] {processor.py:161} INFO - Started process (PID=637) to work on /opt/airflow/dags/.cache/pip/http/9/7/c/a/0/97ca0a594a619806ce5c0dbbf819fff8493fab32bd5b660eeaced37f
[2024-10-03T08:42:37.082+0000] {processor.py:830} INFO - Processing file /opt/airflow/dags/.cache/pip/http/9/7/c/a/0/97ca0a594a619806ce5c0dbbf819fff8493fab32bd5b660eeaced37f for tasks to queue
[2024-10-03T08:42:37.084+0000] {logging_mixin.py:188} INFO - [2024-10-03T08:42:37.084+0000] {dagbag.py:545} INFO - Filling up the DagBag from /opt/airflow/dags/.cache/pip/http/9/7/c/a/0/97ca0a594a619806ce5c0dbbf819fff8493fab32bd5b660eeaced37f
[2024-10-03T08:42:37.116+0000] {processor.py:842} WARNING - No viable dags retrieved from /opt/airflow/dags/.cache/pip/http/9/7/c/a/0/97ca0a594a619806ce5c0dbbf819fff8493fab32bd5b660eeaced37f
[2024-10-03T08:42:37.147+0000] {processor.py:183} INFO - Processing /opt/airflow/dags/.cache/pip/http/9/7/c/a/0/97ca0a594a619806ce5c0dbbf819fff8493fab32bd5b660eeaced37f took 0.078 seconds
[2024-10-03T08:43:10.633+0000] {processor.py:161} INFO - Started process (PID=877) to work on /opt/airflow/dags/.cache/pip/http/9/7/c/a/0/97ca0a594a619806ce5c0dbbf819fff8493fab32bd5b660eeaced37f
[2024-10-03T08:43:10.634+0000] {processor.py:830} INFO - Processing file /opt/airflow/dags/.cache/pip/http/9/7/c/a/0/97ca0a594a619806ce5c0dbbf819fff8493fab32bd5b660eeaced37f for tasks to queue
[2024-10-03T08:43:10.637+0000] {logging_mixin.py:188} INFO - [2024-10-03T08:43:10.636+0000] {dagbag.py:545} INFO - Filling up the DagBag from /opt/airflow/dags/.cache/pip/http/9/7/c/a/0/97ca0a594a619806ce5c0dbbf819fff8493fab32bd5b660eeaced37f
[2024-10-03T08:43:10.703+0000] {processor.py:842} WARNING - No viable dags retrieved from /opt/airflow/dags/.cache/pip/http/9/7/c/a/0/97ca0a594a619806ce5c0dbbf819fff8493fab32bd5b660eeaced37f
[2024-10-03T08:43:10.725+0000] {processor.py:183} INFO - Processing /opt/airflow/dags/.cache/pip/http/9/7/c/a/0/97ca0a594a619806ce5c0dbbf819fff8493fab32bd5b660eeaced37f took 0.101 seconds
[2024-10-03T08:43:43.622+0000] {processor.py:161} INFO - Started process (PID=1122) to work on /opt/airflow/dags/.cache/pip/http/9/7/c/a/0/97ca0a594a619806ce5c0dbbf819fff8493fab32bd5b660eeaced37f
[2024-10-03T08:43:43.623+0000] {processor.py:830} INFO - Processing file /opt/airflow/dags/.cache/pip/http/9/7/c/a/0/97ca0a594a619806ce5c0dbbf819fff8493fab32bd5b660eeaced37f for tasks to queue
[2024-10-03T08:43:43.625+0000] {logging_mixin.py:188} INFO - [2024-10-03T08:43:43.625+0000] {dagbag.py:545} INFO - Filling up the DagBag from /opt/airflow/dags/.cache/pip/http/9/7/c/a/0/97ca0a594a619806ce5c0dbbf819fff8493fab32bd5b660eeaced37f
[2024-10-03T08:43:43.647+0000] {processor.py:842} WARNING - No viable dags retrieved from /opt/airflow/dags/.cache/pip/http/9/7/c/a/0/97ca0a594a619806ce5c0dbbf819fff8493fab32bd5b660eeaced37f
[2024-10-03T08:43:43.661+0000] {processor.py:183} INFO - Processing /opt/airflow/dags/.cache/pip/http/9/7/c/a/0/97ca0a594a619806ce5c0dbbf819fff8493fab32bd5b660eeaced37f took 0.044 seconds
[2024-10-03T08:44:16.143+0000] {processor.py:161} INFO - Started process (PID=1362) to work on /opt/airflow/dags/.cache/pip/http/9/7/c/a/0/97ca0a594a619806ce5c0dbbf819fff8493fab32bd5b660eeaced37f
[2024-10-03T08:44:16.144+0000] {processor.py:830} INFO - Processing file /opt/airflow/dags/.cache/pip/http/9/7/c/a/0/97ca0a594a619806ce5c0dbbf819fff8493fab32bd5b660eeaced37f for tasks to queue
[2024-10-03T08:44:16.148+0000] {logging_mixin.py:188} INFO - [2024-10-03T08:44:16.147+0000] {dagbag.py:545} INFO - Filling up the DagBag from /opt/airflow/dags/.cache/pip/http/9/7/c/a/0/97ca0a594a619806ce5c0dbbf819fff8493fab32bd5b660eeaced37f
[2024-10-03T08:44:16.203+0000] {processor.py:842} WARNING - No viable dags retrieved from /opt/airflow/dags/.cache/pip/http/9/7/c/a/0/97ca0a594a619806ce5c0dbbf819fff8493fab32bd5b660eeaced37f
[2024-10-03T08:44:16.218+0000] {processor.py:183} INFO - Processing /opt/airflow/dags/.cache/pip/http/9/7/c/a/0/97ca0a594a619806ce5c0dbbf819fff8493fab32bd5b660eeaced37f took 0.084 seconds
[2024-10-03T08:44:48.609+0000] {processor.py:161} INFO - Started process (PID=1612) to work on /opt/airflow/dags/.cache/pip/http/9/7/c/a/0/97ca0a594a619806ce5c0dbbf819fff8493fab32bd5b660eeaced37f
[2024-10-03T08:44:48.611+0000] {processor.py:830} INFO - Processing file /opt/airflow/dags/.cache/pip/http/9/7/c/a/0/97ca0a594a619806ce5c0dbbf819fff8493fab32bd5b660eeaced37f for tasks to queue
[2024-10-03T08:44:48.617+0000] {logging_mixin.py:188} INFO - [2024-10-03T08:44:48.617+0000] {dagbag.py:545} INFO - Filling up the DagBag from /opt/airflow/dags/.cache/pip/http/9/7/c/a/0/97ca0a594a619806ce5c0dbbf819fff8493fab32bd5b660eeaced37f
[2024-10-03T08:44:48.661+0000] {processor.py:842} WARNING - No viable dags retrieved from /opt/airflow/dags/.cache/pip/http/9/7/c/a/0/97ca0a594a619806ce5c0dbbf819fff8493fab32bd5b660eeaced37f
[2024-10-03T08:44:48.686+0000] {processor.py:183} INFO - Processing /opt/airflow/dags/.cache/pip/http/9/7/c/a/0/97ca0a594a619806ce5c0dbbf819fff8493fab32bd5b660eeaced37f took 0.087 seconds
[2024-10-03T08:45:21.877+0000] {processor.py:161} INFO - Started process (PID=1854) to work on /opt/airflow/dags/.cache/pip/http/9/7/c/a/0/97ca0a594a619806ce5c0dbbf819fff8493fab32bd5b660eeaced37f
[2024-10-03T08:45:21.880+0000] {processor.py:830} INFO - Processing file /opt/airflow/dags/.cache/pip/http/9/7/c/a/0/97ca0a594a619806ce5c0dbbf819fff8493fab32bd5b660eeaced37f for tasks to queue
[2024-10-03T08:45:21.883+0000] {logging_mixin.py:188} INFO - [2024-10-03T08:45:21.883+0000] {dagbag.py:545} INFO - Filling up the DagBag from /opt/airflow/dags/.cache/pip/http/9/7/c/a/0/97ca0a594a619806ce5c0dbbf819fff8493fab32bd5b660eeaced37f
[2024-10-03T08:45:21.931+0000] {processor.py:842} WARNING - No viable dags retrieved from /opt/airflow/dags/.cache/pip/http/9/7/c/a/0/97ca0a594a619806ce5c0dbbf819fff8493fab32bd5b660eeaced37f
[2024-10-03T08:45:21.960+0000] {processor.py:183} INFO - Processing /opt/airflow/dags/.cache/pip/http/9/7/c/a/0/97ca0a594a619806ce5c0dbbf819fff8493fab32bd5b660eeaced37f took 0.095 seconds
[2024-10-03T08:45:53.021+0000] {processor.py:161} INFO - Started process (PID=2072) to work on /opt/airflow/dags/.cache/pip/http/9/7/c/a/0/97ca0a594a619806ce5c0dbbf819fff8493fab32bd5b660eeaced37f
[2024-10-03T08:45:53.022+0000] {processor.py:830} INFO - Processing file /opt/airflow/dags/.cache/pip/http/9/7/c/a/0/97ca0a594a619806ce5c0dbbf819fff8493fab32bd5b660eeaced37f for tasks to queue
[2024-10-03T08:45:53.025+0000] {logging_mixin.py:188} INFO - [2024-10-03T08:45:53.025+0000] {dagbag.py:545} INFO - Filling up the DagBag from /opt/airflow/dags/.cache/pip/http/9/7/c/a/0/97ca0a594a619806ce5c0dbbf819fff8493fab32bd5b660eeaced37f
[2024-10-03T08:45:53.097+0000] {processor.py:842} WARNING - No viable dags retrieved from /opt/airflow/dags/.cache/pip/http/9/7/c/a/0/97ca0a594a619806ce5c0dbbf819fff8493fab32bd5b660eeaced37f
[2024-10-03T08:45:53.118+0000] {processor.py:183} INFO - Processing /opt/airflow/dags/.cache/pip/http/9/7/c/a/0/97ca0a594a619806ce5c0dbbf819fff8493fab32bd5b660eeaced37f took 0.109 seconds
[2024-10-03T08:46:24.013+0000] {processor.py:161} INFO - Started process (PID=2310) to work on /opt/airflow/dags/.cache/pip/http/9/7/c/a/0/97ca0a594a619806ce5c0dbbf819fff8493fab32bd5b660eeaced37f
[2024-10-03T08:46:24.014+0000] {processor.py:830} INFO - Processing file /opt/airflow/dags/.cache/pip/http/9/7/c/a/0/97ca0a594a619806ce5c0dbbf819fff8493fab32bd5b660eeaced37f for tasks to queue
[2024-10-03T08:46:24.017+0000] {logging_mixin.py:188} INFO - [2024-10-03T08:46:24.017+0000] {dagbag.py:545} INFO - Filling up the DagBag from /opt/airflow/dags/.cache/pip/http/9/7/c/a/0/97ca0a594a619806ce5c0dbbf819fff8493fab32bd5b660eeaced37f
[2024-10-03T08:46:24.053+0000] {processor.py:842} WARNING - No viable dags retrieved from /opt/airflow/dags/.cache/pip/http/9/7/c/a/0/97ca0a594a619806ce5c0dbbf819fff8493fab32bd5b660eeaced37f
[2024-10-03T08:46:24.072+0000] {processor.py:183} INFO - Processing /opt/airflow/dags/.cache/pip/http/9/7/c/a/0/97ca0a594a619806ce5c0dbbf819fff8493fab32bd5b660eeaced37f took 0.068 seconds
[2024-10-03T08:47:14.201+0000] {processor.py:161} INFO - Started process (PID=2579) to work on /opt/airflow/dags/.cache/pip/http/9/7/c/a/0/97ca0a594a619806ce5c0dbbf819fff8493fab32bd5b660eeaced37f
[2024-10-03T08:47:14.203+0000] {processor.py:830} INFO - Processing file /opt/airflow/dags/.cache/pip/http/9/7/c/a/0/97ca0a594a619806ce5c0dbbf819fff8493fab32bd5b660eeaced37f for tasks to queue
[2024-10-03T08:47:14.206+0000] {logging_mixin.py:188} INFO - [2024-10-03T08:47:14.206+0000] {dagbag.py:545} INFO - Filling up the DagBag from /opt/airflow/dags/.cache/pip/http/9/7/c/a/0/97ca0a594a619806ce5c0dbbf819fff8493fab32bd5b660eeaced37f
[2024-10-03T08:47:14.238+0000] {processor.py:842} WARNING - No viable dags retrieved from /opt/airflow/dags/.cache/pip/http/9/7/c/a/0/97ca0a594a619806ce5c0dbbf819fff8493fab32bd5b660eeaced37f
[2024-10-03T08:47:14.259+0000] {processor.py:183} INFO - Processing /opt/airflow/dags/.cache/pip/http/9/7/c/a/0/97ca0a594a619806ce5c0dbbf819fff8493fab32bd5b660eeaced37f took 0.069 seconds
[2024-10-03T08:47:48.419+0000] {processor.py:161} INFO - Started process (PID=2827) to work on /opt/airflow/dags/.cache/pip/http/9/7/c/a/0/97ca0a594a619806ce5c0dbbf819fff8493fab32bd5b660eeaced37f
[2024-10-03T08:47:48.420+0000] {processor.py:830} INFO - Processing file /opt/airflow/dags/.cache/pip/http/9/7/c/a/0/97ca0a594a619806ce5c0dbbf819fff8493fab32bd5b660eeaced37f for tasks to queue
[2024-10-03T08:47:48.424+0000] {logging_mixin.py:188} INFO - [2024-10-03T08:47:48.423+0000] {dagbag.py:545} INFO - Filling up the DagBag from /opt/airflow/dags/.cache/pip/http/9/7/c/a/0/97ca0a594a619806ce5c0dbbf819fff8493fab32bd5b660eeaced37f
[2024-10-03T08:47:48.451+0000] {processor.py:842} WARNING - No viable dags retrieved from /opt/airflow/dags/.cache/pip/http/9/7/c/a/0/97ca0a594a619806ce5c0dbbf819fff8493fab32bd5b660eeaced37f
[2024-10-03T08:47:48.477+0000] {processor.py:183} INFO - Processing /opt/airflow/dags/.cache/pip/http/9/7/c/a/0/97ca0a594a619806ce5c0dbbf819fff8493fab32bd5b660eeaced37f took 0.071 seconds
[2024-10-03T08:48:22.641+0000] {processor.py:161} INFO - Started process (PID=3069) to work on /opt/airflow/dags/.cache/pip/http/9/7/c/a/0/97ca0a594a619806ce5c0dbbf819fff8493fab32bd5b660eeaced37f
[2024-10-03T08:48:22.644+0000] {processor.py:830} INFO - Processing file /opt/airflow/dags/.cache/pip/http/9/7/c/a/0/97ca0a594a619806ce5c0dbbf819fff8493fab32bd5b660eeaced37f for tasks to queue
[2024-10-03T08:48:22.648+0000] {logging_mixin.py:188} INFO - [2024-10-03T08:48:22.647+0000] {dagbag.py:545} INFO - Filling up the DagBag from /opt/airflow/dags/.cache/pip/http/9/7/c/a/0/97ca0a594a619806ce5c0dbbf819fff8493fab32bd5b660eeaced37f
[2024-10-03T08:48:22.715+0000] {processor.py:842} WARNING - No viable dags retrieved from /opt/airflow/dags/.cache/pip/http/9/7/c/a/0/97ca0a594a619806ce5c0dbbf819fff8493fab32bd5b660eeaced37f
[2024-10-03T08:48:22.741+0000] {processor.py:183} INFO - Processing /opt/airflow/dags/.cache/pip/http/9/7/c/a/0/97ca0a594a619806ce5c0dbbf819fff8493fab32bd5b660eeaced37f took 0.119 seconds
[2024-10-03T08:48:53.663+0000] {processor.py:161} INFO - Started process (PID=3311) to work on /opt/airflow/dags/.cache/pip/http/9/7/c/a/0/97ca0a594a619806ce5c0dbbf819fff8493fab32bd5b660eeaced37f
[2024-10-03T08:48:53.664+0000] {processor.py:830} INFO - Processing file /opt/airflow/dags/.cache/pip/http/9/7/c/a/0/97ca0a594a619806ce5c0dbbf819fff8493fab32bd5b660eeaced37f for tasks to queue
[2024-10-03T08:48:53.666+0000] {logging_mixin.py:188} INFO - [2024-10-03T08:48:53.665+0000] {dagbag.py:545} INFO - Filling up the DagBag from /opt/airflow/dags/.cache/pip/http/9/7/c/a/0/97ca0a594a619806ce5c0dbbf819fff8493fab32bd5b660eeaced37f
[2024-10-03T08:48:53.696+0000] {processor.py:842} WARNING - No viable dags retrieved from /opt/airflow/dags/.cache/pip/http/9/7/c/a/0/97ca0a594a619806ce5c0dbbf819fff8493fab32bd5b660eeaced37f
[2024-10-03T08:48:53.710+0000] {processor.py:183} INFO - Processing /opt/airflow/dags/.cache/pip/http/9/7/c/a/0/97ca0a594a619806ce5c0dbbf819fff8493fab32bd5b660eeaced37f took 0.052 seconds
[2024-10-03T08:49:24.518+0000] {processor.py:161} INFO - Started process (PID=3553) to work on /opt/airflow/dags/.cache/pip/http/9/7/c/a/0/97ca0a594a619806ce5c0dbbf819fff8493fab32bd5b660eeaced37f
[2024-10-03T08:49:24.519+0000] {processor.py:830} INFO - Processing file /opt/airflow/dags/.cache/pip/http/9/7/c/a/0/97ca0a594a619806ce5c0dbbf819fff8493fab32bd5b660eeaced37f for tasks to queue
[2024-10-03T08:49:24.521+0000] {logging_mixin.py:188} INFO - [2024-10-03T08:49:24.521+0000] {dagbag.py:545} INFO - Filling up the DagBag from /opt/airflow/dags/.cache/pip/http/9/7/c/a/0/97ca0a594a619806ce5c0dbbf819fff8493fab32bd5b660eeaced37f
[2024-10-03T08:49:24.586+0000] {processor.py:842} WARNING - No viable dags retrieved from /opt/airflow/dags/.cache/pip/http/9/7/c/a/0/97ca0a594a619806ce5c0dbbf819fff8493fab32bd5b660eeaced37f
[2024-10-03T08:49:24.600+0000] {processor.py:183} INFO - Processing /opt/airflow/dags/.cache/pip/http/9/7/c/a/0/97ca0a594a619806ce5c0dbbf819fff8493fab32bd5b660eeaced37f took 0.086 seconds
[2024-10-03T08:49:57.561+0000] {processor.py:161} INFO - Started process (PID=3796) to work on /opt/airflow/dags/.cache/pip/http/9/7/c/a/0/97ca0a594a619806ce5c0dbbf819fff8493fab32bd5b660eeaced37f
[2024-10-03T08:49:57.562+0000] {processor.py:830} INFO - Processing file /opt/airflow/dags/.cache/pip/http/9/7/c/a/0/97ca0a594a619806ce5c0dbbf819fff8493fab32bd5b660eeaced37f for tasks to queue
[2024-10-03T08:49:57.564+0000] {logging_mixin.py:188} INFO - [2024-10-03T08:49:57.564+0000] {dagbag.py:545} INFO - Filling up the DagBag from /opt/airflow/dags/.cache/pip/http/9/7/c/a/0/97ca0a594a619806ce5c0dbbf819fff8493fab32bd5b660eeaced37f
[2024-10-03T08:49:57.603+0000] {processor.py:842} WARNING - No viable dags retrieved from /opt/airflow/dags/.cache/pip/http/9/7/c/a/0/97ca0a594a619806ce5c0dbbf819fff8493fab32bd5b660eeaced37f
[2024-10-03T08:49:57.621+0000] {processor.py:183} INFO - Processing /opt/airflow/dags/.cache/pip/http/9/7/c/a/0/97ca0a594a619806ce5c0dbbf819fff8493fab32bd5b660eeaced37f took 0.065 seconds
[2024-10-03T08:50:29.540+0000] {processor.py:161} INFO - Started process (PID=4036) to work on /opt/airflow/dags/.cache/pip/http/9/7/c/a/0/97ca0a594a619806ce5c0dbbf819fff8493fab32bd5b660eeaced37f
[2024-10-03T08:50:29.541+0000] {processor.py:830} INFO - Processing file /opt/airflow/dags/.cache/pip/http/9/7/c/a/0/97ca0a594a619806ce5c0dbbf819fff8493fab32bd5b660eeaced37f for tasks to queue
[2024-10-03T08:50:29.543+0000] {logging_mixin.py:188} INFO - [2024-10-03T08:50:29.542+0000] {dagbag.py:545} INFO - Filling up the DagBag from /opt/airflow/dags/.cache/pip/http/9/7/c/a/0/97ca0a594a619806ce5c0dbbf819fff8493fab32bd5b660eeaced37f
[2024-10-03T08:50:29.564+0000] {processor.py:842} WARNING - No viable dags retrieved from /opt/airflow/dags/.cache/pip/http/9/7/c/a/0/97ca0a594a619806ce5c0dbbf819fff8493fab32bd5b660eeaced37f
[2024-10-03T08:50:29.575+0000] {processor.py:183} INFO - Processing /opt/airflow/dags/.cache/pip/http/9/7/c/a/0/97ca0a594a619806ce5c0dbbf819fff8493fab32bd5b660eeaced37f took 0.039 seconds
[2024-10-03T08:56:32.135+0000] {processor.py:161} INFO - Started process (PID=4426) to work on /opt/airflow/dags/.cache/pip/http/9/7/c/a/0/97ca0a594a619806ce5c0dbbf819fff8493fab32bd5b660eeaced37f
[2024-10-03T08:56:32.136+0000] {processor.py:830} INFO - Processing file /opt/airflow/dags/.cache/pip/http/9/7/c/a/0/97ca0a594a619806ce5c0dbbf819fff8493fab32bd5b660eeaced37f for tasks to queue
[2024-10-03T08:56:32.138+0000] {logging_mixin.py:188} INFO - [2024-10-03T08:56:32.138+0000] {dagbag.py:545} INFO - Filling up the DagBag from /opt/airflow/dags/.cache/pip/http/9/7/c/a/0/97ca0a594a619806ce5c0dbbf819fff8493fab32bd5b660eeaced37f
[2024-10-03T08:56:32.153+0000] {processor.py:842} WARNING - No viable dags retrieved from /opt/airflow/dags/.cache/pip/http/9/7/c/a/0/97ca0a594a619806ce5c0dbbf819fff8493fab32bd5b660eeaced37f
[2024-10-03T08:56:32.163+0000] {processor.py:183} INFO - Processing /opt/airflow/dags/.cache/pip/http/9/7/c/a/0/97ca0a594a619806ce5c0dbbf819fff8493fab32bd5b660eeaced37f took 0.033 seconds
[2024-10-03T08:57:04.139+0000] {processor.py:161} INFO - Started process (PID=4678) to work on /opt/airflow/dags/.cache/pip/http/9/7/c/a/0/97ca0a594a619806ce5c0dbbf819fff8493fab32bd5b660eeaced37f
[2024-10-03T08:57:04.140+0000] {processor.py:830} INFO - Processing file /opt/airflow/dags/.cache/pip/http/9/7/c/a/0/97ca0a594a619806ce5c0dbbf819fff8493fab32bd5b660eeaced37f for tasks to queue
[2024-10-03T08:57:04.141+0000] {logging_mixin.py:188} INFO - [2024-10-03T08:57:04.141+0000] {dagbag.py:545} INFO - Filling up the DagBag from /opt/airflow/dags/.cache/pip/http/9/7/c/a/0/97ca0a594a619806ce5c0dbbf819fff8493fab32bd5b660eeaced37f
[2024-10-03T08:57:04.156+0000] {processor.py:842} WARNING - No viable dags retrieved from /opt/airflow/dags/.cache/pip/http/9/7/c/a/0/97ca0a594a619806ce5c0dbbf819fff8493fab32bd5b660eeaced37f
[2024-10-03T08:57:04.169+0000] {processor.py:183} INFO - Processing /opt/airflow/dags/.cache/pip/http/9/7/c/a/0/97ca0a594a619806ce5c0dbbf819fff8493fab32bd5b660eeaced37f took 0.034 seconds
