[2024-09-24T20:22:05.721+0000] {processor.py:161} INFO - Started process (PID=355) to work on /opt/airflow/dags/.cache/pip/http/f/a/1/9/b/fa19b62d26317006e0122c5ac1105b33bda5b62e6b60545bd82b1923
[2024-09-24T20:22:05.724+0000] {processor.py:830} INFO - Processing file /opt/airflow/dags/.cache/pip/http/f/a/1/9/b/fa19b62d26317006e0122c5ac1105b33bda5b62e6b60545bd82b1923 for tasks to queue
[2024-09-24T20:22:05.749+0000] {logging_mixin.py:188} INFO - [2024-09-24T20:22:05.748+0000] {dagbag.py:545} INFO - Filling up the DagBag from /opt/airflow/dags/.cache/pip/http/f/a/1/9/b/fa19b62d26317006e0122c5ac1105b33bda5b62e6b60545bd82b1923
[2024-09-24T20:22:05.832+0000] {processor.py:842} WARNING - No viable dags retrieved from /opt/airflow/dags/.cache/pip/http/f/a/1/9/b/fa19b62d26317006e0122c5ac1105b33bda5b62e6b60545bd82b1923
[2024-09-24T20:22:05.849+0000] {processor.py:183} INFO - Processing /opt/airflow/dags/.cache/pip/http/f/a/1/9/b/fa19b62d26317006e0122c5ac1105b33bda5b62e6b60545bd82b1923 took 0.138 seconds
[2024-09-24T20:22:37.673+0000] {processor.py:161} INFO - Started process (PID=608) to work on /opt/airflow/dags/.cache/pip/http/f/a/1/9/b/fa19b62d26317006e0122c5ac1105b33bda5b62e6b60545bd82b1923
[2024-09-24T20:22:37.675+0000] {processor.py:830} INFO - Processing file /opt/airflow/dags/.cache/pip/http/f/a/1/9/b/fa19b62d26317006e0122c5ac1105b33bda5b62e6b60545bd82b1923 for tasks to queue
[2024-09-24T20:22:37.678+0000] {logging_mixin.py:188} INFO - [2024-09-24T20:22:37.678+0000] {dagbag.py:545} INFO - Filling up the DagBag from /opt/airflow/dags/.cache/pip/http/f/a/1/9/b/fa19b62d26317006e0122c5ac1105b33bda5b62e6b60545bd82b1923
[2024-09-24T20:22:37.743+0000] {processor.py:842} WARNING - No viable dags retrieved from /opt/airflow/dags/.cache/pip/http/f/a/1/9/b/fa19b62d26317006e0122c5ac1105b33bda5b62e6b60545bd82b1923
[2024-09-24T20:22:37.762+0000] {processor.py:183} INFO - Processing /opt/airflow/dags/.cache/pip/http/f/a/1/9/b/fa19b62d26317006e0122c5ac1105b33bda5b62e6b60545bd82b1923 took 0.098 seconds
[2024-09-24T20:23:08.091+0000] {processor.py:161} INFO - Started process (PID=877) to work on /opt/airflow/dags/.cache/pip/http/f/a/1/9/b/fa19b62d26317006e0122c5ac1105b33bda5b62e6b60545bd82b1923
[2024-09-24T20:23:08.092+0000] {processor.py:830} INFO - Processing file /opt/airflow/dags/.cache/pip/http/f/a/1/9/b/fa19b62d26317006e0122c5ac1105b33bda5b62e6b60545bd82b1923 for tasks to queue
[2024-09-24T20:23:08.093+0000] {logging_mixin.py:188} INFO - [2024-09-24T20:23:08.093+0000] {dagbag.py:545} INFO - Filling up the DagBag from /opt/airflow/dags/.cache/pip/http/f/a/1/9/b/fa19b62d26317006e0122c5ac1105b33bda5b62e6b60545bd82b1923
[2024-09-24T20:23:08.130+0000] {processor.py:842} WARNING - No viable dags retrieved from /opt/airflow/dags/.cache/pip/http/f/a/1/9/b/fa19b62d26317006e0122c5ac1105b33bda5b62e6b60545bd82b1923
[2024-09-24T20:23:08.140+0000] {processor.py:183} INFO - Processing /opt/airflow/dags/.cache/pip/http/f/a/1/9/b/fa19b62d26317006e0122c5ac1105b33bda5b62e6b60545bd82b1923 took 0.053 seconds
[2024-09-24T20:27:53.540+0000] {processor.py:161} INFO - Started process (PID=361) to work on /opt/airflow/dags/.cache/pip/http/f/a/1/9/b/fa19b62d26317006e0122c5ac1105b33bda5b62e6b60545bd82b1923
[2024-09-24T20:27:53.541+0000] {processor.py:830} INFO - Processing file /opt/airflow/dags/.cache/pip/http/f/a/1/9/b/fa19b62d26317006e0122c5ac1105b33bda5b62e6b60545bd82b1923 for tasks to queue
[2024-09-24T20:27:53.544+0000] {logging_mixin.py:188} INFO - [2024-09-24T20:27:53.543+0000] {dagbag.py:545} INFO - Filling up the DagBag from /opt/airflow/dags/.cache/pip/http/f/a/1/9/b/fa19b62d26317006e0122c5ac1105b33bda5b62e6b60545bd82b1923
[2024-09-24T20:27:53.677+0000] {processor.py:842} WARNING - No viable dags retrieved from /opt/airflow/dags/.cache/pip/http/f/a/1/9/b/fa19b62d26317006e0122c5ac1105b33bda5b62e6b60545bd82b1923
[2024-09-24T20:27:53.692+0000] {processor.py:183} INFO - Processing /opt/airflow/dags/.cache/pip/http/f/a/1/9/b/fa19b62d26317006e0122c5ac1105b33bda5b62e6b60545bd82b1923 took 0.161 seconds
[2024-09-24T20:28:25.608+0000] {processor.py:161} INFO - Started process (PID=635) to work on /opt/airflow/dags/.cache/pip/http/f/a/1/9/b/fa19b62d26317006e0122c5ac1105b33bda5b62e6b60545bd82b1923
[2024-09-24T20:28:25.609+0000] {processor.py:830} INFO - Processing file /opt/airflow/dags/.cache/pip/http/f/a/1/9/b/fa19b62d26317006e0122c5ac1105b33bda5b62e6b60545bd82b1923 for tasks to queue
[2024-09-24T20:28:25.610+0000] {logging_mixin.py:188} INFO - [2024-09-24T20:28:25.610+0000] {dagbag.py:545} INFO - Filling up the DagBag from /opt/airflow/dags/.cache/pip/http/f/a/1/9/b/fa19b62d26317006e0122c5ac1105b33bda5b62e6b60545bd82b1923
[2024-09-24T20:28:25.658+0000] {processor.py:842} WARNING - No viable dags retrieved from /opt/airflow/dags/.cache/pip/http/f/a/1/9/b/fa19b62d26317006e0122c5ac1105b33bda5b62e6b60545bd82b1923
[2024-09-24T20:28:25.674+0000] {processor.py:183} INFO - Processing /opt/airflow/dags/.cache/pip/http/f/a/1/9/b/fa19b62d26317006e0122c5ac1105b33bda5b62e6b60545bd82b1923 took 0.070 seconds
[2024-09-24T20:28:58.245+0000] {processor.py:161} INFO - Started process (PID=907) to work on /opt/airflow/dags/.cache/pip/http/f/a/1/9/b/fa19b62d26317006e0122c5ac1105b33bda5b62e6b60545bd82b1923
[2024-09-24T20:28:58.246+0000] {processor.py:830} INFO - Processing file /opt/airflow/dags/.cache/pip/http/f/a/1/9/b/fa19b62d26317006e0122c5ac1105b33bda5b62e6b60545bd82b1923 for tasks to queue
[2024-09-24T20:28:58.248+0000] {logging_mixin.py:188} INFO - [2024-09-24T20:28:58.247+0000] {dagbag.py:545} INFO - Filling up the DagBag from /opt/airflow/dags/.cache/pip/http/f/a/1/9/b/fa19b62d26317006e0122c5ac1105b33bda5b62e6b60545bd82b1923
[2024-09-24T20:28:58.278+0000] {processor.py:842} WARNING - No viable dags retrieved from /opt/airflow/dags/.cache/pip/http/f/a/1/9/b/fa19b62d26317006e0122c5ac1105b33bda5b62e6b60545bd82b1923
[2024-09-24T20:28:58.287+0000] {processor.py:183} INFO - Processing /opt/airflow/dags/.cache/pip/http/f/a/1/9/b/fa19b62d26317006e0122c5ac1105b33bda5b62e6b60545bd82b1923 took 0.046 seconds
[2024-09-24T20:29:30.005+0000] {processor.py:161} INFO - Started process (PID=1181) to work on /opt/airflow/dags/.cache/pip/http/f/a/1/9/b/fa19b62d26317006e0122c5ac1105b33bda5b62e6b60545bd82b1923
[2024-09-24T20:29:30.009+0000] {processor.py:830} INFO - Processing file /opt/airflow/dags/.cache/pip/http/f/a/1/9/b/fa19b62d26317006e0122c5ac1105b33bda5b62e6b60545bd82b1923 for tasks to queue
[2024-09-24T20:29:30.011+0000] {logging_mixin.py:188} INFO - [2024-09-24T20:29:30.011+0000] {dagbag.py:545} INFO - Filling up the DagBag from /opt/airflow/dags/.cache/pip/http/f/a/1/9/b/fa19b62d26317006e0122c5ac1105b33bda5b62e6b60545bd82b1923
[2024-09-24T20:29:30.043+0000] {processor.py:842} WARNING - No viable dags retrieved from /opt/airflow/dags/.cache/pip/http/f/a/1/9/b/fa19b62d26317006e0122c5ac1105b33bda5b62e6b60545bd82b1923
[2024-09-24T20:29:30.053+0000] {processor.py:183} INFO - Processing /opt/airflow/dags/.cache/pip/http/f/a/1/9/b/fa19b62d26317006e0122c5ac1105b33bda5b62e6b60545bd82b1923 took 0.052 seconds
[2024-09-24T20:30:02.375+0000] {processor.py:161} INFO - Started process (PID=1434) to work on /opt/airflow/dags/.cache/pip/http/f/a/1/9/b/fa19b62d26317006e0122c5ac1105b33bda5b62e6b60545bd82b1923
[2024-09-24T20:30:02.393+0000] {processor.py:830} INFO - Processing file /opt/airflow/dags/.cache/pip/http/f/a/1/9/b/fa19b62d26317006e0122c5ac1105b33bda5b62e6b60545bd82b1923 for tasks to queue
[2024-09-24T20:30:02.419+0000] {logging_mixin.py:188} INFO - [2024-09-24T20:30:02.419+0000] {dagbag.py:545} INFO - Filling up the DagBag from /opt/airflow/dags/.cache/pip/http/f/a/1/9/b/fa19b62d26317006e0122c5ac1105b33bda5b62e6b60545bd82b1923
[2024-09-24T20:30:02.477+0000] {processor.py:842} WARNING - No viable dags retrieved from /opt/airflow/dags/.cache/pip/http/f/a/1/9/b/fa19b62d26317006e0122c5ac1105b33bda5b62e6b60545bd82b1923
[2024-09-24T20:30:02.487+0000] {processor.py:183} INFO - Processing /opt/airflow/dags/.cache/pip/http/f/a/1/9/b/fa19b62d26317006e0122c5ac1105b33bda5b62e6b60545bd82b1923 took 0.137 seconds
[2024-09-24T20:30:35.466+0000] {processor.py:161} INFO - Started process (PID=1731) to work on /opt/airflow/dags/.cache/pip/http/f/a/1/9/b/fa19b62d26317006e0122c5ac1105b33bda5b62e6b60545bd82b1923
[2024-09-24T20:30:35.468+0000] {processor.py:830} INFO - Processing file /opt/airflow/dags/.cache/pip/http/f/a/1/9/b/fa19b62d26317006e0122c5ac1105b33bda5b62e6b60545bd82b1923 for tasks to queue
[2024-09-24T20:30:35.471+0000] {logging_mixin.py:188} INFO - [2024-09-24T20:30:35.470+0000] {dagbag.py:545} INFO - Filling up the DagBag from /opt/airflow/dags/.cache/pip/http/f/a/1/9/b/fa19b62d26317006e0122c5ac1105b33bda5b62e6b60545bd82b1923
[2024-09-24T20:30:35.556+0000] {processor.py:842} WARNING - No viable dags retrieved from /opt/airflow/dags/.cache/pip/http/f/a/1/9/b/fa19b62d26317006e0122c5ac1105b33bda5b62e6b60545bd82b1923
[2024-09-24T20:30:35.575+0000] {processor.py:183} INFO - Processing /opt/airflow/dags/.cache/pip/http/f/a/1/9/b/fa19b62d26317006e0122c5ac1105b33bda5b62e6b60545bd82b1923 took 0.117 seconds
[2024-09-24T20:31:07.564+0000] {processor.py:161} INFO - Started process (PID=2005) to work on /opt/airflow/dags/.cache/pip/http/f/a/1/9/b/fa19b62d26317006e0122c5ac1105b33bda5b62e6b60545bd82b1923
[2024-09-24T20:31:07.566+0000] {processor.py:830} INFO - Processing file /opt/airflow/dags/.cache/pip/http/f/a/1/9/b/fa19b62d26317006e0122c5ac1105b33bda5b62e6b60545bd82b1923 for tasks to queue
[2024-09-24T20:31:07.569+0000] {logging_mixin.py:188} INFO - [2024-09-24T20:31:07.569+0000] {dagbag.py:545} INFO - Filling up the DagBag from /opt/airflow/dags/.cache/pip/http/f/a/1/9/b/fa19b62d26317006e0122c5ac1105b33bda5b62e6b60545bd82b1923
[2024-09-24T20:31:07.684+0000] {processor.py:842} WARNING - No viable dags retrieved from /opt/airflow/dags/.cache/pip/http/f/a/1/9/b/fa19b62d26317006e0122c5ac1105b33bda5b62e6b60545bd82b1923
[2024-09-24T20:31:07.708+0000] {processor.py:183} INFO - Processing /opt/airflow/dags/.cache/pip/http/f/a/1/9/b/fa19b62d26317006e0122c5ac1105b33bda5b62e6b60545bd82b1923 took 0.153 seconds
[2024-09-24T20:31:39.804+0000] {processor.py:161} INFO - Started process (PID=2278) to work on /opt/airflow/dags/.cache/pip/http/f/a/1/9/b/fa19b62d26317006e0122c5ac1105b33bda5b62e6b60545bd82b1923
[2024-09-24T20:31:39.805+0000] {processor.py:830} INFO - Processing file /opt/airflow/dags/.cache/pip/http/f/a/1/9/b/fa19b62d26317006e0122c5ac1105b33bda5b62e6b60545bd82b1923 for tasks to queue
[2024-09-24T20:31:39.807+0000] {logging_mixin.py:188} INFO - [2024-09-24T20:31:39.807+0000] {dagbag.py:545} INFO - Filling up the DagBag from /opt/airflow/dags/.cache/pip/http/f/a/1/9/b/fa19b62d26317006e0122c5ac1105b33bda5b62e6b60545bd82b1923
[2024-09-24T20:31:39.829+0000] {processor.py:842} WARNING - No viable dags retrieved from /opt/airflow/dags/.cache/pip/http/f/a/1/9/b/fa19b62d26317006e0122c5ac1105b33bda5b62e6b60545bd82b1923
[2024-09-24T20:31:39.839+0000] {processor.py:183} INFO - Processing /opt/airflow/dags/.cache/pip/http/f/a/1/9/b/fa19b62d26317006e0122c5ac1105b33bda5b62e6b60545bd82b1923 took 0.044 seconds
[2024-09-24T20:32:25.534+0000] {processor.py:161} INFO - Started process (PID=2558) to work on /opt/airflow/dags/.cache/pip/http/f/a/1/9/b/fa19b62d26317006e0122c5ac1105b33bda5b62e6b60545bd82b1923
[2024-09-24T20:32:25.536+0000] {processor.py:830} INFO - Processing file /opt/airflow/dags/.cache/pip/http/f/a/1/9/b/fa19b62d26317006e0122c5ac1105b33bda5b62e6b60545bd82b1923 for tasks to queue
[2024-09-24T20:32:25.537+0000] {logging_mixin.py:188} INFO - [2024-09-24T20:32:25.537+0000] {dagbag.py:545} INFO - Filling up the DagBag from /opt/airflow/dags/.cache/pip/http/f/a/1/9/b/fa19b62d26317006e0122c5ac1105b33bda5b62e6b60545bd82b1923
[2024-09-24T20:32:25.563+0000] {processor.py:842} WARNING - No viable dags retrieved from /opt/airflow/dags/.cache/pip/http/f/a/1/9/b/fa19b62d26317006e0122c5ac1105b33bda5b62e6b60545bd82b1923
[2024-09-24T20:32:25.575+0000] {processor.py:183} INFO - Processing /opt/airflow/dags/.cache/pip/http/f/a/1/9/b/fa19b62d26317006e0122c5ac1105b33bda5b62e6b60545bd82b1923 took 0.045 seconds
