[2024-10-03T08:42:02.901+0000] {processor.py:161} INFO - Started process (PID=383) to work on /opt/airflow/dags/.cache/pip/http/a/3/9/a/6/a39a6a99c409d27ff8e69dcba8e594f9ee97c5aeb3e3b5968cfc1bf7
[2024-10-03T08:42:02.902+0000] {processor.py:830} INFO - Processing file /opt/airflow/dags/.cache/pip/http/a/3/9/a/6/a39a6a99c409d27ff8e69dcba8e594f9ee97c5aeb3e3b5968cfc1bf7 for tasks to queue
[2024-10-03T08:42:02.904+0000] {logging_mixin.py:188} INFO - [2024-10-03T08:42:02.904+0000] {dagbag.py:545} INFO - Filling up the DagBag from /opt/airflow/dags/.cache/pip/http/a/3/9/a/6/a39a6a99c409d27ff8e69dcba8e594f9ee97c5aeb3e3b5968cfc1bf7
[2024-10-03T08:42:02.924+0000] {processor.py:842} WARNING - No viable dags retrieved from /opt/airflow/dags/.cache/pip/http/a/3/9/a/6/a39a6a99c409d27ff8e69dcba8e594f9ee97c5aeb3e3b5968cfc1bf7
[2024-10-03T08:42:02.934+0000] {processor.py:183} INFO - Processing /opt/airflow/dags/.cache/pip/http/a/3/9/a/6/a39a6a99c409d27ff8e69dcba8e594f9ee97c5aeb3e3b5968cfc1bf7 took 0.040 seconds
[2024-10-03T08:42:36.772+0000] {processor.py:161} INFO - Started process (PID=627) to work on /opt/airflow/dags/.cache/pip/http/a/3/9/a/6/a39a6a99c409d27ff8e69dcba8e594f9ee97c5aeb3e3b5968cfc1bf7
[2024-10-03T08:42:36.777+0000] {processor.py:830} INFO - Processing file /opt/airflow/dags/.cache/pip/http/a/3/9/a/6/a39a6a99c409d27ff8e69dcba8e594f9ee97c5aeb3e3b5968cfc1bf7 for tasks to queue
[2024-10-03T08:42:36.781+0000] {logging_mixin.py:188} INFO - [2024-10-03T08:42:36.780+0000] {dagbag.py:545} INFO - Filling up the DagBag from /opt/airflow/dags/.cache/pip/http/a/3/9/a/6/a39a6a99c409d27ff8e69dcba8e594f9ee97c5aeb3e3b5968cfc1bf7
[2024-10-03T08:42:36.822+0000] {processor.py:842} WARNING - No viable dags retrieved from /opt/airflow/dags/.cache/pip/http/a/3/9/a/6/a39a6a99c409d27ff8e69dcba8e594f9ee97c5aeb3e3b5968cfc1bf7
[2024-10-03T08:42:36.843+0000] {processor.py:183} INFO - Processing /opt/airflow/dags/.cache/pip/http/a/3/9/a/6/a39a6a99c409d27ff8e69dcba8e594f9ee97c5aeb3e3b5968cfc1bf7 took 0.080 seconds
[2024-10-03T08:43:10.277+0000] {processor.py:161} INFO - Started process (PID=869) to work on /opt/airflow/dags/.cache/pip/http/a/3/9/a/6/a39a6a99c409d27ff8e69dcba8e594f9ee97c5aeb3e3b5968cfc1bf7
[2024-10-03T08:43:10.279+0000] {processor.py:830} INFO - Processing file /opt/airflow/dags/.cache/pip/http/a/3/9/a/6/a39a6a99c409d27ff8e69dcba8e594f9ee97c5aeb3e3b5968cfc1bf7 for tasks to queue
[2024-10-03T08:43:10.282+0000] {logging_mixin.py:188} INFO - [2024-10-03T08:43:10.281+0000] {dagbag.py:545} INFO - Filling up the DagBag from /opt/airflow/dags/.cache/pip/http/a/3/9/a/6/a39a6a99c409d27ff8e69dcba8e594f9ee97c5aeb3e3b5968cfc1bf7
[2024-10-03T08:43:10.346+0000] {processor.py:842} WARNING - No viable dags retrieved from /opt/airflow/dags/.cache/pip/http/a/3/9/a/6/a39a6a99c409d27ff8e69dcba8e594f9ee97c5aeb3e3b5968cfc1bf7
[2024-10-03T08:43:10.374+0000] {processor.py:183} INFO - Processing /opt/airflow/dags/.cache/pip/http/a/3/9/a/6/a39a6a99c409d27ff8e69dcba8e594f9ee97c5aeb3e3b5968cfc1bf7 took 0.111 seconds
[2024-10-03T08:43:43.497+0000] {processor.py:161} INFO - Started process (PID=1112) to work on /opt/airflow/dags/.cache/pip/http/a/3/9/a/6/a39a6a99c409d27ff8e69dcba8e594f9ee97c5aeb3e3b5968cfc1bf7
[2024-10-03T08:43:43.498+0000] {processor.py:830} INFO - Processing file /opt/airflow/dags/.cache/pip/http/a/3/9/a/6/a39a6a99c409d27ff8e69dcba8e594f9ee97c5aeb3e3b5968cfc1bf7 for tasks to queue
[2024-10-03T08:43:43.500+0000] {logging_mixin.py:188} INFO - [2024-10-03T08:43:43.499+0000] {dagbag.py:545} INFO - Filling up the DagBag from /opt/airflow/dags/.cache/pip/http/a/3/9/a/6/a39a6a99c409d27ff8e69dcba8e594f9ee97c5aeb3e3b5968cfc1bf7
[2024-10-03T08:43:43.523+0000] {processor.py:842} WARNING - No viable dags retrieved from /opt/airflow/dags/.cache/pip/http/a/3/9/a/6/a39a6a99c409d27ff8e69dcba8e594f9ee97c5aeb3e3b5968cfc1bf7
[2024-10-03T08:43:43.537+0000] {processor.py:183} INFO - Processing /opt/airflow/dags/.cache/pip/http/a/3/9/a/6/a39a6a99c409d27ff8e69dcba8e594f9ee97c5aeb3e3b5968cfc1bf7 took 0.045 seconds
[2024-10-03T08:44:15.983+0000] {processor.py:161} INFO - Started process (PID=1354) to work on /opt/airflow/dags/.cache/pip/http/a/3/9/a/6/a39a6a99c409d27ff8e69dcba8e594f9ee97c5aeb3e3b5968cfc1bf7
[2024-10-03T08:44:15.984+0000] {processor.py:830} INFO - Processing file /opt/airflow/dags/.cache/pip/http/a/3/9/a/6/a39a6a99c409d27ff8e69dcba8e594f9ee97c5aeb3e3b5968cfc1bf7 for tasks to queue
[2024-10-03T08:44:15.987+0000] {logging_mixin.py:188} INFO - [2024-10-03T08:44:15.987+0000] {dagbag.py:545} INFO - Filling up the DagBag from /opt/airflow/dags/.cache/pip/http/a/3/9/a/6/a39a6a99c409d27ff8e69dcba8e594f9ee97c5aeb3e3b5968cfc1bf7
[2024-10-03T08:44:16.004+0000] {processor.py:842} WARNING - No viable dags retrieved from /opt/airflow/dags/.cache/pip/http/a/3/9/a/6/a39a6a99c409d27ff8e69dcba8e594f9ee97c5aeb3e3b5968cfc1bf7
[2024-10-03T08:44:16.015+0000] {processor.py:183} INFO - Processing /opt/airflow/dags/.cache/pip/http/a/3/9/a/6/a39a6a99c409d27ff8e69dcba8e594f9ee97c5aeb3e3b5968cfc1bf7 took 0.037 seconds
[2024-10-03T08:44:47.759+0000] {processor.py:161} INFO - Started process (PID=1602) to work on /opt/airflow/dags/.cache/pip/http/a/3/9/a/6/a39a6a99c409d27ff8e69dcba8e594f9ee97c5aeb3e3b5968cfc1bf7
[2024-10-03T08:44:47.761+0000] {processor.py:830} INFO - Processing file /opt/airflow/dags/.cache/pip/http/a/3/9/a/6/a39a6a99c409d27ff8e69dcba8e594f9ee97c5aeb3e3b5968cfc1bf7 for tasks to queue
[2024-10-03T08:44:47.764+0000] {logging_mixin.py:188} INFO - [2024-10-03T08:44:47.764+0000] {dagbag.py:545} INFO - Filling up the DagBag from /opt/airflow/dags/.cache/pip/http/a/3/9/a/6/a39a6a99c409d27ff8e69dcba8e594f9ee97c5aeb3e3b5968cfc1bf7
[2024-10-03T08:44:47.819+0000] {processor.py:842} WARNING - No viable dags retrieved from /opt/airflow/dags/.cache/pip/http/a/3/9/a/6/a39a6a99c409d27ff8e69dcba8e594f9ee97c5aeb3e3b5968cfc1bf7
[2024-10-03T08:44:47.842+0000] {processor.py:183} INFO - Processing /opt/airflow/dags/.cache/pip/http/a/3/9/a/6/a39a6a99c409d27ff8e69dcba8e594f9ee97c5aeb3e3b5968cfc1bf7 took 0.096 seconds
[2024-10-03T08:45:21.486+0000] {processor.py:161} INFO - Started process (PID=1842) to work on /opt/airflow/dags/.cache/pip/http/a/3/9/a/6/a39a6a99c409d27ff8e69dcba8e594f9ee97c5aeb3e3b5968cfc1bf7
[2024-10-03T08:45:21.496+0000] {processor.py:830} INFO - Processing file /opt/airflow/dags/.cache/pip/http/a/3/9/a/6/a39a6a99c409d27ff8e69dcba8e594f9ee97c5aeb3e3b5968cfc1bf7 for tasks to queue
[2024-10-03T08:45:21.500+0000] {logging_mixin.py:188} INFO - [2024-10-03T08:45:21.499+0000] {dagbag.py:545} INFO - Filling up the DagBag from /opt/airflow/dags/.cache/pip/http/a/3/9/a/6/a39a6a99c409d27ff8e69dcba8e594f9ee97c5aeb3e3b5968cfc1bf7
[2024-10-03T08:45:21.548+0000] {processor.py:842} WARNING - No viable dags retrieved from /opt/airflow/dags/.cache/pip/http/a/3/9/a/6/a39a6a99c409d27ff8e69dcba8e594f9ee97c5aeb3e3b5968cfc1bf7
[2024-10-03T08:45:21.574+0000] {processor.py:183} INFO - Processing /opt/airflow/dags/.cache/pip/http/a/3/9/a/6/a39a6a99c409d27ff8e69dcba8e594f9ee97c5aeb3e3b5968cfc1bf7 took 0.099 seconds
[2024-10-03T08:45:52.331+0000] {processor.py:161} INFO - Started process (PID=2062) to work on /opt/airflow/dags/.cache/pip/http/a/3/9/a/6/a39a6a99c409d27ff8e69dcba8e594f9ee97c5aeb3e3b5968cfc1bf7
[2024-10-03T08:45:52.332+0000] {processor.py:830} INFO - Processing file /opt/airflow/dags/.cache/pip/http/a/3/9/a/6/a39a6a99c409d27ff8e69dcba8e594f9ee97c5aeb3e3b5968cfc1bf7 for tasks to queue
[2024-10-03T08:45:52.336+0000] {logging_mixin.py:188} INFO - [2024-10-03T08:45:52.335+0000] {dagbag.py:545} INFO - Filling up the DagBag from /opt/airflow/dags/.cache/pip/http/a/3/9/a/6/a39a6a99c409d27ff8e69dcba8e594f9ee97c5aeb3e3b5968cfc1bf7
[2024-10-03T08:45:52.364+0000] {processor.py:842} WARNING - No viable dags retrieved from /opt/airflow/dags/.cache/pip/http/a/3/9/a/6/a39a6a99c409d27ff8e69dcba8e594f9ee97c5aeb3e3b5968cfc1bf7
[2024-10-03T08:45:52.385+0000] {processor.py:183} INFO - Processing /opt/airflow/dags/.cache/pip/http/a/3/9/a/6/a39a6a99c409d27ff8e69dcba8e594f9ee97c5aeb3e3b5968cfc1bf7 took 0.064 seconds
[2024-10-03T08:46:23.557+0000] {processor.py:161} INFO - Started process (PID=2298) to work on /opt/airflow/dags/.cache/pip/http/a/3/9/a/6/a39a6a99c409d27ff8e69dcba8e594f9ee97c5aeb3e3b5968cfc1bf7
[2024-10-03T08:46:23.561+0000] {processor.py:830} INFO - Processing file /opt/airflow/dags/.cache/pip/http/a/3/9/a/6/a39a6a99c409d27ff8e69dcba8e594f9ee97c5aeb3e3b5968cfc1bf7 for tasks to queue
[2024-10-03T08:46:23.563+0000] {logging_mixin.py:188} INFO - [2024-10-03T08:46:23.563+0000] {dagbag.py:545} INFO - Filling up the DagBag from /opt/airflow/dags/.cache/pip/http/a/3/9/a/6/a39a6a99c409d27ff8e69dcba8e594f9ee97c5aeb3e3b5968cfc1bf7
[2024-10-03T08:46:23.591+0000] {processor.py:842} WARNING - No viable dags retrieved from /opt/airflow/dags/.cache/pip/http/a/3/9/a/6/a39a6a99c409d27ff8e69dcba8e594f9ee97c5aeb3e3b5968cfc1bf7
[2024-10-03T08:46:23.609+0000] {processor.py:183} INFO - Processing /opt/airflow/dags/.cache/pip/http/a/3/9/a/6/a39a6a99c409d27ff8e69dcba8e594f9ee97c5aeb3e3b5968cfc1bf7 took 0.060 seconds
[2024-10-03T08:47:13.943+0000] {processor.py:161} INFO - Started process (PID=2569) to work on /opt/airflow/dags/.cache/pip/http/a/3/9/a/6/a39a6a99c409d27ff8e69dcba8e594f9ee97c5aeb3e3b5968cfc1bf7
[2024-10-03T08:47:13.944+0000] {processor.py:830} INFO - Processing file /opt/airflow/dags/.cache/pip/http/a/3/9/a/6/a39a6a99c409d27ff8e69dcba8e594f9ee97c5aeb3e3b5968cfc1bf7 for tasks to queue
[2024-10-03T08:47:13.947+0000] {logging_mixin.py:188} INFO - [2024-10-03T08:47:13.947+0000] {dagbag.py:545} INFO - Filling up the DagBag from /opt/airflow/dags/.cache/pip/http/a/3/9/a/6/a39a6a99c409d27ff8e69dcba8e594f9ee97c5aeb3e3b5968cfc1bf7
[2024-10-03T08:47:13.996+0000] {processor.py:842} WARNING - No viable dags retrieved from /opt/airflow/dags/.cache/pip/http/a/3/9/a/6/a39a6a99c409d27ff8e69dcba8e594f9ee97c5aeb3e3b5968cfc1bf7
[2024-10-03T08:47:14.020+0000] {processor.py:183} INFO - Processing /opt/airflow/dags/.cache/pip/http/a/3/9/a/6/a39a6a99c409d27ff8e69dcba8e594f9ee97c5aeb3e3b5968cfc1bf7 took 0.088 seconds
[2024-10-03T08:47:48.069+0000] {processor.py:161} INFO - Started process (PID=2815) to work on /opt/airflow/dags/.cache/pip/http/a/3/9/a/6/a39a6a99c409d27ff8e69dcba8e594f9ee97c5aeb3e3b5968cfc1bf7
[2024-10-03T08:47:48.072+0000] {processor.py:830} INFO - Processing file /opt/airflow/dags/.cache/pip/http/a/3/9/a/6/a39a6a99c409d27ff8e69dcba8e594f9ee97c5aeb3e3b5968cfc1bf7 for tasks to queue
[2024-10-03T08:47:48.075+0000] {logging_mixin.py:188} INFO - [2024-10-03T08:47:48.074+0000] {dagbag.py:545} INFO - Filling up the DagBag from /opt/airflow/dags/.cache/pip/http/a/3/9/a/6/a39a6a99c409d27ff8e69dcba8e594f9ee97c5aeb3e3b5968cfc1bf7
[2024-10-03T08:47:48.124+0000] {processor.py:842} WARNING - No viable dags retrieved from /opt/airflow/dags/.cache/pip/http/a/3/9/a/6/a39a6a99c409d27ff8e69dcba8e594f9ee97c5aeb3e3b5968cfc1bf7
[2024-10-03T08:47:48.146+0000] {processor.py:183} INFO - Processing /opt/airflow/dags/.cache/pip/http/a/3/9/a/6/a39a6a99c409d27ff8e69dcba8e594f9ee97c5aeb3e3b5968cfc1bf7 took 0.088 seconds
[2024-10-03T08:48:21.864+0000] {processor.py:161} INFO - Started process (PID=3057) to work on /opt/airflow/dags/.cache/pip/http/a/3/9/a/6/a39a6a99c409d27ff8e69dcba8e594f9ee97c5aeb3e3b5968cfc1bf7
[2024-10-03T08:48:21.866+0000] {processor.py:830} INFO - Processing file /opt/airflow/dags/.cache/pip/http/a/3/9/a/6/a39a6a99c409d27ff8e69dcba8e594f9ee97c5aeb3e3b5968cfc1bf7 for tasks to queue
[2024-10-03T08:48:21.869+0000] {logging_mixin.py:188} INFO - [2024-10-03T08:48:21.868+0000] {dagbag.py:545} INFO - Filling up the DagBag from /opt/airflow/dags/.cache/pip/http/a/3/9/a/6/a39a6a99c409d27ff8e69dcba8e594f9ee97c5aeb3e3b5968cfc1bf7
[2024-10-03T08:48:21.969+0000] {processor.py:842} WARNING - No viable dags retrieved from /opt/airflow/dags/.cache/pip/http/a/3/9/a/6/a39a6a99c409d27ff8e69dcba8e594f9ee97c5aeb3e3b5968cfc1bf7
[2024-10-03T08:48:21.994+0000] {processor.py:183} INFO - Processing /opt/airflow/dags/.cache/pip/http/a/3/9/a/6/a39a6a99c409d27ff8e69dcba8e594f9ee97c5aeb3e3b5968cfc1bf7 took 0.141 seconds
[2024-10-03T08:48:52.288+0000] {processor.py:161} INFO - Started process (PID=3301) to work on /opt/airflow/dags/.cache/pip/http/a/3/9/a/6/a39a6a99c409d27ff8e69dcba8e594f9ee97c5aeb3e3b5968cfc1bf7
[2024-10-03T08:48:52.289+0000] {processor.py:830} INFO - Processing file /opt/airflow/dags/.cache/pip/http/a/3/9/a/6/a39a6a99c409d27ff8e69dcba8e594f9ee97c5aeb3e3b5968cfc1bf7 for tasks to queue
[2024-10-03T08:48:52.291+0000] {logging_mixin.py:188} INFO - [2024-10-03T08:48:52.290+0000] {dagbag.py:545} INFO - Filling up the DagBag from /opt/airflow/dags/.cache/pip/http/a/3/9/a/6/a39a6a99c409d27ff8e69dcba8e594f9ee97c5aeb3e3b5968cfc1bf7
[2024-10-03T08:48:52.304+0000] {processor.py:842} WARNING - No viable dags retrieved from /opt/airflow/dags/.cache/pip/http/a/3/9/a/6/a39a6a99c409d27ff8e69dcba8e594f9ee97c5aeb3e3b5968cfc1bf7
[2024-10-03T08:48:52.314+0000] {processor.py:183} INFO - Processing /opt/airflow/dags/.cache/pip/http/a/3/9/a/6/a39a6a99c409d27ff8e69dcba8e594f9ee97c5aeb3e3b5968cfc1bf7 took 0.031 seconds
[2024-10-03T08:49:23.949+0000] {processor.py:161} INFO - Started process (PID=3541) to work on /opt/airflow/dags/.cache/pip/http/a/3/9/a/6/a39a6a99c409d27ff8e69dcba8e594f9ee97c5aeb3e3b5968cfc1bf7
[2024-10-03T08:49:23.950+0000] {processor.py:830} INFO - Processing file /opt/airflow/dags/.cache/pip/http/a/3/9/a/6/a39a6a99c409d27ff8e69dcba8e594f9ee97c5aeb3e3b5968cfc1bf7 for tasks to queue
[2024-10-03T08:49:23.952+0000] {logging_mixin.py:188} INFO - [2024-10-03T08:49:23.952+0000] {dagbag.py:545} INFO - Filling up the DagBag from /opt/airflow/dags/.cache/pip/http/a/3/9/a/6/a39a6a99c409d27ff8e69dcba8e594f9ee97c5aeb3e3b5968cfc1bf7
[2024-10-03T08:49:24.001+0000] {processor.py:842} WARNING - No viable dags retrieved from /opt/airflow/dags/.cache/pip/http/a/3/9/a/6/a39a6a99c409d27ff8e69dcba8e594f9ee97c5aeb3e3b5968cfc1bf7
[2024-10-03T08:49:24.019+0000] {processor.py:183} INFO - Processing /opt/airflow/dags/.cache/pip/http/a/3/9/a/6/a39a6a99c409d27ff8e69dcba8e594f9ee97c5aeb3e3b5968cfc1bf7 took 0.076 seconds
[2024-10-03T08:49:57.429+0000] {processor.py:161} INFO - Started process (PID=3786) to work on /opt/airflow/dags/.cache/pip/http/a/3/9/a/6/a39a6a99c409d27ff8e69dcba8e594f9ee97c5aeb3e3b5968cfc1bf7
[2024-10-03T08:49:57.430+0000] {processor.py:830} INFO - Processing file /opt/airflow/dags/.cache/pip/http/a/3/9/a/6/a39a6a99c409d27ff8e69dcba8e594f9ee97c5aeb3e3b5968cfc1bf7 for tasks to queue
[2024-10-03T08:49:57.432+0000] {logging_mixin.py:188} INFO - [2024-10-03T08:49:57.431+0000] {dagbag.py:545} INFO - Filling up the DagBag from /opt/airflow/dags/.cache/pip/http/a/3/9/a/6/a39a6a99c409d27ff8e69dcba8e594f9ee97c5aeb3e3b5968cfc1bf7
[2024-10-03T08:49:57.463+0000] {processor.py:842} WARNING - No viable dags retrieved from /opt/airflow/dags/.cache/pip/http/a/3/9/a/6/a39a6a99c409d27ff8e69dcba8e594f9ee97c5aeb3e3b5968cfc1bf7
[2024-10-03T08:49:57.474+0000] {processor.py:183} INFO - Processing /opt/airflow/dags/.cache/pip/http/a/3/9/a/6/a39a6a99c409d27ff8e69dcba8e594f9ee97c5aeb3e3b5968cfc1bf7 took 0.051 seconds
[2024-10-03T08:50:29.337+0000] {processor.py:161} INFO - Started process (PID=4028) to work on /opt/airflow/dags/.cache/pip/http/a/3/9/a/6/a39a6a99c409d27ff8e69dcba8e594f9ee97c5aeb3e3b5968cfc1bf7
[2024-10-03T08:50:29.339+0000] {processor.py:830} INFO - Processing file /opt/airflow/dags/.cache/pip/http/a/3/9/a/6/a39a6a99c409d27ff8e69dcba8e594f9ee97c5aeb3e3b5968cfc1bf7 for tasks to queue
[2024-10-03T08:50:29.341+0000] {logging_mixin.py:188} INFO - [2024-10-03T08:50:29.341+0000] {dagbag.py:545} INFO - Filling up the DagBag from /opt/airflow/dags/.cache/pip/http/a/3/9/a/6/a39a6a99c409d27ff8e69dcba8e594f9ee97c5aeb3e3b5968cfc1bf7
[2024-10-03T08:50:29.383+0000] {processor.py:842} WARNING - No viable dags retrieved from /opt/airflow/dags/.cache/pip/http/a/3/9/a/6/a39a6a99c409d27ff8e69dcba8e594f9ee97c5aeb3e3b5968cfc1bf7
[2024-10-03T08:50:29.400+0000] {processor.py:183} INFO - Processing /opt/airflow/dags/.cache/pip/http/a/3/9/a/6/a39a6a99c409d27ff8e69dcba8e594f9ee97c5aeb3e3b5968cfc1bf7 took 0.073 seconds
[2024-10-03T08:56:32.076+0000] {processor.py:161} INFO - Started process (PID=4419) to work on /opt/airflow/dags/.cache/pip/http/a/3/9/a/6/a39a6a99c409d27ff8e69dcba8e594f9ee97c5aeb3e3b5968cfc1bf7
[2024-10-03T08:56:32.077+0000] {processor.py:830} INFO - Processing file /opt/airflow/dags/.cache/pip/http/a/3/9/a/6/a39a6a99c409d27ff8e69dcba8e594f9ee97c5aeb3e3b5968cfc1bf7 for tasks to queue
[2024-10-03T08:56:32.078+0000] {logging_mixin.py:188} INFO - [2024-10-03T08:56:32.078+0000] {dagbag.py:545} INFO - Filling up the DagBag from /opt/airflow/dags/.cache/pip/http/a/3/9/a/6/a39a6a99c409d27ff8e69dcba8e594f9ee97c5aeb3e3b5968cfc1bf7
[2024-10-03T08:56:32.090+0000] {processor.py:842} WARNING - No viable dags retrieved from /opt/airflow/dags/.cache/pip/http/a/3/9/a/6/a39a6a99c409d27ff8e69dcba8e594f9ee97c5aeb3e3b5968cfc1bf7
[2024-10-03T08:56:32.100+0000] {processor.py:183} INFO - Processing /opt/airflow/dags/.cache/pip/http/a/3/9/a/6/a39a6a99c409d27ff8e69dcba8e594f9ee97c5aeb3e3b5968cfc1bf7 took 0.028 seconds
[2024-10-03T08:57:04.053+0000] {processor.py:161} INFO - Started process (PID=4673) to work on /opt/airflow/dags/.cache/pip/http/a/3/9/a/6/a39a6a99c409d27ff8e69dcba8e594f9ee97c5aeb3e3b5968cfc1bf7
[2024-10-03T08:57:04.054+0000] {processor.py:830} INFO - Processing file /opt/airflow/dags/.cache/pip/http/a/3/9/a/6/a39a6a99c409d27ff8e69dcba8e594f9ee97c5aeb3e3b5968cfc1bf7 for tasks to queue
[2024-10-03T08:57:04.055+0000] {logging_mixin.py:188} INFO - [2024-10-03T08:57:04.055+0000] {dagbag.py:545} INFO - Filling up the DagBag from /opt/airflow/dags/.cache/pip/http/a/3/9/a/6/a39a6a99c409d27ff8e69dcba8e594f9ee97c5aeb3e3b5968cfc1bf7
[2024-10-03T08:57:04.071+0000] {processor.py:842} WARNING - No viable dags retrieved from /opt/airflow/dags/.cache/pip/http/a/3/9/a/6/a39a6a99c409d27ff8e69dcba8e594f9ee97c5aeb3e3b5968cfc1bf7
[2024-10-03T08:57:04.082+0000] {processor.py:183} INFO - Processing /opt/airflow/dags/.cache/pip/http/a/3/9/a/6/a39a6a99c409d27ff8e69dcba8e594f9ee97c5aeb3e3b5968cfc1bf7 took 0.034 seconds
