[2024-10-04T13:49:11.734+0000] {local_task_job_runner.py:120} INFO - ::group::Pre task execution logs
[2024-10-04T13:49:11.750+0000] {taskinstance.py:2076} INFO - Dependencies all met for dep_context=non-requeueable deps ti=<TaskInstance: Alex_Trigolos.task_save_results manual__2024-10-04T13:48:27.277064+00:00 [queued]>
[2024-10-04T13:49:11.757+0000] {taskinstance.py:2076} INFO - Dependencies all met for dep_context=requeueable deps ti=<TaskInstance: Alex_Trigolos.task_save_results manual__2024-10-04T13:48:27.277064+00:00 [queued]>
[2024-10-04T13:49:11.759+0000] {taskinstance.py:2306} INFO - Starting attempt 1 of 1
[2024-10-04T13:49:11.772+0000] {taskinstance.py:2330} INFO - Executing <Task(PythonOperator): task_save_results> on 2024-10-04 13:48:27.277064+00:00
[2024-10-04T13:49:11.782+0000] {standard_task_runner.py:64} INFO - Started process 94767 to run task
[2024-10-04T13:49:11.784+0000] {standard_task_runner.py:90} INFO - Running: ['***', 'tasks', 'run', 'Alex_Trigolos', 'task_save_results', 'manual__2024-10-04T13:48:27.277064+00:00', '--job-id', '896', '--raw', '--subdir', 'DAGS_FOLDER/***/dags/.ipynb_checkpoints/project-checkpoint.py', '--cfg-path', '/tmp/tmpee23fnjk']
[2024-10-04T13:49:11.787+0000] {standard_task_runner.py:91} INFO - Job 896: Subtask task_save_results
[2024-10-04T13:49:11.826+0000] {task_command.py:426} INFO - Running <TaskInstance: Alex_Trigolos.task_save_results manual__2024-10-04T13:48:27.277064+00:00 [running]> on host 4b5f1410d111
[2024-10-04T13:49:11.895+0000] {taskinstance.py:2648} INFO - Exporting env vars: AIRFLOW_CTX_DAG_EMAIL='alexvlg34@gmail.com' AIRFLOW_CTX_DAG_OWNER='Alex Trigolos' AIRFLOW_CTX_DAG_ID='Alex_Trigolos' AIRFLOW_CTX_TASK_ID='task_save_results' AIRFLOW_CTX_EXECUTION_DATE='2024-10-04T13:48:27.277064+00:00' AIRFLOW_CTX_TRY_NUMBER='1' AIRFLOW_CTX_DAG_RUN_ID='manual__2024-10-04T13:48:27.277064+00:00'
[2024-10-04T13:49:11.896+0000] {taskinstance.py:430} INFO - ::endgroup::
[2024-10-04T13:49:11.908+0000] {project-checkpoint.py:228} INFO - Save metrics...
[2024-10-04T13:49:12.001+0000] {base.py:84} INFO - Using connection ID 's3_connection' for task execution.
[2024-10-04T13:49:12.002+0000] {connection_wrapper.py:388} INFO - AWS Connection (conn_id='s3_connection', conn_type='aws') credentials retrieved from login and password.
[2024-10-04T13:49:12.348+0000] {project-checkpoint.py:261} INFO - DONE!!!
[2024-10-04T13:49:12.350+0000] {python.py:237} INFO - Done. Returned value was: None
[2024-10-04T13:49:12.350+0000] {taskinstance.py:441} INFO - ::group::Post task execution logs
[2024-10-04T13:49:12.359+0000] {taskinstance.py:1206} INFO - Marking task as SUCCESS. dag_id=Alex_Trigolos, task_id=task_save_results, run_id=manual__2024-10-04T13:48:27.277064+00:00, execution_date=20241004T134827, start_date=20241004T134911, end_date=20241004T134912
[2024-10-04T13:49:12.400+0000] {local_task_job_runner.py:243} INFO - Task exited with return code 0
[2024-10-04T13:49:12.414+0000] {taskinstance.py:3503} INFO - 0 downstream tasks scheduled from follow-on schedule check
[2024-10-04T13:49:12.416+0000] {local_task_job_runner.py:222} INFO - ::endgroup::
