[2024-09-23T11:37:25.296+0000] {local_task_job_runner.py:120} INFO - ::group::Pre task execution logs
[2024-09-23T11:37:25.309+0000] {taskinstance.py:2076} INFO - Dependencies all met for dep_context=non-requeueable deps ti=<TaskInstance: train_dag.train_model manual__2024-09-23T11:37:17.987777+00:00 [queued]>
[2024-09-23T11:37:25.317+0000] {taskinstance.py:2076} INFO - Dependencies all met for dep_context=requeueable deps ti=<TaskInstance: train_dag.train_model manual__2024-09-23T11:37:17.987777+00:00 [queued]>
[2024-09-23T11:37:25.319+0000] {taskinstance.py:2306} INFO - Starting attempt 1 of 1
[2024-09-23T11:37:25.330+0000] {taskinstance.py:2330} INFO - Executing <Task(PythonOperator): train_model> on 2024-09-23 11:37:17.987777+00:00
[2024-09-23T11:37:25.338+0000] {standard_task_runner.py:64} INFO - Started process 7295 to run task
[2024-09-23T11:37:25.340+0000] {standard_task_runner.py:90} INFO - Running: ['***', 'tasks', 'run', 'train_dag', 'train_model', 'manual__2024-09-23T11:37:17.987777+00:00', '--job-id', '243', '--raw', '--subdir', 'DAGS_FOLDER/***/dags/.ipynb_checkpoints/train_dag-checkpoint.py', '--cfg-path', '/tmp/tmpxvt2t805']
[2024-09-23T11:37:25.342+0000] {standard_task_runner.py:91} INFO - Job 243: Subtask train_model
[2024-09-23T11:37:25.385+0000] {task_command.py:426} INFO - Running <TaskInstance: train_dag.train_model manual__2024-09-23T11:37:17.987777+00:00 [running]> on host 82997fc6deb7
[2024-09-23T11:37:25.453+0000] {taskinstance.py:2648} INFO - Exporting env vars: AIRFLOW_CTX_DAG_EMAIL='alexvlg34@gmail.com' AIRFLOW_CTX_DAG_OWNER='Alex Trigolos' AIRFLOW_CTX_DAG_ID='train_dag' AIRFLOW_CTX_TASK_ID='train_model' AIRFLOW_CTX_EXECUTION_DATE='2024-09-23T11:37:17.987777+00:00' AIRFLOW_CTX_TRY_NUMBER='1' AIRFLOW_CTX_DAG_RUN_ID='manual__2024-09-23T11:37:17.987777+00:00'
[2024-09-23T11:37:25.454+0000] {taskinstance.py:430} INFO - ::endgroup::
[2024-09-23T11:37:25.550+0000] {logging_mixin.py:188} INFO - Fitting 5 folds for each of 2 candidates, totalling 10 fits
[2024-09-23T11:37:25.632+0000] {logging_mixin.py:188} INFO - [CV] END ......................max_depth=1, n_estimators=100; total time=   0.1s
[2024-09-23T11:37:25.716+0000] {logging_mixin.py:188} INFO - [CV] END ......................max_depth=1, n_estimators=100; total time=   0.1s
[2024-09-23T11:37:25.798+0000] {logging_mixin.py:188} INFO - [CV] END ......................max_depth=1, n_estimators=100; total time=   0.1s
[2024-09-23T11:37:25.882+0000] {logging_mixin.py:188} INFO - [CV] END ......................max_depth=1, n_estimators=100; total time=   0.1s
[2024-09-23T11:37:25.961+0000] {logging_mixin.py:188} INFO - [CV] END ......................max_depth=1, n_estimators=100; total time=   0.1s
[2024-09-23T11:37:26.074+0000] {logging_mixin.py:188} INFO - [CV] END ......................max_depth=1, n_estimators=150; total time=   0.1s
[2024-09-23T11:37:26.187+0000] {logging_mixin.py:188} INFO - [CV] END ......................max_depth=1, n_estimators=150; total time=   0.1s
[2024-09-23T11:37:26.300+0000] {logging_mixin.py:188} INFO - [CV] END ......................max_depth=1, n_estimators=150; total time=   0.1s
[2024-09-23T11:37:26.415+0000] {logging_mixin.py:188} INFO - [CV] END ......................max_depth=1, n_estimators=150; total time=   0.1s
[2024-09-23T11:37:26.532+0000] {logging_mixin.py:188} INFO - [CV] END ......................max_depth=1, n_estimators=150; total time=   0.1s
[2024-09-23T11:37:26.683+0000] {python.py:237} INFO - Done. Returned value was: None
[2024-09-23T11:37:26.684+0000] {taskinstance.py:441} INFO - ::group::Post task execution logs
[2024-09-23T11:37:26.692+0000] {taskinstance.py:1206} INFO - Marking task as SUCCESS. dag_id=train_dag, task_id=train_model, run_id=manual__2024-09-23T11:37:17.987777+00:00, execution_date=20240923T113717, start_date=20240923T113725, end_date=20240923T113726
[2024-09-23T11:37:26.720+0000] {local_task_job_runner.py:243} INFO - Task exited with return code 0
[2024-09-23T11:37:26.738+0000] {taskinstance.py:3503} INFO - 1 downstream tasks scheduled from follow-on schedule check
[2024-09-23T11:37:26.743+0000] {local_task_job_runner.py:222} INFO - ::endgroup::
