[2024-10-02T19:09:07.139+0000] {local_task_job_runner.py:120} INFO - ::group::Pre task execution logs
[2024-10-02T19:09:07.163+0000] {taskinstance.py:2076} INFO - Dependencies all met for dep_context=non-requeueable deps ti=<TaskInstance: random_forest_classifier_dag.rfc_get_data manual__2024-10-02T19:09:02.797765+00:00 [queued]>
[2024-10-02T19:09:07.174+0000] {taskinstance.py:2076} INFO - Dependencies all met for dep_context=requeueable deps ti=<TaskInstance: random_forest_classifier_dag.rfc_get_data manual__2024-10-02T19:09:02.797765+00:00 [queued]>
[2024-10-02T19:09:07.195+0000] {taskinstance.py:2306} INFO - Starting attempt 1 of 1
[2024-10-02T19:09:07.215+0000] {taskinstance.py:2330} INFO - Executing <Task(PythonOperator): rfc_get_data> on 2024-10-02 19:09:02.797765+00:00
[2024-10-02T19:09:07.226+0000] {standard_task_runner.py:64} INFO - Started process 65173 to run task
[2024-10-02T19:09:07.230+0000] {standard_task_runner.py:90} INFO - Running: ['***', 'tasks', 'run', 'random_forest_classifier_dag', 'rfc_get_data', 'manual__2024-10-02T19:09:02.797765+00:00', '--job-id', '679', '--raw', '--subdir', 'DAGS_FOLDER/***/dags/.ipynb_checkpoints/hw1-checkpoint.py', '--cfg-path', '/tmp/tmpn0s3vpnj']
[2024-10-02T19:09:07.233+0000] {standard_task_runner.py:91} INFO - Job 679: Subtask rfc_get_data
[2024-10-02T19:09:07.291+0000] {task_command.py:426} INFO - Running <TaskInstance: random_forest_classifier_dag.rfc_get_data manual__2024-10-02T19:09:02.797765+00:00 [running]> on host 8c9143e9e59a
[2024-10-02T19:09:07.397+0000] {taskinstance.py:2648} INFO - Exporting env vars: AIRFLOW_CTX_DAG_EMAIL='alexvlg34@gmail.com' AIRFLOW_CTX_DAG_OWNER='Alex Trigolos' AIRFLOW_CTX_DAG_ID='random_forest_classifier_dag' AIRFLOW_CTX_TASK_ID='rfc_get_data' AIRFLOW_CTX_EXECUTION_DATE='2024-10-02T19:09:02.797765+00:00' AIRFLOW_CTX_TRY_NUMBER='1' AIRFLOW_CTX_DAG_RUN_ID='manual__2024-10-02T19:09:02.797765+00:00'
[2024-10-02T19:09:07.399+0000] {taskinstance.py:430} INFO - ::endgroup::
[2024-10-02T19:09:07.413+0000] {hw1-checkpoint.py:91} INFO - Get data...
[2024-10-02T19:09:07.653+0000] {base.py:84} INFO - Using connection ID 's3_connection' for task execution.
[2024-10-02T19:09:07.655+0000] {connection_wrapper.py:388} INFO - AWS Connection (conn_id='s3_connection', conn_type='aws') credentials retrieved from login and password.
[2024-10-02T19:09:08.427+0000] {hw1-checkpoint.py:103} INFO - Finish get data.
[2024-10-02T19:09:08.428+0000] {python.py:237} INFO - Done. Returned value was: None
[2024-10-02T19:09:08.429+0000] {taskinstance.py:441} INFO - ::group::Post task execution logs
[2024-10-02T19:09:08.439+0000] {taskinstance.py:1206} INFO - Marking task as SUCCESS. dag_id=random_forest_classifier_dag, task_id=rfc_get_data, run_id=manual__2024-10-02T19:09:02.797765+00:00, execution_date=20241002T190902, start_date=20241002T190907, end_date=20241002T190908
[2024-10-02T19:09:08.535+0000] {local_task_job_runner.py:243} INFO - Task exited with return code 0
[2024-10-02T19:09:08.575+0000] {taskinstance.py:3503} INFO - 1 downstream tasks scheduled from follow-on schedule check
[2024-10-02T19:09:08.597+0000] {local_task_job_runner.py:222} INFO - ::endgroup::
