[2024-09-24T17:59:53.262+0000] {local_task_job_runner.py:120} INFO - ::group::Pre task execution logs
[2024-09-24T17:59:53.274+0000] {taskinstance.py:2076} INFO - Dependencies all met for dep_context=non-requeueable deps ti=<TaskInstance: random_forest_classifier_dag.train_model manual__2024-09-24T17:59:45.067312+00:00 [queued]>
[2024-09-24T17:59:53.279+0000] {taskinstance.py:2076} INFO - Dependencies all met for dep_context=requeueable deps ti=<TaskInstance: random_forest_classifier_dag.train_model manual__2024-09-24T17:59:45.067312+00:00 [queued]>
[2024-09-24T17:59:53.281+0000] {taskinstance.py:2306} INFO - Starting attempt 1 of 1
[2024-09-24T17:59:53.290+0000] {taskinstance.py:2330} INFO - Executing <Task(PythonOperator): train_model> on 2024-09-24 17:59:45.067312+00:00
[2024-09-24T17:59:53.297+0000] {standard_task_runner.py:64} INFO - Started process 34452 to run task
[2024-09-24T17:59:53.299+0000] {standard_task_runner.py:90} INFO - Running: ['***', 'tasks', 'run', 'random_forest_classifier_dag', 'train_model', 'manual__2024-09-24T17:59:45.067312+00:00', '--job-id', '419', '--raw', '--subdir', 'DAGS_FOLDER/***/dags/.ipynb_checkpoints/hw1-checkpoint.py', '--cfg-path', '/tmp/tmp922orzd8']
[2024-09-24T17:59:53.301+0000] {standard_task_runner.py:91} INFO - Job 419: Subtask train_model
[2024-09-24T17:59:53.334+0000] {task_command.py:426} INFO - Running <TaskInstance: random_forest_classifier_dag.train_model manual__2024-09-24T17:59:45.067312+00:00 [running]> on host 82997fc6deb7
[2024-09-24T17:59:53.391+0000] {taskinstance.py:2648} INFO - Exporting env vars: AIRFLOW_CTX_DAG_EMAIL='alexvlg34@gmail.com' AIRFLOW_CTX_DAG_OWNER='Alex Trigolos' AIRFLOW_CTX_DAG_ID='random_forest_classifier_dag' AIRFLOW_CTX_TASK_ID='train_model' AIRFLOW_CTX_EXECUTION_DATE='2024-09-24T17:59:45.067312+00:00' AIRFLOW_CTX_TRY_NUMBER='1' AIRFLOW_CTX_DAG_RUN_ID='manual__2024-09-24T17:59:45.067312+00:00'
[2024-09-24T17:59:53.393+0000] {taskinstance.py:430} INFO - ::endgroup::
[2024-09-24T17:59:53.401+0000] {hw1-checkpoint.py:154} INFO - Train model...
[2024-09-24T17:59:53.401+0000] {s3.py:1422} INFO - Downloading source S3 file from Bucket testmlops with path AlexTrigolos/RandomForestClassifier/datasets/X_train.pkl
[2024-09-24T17:59:53.408+0000] {base.py:84} INFO - Using connection ID 's3_connection' for task execution.
[2024-09-24T17:59:53.409+0000] {connection_wrapper.py:388} INFO - AWS Connection (conn_id='s3_connection', conn_type='aws') credentials retrieved from login and password.
[2024-09-24T17:59:53.748+0000] {hw1-checkpoint.py:79} INFO - /tmp/***_tmp_4codrtyr
[2024-09-24T17:59:53.751+0000] {s3.py:1422} INFO - Downloading source S3 file from Bucket testmlops with path AlexTrigolos/RandomForestClassifier/datasets/X_test.pkl
[2024-09-24T17:59:53.760+0000] {base.py:84} INFO - Using connection ID 's3_connection' for task execution.
[2024-09-24T17:59:53.761+0000] {connection_wrapper.py:388} INFO - AWS Connection (conn_id='s3_connection', conn_type='aws') credentials retrieved from login and password.
[2024-09-24T17:59:53.915+0000] {hw1-checkpoint.py:79} INFO - /tmp/***_tmp_zs01j8p0
[2024-09-24T17:59:53.917+0000] {s3.py:1422} INFO - Downloading source S3 file from Bucket testmlops with path AlexTrigolos/RandomForestClassifier/datasets/y_train.pkl
[2024-09-24T17:59:53.924+0000] {base.py:84} INFO - Using connection ID 's3_connection' for task execution.
[2024-09-24T17:59:53.924+0000] {connection_wrapper.py:388} INFO - AWS Connection (conn_id='s3_connection', conn_type='aws') credentials retrieved from login and password.
[2024-09-24T17:59:54.077+0000] {hw1-checkpoint.py:79} INFO - /tmp/***_tmp_sneg1see
[2024-09-24T17:59:54.080+0000] {s3.py:1422} INFO - Downloading source S3 file from Bucket testmlops with path AlexTrigolos/RandomForestClassifier/datasets/y_test.pkl
[2024-09-24T17:59:54.085+0000] {base.py:84} INFO - Using connection ID 's3_connection' for task execution.
[2024-09-24T17:59:54.086+0000] {connection_wrapper.py:388} INFO - AWS Connection (conn_id='s3_connection', conn_type='aws') credentials retrieved from login and password.
[2024-09-24T17:59:54.397+0000] {hw1-checkpoint.py:79} INFO - /tmp/***_tmp_ou5qr0cl
[2024-09-24T17:59:54.402+0000] {logging_mixin.py:188} INFO - Fitting 5 folds for each of 1 candidates, totalling 5 fits
[2024-09-24T17:59:54.485+0000] {logging_mixin.py:188} INFO - [CV] END ......................max_depth=1, n_estimators=100; total time=   0.1s
[2024-09-24T17:59:54.564+0000] {logging_mixin.py:188} INFO - [CV] END ......................max_depth=1, n_estimators=100; total time=   0.1s
[2024-09-24T17:59:54.650+0000] {logging_mixin.py:188} INFO - [CV] END ......................max_depth=1, n_estimators=100; total time=   0.1s
[2024-09-24T17:59:54.730+0000] {logging_mixin.py:188} INFO - [CV] END ......................max_depth=1, n_estimators=100; total time=   0.1s
[2024-09-24T17:59:54.813+0000] {logging_mixin.py:188} INFO - [CV] END ......................max_depth=1, n_estimators=100; total time=   0.1s
[2024-09-24T17:59:54.966+0000] {hw1-checkpoint.py:195} INFO - Finish model train.
[2024-09-24T17:59:54.967+0000] {python.py:237} INFO - Done. Returned value was: None
[2024-09-24T17:59:54.968+0000] {taskinstance.py:441} INFO - ::group::Post task execution logs
[2024-09-24T17:59:54.975+0000] {taskinstance.py:1206} INFO - Marking task as SUCCESS. dag_id=random_forest_classifier_dag, task_id=train_model, run_id=manual__2024-09-24T17:59:45.067312+00:00, execution_date=20240924T175945, start_date=20240924T175953, end_date=20240924T175954
[2024-09-24T17:59:55.002+0000] {local_task_job_runner.py:243} INFO - Task exited with return code 0
[2024-09-24T17:59:55.018+0000] {taskinstance.py:3503} INFO - 1 downstream tasks scheduled from follow-on schedule check
[2024-09-24T17:59:55.021+0000] {local_task_job_runner.py:222} INFO - ::endgroup::
