[2024-09-23T11:15:15.336+0000] {local_task_job_runner.py:120} INFO - ::group::Pre task execution logs
[2024-09-23T11:15:15.355+0000] {taskinstance.py:2076} INFO - Dependencies all met for dep_context=non-requeueable deps ti=<TaskInstance: train_dag.train_model manual__2024-09-23T11:15:01.200811+00:00 [queued]>
[2024-09-23T11:15:15.367+0000] {taskinstance.py:2076} INFO - Dependencies all met for dep_context=requeueable deps ti=<TaskInstance: train_dag.train_model manual__2024-09-23T11:15:01.200811+00:00 [queued]>
[2024-09-23T11:15:15.369+0000] {taskinstance.py:2306} INFO - Starting attempt 1 of 1
[2024-09-23T11:15:15.385+0000] {taskinstance.py:2330} INFO - Executing <Task(PythonOperator): train_model> on 2024-09-23 11:15:01.200811+00:00
[2024-09-23T11:15:15.396+0000] {standard_task_runner.py:64} INFO - Started process 1383 to run task
[2024-09-23T11:15:15.399+0000] {standard_task_runner.py:90} INFO - Running: ['***', 'tasks', 'run', 'train_dag', 'train_model', 'manual__2024-09-23T11:15:01.200811+00:00', '--job-id', '223', '--raw', '--subdir', 'DAGS_FOLDER/***/dags/.ipynb_checkpoints/train_dag-checkpoint.py', '--cfg-path', '/tmp/tmpij29w0s1']
[2024-09-23T11:15:15.402+0000] {standard_task_runner.py:91} INFO - Job 223: Subtask train_model
[2024-09-23T11:15:15.459+0000] {task_command.py:426} INFO - Running <TaskInstance: train_dag.train_model manual__2024-09-23T11:15:01.200811+00:00 [running]> on host 82997fc6deb7
[2024-09-23T11:15:15.562+0000] {taskinstance.py:2648} INFO - Exporting env vars: AIRFLOW_CTX_DAG_EMAIL='alexvlg34@gmail.com' AIRFLOW_CTX_DAG_OWNER='Alex Trigolos' AIRFLOW_CTX_DAG_ID='train_dag' AIRFLOW_CTX_TASK_ID='train_model' AIRFLOW_CTX_EXECUTION_DATE='2024-09-23T11:15:01.200811+00:00' AIRFLOW_CTX_TRY_NUMBER='1' AIRFLOW_CTX_DAG_RUN_ID='manual__2024-09-23T11:15:01.200811+00:00'
[2024-09-23T11:15:15.564+0000] {taskinstance.py:430} INFO - ::endgroup::
[2024-09-23T11:15:15.682+0000] {logging_mixin.py:188} INFO - Fitting 5 folds for each of 2 candidates, totalling 10 fits
[2024-09-23T11:15:15.863+0000] {logging_mixin.py:188} INFO - [CV] END ......................max_depth=1, n_estimators=100; total time=   0.2s
[2024-09-23T11:15:16.021+0000] {logging_mixin.py:188} INFO - [CV] END ......................max_depth=1, n_estimators=100; total time=   0.2s
[2024-09-23T11:15:16.180+0000] {logging_mixin.py:188} INFO - [CV] END ......................max_depth=1, n_estimators=100; total time=   0.2s
[2024-09-23T11:15:16.340+0000] {logging_mixin.py:188} INFO - [CV] END ......................max_depth=1, n_estimators=100; total time=   0.2s
[2024-09-23T11:15:16.507+0000] {logging_mixin.py:188} INFO - [CV] END ......................max_depth=1, n_estimators=100; total time=   0.2s
[2024-09-23T11:15:16.843+0000] {logging_mixin.py:188} INFO - [CV] END ......................max_depth=1, n_estimators=150; total time=   0.3s
[2024-09-23T11:15:17.123+0000] {logging_mixin.py:188} INFO - [CV] END ......................max_depth=1, n_estimators=150; total time=   0.3s
[2024-09-23T11:15:17.365+0000] {logging_mixin.py:188} INFO - [CV] END ......................max_depth=1, n_estimators=150; total time=   0.2s
[2024-09-23T11:15:17.620+0000] {logging_mixin.py:188} INFO - [CV] END ......................max_depth=1, n_estimators=150; total time=   0.3s
[2024-09-23T11:15:17.852+0000] {logging_mixin.py:188} INFO - [CV] END ......................max_depth=1, n_estimators=150; total time=   0.2s
[2024-09-23T11:15:18.088+0000] {python.py:237} INFO - Done. Returned value was: None
[2024-09-23T11:15:18.090+0000] {taskinstance.py:441} INFO - ::group::Post task execution logs
[2024-09-23T11:15:18.100+0000] {taskinstance.py:1206} INFO - Marking task as SUCCESS. dag_id=train_dag, task_id=train_model, run_id=manual__2024-09-23T11:15:01.200811+00:00, execution_date=20240923T111501, start_date=20240923T111515, end_date=20240923T111518
[2024-09-23T11:15:18.151+0000] {local_task_job_runner.py:243} INFO - Task exited with return code 0
[2024-09-23T11:15:18.185+0000] {taskinstance.py:3503} INFO - 1 downstream tasks scheduled from follow-on schedule check
[2024-09-23T11:15:18.190+0000] {local_task_job_runner.py:222} INFO - ::endgroup::
