[2024-10-02T19:56:18.021+0000] {local_task_job_runner.py:120} INFO - ::group::Pre task execution logs
[2024-10-02T19:56:18.044+0000] {taskinstance.py:2076} INFO - Dependencies all met for dep_context=non-requeueable deps ti=<TaskInstance: gradient_boosting_classifier_dag.gbc_get_data manual__2024-10-02T19:56:13.949479+00:00 [queued]>
[2024-10-02T19:56:18.055+0000] {taskinstance.py:2076} INFO - Dependencies all met for dep_context=requeueable deps ti=<TaskInstance: gradient_boosting_classifier_dag.gbc_get_data manual__2024-10-02T19:56:13.949479+00:00 [queued]>
[2024-10-02T19:56:18.057+0000] {taskinstance.py:2306} INFO - Starting attempt 1 of 1
[2024-10-02T19:56:18.073+0000] {taskinstance.py:2330} INFO - Executing <Task(PythonOperator): gbc_get_data> on 2024-10-02 19:56:13.949479+00:00
[2024-10-02T19:56:18.083+0000] {standard_task_runner.py:64} INFO - Started process 1597 to run task
[2024-10-02T19:56:18.087+0000] {standard_task_runner.py:90} INFO - Running: ['***', 'tasks', 'run', 'gradient_boosting_classifier_dag', 'gbc_get_data', 'manual__2024-10-02T19:56:13.949479+00:00', '--job-id', '700', '--raw', '--subdir', 'DAGS_FOLDER/***/dags/hw1.py', '--cfg-path', '/tmp/tmp2vbr7khk']
[2024-10-02T19:56:18.090+0000] {standard_task_runner.py:91} INFO - Job 700: Subtask gbc_get_data
[2024-10-02T19:56:18.153+0000] {task_command.py:426} INFO - Running <TaskInstance: gradient_boosting_classifier_dag.gbc_get_data manual__2024-10-02T19:56:13.949479+00:00 [running]> on host 4b5f1410d111
[2024-10-02T19:56:18.272+0000] {taskinstance.py:2648} INFO - Exporting env vars: AIRFLOW_CTX_DAG_EMAIL='alexvlg34@gmail.com' AIRFLOW_CTX_DAG_OWNER='Alex Trigolos' AIRFLOW_CTX_DAG_ID='gradient_boosting_classifier_dag' AIRFLOW_CTX_TASK_ID='gbc_get_data' AIRFLOW_CTX_EXECUTION_DATE='2024-10-02T19:56:13.949479+00:00' AIRFLOW_CTX_TRY_NUMBER='1' AIRFLOW_CTX_DAG_RUN_ID='manual__2024-10-02T19:56:13.949479+00:00'
[2024-10-02T19:56:18.274+0000] {taskinstance.py:430} INFO - ::endgroup::
[2024-10-02T19:56:18.290+0000] {hw1.py:91} INFO - Get data...
[2024-10-02T19:56:18.531+0000] {base.py:84} INFO - Using connection ID 's3_connection' for task execution.
[2024-10-02T19:56:18.532+0000] {connection_wrapper.py:388} INFO - AWS Connection (conn_id='s3_connection', conn_type='aws') credentials retrieved from login and password.
[2024-10-02T19:56:19.449+0000] {hw1.py:103} INFO - Finish get data.
[2024-10-02T19:56:19.450+0000] {python.py:237} INFO - Done. Returned value was: None
[2024-10-02T19:56:19.451+0000] {taskinstance.py:441} INFO - ::group::Post task execution logs
[2024-10-02T19:56:19.466+0000] {taskinstance.py:1206} INFO - Marking task as SUCCESS. dag_id=gradient_boosting_classifier_dag, task_id=gbc_get_data, run_id=manual__2024-10-02T19:56:13.949479+00:00, execution_date=20241002T195613, start_date=20241002T195618, end_date=20241002T195619
[2024-10-02T19:56:19.507+0000] {local_task_job_runner.py:243} INFO - Task exited with return code 0
[2024-10-02T19:56:19.543+0000] {taskinstance.py:3503} INFO - 1 downstream tasks scheduled from follow-on schedule check
[2024-10-02T19:56:19.547+0000] {local_task_job_runner.py:222} INFO - ::endgroup::
