[2024-10-03T08:42:03.031+0000] {processor.py:161} INFO - Started process (PID=390) to work on /opt/airflow/dags/.cache/pip/http/a/7/c/b/8/a7cb89b162bef409dad2b44a68d316a3f74cd0cbd61ee12dd7e14897
[2024-10-03T08:42:03.032+0000] {processor.py:830} INFO - Processing file /opt/airflow/dags/.cache/pip/http/a/7/c/b/8/a7cb89b162bef409dad2b44a68d316a3f74cd0cbd61ee12dd7e14897 for tasks to queue
[2024-10-03T08:42:03.034+0000] {logging_mixin.py:188} INFO - [2024-10-03T08:42:03.034+0000] {dagbag.py:545} INFO - Filling up the DagBag from /opt/airflow/dags/.cache/pip/http/a/7/c/b/8/a7cb89b162bef409dad2b44a68d316a3f74cd0cbd61ee12dd7e14897
[2024-10-03T08:42:03.049+0000] {processor.py:842} WARNING - No viable dags retrieved from /opt/airflow/dags/.cache/pip/http/a/7/c/b/8/a7cb89b162bef409dad2b44a68d316a3f74cd0cbd61ee12dd7e14897
[2024-10-03T08:42:03.059+0000] {processor.py:183} INFO - Processing /opt/airflow/dags/.cache/pip/http/a/7/c/b/8/a7cb89b162bef409dad2b44a68d316a3f74cd0cbd61ee12dd7e14897 took 0.033 seconds
[2024-10-03T08:42:36.833+0000] {processor.py:161} INFO - Started process (PID=630) to work on /opt/airflow/dags/.cache/pip/http/a/7/c/b/8/a7cb89b162bef409dad2b44a68d316a3f74cd0cbd61ee12dd7e14897
[2024-10-03T08:42:36.835+0000] {processor.py:830} INFO - Processing file /opt/airflow/dags/.cache/pip/http/a/7/c/b/8/a7cb89b162bef409dad2b44a68d316a3f74cd0cbd61ee12dd7e14897 for tasks to queue
[2024-10-03T08:42:36.838+0000] {logging_mixin.py:188} INFO - [2024-10-03T08:42:36.837+0000] {dagbag.py:545} INFO - Filling up the DagBag from /opt/airflow/dags/.cache/pip/http/a/7/c/b/8/a7cb89b162bef409dad2b44a68d316a3f74cd0cbd61ee12dd7e14897
[2024-10-03T08:42:36.906+0000] {processor.py:842} WARNING - No viable dags retrieved from /opt/airflow/dags/.cache/pip/http/a/7/c/b/8/a7cb89b162bef409dad2b44a68d316a3f74cd0cbd61ee12dd7e14897
[2024-10-03T08:42:36.926+0000] {processor.py:183} INFO - Processing /opt/airflow/dags/.cache/pip/http/a/7/c/b/8/a7cb89b162bef409dad2b44a68d316a3f74cd0cbd61ee12dd7e14897 took 0.100 seconds
[2024-10-03T08:43:10.585+0000] {processor.py:161} INFO - Started process (PID=874) to work on /opt/airflow/dags/.cache/pip/http/a/7/c/b/8/a7cb89b162bef409dad2b44a68d316a3f74cd0cbd61ee12dd7e14897
[2024-10-03T08:43:10.586+0000] {processor.py:830} INFO - Processing file /opt/airflow/dags/.cache/pip/http/a/7/c/b/8/a7cb89b162bef409dad2b44a68d316a3f74cd0cbd61ee12dd7e14897 for tasks to queue
[2024-10-03T08:43:10.589+0000] {logging_mixin.py:188} INFO - [2024-10-03T08:43:10.589+0000] {dagbag.py:545} INFO - Filling up the DagBag from /opt/airflow/dags/.cache/pip/http/a/7/c/b/8/a7cb89b162bef409dad2b44a68d316a3f74cd0cbd61ee12dd7e14897
[2024-10-03T08:43:10.626+0000] {processor.py:842} WARNING - No viable dags retrieved from /opt/airflow/dags/.cache/pip/http/a/7/c/b/8/a7cb89b162bef409dad2b44a68d316a3f74cd0cbd61ee12dd7e14897
[2024-10-03T08:43:10.646+0000] {processor.py:183} INFO - Processing /opt/airflow/dags/.cache/pip/http/a/7/c/b/8/a7cb89b162bef409dad2b44a68d316a3f74cd0cbd61ee12dd7e14897 took 0.070 seconds
[2024-10-03T08:43:43.534+0000] {processor.py:161} INFO - Started process (PID=1115) to work on /opt/airflow/dags/.cache/pip/http/a/7/c/b/8/a7cb89b162bef409dad2b44a68d316a3f74cd0cbd61ee12dd7e14897
[2024-10-03T08:43:43.535+0000] {processor.py:830} INFO - Processing file /opt/airflow/dags/.cache/pip/http/a/7/c/b/8/a7cb89b162bef409dad2b44a68d316a3f74cd0cbd61ee12dd7e14897 for tasks to queue
[2024-10-03T08:43:43.537+0000] {logging_mixin.py:188} INFO - [2024-10-03T08:43:43.536+0000] {dagbag.py:545} INFO - Filling up the DagBag from /opt/airflow/dags/.cache/pip/http/a/7/c/b/8/a7cb89b162bef409dad2b44a68d316a3f74cd0cbd61ee12dd7e14897
[2024-10-03T08:43:43.572+0000] {processor.py:842} WARNING - No viable dags retrieved from /opt/airflow/dags/.cache/pip/http/a/7/c/b/8/a7cb89b162bef409dad2b44a68d316a3f74cd0cbd61ee12dd7e14897
[2024-10-03T08:43:43.583+0000] {processor.py:183} INFO - Processing /opt/airflow/dags/.cache/pip/http/a/7/c/b/8/a7cb89b162bef409dad2b44a68d316a3f74cd0cbd61ee12dd7e14897 took 0.054 seconds
[2024-10-03T08:44:16.086+0000] {processor.py:161} INFO - Started process (PID=1359) to work on /opt/airflow/dags/.cache/pip/http/a/7/c/b/8/a7cb89b162bef409dad2b44a68d316a3f74cd0cbd61ee12dd7e14897
[2024-10-03T08:44:16.087+0000] {processor.py:830} INFO - Processing file /opt/airflow/dags/.cache/pip/http/a/7/c/b/8/a7cb89b162bef409dad2b44a68d316a3f74cd0cbd61ee12dd7e14897 for tasks to queue
[2024-10-03T08:44:16.088+0000] {logging_mixin.py:188} INFO - [2024-10-03T08:44:16.088+0000] {dagbag.py:545} INFO - Filling up the DagBag from /opt/airflow/dags/.cache/pip/http/a/7/c/b/8/a7cb89b162bef409dad2b44a68d316a3f74cd0cbd61ee12dd7e14897
[2024-10-03T08:44:16.127+0000] {processor.py:842} WARNING - No viable dags retrieved from /opt/airflow/dags/.cache/pip/http/a/7/c/b/8/a7cb89b162bef409dad2b44a68d316a3f74cd0cbd61ee12dd7e14897
[2024-10-03T08:44:16.140+0000] {processor.py:183} INFO - Processing /opt/airflow/dags/.cache/pip/http/a/7/c/b/8/a7cb89b162bef409dad2b44a68d316a3f74cd0cbd61ee12dd7e14897 took 0.059 seconds
[2024-10-03T08:44:48.055+0000] {processor.py:161} INFO - Started process (PID=1607) to work on /opt/airflow/dags/.cache/pip/http/a/7/c/b/8/a7cb89b162bef409dad2b44a68d316a3f74cd0cbd61ee12dd7e14897
[2024-10-03T08:44:48.060+0000] {processor.py:830} INFO - Processing file /opt/airflow/dags/.cache/pip/http/a/7/c/b/8/a7cb89b162bef409dad2b44a68d316a3f74cd0cbd61ee12dd7e14897 for tasks to queue
[2024-10-03T08:44:48.063+0000] {logging_mixin.py:188} INFO - [2024-10-03T08:44:48.063+0000] {dagbag.py:545} INFO - Filling up the DagBag from /opt/airflow/dags/.cache/pip/http/a/7/c/b/8/a7cb89b162bef409dad2b44a68d316a3f74cd0cbd61ee12dd7e14897
[2024-10-03T08:44:48.133+0000] {processor.py:842} WARNING - No viable dags retrieved from /opt/airflow/dags/.cache/pip/http/a/7/c/b/8/a7cb89b162bef409dad2b44a68d316a3f74cd0cbd61ee12dd7e14897
[2024-10-03T08:44:48.154+0000] {processor.py:183} INFO - Processing /opt/airflow/dags/.cache/pip/http/a/7/c/b/8/a7cb89b162bef409dad2b44a68d316a3f74cd0cbd61ee12dd7e14897 took 0.116 seconds
[2024-10-03T08:45:21.672+0000] {processor.py:161} INFO - Started process (PID=1849) to work on /opt/airflow/dags/.cache/pip/http/a/7/c/b/8/a7cb89b162bef409dad2b44a68d316a3f74cd0cbd61ee12dd7e14897
[2024-10-03T08:45:21.673+0000] {processor.py:830} INFO - Processing file /opt/airflow/dags/.cache/pip/http/a/7/c/b/8/a7cb89b162bef409dad2b44a68d316a3f74cd0cbd61ee12dd7e14897 for tasks to queue
[2024-10-03T08:45:21.677+0000] {logging_mixin.py:188} INFO - [2024-10-03T08:45:21.676+0000] {dagbag.py:545} INFO - Filling up the DagBag from /opt/airflow/dags/.cache/pip/http/a/7/c/b/8/a7cb89b162bef409dad2b44a68d316a3f74cd0cbd61ee12dd7e14897
[2024-10-03T08:45:21.717+0000] {processor.py:842} WARNING - No viable dags retrieved from /opt/airflow/dags/.cache/pip/http/a/7/c/b/8/a7cb89b162bef409dad2b44a68d316a3f74cd0cbd61ee12dd7e14897
[2024-10-03T08:45:21.740+0000] {processor.py:183} INFO - Processing /opt/airflow/dags/.cache/pip/http/a/7/c/b/8/a7cb89b162bef409dad2b44a68d316a3f74cd0cbd61ee12dd7e14897 took 0.082 seconds
[2024-10-03T08:45:52.537+0000] {processor.py:161} INFO - Started process (PID=2067) to work on /opt/airflow/dags/.cache/pip/http/a/7/c/b/8/a7cb89b162bef409dad2b44a68d316a3f74cd0cbd61ee12dd7e14897
[2024-10-03T08:45:52.539+0000] {processor.py:830} INFO - Processing file /opt/airflow/dags/.cache/pip/http/a/7/c/b/8/a7cb89b162bef409dad2b44a68d316a3f74cd0cbd61ee12dd7e14897 for tasks to queue
[2024-10-03T08:45:52.542+0000] {logging_mixin.py:188} INFO - [2024-10-03T08:45:52.541+0000] {dagbag.py:545} INFO - Filling up the DagBag from /opt/airflow/dags/.cache/pip/http/a/7/c/b/8/a7cb89b162bef409dad2b44a68d316a3f74cd0cbd61ee12dd7e14897
[2024-10-03T08:45:52.582+0000] {processor.py:842} WARNING - No viable dags retrieved from /opt/airflow/dags/.cache/pip/http/a/7/c/b/8/a7cb89b162bef409dad2b44a68d316a3f74cd0cbd61ee12dd7e14897
[2024-10-03T08:45:52.603+0000] {processor.py:183} INFO - Processing /opt/airflow/dags/.cache/pip/http/a/7/c/b/8/a7cb89b162bef409dad2b44a68d316a3f74cd0cbd61ee12dd7e14897 took 0.076 seconds
[2024-10-03T08:46:23.846+0000] {processor.py:161} INFO - Started process (PID=2305) to work on /opt/airflow/dags/.cache/pip/http/a/7/c/b/8/a7cb89b162bef409dad2b44a68d316a3f74cd0cbd61ee12dd7e14897
[2024-10-03T08:46:23.847+0000] {processor.py:830} INFO - Processing file /opt/airflow/dags/.cache/pip/http/a/7/c/b/8/a7cb89b162bef409dad2b44a68d316a3f74cd0cbd61ee12dd7e14897 for tasks to queue
[2024-10-03T08:46:23.850+0000] {logging_mixin.py:188} INFO - [2024-10-03T08:46:23.849+0000] {dagbag.py:545} INFO - Filling up the DagBag from /opt/airflow/dags/.cache/pip/http/a/7/c/b/8/a7cb89b162bef409dad2b44a68d316a3f74cd0cbd61ee12dd7e14897
[2024-10-03T08:46:23.892+0000] {processor.py:842} WARNING - No viable dags retrieved from /opt/airflow/dags/.cache/pip/http/a/7/c/b/8/a7cb89b162bef409dad2b44a68d316a3f74cd0cbd61ee12dd7e14897
[2024-10-03T08:46:23.911+0000] {processor.py:183} INFO - Processing /opt/airflow/dags/.cache/pip/http/a/7/c/b/8/a7cb89b162bef409dad2b44a68d316a3f74cd0cbd61ee12dd7e14897 took 0.074 seconds
[2024-10-03T08:47:14.015+0000] {processor.py:161} INFO - Started process (PID=2572) to work on /opt/airflow/dags/.cache/pip/http/a/7/c/b/8/a7cb89b162bef409dad2b44a68d316a3f74cd0cbd61ee12dd7e14897
[2024-10-03T08:47:14.016+0000] {processor.py:830} INFO - Processing file /opt/airflow/dags/.cache/pip/http/a/7/c/b/8/a7cb89b162bef409dad2b44a68d316a3f74cd0cbd61ee12dd7e14897 for tasks to queue
[2024-10-03T08:47:14.019+0000] {logging_mixin.py:188} INFO - [2024-10-03T08:47:14.019+0000] {dagbag.py:545} INFO - Filling up the DagBag from /opt/airflow/dags/.cache/pip/http/a/7/c/b/8/a7cb89b162bef409dad2b44a68d316a3f74cd0cbd61ee12dd7e14897
[2024-10-03T08:47:14.084+0000] {processor.py:842} WARNING - No viable dags retrieved from /opt/airflow/dags/.cache/pip/http/a/7/c/b/8/a7cb89b162bef409dad2b44a68d316a3f74cd0cbd61ee12dd7e14897
[2024-10-03T08:47:14.106+0000] {processor.py:183} INFO - Processing /opt/airflow/dags/.cache/pip/http/a/7/c/b/8/a7cb89b162bef409dad2b44a68d316a3f74cd0cbd61ee12dd7e14897 took 0.102 seconds
[2024-10-03T08:47:48.231+0000] {processor.py:161} INFO - Started process (PID=2822) to work on /opt/airflow/dags/.cache/pip/http/a/7/c/b/8/a7cb89b162bef409dad2b44a68d316a3f74cd0cbd61ee12dd7e14897
[2024-10-03T08:47:48.233+0000] {processor.py:830} INFO - Processing file /opt/airflow/dags/.cache/pip/http/a/7/c/b/8/a7cb89b162bef409dad2b44a68d316a3f74cd0cbd61ee12dd7e14897 for tasks to queue
[2024-10-03T08:47:48.236+0000] {logging_mixin.py:188} INFO - [2024-10-03T08:47:48.235+0000] {dagbag.py:545} INFO - Filling up the DagBag from /opt/airflow/dags/.cache/pip/http/a/7/c/b/8/a7cb89b162bef409dad2b44a68d316a3f74cd0cbd61ee12dd7e14897
[2024-10-03T08:47:48.270+0000] {processor.py:842} WARNING - No viable dags retrieved from /opt/airflow/dags/.cache/pip/http/a/7/c/b/8/a7cb89b162bef409dad2b44a68d316a3f74cd0cbd61ee12dd7e14897
[2024-10-03T08:47:48.294+0000] {processor.py:183} INFO - Processing /opt/airflow/dags/.cache/pip/http/a/7/c/b/8/a7cb89b162bef409dad2b44a68d316a3f74cd0cbd61ee12dd7e14897 took 0.074 seconds
[2024-10-03T08:48:22.091+0000] {processor.py:161} INFO - Started process (PID=3064) to work on /opt/airflow/dags/.cache/pip/http/a/7/c/b/8/a7cb89b162bef409dad2b44a68d316a3f74cd0cbd61ee12dd7e14897
[2024-10-03T08:48:22.093+0000] {processor.py:830} INFO - Processing file /opt/airflow/dags/.cache/pip/http/a/7/c/b/8/a7cb89b162bef409dad2b44a68d316a3f74cd0cbd61ee12dd7e14897 for tasks to queue
[2024-10-03T08:48:22.098+0000] {logging_mixin.py:188} INFO - [2024-10-03T08:48:22.097+0000] {dagbag.py:545} INFO - Filling up the DagBag from /opt/airflow/dags/.cache/pip/http/a/7/c/b/8/a7cb89b162bef409dad2b44a68d316a3f74cd0cbd61ee12dd7e14897
[2024-10-03T08:48:22.174+0000] {processor.py:842} WARNING - No viable dags retrieved from /opt/airflow/dags/.cache/pip/http/a/7/c/b/8/a7cb89b162bef409dad2b44a68d316a3f74cd0cbd61ee12dd7e14897
[2024-10-03T08:48:22.198+0000] {processor.py:183} INFO - Processing /opt/airflow/dags/.cache/pip/http/a/7/c/b/8/a7cb89b162bef409dad2b44a68d316a3f74cd0cbd61ee12dd7e14897 took 0.120 seconds
[2024-10-03T08:48:52.435+0000] {processor.py:161} INFO - Started process (PID=3306) to work on /opt/airflow/dags/.cache/pip/http/a/7/c/b/8/a7cb89b162bef409dad2b44a68d316a3f74cd0cbd61ee12dd7e14897
[2024-10-03T08:48:52.436+0000] {processor.py:830} INFO - Processing file /opt/airflow/dags/.cache/pip/http/a/7/c/b/8/a7cb89b162bef409dad2b44a68d316a3f74cd0cbd61ee12dd7e14897 for tasks to queue
[2024-10-03T08:48:52.437+0000] {logging_mixin.py:188} INFO - [2024-10-03T08:48:52.437+0000] {dagbag.py:545} INFO - Filling up the DagBag from /opt/airflow/dags/.cache/pip/http/a/7/c/b/8/a7cb89b162bef409dad2b44a68d316a3f74cd0cbd61ee12dd7e14897
[2024-10-03T08:48:52.452+0000] {processor.py:842} WARNING - No viable dags retrieved from /opt/airflow/dags/.cache/pip/http/a/7/c/b/8/a7cb89b162bef409dad2b44a68d316a3f74cd0cbd61ee12dd7e14897
[2024-10-03T08:48:52.462+0000] {processor.py:183} INFO - Processing /opt/airflow/dags/.cache/pip/http/a/7/c/b/8/a7cb89b162bef409dad2b44a68d316a3f74cd0cbd61ee12dd7e14897 took 0.032 seconds
[2024-10-03T08:49:24.101+0000] {processor.py:161} INFO - Started process (PID=3548) to work on /opt/airflow/dags/.cache/pip/http/a/7/c/b/8/a7cb89b162bef409dad2b44a68d316a3f74cd0cbd61ee12dd7e14897
[2024-10-03T08:49:24.103+0000] {processor.py:830} INFO - Processing file /opt/airflow/dags/.cache/pip/http/a/7/c/b/8/a7cb89b162bef409dad2b44a68d316a3f74cd0cbd61ee12dd7e14897 for tasks to queue
[2024-10-03T08:49:24.106+0000] {logging_mixin.py:188} INFO - [2024-10-03T08:49:24.105+0000] {dagbag.py:545} INFO - Filling up the DagBag from /opt/airflow/dags/.cache/pip/http/a/7/c/b/8/a7cb89b162bef409dad2b44a68d316a3f74cd0cbd61ee12dd7e14897
[2024-10-03T08:49:24.149+0000] {processor.py:842} WARNING - No viable dags retrieved from /opt/airflow/dags/.cache/pip/http/a/7/c/b/8/a7cb89b162bef409dad2b44a68d316a3f74cd0cbd61ee12dd7e14897
[2024-10-03T08:49:24.175+0000] {processor.py:183} INFO - Processing /opt/airflow/dags/.cache/pip/http/a/7/c/b/8/a7cb89b162bef409dad2b44a68d316a3f74cd0cbd61ee12dd7e14897 took 0.082 seconds
[2024-10-03T08:49:57.462+0000] {processor.py:161} INFO - Started process (PID=3789) to work on /opt/airflow/dags/.cache/pip/http/a/7/c/b/8/a7cb89b162bef409dad2b44a68d316a3f74cd0cbd61ee12dd7e14897
[2024-10-03T08:49:57.463+0000] {processor.py:830} INFO - Processing file /opt/airflow/dags/.cache/pip/http/a/7/c/b/8/a7cb89b162bef409dad2b44a68d316a3f74cd0cbd61ee12dd7e14897 for tasks to queue
[2024-10-03T08:49:57.465+0000] {logging_mixin.py:188} INFO - [2024-10-03T08:49:57.464+0000] {dagbag.py:545} INFO - Filling up the DagBag from /opt/airflow/dags/.cache/pip/http/a/7/c/b/8/a7cb89b162bef409dad2b44a68d316a3f74cd0cbd61ee12dd7e14897
[2024-10-03T08:49:57.515+0000] {processor.py:842} WARNING - No viable dags retrieved from /opt/airflow/dags/.cache/pip/http/a/7/c/b/8/a7cb89b162bef409dad2b44a68d316a3f74cd0cbd61ee12dd7e14897
[2024-10-03T08:49:57.527+0000] {processor.py:183} INFO - Processing /opt/airflow/dags/.cache/pip/http/a/7/c/b/8/a7cb89b162bef409dad2b44a68d316a3f74cd0cbd61ee12dd7e14897 took 0.070 seconds
[2024-10-03T08:50:29.511+0000] {processor.py:161} INFO - Started process (PID=4033) to work on /opt/airflow/dags/.cache/pip/http/a/7/c/b/8/a7cb89b162bef409dad2b44a68d316a3f74cd0cbd61ee12dd7e14897
[2024-10-03T08:50:29.512+0000] {processor.py:830} INFO - Processing file /opt/airflow/dags/.cache/pip/http/a/7/c/b/8/a7cb89b162bef409dad2b44a68d316a3f74cd0cbd61ee12dd7e14897 for tasks to queue
[2024-10-03T08:50:29.514+0000] {logging_mixin.py:188} INFO - [2024-10-03T08:50:29.514+0000] {dagbag.py:545} INFO - Filling up the DagBag from /opt/airflow/dags/.cache/pip/http/a/7/c/b/8/a7cb89b162bef409dad2b44a68d316a3f74cd0cbd61ee12dd7e14897
[2024-10-03T08:50:29.531+0000] {processor.py:842} WARNING - No viable dags retrieved from /opt/airflow/dags/.cache/pip/http/a/7/c/b/8/a7cb89b162bef409dad2b44a68d316a3f74cd0cbd61ee12dd7e14897
[2024-10-03T08:50:29.542+0000] {processor.py:183} INFO - Processing /opt/airflow/dags/.cache/pip/http/a/7/c/b/8/a7cb89b162bef409dad2b44a68d316a3f74cd0cbd61ee12dd7e14897 took 0.035 seconds
[2024-10-03T08:56:32.003+0000] {processor.py:161} INFO - Started process (PID=4414) to work on /opt/airflow/dags/.cache/pip/http/a/7/c/b/8/a7cb89b162bef409dad2b44a68d316a3f74cd0cbd61ee12dd7e14897
[2024-10-03T08:56:32.004+0000] {processor.py:830} INFO - Processing file /opt/airflow/dags/.cache/pip/http/a/7/c/b/8/a7cb89b162bef409dad2b44a68d316a3f74cd0cbd61ee12dd7e14897 for tasks to queue
[2024-10-03T08:56:32.005+0000] {logging_mixin.py:188} INFO - [2024-10-03T08:56:32.004+0000] {dagbag.py:545} INFO - Filling up the DagBag from /opt/airflow/dags/.cache/pip/http/a/7/c/b/8/a7cb89b162bef409dad2b44a68d316a3f74cd0cbd61ee12dd7e14897
[2024-10-03T08:56:32.038+0000] {processor.py:842} WARNING - No viable dags retrieved from /opt/airflow/dags/.cache/pip/http/a/7/c/b/8/a7cb89b162bef409dad2b44a68d316a3f74cd0cbd61ee12dd7e14897
[2024-10-03T08:56:32.049+0000] {processor.py:183} INFO - Processing /opt/airflow/dags/.cache/pip/http/a/7/c/b/8/a7cb89b162bef409dad2b44a68d316a3f74cd0cbd61ee12dd7e14897 took 0.051 seconds
[2024-10-03T08:57:03.957+0000] {processor.py:161} INFO - Started process (PID=4666) to work on /opt/airflow/dags/.cache/pip/http/a/7/c/b/8/a7cb89b162bef409dad2b44a68d316a3f74cd0cbd61ee12dd7e14897
[2024-10-03T08:57:03.958+0000] {processor.py:830} INFO - Processing file /opt/airflow/dags/.cache/pip/http/a/7/c/b/8/a7cb89b162bef409dad2b44a68d316a3f74cd0cbd61ee12dd7e14897 for tasks to queue
[2024-10-03T08:57:03.958+0000] {logging_mixin.py:188} INFO - [2024-10-03T08:57:03.958+0000] {dagbag.py:545} INFO - Filling up the DagBag from /opt/airflow/dags/.cache/pip/http/a/7/c/b/8/a7cb89b162bef409dad2b44a68d316a3f74cd0cbd61ee12dd7e14897
[2024-10-03T08:57:03.975+0000] {processor.py:842} WARNING - No viable dags retrieved from /opt/airflow/dags/.cache/pip/http/a/7/c/b/8/a7cb89b162bef409dad2b44a68d316a3f74cd0cbd61ee12dd7e14897
[2024-10-03T08:57:03.996+0000] {processor.py:183} INFO - Processing /opt/airflow/dags/.cache/pip/http/a/7/c/b/8/a7cb89b162bef409dad2b44a68d316a3f74cd0cbd61ee12dd7e14897 took 0.044 seconds
