[2024-10-03T08:40:54.667+0000] {local_task_job_runner.py:120} INFO - ::group::Pre task execution logs
[2024-10-03T08:40:54.680+0000] {taskinstance.py:2076} INFO - Dependencies all met for dep_context=non-requeueable deps ti=<TaskInstance: random_forest_classifier_dag.rfc_get_data scheduled__2024-10-02T01:00:00+00:00 [queued]>
[2024-10-03T08:40:54.687+0000] {taskinstance.py:2076} INFO - Dependencies all met for dep_context=requeueable deps ti=<TaskInstance: random_forest_classifier_dag.rfc_get_data scheduled__2024-10-02T01:00:00+00:00 [queued]>
[2024-10-03T08:40:54.687+0000] {taskinstance.py:2306} INFO - Starting attempt 1 of 1
[2024-10-03T08:40:54.699+0000] {taskinstance.py:2330} INFO - Executing <Task(PythonOperator): rfc_get_data> on 2024-10-02 01:00:00+00:00
[2024-10-03T08:40:54.706+0000] {standard_task_runner.py:64} INFO - Started process 424 to run task
[2024-10-03T08:40:54.709+0000] {standard_task_runner.py:90} INFO - Running: ['***', 'tasks', 'run', 'random_forest_classifier_dag', 'rfc_get_data', 'scheduled__2024-10-02T01:00:00+00:00', '--job-id', '751', '--raw', '--subdir', 'DAGS_FOLDER/***/dags/hw1.py', '--cfg-path', '/tmp/tmp6bus3v6z']
[2024-10-03T08:40:54.711+0000] {standard_task_runner.py:91} INFO - Job 751: Subtask rfc_get_data
[2024-10-03T08:40:54.747+0000] {task_command.py:426} INFO - Running <TaskInstance: random_forest_classifier_dag.rfc_get_data scheduled__2024-10-02T01:00:00+00:00 [running]> on host 4b5f1410d111
[2024-10-03T08:40:54.814+0000] {taskinstance.py:2648} INFO - Exporting env vars: AIRFLOW_CTX_DAG_EMAIL='alexvlg34@gmail.com' AIRFLOW_CTX_DAG_OWNER='Alex Trigolos' AIRFLOW_CTX_DAG_ID='random_forest_classifier_dag' AIRFLOW_CTX_TASK_ID='rfc_get_data' AIRFLOW_CTX_EXECUTION_DATE='2024-10-02T01:00:00+00:00' AIRFLOW_CTX_TRY_NUMBER='1' AIRFLOW_CTX_DAG_RUN_ID='scheduled__2024-10-02T01:00:00+00:00'
[2024-10-03T08:40:54.816+0000] {taskinstance.py:430} INFO - ::endgroup::
[2024-10-03T08:40:54.825+0000] {hw1.py:91} INFO - Get data...
[2024-10-03T08:40:55.379+0000] {base.py:84} INFO - Using connection ID 's3_connection' for task execution.
[2024-10-03T08:40:55.419+0000] {connection_wrapper.py:388} INFO - AWS Connection (conn_id='s3_connection', conn_type='aws') credentials retrieved from login and password.
[2024-10-03T08:40:56.107+0000] {hw1.py:103} INFO - Finish get data.
[2024-10-03T08:40:56.108+0000] {python.py:237} INFO - Done. Returned value was: None
[2024-10-03T08:40:56.108+0000] {taskinstance.py:441} INFO - ::group::Post task execution logs
[2024-10-03T08:40:56.117+0000] {taskinstance.py:1206} INFO - Marking task as SUCCESS. dag_id=random_forest_classifier_dag, task_id=rfc_get_data, run_id=scheduled__2024-10-02T01:00:00+00:00, execution_date=20241002T010000, start_date=20241003T084054, end_date=20241003T084056
[2024-10-03T08:40:56.168+0000] {local_task_job_runner.py:243} INFO - Task exited with return code 0
[2024-10-03T08:40:56.216+0000] {taskinstance.py:3503} INFO - 1 downstream tasks scheduled from follow-on schedule check
[2024-10-03T08:40:56.219+0000] {local_task_job_runner.py:222} INFO - ::endgroup::
