[2024-09-23T11:53:42.529+0000] {local_task_job_runner.py:120} INFO - ::group::Pre task execution logs
[2024-09-23T11:53:42.543+0000] {taskinstance.py:2076} INFO - Dependencies all met for dep_context=non-requeueable deps ti=<TaskInstance: train_dag.train_model manual__2024-09-23T11:53:35.294322+00:00 [queued]>
[2024-09-23T11:53:42.551+0000] {taskinstance.py:2076} INFO - Dependencies all met for dep_context=requeueable deps ti=<TaskInstance: train_dag.train_model manual__2024-09-23T11:53:35.294322+00:00 [queued]>
[2024-09-23T11:53:42.553+0000] {taskinstance.py:2306} INFO - Starting attempt 1 of 1
[2024-09-23T11:53:42.567+0000] {taskinstance.py:2330} INFO - Executing <Task(PythonOperator): train_model> on 2024-09-23 11:53:35.294322+00:00
[2024-09-23T11:53:42.575+0000] {standard_task_runner.py:64} INFO - Started process 11705 to run task
[2024-09-23T11:53:42.577+0000] {standard_task_runner.py:90} INFO - Running: ['***', 'tasks', 'run', 'train_dag', 'train_model', 'manual__2024-09-23T11:53:35.294322+00:00', '--job-id', '258', '--raw', '--subdir', 'DAGS_FOLDER/***/dags/.ipynb_checkpoints/train_dag-checkpoint.py', '--cfg-path', '/tmp/tmpoqudq92x']
[2024-09-23T11:53:42.580+0000] {standard_task_runner.py:91} INFO - Job 258: Subtask train_model
[2024-09-23T11:53:42.626+0000] {task_command.py:426} INFO - Running <TaskInstance: train_dag.train_model manual__2024-09-23T11:53:35.294322+00:00 [running]> on host 82997fc6deb7
[2024-09-23T11:53:42.704+0000] {taskinstance.py:2648} INFO - Exporting env vars: AIRFLOW_CTX_DAG_EMAIL='alexvlg34@gmail.com' AIRFLOW_CTX_DAG_OWNER='Alex Trigolos' AIRFLOW_CTX_DAG_ID='train_dag' AIRFLOW_CTX_TASK_ID='train_model' AIRFLOW_CTX_EXECUTION_DATE='2024-09-23T11:53:35.294322+00:00' AIRFLOW_CTX_TRY_NUMBER='1' AIRFLOW_CTX_DAG_RUN_ID='manual__2024-09-23T11:53:35.294322+00:00'
[2024-09-23T11:53:42.705+0000] {taskinstance.py:430} INFO - ::endgroup::
[2024-09-23T11:53:42.797+0000] {logging_mixin.py:188} INFO - Fitting 5 folds for each of 2 candidates, totalling 10 fits
[2024-09-23T11:53:42.879+0000] {logging_mixin.py:188} INFO - [CV] END ......................max_depth=1, n_estimators=100; total time=   0.1s
[2024-09-23T11:53:42.959+0000] {logging_mixin.py:188} INFO - [CV] END ......................max_depth=1, n_estimators=100; total time=   0.1s
[2024-09-23T11:53:43.042+0000] {logging_mixin.py:188} INFO - [CV] END ......................max_depth=1, n_estimators=100; total time=   0.1s
[2024-09-23T11:53:43.122+0000] {logging_mixin.py:188} INFO - [CV] END ......................max_depth=1, n_estimators=100; total time=   0.1s
[2024-09-23T11:53:43.201+0000] {logging_mixin.py:188} INFO - [CV] END ......................max_depth=1, n_estimators=100; total time=   0.1s
[2024-09-23T11:53:43.314+0000] {logging_mixin.py:188} INFO - [CV] END ......................max_depth=1, n_estimators=150; total time=   0.1s
[2024-09-23T11:53:43.429+0000] {logging_mixin.py:188} INFO - [CV] END ......................max_depth=1, n_estimators=150; total time=   0.1s
[2024-09-23T11:53:43.545+0000] {logging_mixin.py:188} INFO - [CV] END ......................max_depth=1, n_estimators=150; total time=   0.1s
[2024-09-23T11:53:43.662+0000] {logging_mixin.py:188} INFO - [CV] END ......................max_depth=1, n_estimators=150; total time=   0.1s
[2024-09-23T11:53:43.774+0000] {logging_mixin.py:188} INFO - [CV] END ......................max_depth=1, n_estimators=150; total time=   0.1s
[2024-09-23T11:53:43.925+0000] {python.py:237} INFO - Done. Returned value was: None
[2024-09-23T11:53:43.926+0000] {taskinstance.py:441} INFO - ::group::Post task execution logs
[2024-09-23T11:53:43.933+0000] {taskinstance.py:1206} INFO - Marking task as SUCCESS. dag_id=train_dag, task_id=train_model, run_id=manual__2024-09-23T11:53:35.294322+00:00, execution_date=20240923T115335, start_date=20240923T115342, end_date=20240923T115343
[2024-09-23T11:53:43.958+0000] {local_task_job_runner.py:243} INFO - Task exited with return code 0
[2024-09-23T11:53:43.977+0000] {taskinstance.py:3503} INFO - 1 downstream tasks scheduled from follow-on schedule check
[2024-09-23T11:53:43.982+0000] {local_task_job_runner.py:222} INFO - ::endgroup::
