[2024-09-24T20:22:08.611+0000] {processor.py:161} INFO - Started process (PID=410) to work on /opt/airflow/dags/.cache/pip/http/b/9/8/6/f/b986fbc0ffe9969f627aedc89f329be13ca674c0ead5bde7ae172c3d
[2024-09-24T20:22:08.613+0000] {processor.py:830} INFO - Processing file /opt/airflow/dags/.cache/pip/http/b/9/8/6/f/b986fbc0ffe9969f627aedc89f329be13ca674c0ead5bde7ae172c3d for tasks to queue
[2024-09-24T20:22:08.618+0000] {logging_mixin.py:188} INFO - [2024-09-24T20:22:08.617+0000] {dagbag.py:545} INFO - Filling up the DagBag from /opt/airflow/dags/.cache/pip/http/b/9/8/6/f/b986fbc0ffe9969f627aedc89f329be13ca674c0ead5bde7ae172c3d
[2024-09-24T20:22:08.663+0000] {processor.py:842} WARNING - No viable dags retrieved from /opt/airflow/dags/.cache/pip/http/b/9/8/6/f/b986fbc0ffe9969f627aedc89f329be13ca674c0ead5bde7ae172c3d
[2024-09-24T20:22:08.683+0000] {processor.py:183} INFO - Processing /opt/airflow/dags/.cache/pip/http/b/9/8/6/f/b986fbc0ffe9969f627aedc89f329be13ca674c0ead5bde7ae172c3d took 0.080 seconds
[2024-09-24T20:22:41.804+0000] {processor.py:161} INFO - Started process (PID=684) to work on /opt/airflow/dags/.cache/pip/http/b/9/8/6/f/b986fbc0ffe9969f627aedc89f329be13ca674c0ead5bde7ae172c3d
[2024-09-24T20:22:41.809+0000] {processor.py:830} INFO - Processing file /opt/airflow/dags/.cache/pip/http/b/9/8/6/f/b986fbc0ffe9969f627aedc89f329be13ca674c0ead5bde7ae172c3d for tasks to queue
[2024-09-24T20:22:41.814+0000] {logging_mixin.py:188} INFO - [2024-09-24T20:22:41.814+0000] {dagbag.py:545} INFO - Filling up the DagBag from /opt/airflow/dags/.cache/pip/http/b/9/8/6/f/b986fbc0ffe9969f627aedc89f329be13ca674c0ead5bde7ae172c3d
[2024-09-24T20:22:41.921+0000] {processor.py:842} WARNING - No viable dags retrieved from /opt/airflow/dags/.cache/pip/http/b/9/8/6/f/b986fbc0ffe9969f627aedc89f329be13ca674c0ead5bde7ae172c3d
[2024-09-24T20:22:41.948+0000] {processor.py:183} INFO - Processing /opt/airflow/dags/.cache/pip/http/b/9/8/6/f/b986fbc0ffe9969f627aedc89f329be13ca674c0ead5bde7ae172c3d took 0.156 seconds
[2024-09-24T20:27:56.593+0000] {processor.py:161} INFO - Started process (PID=414) to work on /opt/airflow/dags/.cache/pip/http/b/9/8/6/f/b986fbc0ffe9969f627aedc89f329be13ca674c0ead5bde7ae172c3d
[2024-09-24T20:27:56.594+0000] {processor.py:830} INFO - Processing file /opt/airflow/dags/.cache/pip/http/b/9/8/6/f/b986fbc0ffe9969f627aedc89f329be13ca674c0ead5bde7ae172c3d for tasks to queue
[2024-09-24T20:27:56.596+0000] {logging_mixin.py:188} INFO - [2024-09-24T20:27:56.595+0000] {dagbag.py:545} INFO - Filling up the DagBag from /opt/airflow/dags/.cache/pip/http/b/9/8/6/f/b986fbc0ffe9969f627aedc89f329be13ca674c0ead5bde7ae172c3d
[2024-09-24T20:27:56.625+0000] {processor.py:842} WARNING - No viable dags retrieved from /opt/airflow/dags/.cache/pip/http/b/9/8/6/f/b986fbc0ffe9969f627aedc89f329be13ca674c0ead5bde7ae172c3d
[2024-09-24T20:27:56.635+0000] {processor.py:183} INFO - Processing /opt/airflow/dags/.cache/pip/http/b/9/8/6/f/b986fbc0ffe9969f627aedc89f329be13ca674c0ead5bde7ae172c3d took 0.046 seconds
[2024-09-24T20:28:29.421+0000] {processor.py:161} INFO - Started process (PID=688) to work on /opt/airflow/dags/.cache/pip/http/b/9/8/6/f/b986fbc0ffe9969f627aedc89f329be13ca674c0ead5bde7ae172c3d
[2024-09-24T20:28:29.422+0000] {processor.py:830} INFO - Processing file /opt/airflow/dags/.cache/pip/http/b/9/8/6/f/b986fbc0ffe9969f627aedc89f329be13ca674c0ead5bde7ae172c3d for tasks to queue
[2024-09-24T20:28:29.423+0000] {logging_mixin.py:188} INFO - [2024-09-24T20:28:29.423+0000] {dagbag.py:545} INFO - Filling up the DagBag from /opt/airflow/dags/.cache/pip/http/b/9/8/6/f/b986fbc0ffe9969f627aedc89f329be13ca674c0ead5bde7ae172c3d
[2024-09-24T20:28:29.463+0000] {processor.py:842} WARNING - No viable dags retrieved from /opt/airflow/dags/.cache/pip/http/b/9/8/6/f/b986fbc0ffe9969f627aedc89f329be13ca674c0ead5bde7ae172c3d
[2024-09-24T20:28:29.474+0000] {processor.py:183} INFO - Processing /opt/airflow/dags/.cache/pip/http/b/9/8/6/f/b986fbc0ffe9969f627aedc89f329be13ca674c0ead5bde7ae172c3d took 0.057 seconds
[2024-09-24T20:29:01.511+0000] {processor.py:161} INFO - Started process (PID=962) to work on /opt/airflow/dags/.cache/pip/http/b/9/8/6/f/b986fbc0ffe9969f627aedc89f329be13ca674c0ead5bde7ae172c3d
[2024-09-24T20:29:01.511+0000] {processor.py:830} INFO - Processing file /opt/airflow/dags/.cache/pip/http/b/9/8/6/f/b986fbc0ffe9969f627aedc89f329be13ca674c0ead5bde7ae172c3d for tasks to queue
[2024-09-24T20:29:01.513+0000] {logging_mixin.py:188} INFO - [2024-09-24T20:29:01.512+0000] {dagbag.py:545} INFO - Filling up the DagBag from /opt/airflow/dags/.cache/pip/http/b/9/8/6/f/b986fbc0ffe9969f627aedc89f329be13ca674c0ead5bde7ae172c3d
[2024-09-24T20:29:01.530+0000] {processor.py:842} WARNING - No viable dags retrieved from /opt/airflow/dags/.cache/pip/http/b/9/8/6/f/b986fbc0ffe9969f627aedc89f329be13ca674c0ead5bde7ae172c3d
[2024-09-24T20:29:01.540+0000] {processor.py:183} INFO - Processing /opt/airflow/dags/.cache/pip/http/b/9/8/6/f/b986fbc0ffe9969f627aedc89f329be13ca674c0ead5bde7ae172c3d took 0.034 seconds
[2024-09-24T20:29:32.973+0000] {processor.py:161} INFO - Started process (PID=1236) to work on /opt/airflow/dags/.cache/pip/http/b/9/8/6/f/b986fbc0ffe9969f627aedc89f329be13ca674c0ead5bde7ae172c3d
[2024-09-24T20:29:32.973+0000] {processor.py:830} INFO - Processing file /opt/airflow/dags/.cache/pip/http/b/9/8/6/f/b986fbc0ffe9969f627aedc89f329be13ca674c0ead5bde7ae172c3d for tasks to queue
[2024-09-24T20:29:32.975+0000] {logging_mixin.py:188} INFO - [2024-09-24T20:29:32.974+0000] {dagbag.py:545} INFO - Filling up the DagBag from /opt/airflow/dags/.cache/pip/http/b/9/8/6/f/b986fbc0ffe9969f627aedc89f329be13ca674c0ead5bde7ae172c3d
[2024-09-24T20:29:33.029+0000] {processor.py:842} WARNING - No viable dags retrieved from /opt/airflow/dags/.cache/pip/http/b/9/8/6/f/b986fbc0ffe9969f627aedc89f329be13ca674c0ead5bde7ae172c3d
[2024-09-24T20:29:33.045+0000] {processor.py:183} INFO - Processing /opt/airflow/dags/.cache/pip/http/b/9/8/6/f/b986fbc0ffe9969f627aedc89f329be13ca674c0ead5bde7ae172c3d took 0.077 seconds
[2024-09-24T20:30:04.434+0000] {processor.py:161} INFO - Started process (PID=1512) to work on /opt/airflow/dags/.cache/pip/http/b/9/8/6/f/b986fbc0ffe9969f627aedc89f329be13ca674c0ead5bde7ae172c3d
[2024-09-24T20:30:04.434+0000] {processor.py:830} INFO - Processing file /opt/airflow/dags/.cache/pip/http/b/9/8/6/f/b986fbc0ffe9969f627aedc89f329be13ca674c0ead5bde7ae172c3d for tasks to queue
[2024-09-24T20:30:04.436+0000] {logging_mixin.py:188} INFO - [2024-09-24T20:30:04.435+0000] {dagbag.py:545} INFO - Filling up the DagBag from /opt/airflow/dags/.cache/pip/http/b/9/8/6/f/b986fbc0ffe9969f627aedc89f329be13ca674c0ead5bde7ae172c3d
[2024-09-24T20:30:04.455+0000] {processor.py:842} WARNING - No viable dags retrieved from /opt/airflow/dags/.cache/pip/http/b/9/8/6/f/b986fbc0ffe9969f627aedc89f329be13ca674c0ead5bde7ae172c3d
[2024-09-24T20:30:04.464+0000] {processor.py:183} INFO - Processing /opt/airflow/dags/.cache/pip/http/b/9/8/6/f/b986fbc0ffe9969f627aedc89f329be13ca674c0ead5bde7ae172c3d took 0.036 seconds
[2024-09-24T20:30:37.321+0000] {processor.py:161} INFO - Started process (PID=1784) to work on /opt/airflow/dags/.cache/pip/http/b/9/8/6/f/b986fbc0ffe9969f627aedc89f329be13ca674c0ead5bde7ae172c3d
[2024-09-24T20:30:37.321+0000] {processor.py:830} INFO - Processing file /opt/airflow/dags/.cache/pip/http/b/9/8/6/f/b986fbc0ffe9969f627aedc89f329be13ca674c0ead5bde7ae172c3d for tasks to queue
[2024-09-24T20:30:37.323+0000] {logging_mixin.py:188} INFO - [2024-09-24T20:30:37.322+0000] {dagbag.py:545} INFO - Filling up the DagBag from /opt/airflow/dags/.cache/pip/http/b/9/8/6/f/b986fbc0ffe9969f627aedc89f329be13ca674c0ead5bde7ae172c3d
[2024-09-24T20:30:37.344+0000] {processor.py:842} WARNING - No viable dags retrieved from /opt/airflow/dags/.cache/pip/http/b/9/8/6/f/b986fbc0ffe9969f627aedc89f329be13ca674c0ead5bde7ae172c3d
[2024-09-24T20:30:37.354+0000] {processor.py:183} INFO - Processing /opt/airflow/dags/.cache/pip/http/b/9/8/6/f/b986fbc0ffe9969f627aedc89f329be13ca674c0ead5bde7ae172c3d took 0.038 seconds
[2024-09-24T20:31:09.238+0000] {processor.py:161} INFO - Started process (PID=2058) to work on /opt/airflow/dags/.cache/pip/http/b/9/8/6/f/b986fbc0ffe9969f627aedc89f329be13ca674c0ead5bde7ae172c3d
[2024-09-24T20:31:09.239+0000] {processor.py:830} INFO - Processing file /opt/airflow/dags/.cache/pip/http/b/9/8/6/f/b986fbc0ffe9969f627aedc89f329be13ca674c0ead5bde7ae172c3d for tasks to queue
[2024-09-24T20:31:09.241+0000] {logging_mixin.py:188} INFO - [2024-09-24T20:31:09.240+0000] {dagbag.py:545} INFO - Filling up the DagBag from /opt/airflow/dags/.cache/pip/http/b/9/8/6/f/b986fbc0ffe9969f627aedc89f329be13ca674c0ead5bde7ae172c3d
[2024-09-24T20:31:09.391+0000] {processor.py:842} WARNING - No viable dags retrieved from /opt/airflow/dags/.cache/pip/http/b/9/8/6/f/b986fbc0ffe9969f627aedc89f329be13ca674c0ead5bde7ae172c3d
[2024-09-24T20:31:09.403+0000] {processor.py:183} INFO - Processing /opt/airflow/dags/.cache/pip/http/b/9/8/6/f/b986fbc0ffe9969f627aedc89f329be13ca674c0ead5bde7ae172c3d took 0.169 seconds
[2024-09-24T20:31:41.277+0000] {processor.py:161} INFO - Started process (PID=2331) to work on /opt/airflow/dags/.cache/pip/http/b/9/8/6/f/b986fbc0ffe9969f627aedc89f329be13ca674c0ead5bde7ae172c3d
[2024-09-24T20:31:41.277+0000] {processor.py:830} INFO - Processing file /opt/airflow/dags/.cache/pip/http/b/9/8/6/f/b986fbc0ffe9969f627aedc89f329be13ca674c0ead5bde7ae172c3d for tasks to queue
[2024-09-24T20:31:41.279+0000] {logging_mixin.py:188} INFO - [2024-09-24T20:31:41.279+0000] {dagbag.py:545} INFO - Filling up the DagBag from /opt/airflow/dags/.cache/pip/http/b/9/8/6/f/b986fbc0ffe9969f627aedc89f329be13ca674c0ead5bde7ae172c3d
[2024-09-24T20:31:41.332+0000] {processor.py:842} WARNING - No viable dags retrieved from /opt/airflow/dags/.cache/pip/http/b/9/8/6/f/b986fbc0ffe9969f627aedc89f329be13ca674c0ead5bde7ae172c3d
[2024-09-24T20:31:41.347+0000] {processor.py:183} INFO - Processing /opt/airflow/dags/.cache/pip/http/b/9/8/6/f/b986fbc0ffe9969f627aedc89f329be13ca674c0ead5bde7ae172c3d took 0.075 seconds
[2024-09-24T20:32:26.977+0000] {processor.py:161} INFO - Started process (PID=2611) to work on /opt/airflow/dags/.cache/pip/http/b/9/8/6/f/b986fbc0ffe9969f627aedc89f329be13ca674c0ead5bde7ae172c3d
[2024-09-24T20:32:26.978+0000] {processor.py:830} INFO - Processing file /opt/airflow/dags/.cache/pip/http/b/9/8/6/f/b986fbc0ffe9969f627aedc89f329be13ca674c0ead5bde7ae172c3d for tasks to queue
[2024-09-24T20:32:26.979+0000] {logging_mixin.py:188} INFO - [2024-09-24T20:32:26.979+0000] {dagbag.py:545} INFO - Filling up the DagBag from /opt/airflow/dags/.cache/pip/http/b/9/8/6/f/b986fbc0ffe9969f627aedc89f329be13ca674c0ead5bde7ae172c3d
[2024-09-24T20:32:27.036+0000] {processor.py:842} WARNING - No viable dags retrieved from /opt/airflow/dags/.cache/pip/http/b/9/8/6/f/b986fbc0ffe9969f627aedc89f329be13ca674c0ead5bde7ae172c3d
[2024-09-24T20:32:27.050+0000] {processor.py:183} INFO - Processing /opt/airflow/dags/.cache/pip/http/b/9/8/6/f/b986fbc0ffe9969f627aedc89f329be13ca674c0ead5bde7ae172c3d took 0.078 seconds
