[2024-10-02T19:44:52.024+0000] {local_task_job_runner.py:120} INFO - ::group::Pre task execution logs
[2024-10-02T19:44:52.045+0000] {taskinstance.py:2076} INFO - Dependencies all met for dep_context=non-requeueable deps ti=<TaskInstance: gradient_boosting_classifier_dag.gbc_get_data manual__2024-10-02T19:44:46.638528+00:00 [queued]>
[2024-10-02T19:44:52.058+0000] {taskinstance.py:2076} INFO - Dependencies all met for dep_context=requeueable deps ti=<TaskInstance: gradient_boosting_classifier_dag.gbc_get_data manual__2024-10-02T19:44:46.638528+00:00 [queued]>
[2024-10-02T19:44:52.060+0000] {taskinstance.py:2306} INFO - Starting attempt 1 of 1
[2024-10-02T19:44:52.080+0000] {taskinstance.py:2330} INFO - Executing <Task(PythonOperator): gbc_get_data> on 2024-10-02 19:44:46.638528+00:00
[2024-10-02T19:44:52.092+0000] {standard_task_runner.py:64} INFO - Started process 528 to run task
[2024-10-02T19:44:52.095+0000] {standard_task_runner.py:90} INFO - Running: ['***', 'tasks', 'run', 'gradient_boosting_classifier_dag', 'gbc_get_data', 'manual__2024-10-02T19:44:46.638528+00:00', '--job-id', '692', '--raw', '--subdir', 'DAGS_FOLDER/***/dags/.ipynb_checkpoints/hw1-checkpoint.py', '--cfg-path', '/tmp/tmprn2gn8um']
[2024-10-02T19:44:52.098+0000] {standard_task_runner.py:91} INFO - Job 692: Subtask gbc_get_data
[2024-10-02T19:44:52.156+0000] {task_command.py:426} INFO - Running <TaskInstance: gradient_boosting_classifier_dag.gbc_get_data manual__2024-10-02T19:44:46.638528+00:00 [running]> on host 4a8028d74b4f
[2024-10-02T19:44:52.262+0000] {taskinstance.py:2648} INFO - Exporting env vars: AIRFLOW_CTX_DAG_EMAIL='alexvlg34@gmail.com' AIRFLOW_CTX_DAG_OWNER='Alex Trigolos' AIRFLOW_CTX_DAG_ID='gradient_boosting_classifier_dag' AIRFLOW_CTX_TASK_ID='gbc_get_data' AIRFLOW_CTX_EXECUTION_DATE='2024-10-02T19:44:46.638528+00:00' AIRFLOW_CTX_TRY_NUMBER='1' AIRFLOW_CTX_DAG_RUN_ID='manual__2024-10-02T19:44:46.638528+00:00'
[2024-10-02T19:44:52.264+0000] {taskinstance.py:430} INFO - ::endgroup::
[2024-10-02T19:44:52.279+0000] {hw1-checkpoint.py:91} INFO - Get data...
[2024-10-02T19:44:53.902+0000] {base.py:84} INFO - Using connection ID 's3_connection' for task execution.
[2024-10-02T19:44:53.903+0000] {connection_wrapper.py:388} INFO - AWS Connection (conn_id='s3_connection', conn_type='aws') credentials retrieved from login and password.
[2024-10-02T19:44:54.830+0000] {hw1-checkpoint.py:103} INFO - Finish get data.
[2024-10-02T19:44:54.832+0000] {python.py:237} INFO - Done. Returned value was: None
[2024-10-02T19:44:54.833+0000] {taskinstance.py:441} INFO - ::group::Post task execution logs
[2024-10-02T19:44:54.846+0000] {taskinstance.py:1206} INFO - Marking task as SUCCESS. dag_id=gradient_boosting_classifier_dag, task_id=gbc_get_data, run_id=manual__2024-10-02T19:44:46.638528+00:00, execution_date=20241002T194446, start_date=20241002T194452, end_date=20241002T194454
[2024-10-02T19:44:54.926+0000] {local_task_job_runner.py:243} INFO - Task exited with return code 0
[2024-10-02T19:44:54.961+0000] {taskinstance.py:3503} INFO - 1 downstream tasks scheduled from follow-on schedule check
[2024-10-02T19:44:54.964+0000] {local_task_job_runner.py:222} INFO - ::endgroup::
