[2024-09-24T18:47:03.474+0000] {local_task_job_runner.py:120} INFO - ::group::Pre task execution logs
[2024-09-24T18:47:03.489+0000] {taskinstance.py:2076} INFO - Dependencies all met for dep_context=non-requeueable deps ti=<TaskInstance: decision_tree_classifier_dag.dtc_train_model manual__2024-09-24T18:46:54.456252+00:00 [queued]>
[2024-09-24T18:47:03.496+0000] {taskinstance.py:2076} INFO - Dependencies all met for dep_context=requeueable deps ti=<TaskInstance: decision_tree_classifier_dag.dtc_train_model manual__2024-09-24T18:46:54.456252+00:00 [queued]>
[2024-09-24T18:47:03.498+0000] {taskinstance.py:2306} INFO - Starting attempt 1 of 1
[2024-09-24T18:47:03.510+0000] {taskinstance.py:2330} INFO - Executing <Task(PythonOperator): dtc_train_model> on 2024-09-24 18:46:54.456252+00:00
[2024-09-24T18:47:03.518+0000] {standard_task_runner.py:64} INFO - Started process 46490 to run task
[2024-09-24T18:47:03.520+0000] {standard_task_runner.py:90} INFO - Running: ['***', 'tasks', 'run', 'decision_tree_classifier_dag', 'dtc_train_model', 'manual__2024-09-24T18:46:54.456252+00:00', '--job-id', '453', '--raw', '--subdir', 'DAGS_FOLDER/***/dags/.ipynb_checkpoints/hw1-checkpoint.py', '--cfg-path', '/tmp/tmpad74_n0y']
[2024-09-24T18:47:03.522+0000] {standard_task_runner.py:91} INFO - Job 453: Subtask dtc_train_model
[2024-09-24T18:47:03.566+0000] {task_command.py:426} INFO - Running <TaskInstance: decision_tree_classifier_dag.dtc_train_model manual__2024-09-24T18:46:54.456252+00:00 [running]> on host 82997fc6deb7
[2024-09-24T18:47:03.637+0000] {taskinstance.py:2648} INFO - Exporting env vars: AIRFLOW_CTX_DAG_EMAIL='alexvlg34@gmail.com' AIRFLOW_CTX_DAG_OWNER='Alex Trigolos' AIRFLOW_CTX_DAG_ID='decision_tree_classifier_dag' AIRFLOW_CTX_TASK_ID='dtc_train_model' AIRFLOW_CTX_EXECUTION_DATE='2024-09-24T18:46:54.456252+00:00' AIRFLOW_CTX_TRY_NUMBER='1' AIRFLOW_CTX_DAG_RUN_ID='manual__2024-09-24T18:46:54.456252+00:00'
[2024-09-24T18:47:03.638+0000] {taskinstance.py:430} INFO - ::endgroup::
[2024-09-24T18:47:03.646+0000] {hw1-checkpoint.py:127} INFO - Train model...
[2024-09-24T18:47:03.648+0000] {s3.py:1422} INFO - Downloading source S3 file from Bucket testmlops with path AlexTrigolos/DecisionTreeClassifier/datasets/X_train.pkl
[2024-09-24T18:47:03.655+0000] {base.py:84} INFO - Using connection ID 's3_connection' for task execution.
[2024-09-24T18:47:03.656+0000] {connection_wrapper.py:388} INFO - AWS Connection (conn_id='s3_connection', conn_type='aws') credentials retrieved from login and password.
[2024-09-24T18:47:03.986+0000] {hw1-checkpoint.py:53} INFO - /tmp/***_tmp_j8zf93ws
[2024-09-24T18:47:03.990+0000] {s3.py:1422} INFO - Downloading source S3 file from Bucket testmlops with path AlexTrigolos/DecisionTreeClassifier/datasets/X_test.pkl
[2024-09-24T18:47:03.998+0000] {base.py:84} INFO - Using connection ID 's3_connection' for task execution.
[2024-09-24T18:47:04.000+0000] {connection_wrapper.py:388} INFO - AWS Connection (conn_id='s3_connection', conn_type='aws') credentials retrieved from login and password.
[2024-09-24T18:47:04.172+0000] {hw1-checkpoint.py:53} INFO - /tmp/***_tmp_ikelmw_n
[2024-09-24T18:47:04.175+0000] {s3.py:1422} INFO - Downloading source S3 file from Bucket testmlops with path AlexTrigolos/DecisionTreeClassifier/datasets/y_train.pkl
[2024-09-24T18:47:04.182+0000] {base.py:84} INFO - Using connection ID 's3_connection' for task execution.
[2024-09-24T18:47:04.182+0000] {connection_wrapper.py:388} INFO - AWS Connection (conn_id='s3_connection', conn_type='aws') credentials retrieved from login and password.
[2024-09-24T18:47:04.340+0000] {hw1-checkpoint.py:53} INFO - /tmp/***_tmp_u1s7giy_
[2024-09-24T18:47:04.343+0000] {s3.py:1422} INFO - Downloading source S3 file from Bucket testmlops with path AlexTrigolos/DecisionTreeClassifier/datasets/y_test.pkl
[2024-09-24T18:47:04.350+0000] {base.py:84} INFO - Using connection ID 's3_connection' for task execution.
[2024-09-24T18:47:04.350+0000] {connection_wrapper.py:388} INFO - AWS Connection (conn_id='s3_connection', conn_type='aws') credentials retrieved from login and password.
[2024-09-24T18:47:04.761+0000] {hw1-checkpoint.py:53} INFO - /tmp/***_tmp_6x1901hy
[2024-09-24T18:47:04.767+0000] {logging_mixin.py:188} INFO - Fitting 5 folds for each of 4 candidates, totalling 20 fits
[2024-09-24T18:47:04.771+0000] {logging_mixin.py:188} INFO - [CV] END ................max_depth=None, min_samples_split=1; total time=   0.0s
[2024-09-24T18:47:04.772+0000] {logging_mixin.py:188} INFO - [CV] END ................max_depth=None, min_samples_split=1; total time=   0.0s
[2024-09-24T18:47:04.774+0000] {logging_mixin.py:188} INFO - [CV] END ................max_depth=None, min_samples_split=1; total time=   0.0s
[2024-09-24T18:47:04.775+0000] {logging_mixin.py:188} INFO - [CV] END ................max_depth=None, min_samples_split=1; total time=   0.0s
[2024-09-24T18:47:04.777+0000] {logging_mixin.py:188} INFO - [CV] END ................max_depth=None, min_samples_split=1; total time=   0.0s
[2024-09-24T18:47:04.783+0000] {logging_mixin.py:188} INFO - [CV] END ...............max_depth=None, min_samples_split=10; total time=   0.0s
[2024-09-24T18:47:04.787+0000] {logging_mixin.py:188} INFO - [CV] END ...............max_depth=None, min_samples_split=10; total time=   0.0s
[2024-09-24T18:47:04.792+0000] {logging_mixin.py:188} INFO - [CV] END ...............max_depth=None, min_samples_split=10; total time=   0.0s
[2024-09-24T18:47:04.797+0000] {logging_mixin.py:188} INFO - [CV] END ...............max_depth=None, min_samples_split=10; total time=   0.0s
[2024-09-24T18:47:04.801+0000] {logging_mixin.py:188} INFO - [CV] END ...............max_depth=None, min_samples_split=10; total time=   0.0s
[2024-09-24T18:47:04.803+0000] {logging_mixin.py:188} INFO - [CV] END ...................max_depth=1, min_samples_split=1; total time=   0.0s
[2024-09-24T18:47:04.804+0000] {logging_mixin.py:188} INFO - [CV] END ...................max_depth=1, min_samples_split=1; total time=   0.0s
[2024-09-24T18:47:04.807+0000] {logging_mixin.py:188} INFO - [CV] END ...................max_depth=1, min_samples_split=1; total time=   0.0s
[2024-09-24T18:47:04.808+0000] {logging_mixin.py:188} INFO - [CV] END ...................max_depth=1, min_samples_split=1; total time=   0.0s
[2024-09-24T18:47:04.810+0000] {logging_mixin.py:188} INFO - [CV] END ...................max_depth=1, min_samples_split=1; total time=   0.0s
[2024-09-24T18:47:04.814+0000] {logging_mixin.py:188} INFO - [CV] END ..................max_depth=1, min_samples_split=10; total time=   0.0s
[2024-09-24T18:47:04.818+0000] {logging_mixin.py:188} INFO - [CV] END ..................max_depth=1, min_samples_split=10; total time=   0.0s
[2024-09-24T18:47:04.824+0000] {logging_mixin.py:188} INFO - [CV] END ..................max_depth=1, min_samples_split=10; total time=   0.0s
[2024-09-24T18:47:04.827+0000] {logging_mixin.py:188} INFO - [CV] END ..................max_depth=1, min_samples_split=10; total time=   0.0s
[2024-09-24T18:47:04.831+0000] {logging_mixin.py:188} INFO - [CV] END ..................max_depth=1, min_samples_split=10; total time=   0.0s
[2024-09-24T18:47:04.838+0000] {logging_mixin.py:188} WARNING - /home/***/.local/lib/python3.10/site-packages/sklearn/model_selection/_validation.py:540 FitFailedWarning:
10 fits failed out of a total of 20.
The score on these train-test partitions for these parameters will be set to nan.
If these failures are not expected, you can try to debug them by setting error_score='raise'.

Below are more details about the failures:
--------------------------------------------------------------------------------
10 fits failed with the following error:
Traceback (most recent call last):
  File "/home/***/.local/lib/python3.10/site-packages/sklearn/model_selection/_validation.py", line 888, in _fit_and_score
    estimator.fit(X_train, y_train, **fit_params)
  File "/home/***/.local/lib/python3.10/site-packages/sklearn/base.py", line 1466, in wrapper
    estimator._validate_params()
  File "/home/***/.local/lib/python3.10/site-packages/sklearn/base.py", line 666, in _validate_params
    validate_parameter_constraints(
  File "/home/***/.local/lib/python3.10/site-packages/sklearn/utils/_param_validation.py", line 95, in validate_parameter_constraints
    raise InvalidParameterError(
sklearn.utils._param_validation.InvalidParameterError: The 'min_samples_split' parameter of DecisionTreeClassifier must be an int in the range [2, inf) or a float in the range (0.0, 1.0]. Got 1 instead.
[2024-09-24T18:47:04.842+0000] {logging_mixin.py:188} WARNING - /home/***/.local/lib/python3.10/site-packages/sklearn/model_selection/_search.py:1102 UserWarning: One or more of the test scores are non-finite: [      nan 0.786536        nan 0.7878755]
[2024-09-24T18:47:04.913+0000] {hw1-checkpoint.py:197} INFO - Finish model train.
[2024-09-24T18:47:04.914+0000] {python.py:237} INFO - Done. Returned value was: None
[2024-09-24T18:47:04.915+0000] {taskinstance.py:441} INFO - ::group::Post task execution logs
[2024-09-24T18:47:04.926+0000] {taskinstance.py:1206} INFO - Marking task as SUCCESS. dag_id=decision_tree_classifier_dag, task_id=dtc_train_model, run_id=manual__2024-09-24T18:46:54.456252+00:00, execution_date=20240924T184654, start_date=20240924T184703, end_date=20240924T184704
[2024-09-24T18:47:04.980+0000] {local_task_job_runner.py:243} INFO - Task exited with return code 0
[2024-09-24T18:47:04.999+0000] {taskinstance.py:3503} INFO - 1 downstream tasks scheduled from follow-on schedule check
[2024-09-24T18:47:05.003+0000] {local_task_job_runner.py:222} INFO - ::endgroup::
