[2024-10-04T12:02:48.321+0000] {local_task_job_runner.py:120} INFO - ::group::Pre task execution logs
[2024-10-04T12:02:48.340+0000] {taskinstance.py:2076} INFO - Dependencies all met for dep_context=non-requeueable deps ti=<TaskInstance: Alex_Trigolos.task_get_data manual__2024-10-04T12:02:41.902399+00:00 [queued]>
[2024-10-04T12:02:48.351+0000] {taskinstance.py:2076} INFO - Dependencies all met for dep_context=requeueable deps ti=<TaskInstance: Alex_Trigolos.task_get_data manual__2024-10-04T12:02:41.902399+00:00 [queued]>
[2024-10-04T12:02:48.353+0000] {taskinstance.py:2306} INFO - Starting attempt 1 of 1
[2024-10-04T12:02:48.373+0000] {taskinstance.py:2330} INFO - Executing <Task(PythonOperator): task_get_data> on 2024-10-04 12:02:41.902399+00:00
[2024-10-04T12:02:48.386+0000] {standard_task_runner.py:64} INFO - Started process 57096 to run task
[2024-10-04T12:02:48.389+0000] {standard_task_runner.py:90} INFO - Running: ['***', 'tasks', 'run', 'Alex_Trigolos', 'task_get_data', 'manual__2024-10-04T12:02:41.902399+00:00', '--job-id', '815', '--raw', '--subdir', 'DAGS_FOLDER/***/dags/.ipynb_checkpoints/project-checkpoint.py', '--cfg-path', '/tmp/tmp9d9bkojb']
[2024-10-04T12:02:48.392+0000] {standard_task_runner.py:91} INFO - Job 815: Subtask task_get_data
[2024-10-04T12:02:48.448+0000] {task_command.py:426} INFO - Running <TaskInstance: Alex_Trigolos.task_get_data manual__2024-10-04T12:02:41.902399+00:00 [running]> on host 4b5f1410d111
[2024-10-04T12:02:48.535+0000] {taskinstance.py:2648} INFO - Exporting env vars: AIRFLOW_CTX_DAG_EMAIL='alexvlg34@gmail.com' AIRFLOW_CTX_DAG_OWNER='Alex Trigolos' AIRFLOW_CTX_DAG_ID='Alex_Trigolos' AIRFLOW_CTX_TASK_ID='task_get_data' AIRFLOW_CTX_EXECUTION_DATE='2024-10-04T12:02:41.902399+00:00' AIRFLOW_CTX_TRY_NUMBER='1' AIRFLOW_CTX_DAG_RUN_ID='manual__2024-10-04T12:02:41.902399+00:00'
[2024-10-04T12:02:48.536+0000] {taskinstance.py:430} INFO - ::endgroup::
[2024-10-04T12:02:48.550+0000] {project-checkpoint.py:116} INFO - Get data...
[2024-10-04T12:02:48.753+0000] {base.py:84} INFO - Using connection ID 's3_connection' for task execution.
[2024-10-04T12:02:48.756+0000] {connection_wrapper.py:388} INFO - AWS Connection (conn_id='s3_connection', conn_type='aws') credentials retrieved from login and password.
[2024-10-04T12:02:49.270+0000] {project-checkpoint.py:128} INFO - Finish get data.
[2024-10-04T12:02:49.271+0000] {python.py:237} INFO - Done. Returned value was: None
[2024-10-04T12:02:49.271+0000] {taskinstance.py:441} INFO - ::group::Post task execution logs
[2024-10-04T12:02:49.283+0000] {taskinstance.py:1206} INFO - Marking task as SUCCESS. dag_id=Alex_Trigolos, task_id=task_get_data, run_id=manual__2024-10-04T12:02:41.902399+00:00, execution_date=20241004T120241, start_date=20241004T120248, end_date=20241004T120249
[2024-10-04T12:02:49.327+0000] {local_task_job_runner.py:243} INFO - Task exited with return code 0
[2024-10-04T12:02:49.356+0000] {taskinstance.py:3503} INFO - 1 downstream tasks scheduled from follow-on schedule check
[2024-10-04T12:02:49.359+0000] {local_task_job_runner.py:222} INFO - ::endgroup::
