[2024-09-22T16:41:23.193+0000] {local_task_job_runner.py:120} INFO - ::group::Pre task execution logs
[2024-09-22T16:41:23.223+0000] {taskinstance.py:2076} INFO - Dependencies all met for dep_context=non-requeueable deps ti=<TaskInstance: train_dag.train_model manual__2024-09-22T16:41:12.001627+00:00 [queued]>
[2024-09-22T16:41:23.238+0000] {taskinstance.py:2076} INFO - Dependencies all met for dep_context=requeueable deps ti=<TaskInstance: train_dag.train_model manual__2024-09-22T16:41:12.001627+00:00 [queued]>
[2024-09-22T16:41:23.242+0000] {taskinstance.py:2306} INFO - Starting attempt 1 of 1
[2024-09-22T16:41:23.263+0000] {taskinstance.py:2330} INFO - Executing <Task(PythonOperator): train_model> on 2024-09-22 16:41:12.001627+00:00
[2024-09-22T16:41:23.276+0000] {standard_task_runner.py:64} INFO - Started process 96460 to run task
[2024-09-22T16:41:23.284+0000] {standard_task_runner.py:90} INFO - Running: ['***', 'tasks', 'run', 'train_dag', 'train_model', 'manual__2024-09-22T16:41:12.001627+00:00', '--job-id', '90', '--raw', '--subdir', 'DAGS_FOLDER/***/dags/.ipynb_checkpoints/train_dag-checkpoint.py', '--cfg-path', '/tmp/tmp8u2ryh3q']
[2024-09-22T16:41:23.288+0000] {standard_task_runner.py:91} INFO - Job 90: Subtask train_model
[2024-09-22T16:41:23.361+0000] {task_command.py:426} INFO - Running <TaskInstance: train_dag.train_model manual__2024-09-22T16:41:12.001627+00:00 [running]> on host 7264ce263e34
[2024-09-22T16:41:23.473+0000] {taskinstance.py:2648} INFO - Exporting env vars: AIRFLOW_CTX_DAG_EMAIL='alexvlg34@gmail.com' AIRFLOW_CTX_DAG_OWNER='Alex Trigolos' AIRFLOW_CTX_DAG_ID='train_dag' AIRFLOW_CTX_TASK_ID='train_model' AIRFLOW_CTX_EXECUTION_DATE='2024-09-22T16:41:12.001627+00:00' AIRFLOW_CTX_TRY_NUMBER='1' AIRFLOW_CTX_DAG_RUN_ID='manual__2024-09-22T16:41:12.001627+00:00'
[2024-09-22T16:41:23.477+0000] {taskinstance.py:430} INFO - ::endgroup::
[2024-09-22T16:41:23.622+0000] {logging_mixin.py:188} INFO - Fitting 5 folds for each of 2 candidates, totalling 10 fits
[2024-09-22T16:41:23.790+0000] {logging_mixin.py:188} INFO - [CV] END ......................max_depth=1, n_estimators=100; total time=   0.2s
[2024-09-22T16:41:23.973+0000] {logging_mixin.py:188} INFO - [CV] END ......................max_depth=1, n_estimators=100; total time=   0.2s
[2024-09-22T16:41:24.147+0000] {logging_mixin.py:188} INFO - [CV] END ......................max_depth=1, n_estimators=100; total time=   0.2s
[2024-09-22T16:41:24.325+0000] {logging_mixin.py:188} INFO - [CV] END ......................max_depth=1, n_estimators=100; total time=   0.2s
[2024-09-22T16:41:24.482+0000] {logging_mixin.py:188} INFO - [CV] END ......................max_depth=1, n_estimators=100; total time=   0.2s
[2024-09-22T16:41:24.737+0000] {logging_mixin.py:188} INFO - [CV] END ......................max_depth=1, n_estimators=150; total time=   0.3s
[2024-09-22T16:41:24.962+0000] {logging_mixin.py:188} INFO - [CV] END ......................max_depth=1, n_estimators=150; total time=   0.2s
[2024-09-22T16:41:25.184+0000] {logging_mixin.py:188} INFO - [CV] END ......................max_depth=1, n_estimators=150; total time=   0.2s
[2024-09-22T16:41:25.413+0000] {logging_mixin.py:188} INFO - [CV] END ......................max_depth=1, n_estimators=150; total time=   0.2s
[2024-09-22T16:41:25.648+0000] {logging_mixin.py:188} INFO - [CV] END ......................max_depth=1, n_estimators=150; total time=   0.2s
[2024-09-22T16:41:26.016+0000] {python.py:237} INFO - Done. Returned value was: None
[2024-09-22T16:41:26.018+0000] {taskinstance.py:441} INFO - ::group::Post task execution logs
[2024-09-22T16:41:26.031+0000] {taskinstance.py:1206} INFO - Marking task as SUCCESS. dag_id=train_dag, task_id=train_model, run_id=manual__2024-09-22T16:41:12.001627+00:00, execution_date=20240922T164112, start_date=20240922T164123, end_date=20240922T164126
[2024-09-22T16:41:26.075+0000] {local_task_job_runner.py:243} INFO - Task exited with return code 0
[2024-09-22T16:41:26.114+0000] {taskinstance.py:3503} INFO - 1 downstream tasks scheduled from follow-on schedule check
[2024-09-22T16:41:26.117+0000] {local_task_job_runner.py:222} INFO - ::endgroup::
