[2024-09-24T20:22:12.717+0000] {processor.py:161} INFO - Started process (PID=477) to work on /opt/airflow/dags/.cache/pip/http/2/8/5/6/2/2856212ad6c675e9dba78112bd5b6d2fba2cf15d2170e9d2f2dfce81
[2024-09-24T20:22:12.723+0000] {processor.py:830} INFO - Processing file /opt/airflow/dags/.cache/pip/http/2/8/5/6/2/2856212ad6c675e9dba78112bd5b6d2fba2cf15d2170e9d2f2dfce81 for tasks to queue
[2024-09-24T20:22:12.736+0000] {logging_mixin.py:188} INFO - [2024-09-24T20:22:12.736+0000] {dagbag.py:545} INFO - Filling up the DagBag from /opt/airflow/dags/.cache/pip/http/2/8/5/6/2/2856212ad6c675e9dba78112bd5b6d2fba2cf15d2170e9d2f2dfce81
[2024-09-24T20:22:12.872+0000] {processor.py:842} WARNING - No viable dags retrieved from /opt/airflow/dags/.cache/pip/http/2/8/5/6/2/2856212ad6c675e9dba78112bd5b6d2fba2cf15d2170e9d2f2dfce81
[2024-09-24T20:22:12.897+0000] {processor.py:183} INFO - Processing /opt/airflow/dags/.cache/pip/http/2/8/5/6/2/2856212ad6c675e9dba78112bd5b6d2fba2cf15d2170e9d2f2dfce81 took 0.193 seconds
[2024-09-24T20:22:46.667+0000] {processor.py:161} INFO - Started process (PID=751) to work on /opt/airflow/dags/.cache/pip/http/2/8/5/6/2/2856212ad6c675e9dba78112bd5b6d2fba2cf15d2170e9d2f2dfce81
[2024-09-24T20:22:46.669+0000] {processor.py:830} INFO - Processing file /opt/airflow/dags/.cache/pip/http/2/8/5/6/2/2856212ad6c675e9dba78112bd5b6d2fba2cf15d2170e9d2f2dfce81 for tasks to queue
[2024-09-24T20:22:46.676+0000] {logging_mixin.py:188} INFO - [2024-09-24T20:22:46.675+0000] {dagbag.py:545} INFO - Filling up the DagBag from /opt/airflow/dags/.cache/pip/http/2/8/5/6/2/2856212ad6c675e9dba78112bd5b6d2fba2cf15d2170e9d2f2dfce81
[2024-09-24T20:22:46.792+0000] {processor.py:842} WARNING - No viable dags retrieved from /opt/airflow/dags/.cache/pip/http/2/8/5/6/2/2856212ad6c675e9dba78112bd5b6d2fba2cf15d2170e9d2f2dfce81
[2024-09-24T20:22:46.805+0000] {processor.py:183} INFO - Processing /opt/airflow/dags/.cache/pip/http/2/8/5/6/2/2856212ad6c675e9dba78112bd5b6d2fba2cf15d2170e9d2f2dfce81 took 0.146 seconds
[2024-09-24T20:27:57.974+0000] {processor.py:161} INFO - Started process (PID=481) to work on /opt/airflow/dags/.cache/pip/http/2/8/5/6/2/2856212ad6c675e9dba78112bd5b6d2fba2cf15d2170e9d2f2dfce81
[2024-09-24T20:27:57.975+0000] {processor.py:830} INFO - Processing file /opt/airflow/dags/.cache/pip/http/2/8/5/6/2/2856212ad6c675e9dba78112bd5b6d2fba2cf15d2170e9d2f2dfce81 for tasks to queue
[2024-09-24T20:27:57.976+0000] {logging_mixin.py:188} INFO - [2024-09-24T20:27:57.976+0000] {dagbag.py:545} INFO - Filling up the DagBag from /opt/airflow/dags/.cache/pip/http/2/8/5/6/2/2856212ad6c675e9dba78112bd5b6d2fba2cf15d2170e9d2f2dfce81
[2024-09-24T20:27:57.990+0000] {processor.py:842} WARNING - No viable dags retrieved from /opt/airflow/dags/.cache/pip/http/2/8/5/6/2/2856212ad6c675e9dba78112bd5b6d2fba2cf15d2170e9d2f2dfce81
[2024-09-24T20:27:57.999+0000] {processor.py:183} INFO - Processing /opt/airflow/dags/.cache/pip/http/2/8/5/6/2/2856212ad6c675e9dba78112bd5b6d2fba2cf15d2170e9d2f2dfce81 took 0.029 seconds
[2024-09-24T20:28:30.948+0000] {processor.py:161} INFO - Started process (PID=755) to work on /opt/airflow/dags/.cache/pip/http/2/8/5/6/2/2856212ad6c675e9dba78112bd5b6d2fba2cf15d2170e9d2f2dfce81
[2024-09-24T20:28:30.949+0000] {processor.py:830} INFO - Processing file /opt/airflow/dags/.cache/pip/http/2/8/5/6/2/2856212ad6c675e9dba78112bd5b6d2fba2cf15d2170e9d2f2dfce81 for tasks to queue
[2024-09-24T20:28:30.950+0000] {logging_mixin.py:188} INFO - [2024-09-24T20:28:30.950+0000] {dagbag.py:545} INFO - Filling up the DagBag from /opt/airflow/dags/.cache/pip/http/2/8/5/6/2/2856212ad6c675e9dba78112bd5b6d2fba2cf15d2170e9d2f2dfce81
[2024-09-24T20:28:30.965+0000] {processor.py:842} WARNING - No viable dags retrieved from /opt/airflow/dags/.cache/pip/http/2/8/5/6/2/2856212ad6c675e9dba78112bd5b6d2fba2cf15d2170e9d2f2dfce81
[2024-09-24T20:28:30.975+0000] {processor.py:183} INFO - Processing /opt/airflow/dags/.cache/pip/http/2/8/5/6/2/2856212ad6c675e9dba78112bd5b6d2fba2cf15d2170e9d2f2dfce81 took 0.032 seconds
[2024-09-24T20:29:03.025+0000] {processor.py:161} INFO - Started process (PID=1029) to work on /opt/airflow/dags/.cache/pip/http/2/8/5/6/2/2856212ad6c675e9dba78112bd5b6d2fba2cf15d2170e9d2f2dfce81
[2024-09-24T20:29:03.026+0000] {processor.py:830} INFO - Processing file /opt/airflow/dags/.cache/pip/http/2/8/5/6/2/2856212ad6c675e9dba78112bd5b6d2fba2cf15d2170e9d2f2dfce81 for tasks to queue
[2024-09-24T20:29:03.028+0000] {logging_mixin.py:188} INFO - [2024-09-24T20:29:03.027+0000] {dagbag.py:545} INFO - Filling up the DagBag from /opt/airflow/dags/.cache/pip/http/2/8/5/6/2/2856212ad6c675e9dba78112bd5b6d2fba2cf15d2170e9d2f2dfce81
[2024-09-24T20:29:03.044+0000] {processor.py:842} WARNING - No viable dags retrieved from /opt/airflow/dags/.cache/pip/http/2/8/5/6/2/2856212ad6c675e9dba78112bd5b6d2fba2cf15d2170e9d2f2dfce81
[2024-09-24T20:29:03.054+0000] {processor.py:183} INFO - Processing /opt/airflow/dags/.cache/pip/http/2/8/5/6/2/2856212ad6c675e9dba78112bd5b6d2fba2cf15d2170e9d2f2dfce81 took 0.033 seconds
[2024-09-24T20:29:34.680+0000] {processor.py:161} INFO - Started process (PID=1303) to work on /opt/airflow/dags/.cache/pip/http/2/8/5/6/2/2856212ad6c675e9dba78112bd5b6d2fba2cf15d2170e9d2f2dfce81
[2024-09-24T20:29:34.681+0000] {processor.py:830} INFO - Processing file /opt/airflow/dags/.cache/pip/http/2/8/5/6/2/2856212ad6c675e9dba78112bd5b6d2fba2cf15d2170e9d2f2dfce81 for tasks to queue
[2024-09-24T20:29:34.683+0000] {logging_mixin.py:188} INFO - [2024-09-24T20:29:34.683+0000] {dagbag.py:545} INFO - Filling up the DagBag from /opt/airflow/dags/.cache/pip/http/2/8/5/6/2/2856212ad6c675e9dba78112bd5b6d2fba2cf15d2170e9d2f2dfce81
[2024-09-24T20:29:34.703+0000] {processor.py:842} WARNING - No viable dags retrieved from /opt/airflow/dags/.cache/pip/http/2/8/5/6/2/2856212ad6c675e9dba78112bd5b6d2fba2cf15d2170e9d2f2dfce81
[2024-09-24T20:29:34.713+0000] {processor.py:183} INFO - Processing /opt/airflow/dags/.cache/pip/http/2/8/5/6/2/2856212ad6c675e9dba78112bd5b6d2fba2cf15d2170e9d2f2dfce81 took 0.041 seconds
[2024-09-24T20:30:05.945+0000] {processor.py:161} INFO - Started process (PID=1577) to work on /opt/airflow/dags/.cache/pip/http/2/8/5/6/2/2856212ad6c675e9dba78112bd5b6d2fba2cf15d2170e9d2f2dfce81
[2024-09-24T20:30:05.946+0000] {processor.py:830} INFO - Processing file /opt/airflow/dags/.cache/pip/http/2/8/5/6/2/2856212ad6c675e9dba78112bd5b6d2fba2cf15d2170e9d2f2dfce81 for tasks to queue
[2024-09-24T20:30:05.947+0000] {logging_mixin.py:188} INFO - [2024-09-24T20:30:05.947+0000] {dagbag.py:545} INFO - Filling up the DagBag from /opt/airflow/dags/.cache/pip/http/2/8/5/6/2/2856212ad6c675e9dba78112bd5b6d2fba2cf15d2170e9d2f2dfce81
[2024-09-24T20:30:05.975+0000] {processor.py:842} WARNING - No viable dags retrieved from /opt/airflow/dags/.cache/pip/http/2/8/5/6/2/2856212ad6c675e9dba78112bd5b6d2fba2cf15d2170e9d2f2dfce81
[2024-09-24T20:30:05.986+0000] {processor.py:183} INFO - Processing /opt/airflow/dags/.cache/pip/http/2/8/5/6/2/2856212ad6c675e9dba78112bd5b6d2fba2cf15d2170e9d2f2dfce81 took 0.045 seconds
[2024-09-24T20:30:38.577+0000] {processor.py:161} INFO - Started process (PID=1851) to work on /opt/airflow/dags/.cache/pip/http/2/8/5/6/2/2856212ad6c675e9dba78112bd5b6d2fba2cf15d2170e9d2f2dfce81
[2024-09-24T20:30:38.578+0000] {processor.py:830} INFO - Processing file /opt/airflow/dags/.cache/pip/http/2/8/5/6/2/2856212ad6c675e9dba78112bd5b6d2fba2cf15d2170e9d2f2dfce81 for tasks to queue
[2024-09-24T20:30:38.579+0000] {logging_mixin.py:188} INFO - [2024-09-24T20:30:38.579+0000] {dagbag.py:545} INFO - Filling up the DagBag from /opt/airflow/dags/.cache/pip/http/2/8/5/6/2/2856212ad6c675e9dba78112bd5b6d2fba2cf15d2170e9d2f2dfce81
[2024-09-24T20:30:38.597+0000] {processor.py:842} WARNING - No viable dags retrieved from /opt/airflow/dags/.cache/pip/http/2/8/5/6/2/2856212ad6c675e9dba78112bd5b6d2fba2cf15d2170e9d2f2dfce81
[2024-09-24T20:30:38.607+0000] {processor.py:183} INFO - Processing /opt/airflow/dags/.cache/pip/http/2/8/5/6/2/2856212ad6c675e9dba78112bd5b6d2fba2cf15d2170e9d2f2dfce81 took 0.035 seconds
[2024-09-24T20:31:10.783+0000] {processor.py:161} INFO - Started process (PID=2125) to work on /opt/airflow/dags/.cache/pip/http/2/8/5/6/2/2856212ad6c675e9dba78112bd5b6d2fba2cf15d2170e9d2f2dfce81
[2024-09-24T20:31:10.784+0000] {processor.py:830} INFO - Processing file /opt/airflow/dags/.cache/pip/http/2/8/5/6/2/2856212ad6c675e9dba78112bd5b6d2fba2cf15d2170e9d2f2dfce81 for tasks to queue
[2024-09-24T20:31:10.786+0000] {logging_mixin.py:188} INFO - [2024-09-24T20:31:10.785+0000] {dagbag.py:545} INFO - Filling up the DagBag from /opt/airflow/dags/.cache/pip/http/2/8/5/6/2/2856212ad6c675e9dba78112bd5b6d2fba2cf15d2170e9d2f2dfce81
[2024-09-24T20:31:10.802+0000] {processor.py:842} WARNING - No viable dags retrieved from /opt/airflow/dags/.cache/pip/http/2/8/5/6/2/2856212ad6c675e9dba78112bd5b6d2fba2cf15d2170e9d2f2dfce81
[2024-09-24T20:31:10.811+0000] {processor.py:183} INFO - Processing /opt/airflow/dags/.cache/pip/http/2/8/5/6/2/2856212ad6c675e9dba78112bd5b6d2fba2cf15d2170e9d2f2dfce81 took 0.033 seconds
[2024-09-24T20:31:42.799+0000] {processor.py:161} INFO - Started process (PID=2398) to work on /opt/airflow/dags/.cache/pip/http/2/8/5/6/2/2856212ad6c675e9dba78112bd5b6d2fba2cf15d2170e9d2f2dfce81
[2024-09-24T20:31:42.800+0000] {processor.py:830} INFO - Processing file /opt/airflow/dags/.cache/pip/http/2/8/5/6/2/2856212ad6c675e9dba78112bd5b6d2fba2cf15d2170e9d2f2dfce81 for tasks to queue
[2024-09-24T20:31:42.802+0000] {logging_mixin.py:188} INFO - [2024-09-24T20:31:42.802+0000] {dagbag.py:545} INFO - Filling up the DagBag from /opt/airflow/dags/.cache/pip/http/2/8/5/6/2/2856212ad6c675e9dba78112bd5b6d2fba2cf15d2170e9d2f2dfce81
[2024-09-24T20:31:42.818+0000] {processor.py:842} WARNING - No viable dags retrieved from /opt/airflow/dags/.cache/pip/http/2/8/5/6/2/2856212ad6c675e9dba78112bd5b6d2fba2cf15d2170e9d2f2dfce81
[2024-09-24T20:31:42.828+0000] {processor.py:183} INFO - Processing /opt/airflow/dags/.cache/pip/http/2/8/5/6/2/2856212ad6c675e9dba78112bd5b6d2fba2cf15d2170e9d2f2dfce81 took 0.033 seconds
[2024-09-24T20:32:28.987+0000] {processor.py:161} INFO - Started process (PID=2678) to work on /opt/airflow/dags/.cache/pip/http/2/8/5/6/2/2856212ad6c675e9dba78112bd5b6d2fba2cf15d2170e9d2f2dfce81
[2024-09-24T20:32:28.988+0000] {processor.py:830} INFO - Processing file /opt/airflow/dags/.cache/pip/http/2/8/5/6/2/2856212ad6c675e9dba78112bd5b6d2fba2cf15d2170e9d2f2dfce81 for tasks to queue
[2024-09-24T20:32:28.989+0000] {logging_mixin.py:188} INFO - [2024-09-24T20:32:28.989+0000] {dagbag.py:545} INFO - Filling up the DagBag from /opt/airflow/dags/.cache/pip/http/2/8/5/6/2/2856212ad6c675e9dba78112bd5b6d2fba2cf15d2170e9d2f2dfce81
[2024-09-24T20:32:29.005+0000] {processor.py:842} WARNING - No viable dags retrieved from /opt/airflow/dags/.cache/pip/http/2/8/5/6/2/2856212ad6c675e9dba78112bd5b6d2fba2cf15d2170e9d2f2dfce81
[2024-09-24T20:32:29.014+0000] {processor.py:183} INFO - Processing /opt/airflow/dags/.cache/pip/http/2/8/5/6/2/2856212ad6c675e9dba78112bd5b6d2fba2cf15d2170e9d2f2dfce81 took 0.031 seconds
