[2024-09-24T15:42:49.563+0000] {local_task_job_runner.py:120} INFO - ::group::Pre task execution logs
[2024-09-24T15:42:49.584+0000] {taskinstance.py:2076} INFO - Dependencies all met for dep_context=non-requeueable deps ti=<TaskInstance: train.download_data scheduled__2024-09-23T01:00:00+00:00 [queued]>
[2024-09-24T15:42:49.600+0000] {taskinstance.py:2076} INFO - Dependencies all met for dep_context=requeueable deps ti=<TaskInstance: train.download_data scheduled__2024-09-23T01:00:00+00:00 [queued]>
[2024-09-24T15:42:49.602+0000] {taskinstance.py:2306} INFO - Starting attempt 1 of 1
[2024-09-24T15:42:49.621+0000] {taskinstance.py:2330} INFO - Executing <Task(PythonOperator): download_data> on 2024-09-23 01:00:00+00:00
[2024-09-24T15:42:49.631+0000] {standard_task_runner.py:64} INFO - Started process 446 to run task
[2024-09-24T15:42:49.635+0000] {standard_task_runner.py:90} INFO - Running: ['***', 'tasks', 'run', 'train', 'download_data', 'scheduled__2024-09-23T01:00:00+00:00', '--job-id', '315', '--raw', '--subdir', 'DAGS_FOLDER/***/dags/.ipynb_checkpoints/1_train_dag-checkpoint.py', '--cfg-path', '/tmp/tmp7q84ldcq']
[2024-09-24T15:42:49.639+0000] {standard_task_runner.py:91} INFO - Job 315: Subtask download_data
[2024-09-24T15:42:49.701+0000] {task_command.py:426} INFO - Running <TaskInstance: train.download_data scheduled__2024-09-23T01:00:00+00:00 [running]> on host 82997fc6deb7
[2024-09-24T15:42:49.793+0000] {taskinstance.py:2648} INFO - Exporting env vars: AIRFLOW_CTX_DAG_EMAIL='alexvlg34@gmail.com' AIRFLOW_CTX_DAG_OWNER='Alex Trigolos' AIRFLOW_CTX_DAG_ID='train' AIRFLOW_CTX_TASK_ID='download_data' AIRFLOW_CTX_EXECUTION_DATE='2024-09-23T01:00:00+00:00' AIRFLOW_CTX_TRY_NUMBER='1' AIRFLOW_CTX_DAG_RUN_ID='scheduled__2024-09-23T01:00:00+00:00'
[2024-09-24T15:42:49.795+0000] {taskinstance.py:430} INFO - ::endgroup::
[2024-09-24T15:42:49.809+0000] {_california_housing.py:173} INFO - Downloading Cal. housing from https://ndownloader.figshare.com/files/5976036 to /home/***/scikit_learn_data
[2024-09-24T15:42:50.860+0000] {base.py:84} INFO - Using connection ID 's3_connection' for task execution.
[2024-09-24T15:42:50.861+0000] {connection_wrapper.py:388} INFO - AWS Connection (conn_id='s3_connection', conn_type='aws') credentials retrieved from login and password.
[2024-09-24T15:42:52.133+0000] {1_train_dag-checkpoint.py:80} INFO - Data downloaded.
[2024-09-24T15:42:52.135+0000] {python.py:237} INFO - Done. Returned value was: None
[2024-09-24T15:42:52.137+0000] {taskinstance.py:441} INFO - ::group::Post task execution logs
[2024-09-24T15:42:52.149+0000] {taskinstance.py:1206} INFO - Marking task as SUCCESS. dag_id=train, task_id=download_data, run_id=scheduled__2024-09-23T01:00:00+00:00, execution_date=20240923T010000, start_date=20240924T154249, end_date=20240924T154252
[2024-09-24T15:42:52.195+0000] {local_task_job_runner.py:243} INFO - Task exited with return code 0
[2024-09-24T15:42:52.222+0000] {taskinstance.py:3503} INFO - 1 downstream tasks scheduled from follow-on schedule check
[2024-09-24T15:42:52.224+0000] {local_task_job_runner.py:222} INFO - ::endgroup::
