[2024-09-23T12:34:38.316+0000] {local_task_job_runner.py:120} INFO - ::group::Pre task execution logs
[2024-09-23T12:34:38.330+0000] {taskinstance.py:2076} INFO - Dependencies all met for dep_context=non-requeueable deps ti=<TaskInstance: train_dag.train_model manual__2024-09-23T12:34:30.130907+00:00 [queued]>
[2024-09-23T12:34:38.338+0000] {taskinstance.py:2076} INFO - Dependencies all met for dep_context=requeueable deps ti=<TaskInstance: train_dag.train_model manual__2024-09-23T12:34:30.130907+00:00 [queued]>
[2024-09-23T12:34:38.341+0000] {taskinstance.py:2306} INFO - Starting attempt 1 of 1
[2024-09-23T12:34:38.353+0000] {taskinstance.py:2330} INFO - Executing <Task(PythonOperator): train_model> on 2024-09-23 12:34:30.130907+00:00
[2024-09-23T12:34:38.361+0000] {standard_task_runner.py:64} INFO - Started process 22921 to run task
[2024-09-23T12:34:38.364+0000] {standard_task_runner.py:90} INFO - Running: ['***', 'tasks', 'run', 'train_dag', 'train_model', 'manual__2024-09-23T12:34:30.130907+00:00', '--job-id', '302', '--raw', '--subdir', 'DAGS_FOLDER/***/dags/train_dag.py', '--cfg-path', '/tmp/tmpylwn9qnt']
[2024-09-23T12:34:38.366+0000] {standard_task_runner.py:91} INFO - Job 302: Subtask train_model
[2024-09-23T12:34:38.410+0000] {task_command.py:426} INFO - Running <TaskInstance: train_dag.train_model manual__2024-09-23T12:34:30.130907+00:00 [running]> on host 82997fc6deb7
[2024-09-23T12:34:38.486+0000] {taskinstance.py:2648} INFO - Exporting env vars: AIRFLOW_CTX_DAG_EMAIL='alexvlg34@gmail.com' AIRFLOW_CTX_DAG_OWNER='Alex Trigolos' AIRFLOW_CTX_DAG_ID='train_dag' AIRFLOW_CTX_TASK_ID='train_model' AIRFLOW_CTX_EXECUTION_DATE='2024-09-23T12:34:30.130907+00:00' AIRFLOW_CTX_TRY_NUMBER='1' AIRFLOW_CTX_DAG_RUN_ID='manual__2024-09-23T12:34:30.130907+00:00'
[2024-09-23T12:34:38.488+0000] {taskinstance.py:430} INFO - ::endgroup::
[2024-09-23T12:34:38.497+0000] {train_dag.py:102} INFO - Train model...
[2024-09-23T12:34:38.574+0000] {logging_mixin.py:188} INFO - Fitting 5 folds for each of 2 candidates, totalling 10 fits
[2024-09-23T12:34:38.658+0000] {logging_mixin.py:188} INFO - [CV] END ......................max_depth=1, n_estimators=100; total time=   0.1s
[2024-09-23T12:34:38.735+0000] {logging_mixin.py:188} INFO - [CV] END ......................max_depth=1, n_estimators=100; total time=   0.1s
[2024-09-23T12:34:38.811+0000] {logging_mixin.py:188} INFO - [CV] END ......................max_depth=1, n_estimators=100; total time=   0.1s
[2024-09-23T12:34:38.896+0000] {logging_mixin.py:188} INFO - [CV] END ......................max_depth=1, n_estimators=100; total time=   0.1s
[2024-09-23T12:34:38.976+0000] {logging_mixin.py:188} INFO - [CV] END ......................max_depth=1, n_estimators=100; total time=   0.1s
[2024-09-23T12:34:39.093+0000] {logging_mixin.py:188} INFO - [CV] END ......................max_depth=1, n_estimators=150; total time=   0.1s
[2024-09-23T12:34:39.208+0000] {logging_mixin.py:188} INFO - [CV] END ......................max_depth=1, n_estimators=150; total time=   0.1s
[2024-09-23T12:34:39.328+0000] {logging_mixin.py:188} INFO - [CV] END ......................max_depth=1, n_estimators=150; total time=   0.1s
[2024-09-23T12:34:39.441+0000] {logging_mixin.py:188} INFO - [CV] END ......................max_depth=1, n_estimators=150; total time=   0.1s
[2024-09-23T12:34:39.557+0000] {logging_mixin.py:188} INFO - [CV] END ......................max_depth=1, n_estimators=150; total time=   0.1s
[2024-09-23T12:34:39.714+0000] {train_dag.py:141} INFO - Finish model train.
[2024-09-23T12:34:39.716+0000] {python.py:237} INFO - Done. Returned value was: None
[2024-09-23T12:34:39.717+0000] {taskinstance.py:441} INFO - ::group::Post task execution logs
[2024-09-23T12:34:39.726+0000] {taskinstance.py:1206} INFO - Marking task as SUCCESS. dag_id=train_dag, task_id=train_model, run_id=manual__2024-09-23T12:34:30.130907+00:00, execution_date=20240923T123430, start_date=20240923T123438, end_date=20240923T123439
[2024-09-23T12:34:39.784+0000] {local_task_job_runner.py:243} INFO - Task exited with return code 0
[2024-09-23T12:34:39.802+0000] {taskinstance.py:3503} INFO - 1 downstream tasks scheduled from follow-on schedule check
[2024-09-23T12:34:39.807+0000] {local_task_job_runner.py:222} INFO - ::endgroup::
