[2024-10-03T08:42:03.928+0000] {processor.py:161} INFO - Started process (PID=430) to work on /opt/airflow/dags/.cache/pip/http/6/0/4/1/7/604171aaa87228ae46f3180fe86af67e67faa595d5fe23cec317d825
[2024-10-03T08:42:03.930+0000] {processor.py:830} INFO - Processing file /opt/airflow/dags/.cache/pip/http/6/0/4/1/7/604171aaa87228ae46f3180fe86af67e67faa595d5fe23cec317d825 for tasks to queue
[2024-10-03T08:42:03.933+0000] {logging_mixin.py:188} INFO - [2024-10-03T08:42:03.933+0000] {dagbag.py:545} INFO - Filling up the DagBag from /opt/airflow/dags/.cache/pip/http/6/0/4/1/7/604171aaa87228ae46f3180fe86af67e67faa595d5fe23cec317d825
[2024-10-03T08:42:03.987+0000] {processor.py:842} WARNING - No viable dags retrieved from /opt/airflow/dags/.cache/pip/http/6/0/4/1/7/604171aaa87228ae46f3180fe86af67e67faa595d5fe23cec317d825
[2024-10-03T08:42:04.007+0000] {processor.py:183} INFO - Processing /opt/airflow/dags/.cache/pip/http/6/0/4/1/7/604171aaa87228ae46f3180fe86af67e67faa595d5fe23cec317d825 took 0.089 seconds
[2024-10-03T08:42:39.221+0000] {processor.py:161} INFO - Started process (PID=672) to work on /opt/airflow/dags/.cache/pip/http/6/0/4/1/7/604171aaa87228ae46f3180fe86af67e67faa595d5fe23cec317d825
[2024-10-03T08:42:39.223+0000] {processor.py:830} INFO - Processing file /opt/airflow/dags/.cache/pip/http/6/0/4/1/7/604171aaa87228ae46f3180fe86af67e67faa595d5fe23cec317d825 for tasks to queue
[2024-10-03T08:42:39.226+0000] {logging_mixin.py:188} INFO - [2024-10-03T08:42:39.225+0000] {dagbag.py:545} INFO - Filling up the DagBag from /opt/airflow/dags/.cache/pip/http/6/0/4/1/7/604171aaa87228ae46f3180fe86af67e67faa595d5fe23cec317d825
[2024-10-03T08:42:39.269+0000] {processor.py:842} WARNING - No viable dags retrieved from /opt/airflow/dags/.cache/pip/http/6/0/4/1/7/604171aaa87228ae46f3180fe86af67e67faa595d5fe23cec317d825
[2024-10-03T08:42:39.287+0000] {processor.py:183} INFO - Processing /opt/airflow/dags/.cache/pip/http/6/0/4/1/7/604171aaa87228ae46f3180fe86af67e67faa595d5fe23cec317d825 took 0.074 seconds
[2024-10-03T08:43:12.165+0000] {processor.py:161} INFO - Started process (PID=914) to work on /opt/airflow/dags/.cache/pip/http/6/0/4/1/7/604171aaa87228ae46f3180fe86af67e67faa595d5fe23cec317d825
[2024-10-03T08:43:12.167+0000] {processor.py:830} INFO - Processing file /opt/airflow/dags/.cache/pip/http/6/0/4/1/7/604171aaa87228ae46f3180fe86af67e67faa595d5fe23cec317d825 for tasks to queue
[2024-10-03T08:43:12.169+0000] {logging_mixin.py:188} INFO - [2024-10-03T08:43:12.169+0000] {dagbag.py:545} INFO - Filling up the DagBag from /opt/airflow/dags/.cache/pip/http/6/0/4/1/7/604171aaa87228ae46f3180fe86af67e67faa595d5fe23cec317d825
[2024-10-03T08:43:12.202+0000] {processor.py:842} WARNING - No viable dags retrieved from /opt/airflow/dags/.cache/pip/http/6/0/4/1/7/604171aaa87228ae46f3180fe86af67e67faa595d5fe23cec317d825
[2024-10-03T08:43:12.227+0000] {processor.py:183} INFO - Processing /opt/airflow/dags/.cache/pip/http/6/0/4/1/7/604171aaa87228ae46f3180fe86af67e67faa595d5fe23cec317d825 took 0.072 seconds
[2024-10-03T08:43:44.789+0000] {processor.py:161} INFO - Started process (PID=1157) to work on /opt/airflow/dags/.cache/pip/http/6/0/4/1/7/604171aaa87228ae46f3180fe86af67e67faa595d5fe23cec317d825
[2024-10-03T08:43:44.791+0000] {processor.py:830} INFO - Processing file /opt/airflow/dags/.cache/pip/http/6/0/4/1/7/604171aaa87228ae46f3180fe86af67e67faa595d5fe23cec317d825 for tasks to queue
[2024-10-03T08:43:44.795+0000] {logging_mixin.py:188} INFO - [2024-10-03T08:43:44.794+0000] {dagbag.py:545} INFO - Filling up the DagBag from /opt/airflow/dags/.cache/pip/http/6/0/4/1/7/604171aaa87228ae46f3180fe86af67e67faa595d5fe23cec317d825
[2024-10-03T08:43:44.849+0000] {processor.py:842} WARNING - No viable dags retrieved from /opt/airflow/dags/.cache/pip/http/6/0/4/1/7/604171aaa87228ae46f3180fe86af67e67faa595d5fe23cec317d825
[2024-10-03T08:43:44.861+0000] {processor.py:183} INFO - Processing /opt/airflow/dags/.cache/pip/http/6/0/4/1/7/604171aaa87228ae46f3180fe86af67e67faa595d5fe23cec317d825 took 0.077 seconds
[2024-10-03T08:44:16.960+0000] {processor.py:161} INFO - Started process (PID=1399) to work on /opt/airflow/dags/.cache/pip/http/6/0/4/1/7/604171aaa87228ae46f3180fe86af67e67faa595d5fe23cec317d825
[2024-10-03T08:44:16.962+0000] {processor.py:830} INFO - Processing file /opt/airflow/dags/.cache/pip/http/6/0/4/1/7/604171aaa87228ae46f3180fe86af67e67faa595d5fe23cec317d825 for tasks to queue
[2024-10-03T08:44:16.964+0000] {logging_mixin.py:188} INFO - [2024-10-03T08:44:16.964+0000] {dagbag.py:545} INFO - Filling up the DagBag from /opt/airflow/dags/.cache/pip/http/6/0/4/1/7/604171aaa87228ae46f3180fe86af67e67faa595d5fe23cec317d825
[2024-10-03T08:44:17.023+0000] {processor.py:842} WARNING - No viable dags retrieved from /opt/airflow/dags/.cache/pip/http/6/0/4/1/7/604171aaa87228ae46f3180fe86af67e67faa595d5fe23cec317d825
[2024-10-03T08:44:17.037+0000] {processor.py:183} INFO - Processing /opt/airflow/dags/.cache/pip/http/6/0/4/1/7/604171aaa87228ae46f3180fe86af67e67faa595d5fe23cec317d825 took 0.087 seconds
[2024-10-03T08:44:49.826+0000] {processor.py:161} INFO - Started process (PID=1645) to work on /opt/airflow/dags/.cache/pip/http/6/0/4/1/7/604171aaa87228ae46f3180fe86af67e67faa595d5fe23cec317d825
[2024-10-03T08:44:49.827+0000] {processor.py:830} INFO - Processing file /opt/airflow/dags/.cache/pip/http/6/0/4/1/7/604171aaa87228ae46f3180fe86af67e67faa595d5fe23cec317d825 for tasks to queue
[2024-10-03T08:44:49.830+0000] {logging_mixin.py:188} INFO - [2024-10-03T08:44:49.829+0000] {dagbag.py:545} INFO - Filling up the DagBag from /opt/airflow/dags/.cache/pip/http/6/0/4/1/7/604171aaa87228ae46f3180fe86af67e67faa595d5fe23cec317d825
[2024-10-03T08:44:49.894+0000] {processor.py:842} WARNING - No viable dags retrieved from /opt/airflow/dags/.cache/pip/http/6/0/4/1/7/604171aaa87228ae46f3180fe86af67e67faa595d5fe23cec317d825
[2024-10-03T08:44:49.916+0000] {processor.py:183} INFO - Processing /opt/airflow/dags/.cache/pip/http/6/0/4/1/7/604171aaa87228ae46f3180fe86af67e67faa595d5fe23cec317d825 took 0.102 seconds
[2024-10-03T08:45:24.495+0000] {processor.py:161} INFO - Started process (PID=1889) to work on /opt/airflow/dags/.cache/pip/http/6/0/4/1/7/604171aaa87228ae46f3180fe86af67e67faa595d5fe23cec317d825
[2024-10-03T08:45:24.497+0000] {processor.py:830} INFO - Processing file /opt/airflow/dags/.cache/pip/http/6/0/4/1/7/604171aaa87228ae46f3180fe86af67e67faa595d5fe23cec317d825 for tasks to queue
[2024-10-03T08:45:24.501+0000] {logging_mixin.py:188} INFO - [2024-10-03T08:45:24.500+0000] {dagbag.py:545} INFO - Filling up the DagBag from /opt/airflow/dags/.cache/pip/http/6/0/4/1/7/604171aaa87228ae46f3180fe86af67e67faa595d5fe23cec317d825
[2024-10-03T08:45:24.611+0000] {processor.py:842} WARNING - No viable dags retrieved from /opt/airflow/dags/.cache/pip/http/6/0/4/1/7/604171aaa87228ae46f3180fe86af67e67faa595d5fe23cec317d825
[2024-10-03T08:45:24.633+0000] {processor.py:183} INFO - Processing /opt/airflow/dags/.cache/pip/http/6/0/4/1/7/604171aaa87228ae46f3180fe86af67e67faa595d5fe23cec317d825 took 0.150 seconds
[2024-10-03T08:45:55.144+0000] {processor.py:161} INFO - Started process (PID=2130) to work on /opt/airflow/dags/.cache/pip/http/6/0/4/1/7/604171aaa87228ae46f3180fe86af67e67faa595d5fe23cec317d825
[2024-10-03T08:45:55.146+0000] {processor.py:830} INFO - Processing file /opt/airflow/dags/.cache/pip/http/6/0/4/1/7/604171aaa87228ae46f3180fe86af67e67faa595d5fe23cec317d825 for tasks to queue
[2024-10-03T08:45:55.150+0000] {logging_mixin.py:188} INFO - [2024-10-03T08:45:55.149+0000] {dagbag.py:545} INFO - Filling up the DagBag from /opt/airflow/dags/.cache/pip/http/6/0/4/1/7/604171aaa87228ae46f3180fe86af67e67faa595d5fe23cec317d825
[2024-10-03T08:45:55.204+0000] {processor.py:842} WARNING - No viable dags retrieved from /opt/airflow/dags/.cache/pip/http/6/0/4/1/7/604171aaa87228ae46f3180fe86af67e67faa595d5fe23cec317d825
[2024-10-03T08:45:55.231+0000] {processor.py:183} INFO - Processing /opt/airflow/dags/.cache/pip/http/6/0/4/1/7/604171aaa87228ae46f3180fe86af67e67faa595d5fe23cec317d825 took 0.099 seconds
[2024-10-03T08:46:25.910+0000] {processor.py:161} INFO - Started process (PID=2372) to work on /opt/airflow/dags/.cache/pip/http/6/0/4/1/7/604171aaa87228ae46f3180fe86af67e67faa595d5fe23cec317d825
[2024-10-03T08:46:25.912+0000] {processor.py:830} INFO - Processing file /opt/airflow/dags/.cache/pip/http/6/0/4/1/7/604171aaa87228ae46f3180fe86af67e67faa595d5fe23cec317d825 for tasks to queue
[2024-10-03T08:46:25.914+0000] {logging_mixin.py:188} INFO - [2024-10-03T08:46:25.914+0000] {dagbag.py:545} INFO - Filling up the DagBag from /opt/airflow/dags/.cache/pip/http/6/0/4/1/7/604171aaa87228ae46f3180fe86af67e67faa595d5fe23cec317d825
[2024-10-03T08:46:25.937+0000] {processor.py:842} WARNING - No viable dags retrieved from /opt/airflow/dags/.cache/pip/http/6/0/4/1/7/604171aaa87228ae46f3180fe86af67e67faa595d5fe23cec317d825
[2024-10-03T08:46:25.955+0000] {processor.py:183} INFO - Processing /opt/airflow/dags/.cache/pip/http/6/0/4/1/7/604171aaa87228ae46f3180fe86af67e67faa595d5fe23cec317d825 took 0.054 seconds
[2024-10-03T08:47:16.026+0000] {processor.py:161} INFO - Started process (PID=2612) to work on /opt/airflow/dags/.cache/pip/http/6/0/4/1/7/604171aaa87228ae46f3180fe86af67e67faa595d5fe23cec317d825
[2024-10-03T08:47:16.028+0000] {processor.py:830} INFO - Processing file /opt/airflow/dags/.cache/pip/http/6/0/4/1/7/604171aaa87228ae46f3180fe86af67e67faa595d5fe23cec317d825 for tasks to queue
[2024-10-03T08:47:16.032+0000] {logging_mixin.py:188} INFO - [2024-10-03T08:47:16.032+0000] {dagbag.py:545} INFO - Filling up the DagBag from /opt/airflow/dags/.cache/pip/http/6/0/4/1/7/604171aaa87228ae46f3180fe86af67e67faa595d5fe23cec317d825
[2024-10-03T08:47:16.103+0000] {processor.py:842} WARNING - No viable dags retrieved from /opt/airflow/dags/.cache/pip/http/6/0/4/1/7/604171aaa87228ae46f3180fe86af67e67faa595d5fe23cec317d825
[2024-10-03T08:47:16.126+0000] {processor.py:183} INFO - Processing /opt/airflow/dags/.cache/pip/http/6/0/4/1/7/604171aaa87228ae46f3180fe86af67e67faa595d5fe23cec317d825 took 0.111 seconds
[2024-10-03T08:47:50.320+0000] {processor.py:161} INFO - Started process (PID=2862) to work on /opt/airflow/dags/.cache/pip/http/6/0/4/1/7/604171aaa87228ae46f3180fe86af67e67faa595d5fe23cec317d825
[2024-10-03T08:47:50.322+0000] {processor.py:830} INFO - Processing file /opt/airflow/dags/.cache/pip/http/6/0/4/1/7/604171aaa87228ae46f3180fe86af67e67faa595d5fe23cec317d825 for tasks to queue
[2024-10-03T08:47:50.325+0000] {logging_mixin.py:188} INFO - [2024-10-03T08:47:50.324+0000] {dagbag.py:545} INFO - Filling up the DagBag from /opt/airflow/dags/.cache/pip/http/6/0/4/1/7/604171aaa87228ae46f3180fe86af67e67faa595d5fe23cec317d825
[2024-10-03T08:47:50.358+0000] {processor.py:842} WARNING - No viable dags retrieved from /opt/airflow/dags/.cache/pip/http/6/0/4/1/7/604171aaa87228ae46f3180fe86af67e67faa595d5fe23cec317d825
[2024-10-03T08:47:50.380+0000] {processor.py:183} INFO - Processing /opt/airflow/dags/.cache/pip/http/6/0/4/1/7/604171aaa87228ae46f3180fe86af67e67faa595d5fe23cec317d825 took 0.072 seconds
[2024-10-03T08:48:23.908+0000] {processor.py:161} INFO - Started process (PID=3104) to work on /opt/airflow/dags/.cache/pip/http/6/0/4/1/7/604171aaa87228ae46f3180fe86af67e67faa595d5fe23cec317d825
[2024-10-03T08:48:23.909+0000] {processor.py:830} INFO - Processing file /opt/airflow/dags/.cache/pip/http/6/0/4/1/7/604171aaa87228ae46f3180fe86af67e67faa595d5fe23cec317d825 for tasks to queue
[2024-10-03T08:48:23.910+0000] {logging_mixin.py:188} INFO - [2024-10-03T08:48:23.910+0000] {dagbag.py:545} INFO - Filling up the DagBag from /opt/airflow/dags/.cache/pip/http/6/0/4/1/7/604171aaa87228ae46f3180fe86af67e67faa595d5fe23cec317d825
[2024-10-03T08:48:23.933+0000] {processor.py:842} WARNING - No viable dags retrieved from /opt/airflow/dags/.cache/pip/http/6/0/4/1/7/604171aaa87228ae46f3180fe86af67e67faa595d5fe23cec317d825
[2024-10-03T08:48:23.953+0000] {processor.py:183} INFO - Processing /opt/airflow/dags/.cache/pip/http/6/0/4/1/7/604171aaa87228ae46f3180fe86af67e67faa595d5fe23cec317d825 took 0.052 seconds
[2024-10-03T08:48:54.601+0000] {processor.py:161} INFO - Started process (PID=3346) to work on /opt/airflow/dags/.cache/pip/http/6/0/4/1/7/604171aaa87228ae46f3180fe86af67e67faa595d5fe23cec317d825
[2024-10-03T08:48:54.602+0000] {processor.py:830} INFO - Processing file /opt/airflow/dags/.cache/pip/http/6/0/4/1/7/604171aaa87228ae46f3180fe86af67e67faa595d5fe23cec317d825 for tasks to queue
[2024-10-03T08:48:54.604+0000] {logging_mixin.py:188} INFO - [2024-10-03T08:48:54.603+0000] {dagbag.py:545} INFO - Filling up the DagBag from /opt/airflow/dags/.cache/pip/http/6/0/4/1/7/604171aaa87228ae46f3180fe86af67e67faa595d5fe23cec317d825
[2024-10-03T08:48:54.634+0000] {processor.py:842} WARNING - No viable dags retrieved from /opt/airflow/dags/.cache/pip/http/6/0/4/1/7/604171aaa87228ae46f3180fe86af67e67faa595d5fe23cec317d825
[2024-10-03T08:48:54.645+0000] {processor.py:183} INFO - Processing /opt/airflow/dags/.cache/pip/http/6/0/4/1/7/604171aaa87228ae46f3180fe86af67e67faa595d5fe23cec317d825 took 0.048 seconds
[2024-10-03T08:49:25.612+0000] {processor.py:161} INFO - Started process (PID=3588) to work on /opt/airflow/dags/.cache/pip/http/6/0/4/1/7/604171aaa87228ae46f3180fe86af67e67faa595d5fe23cec317d825
[2024-10-03T08:49:25.613+0000] {processor.py:830} INFO - Processing file /opt/airflow/dags/.cache/pip/http/6/0/4/1/7/604171aaa87228ae46f3180fe86af67e67faa595d5fe23cec317d825 for tasks to queue
[2024-10-03T08:49:25.615+0000] {logging_mixin.py:188} INFO - [2024-10-03T08:49:25.615+0000] {dagbag.py:545} INFO - Filling up the DagBag from /opt/airflow/dags/.cache/pip/http/6/0/4/1/7/604171aaa87228ae46f3180fe86af67e67faa595d5fe23cec317d825
[2024-10-03T08:49:25.676+0000] {processor.py:842} WARNING - No viable dags retrieved from /opt/airflow/dags/.cache/pip/http/6/0/4/1/7/604171aaa87228ae46f3180fe86af67e67faa595d5fe23cec317d825
[2024-10-03T08:49:25.694+0000] {processor.py:183} INFO - Processing /opt/airflow/dags/.cache/pip/http/6/0/4/1/7/604171aaa87228ae46f3180fe86af67e67faa595d5fe23cec317d825 took 0.092 seconds
[2024-10-03T08:49:58.418+0000] {processor.py:161} INFO - Started process (PID=3831) to work on /opt/airflow/dags/.cache/pip/http/6/0/4/1/7/604171aaa87228ae46f3180fe86af67e67faa595d5fe23cec317d825
[2024-10-03T08:49:58.419+0000] {processor.py:830} INFO - Processing file /opt/airflow/dags/.cache/pip/http/6/0/4/1/7/604171aaa87228ae46f3180fe86af67e67faa595d5fe23cec317d825 for tasks to queue
[2024-10-03T08:49:58.421+0000] {logging_mixin.py:188} INFO - [2024-10-03T08:49:58.421+0000] {dagbag.py:545} INFO - Filling up the DagBag from /opt/airflow/dags/.cache/pip/http/6/0/4/1/7/604171aaa87228ae46f3180fe86af67e67faa595d5fe23cec317d825
[2024-10-03T08:49:58.495+0000] {processor.py:842} WARNING - No viable dags retrieved from /opt/airflow/dags/.cache/pip/http/6/0/4/1/7/604171aaa87228ae46f3180fe86af67e67faa595d5fe23cec317d825
[2024-10-03T08:49:58.514+0000] {processor.py:183} INFO - Processing /opt/airflow/dags/.cache/pip/http/6/0/4/1/7/604171aaa87228ae46f3180fe86af67e67faa595d5fe23cec317d825 took 0.103 seconds
[2024-10-03T08:50:31.521+0000] {processor.py:161} INFO - Started process (PID=4073) to work on /opt/airflow/dags/.cache/pip/http/6/0/4/1/7/604171aaa87228ae46f3180fe86af67e67faa595d5fe23cec317d825
[2024-10-03T08:50:31.522+0000] {processor.py:830} INFO - Processing file /opt/airflow/dags/.cache/pip/http/6/0/4/1/7/604171aaa87228ae46f3180fe86af67e67faa595d5fe23cec317d825 for tasks to queue
[2024-10-03T08:50:31.525+0000] {logging_mixin.py:188} INFO - [2024-10-03T08:50:31.525+0000] {dagbag.py:545} INFO - Filling up the DagBag from /opt/airflow/dags/.cache/pip/http/6/0/4/1/7/604171aaa87228ae46f3180fe86af67e67faa595d5fe23cec317d825
[2024-10-03T08:50:31.565+0000] {processor.py:842} WARNING - No viable dags retrieved from /opt/airflow/dags/.cache/pip/http/6/0/4/1/7/604171aaa87228ae46f3180fe86af67e67faa595d5fe23cec317d825
[2024-10-03T08:50:31.577+0000] {processor.py:183} INFO - Processing /opt/airflow/dags/.cache/pip/http/6/0/4/1/7/604171aaa87228ae46f3180fe86af67e67faa595d5fe23cec317d825 took 0.063 seconds
[2024-10-03T08:56:33.128+0000] {processor.py:161} INFO - Started process (PID=4466) to work on /opt/airflow/dags/.cache/pip/http/6/0/4/1/7/604171aaa87228ae46f3180fe86af67e67faa595d5fe23cec317d825
[2024-10-03T08:56:33.129+0000] {processor.py:830} INFO - Processing file /opt/airflow/dags/.cache/pip/http/6/0/4/1/7/604171aaa87228ae46f3180fe86af67e67faa595d5fe23cec317d825 for tasks to queue
[2024-10-03T08:56:33.130+0000] {logging_mixin.py:188} INFO - [2024-10-03T08:56:33.130+0000] {dagbag.py:545} INFO - Filling up the DagBag from /opt/airflow/dags/.cache/pip/http/6/0/4/1/7/604171aaa87228ae46f3180fe86af67e67faa595d5fe23cec317d825
[2024-10-03T08:56:33.142+0000] {processor.py:842} WARNING - No viable dags retrieved from /opt/airflow/dags/.cache/pip/http/6/0/4/1/7/604171aaa87228ae46f3180fe86af67e67faa595d5fe23cec317d825
[2024-10-03T08:56:33.155+0000] {processor.py:183} INFO - Processing /opt/airflow/dags/.cache/pip/http/6/0/4/1/7/604171aaa87228ae46f3180fe86af67e67faa595d5fe23cec317d825 took 0.033 seconds
[2024-10-03T08:57:04.939+0000] {processor.py:161} INFO - Started process (PID=4718) to work on /opt/airflow/dags/.cache/pip/http/6/0/4/1/7/604171aaa87228ae46f3180fe86af67e67faa595d5fe23cec317d825
[2024-10-03T08:57:04.940+0000] {processor.py:830} INFO - Processing file /opt/airflow/dags/.cache/pip/http/6/0/4/1/7/604171aaa87228ae46f3180fe86af67e67faa595d5fe23cec317d825 for tasks to queue
[2024-10-03T08:57:04.941+0000] {logging_mixin.py:188} INFO - [2024-10-03T08:57:04.941+0000] {dagbag.py:545} INFO - Filling up the DagBag from /opt/airflow/dags/.cache/pip/http/6/0/4/1/7/604171aaa87228ae46f3180fe86af67e67faa595d5fe23cec317d825
[2024-10-03T08:57:04.959+0000] {processor.py:842} WARNING - No viable dags retrieved from /opt/airflow/dags/.cache/pip/http/6/0/4/1/7/604171aaa87228ae46f3180fe86af67e67faa595d5fe23cec317d825
[2024-10-03T08:57:04.970+0000] {processor.py:183} INFO - Processing /opt/airflow/dags/.cache/pip/http/6/0/4/1/7/604171aaa87228ae46f3180fe86af67e67faa595d5fe23cec317d825 took 0.037 seconds
