[2024-10-04T12:10:13.237+0000] {local_task_job_runner.py:120} INFO - ::group::Pre task execution logs
[2024-10-04T12:10:13.259+0000] {taskinstance.py:2076} INFO - Dependencies all met for dep_context=non-requeueable deps ti=<TaskInstance: Alex_Trigolos.task_prepare_data manual__2024-10-04T12:10:02.527053+00:00 [queued]>
[2024-10-04T12:10:13.271+0000] {taskinstance.py:2076} INFO - Dependencies all met for dep_context=requeueable deps ti=<TaskInstance: Alex_Trigolos.task_prepare_data manual__2024-10-04T12:10:02.527053+00:00 [queued]>
[2024-10-04T12:10:13.273+0000] {taskinstance.py:2306} INFO - Starting attempt 1 of 1
[2024-10-04T12:10:13.293+0000] {taskinstance.py:2330} INFO - Executing <Task(PythonOperator): task_prepare_data> on 2024-10-04 12:10:02.527053+00:00
[2024-10-04T12:10:13.311+0000] {standard_task_runner.py:64} INFO - Started process 61482 to run task
[2024-10-04T12:10:13.316+0000] {standard_task_runner.py:90} INFO - Running: ['***', 'tasks', 'run', 'Alex_Trigolos', 'task_prepare_data', 'manual__2024-10-04T12:10:02.527053+00:00', '--job-id', '825', '--raw', '--subdir', 'DAGS_FOLDER/***/dags/project.py', '--cfg-path', '/tmp/tmpfs90xtzk']
[2024-10-04T12:10:13.322+0000] {standard_task_runner.py:91} INFO - Job 825: Subtask task_prepare_data
[2024-10-04T12:10:13.409+0000] {task_command.py:426} INFO - Running <TaskInstance: Alex_Trigolos.task_prepare_data manual__2024-10-04T12:10:02.527053+00:00 [running]> on host 4b5f1410d111
[2024-10-04T12:10:13.528+0000] {taskinstance.py:2648} INFO - Exporting env vars: AIRFLOW_CTX_DAG_EMAIL='alexvlg34@gmail.com' AIRFLOW_CTX_DAG_OWNER='Alex Trigolos' AIRFLOW_CTX_DAG_ID='Alex_Trigolos' AIRFLOW_CTX_TASK_ID='task_prepare_data' AIRFLOW_CTX_EXECUTION_DATE='2024-10-04T12:10:02.527053+00:00' AIRFLOW_CTX_TRY_NUMBER='1' AIRFLOW_CTX_DAG_RUN_ID='manual__2024-10-04T12:10:02.527053+00:00'
[2024-10-04T12:10:13.529+0000] {taskinstance.py:430} INFO - ::endgroup::
[2024-10-04T12:10:13.546+0000] {project.py:132} INFO - Prepare data...
[2024-10-04T12:10:13.547+0000] {s3.py:1422} INFO - Downloading source S3 file from Bucket testmlops with path AlexTrigolos/project/datasets/dataset.pkl
[2024-10-04T12:10:13.559+0000] {base.py:84} INFO - Using connection ID 's3_connection' for task execution.
[2024-10-04T12:10:13.561+0000] {connection_wrapper.py:388} INFO - AWS Connection (conn_id='s3_connection', conn_type='aws') credentials retrieved from login and password.
[2024-10-04T12:10:13.843+0000] {project.py:93} INFO - /tmp/***_tmp_ce3abobi
[2024-10-04T12:10:13.970+0000] {base.py:84} INFO - Using connection ID 's3_connection' for task execution.
[2024-10-04T12:10:13.972+0000] {connection_wrapper.py:388} INFO - AWS Connection (conn_id='s3_connection', conn_type='aws') credentials retrieved from login and password.
[2024-10-04T12:10:14.599+0000] {base.py:84} INFO - Using connection ID 's3_connection' for task execution.
[2024-10-04T12:10:14.601+0000] {connection_wrapper.py:388} INFO - AWS Connection (conn_id='s3_connection', conn_type='aws') credentials retrieved from login and password.
[2024-10-04T12:10:15.123+0000] {base.py:84} INFO - Using connection ID 's3_connection' for task execution.
[2024-10-04T12:10:15.124+0000] {connection_wrapper.py:388} INFO - AWS Connection (conn_id='s3_connection', conn_type='aws') credentials retrieved from login and password.
[2024-10-04T12:10:15.314+0000] {base.py:84} INFO - Using connection ID 's3_connection' for task execution.
[2024-10-04T12:10:15.317+0000] {connection_wrapper.py:388} INFO - AWS Connection (conn_id='s3_connection', conn_type='aws') credentials retrieved from login and password.
[2024-10-04T12:10:15.521+0000] {base.py:84} INFO - Using connection ID 's3_connection' for task execution.
[2024-10-04T12:10:15.523+0000] {connection_wrapper.py:388} INFO - AWS Connection (conn_id='s3_connection', conn_type='aws') credentials retrieved from login and password.
[2024-10-04T12:10:15.732+0000] {base.py:84} INFO - Using connection ID 's3_connection' for task execution.
[2024-10-04T12:10:15.733+0000] {connection_wrapper.py:388} INFO - AWS Connection (conn_id='s3_connection', conn_type='aws') credentials retrieved from login and password.
[2024-10-04T12:10:15.932+0000] {project.py:162} INFO - Prepared data.
[2024-10-04T12:10:15.934+0000] {python.py:237} INFO - Done. Returned value was: None
[2024-10-04T12:10:15.935+0000] {taskinstance.py:441} INFO - ::group::Post task execution logs
[2024-10-04T12:10:16.246+0000] {taskinstance.py:1206} INFO - Marking task as SUCCESS. dag_id=Alex_Trigolos, task_id=task_prepare_data, run_id=manual__2024-10-04T12:10:02.527053+00:00, execution_date=20241004T121002, start_date=20241004T121013, end_date=20241004T121016
[2024-10-04T12:10:16.304+0000] {local_task_job_runner.py:243} INFO - Task exited with return code 0
[2024-10-04T12:10:16.338+0000] {taskinstance.py:3503} INFO - 3 downstream tasks scheduled from follow-on schedule check
[2024-10-04T12:10:16.341+0000] {local_task_job_runner.py:222} INFO - ::endgroup::
