[2024-10-04T12:24:44.462+0000] {local_task_job_runner.py:120} INFO - ::group::Pre task execution logs
[2024-10-04T12:24:44.485+0000] {taskinstance.py:2076} INFO - Dependencies all met for dep_context=non-requeueable deps ti=<TaskInstance: Alex_Trigolos.task_prepare_data manual__2024-10-04T12:24:32.261499+00:00 [queued]>
[2024-10-04T12:24:44.496+0000] {taskinstance.py:2076} INFO - Dependencies all met for dep_context=requeueable deps ti=<TaskInstance: Alex_Trigolos.task_prepare_data manual__2024-10-04T12:24:32.261499+00:00 [queued]>
[2024-10-04T12:24:44.498+0000] {taskinstance.py:2306} INFO - Starting attempt 1 of 1
[2024-10-04T12:24:44.520+0000] {taskinstance.py:2330} INFO - Executing <Task(PythonOperator): task_prepare_data> on 2024-10-04 12:24:32.261499+00:00
[2024-10-04T12:24:44.537+0000] {standard_task_runner.py:64} INFO - Started process 70301 to run task
[2024-10-04T12:24:44.541+0000] {standard_task_runner.py:90} INFO - Running: ['***', 'tasks', 'run', 'Alex_Trigolos', 'task_prepare_data', 'manual__2024-10-04T12:24:32.261499+00:00', '--job-id', '850', '--raw', '--subdir', 'DAGS_FOLDER/***/dags/project.py', '--cfg-path', '/tmp/tmp1xol9h8w']
[2024-10-04T12:24:44.544+0000] {standard_task_runner.py:91} INFO - Job 850: Subtask task_prepare_data
[2024-10-04T12:24:44.617+0000] {task_command.py:426} INFO - Running <TaskInstance: Alex_Trigolos.task_prepare_data manual__2024-10-04T12:24:32.261499+00:00 [running]> on host 4b5f1410d111
[2024-10-04T12:24:44.732+0000] {taskinstance.py:2648} INFO - Exporting env vars: AIRFLOW_CTX_DAG_EMAIL='alexvlg34@gmail.com' AIRFLOW_CTX_DAG_OWNER='Alex Trigolos' AIRFLOW_CTX_DAG_ID='Alex_Trigolos' AIRFLOW_CTX_TASK_ID='task_prepare_data' AIRFLOW_CTX_EXECUTION_DATE='2024-10-04T12:24:32.261499+00:00' AIRFLOW_CTX_TRY_NUMBER='1' AIRFLOW_CTX_DAG_RUN_ID='manual__2024-10-04T12:24:32.261499+00:00'
[2024-10-04T12:24:44.734+0000] {taskinstance.py:430} INFO - ::endgroup::
[2024-10-04T12:24:44.753+0000] {project.py:136} INFO - Prepare data...
[2024-10-04T12:24:44.754+0000] {s3.py:1422} INFO - Downloading source S3 file from Bucket testmlops with path AlexTrigolos/project/datasets/dataset.pkl
[2024-10-04T12:24:44.769+0000] {base.py:84} INFO - Using connection ID 's3_connection' for task execution.
[2024-10-04T12:24:44.771+0000] {connection_wrapper.py:388} INFO - AWS Connection (conn_id='s3_connection', conn_type='aws') credentials retrieved from login and password.
[2024-10-04T12:24:45.138+0000] {project.py:93} INFO - /tmp/***_tmp_ctdxf9r2
[2024-10-04T12:24:45.250+0000] {base.py:84} INFO - Using connection ID 's3_connection' for task execution.
[2024-10-04T12:24:45.251+0000] {connection_wrapper.py:388} INFO - AWS Connection (conn_id='s3_connection', conn_type='aws') credentials retrieved from login and password.
[2024-10-04T12:24:45.790+0000] {base.py:84} INFO - Using connection ID 's3_connection' for task execution.
[2024-10-04T12:24:45.791+0000] {connection_wrapper.py:388} INFO - AWS Connection (conn_id='s3_connection', conn_type='aws') credentials retrieved from login and password.
[2024-10-04T12:24:46.274+0000] {base.py:84} INFO - Using connection ID 's3_connection' for task execution.
[2024-10-04T12:24:46.276+0000] {connection_wrapper.py:388} INFO - AWS Connection (conn_id='s3_connection', conn_type='aws') credentials retrieved from login and password.
[2024-10-04T12:24:46.487+0000] {base.py:84} INFO - Using connection ID 's3_connection' for task execution.
[2024-10-04T12:24:46.490+0000] {connection_wrapper.py:388} INFO - AWS Connection (conn_id='s3_connection', conn_type='aws') credentials retrieved from login and password.
[2024-10-04T12:24:46.690+0000] {base.py:84} INFO - Using connection ID 's3_connection' for task execution.
[2024-10-04T12:24:46.693+0000] {connection_wrapper.py:388} INFO - AWS Connection (conn_id='s3_connection', conn_type='aws') credentials retrieved from login and password.
[2024-10-04T12:24:46.881+0000] {base.py:84} INFO - Using connection ID 's3_connection' for task execution.
[2024-10-04T12:24:46.902+0000] {connection_wrapper.py:388} INFO - AWS Connection (conn_id='s3_connection', conn_type='aws') credentials retrieved from login and password.
[2024-10-04T12:24:47.121+0000] {project.py:166} INFO - Prepared data.
[2024-10-04T12:24:47.123+0000] {python.py:237} INFO - Done. Returned value was: None
[2024-10-04T12:24:47.125+0000] {taskinstance.py:441} INFO - ::group::Post task execution logs
[2024-10-04T12:24:47.431+0000] {taskinstance.py:1206} INFO - Marking task as SUCCESS. dag_id=Alex_Trigolos, task_id=task_prepare_data, run_id=manual__2024-10-04T12:24:32.261499+00:00, execution_date=20241004T122432, start_date=20241004T122444, end_date=20241004T122447
[2024-10-04T12:24:47.499+0000] {local_task_job_runner.py:243} INFO - Task exited with return code 0
[2024-10-04T12:24:47.536+0000] {taskinstance.py:3503} INFO - 3 downstream tasks scheduled from follow-on schedule check
[2024-10-04T12:24:47.540+0000] {local_task_job_runner.py:222} INFO - ::endgroup::
