[2024-09-25T07:21:43.404+0000] {local_task_job_runner.py:120} INFO - ::group::Pre task execution logs
[2024-09-25T07:21:43.421+0000] {taskinstance.py:2076} INFO - Dependencies all met for dep_context=non-requeueable deps ti=<TaskInstance: gradient_boosting_classifier_dag.gbc_get_data scheduled__2024-09-24T01:00:00+00:00 [queued]>
[2024-09-25T07:21:43.432+0000] {taskinstance.py:2076} INFO - Dependencies all met for dep_context=requeueable deps ti=<TaskInstance: gradient_boosting_classifier_dag.gbc_get_data scheduled__2024-09-24T01:00:00+00:00 [queued]>
[2024-09-25T07:21:43.433+0000] {taskinstance.py:2306} INFO - Starting attempt 1 of 1
[2024-09-25T07:21:43.446+0000] {taskinstance.py:2330} INFO - Executing <Task(PythonOperator): gbc_get_data> on 2024-09-24 01:00:00+00:00
[2024-09-25T07:21:43.455+0000] {standard_task_runner.py:64} INFO - Started process 5305 to run task
[2024-09-25T07:21:43.458+0000] {standard_task_runner.py:90} INFO - Running: ['***', 'tasks', 'run', 'gradient_boosting_classifier_dag', 'gbc_get_data', 'scheduled__2024-09-24T01:00:00+00:00', '--job-id', '576', '--raw', '--subdir', 'DAGS_FOLDER/***/dags/hw1.py', '--cfg-path', '/tmp/tmpel19ny6q']
[2024-09-25T07:21:43.461+0000] {standard_task_runner.py:91} INFO - Job 576: Subtask gbc_get_data
[2024-09-25T07:21:43.516+0000] {task_command.py:426} INFO - Running <TaskInstance: gradient_boosting_classifier_dag.gbc_get_data scheduled__2024-09-24T01:00:00+00:00 [running]> on host 82997fc6deb7
[2024-09-25T07:21:43.608+0000] {taskinstance.py:2648} INFO - Exporting env vars: AIRFLOW_CTX_DAG_EMAIL='alexvlg34@gmail.com' AIRFLOW_CTX_DAG_OWNER='Alex Trigolos' AIRFLOW_CTX_DAG_ID='gradient_boosting_classifier_dag' AIRFLOW_CTX_TASK_ID='gbc_get_data' AIRFLOW_CTX_EXECUTION_DATE='2024-09-24T01:00:00+00:00' AIRFLOW_CTX_TRY_NUMBER='1' AIRFLOW_CTX_DAG_RUN_ID='scheduled__2024-09-24T01:00:00+00:00'
[2024-09-25T07:21:43.610+0000] {taskinstance.py:430} INFO - ::endgroup::
[2024-09-25T07:21:43.626+0000] {hw1.py:91} INFO - Get data...
[2024-09-25T07:21:44.087+0000] {base.py:84} INFO - Using connection ID 's3_connection' for task execution.
[2024-09-25T07:21:44.088+0000] {connection_wrapper.py:388} INFO - AWS Connection (conn_id='s3_connection', conn_type='aws') credentials retrieved from login and password.
[2024-09-25T07:21:44.990+0000] {hw1.py:103} INFO - Finish get data.
[2024-09-25T07:21:44.991+0000] {python.py:237} INFO - Done. Returned value was: None
[2024-09-25T07:21:44.992+0000] {taskinstance.py:441} INFO - ::group::Post task execution logs
[2024-09-25T07:21:45.006+0000] {taskinstance.py:1206} INFO - Marking task as SUCCESS. dag_id=gradient_boosting_classifier_dag, task_id=gbc_get_data, run_id=scheduled__2024-09-24T01:00:00+00:00, execution_date=20240924T010000, start_date=20240925T072143, end_date=20240925T072145
[2024-09-25T07:21:45.042+0000] {local_task_job_runner.py:243} INFO - Task exited with return code 0
[2024-09-25T07:21:45.075+0000] {taskinstance.py:3503} INFO - 1 downstream tasks scheduled from follow-on schedule check
[2024-09-25T07:21:45.077+0000] {local_task_job_runner.py:222} INFO - ::endgroup::
