[2024-10-02T19:09:10.790+0000] {local_task_job_runner.py:120} INFO - ::group::Pre task execution logs
[2024-10-02T19:09:10.811+0000] {taskinstance.py:2076} INFO - Dependencies all met for dep_context=non-requeueable deps ti=<TaskInstance: decision_tree_classifier_dag.dtc_get_data manual__2024-10-02T19:09:06.330855+00:00 [queued]>
[2024-10-02T19:09:10.823+0000] {taskinstance.py:2076} INFO - Dependencies all met for dep_context=requeueable deps ti=<TaskInstance: decision_tree_classifier_dag.dtc_get_data manual__2024-10-02T19:09:06.330855+00:00 [queued]>
[2024-10-02T19:09:10.825+0000] {taskinstance.py:2306} INFO - Starting attempt 1 of 1
[2024-10-02T19:09:10.840+0000] {taskinstance.py:2330} INFO - Executing <Task(PythonOperator): dtc_get_data> on 2024-10-02 19:09:06.330855+00:00
[2024-10-02T19:09:10.849+0000] {standard_task_runner.py:64} INFO - Started process 65259 to run task
[2024-10-02T19:09:10.854+0000] {standard_task_runner.py:90} INFO - Running: ['***', 'tasks', 'run', 'decision_tree_classifier_dag', 'dtc_get_data', 'manual__2024-10-02T19:09:06.330855+00:00', '--job-id', '683', '--raw', '--subdir', 'DAGS_FOLDER/***/dags/.ipynb_checkpoints/hw1-checkpoint.py', '--cfg-path', '/tmp/tmpj0q9fh6a']
[2024-10-02T19:09:10.857+0000] {standard_task_runner.py:91} INFO - Job 683: Subtask dtc_get_data
[2024-10-02T19:09:10.905+0000] {task_command.py:426} INFO - Running <TaskInstance: decision_tree_classifier_dag.dtc_get_data manual__2024-10-02T19:09:06.330855+00:00 [running]> on host 8c9143e9e59a
[2024-10-02T19:09:10.989+0000] {taskinstance.py:2648} INFO - Exporting env vars: AIRFLOW_CTX_DAG_EMAIL='alexvlg34@gmail.com' AIRFLOW_CTX_DAG_OWNER='Alex Trigolos' AIRFLOW_CTX_DAG_ID='decision_tree_classifier_dag' AIRFLOW_CTX_TASK_ID='dtc_get_data' AIRFLOW_CTX_EXECUTION_DATE='2024-10-02T19:09:06.330855+00:00' AIRFLOW_CTX_TRY_NUMBER='1' AIRFLOW_CTX_DAG_RUN_ID='manual__2024-10-02T19:09:06.330855+00:00'
[2024-10-02T19:09:10.990+0000] {taskinstance.py:430} INFO - ::endgroup::
[2024-10-02T19:09:11.004+0000] {hw1-checkpoint.py:91} INFO - Get data...
[2024-10-02T19:09:11.225+0000] {base.py:84} INFO - Using connection ID 's3_connection' for task execution.
[2024-10-02T19:09:11.226+0000] {connection_wrapper.py:388} INFO - AWS Connection (conn_id='s3_connection', conn_type='aws') credentials retrieved from login and password.
[2024-10-02T19:09:12.004+0000] {hw1-checkpoint.py:103} INFO - Finish get data.
[2024-10-02T19:09:12.005+0000] {python.py:237} INFO - Done. Returned value was: None
[2024-10-02T19:09:12.006+0000] {taskinstance.py:441} INFO - ::group::Post task execution logs
[2024-10-02T19:09:12.020+0000] {taskinstance.py:1206} INFO - Marking task as SUCCESS. dag_id=decision_tree_classifier_dag, task_id=dtc_get_data, run_id=manual__2024-10-02T19:09:06.330855+00:00, execution_date=20241002T190906, start_date=20241002T190910, end_date=20241002T190912
[2024-10-02T19:09:12.070+0000] {local_task_job_runner.py:243} INFO - Task exited with return code 0
[2024-10-02T19:09:12.108+0000] {taskinstance.py:3503} INFO - 1 downstream tasks scheduled from follow-on schedule check
[2024-10-02T19:09:12.111+0000] {local_task_job_runner.py:222} INFO - ::endgroup::
