[2024-10-03T08:42:04.232+0000] {processor.py:161} INFO - Started process (PID=435) to work on /opt/airflow/dags/.cache/pip/http/6/c/6/9/8/6c698809e7ba486bfda9f084dd723e89dfeda99ae5ec61db3cbc2639
[2024-10-03T08:42:04.233+0000] {processor.py:830} INFO - Processing file /opt/airflow/dags/.cache/pip/http/6/c/6/9/8/6c698809e7ba486bfda9f084dd723e89dfeda99ae5ec61db3cbc2639 for tasks to queue
[2024-10-03T08:42:04.237+0000] {logging_mixin.py:188} INFO - [2024-10-03T08:42:04.237+0000] {dagbag.py:545} INFO - Filling up the DagBag from /opt/airflow/dags/.cache/pip/http/6/c/6/9/8/6c698809e7ba486bfda9f084dd723e89dfeda99ae5ec61db3cbc2639
[2024-10-03T08:42:04.262+0000] {processor.py:842} WARNING - No viable dags retrieved from /opt/airflow/dags/.cache/pip/http/6/c/6/9/8/6c698809e7ba486bfda9f084dd723e89dfeda99ae5ec61db3cbc2639
[2024-10-03T08:42:04.273+0000] {processor.py:183} INFO - Processing /opt/airflow/dags/.cache/pip/http/6/c/6/9/8/6c698809e7ba486bfda9f084dd723e89dfeda99ae5ec61db3cbc2639 took 0.046 seconds
[2024-10-03T08:42:39.249+0000] {processor.py:161} INFO - Started process (PID=675) to work on /opt/airflow/dags/.cache/pip/http/6/c/6/9/8/6c698809e7ba486bfda9f084dd723e89dfeda99ae5ec61db3cbc2639
[2024-10-03T08:42:39.251+0000] {processor.py:830} INFO - Processing file /opt/airflow/dags/.cache/pip/http/6/c/6/9/8/6c698809e7ba486bfda9f084dd723e89dfeda99ae5ec61db3cbc2639 for tasks to queue
[2024-10-03T08:42:39.253+0000] {logging_mixin.py:188} INFO - [2024-10-03T08:42:39.253+0000] {dagbag.py:545} INFO - Filling up the DagBag from /opt/airflow/dags/.cache/pip/http/6/c/6/9/8/6c698809e7ba486bfda9f084dd723e89dfeda99ae5ec61db3cbc2639
[2024-10-03T08:42:39.279+0000] {processor.py:842} WARNING - No viable dags retrieved from /opt/airflow/dags/.cache/pip/http/6/c/6/9/8/6c698809e7ba486bfda9f084dd723e89dfeda99ae5ec61db3cbc2639
[2024-10-03T08:42:39.297+0000] {processor.py:183} INFO - Processing /opt/airflow/dags/.cache/pip/http/6/c/6/9/8/6c698809e7ba486bfda9f084dd723e89dfeda99ae5ec61db3cbc2639 took 0.056 seconds
[2024-10-03T08:43:12.368+0000] {processor.py:161} INFO - Started process (PID=919) to work on /opt/airflow/dags/.cache/pip/http/6/c/6/9/8/6c698809e7ba486bfda9f084dd723e89dfeda99ae5ec61db3cbc2639
[2024-10-03T08:43:12.370+0000] {processor.py:830} INFO - Processing file /opt/airflow/dags/.cache/pip/http/6/c/6/9/8/6c698809e7ba486bfda9f084dd723e89dfeda99ae5ec61db3cbc2639 for tasks to queue
[2024-10-03T08:43:12.372+0000] {logging_mixin.py:188} INFO - [2024-10-03T08:43:12.372+0000] {dagbag.py:545} INFO - Filling up the DagBag from /opt/airflow/dags/.cache/pip/http/6/c/6/9/8/6c698809e7ba486bfda9f084dd723e89dfeda99ae5ec61db3cbc2639
[2024-10-03T08:43:12.408+0000] {processor.py:842} WARNING - No viable dags retrieved from /opt/airflow/dags/.cache/pip/http/6/c/6/9/8/6c698809e7ba486bfda9f084dd723e89dfeda99ae5ec61db3cbc2639
[2024-10-03T08:43:12.437+0000] {processor.py:183} INFO - Processing /opt/airflow/dags/.cache/pip/http/6/c/6/9/8/6c698809e7ba486bfda9f084dd723e89dfeda99ae5ec61db3cbc2639 took 0.084 seconds
[2024-10-03T08:43:44.830+0000] {processor.py:161} INFO - Started process (PID=1160) to work on /opt/airflow/dags/.cache/pip/http/6/c/6/9/8/6c698809e7ba486bfda9f084dd723e89dfeda99ae5ec61db3cbc2639
[2024-10-03T08:43:44.831+0000] {processor.py:830} INFO - Processing file /opt/airflow/dags/.cache/pip/http/6/c/6/9/8/6c698809e7ba486bfda9f084dd723e89dfeda99ae5ec61db3cbc2639 for tasks to queue
[2024-10-03T08:43:44.833+0000] {logging_mixin.py:188} INFO - [2024-10-03T08:43:44.833+0000] {dagbag.py:545} INFO - Filling up the DagBag from /opt/airflow/dags/.cache/pip/http/6/c/6/9/8/6c698809e7ba486bfda9f084dd723e89dfeda99ae5ec61db3cbc2639
[2024-10-03T08:43:44.878+0000] {processor.py:842} WARNING - No viable dags retrieved from /opt/airflow/dags/.cache/pip/http/6/c/6/9/8/6c698809e7ba486bfda9f084dd723e89dfeda99ae5ec61db3cbc2639
[2024-10-03T08:43:44.890+0000] {processor.py:183} INFO - Processing /opt/airflow/dags/.cache/pip/http/6/c/6/9/8/6c698809e7ba486bfda9f084dd723e89dfeda99ae5ec61db3cbc2639 took 0.069 seconds
[2024-10-03T08:44:17.121+0000] {processor.py:161} INFO - Started process (PID=1410) to work on /opt/airflow/dags/.cache/pip/http/6/c/6/9/8/6c698809e7ba486bfda9f084dd723e89dfeda99ae5ec61db3cbc2639
[2024-10-03T08:44:17.124+0000] {processor.py:830} INFO - Processing file /opt/airflow/dags/.cache/pip/http/6/c/6/9/8/6c698809e7ba486bfda9f084dd723e89dfeda99ae5ec61db3cbc2639 for tasks to queue
[2024-10-03T08:44:17.126+0000] {logging_mixin.py:188} INFO - [2024-10-03T08:44:17.125+0000] {dagbag.py:545} INFO - Filling up the DagBag from /opt/airflow/dags/.cache/pip/http/6/c/6/9/8/6c698809e7ba486bfda9f084dd723e89dfeda99ae5ec61db3cbc2639
[2024-10-03T08:44:17.146+0000] {processor.py:842} WARNING - No viable dags retrieved from /opt/airflow/dags/.cache/pip/http/6/c/6/9/8/6c698809e7ba486bfda9f084dd723e89dfeda99ae5ec61db3cbc2639
[2024-10-03T08:44:17.158+0000] {processor.py:183} INFO - Processing /opt/airflow/dags/.cache/pip/http/6/c/6/9/8/6c698809e7ba486bfda9f084dd723e89dfeda99ae5ec61db3cbc2639 took 0.043 seconds
[2024-10-03T08:44:49.986+0000] {processor.py:161} INFO - Started process (PID=1652) to work on /opt/airflow/dags/.cache/pip/http/6/c/6/9/8/6c698809e7ba486bfda9f084dd723e89dfeda99ae5ec61db3cbc2639
[2024-10-03T08:44:49.988+0000] {processor.py:830} INFO - Processing file /opt/airflow/dags/.cache/pip/http/6/c/6/9/8/6c698809e7ba486bfda9f084dd723e89dfeda99ae5ec61db3cbc2639 for tasks to queue
[2024-10-03T08:44:49.990+0000] {logging_mixin.py:188} INFO - [2024-10-03T08:44:49.990+0000] {dagbag.py:545} INFO - Filling up the DagBag from /opt/airflow/dags/.cache/pip/http/6/c/6/9/8/6c698809e7ba486bfda9f084dd723e89dfeda99ae5ec61db3cbc2639
[2024-10-03T08:44:50.026+0000] {processor.py:842} WARNING - No viable dags retrieved from /opt/airflow/dags/.cache/pip/http/6/c/6/9/8/6c698809e7ba486bfda9f084dd723e89dfeda99ae5ec61db3cbc2639
[2024-10-03T08:44:50.048+0000] {processor.py:183} INFO - Processing /opt/airflow/dags/.cache/pip/http/6/c/6/9/8/6c698809e7ba486bfda9f084dd723e89dfeda99ae5ec61db3cbc2639 took 0.073 seconds
[2024-10-03T08:45:24.801+0000] {processor.py:161} INFO - Started process (PID=1894) to work on /opt/airflow/dags/.cache/pip/http/6/c/6/9/8/6c698809e7ba486bfda9f084dd723e89dfeda99ae5ec61db3cbc2639
[2024-10-03T08:45:24.803+0000] {processor.py:830} INFO - Processing file /opt/airflow/dags/.cache/pip/http/6/c/6/9/8/6c698809e7ba486bfda9f084dd723e89dfeda99ae5ec61db3cbc2639 for tasks to queue
[2024-10-03T08:45:24.807+0000] {logging_mixin.py:188} INFO - [2024-10-03T08:45:24.806+0000] {dagbag.py:545} INFO - Filling up the DagBag from /opt/airflow/dags/.cache/pip/http/6/c/6/9/8/6c698809e7ba486bfda9f084dd723e89dfeda99ae5ec61db3cbc2639
[2024-10-03T08:45:24.868+0000] {processor.py:842} WARNING - No viable dags retrieved from /opt/airflow/dags/.cache/pip/http/6/c/6/9/8/6c698809e7ba486bfda9f084dd723e89dfeda99ae5ec61db3cbc2639
[2024-10-03T08:45:24.895+0000] {processor.py:183} INFO - Processing /opt/airflow/dags/.cache/pip/http/6/c/6/9/8/6c698809e7ba486bfda9f084dd723e89dfeda99ae5ec61db3cbc2639 took 0.109 seconds
[2024-10-03T08:45:55.557+0000] {processor.py:161} INFO - Started process (PID=2135) to work on /opt/airflow/dags/.cache/pip/http/6/c/6/9/8/6c698809e7ba486bfda9f084dd723e89dfeda99ae5ec61db3cbc2639
[2024-10-03T08:45:55.559+0000] {processor.py:830} INFO - Processing file /opt/airflow/dags/.cache/pip/http/6/c/6/9/8/6c698809e7ba486bfda9f084dd723e89dfeda99ae5ec61db3cbc2639 for tasks to queue
[2024-10-03T08:45:55.563+0000] {logging_mixin.py:188} INFO - [2024-10-03T08:45:55.563+0000] {dagbag.py:545} INFO - Filling up the DagBag from /opt/airflow/dags/.cache/pip/http/6/c/6/9/8/6c698809e7ba486bfda9f084dd723e89dfeda99ae5ec61db3cbc2639
[2024-10-03T08:45:55.607+0000] {processor.py:842} WARNING - No viable dags retrieved from /opt/airflow/dags/.cache/pip/http/6/c/6/9/8/6c698809e7ba486bfda9f084dd723e89dfeda99ae5ec61db3cbc2639
[2024-10-03T08:45:55.636+0000] {processor.py:183} INFO - Processing /opt/airflow/dags/.cache/pip/http/6/c/6/9/8/6c698809e7ba486bfda9f084dd723e89dfeda99ae5ec61db3cbc2639 took 0.091 seconds
[2024-10-03T08:46:26.080+0000] {processor.py:161} INFO - Started process (PID=2377) to work on /opt/airflow/dags/.cache/pip/http/6/c/6/9/8/6c698809e7ba486bfda9f084dd723e89dfeda99ae5ec61db3cbc2639
[2024-10-03T08:46:26.081+0000] {processor.py:830} INFO - Processing file /opt/airflow/dags/.cache/pip/http/6/c/6/9/8/6c698809e7ba486bfda9f084dd723e89dfeda99ae5ec61db3cbc2639 for tasks to queue
[2024-10-03T08:46:26.084+0000] {logging_mixin.py:188} INFO - [2024-10-03T08:46:26.083+0000] {dagbag.py:545} INFO - Filling up the DagBag from /opt/airflow/dags/.cache/pip/http/6/c/6/9/8/6c698809e7ba486bfda9f084dd723e89dfeda99ae5ec61db3cbc2639
[2024-10-03T08:46:26.108+0000] {processor.py:842} WARNING - No viable dags retrieved from /opt/airflow/dags/.cache/pip/http/6/c/6/9/8/6c698809e7ba486bfda9f084dd723e89dfeda99ae5ec61db3cbc2639
[2024-10-03T08:46:26.126+0000] {processor.py:183} INFO - Processing /opt/airflow/dags/.cache/pip/http/6/c/6/9/8/6c698809e7ba486bfda9f084dd723e89dfeda99ae5ec61db3cbc2639 took 0.055 seconds
[2024-10-03T08:47:16.184+0000] {processor.py:161} INFO - Started process (PID=2617) to work on /opt/airflow/dags/.cache/pip/http/6/c/6/9/8/6c698809e7ba486bfda9f084dd723e89dfeda99ae5ec61db3cbc2639
[2024-10-03T08:47:16.186+0000] {processor.py:830} INFO - Processing file /opt/airflow/dags/.cache/pip/http/6/c/6/9/8/6c698809e7ba486bfda9f084dd723e89dfeda99ae5ec61db3cbc2639 for tasks to queue
[2024-10-03T08:47:16.189+0000] {logging_mixin.py:188} INFO - [2024-10-03T08:47:16.189+0000] {dagbag.py:545} INFO - Filling up the DagBag from /opt/airflow/dags/.cache/pip/http/6/c/6/9/8/6c698809e7ba486bfda9f084dd723e89dfeda99ae5ec61db3cbc2639
[2024-10-03T08:47:16.220+0000] {processor.py:842} WARNING - No viable dags retrieved from /opt/airflow/dags/.cache/pip/http/6/c/6/9/8/6c698809e7ba486bfda9f084dd723e89dfeda99ae5ec61db3cbc2639
[2024-10-03T08:47:16.241+0000] {processor.py:183} INFO - Processing /opt/airflow/dags/.cache/pip/http/6/c/6/9/8/6c698809e7ba486bfda9f084dd723e89dfeda99ae5ec61db3cbc2639 took 0.074 seconds
[2024-10-03T08:47:50.349+0000] {processor.py:161} INFO - Started process (PID=2865) to work on /opt/airflow/dags/.cache/pip/http/6/c/6/9/8/6c698809e7ba486bfda9f084dd723e89dfeda99ae5ec61db3cbc2639
[2024-10-03T08:47:50.351+0000] {processor.py:830} INFO - Processing file /opt/airflow/dags/.cache/pip/http/6/c/6/9/8/6c698809e7ba486bfda9f084dd723e89dfeda99ae5ec61db3cbc2639 for tasks to queue
[2024-10-03T08:47:50.355+0000] {logging_mixin.py:188} INFO - [2024-10-03T08:47:50.354+0000] {dagbag.py:545} INFO - Filling up the DagBag from /opt/airflow/dags/.cache/pip/http/6/c/6/9/8/6c698809e7ba486bfda9f084dd723e89dfeda99ae5ec61db3cbc2639
[2024-10-03T08:47:50.425+0000] {processor.py:842} WARNING - No viable dags retrieved from /opt/airflow/dags/.cache/pip/http/6/c/6/9/8/6c698809e7ba486bfda9f084dd723e89dfeda99ae5ec61db3cbc2639
[2024-10-03T08:47:50.447+0000] {processor.py:183} INFO - Processing /opt/airflow/dags/.cache/pip/http/6/c/6/9/8/6c698809e7ba486bfda9f084dd723e89dfeda99ae5ec61db3cbc2639 took 0.108 seconds
[2024-10-03T08:48:23.934+0000] {processor.py:161} INFO - Started process (PID=3107) to work on /opt/airflow/dags/.cache/pip/http/6/c/6/9/8/6c698809e7ba486bfda9f084dd723e89dfeda99ae5ec61db3cbc2639
[2024-10-03T08:48:23.934+0000] {processor.py:830} INFO - Processing file /opt/airflow/dags/.cache/pip/http/6/c/6/9/8/6c698809e7ba486bfda9f084dd723e89dfeda99ae5ec61db3cbc2639 for tasks to queue
[2024-10-03T08:48:23.936+0000] {logging_mixin.py:188} INFO - [2024-10-03T08:48:23.936+0000] {dagbag.py:545} INFO - Filling up the DagBag from /opt/airflow/dags/.cache/pip/http/6/c/6/9/8/6c698809e7ba486bfda9f084dd723e89dfeda99ae5ec61db3cbc2639
[2024-10-03T08:48:23.960+0000] {processor.py:842} WARNING - No viable dags retrieved from /opt/airflow/dags/.cache/pip/http/6/c/6/9/8/6c698809e7ba486bfda9f084dd723e89dfeda99ae5ec61db3cbc2639
[2024-10-03T08:48:23.971+0000] {processor.py:183} INFO - Processing /opt/airflow/dags/.cache/pip/http/6/c/6/9/8/6c698809e7ba486bfda9f084dd723e89dfeda99ae5ec61db3cbc2639 took 0.042 seconds
[2024-10-03T08:48:54.617+0000] {processor.py:161} INFO - Started process (PID=3349) to work on /opt/airflow/dags/.cache/pip/http/6/c/6/9/8/6c698809e7ba486bfda9f084dd723e89dfeda99ae5ec61db3cbc2639
[2024-10-03T08:48:54.618+0000] {processor.py:830} INFO - Processing file /opt/airflow/dags/.cache/pip/http/6/c/6/9/8/6c698809e7ba486bfda9f084dd723e89dfeda99ae5ec61db3cbc2639 for tasks to queue
[2024-10-03T08:48:54.620+0000] {logging_mixin.py:188} INFO - [2024-10-03T08:48:54.619+0000] {dagbag.py:545} INFO - Filling up the DagBag from /opt/airflow/dags/.cache/pip/http/6/c/6/9/8/6c698809e7ba486bfda9f084dd723e89dfeda99ae5ec61db3cbc2639
[2024-10-03T08:48:54.643+0000] {processor.py:842} WARNING - No viable dags retrieved from /opt/airflow/dags/.cache/pip/http/6/c/6/9/8/6c698809e7ba486bfda9f084dd723e89dfeda99ae5ec61db3cbc2639
[2024-10-03T08:48:54.655+0000] {processor.py:183} INFO - Processing /opt/airflow/dags/.cache/pip/http/6/c/6/9/8/6c698809e7ba486bfda9f084dd723e89dfeda99ae5ec61db3cbc2639 took 0.042 seconds
[2024-10-03T08:49:25.810+0000] {processor.py:161} INFO - Started process (PID=3593) to work on /opt/airflow/dags/.cache/pip/http/6/c/6/9/8/6c698809e7ba486bfda9f084dd723e89dfeda99ae5ec61db3cbc2639
[2024-10-03T08:49:25.811+0000] {processor.py:830} INFO - Processing file /opt/airflow/dags/.cache/pip/http/6/c/6/9/8/6c698809e7ba486bfda9f084dd723e89dfeda99ae5ec61db3cbc2639 for tasks to queue
[2024-10-03T08:49:25.812+0000] {logging_mixin.py:188} INFO - [2024-10-03T08:49:25.812+0000] {dagbag.py:545} INFO - Filling up the DagBag from /opt/airflow/dags/.cache/pip/http/6/c/6/9/8/6c698809e7ba486bfda9f084dd723e89dfeda99ae5ec61db3cbc2639
[2024-10-03T08:49:25.826+0000] {processor.py:842} WARNING - No viable dags retrieved from /opt/airflow/dags/.cache/pip/http/6/c/6/9/8/6c698809e7ba486bfda9f084dd723e89dfeda99ae5ec61db3cbc2639
[2024-10-03T08:49:25.839+0000] {processor.py:183} INFO - Processing /opt/airflow/dags/.cache/pip/http/6/c/6/9/8/6c698809e7ba486bfda9f084dd723e89dfeda99ae5ec61db3cbc2639 took 0.034 seconds
[2024-10-03T08:49:58.450+0000] {processor.py:161} INFO - Started process (PID=3834) to work on /opt/airflow/dags/.cache/pip/http/6/c/6/9/8/6c698809e7ba486bfda9f084dd723e89dfeda99ae5ec61db3cbc2639
[2024-10-03T08:49:58.452+0000] {processor.py:830} INFO - Processing file /opt/airflow/dags/.cache/pip/http/6/c/6/9/8/6c698809e7ba486bfda9f084dd723e89dfeda99ae5ec61db3cbc2639 for tasks to queue
[2024-10-03T08:49:58.454+0000] {logging_mixin.py:188} INFO - [2024-10-03T08:49:58.454+0000] {dagbag.py:545} INFO - Filling up the DagBag from /opt/airflow/dags/.cache/pip/http/6/c/6/9/8/6c698809e7ba486bfda9f084dd723e89dfeda99ae5ec61db3cbc2639
[2024-10-03T08:49:58.507+0000] {processor.py:842} WARNING - No viable dags retrieved from /opt/airflow/dags/.cache/pip/http/6/c/6/9/8/6c698809e7ba486bfda9f084dd723e89dfeda99ae5ec61db3cbc2639
[2024-10-03T08:49:58.520+0000] {processor.py:183} INFO - Processing /opt/airflow/dags/.cache/pip/http/6/c/6/9/8/6c698809e7ba486bfda9f084dd723e89dfeda99ae5ec61db3cbc2639 took 0.077 seconds
[2024-10-03T08:50:31.627+0000] {processor.py:161} INFO - Started process (PID=4078) to work on /opt/airflow/dags/.cache/pip/http/6/c/6/9/8/6c698809e7ba486bfda9f084dd723e89dfeda99ae5ec61db3cbc2639
[2024-10-03T08:50:31.627+0000] {processor.py:830} INFO - Processing file /opt/airflow/dags/.cache/pip/http/6/c/6/9/8/6c698809e7ba486bfda9f084dd723e89dfeda99ae5ec61db3cbc2639 for tasks to queue
[2024-10-03T08:50:31.629+0000] {logging_mixin.py:188} INFO - [2024-10-03T08:50:31.629+0000] {dagbag.py:545} INFO - Filling up the DagBag from /opt/airflow/dags/.cache/pip/http/6/c/6/9/8/6c698809e7ba486bfda9f084dd723e89dfeda99ae5ec61db3cbc2639
[2024-10-03T08:50:31.642+0000] {processor.py:842} WARNING - No viable dags retrieved from /opt/airflow/dags/.cache/pip/http/6/c/6/9/8/6c698809e7ba486bfda9f084dd723e89dfeda99ae5ec61db3cbc2639
[2024-10-03T08:50:31.653+0000] {processor.py:183} INFO - Processing /opt/airflow/dags/.cache/pip/http/6/c/6/9/8/6c698809e7ba486bfda9f084dd723e89dfeda99ae5ec61db3cbc2639 took 0.031 seconds
[2024-10-03T08:56:32.782+0000] {processor.py:161} INFO - Started process (PID=4444) to work on /opt/airflow/dags/.cache/pip/http/6/c/6/9/8/6c698809e7ba486bfda9f084dd723e89dfeda99ae5ec61db3cbc2639
[2024-10-03T08:56:32.783+0000] {processor.py:830} INFO - Processing file /opt/airflow/dags/.cache/pip/http/6/c/6/9/8/6c698809e7ba486bfda9f084dd723e89dfeda99ae5ec61db3cbc2639 for tasks to queue
[2024-10-03T08:56:32.784+0000] {logging_mixin.py:188} INFO - [2024-10-03T08:56:32.783+0000] {dagbag.py:545} INFO - Filling up the DagBag from /opt/airflow/dags/.cache/pip/http/6/c/6/9/8/6c698809e7ba486bfda9f084dd723e89dfeda99ae5ec61db3cbc2639
[2024-10-03T08:56:32.806+0000] {processor.py:842} WARNING - No viable dags retrieved from /opt/airflow/dags/.cache/pip/http/6/c/6/9/8/6c698809e7ba486bfda9f084dd723e89dfeda99ae5ec61db3cbc2639
[2024-10-03T08:56:32.816+0000] {processor.py:183} INFO - Processing /opt/airflow/dags/.cache/pip/http/6/c/6/9/8/6c698809e7ba486bfda9f084dd723e89dfeda99ae5ec61db3cbc2639 took 0.040 seconds
[2024-10-03T08:57:04.502+0000] {processor.py:161} INFO - Started process (PID=4696) to work on /opt/airflow/dags/.cache/pip/http/6/c/6/9/8/6c698809e7ba486bfda9f084dd723e89dfeda99ae5ec61db3cbc2639
[2024-10-03T08:57:04.503+0000] {processor.py:830} INFO - Processing file /opt/airflow/dags/.cache/pip/http/6/c/6/9/8/6c698809e7ba486bfda9f084dd723e89dfeda99ae5ec61db3cbc2639 for tasks to queue
[2024-10-03T08:57:04.503+0000] {logging_mixin.py:188} INFO - [2024-10-03T08:57:04.503+0000] {dagbag.py:545} INFO - Filling up the DagBag from /opt/airflow/dags/.cache/pip/http/6/c/6/9/8/6c698809e7ba486bfda9f084dd723e89dfeda99ae5ec61db3cbc2639
[2024-10-03T08:57:04.533+0000] {processor.py:842} WARNING - No viable dags retrieved from /opt/airflow/dags/.cache/pip/http/6/c/6/9/8/6c698809e7ba486bfda9f084dd723e89dfeda99ae5ec61db3cbc2639
[2024-10-03T08:57:04.544+0000] {processor.py:183} INFO - Processing /opt/airflow/dags/.cache/pip/http/6/c/6/9/8/6c698809e7ba486bfda9f084dd723e89dfeda99ae5ec61db3cbc2639 took 0.047 seconds
