[2024-10-02T19:56:18.910+0000] {local_task_job_runner.py:120} INFO - ::group::Pre task execution logs
[2024-10-02T19:56:18.932+0000] {taskinstance.py:2076} INFO - Dependencies all met for dep_context=non-requeueable deps ti=<TaskInstance: decision_tree_classifier_dag.dtc_prepare_data manual__2024-10-02T19:56:11.585866+00:00 [queued]>
[2024-10-02T19:56:18.951+0000] {taskinstance.py:2076} INFO - Dependencies all met for dep_context=requeueable deps ti=<TaskInstance: decision_tree_classifier_dag.dtc_prepare_data manual__2024-10-02T19:56:11.585866+00:00 [queued]>
[2024-10-02T19:56:18.954+0000] {taskinstance.py:2306} INFO - Starting attempt 1 of 1
[2024-10-02T19:56:18.971+0000] {taskinstance.py:2330} INFO - Executing <Task(PythonOperator): dtc_prepare_data> on 2024-10-02 19:56:11.585866+00:00
[2024-10-02T19:56:18.982+0000] {standard_task_runner.py:64} INFO - Started process 1598 to run task
[2024-10-02T19:56:18.988+0000] {standard_task_runner.py:90} INFO - Running: ['***', 'tasks', 'run', 'decision_tree_classifier_dag', 'dtc_prepare_data', 'manual__2024-10-02T19:56:11.585866+00:00', '--job-id', '701', '--raw', '--subdir', 'DAGS_FOLDER/***/dags/hw1.py', '--cfg-path', '/tmp/tmpg2pev5i_']
[2024-10-02T19:56:18.997+0000] {standard_task_runner.py:91} INFO - Job 701: Subtask dtc_prepare_data
[2024-10-02T19:56:19.145+0000] {task_command.py:426} INFO - Running <TaskInstance: decision_tree_classifier_dag.dtc_prepare_data manual__2024-10-02T19:56:11.585866+00:00 [running]> on host 4b5f1410d111
[2024-10-02T19:56:19.382+0000] {taskinstance.py:2648} INFO - Exporting env vars: AIRFLOW_CTX_DAG_EMAIL='alexvlg34@gmail.com' AIRFLOW_CTX_DAG_OWNER='Alex Trigolos' AIRFLOW_CTX_DAG_ID='decision_tree_classifier_dag' AIRFLOW_CTX_TASK_ID='dtc_prepare_data' AIRFLOW_CTX_EXECUTION_DATE='2024-10-02T19:56:11.585866+00:00' AIRFLOW_CTX_TRY_NUMBER='1' AIRFLOW_CTX_DAG_RUN_ID='manual__2024-10-02T19:56:11.585866+00:00'
[2024-10-02T19:56:19.384+0000] {taskinstance.py:430} INFO - ::endgroup::
[2024-10-02T19:56:19.413+0000] {hw1.py:107} INFO - Prepare data...
[2024-10-02T19:56:19.422+0000] {s3.py:1422} INFO - Downloading source S3 file from Bucket testmlops with path AlexTrigolos/DecisionTreeClassifier/datasets/dataset.pkl
[2024-10-02T19:56:19.439+0000] {base.py:84} INFO - Using connection ID 's3_connection' for task execution.
[2024-10-02T19:56:19.441+0000] {connection_wrapper.py:388} INFO - AWS Connection (conn_id='s3_connection', conn_type='aws') credentials retrieved from login and password.
[2024-10-02T19:56:20.071+0000] {hw1.py:78} INFO - /tmp/***_tmp_nimgpwfy
[2024-10-02T19:56:20.184+0000] {base.py:84} INFO - Using connection ID 's3_connection' for task execution.
[2024-10-02T19:56:20.185+0000] {connection_wrapper.py:388} INFO - AWS Connection (conn_id='s3_connection', conn_type='aws') credentials retrieved from login and password.
[2024-10-02T19:56:20.741+0000] {base.py:84} INFO - Using connection ID 's3_connection' for task execution.
[2024-10-02T19:56:20.742+0000] {connection_wrapper.py:388} INFO - AWS Connection (conn_id='s3_connection', conn_type='aws') credentials retrieved from login and password.
[2024-10-02T19:56:20.939+0000] {base.py:84} INFO - Using connection ID 's3_connection' for task execution.
[2024-10-02T19:56:20.941+0000] {connection_wrapper.py:388} INFO - AWS Connection (conn_id='s3_connection', conn_type='aws') credentials retrieved from login and password.
[2024-10-02T19:56:21.134+0000] {base.py:84} INFO - Using connection ID 's3_connection' for task execution.
[2024-10-02T19:56:21.136+0000] {connection_wrapper.py:388} INFO - AWS Connection (conn_id='s3_connection', conn_type='aws') credentials retrieved from login and password.
[2024-10-02T19:56:21.581+0000] {hw1.py:133} INFO - Prepared data.
[2024-10-02T19:56:21.582+0000] {python.py:237} INFO - Done. Returned value was: None
[2024-10-02T19:56:21.583+0000] {taskinstance.py:441} INFO - ::group::Post task execution logs
[2024-10-02T19:56:21.592+0000] {taskinstance.py:1206} INFO - Marking task as SUCCESS. dag_id=decision_tree_classifier_dag, task_id=dtc_prepare_data, run_id=manual__2024-10-02T19:56:11.585866+00:00, execution_date=20241002T195611, start_date=20241002T195618, end_date=20241002T195621
[2024-10-02T19:56:21.622+0000] {local_task_job_runner.py:243} INFO - Task exited with return code 0
[2024-10-02T19:56:21.647+0000] {taskinstance.py:3503} INFO - 1 downstream tasks scheduled from follow-on schedule check
[2024-10-02T19:56:21.650+0000] {local_task_job_runner.py:222} INFO - ::endgroup::
