[2024-09-24T18:56:29.896+0000] {local_task_job_runner.py:120} INFO - ::group::Pre task execution logs
[2024-09-24T18:56:29.910+0000] {taskinstance.py:2076} INFO - Dependencies all met for dep_context=non-requeueable deps ti=<TaskInstance: random_forest_classifier_dag.rfc_train_model manual__2024-09-24T18:56:19.966866+00:00 [queued]>
[2024-09-24T18:56:29.916+0000] {taskinstance.py:2076} INFO - Dependencies all met for dep_context=requeueable deps ti=<TaskInstance: random_forest_classifier_dag.rfc_train_model manual__2024-09-24T18:56:19.966866+00:00 [queued]>
[2024-09-24T18:56:29.918+0000] {taskinstance.py:2306} INFO - Starting attempt 1 of 1
[2024-09-24T18:56:29.928+0000] {taskinstance.py:2330} INFO - Executing <Task(PythonOperator): rfc_train_model> on 2024-09-24 18:56:19.966866+00:00
[2024-09-24T18:56:29.937+0000] {standard_task_runner.py:64} INFO - Started process 49833 to run task
[2024-09-24T18:56:29.940+0000] {standard_task_runner.py:90} INFO - Running: ['***', 'tasks', 'run', 'random_forest_classifier_dag', 'rfc_train_model', 'manual__2024-09-24T18:56:19.966866+00:00', '--job-id', '492', '--raw', '--subdir', 'DAGS_FOLDER/***/dags/.ipynb_checkpoints/hw1-checkpoint.py', '--cfg-path', '/tmp/tmpcyku31az']
[2024-09-24T18:56:29.942+0000] {standard_task_runner.py:91} INFO - Job 492: Subtask rfc_train_model
[2024-09-24T18:56:29.981+0000] {task_command.py:426} INFO - Running <TaskInstance: random_forest_classifier_dag.rfc_train_model manual__2024-09-24T18:56:19.966866+00:00 [running]> on host 82997fc6deb7
[2024-09-24T18:56:30.046+0000] {taskinstance.py:2648} INFO - Exporting env vars: AIRFLOW_CTX_DAG_EMAIL='alexvlg34@gmail.com' AIRFLOW_CTX_DAG_OWNER='Alex Trigolos' AIRFLOW_CTX_DAG_ID='random_forest_classifier_dag' AIRFLOW_CTX_TASK_ID='rfc_train_model' AIRFLOW_CTX_EXECUTION_DATE='2024-09-24T18:56:19.966866+00:00' AIRFLOW_CTX_TRY_NUMBER='1' AIRFLOW_CTX_DAG_RUN_ID='manual__2024-09-24T18:56:19.966866+00:00'
[2024-09-24T18:56:30.047+0000] {taskinstance.py:430} INFO - ::endgroup::
[2024-09-24T18:56:30.056+0000] {hw1-checkpoint.py:145} INFO - Train model...
[2024-09-24T18:56:30.057+0000] {s3.py:1422} INFO - Downloading source S3 file from Bucket testmlops with path AlexTrigolos/RandomForestClassifier/datasets/X_train.pkl
[2024-09-24T18:56:30.064+0000] {base.py:84} INFO - Using connection ID 's3_connection' for task execution.
[2024-09-24T18:56:30.065+0000] {connection_wrapper.py:388} INFO - AWS Connection (conn_id='s3_connection', conn_type='aws') credentials retrieved from login and password.
[2024-09-24T18:56:30.419+0000] {hw1-checkpoint.py:86} INFO - /tmp/***_tmp_69vgl5re
[2024-09-24T18:56:30.423+0000] {s3.py:1422} INFO - Downloading source S3 file from Bucket testmlops with path AlexTrigolos/RandomForestClassifier/datasets/X_test.pkl
[2024-09-24T18:56:30.430+0000] {base.py:84} INFO - Using connection ID 's3_connection' for task execution.
[2024-09-24T18:56:30.431+0000] {connection_wrapper.py:388} INFO - AWS Connection (conn_id='s3_connection', conn_type='aws') credentials retrieved from login and password.
[2024-09-24T18:56:30.592+0000] {hw1-checkpoint.py:86} INFO - /tmp/***_tmp_72iepiey
[2024-09-24T18:56:30.594+0000] {s3.py:1422} INFO - Downloading source S3 file from Bucket testmlops with path AlexTrigolos/RandomForestClassifier/datasets/y_train.pkl
[2024-09-24T18:56:30.601+0000] {base.py:84} INFO - Using connection ID 's3_connection' for task execution.
[2024-09-24T18:56:30.602+0000] {connection_wrapper.py:388} INFO - AWS Connection (conn_id='s3_connection', conn_type='aws') credentials retrieved from login and password.
[2024-09-24T18:56:30.763+0000] {hw1-checkpoint.py:86} INFO - /tmp/***_tmp_nn9dua0d
[2024-09-24T18:56:30.765+0000] {s3.py:1422} INFO - Downloading source S3 file from Bucket testmlops with path AlexTrigolos/RandomForestClassifier/datasets/y_test.pkl
[2024-09-24T18:56:30.772+0000] {base.py:84} INFO - Using connection ID 's3_connection' for task execution.
[2024-09-24T18:56:30.773+0000] {connection_wrapper.py:388} INFO - AWS Connection (conn_id='s3_connection', conn_type='aws') credentials retrieved from login and password.
[2024-09-24T18:56:31.108+0000] {hw1-checkpoint.py:86} INFO - /tmp/***_tmp_c1it2wwx
[2024-09-24T18:56:31.114+0000] {logging_mixin.py:188} INFO - Fitting 5 folds for each of 4 candidates, totalling 20 fits
[2024-09-24T18:56:31.117+0000] {logging_mixin.py:188} INFO - [CV] END max_depth=None, min_samples_split=1, n_estimators=50; total time=   0.0s
[2024-09-24T18:56:31.120+0000] {logging_mixin.py:188} INFO - [CV] END max_depth=None, min_samples_split=1, n_estimators=50; total time=   0.0s
[2024-09-24T18:56:31.121+0000] {logging_mixin.py:188} INFO - [CV] END max_depth=None, min_samples_split=1, n_estimators=50; total time=   0.0s
[2024-09-24T18:56:31.123+0000] {logging_mixin.py:188} INFO - [CV] END max_depth=None, min_samples_split=1, n_estimators=50; total time=   0.0s
[2024-09-24T18:56:31.124+0000] {logging_mixin.py:188} INFO - [CV] END max_depth=None, min_samples_split=1, n_estimators=50; total time=   0.0s
[2024-09-24T18:56:31.173+0000] {logging_mixin.py:188} INFO - [CV] END max_depth=None, min_samples_split=10, n_estimators=50; total time=   0.0s
[2024-09-24T18:56:31.218+0000] {logging_mixin.py:188} INFO - [CV] END max_depth=None, min_samples_split=10, n_estimators=50; total time=   0.0s
[2024-09-24T18:56:31.267+0000] {logging_mixin.py:188} INFO - [CV] END max_depth=None, min_samples_split=10, n_estimators=50; total time=   0.0s
[2024-09-24T18:56:31.326+0000] {logging_mixin.py:188} INFO - [CV] END max_depth=None, min_samples_split=10, n_estimators=50; total time=   0.1s
[2024-09-24T18:56:31.392+0000] {logging_mixin.py:188} INFO - [CV] END max_depth=None, min_samples_split=10, n_estimators=50; total time=   0.1s
[2024-09-24T18:56:31.394+0000] {logging_mixin.py:188} INFO - [CV] END .max_depth=30, min_samples_split=1, n_estimators=50; total time=   0.0s
[2024-09-24T18:56:31.396+0000] {logging_mixin.py:188} INFO - [CV] END .max_depth=30, min_samples_split=1, n_estimators=50; total time=   0.0s
[2024-09-24T18:56:31.398+0000] {logging_mixin.py:188} INFO - [CV] END .max_depth=30, min_samples_split=1, n_estimators=50; total time=   0.0s
[2024-09-24T18:56:31.400+0000] {logging_mixin.py:188} INFO - [CV] END .max_depth=30, min_samples_split=1, n_estimators=50; total time=   0.0s
[2024-09-24T18:56:31.401+0000] {logging_mixin.py:188} INFO - [CV] END .max_depth=30, min_samples_split=1, n_estimators=50; total time=   0.0s
[2024-09-24T18:56:31.450+0000] {logging_mixin.py:188} INFO - [CV] END max_depth=30, min_samples_split=10, n_estimators=50; total time=   0.0s
[2024-09-24T18:56:31.499+0000] {logging_mixin.py:188} INFO - [CV] END max_depth=30, min_samples_split=10, n_estimators=50; total time=   0.0s
[2024-09-24T18:56:31.545+0000] {logging_mixin.py:188} INFO - [CV] END max_depth=30, min_samples_split=10, n_estimators=50; total time=   0.0s
[2024-09-24T18:56:31.594+0000] {logging_mixin.py:188} INFO - [CV] END max_depth=30, min_samples_split=10, n_estimators=50; total time=   0.0s
[2024-09-24T18:56:31.644+0000] {logging_mixin.py:188} INFO - [CV] END max_depth=30, min_samples_split=10, n_estimators=50; total time=   0.0s
[2024-09-24T18:56:31.649+0000] {logging_mixin.py:188} WARNING - /home/***/.local/lib/python3.10/site-packages/sklearn/model_selection/_validation.py:540 FitFailedWarning:
10 fits failed out of a total of 20.
The score on these train-test partitions for these parameters will be set to nan.
If these failures are not expected, you can try to debug them by setting error_score='raise'.

Below are more details about the failures:
--------------------------------------------------------------------------------
10 fits failed with the following error:
Traceback (most recent call last):
  File "/home/***/.local/lib/python3.10/site-packages/sklearn/model_selection/_validation.py", line 888, in _fit_and_score
    estimator.fit(X_train, y_train, **fit_params)
  File "/home/***/.local/lib/python3.10/site-packages/sklearn/base.py", line 1466, in wrapper
    estimator._validate_params()
  File "/home/***/.local/lib/python3.10/site-packages/sklearn/base.py", line 666, in _validate_params
    validate_parameter_constraints(
  File "/home/***/.local/lib/python3.10/site-packages/sklearn/utils/_param_validation.py", line 95, in validate_parameter_constraints
    raise InvalidParameterError(
sklearn.utils._param_validation.InvalidParameterError: The 'min_samples_split' parameter of RandomForestClassifier must be an int in the range [2, inf) or a float in the range (0.0, 1.0]. Got 1 instead.
[2024-09-24T18:56:31.651+0000] {logging_mixin.py:188} WARNING - /home/***/.local/lib/python3.10/site-packages/sklearn/model_selection/_search.py:1102 UserWarning: One or more of the test scores are non-finite: [       nan 0.81321777        nan 0.80755442]
[2024-09-24T18:56:31.754+0000] {hw1-checkpoint.py:171} INFO - Finish model train.
[2024-09-24T18:56:31.755+0000] {python.py:237} INFO - Done. Returned value was: None
[2024-09-24T18:56:31.757+0000] {taskinstance.py:441} INFO - ::group::Post task execution logs
[2024-09-24T18:56:31.764+0000] {taskinstance.py:1206} INFO - Marking task as SUCCESS. dag_id=random_forest_classifier_dag, task_id=rfc_train_model, run_id=manual__2024-09-24T18:56:19.966866+00:00, execution_date=20240924T185619, start_date=20240924T185629, end_date=20240924T185631
[2024-09-24T18:56:31.801+0000] {local_task_job_runner.py:243} INFO - Task exited with return code 0
[2024-09-24T18:56:31.822+0000] {taskinstance.py:3503} INFO - 1 downstream tasks scheduled from follow-on schedule check
[2024-09-24T18:56:31.825+0000] {local_task_job_runner.py:222} INFO - ::endgroup::
