[2024-10-03T08:42:03.706+0000] {processor.py:161} INFO - Started process (PID=420) to work on /opt/airflow/dags/.cache/pip/http/7/c/4/5/b/7c45b33391e19bfaf8bd5ebbcf673c62c0e9c4f9ee850e4225b875da
[2024-10-03T08:42:03.707+0000] {processor.py:830} INFO - Processing file /opt/airflow/dags/.cache/pip/http/7/c/4/5/b/7c45b33391e19bfaf8bd5ebbcf673c62c0e9c4f9ee850e4225b875da for tasks to queue
[2024-10-03T08:42:03.708+0000] {logging_mixin.py:188} INFO - [2024-10-03T08:42:03.708+0000] {dagbag.py:545} INFO - Filling up the DagBag from /opt/airflow/dags/.cache/pip/http/7/c/4/5/b/7c45b33391e19bfaf8bd5ebbcf673c62c0e9c4f9ee850e4225b875da
[2024-10-03T08:42:03.734+0000] {processor.py:842} WARNING - No viable dags retrieved from /opt/airflow/dags/.cache/pip/http/7/c/4/5/b/7c45b33391e19bfaf8bd5ebbcf673c62c0e9c4f9ee850e4225b875da
[2024-10-03T08:42:03.745+0000] {processor.py:183} INFO - Processing /opt/airflow/dags/.cache/pip/http/7/c/4/5/b/7c45b33391e19bfaf8bd5ebbcf673c62c0e9c4f9ee850e4225b875da took 0.043 seconds
[2024-10-03T08:42:38.738+0000] {processor.py:161} INFO - Started process (PID=660) to work on /opt/airflow/dags/.cache/pip/http/7/c/4/5/b/7c45b33391e19bfaf8bd5ebbcf673c62c0e9c4f9ee850e4225b875da
[2024-10-03T08:42:38.740+0000] {processor.py:830} INFO - Processing file /opt/airflow/dags/.cache/pip/http/7/c/4/5/b/7c45b33391e19bfaf8bd5ebbcf673c62c0e9c4f9ee850e4225b875da for tasks to queue
[2024-10-03T08:42:38.742+0000] {logging_mixin.py:188} INFO - [2024-10-03T08:42:38.741+0000] {dagbag.py:545} INFO - Filling up the DagBag from /opt/airflow/dags/.cache/pip/http/7/c/4/5/b/7c45b33391e19bfaf8bd5ebbcf673c62c0e9c4f9ee850e4225b875da
[2024-10-03T08:42:38.814+0000] {processor.py:842} WARNING - No viable dags retrieved from /opt/airflow/dags/.cache/pip/http/7/c/4/5/b/7c45b33391e19bfaf8bd5ebbcf673c62c0e9c4f9ee850e4225b875da
[2024-10-03T08:42:38.834+0000] {processor.py:183} INFO - Processing /opt/airflow/dags/.cache/pip/http/7/c/4/5/b/7c45b33391e19bfaf8bd5ebbcf673c62c0e9c4f9ee850e4225b875da took 0.104 seconds
[2024-10-03T08:43:11.998+0000] {processor.py:161} INFO - Started process (PID=902) to work on /opt/airflow/dags/.cache/pip/http/7/c/4/5/b/7c45b33391e19bfaf8bd5ebbcf673c62c0e9c4f9ee850e4225b875da
[2024-10-03T08:43:12.001+0000] {processor.py:830} INFO - Processing file /opt/airflow/dags/.cache/pip/http/7/c/4/5/b/7c45b33391e19bfaf8bd5ebbcf673c62c0e9c4f9ee850e4225b875da for tasks to queue
[2024-10-03T08:43:12.003+0000] {logging_mixin.py:188} INFO - [2024-10-03T08:43:12.003+0000] {dagbag.py:545} INFO - Filling up the DagBag from /opt/airflow/dags/.cache/pip/http/7/c/4/5/b/7c45b33391e19bfaf8bd5ebbcf673c62c0e9c4f9ee850e4225b875da
[2024-10-03T08:43:12.042+0000] {processor.py:842} WARNING - No viable dags retrieved from /opt/airflow/dags/.cache/pip/http/7/c/4/5/b/7c45b33391e19bfaf8bd5ebbcf673c62c0e9c4f9ee850e4225b875da
[2024-10-03T08:43:12.061+0000] {processor.py:183} INFO - Processing /opt/airflow/dags/.cache/pip/http/7/c/4/5/b/7c45b33391e19bfaf8bd5ebbcf673c62c0e9c4f9ee850e4225b875da took 0.076 seconds
[2024-10-03T08:43:44.547+0000] {processor.py:161} INFO - Started process (PID=1145) to work on /opt/airflow/dags/.cache/pip/http/7/c/4/5/b/7c45b33391e19bfaf8bd5ebbcf673c62c0e9c4f9ee850e4225b875da
[2024-10-03T08:43:44.549+0000] {processor.py:830} INFO - Processing file /opt/airflow/dags/.cache/pip/http/7/c/4/5/b/7c45b33391e19bfaf8bd5ebbcf673c62c0e9c4f9ee850e4225b875da for tasks to queue
[2024-10-03T08:43:44.550+0000] {logging_mixin.py:188} INFO - [2024-10-03T08:43:44.550+0000] {dagbag.py:545} INFO - Filling up the DagBag from /opt/airflow/dags/.cache/pip/http/7/c/4/5/b/7c45b33391e19bfaf8bd5ebbcf673c62c0e9c4f9ee850e4225b875da
[2024-10-03T08:43:44.572+0000] {processor.py:842} WARNING - No viable dags retrieved from /opt/airflow/dags/.cache/pip/http/7/c/4/5/b/7c45b33391e19bfaf8bd5ebbcf673c62c0e9c4f9ee850e4225b875da
[2024-10-03T08:43:44.583+0000] {processor.py:183} INFO - Processing /opt/airflow/dags/.cache/pip/http/7/c/4/5/b/7c45b33391e19bfaf8bd5ebbcf673c62c0e9c4f9ee850e4225b875da took 0.040 seconds
[2024-10-03T08:44:16.768+0000] {processor.py:161} INFO - Started process (PID=1389) to work on /opt/airflow/dags/.cache/pip/http/7/c/4/5/b/7c45b33391e19bfaf8bd5ebbcf673c62c0e9c4f9ee850e4225b875da
[2024-10-03T08:44:16.772+0000] {processor.py:830} INFO - Processing file /opt/airflow/dags/.cache/pip/http/7/c/4/5/b/7c45b33391e19bfaf8bd5ebbcf673c62c0e9c4f9ee850e4225b875da for tasks to queue
[2024-10-03T08:44:16.773+0000] {logging_mixin.py:188} INFO - [2024-10-03T08:44:16.773+0000] {dagbag.py:545} INFO - Filling up the DagBag from /opt/airflow/dags/.cache/pip/http/7/c/4/5/b/7c45b33391e19bfaf8bd5ebbcf673c62c0e9c4f9ee850e4225b875da
[2024-10-03T08:44:16.792+0000] {processor.py:842} WARNING - No viable dags retrieved from /opt/airflow/dags/.cache/pip/http/7/c/4/5/b/7c45b33391e19bfaf8bd5ebbcf673c62c0e9c4f9ee850e4225b875da
[2024-10-03T08:44:16.807+0000] {processor.py:183} INFO - Processing /opt/airflow/dags/.cache/pip/http/7/c/4/5/b/7c45b33391e19bfaf8bd5ebbcf673c62c0e9c4f9ee850e4225b875da took 0.044 seconds
[2024-10-03T08:44:49.611+0000] {processor.py:161} INFO - Started process (PID=1635) to work on /opt/airflow/dags/.cache/pip/http/7/c/4/5/b/7c45b33391e19bfaf8bd5ebbcf673c62c0e9c4f9ee850e4225b875da
[2024-10-03T08:44:49.613+0000] {processor.py:830} INFO - Processing file /opt/airflow/dags/.cache/pip/http/7/c/4/5/b/7c45b33391e19bfaf8bd5ebbcf673c62c0e9c4f9ee850e4225b875da for tasks to queue
[2024-10-03T08:44:49.615+0000] {logging_mixin.py:188} INFO - [2024-10-03T08:44:49.615+0000] {dagbag.py:545} INFO - Filling up the DagBag from /opt/airflow/dags/.cache/pip/http/7/c/4/5/b/7c45b33391e19bfaf8bd5ebbcf673c62c0e9c4f9ee850e4225b875da
[2024-10-03T08:44:49.687+0000] {processor.py:842} WARNING - No viable dags retrieved from /opt/airflow/dags/.cache/pip/http/7/c/4/5/b/7c45b33391e19bfaf8bd5ebbcf673c62c0e9c4f9ee850e4225b875da
[2024-10-03T08:44:49.708+0000] {processor.py:183} INFO - Processing /opt/airflow/dags/.cache/pip/http/7/c/4/5/b/7c45b33391e19bfaf8bd5ebbcf673c62c0e9c4f9ee850e4225b875da took 0.107 seconds
[2024-10-03T08:45:24.057+0000] {processor.py:161} INFO - Started process (PID=1879) to work on /opt/airflow/dags/.cache/pip/http/7/c/4/5/b/7c45b33391e19bfaf8bd5ebbcf673c62c0e9c4f9ee850e4225b875da
[2024-10-03T08:45:24.059+0000] {processor.py:830} INFO - Processing file /opt/airflow/dags/.cache/pip/http/7/c/4/5/b/7c45b33391e19bfaf8bd5ebbcf673c62c0e9c4f9ee850e4225b875da for tasks to queue
[2024-10-03T08:45:24.062+0000] {logging_mixin.py:188} INFO - [2024-10-03T08:45:24.062+0000] {dagbag.py:545} INFO - Filling up the DagBag from /opt/airflow/dags/.cache/pip/http/7/c/4/5/b/7c45b33391e19bfaf8bd5ebbcf673c62c0e9c4f9ee850e4225b875da
[2024-10-03T08:45:24.104+0000] {processor.py:842} WARNING - No viable dags retrieved from /opt/airflow/dags/.cache/pip/http/7/c/4/5/b/7c45b33391e19bfaf8bd5ebbcf673c62c0e9c4f9ee850e4225b875da
[2024-10-03T08:45:24.129+0000] {processor.py:183} INFO - Processing /opt/airflow/dags/.cache/pip/http/7/c/4/5/b/7c45b33391e19bfaf8bd5ebbcf673c62c0e9c4f9ee850e4225b875da took 0.082 seconds
[2024-10-03T08:45:54.963+0000] {processor.py:161} INFO - Started process (PID=2120) to work on /opt/airflow/dags/.cache/pip/http/7/c/4/5/b/7c45b33391e19bfaf8bd5ebbcf673c62c0e9c4f9ee850e4225b875da
[2024-10-03T08:45:54.965+0000] {processor.py:830} INFO - Processing file /opt/airflow/dags/.cache/pip/http/7/c/4/5/b/7c45b33391e19bfaf8bd5ebbcf673c62c0e9c4f9ee850e4225b875da for tasks to queue
[2024-10-03T08:45:54.968+0000] {logging_mixin.py:188} INFO - [2024-10-03T08:45:54.968+0000] {dagbag.py:545} INFO - Filling up the DagBag from /opt/airflow/dags/.cache/pip/http/7/c/4/5/b/7c45b33391e19bfaf8bd5ebbcf673c62c0e9c4f9ee850e4225b875da
[2024-10-03T08:45:55.002+0000] {processor.py:842} WARNING - No viable dags retrieved from /opt/airflow/dags/.cache/pip/http/7/c/4/5/b/7c45b33391e19bfaf8bd5ebbcf673c62c0e9c4f9ee850e4225b875da
[2024-10-03T08:45:55.024+0000] {processor.py:183} INFO - Processing /opt/airflow/dags/.cache/pip/http/7/c/4/5/b/7c45b33391e19bfaf8bd5ebbcf673c62c0e9c4f9ee850e4225b875da took 0.072 seconds
[2024-10-03T08:46:25.686+0000] {processor.py:161} INFO - Started process (PID=2362) to work on /opt/airflow/dags/.cache/pip/http/7/c/4/5/b/7c45b33391e19bfaf8bd5ebbcf673c62c0e9c4f9ee850e4225b875da
[2024-10-03T08:46:25.688+0000] {processor.py:830} INFO - Processing file /opt/airflow/dags/.cache/pip/http/7/c/4/5/b/7c45b33391e19bfaf8bd5ebbcf673c62c0e9c4f9ee850e4225b875da for tasks to queue
[2024-10-03T08:46:25.691+0000] {logging_mixin.py:188} INFO - [2024-10-03T08:46:25.690+0000] {dagbag.py:545} INFO - Filling up the DagBag from /opt/airflow/dags/.cache/pip/http/7/c/4/5/b/7c45b33391e19bfaf8bd5ebbcf673c62c0e9c4f9ee850e4225b875da
[2024-10-03T08:46:25.740+0000] {processor.py:842} WARNING - No viable dags retrieved from /opt/airflow/dags/.cache/pip/http/7/c/4/5/b/7c45b33391e19bfaf8bd5ebbcf673c62c0e9c4f9ee850e4225b875da
[2024-10-03T08:46:25.758+0000] {processor.py:183} INFO - Processing /opt/airflow/dags/.cache/pip/http/7/c/4/5/b/7c45b33391e19bfaf8bd5ebbcf673c62c0e9c4f9ee850e4225b875da took 0.080 seconds
[2024-10-03T08:47:15.750+0000] {processor.py:161} INFO - Started process (PID=2602) to work on /opt/airflow/dags/.cache/pip/http/7/c/4/5/b/7c45b33391e19bfaf8bd5ebbcf673c62c0e9c4f9ee850e4225b875da
[2024-10-03T08:47:15.752+0000] {processor.py:830} INFO - Processing file /opt/airflow/dags/.cache/pip/http/7/c/4/5/b/7c45b33391e19bfaf8bd5ebbcf673c62c0e9c4f9ee850e4225b875da for tasks to queue
[2024-10-03T08:47:15.755+0000] {logging_mixin.py:188} INFO - [2024-10-03T08:47:15.755+0000] {dagbag.py:545} INFO - Filling up the DagBag from /opt/airflow/dags/.cache/pip/http/7/c/4/5/b/7c45b33391e19bfaf8bd5ebbcf673c62c0e9c4f9ee850e4225b875da
[2024-10-03T08:47:15.846+0000] {processor.py:842} WARNING - No viable dags retrieved from /opt/airflow/dags/.cache/pip/http/7/c/4/5/b/7c45b33391e19bfaf8bd5ebbcf673c62c0e9c4f9ee850e4225b875da
[2024-10-03T08:47:15.870+0000] {processor.py:183} INFO - Processing /opt/airflow/dags/.cache/pip/http/7/c/4/5/b/7c45b33391e19bfaf8bd5ebbcf673c62c0e9c4f9ee850e4225b875da took 0.132 seconds
[2024-10-03T08:47:49.911+0000] {processor.py:161} INFO - Started process (PID=2850) to work on /opt/airflow/dags/.cache/pip/http/7/c/4/5/b/7c45b33391e19bfaf8bd5ebbcf673c62c0e9c4f9ee850e4225b875da
[2024-10-03T08:47:49.913+0000] {processor.py:830} INFO - Processing file /opt/airflow/dags/.cache/pip/http/7/c/4/5/b/7c45b33391e19bfaf8bd5ebbcf673c62c0e9c4f9ee850e4225b875da for tasks to queue
[2024-10-03T08:47:49.916+0000] {logging_mixin.py:188} INFO - [2024-10-03T08:47:49.915+0000] {dagbag.py:545} INFO - Filling up the DagBag from /opt/airflow/dags/.cache/pip/http/7/c/4/5/b/7c45b33391e19bfaf8bd5ebbcf673c62c0e9c4f9ee850e4225b875da
[2024-10-03T08:47:50.005+0000] {processor.py:842} WARNING - No viable dags retrieved from /opt/airflow/dags/.cache/pip/http/7/c/4/5/b/7c45b33391e19bfaf8bd5ebbcf673c62c0e9c4f9ee850e4225b875da
[2024-10-03T08:47:50.027+0000] {processor.py:183} INFO - Processing /opt/airflow/dags/.cache/pip/http/7/c/4/5/b/7c45b33391e19bfaf8bd5ebbcf673c62c0e9c4f9ee850e4225b875da took 0.126 seconds
[2024-10-03T08:48:23.693+0000] {processor.py:161} INFO - Started process (PID=3092) to work on /opt/airflow/dags/.cache/pip/http/7/c/4/5/b/7c45b33391e19bfaf8bd5ebbcf673c62c0e9c4f9ee850e4225b875da
[2024-10-03T08:48:23.694+0000] {processor.py:830} INFO - Processing file /opt/airflow/dags/.cache/pip/http/7/c/4/5/b/7c45b33391e19bfaf8bd5ebbcf673c62c0e9c4f9ee850e4225b875da for tasks to queue
[2024-10-03T08:48:23.695+0000] {logging_mixin.py:188} INFO - [2024-10-03T08:48:23.695+0000] {dagbag.py:545} INFO - Filling up the DagBag from /opt/airflow/dags/.cache/pip/http/7/c/4/5/b/7c45b33391e19bfaf8bd5ebbcf673c62c0e9c4f9ee850e4225b875da
[2024-10-03T08:48:23.733+0000] {processor.py:842} WARNING - No viable dags retrieved from /opt/airflow/dags/.cache/pip/http/7/c/4/5/b/7c45b33391e19bfaf8bd5ebbcf673c62c0e9c4f9ee850e4225b875da
[2024-10-03T08:48:23.745+0000] {processor.py:183} INFO - Processing /opt/airflow/dags/.cache/pip/http/7/c/4/5/b/7c45b33391e19bfaf8bd5ebbcf673c62c0e9c4f9ee850e4225b875da took 0.057 seconds
[2024-10-03T08:48:54.294+0000] {processor.py:161} INFO - Started process (PID=3336) to work on /opt/airflow/dags/.cache/pip/http/7/c/4/5/b/7c45b33391e19bfaf8bd5ebbcf673c62c0e9c4f9ee850e4225b875da
[2024-10-03T08:48:54.296+0000] {processor.py:830} INFO - Processing file /opt/airflow/dags/.cache/pip/http/7/c/4/5/b/7c45b33391e19bfaf8bd5ebbcf673c62c0e9c4f9ee850e4225b875da for tasks to queue
[2024-10-03T08:48:54.298+0000] {logging_mixin.py:188} INFO - [2024-10-03T08:48:54.298+0000] {dagbag.py:545} INFO - Filling up the DagBag from /opt/airflow/dags/.cache/pip/http/7/c/4/5/b/7c45b33391e19bfaf8bd5ebbcf673c62c0e9c4f9ee850e4225b875da
[2024-10-03T08:48:54.338+0000] {processor.py:842} WARNING - No viable dags retrieved from /opt/airflow/dags/.cache/pip/http/7/c/4/5/b/7c45b33391e19bfaf8bd5ebbcf673c62c0e9c4f9ee850e4225b875da
[2024-10-03T08:48:54.357+0000] {processor.py:183} INFO - Processing /opt/airflow/dags/.cache/pip/http/7/c/4/5/b/7c45b33391e19bfaf8bd5ebbcf673c62c0e9c4f9ee850e4225b875da took 0.073 seconds
[2024-10-03T08:49:25.410+0000] {processor.py:161} INFO - Started process (PID=3578) to work on /opt/airflow/dags/.cache/pip/http/7/c/4/5/b/7c45b33391e19bfaf8bd5ebbcf673c62c0e9c4f9ee850e4225b875da
[2024-10-03T08:49:25.412+0000] {processor.py:830} INFO - Processing file /opt/airflow/dags/.cache/pip/http/7/c/4/5/b/7c45b33391e19bfaf8bd5ebbcf673c62c0e9c4f9ee850e4225b875da for tasks to queue
[2024-10-03T08:49:25.414+0000] {logging_mixin.py:188} INFO - [2024-10-03T08:49:25.414+0000] {dagbag.py:545} INFO - Filling up the DagBag from /opt/airflow/dags/.cache/pip/http/7/c/4/5/b/7c45b33391e19bfaf8bd5ebbcf673c62c0e9c4f9ee850e4225b875da
[2024-10-03T08:49:25.447+0000] {processor.py:842} WARNING - No viable dags retrieved from /opt/airflow/dags/.cache/pip/http/7/c/4/5/b/7c45b33391e19bfaf8bd5ebbcf673c62c0e9c4f9ee850e4225b875da
[2024-10-03T08:49:25.462+0000] {processor.py:183} INFO - Processing /opt/airflow/dags/.cache/pip/http/7/c/4/5/b/7c45b33391e19bfaf8bd5ebbcf673c62c0e9c4f9ee850e4225b875da took 0.058 seconds
[2024-10-03T08:49:58.150+0000] {processor.py:161} INFO - Started process (PID=3819) to work on /opt/airflow/dags/.cache/pip/http/7/c/4/5/b/7c45b33391e19bfaf8bd5ebbcf673c62c0e9c4f9ee850e4225b875da
[2024-10-03T08:49:58.150+0000] {processor.py:830} INFO - Processing file /opt/airflow/dags/.cache/pip/http/7/c/4/5/b/7c45b33391e19bfaf8bd5ebbcf673c62c0e9c4f9ee850e4225b875da for tasks to queue
[2024-10-03T08:49:58.152+0000] {logging_mixin.py:188} INFO - [2024-10-03T08:49:58.152+0000] {dagbag.py:545} INFO - Filling up the DagBag from /opt/airflow/dags/.cache/pip/http/7/c/4/5/b/7c45b33391e19bfaf8bd5ebbcf673c62c0e9c4f9ee850e4225b875da
[2024-10-03T08:49:58.196+0000] {processor.py:842} WARNING - No viable dags retrieved from /opt/airflow/dags/.cache/pip/http/7/c/4/5/b/7c45b33391e19bfaf8bd5ebbcf673c62c0e9c4f9ee850e4225b875da
[2024-10-03T08:49:58.212+0000] {processor.py:183} INFO - Processing /opt/airflow/dags/.cache/pip/http/7/c/4/5/b/7c45b33391e19bfaf8bd5ebbcf673c62c0e9c4f9ee850e4225b875da took 0.067 seconds
[2024-10-03T08:50:31.283+0000] {processor.py:161} INFO - Started process (PID=4063) to work on /opt/airflow/dags/.cache/pip/http/7/c/4/5/b/7c45b33391e19bfaf8bd5ebbcf673c62c0e9c4f9ee850e4225b875da
[2024-10-03T08:50:31.284+0000] {processor.py:830} INFO - Processing file /opt/airflow/dags/.cache/pip/http/7/c/4/5/b/7c45b33391e19bfaf8bd5ebbcf673c62c0e9c4f9ee850e4225b875da for tasks to queue
[2024-10-03T08:50:31.285+0000] {logging_mixin.py:188} INFO - [2024-10-03T08:50:31.285+0000] {dagbag.py:545} INFO - Filling up the DagBag from /opt/airflow/dags/.cache/pip/http/7/c/4/5/b/7c45b33391e19bfaf8bd5ebbcf673c62c0e9c4f9ee850e4225b875da
[2024-10-03T08:50:31.309+0000] {processor.py:842} WARNING - No viable dags retrieved from /opt/airflow/dags/.cache/pip/http/7/c/4/5/b/7c45b33391e19bfaf8bd5ebbcf673c62c0e9c4f9ee850e4225b875da
[2024-10-03T08:50:31.319+0000] {processor.py:183} INFO - Processing /opt/airflow/dags/.cache/pip/http/7/c/4/5/b/7c45b33391e19bfaf8bd5ebbcf673c62c0e9c4f9ee850e4225b875da took 0.042 seconds
[2024-10-03T08:56:32.901+0000] {processor.py:161} INFO - Started process (PID=4454) to work on /opt/airflow/dags/.cache/pip/http/7/c/4/5/b/7c45b33391e19bfaf8bd5ebbcf673c62c0e9c4f9ee850e4225b875da
[2024-10-03T08:56:32.902+0000] {processor.py:830} INFO - Processing file /opt/airflow/dags/.cache/pip/http/7/c/4/5/b/7c45b33391e19bfaf8bd5ebbcf673c62c0e9c4f9ee850e4225b875da for tasks to queue
[2024-10-03T08:56:32.902+0000] {logging_mixin.py:188} INFO - [2024-10-03T08:56:32.902+0000] {dagbag.py:545} INFO - Filling up the DagBag from /opt/airflow/dags/.cache/pip/http/7/c/4/5/b/7c45b33391e19bfaf8bd5ebbcf673c62c0e9c4f9ee850e4225b875da
[2024-10-03T08:56:32.950+0000] {processor.py:842} WARNING - No viable dags retrieved from /opt/airflow/dags/.cache/pip/http/7/c/4/5/b/7c45b33391e19bfaf8bd5ebbcf673c62c0e9c4f9ee850e4225b875da
[2024-10-03T08:56:32.963+0000] {processor.py:183} INFO - Processing /opt/airflow/dags/.cache/pip/http/7/c/4/5/b/7c45b33391e19bfaf8bd5ebbcf673c62c0e9c4f9ee850e4225b875da took 0.068 seconds
[2024-10-03T08:57:04.793+0000] {processor.py:161} INFO - Started process (PID=4708) to work on /opt/airflow/dags/.cache/pip/http/7/c/4/5/b/7c45b33391e19bfaf8bd5ebbcf673c62c0e9c4f9ee850e4225b875da
[2024-10-03T08:57:04.794+0000] {processor.py:830} INFO - Processing file /opt/airflow/dags/.cache/pip/http/7/c/4/5/b/7c45b33391e19bfaf8bd5ebbcf673c62c0e9c4f9ee850e4225b875da for tasks to queue
[2024-10-03T08:57:04.795+0000] {logging_mixin.py:188} INFO - [2024-10-03T08:57:04.795+0000] {dagbag.py:545} INFO - Filling up the DagBag from /opt/airflow/dags/.cache/pip/http/7/c/4/5/b/7c45b33391e19bfaf8bd5ebbcf673c62c0e9c4f9ee850e4225b875da
[2024-10-03T08:57:04.818+0000] {processor.py:842} WARNING - No viable dags retrieved from /opt/airflow/dags/.cache/pip/http/7/c/4/5/b/7c45b33391e19bfaf8bd5ebbcf673c62c0e9c4f9ee850e4225b875da
[2024-10-03T08:57:04.829+0000] {processor.py:183} INFO - Processing /opt/airflow/dags/.cache/pip/http/7/c/4/5/b/7c45b33391e19bfaf8bd5ebbcf673c62c0e9c4f9ee850e4225b875da took 0.041 seconds
