[2024-09-24T19:00:02.892+0000] {local_task_job_runner.py:120} INFO - ::group::Pre task execution logs
[2024-09-24T19:00:02.906+0000] {taskinstance.py:2076} INFO - Dependencies all met for dep_context=non-requeueable deps ti=<TaskInstance: gradient_boosting_classifier_dag.gbc_get_data manual__2024-09-24T18:59:59.540268+00:00 [queued]>
[2024-09-24T19:00:02.912+0000] {taskinstance.py:2076} INFO - Dependencies all met for dep_context=requeueable deps ti=<TaskInstance: gradient_boosting_classifier_dag.gbc_get_data manual__2024-09-24T18:59:59.540268+00:00 [queued]>
[2024-09-24T19:00:02.912+0000] {taskinstance.py:2306} INFO - Starting attempt 1 of 1
[2024-09-24T19:00:02.923+0000] {taskinstance.py:2330} INFO - Executing <Task(PythonOperator): gbc_get_data> on 2024-09-24 18:59:59.540268+00:00
[2024-09-24T19:00:02.930+0000] {standard_task_runner.py:64} INFO - Started process 51310 to run task
[2024-09-24T19:00:02.932+0000] {standard_task_runner.py:90} INFO - Running: ['***', 'tasks', 'run', 'gradient_boosting_classifier_dag', 'gbc_get_data', 'manual__2024-09-24T18:59:59.540268+00:00', '--job-id', '513', '--raw', '--subdir', 'DAGS_FOLDER/***/dags/.ipynb_checkpoints/hw1-checkpoint.py', '--cfg-path', '/tmp/tmphnz7s320']
[2024-09-24T19:00:02.934+0000] {standard_task_runner.py:91} INFO - Job 513: Subtask gbc_get_data
[2024-09-24T19:00:02.975+0000] {task_command.py:426} INFO - Running <TaskInstance: gradient_boosting_classifier_dag.gbc_get_data manual__2024-09-24T18:59:59.540268+00:00 [running]> on host 82997fc6deb7
[2024-09-24T19:00:03.041+0000] {taskinstance.py:2648} INFO - Exporting env vars: AIRFLOW_CTX_DAG_EMAIL='alexvlg34@gmail.com' AIRFLOW_CTX_DAG_OWNER='Alex Trigolos' AIRFLOW_CTX_DAG_ID='gradient_boosting_classifier_dag' AIRFLOW_CTX_TASK_ID='gbc_get_data' AIRFLOW_CTX_EXECUTION_DATE='2024-09-24T18:59:59.540268+00:00' AIRFLOW_CTX_TRY_NUMBER='1' AIRFLOW_CTX_DAG_RUN_ID='manual__2024-09-24T18:59:59.540268+00:00'
[2024-09-24T19:00:03.042+0000] {taskinstance.py:430} INFO - ::endgroup::
[2024-09-24T19:00:03.052+0000] {hw1-checkpoint.py:91} INFO - Get data...
[2024-09-24T19:00:03.268+0000] {base.py:84} INFO - Using connection ID 's3_connection' for task execution.
[2024-09-24T19:00:03.269+0000] {connection_wrapper.py:388} INFO - AWS Connection (conn_id='s3_connection', conn_type='aws') credentials retrieved from login and password.
[2024-09-24T19:00:03.794+0000] {hw1-checkpoint.py:103} INFO - Finish get data.
[2024-09-24T19:00:03.796+0000] {python.py:237} INFO - Done. Returned value was: None
[2024-09-24T19:00:03.796+0000] {taskinstance.py:441} INFO - ::group::Post task execution logs
[2024-09-24T19:00:03.807+0000] {taskinstance.py:1206} INFO - Marking task as SUCCESS. dag_id=gradient_boosting_classifier_dag, task_id=gbc_get_data, run_id=manual__2024-09-24T18:59:59.540268+00:00, execution_date=20240924T185959, start_date=20240924T190002, end_date=20240924T190003
[2024-09-24T19:00:03.829+0000] {local_task_job_runner.py:243} INFO - Task exited with return code 0
[2024-09-24T19:00:03.849+0000] {taskinstance.py:3503} INFO - 1 downstream tasks scheduled from follow-on schedule check
[2024-09-24T19:00:03.853+0000] {local_task_job_runner.py:222} INFO - ::endgroup::
