[2024-10-04T12:02:40.836+0000] {local_task_job_runner.py:120} INFO - ::group::Pre task execution logs
[2024-10-04T12:02:40.850+0000] {taskinstance.py:2076} INFO - Dependencies all met for dep_context=non-requeueable deps ti=<TaskInstance: decision_tree_classifier_dag.dtc_prepare_data manual__2024-10-04T12:02:34.084710+00:00 [queued]>
[2024-10-04T12:02:40.858+0000] {taskinstance.py:2076} INFO - Dependencies all met for dep_context=requeueable deps ti=<TaskInstance: decision_tree_classifier_dag.dtc_prepare_data manual__2024-10-04T12:02:34.084710+00:00 [queued]>
[2024-10-04T12:02:40.859+0000] {taskinstance.py:2306} INFO - Starting attempt 1 of 1
[2024-10-04T12:02:40.870+0000] {taskinstance.py:2330} INFO - Executing <Task(PythonOperator): dtc_prepare_data> on 2024-10-04 12:02:34.084710+00:00
[2024-10-04T12:02:40.878+0000] {standard_task_runner.py:64} INFO - Started process 56824 to run task
[2024-10-04T12:02:40.880+0000] {standard_task_runner.py:90} INFO - Running: ['***', 'tasks', 'run', 'decision_tree_classifier_dag', 'dtc_prepare_data', 'manual__2024-10-04T12:02:34.084710+00:00', '--job-id', '809', '--raw', '--subdir', 'DAGS_FOLDER/***/dags/.ipynb_checkpoints/hw1-checkpoint.py', '--cfg-path', '/tmp/tmpjv4wiri1']
[2024-10-04T12:02:40.883+0000] {standard_task_runner.py:91} INFO - Job 809: Subtask dtc_prepare_data
[2024-10-04T12:02:40.919+0000] {task_command.py:426} INFO - Running <TaskInstance: decision_tree_classifier_dag.dtc_prepare_data manual__2024-10-04T12:02:34.084710+00:00 [running]> on host 4b5f1410d111
[2024-10-04T12:02:40.986+0000] {taskinstance.py:2648} INFO - Exporting env vars: AIRFLOW_CTX_DAG_EMAIL='alexvlg34@gmail.com' AIRFLOW_CTX_DAG_OWNER='Alex Trigolos' AIRFLOW_CTX_DAG_ID='decision_tree_classifier_dag' AIRFLOW_CTX_TASK_ID='dtc_prepare_data' AIRFLOW_CTX_EXECUTION_DATE='2024-10-04T12:02:34.084710+00:00' AIRFLOW_CTX_TRY_NUMBER='1' AIRFLOW_CTX_DAG_RUN_ID='manual__2024-10-04T12:02:34.084710+00:00'
[2024-10-04T12:02:40.987+0000] {taskinstance.py:430} INFO - ::endgroup::
[2024-10-04T12:02:40.996+0000] {hw1-checkpoint.py:107} INFO - Prepare data...
[2024-10-04T12:02:40.997+0000] {s3.py:1422} INFO - Downloading source S3 file from Bucket testmlops with path AlexTrigolos/DecisionTreeClassifier/datasets/dataset.pkl
[2024-10-04T12:02:41.004+0000] {base.py:84} INFO - Using connection ID 's3_connection' for task execution.
[2024-10-04T12:02:41.005+0000] {connection_wrapper.py:388} INFO - AWS Connection (conn_id='s3_connection', conn_type='aws') credentials retrieved from login and password.
[2024-10-04T12:02:41.471+0000] {hw1-checkpoint.py:78} INFO - /tmp/***_tmp_x0wk3wqq
[2024-10-04T12:02:41.664+0000] {base.py:84} INFO - Using connection ID 's3_connection' for task execution.
[2024-10-04T12:02:41.665+0000] {connection_wrapper.py:388} INFO - AWS Connection (conn_id='s3_connection', conn_type='aws') credentials retrieved from login and password.
[2024-10-04T12:02:42.100+0000] {base.py:84} INFO - Using connection ID 's3_connection' for task execution.
[2024-10-04T12:02:42.102+0000] {connection_wrapper.py:388} INFO - AWS Connection (conn_id='s3_connection', conn_type='aws') credentials retrieved from login and password.
[2024-10-04T12:02:42.342+0000] {base.py:84} INFO - Using connection ID 's3_connection' for task execution.
[2024-10-04T12:02:42.343+0000] {connection_wrapper.py:388} INFO - AWS Connection (conn_id='s3_connection', conn_type='aws') credentials retrieved from login and password.
[2024-10-04T12:02:42.520+0000] {base.py:84} INFO - Using connection ID 's3_connection' for task execution.
[2024-10-04T12:02:42.521+0000] {connection_wrapper.py:388} INFO - AWS Connection (conn_id='s3_connection', conn_type='aws') credentials retrieved from login and password.
[2024-10-04T12:02:42.968+0000] {hw1-checkpoint.py:133} INFO - Prepared data.
[2024-10-04T12:02:42.968+0000] {python.py:237} INFO - Done. Returned value was: None
[2024-10-04T12:02:42.970+0000] {taskinstance.py:441} INFO - ::group::Post task execution logs
[2024-10-04T12:02:42.981+0000] {taskinstance.py:1206} INFO - Marking task as SUCCESS. dag_id=decision_tree_classifier_dag, task_id=dtc_prepare_data, run_id=manual__2024-10-04T12:02:34.084710+00:00, execution_date=20241004T120234, start_date=20241004T120240, end_date=20241004T120242
[2024-10-04T12:02:43.021+0000] {local_task_job_runner.py:243} INFO - Task exited with return code 0
[2024-10-04T12:02:43.043+0000] {taskinstance.py:3503} INFO - 1 downstream tasks scheduled from follow-on schedule check
[2024-10-04T12:02:43.046+0000] {local_task_job_runner.py:222} INFO - ::endgroup::
