[2024-10-03T08:41:58.805+0000] {processor.py:161} INFO - Started process (PID=237) to work on /opt/airflow/dags/airflow/dags/hw1.py
[2024-10-03T08:41:58.806+0000] {processor.py:830} INFO - Processing file /opt/airflow/dags/airflow/dags/hw1.py for tasks to queue
[2024-10-03T08:41:58.808+0000] {logging_mixin.py:188} INFO - [2024-10-03T08:41:58.808+0000] {dagbag.py:545} INFO - Filling up the DagBag from /opt/airflow/dags/airflow/dags/hw1.py
[2024-10-03T08:41:59.743+0000] {processor.py:840} INFO - DAG(s) 'decision_tree_classifier_dag', 'gradient_boosting_classifier_dag', 'random_forest_classifier_dag' retrieved from /opt/airflow/dags/airflow/dags/hw1.py
[2024-10-03T08:41:59.869+0000] {logging_mixin.py:188} INFO - [2024-10-03T08:41:59.869+0000] {dag.py:3089} INFO - Sync 3 DAGs
[2024-10-03T08:41:59.869+0000] {logging_mixin.py:188} WARNING - Sync 3 DAGs
[2024-10-03T08:41:59.884+0000] {logging_mixin.py:188} INFO - [2024-10-03T08:41:59.884+0000] {dag.py:3947} INFO - Setting next_dagrun for decision_tree_classifier_dag to 2024-10-03 01:00:00+00:00, run_after=2024-10-04 01:00:00+00:00
[2024-10-03T08:41:59.885+0000] {logging_mixin.py:188} WARNING - Setting next_dagrun for decision_tree_classifier_dag to 2024-10-03 01:00:00+00:00, run_after=2024-10-04 01:00:00+00:00
[2024-10-03T08:41:59.888+0000] {logging_mixin.py:188} INFO - [2024-10-03T08:41:59.888+0000] {dag.py:3947} INFO - Setting next_dagrun for gradient_boosting_classifier_dag to 2024-10-03 01:00:00+00:00, run_after=2024-10-04 01:00:00+00:00
[2024-10-03T08:41:59.888+0000] {logging_mixin.py:188} WARNING - Setting next_dagrun for gradient_boosting_classifier_dag to 2024-10-03 01:00:00+00:00, run_after=2024-10-04 01:00:00+00:00
[2024-10-03T08:41:59.890+0000] {logging_mixin.py:188} INFO - [2024-10-03T08:41:59.890+0000] {dag.py:3947} INFO - Setting next_dagrun for random_forest_classifier_dag to 2024-10-03 01:00:00+00:00, run_after=2024-10-04 01:00:00+00:00
[2024-10-03T08:41:59.890+0000] {logging_mixin.py:188} WARNING - Setting next_dagrun for random_forest_classifier_dag to 2024-10-03 01:00:00+00:00, run_after=2024-10-04 01:00:00+00:00
[2024-10-03T08:41:59.905+0000] {processor.py:183} INFO - Processing /opt/airflow/dags/airflow/dags/hw1.py took 1.104 seconds
[2024-10-03T08:42:30.562+0000] {processor.py:161} INFO - Started process (PID=476) to work on /opt/airflow/dags/airflow/dags/hw1.py
[2024-10-03T08:42:30.564+0000] {processor.py:830} INFO - Processing file /opt/airflow/dags/airflow/dags/hw1.py for tasks to queue
[2024-10-03T08:42:30.567+0000] {logging_mixin.py:188} INFO - [2024-10-03T08:42:30.566+0000] {dagbag.py:545} INFO - Filling up the DagBag from /opt/airflow/dags/airflow/dags/hw1.py
[2024-10-03T08:42:32.317+0000] {processor.py:840} INFO - DAG(s) 'decision_tree_classifier_dag', 'random_forest_classifier_dag', 'gradient_boosting_classifier_dag' retrieved from /opt/airflow/dags/airflow/dags/hw1.py
[2024-10-03T08:42:32.345+0000] {logging_mixin.py:188} INFO - [2024-10-03T08:42:32.345+0000] {dag.py:3089} INFO - Sync 3 DAGs
[2024-10-03T08:42:32.346+0000] {logging_mixin.py:188} WARNING - Sync 3 DAGs
[2024-10-03T08:42:32.370+0000] {logging_mixin.py:188} INFO - [2024-10-03T08:42:32.370+0000] {dag.py:3947} INFO - Setting next_dagrun for decision_tree_classifier_dag to 2024-10-03 01:00:00+00:00, run_after=2024-10-04 01:00:00+00:00
[2024-10-03T08:42:32.370+0000] {logging_mixin.py:188} WARNING - Setting next_dagrun for decision_tree_classifier_dag to 2024-10-03 01:00:00+00:00, run_after=2024-10-04 01:00:00+00:00
[2024-10-03T08:42:32.378+0000] {logging_mixin.py:188} INFO - [2024-10-03T08:42:32.378+0000] {dag.py:3947} INFO - Setting next_dagrun for gradient_boosting_classifier_dag to 2024-10-03 01:00:00+00:00, run_after=2024-10-04 01:00:00+00:00
[2024-10-03T08:42:32.378+0000] {logging_mixin.py:188} WARNING - Setting next_dagrun for gradient_boosting_classifier_dag to 2024-10-03 01:00:00+00:00, run_after=2024-10-04 01:00:00+00:00
[2024-10-03T08:42:32.382+0000] {logging_mixin.py:188} INFO - [2024-10-03T08:42:32.381+0000] {dag.py:3947} INFO - Setting next_dagrun for random_forest_classifier_dag to 2024-10-03 01:00:00+00:00, run_after=2024-10-04 01:00:00+00:00
[2024-10-03T08:42:32.382+0000] {logging_mixin.py:188} WARNING - Setting next_dagrun for random_forest_classifier_dag to 2024-10-03 01:00:00+00:00, run_after=2024-10-04 01:00:00+00:00
[2024-10-03T08:42:32.425+0000] {processor.py:183} INFO - Processing /opt/airflow/dags/airflow/dags/hw1.py took 1.875 seconds
[2024-10-03T08:43:03.299+0000] {processor.py:161} INFO - Started process (PID=721) to work on /opt/airflow/dags/airflow/dags/hw1.py
[2024-10-03T08:43:03.300+0000] {processor.py:830} INFO - Processing file /opt/airflow/dags/airflow/dags/hw1.py for tasks to queue
[2024-10-03T08:43:03.304+0000] {logging_mixin.py:188} INFO - [2024-10-03T08:43:03.303+0000] {dagbag.py:545} INFO - Filling up the DagBag from /opt/airflow/dags/airflow/dags/hw1.py
[2024-10-03T08:43:05.043+0000] {processor.py:840} INFO - DAG(s) 'gradient_boosting_classifier_dag', 'random_forest_classifier_dag', 'decision_tree_classifier_dag' retrieved from /opt/airflow/dags/airflow/dags/hw1.py
[2024-10-03T08:43:05.220+0000] {logging_mixin.py:188} INFO - [2024-10-03T08:43:05.220+0000] {dag.py:3089} INFO - Sync 3 DAGs
[2024-10-03T08:43:05.221+0000] {logging_mixin.py:188} WARNING - Sync 3 DAGs
[2024-10-03T08:43:05.252+0000] {logging_mixin.py:188} INFO - [2024-10-03T08:43:05.251+0000] {dag.py:3947} INFO - Setting next_dagrun for decision_tree_classifier_dag to 2024-10-03 01:00:00+00:00, run_after=2024-10-04 01:00:00+00:00
[2024-10-03T08:43:05.261+0000] {logging_mixin.py:188} WARNING - Setting next_dagrun for decision_tree_classifier_dag to 2024-10-03 01:00:00+00:00, run_after=2024-10-04 01:00:00+00:00
[2024-10-03T08:43:05.269+0000] {logging_mixin.py:188} INFO - [2024-10-03T08:43:05.269+0000] {dag.py:3947} INFO - Setting next_dagrun for gradient_boosting_classifier_dag to 2024-10-03 01:00:00+00:00, run_after=2024-10-04 01:00:00+00:00
[2024-10-03T08:43:05.270+0000] {logging_mixin.py:188} WARNING - Setting next_dagrun for gradient_boosting_classifier_dag to 2024-10-03 01:00:00+00:00, run_after=2024-10-04 01:00:00+00:00
[2024-10-03T08:43:05.276+0000] {logging_mixin.py:188} INFO - [2024-10-03T08:43:05.276+0000] {dag.py:3947} INFO - Setting next_dagrun for random_forest_classifier_dag to 2024-10-03 01:00:00+00:00, run_after=2024-10-04 01:00:00+00:00
[2024-10-03T08:43:05.276+0000] {logging_mixin.py:188} WARNING - Setting next_dagrun for random_forest_classifier_dag to 2024-10-03 01:00:00+00:00, run_after=2024-10-04 01:00:00+00:00
[2024-10-03T08:43:05.308+0000] {processor.py:183} INFO - Processing /opt/airflow/dags/airflow/dags/hw1.py took 2.020 seconds
[2024-10-03T08:43:35.622+0000] {processor.py:161} INFO - Started process (PID=964) to work on /opt/airflow/dags/airflow/dags/hw1.py
[2024-10-03T08:43:35.624+0000] {processor.py:830} INFO - Processing file /opt/airflow/dags/airflow/dags/hw1.py for tasks to queue
[2024-10-03T08:43:35.627+0000] {logging_mixin.py:188} INFO - [2024-10-03T08:43:35.627+0000] {dagbag.py:545} INFO - Filling up the DagBag from /opt/airflow/dags/airflow/dags/hw1.py
[2024-10-03T08:43:37.244+0000] {processor.py:840} INFO - DAG(s) 'random_forest_classifier_dag', 'gradient_boosting_classifier_dag', 'decision_tree_classifier_dag' retrieved from /opt/airflow/dags/airflow/dags/hw1.py
[2024-10-03T08:43:37.280+0000] {logging_mixin.py:188} INFO - [2024-10-03T08:43:37.279+0000] {dag.py:3089} INFO - Sync 3 DAGs
[2024-10-03T08:43:37.281+0000] {logging_mixin.py:188} WARNING - Sync 3 DAGs
[2024-10-03T08:43:37.311+0000] {logging_mixin.py:188} INFO - [2024-10-03T08:43:37.311+0000] {dag.py:3947} INFO - Setting next_dagrun for decision_tree_classifier_dag to 2024-10-03 01:00:00+00:00, run_after=2024-10-04 01:00:00+00:00
[2024-10-03T08:43:37.312+0000] {logging_mixin.py:188} WARNING - Setting next_dagrun for decision_tree_classifier_dag to 2024-10-03 01:00:00+00:00, run_after=2024-10-04 01:00:00+00:00
[2024-10-03T08:43:37.319+0000] {logging_mixin.py:188} INFO - [2024-10-03T08:43:37.319+0000] {dag.py:3947} INFO - Setting next_dagrun for gradient_boosting_classifier_dag to 2024-10-03 01:00:00+00:00, run_after=2024-10-04 01:00:00+00:00
[2024-10-03T08:43:37.320+0000] {logging_mixin.py:188} WARNING - Setting next_dagrun for gradient_boosting_classifier_dag to 2024-10-03 01:00:00+00:00, run_after=2024-10-04 01:00:00+00:00
[2024-10-03T08:43:37.325+0000] {logging_mixin.py:188} INFO - [2024-10-03T08:43:37.325+0000] {dag.py:3947} INFO - Setting next_dagrun for random_forest_classifier_dag to 2024-10-03 01:00:00+00:00, run_after=2024-10-04 01:00:00+00:00
[2024-10-03T08:43:37.326+0000] {logging_mixin.py:188} WARNING - Setting next_dagrun for random_forest_classifier_dag to 2024-10-03 01:00:00+00:00, run_after=2024-10-04 01:00:00+00:00
[2024-10-03T08:43:37.365+0000] {processor.py:183} INFO - Processing /opt/airflow/dags/airflow/dags/hw1.py took 1.752 seconds
[2024-10-03T08:44:07.898+0000] {processor.py:161} INFO - Started process (PID=1203) to work on /opt/airflow/dags/airflow/dags/hw1.py
[2024-10-03T08:44:07.899+0000] {processor.py:830} INFO - Processing file /opt/airflow/dags/airflow/dags/hw1.py for tasks to queue
[2024-10-03T08:44:07.902+0000] {logging_mixin.py:188} INFO - [2024-10-03T08:44:07.901+0000] {dagbag.py:545} INFO - Filling up the DagBag from /opt/airflow/dags/airflow/dags/hw1.py
[2024-10-03T08:44:08.865+0000] {processor.py:840} INFO - DAG(s) 'gradient_boosting_classifier_dag', 'decision_tree_classifier_dag', 'random_forest_classifier_dag' retrieved from /opt/airflow/dags/airflow/dags/hw1.py
[2024-10-03T08:44:08.946+0000] {logging_mixin.py:188} INFO - [2024-10-03T08:44:08.946+0000] {dag.py:3089} INFO - Sync 3 DAGs
[2024-10-03T08:44:08.951+0000] {logging_mixin.py:188} WARNING - Sync 3 DAGs
[2024-10-03T08:44:08.970+0000] {logging_mixin.py:188} INFO - [2024-10-03T08:44:08.969+0000] {dag.py:3947} INFO - Setting next_dagrun for decision_tree_classifier_dag to 2024-10-03 01:00:00+00:00, run_after=2024-10-04 01:00:00+00:00
[2024-10-03T08:44:08.972+0000] {logging_mixin.py:188} WARNING - Setting next_dagrun for decision_tree_classifier_dag to 2024-10-03 01:00:00+00:00, run_after=2024-10-04 01:00:00+00:00
[2024-10-03T08:44:08.977+0000] {logging_mixin.py:188} INFO - [2024-10-03T08:44:08.977+0000] {dag.py:3947} INFO - Setting next_dagrun for gradient_boosting_classifier_dag to 2024-10-03 01:00:00+00:00, run_after=2024-10-04 01:00:00+00:00
[2024-10-03T08:44:08.978+0000] {logging_mixin.py:188} WARNING - Setting next_dagrun for gradient_boosting_classifier_dag to 2024-10-03 01:00:00+00:00, run_after=2024-10-04 01:00:00+00:00
[2024-10-03T08:44:08.980+0000] {logging_mixin.py:188} INFO - [2024-10-03T08:44:08.980+0000] {dag.py:3947} INFO - Setting next_dagrun for random_forest_classifier_dag to 2024-10-03 01:00:00+00:00, run_after=2024-10-04 01:00:00+00:00
[2024-10-03T08:44:08.980+0000] {logging_mixin.py:188} WARNING - Setting next_dagrun for random_forest_classifier_dag to 2024-10-03 01:00:00+00:00, run_after=2024-10-04 01:00:00+00:00
[2024-10-03T08:44:09.016+0000] {processor.py:183} INFO - Processing /opt/airflow/dags/airflow/dags/hw1.py took 1.122 seconds
[2024-10-03T08:44:39.693+0000] {processor.py:161} INFO - Started process (PID=1448) to work on /opt/airflow/dags/airflow/dags/hw1.py
[2024-10-03T08:44:39.696+0000] {processor.py:830} INFO - Processing file /opt/airflow/dags/airflow/dags/hw1.py for tasks to queue
[2024-10-03T08:44:39.701+0000] {logging_mixin.py:188} INFO - [2024-10-03T08:44:39.701+0000] {dagbag.py:545} INFO - Filling up the DagBag from /opt/airflow/dags/airflow/dags/hw1.py
[2024-10-03T08:44:41.618+0000] {processor.py:840} INFO - DAG(s) 'random_forest_classifier_dag', 'decision_tree_classifier_dag', 'gradient_boosting_classifier_dag' retrieved from /opt/airflow/dags/airflow/dags/hw1.py
[2024-10-03T08:44:41.652+0000] {logging_mixin.py:188} INFO - [2024-10-03T08:44:41.651+0000] {dag.py:3089} INFO - Sync 3 DAGs
[2024-10-03T08:44:41.654+0000] {logging_mixin.py:188} WARNING - Sync 3 DAGs
[2024-10-03T08:44:41.686+0000] {logging_mixin.py:188} INFO - [2024-10-03T08:44:41.685+0000] {dag.py:3947} INFO - Setting next_dagrun for decision_tree_classifier_dag to 2024-10-03 01:00:00+00:00, run_after=2024-10-04 01:00:00+00:00
[2024-10-03T08:44:41.687+0000] {logging_mixin.py:188} WARNING - Setting next_dagrun for decision_tree_classifier_dag to 2024-10-03 01:00:00+00:00, run_after=2024-10-04 01:00:00+00:00
[2024-10-03T08:44:41.694+0000] {logging_mixin.py:188} INFO - [2024-10-03T08:44:41.693+0000] {dag.py:3947} INFO - Setting next_dagrun for gradient_boosting_classifier_dag to 2024-10-03 01:00:00+00:00, run_after=2024-10-04 01:00:00+00:00
[2024-10-03T08:44:41.694+0000] {logging_mixin.py:188} WARNING - Setting next_dagrun for gradient_boosting_classifier_dag to 2024-10-03 01:00:00+00:00, run_after=2024-10-04 01:00:00+00:00
[2024-10-03T08:44:41.700+0000] {logging_mixin.py:188} INFO - [2024-10-03T08:44:41.699+0000] {dag.py:3947} INFO - Setting next_dagrun for random_forest_classifier_dag to 2024-10-03 01:00:00+00:00, run_after=2024-10-04 01:00:00+00:00
[2024-10-03T08:44:41.700+0000] {logging_mixin.py:188} WARNING - Setting next_dagrun for random_forest_classifier_dag to 2024-10-03 01:00:00+00:00, run_after=2024-10-04 01:00:00+00:00
[2024-10-03T08:44:41.749+0000] {processor.py:183} INFO - Processing /opt/airflow/dags/airflow/dags/hw1.py took 2.067 seconds
[2024-10-03T08:45:12.474+0000] {processor.py:161} INFO - Started process (PID=1687) to work on /opt/airflow/dags/airflow/dags/hw1.py
[2024-10-03T08:45:12.476+0000] {processor.py:830} INFO - Processing file /opt/airflow/dags/airflow/dags/hw1.py for tasks to queue
[2024-10-03T08:45:12.479+0000] {logging_mixin.py:188} INFO - [2024-10-03T08:45:12.479+0000] {dagbag.py:545} INFO - Filling up the DagBag from /opt/airflow/dags/airflow/dags/hw1.py
[2024-10-03T08:45:14.905+0000] {processor.py:840} INFO - DAG(s) 'random_forest_classifier_dag', 'gradient_boosting_classifier_dag', 'decision_tree_classifier_dag' retrieved from /opt/airflow/dags/airflow/dags/hw1.py
[2024-10-03T08:45:15.186+0000] {logging_mixin.py:188} INFO - [2024-10-03T08:45:15.185+0000] {dag.py:3089} INFO - Sync 3 DAGs
[2024-10-03T08:45:15.187+0000] {logging_mixin.py:188} WARNING - Sync 3 DAGs
[2024-10-03T08:45:15.216+0000] {logging_mixin.py:188} INFO - [2024-10-03T08:45:15.216+0000] {dag.py:3947} INFO - Setting next_dagrun for decision_tree_classifier_dag to 2024-10-03 01:00:00+00:00, run_after=2024-10-04 01:00:00+00:00
[2024-10-03T08:45:15.217+0000] {logging_mixin.py:188} WARNING - Setting next_dagrun for decision_tree_classifier_dag to 2024-10-03 01:00:00+00:00, run_after=2024-10-04 01:00:00+00:00
[2024-10-03T08:45:15.225+0000] {logging_mixin.py:188} INFO - [2024-10-03T08:45:15.224+0000] {dag.py:3947} INFO - Setting next_dagrun for gradient_boosting_classifier_dag to 2024-10-03 01:00:00+00:00, run_after=2024-10-04 01:00:00+00:00
[2024-10-03T08:45:15.226+0000] {logging_mixin.py:188} WARNING - Setting next_dagrun for gradient_boosting_classifier_dag to 2024-10-03 01:00:00+00:00, run_after=2024-10-04 01:00:00+00:00
[2024-10-03T08:45:15.231+0000] {logging_mixin.py:188} INFO - [2024-10-03T08:45:15.230+0000] {dag.py:3947} INFO - Setting next_dagrun for random_forest_classifier_dag to 2024-10-03 01:00:00+00:00, run_after=2024-10-04 01:00:00+00:00
[2024-10-03T08:45:15.231+0000] {logging_mixin.py:188} WARNING - Setting next_dagrun for random_forest_classifier_dag to 2024-10-03 01:00:00+00:00, run_after=2024-10-04 01:00:00+00:00
[2024-10-03T08:45:15.282+0000] {processor.py:183} INFO - Processing /opt/airflow/dags/airflow/dags/hw1.py took 2.820 seconds
[2024-10-03T08:45:46.717+0000] {processor.py:161} INFO - Started process (PID=1929) to work on /opt/airflow/dags/airflow/dags/hw1.py
[2024-10-03T08:45:46.719+0000] {processor.py:830} INFO - Processing file /opt/airflow/dags/airflow/dags/hw1.py for tasks to queue
[2024-10-03T08:45:46.722+0000] {logging_mixin.py:188} INFO - [2024-10-03T08:45:46.722+0000] {dagbag.py:545} INFO - Filling up the DagBag from /opt/airflow/dags/airflow/dags/hw1.py
[2024-10-03T08:45:48.376+0000] {processor.py:840} INFO - DAG(s) 'gradient_boosting_classifier_dag', 'random_forest_classifier_dag', 'decision_tree_classifier_dag' retrieved from /opt/airflow/dags/airflow/dags/hw1.py
[2024-10-03T08:45:48.418+0000] {logging_mixin.py:188} INFO - [2024-10-03T08:45:48.417+0000] {dag.py:3089} INFO - Sync 3 DAGs
[2024-10-03T08:45:48.419+0000] {logging_mixin.py:188} WARNING - Sync 3 DAGs
[2024-10-03T08:45:48.456+0000] {logging_mixin.py:188} INFO - [2024-10-03T08:45:48.455+0000] {dag.py:3947} INFO - Setting next_dagrun for decision_tree_classifier_dag to 2024-10-03 01:00:00+00:00, run_after=2024-10-04 01:00:00+00:00
[2024-10-03T08:45:48.457+0000] {logging_mixin.py:188} WARNING - Setting next_dagrun for decision_tree_classifier_dag to 2024-10-03 01:00:00+00:00, run_after=2024-10-04 01:00:00+00:00
[2024-10-03T08:45:48.466+0000] {logging_mixin.py:188} INFO - [2024-10-03T08:45:48.466+0000] {dag.py:3947} INFO - Setting next_dagrun for gradient_boosting_classifier_dag to 2024-10-03 01:00:00+00:00, run_after=2024-10-04 01:00:00+00:00
[2024-10-03T08:45:48.467+0000] {logging_mixin.py:188} WARNING - Setting next_dagrun for gradient_boosting_classifier_dag to 2024-10-03 01:00:00+00:00, run_after=2024-10-04 01:00:00+00:00
[2024-10-03T08:45:48.471+0000] {logging_mixin.py:188} INFO - [2024-10-03T08:45:48.471+0000] {dag.py:3947} INFO - Setting next_dagrun for random_forest_classifier_dag to 2024-10-03 01:00:00+00:00, run_after=2024-10-04 01:00:00+00:00
[2024-10-03T08:45:48.471+0000] {logging_mixin.py:188} WARNING - Setting next_dagrun for random_forest_classifier_dag to 2024-10-03 01:00:00+00:00, run_after=2024-10-04 01:00:00+00:00
[2024-10-03T08:45:48.518+0000] {processor.py:183} INFO - Processing /opt/airflow/dags/airflow/dags/hw1.py took 1.813 seconds
[2024-10-03T08:46:19.122+0000] {processor.py:161} INFO - Started process (PID=2181) to work on /opt/airflow/dags/airflow/dags/hw1.py
[2024-10-03T08:46:19.124+0000] {processor.py:830} INFO - Processing file /opt/airflow/dags/airflow/dags/hw1.py for tasks to queue
[2024-10-03T08:46:19.128+0000] {logging_mixin.py:188} INFO - [2024-10-03T08:46:19.127+0000] {dagbag.py:545} INFO - Filling up the DagBag from /opt/airflow/dags/airflow/dags/hw1.py
[2024-10-03T08:46:20.632+0000] {processor.py:840} INFO - DAG(s) 'decision_tree_classifier_dag', 'gradient_boosting_classifier_dag', 'random_forest_classifier_dag' retrieved from /opt/airflow/dags/airflow/dags/hw1.py
[2024-10-03T08:46:20.807+0000] {logging_mixin.py:188} INFO - [2024-10-03T08:46:20.806+0000] {dag.py:3089} INFO - Sync 3 DAGs
[2024-10-03T08:46:20.807+0000] {logging_mixin.py:188} WARNING - Sync 3 DAGs
[2024-10-03T08:46:20.992+0000] {logging_mixin.py:188} INFO - [2024-10-03T08:46:20.992+0000] {dag.py:3947} INFO - Setting next_dagrun for decision_tree_classifier_dag to 2024-10-03 01:00:00+00:00, run_after=2024-10-04 01:00:00+00:00
[2024-10-03T08:46:20.993+0000] {logging_mixin.py:188} WARNING - Setting next_dagrun for decision_tree_classifier_dag to 2024-10-03 01:00:00+00:00, run_after=2024-10-04 01:00:00+00:00
[2024-10-03T08:46:20.999+0000] {logging_mixin.py:188} INFO - [2024-10-03T08:46:20.999+0000] {dag.py:3947} INFO - Setting next_dagrun for gradient_boosting_classifier_dag to 2024-10-03 01:00:00+00:00, run_after=2024-10-04 01:00:00+00:00
[2024-10-03T08:46:21.000+0000] {logging_mixin.py:188} WARNING - Setting next_dagrun for gradient_boosting_classifier_dag to 2024-10-03 01:00:00+00:00, run_after=2024-10-04 01:00:00+00:00
[2024-10-03T08:46:21.004+0000] {logging_mixin.py:188} INFO - [2024-10-03T08:46:21.003+0000] {dag.py:3947} INFO - Setting next_dagrun for random_forest_classifier_dag to 2024-10-03 01:00:00+00:00, run_after=2024-10-04 01:00:00+00:00
[2024-10-03T08:46:21.004+0000] {logging_mixin.py:188} WARNING - Setting next_dagrun for random_forest_classifier_dag to 2024-10-03 01:00:00+00:00, run_after=2024-10-04 01:00:00+00:00
[2024-10-03T08:46:21.027+0000] {processor.py:183} INFO - Processing /opt/airflow/dags/airflow/dags/hw1.py took 1.916 seconds
[2024-10-03T08:47:08.111+0000] {processor.py:161} INFO - Started process (PID=2421) to work on /opt/airflow/dags/airflow/dags/hw1.py
[2024-10-03T08:47:08.114+0000] {processor.py:830} INFO - Processing file /opt/airflow/dags/airflow/dags/hw1.py for tasks to queue
[2024-10-03T08:47:08.117+0000] {logging_mixin.py:188} INFO - [2024-10-03T08:47:08.117+0000] {dagbag.py:545} INFO - Filling up the DagBag from /opt/airflow/dags/airflow/dags/hw1.py
[2024-10-03T08:47:09.730+0000] {processor.py:840} INFO - DAG(s) 'gradient_boosting_classifier_dag', 'random_forest_classifier_dag', 'decision_tree_classifier_dag' retrieved from /opt/airflow/dags/airflow/dags/hw1.py
[2024-10-03T08:47:09.776+0000] {logging_mixin.py:188} INFO - [2024-10-03T08:47:09.773+0000] {dag.py:3089} INFO - Sync 3 DAGs
[2024-10-03T08:47:09.777+0000] {logging_mixin.py:188} WARNING - Sync 3 DAGs
[2024-10-03T08:47:09.826+0000] {logging_mixin.py:188} INFO - [2024-10-03T08:47:09.826+0000] {dag.py:3947} INFO - Setting next_dagrun for decision_tree_classifier_dag to 2024-10-03 01:00:00+00:00, run_after=2024-10-04 01:00:00+00:00
[2024-10-03T08:47:09.827+0000] {logging_mixin.py:188} WARNING - Setting next_dagrun for decision_tree_classifier_dag to 2024-10-03 01:00:00+00:00, run_after=2024-10-04 01:00:00+00:00
[2024-10-03T08:47:09.839+0000] {logging_mixin.py:188} INFO - [2024-10-03T08:47:09.838+0000] {dag.py:3947} INFO - Setting next_dagrun for gradient_boosting_classifier_dag to 2024-10-03 01:00:00+00:00, run_after=2024-10-04 01:00:00+00:00
[2024-10-03T08:47:09.840+0000] {logging_mixin.py:188} WARNING - Setting next_dagrun for gradient_boosting_classifier_dag to 2024-10-03 01:00:00+00:00, run_after=2024-10-04 01:00:00+00:00
[2024-10-03T08:47:09.845+0000] {logging_mixin.py:188} INFO - [2024-10-03T08:47:09.845+0000] {dag.py:3947} INFO - Setting next_dagrun for random_forest_classifier_dag to 2024-10-03 01:00:00+00:00, run_after=2024-10-04 01:00:00+00:00
[2024-10-03T08:47:09.846+0000] {logging_mixin.py:188} WARNING - Setting next_dagrun for random_forest_classifier_dag to 2024-10-03 01:00:00+00:00, run_after=2024-10-04 01:00:00+00:00
[2024-10-03T08:47:09.896+0000] {processor.py:183} INFO - Processing /opt/airflow/dags/airflow/dags/hw1.py took 1.795 seconds
[2024-10-03T08:47:40.579+0000] {processor.py:161} INFO - Started process (PID=2660) to work on /opt/airflow/dags/airflow/dags/hw1.py
[2024-10-03T08:47:40.580+0000] {processor.py:830} INFO - Processing file /opt/airflow/dags/airflow/dags/hw1.py for tasks to queue
[2024-10-03T08:47:40.583+0000] {logging_mixin.py:188} INFO - [2024-10-03T08:47:40.583+0000] {dagbag.py:545} INFO - Filling up the DagBag from /opt/airflow/dags/airflow/dags/hw1.py
[2024-10-03T08:47:42.254+0000] {processor.py:840} INFO - DAG(s) 'gradient_boosting_classifier_dag', 'random_forest_classifier_dag', 'decision_tree_classifier_dag' retrieved from /opt/airflow/dags/airflow/dags/hw1.py
[2024-10-03T08:47:42.764+0000] {logging_mixin.py:188} INFO - [2024-10-03T08:47:42.763+0000] {dag.py:3089} INFO - Sync 3 DAGs
[2024-10-03T08:47:42.764+0000] {logging_mixin.py:188} WARNING - Sync 3 DAGs
[2024-10-03T08:47:42.795+0000] {logging_mixin.py:188} INFO - [2024-10-03T08:47:42.794+0000] {dag.py:3947} INFO - Setting next_dagrun for decision_tree_classifier_dag to 2024-10-03 01:00:00+00:00, run_after=2024-10-04 01:00:00+00:00
[2024-10-03T08:47:42.808+0000] {logging_mixin.py:188} WARNING - Setting next_dagrun for decision_tree_classifier_dag to 2024-10-03 01:00:00+00:00, run_after=2024-10-04 01:00:00+00:00
[2024-10-03T08:47:42.815+0000] {logging_mixin.py:188} INFO - [2024-10-03T08:47:42.815+0000] {dag.py:3947} INFO - Setting next_dagrun for gradient_boosting_classifier_dag to 2024-10-03 01:00:00+00:00, run_after=2024-10-04 01:00:00+00:00
[2024-10-03T08:47:42.816+0000] {logging_mixin.py:188} WARNING - Setting next_dagrun for gradient_boosting_classifier_dag to 2024-10-03 01:00:00+00:00, run_after=2024-10-04 01:00:00+00:00
[2024-10-03T08:47:42.821+0000] {logging_mixin.py:188} INFO - [2024-10-03T08:47:42.821+0000] {dag.py:3947} INFO - Setting next_dagrun for random_forest_classifier_dag to 2024-10-03 01:00:00+00:00, run_after=2024-10-04 01:00:00+00:00
[2024-10-03T08:47:42.822+0000] {logging_mixin.py:188} WARNING - Setting next_dagrun for random_forest_classifier_dag to 2024-10-03 01:00:00+00:00, run_after=2024-10-04 01:00:00+00:00
[2024-10-03T08:47:42.854+0000] {processor.py:183} INFO - Processing /opt/airflow/dags/airflow/dags/hw1.py took 2.286 seconds
[2024-10-03T08:48:13.894+0000] {processor.py:161} INFO - Started process (PID=2902) to work on /opt/airflow/dags/airflow/dags/hw1.py
[2024-10-03T08:48:13.896+0000] {processor.py:830} INFO - Processing file /opt/airflow/dags/airflow/dags/hw1.py for tasks to queue
[2024-10-03T08:48:13.900+0000] {logging_mixin.py:188} INFO - [2024-10-03T08:48:13.899+0000] {dagbag.py:545} INFO - Filling up the DagBag from /opt/airflow/dags/airflow/dags/hw1.py
[2024-10-03T08:48:15.694+0000] {processor.py:840} INFO - DAG(s) 'gradient_boosting_classifier_dag', 'decision_tree_classifier_dag', 'random_forest_classifier_dag' retrieved from /opt/airflow/dags/airflow/dags/hw1.py
[2024-10-03T08:48:15.735+0000] {logging_mixin.py:188} INFO - [2024-10-03T08:48:15.734+0000] {dag.py:3089} INFO - Sync 3 DAGs
[2024-10-03T08:48:15.736+0000] {logging_mixin.py:188} WARNING - Sync 3 DAGs
[2024-10-03T08:48:15.769+0000] {logging_mixin.py:188} INFO - [2024-10-03T08:48:15.768+0000] {dag.py:3947} INFO - Setting next_dagrun for decision_tree_classifier_dag to 2024-10-03 01:00:00+00:00, run_after=2024-10-04 01:00:00+00:00
[2024-10-03T08:48:15.778+0000] {logging_mixin.py:188} WARNING - Setting next_dagrun for decision_tree_classifier_dag to 2024-10-03 01:00:00+00:00, run_after=2024-10-04 01:00:00+00:00
[2024-10-03T08:48:15.786+0000] {logging_mixin.py:188} INFO - [2024-10-03T08:48:15.786+0000] {dag.py:3947} INFO - Setting next_dagrun for gradient_boosting_classifier_dag to 2024-10-03 01:00:00+00:00, run_after=2024-10-04 01:00:00+00:00
[2024-10-03T08:48:15.787+0000] {logging_mixin.py:188} WARNING - Setting next_dagrun for gradient_boosting_classifier_dag to 2024-10-03 01:00:00+00:00, run_after=2024-10-04 01:00:00+00:00
[2024-10-03T08:48:15.792+0000] {logging_mixin.py:188} INFO - [2024-10-03T08:48:15.792+0000] {dag.py:3947} INFO - Setting next_dagrun for random_forest_classifier_dag to 2024-10-03 01:00:00+00:00, run_after=2024-10-04 01:00:00+00:00
[2024-10-03T08:48:15.795+0000] {logging_mixin.py:188} WARNING - Setting next_dagrun for random_forest_classifier_dag to 2024-10-03 01:00:00+00:00, run_after=2024-10-04 01:00:00+00:00
[2024-10-03T08:48:15.946+0000] {processor.py:183} INFO - Processing /opt/airflow/dags/airflow/dags/hw1.py took 2.063 seconds
[2024-10-03T08:48:47.119+0000] {processor.py:161} INFO - Started process (PID=3149) to work on /opt/airflow/dags/airflow/dags/hw1.py
[2024-10-03T08:48:47.120+0000] {processor.py:830} INFO - Processing file /opt/airflow/dags/airflow/dags/hw1.py for tasks to queue
[2024-10-03T08:48:47.122+0000] {logging_mixin.py:188} INFO - [2024-10-03T08:48:47.121+0000] {dagbag.py:545} INFO - Filling up the DagBag from /opt/airflow/dags/airflow/dags/hw1.py
[2024-10-03T08:48:48.128+0000] {processor.py:840} INFO - DAG(s) 'gradient_boosting_classifier_dag', 'random_forest_classifier_dag', 'decision_tree_classifier_dag' retrieved from /opt/airflow/dags/airflow/dags/hw1.py
[2024-10-03T08:48:48.388+0000] {logging_mixin.py:188} INFO - [2024-10-03T08:48:48.388+0000] {dag.py:3089} INFO - Sync 3 DAGs
[2024-10-03T08:48:48.389+0000] {logging_mixin.py:188} WARNING - Sync 3 DAGs
[2024-10-03T08:48:48.409+0000] {logging_mixin.py:188} INFO - [2024-10-03T08:48:48.409+0000] {dag.py:3947} INFO - Setting next_dagrun for decision_tree_classifier_dag to 2024-10-03 01:00:00+00:00, run_after=2024-10-04 01:00:00+00:00
[2024-10-03T08:48:48.410+0000] {logging_mixin.py:188} WARNING - Setting next_dagrun for decision_tree_classifier_dag to 2024-10-03 01:00:00+00:00, run_after=2024-10-04 01:00:00+00:00
[2024-10-03T08:48:48.417+0000] {logging_mixin.py:188} INFO - [2024-10-03T08:48:48.416+0000] {dag.py:3947} INFO - Setting next_dagrun for gradient_boosting_classifier_dag to 2024-10-03 01:00:00+00:00, run_after=2024-10-04 01:00:00+00:00
[2024-10-03T08:48:48.417+0000] {logging_mixin.py:188} WARNING - Setting next_dagrun for gradient_boosting_classifier_dag to 2024-10-03 01:00:00+00:00, run_after=2024-10-04 01:00:00+00:00
[2024-10-03T08:48:48.423+0000] {logging_mixin.py:188} INFO - [2024-10-03T08:48:48.423+0000] {dag.py:3947} INFO - Setting next_dagrun for random_forest_classifier_dag to 2024-10-03 01:00:00+00:00, run_after=2024-10-04 01:00:00+00:00
[2024-10-03T08:48:48.424+0000] {logging_mixin.py:188} WARNING - Setting next_dagrun for random_forest_classifier_dag to 2024-10-03 01:00:00+00:00, run_after=2024-10-04 01:00:00+00:00
[2024-10-03T08:48:48.444+0000] {processor.py:183} INFO - Processing /opt/airflow/dags/airflow/dags/hw1.py took 1.331 seconds
[2024-10-03T08:49:19.974+0000] {processor.py:161} INFO - Started process (PID=3402) to work on /opt/airflow/dags/airflow/dags/hw1.py
[2024-10-03T08:49:19.975+0000] {processor.py:830} INFO - Processing file /opt/airflow/dags/airflow/dags/hw1.py for tasks to queue
[2024-10-03T08:49:19.977+0000] {logging_mixin.py:188} INFO - [2024-10-03T08:49:19.977+0000] {dagbag.py:545} INFO - Filling up the DagBag from /opt/airflow/dags/airflow/dags/hw1.py
[2024-10-03T08:49:21.062+0000] {processor.py:840} INFO - DAG(s) 'random_forest_classifier_dag', 'gradient_boosting_classifier_dag', 'decision_tree_classifier_dag' retrieved from /opt/airflow/dags/airflow/dags/hw1.py
[2024-10-03T08:49:21.080+0000] {logging_mixin.py:188} INFO - [2024-10-03T08:49:21.080+0000] {dag.py:3089} INFO - Sync 3 DAGs
[2024-10-03T08:49:21.081+0000] {logging_mixin.py:188} WARNING - Sync 3 DAGs
[2024-10-03T08:49:21.098+0000] {logging_mixin.py:188} INFO - [2024-10-03T08:49:21.098+0000] {dag.py:3947} INFO - Setting next_dagrun for decision_tree_classifier_dag to 2024-10-03 01:00:00+00:00, run_after=2024-10-04 01:00:00+00:00
[2024-10-03T08:49:21.099+0000] {logging_mixin.py:188} WARNING - Setting next_dagrun for decision_tree_classifier_dag to 2024-10-03 01:00:00+00:00, run_after=2024-10-04 01:00:00+00:00
[2024-10-03T08:49:21.104+0000] {logging_mixin.py:188} INFO - [2024-10-03T08:49:21.104+0000] {dag.py:3947} INFO - Setting next_dagrun for gradient_boosting_classifier_dag to 2024-10-03 01:00:00+00:00, run_after=2024-10-04 01:00:00+00:00
[2024-10-03T08:49:21.105+0000] {logging_mixin.py:188} WARNING - Setting next_dagrun for gradient_boosting_classifier_dag to 2024-10-03 01:00:00+00:00, run_after=2024-10-04 01:00:00+00:00
[2024-10-03T08:49:21.107+0000] {logging_mixin.py:188} INFO - [2024-10-03T08:49:21.107+0000] {dag.py:3947} INFO - Setting next_dagrun for random_forest_classifier_dag to 2024-10-03 01:00:00+00:00, run_after=2024-10-04 01:00:00+00:00
[2024-10-03T08:49:21.108+0000] {logging_mixin.py:188} WARNING - Setting next_dagrun for random_forest_classifier_dag to 2024-10-03 01:00:00+00:00, run_after=2024-10-04 01:00:00+00:00
[2024-10-03T08:49:21.125+0000] {processor.py:183} INFO - Processing /opt/airflow/dags/airflow/dags/hw1.py took 1.156 seconds
[2024-10-03T08:49:51.729+0000] {processor.py:161} INFO - Started process (PID=3645) to work on /opt/airflow/dags/airflow/dags/hw1.py
[2024-10-03T08:49:51.730+0000] {processor.py:830} INFO - Processing file /opt/airflow/dags/airflow/dags/hw1.py for tasks to queue
[2024-10-03T08:49:51.731+0000] {logging_mixin.py:188} INFO - [2024-10-03T08:49:51.731+0000] {dagbag.py:545} INFO - Filling up the DagBag from /opt/airflow/dags/airflow/dags/hw1.py
[2024-10-03T08:49:52.719+0000] {processor.py:840} INFO - DAG(s) 'decision_tree_classifier_dag', 'gradient_boosting_classifier_dag', 'random_forest_classifier_dag' retrieved from /opt/airflow/dags/airflow/dags/hw1.py
[2024-10-03T08:49:52.801+0000] {logging_mixin.py:188} INFO - [2024-10-03T08:49:52.800+0000] {dag.py:3089} INFO - Sync 3 DAGs
[2024-10-03T08:49:52.801+0000] {logging_mixin.py:188} WARNING - Sync 3 DAGs
[2024-10-03T08:49:52.816+0000] {logging_mixin.py:188} INFO - [2024-10-03T08:49:52.816+0000] {dag.py:3947} INFO - Setting next_dagrun for decision_tree_classifier_dag to 2024-10-03 01:00:00+00:00, run_after=2024-10-04 01:00:00+00:00
[2024-10-03T08:49:52.816+0000] {logging_mixin.py:188} WARNING - Setting next_dagrun for decision_tree_classifier_dag to 2024-10-03 01:00:00+00:00, run_after=2024-10-04 01:00:00+00:00
[2024-10-03T08:49:52.820+0000] {logging_mixin.py:188} INFO - [2024-10-03T08:49:52.820+0000] {dag.py:3947} INFO - Setting next_dagrun for gradient_boosting_classifier_dag to 2024-10-03 01:00:00+00:00, run_after=2024-10-04 01:00:00+00:00
[2024-10-03T08:49:52.820+0000] {logging_mixin.py:188} WARNING - Setting next_dagrun for gradient_boosting_classifier_dag to 2024-10-03 01:00:00+00:00, run_after=2024-10-04 01:00:00+00:00
[2024-10-03T08:49:52.822+0000] {logging_mixin.py:188} INFO - [2024-10-03T08:49:52.822+0000] {dag.py:3947} INFO - Setting next_dagrun for random_forest_classifier_dag to 2024-10-03 01:00:00+00:00, run_after=2024-10-04 01:00:00+00:00
[2024-10-03T08:49:52.822+0000] {logging_mixin.py:188} WARNING - Setting next_dagrun for random_forest_classifier_dag to 2024-10-03 01:00:00+00:00, run_after=2024-10-04 01:00:00+00:00
[2024-10-03T08:49:52.864+0000] {processor.py:183} INFO - Processing /opt/airflow/dags/airflow/dags/hw1.py took 1.140 seconds
[2024-10-03T08:50:23.668+0000] {processor.py:161} INFO - Started process (PID=3887) to work on /opt/airflow/dags/airflow/dags/hw1.py
[2024-10-03T08:50:23.669+0000] {processor.py:830} INFO - Processing file /opt/airflow/dags/airflow/dags/hw1.py for tasks to queue
[2024-10-03T08:50:23.671+0000] {logging_mixin.py:188} INFO - [2024-10-03T08:50:23.671+0000] {dagbag.py:545} INFO - Filling up the DagBag from /opt/airflow/dags/airflow/dags/hw1.py
[2024-10-03T08:50:24.749+0000] {processor.py:840} INFO - DAG(s) 'gradient_boosting_classifier_dag', 'random_forest_classifier_dag', 'decision_tree_classifier_dag' retrieved from /opt/airflow/dags/airflow/dags/hw1.py
[2024-10-03T08:50:24.769+0000] {logging_mixin.py:188} INFO - [2024-10-03T08:50:24.768+0000] {dag.py:3089} INFO - Sync 3 DAGs
[2024-10-03T08:50:24.769+0000] {logging_mixin.py:188} WARNING - Sync 3 DAGs
[2024-10-03T08:50:24.793+0000] {logging_mixin.py:188} INFO - [2024-10-03T08:50:24.793+0000] {dag.py:3947} INFO - Setting next_dagrun for decision_tree_classifier_dag to 2024-10-03 01:00:00+00:00, run_after=2024-10-04 01:00:00+00:00
[2024-10-03T08:50:24.794+0000] {logging_mixin.py:188} WARNING - Setting next_dagrun for decision_tree_classifier_dag to 2024-10-03 01:00:00+00:00, run_after=2024-10-04 01:00:00+00:00
[2024-10-03T08:50:24.799+0000] {logging_mixin.py:188} INFO - [2024-10-03T08:50:24.798+0000] {dag.py:3947} INFO - Setting next_dagrun for gradient_boosting_classifier_dag to 2024-10-03 01:00:00+00:00, run_after=2024-10-04 01:00:00+00:00
[2024-10-03T08:50:24.799+0000] {logging_mixin.py:188} WARNING - Setting next_dagrun for gradient_boosting_classifier_dag to 2024-10-03 01:00:00+00:00, run_after=2024-10-04 01:00:00+00:00
[2024-10-03T08:50:24.802+0000] {logging_mixin.py:188} INFO - [2024-10-03T08:50:24.802+0000] {dag.py:3947} INFO - Setting next_dagrun for random_forest_classifier_dag to 2024-10-03 01:00:00+00:00, run_after=2024-10-04 01:00:00+00:00
[2024-10-03T08:50:24.803+0000] {logging_mixin.py:188} WARNING - Setting next_dagrun for random_forest_classifier_dag to 2024-10-03 01:00:00+00:00, run_after=2024-10-04 01:00:00+00:00
[2024-10-03T08:50:24.840+0000] {processor.py:183} INFO - Processing /opt/airflow/dags/airflow/dags/hw1.py took 1.179 seconds
[2024-10-03T08:50:56.404+0000] {processor.py:161} INFO - Started process (PID=4129) to work on /opt/airflow/dags/airflow/dags/hw1.py
[2024-10-03T08:50:56.406+0000] {processor.py:830} INFO - Processing file /opt/airflow/dags/airflow/dags/hw1.py for tasks to queue
[2024-10-03T08:50:56.408+0000] {logging_mixin.py:188} INFO - [2024-10-03T08:50:56.408+0000] {dagbag.py:545} INFO - Filling up the DagBag from /opt/airflow/dags/airflow/dags/hw1.py
[2024-10-03T08:50:57.539+0000] {processor.py:840} INFO - DAG(s) 'random_forest_classifier_dag', 'decision_tree_classifier_dag', 'gradient_boosting_classifier_dag' retrieved from /opt/airflow/dags/airflow/dags/hw1.py
[2024-10-03T08:50:57.633+0000] {logging_mixin.py:188} INFO - [2024-10-03T08:50:57.632+0000] {dag.py:3089} INFO - Sync 3 DAGs
[2024-10-03T08:50:57.633+0000] {logging_mixin.py:188} WARNING - Sync 3 DAGs
[2024-10-03T08:50:57.647+0000] {logging_mixin.py:188} INFO - [2024-10-03T08:50:57.647+0000] {dag.py:3947} INFO - Setting next_dagrun for decision_tree_classifier_dag to 2024-10-03 01:00:00+00:00, run_after=2024-10-04 01:00:00+00:00
[2024-10-03T08:50:57.688+0000] {logging_mixin.py:188} WARNING - Setting next_dagrun for decision_tree_classifier_dag to 2024-10-03 01:00:00+00:00, run_after=2024-10-04 01:00:00+00:00
[2024-10-03T08:50:57.693+0000] {logging_mixin.py:188} INFO - [2024-10-03T08:50:57.692+0000] {dag.py:3947} INFO - Setting next_dagrun for gradient_boosting_classifier_dag to 2024-10-03 01:00:00+00:00, run_after=2024-10-04 01:00:00+00:00
[2024-10-03T08:50:57.693+0000] {logging_mixin.py:188} WARNING - Setting next_dagrun for gradient_boosting_classifier_dag to 2024-10-03 01:00:00+00:00, run_after=2024-10-04 01:00:00+00:00
[2024-10-03T08:50:57.696+0000] {logging_mixin.py:188} INFO - [2024-10-03T08:50:57.696+0000] {dag.py:3947} INFO - Setting next_dagrun for random_forest_classifier_dag to 2024-10-03 01:00:00+00:00, run_after=2024-10-04 01:00:00+00:00
[2024-10-03T08:50:57.696+0000] {logging_mixin.py:188} WARNING - Setting next_dagrun for random_forest_classifier_dag to 2024-10-03 01:00:00+00:00, run_after=2024-10-04 01:00:00+00:00
[2024-10-03T08:50:57.713+0000] {processor.py:183} INFO - Processing /opt/airflow/dags/airflow/dags/hw1.py took 1.317 seconds
[2024-10-03T08:56:27.764+0000] {processor.py:161} INFO - Started process (PID=4255) to work on /opt/airflow/dags/airflow/dags/hw1.py
[2024-10-03T08:56:27.768+0000] {processor.py:830} INFO - Processing file /opt/airflow/dags/airflow/dags/hw1.py for tasks to queue
[2024-10-03T08:56:27.770+0000] {logging_mixin.py:188} INFO - [2024-10-03T08:56:27.770+0000] {dagbag.py:545} INFO - Filling up the DagBag from /opt/airflow/dags/airflow/dags/hw1.py
[2024-10-03T08:56:28.751+0000] {processor.py:840} INFO - DAG(s) 'gradient_boosting_classifier_dag', 'random_forest_classifier_dag', 'decision_tree_classifier_dag' retrieved from /opt/airflow/dags/airflow/dags/hw1.py
[2024-10-03T08:56:29.011+0000] {logging_mixin.py:188} INFO - [2024-10-03T08:56:29.011+0000] {dag.py:3089} INFO - Sync 3 DAGs
[2024-10-03T08:56:29.016+0000] {logging_mixin.py:188} WARNING - Sync 3 DAGs
[2024-10-03T08:56:29.031+0000] {logging_mixin.py:188} INFO - [2024-10-03T08:56:29.031+0000] {dag.py:3947} INFO - Setting next_dagrun for decision_tree_classifier_dag to 2024-10-03 01:00:00+00:00, run_after=2024-10-04 01:00:00+00:00
[2024-10-03T08:56:29.032+0000] {logging_mixin.py:188} WARNING - Setting next_dagrun for decision_tree_classifier_dag to 2024-10-03 01:00:00+00:00, run_after=2024-10-04 01:00:00+00:00
[2024-10-03T08:56:29.038+0000] {logging_mixin.py:188} INFO - [2024-10-03T08:56:29.038+0000] {dag.py:3947} INFO - Setting next_dagrun for gradient_boosting_classifier_dag to 2024-10-03 01:00:00+00:00, run_after=2024-10-04 01:00:00+00:00
[2024-10-03T08:56:29.039+0000] {logging_mixin.py:188} WARNING - Setting next_dagrun for gradient_boosting_classifier_dag to 2024-10-03 01:00:00+00:00, run_after=2024-10-04 01:00:00+00:00
[2024-10-03T08:56:29.041+0000] {logging_mixin.py:188} INFO - [2024-10-03T08:56:29.041+0000] {dag.py:3947} INFO - Setting next_dagrun for random_forest_classifier_dag to 2024-10-03 01:00:00+00:00, run_after=2024-10-04 01:00:00+00:00
[2024-10-03T08:56:29.042+0000] {logging_mixin.py:188} WARNING - Setting next_dagrun for random_forest_classifier_dag to 2024-10-03 01:00:00+00:00, run_after=2024-10-04 01:00:00+00:00
[2024-10-03T08:56:29.061+0000] {processor.py:183} INFO - Processing /opt/airflow/dags/airflow/dags/hw1.py took 1.305 seconds
[2024-10-03T08:57:00.619+0000] {processor.py:161} INFO - Started process (PID=4534) to work on /opt/airflow/dags/airflow/dags/hw1.py
[2024-10-03T08:57:00.620+0000] {processor.py:830} INFO - Processing file /opt/airflow/dags/airflow/dags/hw1.py for tasks to queue
[2024-10-03T08:57:00.621+0000] {logging_mixin.py:188} INFO - [2024-10-03T08:57:00.621+0000] {dagbag.py:545} INFO - Filling up the DagBag from /opt/airflow/dags/airflow/dags/hw1.py
[2024-10-03T08:57:01.672+0000] {processor.py:840} INFO - DAG(s) 'decision_tree_classifier_dag', 'random_forest_classifier_dag', 'gradient_boosting_classifier_dag' retrieved from /opt/airflow/dags/airflow/dags/hw1.py
[2024-10-03T08:57:01.692+0000] {logging_mixin.py:188} INFO - [2024-10-03T08:57:01.691+0000] {dag.py:3089} INFO - Sync 3 DAGs
[2024-10-03T08:57:01.693+0000] {logging_mixin.py:188} WARNING - Sync 3 DAGs
[2024-10-03T08:57:01.711+0000] {logging_mixin.py:188} INFO - [2024-10-03T08:57:01.710+0000] {dag.py:3947} INFO - Setting next_dagrun for decision_tree_classifier_dag to 2024-10-03 01:00:00+00:00, run_after=2024-10-04 01:00:00+00:00
[2024-10-03T08:57:01.711+0000] {logging_mixin.py:188} WARNING - Setting next_dagrun for decision_tree_classifier_dag to 2024-10-03 01:00:00+00:00, run_after=2024-10-04 01:00:00+00:00
[2024-10-03T08:57:01.715+0000] {logging_mixin.py:188} INFO - [2024-10-03T08:57:01.715+0000] {dag.py:3947} INFO - Setting next_dagrun for gradient_boosting_classifier_dag to 2024-10-03 01:00:00+00:00, run_after=2024-10-04 01:00:00+00:00
[2024-10-03T08:57:01.716+0000] {logging_mixin.py:188} WARNING - Setting next_dagrun for gradient_boosting_classifier_dag to 2024-10-03 01:00:00+00:00, run_after=2024-10-04 01:00:00+00:00
[2024-10-03T08:57:01.718+0000] {logging_mixin.py:188} INFO - [2024-10-03T08:57:01.718+0000] {dag.py:3947} INFO - Setting next_dagrun for random_forest_classifier_dag to 2024-10-03 01:00:00+00:00, run_after=2024-10-04 01:00:00+00:00
[2024-10-03T08:57:01.719+0000] {logging_mixin.py:188} WARNING - Setting next_dagrun for random_forest_classifier_dag to 2024-10-03 01:00:00+00:00, run_after=2024-10-04 01:00:00+00:00
[2024-10-03T08:57:01.867+0000] {processor.py:183} INFO - Processing /opt/airflow/dags/airflow/dags/hw1.py took 1.254 seconds
