[2024-09-24T20:22:07.231+0000] {processor.py:161} INFO - Started process (PID=377) to work on /opt/airflow/dags/.cache/pip/http/d/9/0/e/2/d90e2827550cb2cfcf09de24cb12f065a66a1eb24b7da8a328ebedbf
[2024-09-24T20:22:07.233+0000] {processor.py:830} INFO - Processing file /opt/airflow/dags/.cache/pip/http/d/9/0/e/2/d90e2827550cb2cfcf09de24cb12f065a66a1eb24b7da8a328ebedbf for tasks to queue
[2024-09-24T20:22:07.248+0000] {logging_mixin.py:188} INFO - [2024-09-24T20:22:07.247+0000] {dagbag.py:545} INFO - Filling up the DagBag from /opt/airflow/dags/.cache/pip/http/d/9/0/e/2/d90e2827550cb2cfcf09de24cb12f065a66a1eb24b7da8a328ebedbf
[2024-09-24T20:22:07.278+0000] {processor.py:842} WARNING - No viable dags retrieved from /opt/airflow/dags/.cache/pip/http/d/9/0/e/2/d90e2827550cb2cfcf09de24cb12f065a66a1eb24b7da8a328ebedbf
[2024-09-24T20:22:07.296+0000] {processor.py:183} INFO - Processing /opt/airflow/dags/.cache/pip/http/d/9/0/e/2/d90e2827550cb2cfcf09de24cb12f065a66a1eb24b7da8a328ebedbf took 0.073 seconds
[2024-09-24T20:22:40.165+0000] {processor.py:161} INFO - Started process (PID=651) to work on /opt/airflow/dags/.cache/pip/http/d/9/0/e/2/d90e2827550cb2cfcf09de24cb12f065a66a1eb24b7da8a328ebedbf
[2024-09-24T20:22:40.167+0000] {processor.py:830} INFO - Processing file /opt/airflow/dags/.cache/pip/http/d/9/0/e/2/d90e2827550cb2cfcf09de24cb12f065a66a1eb24b7da8a328ebedbf for tasks to queue
[2024-09-24T20:22:40.170+0000] {logging_mixin.py:188} INFO - [2024-09-24T20:22:40.170+0000] {dagbag.py:545} INFO - Filling up the DagBag from /opt/airflow/dags/.cache/pip/http/d/9/0/e/2/d90e2827550cb2cfcf09de24cb12f065a66a1eb24b7da8a328ebedbf
[2024-09-24T20:22:40.229+0000] {processor.py:842} WARNING - No viable dags retrieved from /opt/airflow/dags/.cache/pip/http/d/9/0/e/2/d90e2827550cb2cfcf09de24cb12f065a66a1eb24b7da8a328ebedbf
[2024-09-24T20:22:40.251+0000] {processor.py:183} INFO - Processing /opt/airflow/dags/.cache/pip/http/d/9/0/e/2/d90e2827550cb2cfcf09de24cb12f065a66a1eb24b7da8a328ebedbf took 0.103 seconds
[2024-09-24T20:23:10.627+0000] {processor.py:161} INFO - Started process (PID=926) to work on /opt/airflow/dags/.cache/pip/http/d/9/0/e/2/d90e2827550cb2cfcf09de24cb12f065a66a1eb24b7da8a328ebedbf
[2024-09-24T20:23:10.628+0000] {processor.py:830} INFO - Processing file /opt/airflow/dags/.cache/pip/http/d/9/0/e/2/d90e2827550cb2cfcf09de24cb12f065a66a1eb24b7da8a328ebedbf for tasks to queue
[2024-09-24T20:23:10.630+0000] {logging_mixin.py:188} INFO - [2024-09-24T20:23:10.630+0000] {dagbag.py:545} INFO - Filling up the DagBag from /opt/airflow/dags/.cache/pip/http/d/9/0/e/2/d90e2827550cb2cfcf09de24cb12f065a66a1eb24b7da8a328ebedbf
[2024-09-24T20:23:10.645+0000] {processor.py:842} WARNING - No viable dags retrieved from /opt/airflow/dags/.cache/pip/http/d/9/0/e/2/d90e2827550cb2cfcf09de24cb12f065a66a1eb24b7da8a328ebedbf
[2024-09-24T20:23:10.654+0000] {processor.py:183} INFO - Processing /opt/airflow/dags/.cache/pip/http/d/9/0/e/2/d90e2827550cb2cfcf09de24cb12f065a66a1eb24b7da8a328ebedbf took 0.031 seconds
[2024-09-24T20:27:55.940+0000] {processor.py:161} INFO - Started process (PID=381) to work on /opt/airflow/dags/.cache/pip/http/d/9/0/e/2/d90e2827550cb2cfcf09de24cb12f065a66a1eb24b7da8a328ebedbf
[2024-09-24T20:27:55.941+0000] {processor.py:830} INFO - Processing file /opt/airflow/dags/.cache/pip/http/d/9/0/e/2/d90e2827550cb2cfcf09de24cb12f065a66a1eb24b7da8a328ebedbf for tasks to queue
[2024-09-24T20:27:55.942+0000] {logging_mixin.py:188} INFO - [2024-09-24T20:27:55.942+0000] {dagbag.py:545} INFO - Filling up the DagBag from /opt/airflow/dags/.cache/pip/http/d/9/0/e/2/d90e2827550cb2cfcf09de24cb12f065a66a1eb24b7da8a328ebedbf
[2024-09-24T20:27:55.974+0000] {processor.py:842} WARNING - No viable dags retrieved from /opt/airflow/dags/.cache/pip/http/d/9/0/e/2/d90e2827550cb2cfcf09de24cb12f065a66a1eb24b7da8a328ebedbf
[2024-09-24T20:27:55.985+0000] {processor.py:183} INFO - Processing /opt/airflow/dags/.cache/pip/http/d/9/0/e/2/d90e2827550cb2cfcf09de24cb12f065a66a1eb24b7da8a328ebedbf took 0.049 seconds
[2024-09-24T20:28:28.912+0000] {processor.py:161} INFO - Started process (PID=655) to work on /opt/airflow/dags/.cache/pip/http/d/9/0/e/2/d90e2827550cb2cfcf09de24cb12f065a66a1eb24b7da8a328ebedbf
[2024-09-24T20:28:28.917+0000] {processor.py:830} INFO - Processing file /opt/airflow/dags/.cache/pip/http/d/9/0/e/2/d90e2827550cb2cfcf09de24cb12f065a66a1eb24b7da8a328ebedbf for tasks to queue
[2024-09-24T20:28:28.921+0000] {logging_mixin.py:188} INFO - [2024-09-24T20:28:28.920+0000] {dagbag.py:545} INFO - Filling up the DagBag from /opt/airflow/dags/.cache/pip/http/d/9/0/e/2/d90e2827550cb2cfcf09de24cb12f065a66a1eb24b7da8a328ebedbf
[2024-09-24T20:28:28.945+0000] {processor.py:842} WARNING - No viable dags retrieved from /opt/airflow/dags/.cache/pip/http/d/9/0/e/2/d90e2827550cb2cfcf09de24cb12f065a66a1eb24b7da8a328ebedbf
[2024-09-24T20:28:28.956+0000] {processor.py:183} INFO - Processing /opt/airflow/dags/.cache/pip/http/d/9/0/e/2/d90e2827550cb2cfcf09de24cb12f065a66a1eb24b7da8a328ebedbf took 0.052 seconds
[2024-09-24T20:29:00.884+0000] {processor.py:161} INFO - Started process (PID=929) to work on /opt/airflow/dags/.cache/pip/http/d/9/0/e/2/d90e2827550cb2cfcf09de24cb12f065a66a1eb24b7da8a328ebedbf
[2024-09-24T20:29:00.885+0000] {processor.py:830} INFO - Processing file /opt/airflow/dags/.cache/pip/http/d/9/0/e/2/d90e2827550cb2cfcf09de24cb12f065a66a1eb24b7da8a328ebedbf for tasks to queue
[2024-09-24T20:29:00.886+0000] {logging_mixin.py:188} INFO - [2024-09-24T20:29:00.886+0000] {dagbag.py:545} INFO - Filling up the DagBag from /opt/airflow/dags/.cache/pip/http/d/9/0/e/2/d90e2827550cb2cfcf09de24cb12f065a66a1eb24b7da8a328ebedbf
[2024-09-24T20:29:00.901+0000] {processor.py:842} WARNING - No viable dags retrieved from /opt/airflow/dags/.cache/pip/http/d/9/0/e/2/d90e2827550cb2cfcf09de24cb12f065a66a1eb24b7da8a328ebedbf
[2024-09-24T20:29:00.911+0000] {processor.py:183} INFO - Processing /opt/airflow/dags/.cache/pip/http/d/9/0/e/2/d90e2827550cb2cfcf09de24cb12f065a66a1eb24b7da8a328ebedbf took 0.032 seconds
[2024-09-24T20:29:32.254+0000] {processor.py:161} INFO - Started process (PID=1203) to work on /opt/airflow/dags/.cache/pip/http/d/9/0/e/2/d90e2827550cb2cfcf09de24cb12f065a66a1eb24b7da8a328ebedbf
[2024-09-24T20:29:32.255+0000] {processor.py:830} INFO - Processing file /opt/airflow/dags/.cache/pip/http/d/9/0/e/2/d90e2827550cb2cfcf09de24cb12f065a66a1eb24b7da8a328ebedbf for tasks to queue
[2024-09-24T20:29:32.257+0000] {logging_mixin.py:188} INFO - [2024-09-24T20:29:32.257+0000] {dagbag.py:545} INFO - Filling up the DagBag from /opt/airflow/dags/.cache/pip/http/d/9/0/e/2/d90e2827550cb2cfcf09de24cb12f065a66a1eb24b7da8a328ebedbf
[2024-09-24T20:29:32.291+0000] {processor.py:842} WARNING - No viable dags retrieved from /opt/airflow/dags/.cache/pip/http/d/9/0/e/2/d90e2827550cb2cfcf09de24cb12f065a66a1eb24b7da8a328ebedbf
[2024-09-24T20:29:32.303+0000] {processor.py:183} INFO - Processing /opt/airflow/dags/.cache/pip/http/d/9/0/e/2/d90e2827550cb2cfcf09de24cb12f065a66a1eb24b7da8a328ebedbf took 0.055 seconds
[2024-09-24T20:30:03.579+0000] {processor.py:161} INFO - Started process (PID=1477) to work on /opt/airflow/dags/.cache/pip/http/d/9/0/e/2/d90e2827550cb2cfcf09de24cb12f065a66a1eb24b7da8a328ebedbf
[2024-09-24T20:30:03.582+0000] {processor.py:830} INFO - Processing file /opt/airflow/dags/.cache/pip/http/d/9/0/e/2/d90e2827550cb2cfcf09de24cb12f065a66a1eb24b7da8a328ebedbf for tasks to queue
[2024-09-24T20:30:03.583+0000] {logging_mixin.py:188} INFO - [2024-09-24T20:30:03.583+0000] {dagbag.py:545} INFO - Filling up the DagBag from /opt/airflow/dags/.cache/pip/http/d/9/0/e/2/d90e2827550cb2cfcf09de24cb12f065a66a1eb24b7da8a328ebedbf
[2024-09-24T20:30:03.662+0000] {processor.py:842} WARNING - No viable dags retrieved from /opt/airflow/dags/.cache/pip/http/d/9/0/e/2/d90e2827550cb2cfcf09de24cb12f065a66a1eb24b7da8a328ebedbf
[2024-09-24T20:30:03.681+0000] {processor.py:183} INFO - Processing /opt/airflow/dags/.cache/pip/http/d/9/0/e/2/d90e2827550cb2cfcf09de24cb12f065a66a1eb24b7da8a328ebedbf took 0.108 seconds
[2024-09-24T20:30:36.672+0000] {processor.py:161} INFO - Started process (PID=1751) to work on /opt/airflow/dags/.cache/pip/http/d/9/0/e/2/d90e2827550cb2cfcf09de24cb12f065a66a1eb24b7da8a328ebedbf
[2024-09-24T20:30:36.673+0000] {processor.py:830} INFO - Processing file /opt/airflow/dags/.cache/pip/http/d/9/0/e/2/d90e2827550cb2cfcf09de24cb12f065a66a1eb24b7da8a328ebedbf for tasks to queue
[2024-09-24T20:30:36.676+0000] {logging_mixin.py:188} INFO - [2024-09-24T20:30:36.675+0000] {dagbag.py:545} INFO - Filling up the DagBag from /opt/airflow/dags/.cache/pip/http/d/9/0/e/2/d90e2827550cb2cfcf09de24cb12f065a66a1eb24b7da8a328ebedbf
[2024-09-24T20:30:36.709+0000] {processor.py:842} WARNING - No viable dags retrieved from /opt/airflow/dags/.cache/pip/http/d/9/0/e/2/d90e2827550cb2cfcf09de24cb12f065a66a1eb24b7da8a328ebedbf
[2024-09-24T20:30:36.724+0000] {processor.py:183} INFO - Processing /opt/airflow/dags/.cache/pip/http/d/9/0/e/2/d90e2827550cb2cfcf09de24cb12f065a66a1eb24b7da8a328ebedbf took 0.061 seconds
[2024-09-24T20:31:08.750+0000] {processor.py:161} INFO - Started process (PID=2025) to work on /opt/airflow/dags/.cache/pip/http/d/9/0/e/2/d90e2827550cb2cfcf09de24cb12f065a66a1eb24b7da8a328ebedbf
[2024-09-24T20:31:08.752+0000] {processor.py:830} INFO - Processing file /opt/airflow/dags/.cache/pip/http/d/9/0/e/2/d90e2827550cb2cfcf09de24cb12f065a66a1eb24b7da8a328ebedbf for tasks to queue
[2024-09-24T20:31:08.754+0000] {logging_mixin.py:188} INFO - [2024-09-24T20:31:08.754+0000] {dagbag.py:545} INFO - Filling up the DagBag from /opt/airflow/dags/.cache/pip/http/d/9/0/e/2/d90e2827550cb2cfcf09de24cb12f065a66a1eb24b7da8a328ebedbf
[2024-09-24T20:31:08.770+0000] {processor.py:842} WARNING - No viable dags retrieved from /opt/airflow/dags/.cache/pip/http/d/9/0/e/2/d90e2827550cb2cfcf09de24cb12f065a66a1eb24b7da8a328ebedbf
[2024-09-24T20:31:08.780+0000] {processor.py:183} INFO - Processing /opt/airflow/dags/.cache/pip/http/d/9/0/e/2/d90e2827550cb2cfcf09de24cb12f065a66a1eb24b7da8a328ebedbf took 0.034 seconds
[2024-09-24T20:31:40.810+0000] {processor.py:161} INFO - Started process (PID=2298) to work on /opt/airflow/dags/.cache/pip/http/d/9/0/e/2/d90e2827550cb2cfcf09de24cb12f065a66a1eb24b7da8a328ebedbf
[2024-09-24T20:31:40.811+0000] {processor.py:830} INFO - Processing file /opt/airflow/dags/.cache/pip/http/d/9/0/e/2/d90e2827550cb2cfcf09de24cb12f065a66a1eb24b7da8a328ebedbf for tasks to queue
[2024-09-24T20:31:40.812+0000] {logging_mixin.py:188} INFO - [2024-09-24T20:31:40.812+0000] {dagbag.py:545} INFO - Filling up the DagBag from /opt/airflow/dags/.cache/pip/http/d/9/0/e/2/d90e2827550cb2cfcf09de24cb12f065a66a1eb24b7da8a328ebedbf
[2024-09-24T20:31:40.827+0000] {processor.py:842} WARNING - No viable dags retrieved from /opt/airflow/dags/.cache/pip/http/d/9/0/e/2/d90e2827550cb2cfcf09de24cb12f065a66a1eb24b7da8a328ebedbf
[2024-09-24T20:31:40.837+0000] {processor.py:183} INFO - Processing /opt/airflow/dags/.cache/pip/http/d/9/0/e/2/d90e2827550cb2cfcf09de24cb12f065a66a1eb24b7da8a328ebedbf took 0.032 seconds
[2024-09-24T20:32:26.339+0000] {processor.py:161} INFO - Started process (PID=2578) to work on /opt/airflow/dags/.cache/pip/http/d/9/0/e/2/d90e2827550cb2cfcf09de24cb12f065a66a1eb24b7da8a328ebedbf
[2024-09-24T20:32:26.340+0000] {processor.py:830} INFO - Processing file /opt/airflow/dags/.cache/pip/http/d/9/0/e/2/d90e2827550cb2cfcf09de24cb12f065a66a1eb24b7da8a328ebedbf for tasks to queue
[2024-09-24T20:32:26.341+0000] {logging_mixin.py:188} INFO - [2024-09-24T20:32:26.341+0000] {dagbag.py:545} INFO - Filling up the DagBag from /opt/airflow/dags/.cache/pip/http/d/9/0/e/2/d90e2827550cb2cfcf09de24cb12f065a66a1eb24b7da8a328ebedbf
[2024-09-24T20:32:26.385+0000] {processor.py:842} WARNING - No viable dags retrieved from /opt/airflow/dags/.cache/pip/http/d/9/0/e/2/d90e2827550cb2cfcf09de24cb12f065a66a1eb24b7da8a328ebedbf
[2024-09-24T20:32:26.397+0000] {processor.py:183} INFO - Processing /opt/airflow/dags/.cache/pip/http/d/9/0/e/2/d90e2827550cb2cfcf09de24cb12f065a66a1eb24b7da8a328ebedbf took 0.063 seconds
