[2024-10-02T19:56:24.209+0000] {local_task_job_runner.py:120} INFO - ::group::Pre task execution logs
[2024-10-02T19:56:24.257+0000] {taskinstance.py:2076} INFO - Dependencies all met for dep_context=non-requeueable deps ti=<TaskInstance: random_forest_classifier_dag.rfc_prepare_data manual__2024-10-02T19:56:16.733472+00:00 [queued]>
[2024-10-02T19:56:24.272+0000] {taskinstance.py:2076} INFO - Dependencies all met for dep_context=requeueable deps ti=<TaskInstance: random_forest_classifier_dag.rfc_prepare_data manual__2024-10-02T19:56:16.733472+00:00 [queued]>
[2024-10-02T19:56:24.275+0000] {taskinstance.py:2306} INFO - Starting attempt 1 of 1
[2024-10-02T19:56:24.291+0000] {taskinstance.py:2330} INFO - Executing <Task(PythonOperator): rfc_prepare_data> on 2024-10-02 19:56:16.733472+00:00
[2024-10-02T19:56:24.303+0000] {standard_task_runner.py:64} INFO - Started process 1742 to run task
[2024-10-02T19:56:24.306+0000] {standard_task_runner.py:90} INFO - Running: ['***', 'tasks', 'run', 'random_forest_classifier_dag', 'rfc_prepare_data', 'manual__2024-10-02T19:56:16.733472+00:00', '--job-id', '706', '--raw', '--subdir', 'DAGS_FOLDER/***/dags/hw1.py', '--cfg-path', '/tmp/tmpprdpp2pr']
[2024-10-02T19:56:24.310+0000] {standard_task_runner.py:91} INFO - Job 706: Subtask rfc_prepare_data
[2024-10-02T19:56:24.362+0000] {task_command.py:426} INFO - Running <TaskInstance: random_forest_classifier_dag.rfc_prepare_data manual__2024-10-02T19:56:16.733472+00:00 [running]> on host 4b5f1410d111
[2024-10-02T19:56:24.469+0000] {taskinstance.py:2648} INFO - Exporting env vars: AIRFLOW_CTX_DAG_EMAIL='alexvlg34@gmail.com' AIRFLOW_CTX_DAG_OWNER='Alex Trigolos' AIRFLOW_CTX_DAG_ID='random_forest_classifier_dag' AIRFLOW_CTX_TASK_ID='rfc_prepare_data' AIRFLOW_CTX_EXECUTION_DATE='2024-10-02T19:56:16.733472+00:00' AIRFLOW_CTX_TRY_NUMBER='1' AIRFLOW_CTX_DAG_RUN_ID='manual__2024-10-02T19:56:16.733472+00:00'
[2024-10-02T19:56:24.470+0000] {taskinstance.py:430} INFO - ::endgroup::
[2024-10-02T19:56:24.482+0000] {hw1.py:107} INFO - Prepare data...
[2024-10-02T19:56:24.483+0000] {s3.py:1422} INFO - Downloading source S3 file from Bucket testmlops with path AlexTrigolos/RandomForestClassifier/datasets/dataset.pkl
[2024-10-02T19:56:24.494+0000] {base.py:84} INFO - Using connection ID 's3_connection' for task execution.
[2024-10-02T19:56:24.495+0000] {connection_wrapper.py:388} INFO - AWS Connection (conn_id='s3_connection', conn_type='aws') credentials retrieved from login and password.
[2024-10-02T19:56:24.989+0000] {hw1.py:78} INFO - /tmp/***_tmp_f38xwa9q
[2024-10-02T19:56:25.097+0000] {base.py:84} INFO - Using connection ID 's3_connection' for task execution.
[2024-10-02T19:56:25.099+0000] {connection_wrapper.py:388} INFO - AWS Connection (conn_id='s3_connection', conn_type='aws') credentials retrieved from login and password.
[2024-10-02T19:56:25.517+0000] {base.py:84} INFO - Using connection ID 's3_connection' for task execution.
[2024-10-02T19:56:25.518+0000] {connection_wrapper.py:388} INFO - AWS Connection (conn_id='s3_connection', conn_type='aws') credentials retrieved from login and password.
[2024-10-02T19:56:25.706+0000] {base.py:84} INFO - Using connection ID 's3_connection' for task execution.
[2024-10-02T19:56:25.707+0000] {connection_wrapper.py:388} INFO - AWS Connection (conn_id='s3_connection', conn_type='aws') credentials retrieved from login and password.
[2024-10-02T19:56:25.937+0000] {base.py:84} INFO - Using connection ID 's3_connection' for task execution.
[2024-10-02T19:56:25.938+0000] {connection_wrapper.py:388} INFO - AWS Connection (conn_id='s3_connection', conn_type='aws') credentials retrieved from login and password.
[2024-10-02T19:56:26.345+0000] {hw1.py:133} INFO - Prepared data.
[2024-10-02T19:56:26.347+0000] {python.py:237} INFO - Done. Returned value was: None
[2024-10-02T19:56:26.348+0000] {taskinstance.py:441} INFO - ::group::Post task execution logs
[2024-10-02T19:56:26.361+0000] {taskinstance.py:1206} INFO - Marking task as SUCCESS. dag_id=random_forest_classifier_dag, task_id=rfc_prepare_data, run_id=manual__2024-10-02T19:56:16.733472+00:00, execution_date=20241002T195616, start_date=20241002T195624, end_date=20241002T195626
[2024-10-02T19:56:26.409+0000] {local_task_job_runner.py:243} INFO - Task exited with return code 0
[2024-10-02T19:56:26.439+0000] {taskinstance.py:3503} INFO - 0 downstream tasks scheduled from follow-on schedule check
[2024-10-02T19:56:26.443+0000] {local_task_job_runner.py:222} INFO - ::endgroup::
