[2024-09-24T20:22:12.162+0000] {processor.py:161} INFO - Started process (PID=470) to work on /opt/airflow/dags/.cache/pip/http/6/c/6/9/8/6c698809e7ba486bfda9f084dd723e89dfeda99ae5ec61db3cbc2639
[2024-09-24T20:22:12.164+0000] {processor.py:830} INFO - Processing file /opt/airflow/dags/.cache/pip/http/6/c/6/9/8/6c698809e7ba486bfda9f084dd723e89dfeda99ae5ec61db3cbc2639 for tasks to queue
[2024-09-24T20:22:12.176+0000] {logging_mixin.py:188} INFO - [2024-09-24T20:22:12.175+0000] {dagbag.py:545} INFO - Filling up the DagBag from /opt/airflow/dags/.cache/pip/http/6/c/6/9/8/6c698809e7ba486bfda9f084dd723e89dfeda99ae5ec61db3cbc2639
[2024-09-24T20:22:12.216+0000] {processor.py:842} WARNING - No viable dags retrieved from /opt/airflow/dags/.cache/pip/http/6/c/6/9/8/6c698809e7ba486bfda9f084dd723e89dfeda99ae5ec61db3cbc2639
[2024-09-24T20:22:12.236+0000] {processor.py:183} INFO - Processing /opt/airflow/dags/.cache/pip/http/6/c/6/9/8/6c698809e7ba486bfda9f084dd723e89dfeda99ae5ec61db3cbc2639 took 0.081 seconds
[2024-09-24T20:22:45.002+0000] {processor.py:161} INFO - Started process (PID=746) to work on /opt/airflow/dags/.cache/pip/http/6/c/6/9/8/6c698809e7ba486bfda9f084dd723e89dfeda99ae5ec61db3cbc2639
[2024-09-24T20:22:45.004+0000] {processor.py:830} INFO - Processing file /opt/airflow/dags/.cache/pip/http/6/c/6/9/8/6c698809e7ba486bfda9f084dd723e89dfeda99ae5ec61db3cbc2639 for tasks to queue
[2024-09-24T20:22:45.006+0000] {logging_mixin.py:188} INFO - [2024-09-24T20:22:45.006+0000] {dagbag.py:545} INFO - Filling up the DagBag from /opt/airflow/dags/.cache/pip/http/6/c/6/9/8/6c698809e7ba486bfda9f084dd723e89dfeda99ae5ec61db3cbc2639
[2024-09-24T20:22:45.028+0000] {processor.py:842} WARNING - No viable dags retrieved from /opt/airflow/dags/.cache/pip/http/6/c/6/9/8/6c698809e7ba486bfda9f084dd723e89dfeda99ae5ec61db3cbc2639
[2024-09-24T20:22:45.054+0000] {processor.py:183} INFO - Processing /opt/airflow/dags/.cache/pip/http/6/c/6/9/8/6c698809e7ba486bfda9f084dd723e89dfeda99ae5ec61db3cbc2639 took 0.059 seconds
[2024-09-24T20:27:57.767+0000] {processor.py:161} INFO - Started process (PID=474) to work on /opt/airflow/dags/.cache/pip/http/6/c/6/9/8/6c698809e7ba486bfda9f084dd723e89dfeda99ae5ec61db3cbc2639
[2024-09-24T20:27:57.768+0000] {processor.py:830} INFO - Processing file /opt/airflow/dags/.cache/pip/http/6/c/6/9/8/6c698809e7ba486bfda9f084dd723e89dfeda99ae5ec61db3cbc2639 for tasks to queue
[2024-09-24T20:27:57.769+0000] {logging_mixin.py:188} INFO - [2024-09-24T20:27:57.769+0000] {dagbag.py:545} INFO - Filling up the DagBag from /opt/airflow/dags/.cache/pip/http/6/c/6/9/8/6c698809e7ba486bfda9f084dd723e89dfeda99ae5ec61db3cbc2639
[2024-09-24T20:27:57.819+0000] {processor.py:842} WARNING - No viable dags retrieved from /opt/airflow/dags/.cache/pip/http/6/c/6/9/8/6c698809e7ba486bfda9f084dd723e89dfeda99ae5ec61db3cbc2639
[2024-09-24T20:27:57.836+0000] {processor.py:183} INFO - Processing /opt/airflow/dags/.cache/pip/http/6/c/6/9/8/6c698809e7ba486bfda9f084dd723e89dfeda99ae5ec61db3cbc2639 took 0.072 seconds
[2024-09-24T20:28:30.760+0000] {processor.py:161} INFO - Started process (PID=748) to work on /opt/airflow/dags/.cache/pip/http/6/c/6/9/8/6c698809e7ba486bfda9f084dd723e89dfeda99ae5ec61db3cbc2639
[2024-09-24T20:28:30.761+0000] {processor.py:830} INFO - Processing file /opt/airflow/dags/.cache/pip/http/6/c/6/9/8/6c698809e7ba486bfda9f084dd723e89dfeda99ae5ec61db3cbc2639 for tasks to queue
[2024-09-24T20:28:30.762+0000] {logging_mixin.py:188} INFO - [2024-09-24T20:28:30.762+0000] {dagbag.py:545} INFO - Filling up the DagBag from /opt/airflow/dags/.cache/pip/http/6/c/6/9/8/6c698809e7ba486bfda9f084dd723e89dfeda99ae5ec61db3cbc2639
[2024-09-24T20:28:30.776+0000] {processor.py:842} WARNING - No viable dags retrieved from /opt/airflow/dags/.cache/pip/http/6/c/6/9/8/6c698809e7ba486bfda9f084dd723e89dfeda99ae5ec61db3cbc2639
[2024-09-24T20:28:30.786+0000] {processor.py:183} INFO - Processing /opt/airflow/dags/.cache/pip/http/6/c/6/9/8/6c698809e7ba486bfda9f084dd723e89dfeda99ae5ec61db3cbc2639 took 0.030 seconds
[2024-09-24T20:29:02.814+0000] {processor.py:161} INFO - Started process (PID=1022) to work on /opt/airflow/dags/.cache/pip/http/6/c/6/9/8/6c698809e7ba486bfda9f084dd723e89dfeda99ae5ec61db3cbc2639
[2024-09-24T20:29:02.815+0000] {processor.py:830} INFO - Processing file /opt/airflow/dags/.cache/pip/http/6/c/6/9/8/6c698809e7ba486bfda9f084dd723e89dfeda99ae5ec61db3cbc2639 for tasks to queue
[2024-09-24T20:29:02.817+0000] {logging_mixin.py:188} INFO - [2024-09-24T20:29:02.817+0000] {dagbag.py:545} INFO - Filling up the DagBag from /opt/airflow/dags/.cache/pip/http/6/c/6/9/8/6c698809e7ba486bfda9f084dd723e89dfeda99ae5ec61db3cbc2639
[2024-09-24T20:29:02.846+0000] {processor.py:842} WARNING - No viable dags retrieved from /opt/airflow/dags/.cache/pip/http/6/c/6/9/8/6c698809e7ba486bfda9f084dd723e89dfeda99ae5ec61db3cbc2639
[2024-09-24T20:29:02.857+0000] {processor.py:183} INFO - Processing /opt/airflow/dags/.cache/pip/http/6/c/6/9/8/6c698809e7ba486bfda9f084dd723e89dfeda99ae5ec61db3cbc2639 took 0.048 seconds
[2024-09-24T20:29:34.544+0000] {processor.py:161} INFO - Started process (PID=1298) to work on /opt/airflow/dags/.cache/pip/http/6/c/6/9/8/6c698809e7ba486bfda9f084dd723e89dfeda99ae5ec61db3cbc2639
[2024-09-24T20:29:34.545+0000] {processor.py:830} INFO - Processing file /opt/airflow/dags/.cache/pip/http/6/c/6/9/8/6c698809e7ba486bfda9f084dd723e89dfeda99ae5ec61db3cbc2639 for tasks to queue
[2024-09-24T20:29:34.546+0000] {logging_mixin.py:188} INFO - [2024-09-24T20:29:34.546+0000] {dagbag.py:545} INFO - Filling up the DagBag from /opt/airflow/dags/.cache/pip/http/6/c/6/9/8/6c698809e7ba486bfda9f084dd723e89dfeda99ae5ec61db3cbc2639
[2024-09-24T20:29:34.558+0000] {processor.py:842} WARNING - No viable dags retrieved from /opt/airflow/dags/.cache/pip/http/6/c/6/9/8/6c698809e7ba486bfda9f084dd723e89dfeda99ae5ec61db3cbc2639
[2024-09-24T20:29:34.570+0000] {processor.py:183} INFO - Processing /opt/airflow/dags/.cache/pip/http/6/c/6/9/8/6c698809e7ba486bfda9f084dd723e89dfeda99ae5ec61db3cbc2639 took 0.029 seconds
[2024-09-24T20:30:05.752+0000] {processor.py:161} INFO - Started process (PID=1572) to work on /opt/airflow/dags/.cache/pip/http/6/c/6/9/8/6c698809e7ba486bfda9f084dd723e89dfeda99ae5ec61db3cbc2639
[2024-09-24T20:30:05.753+0000] {processor.py:830} INFO - Processing file /opt/airflow/dags/.cache/pip/http/6/c/6/9/8/6c698809e7ba486bfda9f084dd723e89dfeda99ae5ec61db3cbc2639 for tasks to queue
[2024-09-24T20:30:05.754+0000] {logging_mixin.py:188} INFO - [2024-09-24T20:30:05.754+0000] {dagbag.py:545} INFO - Filling up the DagBag from /opt/airflow/dags/.cache/pip/http/6/c/6/9/8/6c698809e7ba486bfda9f084dd723e89dfeda99ae5ec61db3cbc2639
[2024-09-24T20:30:05.769+0000] {processor.py:842} WARNING - No viable dags retrieved from /opt/airflow/dags/.cache/pip/http/6/c/6/9/8/6c698809e7ba486bfda9f084dd723e89dfeda99ae5ec61db3cbc2639
[2024-09-24T20:30:05.778+0000] {processor.py:183} INFO - Processing /opt/airflow/dags/.cache/pip/http/6/c/6/9/8/6c698809e7ba486bfda9f084dd723e89dfeda99ae5ec61db3cbc2639 took 0.030 seconds
[2024-09-24T20:30:38.468+0000] {processor.py:161} INFO - Started process (PID=1846) to work on /opt/airflow/dags/.cache/pip/http/6/c/6/9/8/6c698809e7ba486bfda9f084dd723e89dfeda99ae5ec61db3cbc2639
[2024-09-24T20:30:38.469+0000] {processor.py:830} INFO - Processing file /opt/airflow/dags/.cache/pip/http/6/c/6/9/8/6c698809e7ba486bfda9f084dd723e89dfeda99ae5ec61db3cbc2639 for tasks to queue
[2024-09-24T20:30:38.471+0000] {logging_mixin.py:188} INFO - [2024-09-24T20:30:38.471+0000] {dagbag.py:545} INFO - Filling up the DagBag from /opt/airflow/dags/.cache/pip/http/6/c/6/9/8/6c698809e7ba486bfda9f084dd723e89dfeda99ae5ec61db3cbc2639
[2024-09-24T20:30:38.482+0000] {processor.py:842} WARNING - No viable dags retrieved from /opt/airflow/dags/.cache/pip/http/6/c/6/9/8/6c698809e7ba486bfda9f084dd723e89dfeda99ae5ec61db3cbc2639
[2024-09-24T20:30:38.492+0000] {processor.py:183} INFO - Processing /opt/airflow/dags/.cache/pip/http/6/c/6/9/8/6c698809e7ba486bfda9f084dd723e89dfeda99ae5ec61db3cbc2639 took 0.029 seconds
[2024-09-24T20:31:10.660+0000] {processor.py:161} INFO - Started process (PID=2120) to work on /opt/airflow/dags/.cache/pip/http/6/c/6/9/8/6c698809e7ba486bfda9f084dd723e89dfeda99ae5ec61db3cbc2639
[2024-09-24T20:31:10.661+0000] {processor.py:830} INFO - Processing file /opt/airflow/dags/.cache/pip/http/6/c/6/9/8/6c698809e7ba486bfda9f084dd723e89dfeda99ae5ec61db3cbc2639 for tasks to queue
[2024-09-24T20:31:10.663+0000] {logging_mixin.py:188} INFO - [2024-09-24T20:31:10.662+0000] {dagbag.py:545} INFO - Filling up the DagBag from /opt/airflow/dags/.cache/pip/http/6/c/6/9/8/6c698809e7ba486bfda9f084dd723e89dfeda99ae5ec61db3cbc2639
[2024-09-24T20:31:10.676+0000] {processor.py:842} WARNING - No viable dags retrieved from /opt/airflow/dags/.cache/pip/http/6/c/6/9/8/6c698809e7ba486bfda9f084dd723e89dfeda99ae5ec61db3cbc2639
[2024-09-24T20:31:10.685+0000] {processor.py:183} INFO - Processing /opt/airflow/dags/.cache/pip/http/6/c/6/9/8/6c698809e7ba486bfda9f084dd723e89dfeda99ae5ec61db3cbc2639 took 0.029 seconds
[2024-09-24T20:31:42.620+0000] {processor.py:161} INFO - Started process (PID=2391) to work on /opt/airflow/dags/.cache/pip/http/6/c/6/9/8/6c698809e7ba486bfda9f084dd723e89dfeda99ae5ec61db3cbc2639
[2024-09-24T20:31:42.621+0000] {processor.py:830} INFO - Processing file /opt/airflow/dags/.cache/pip/http/6/c/6/9/8/6c698809e7ba486bfda9f084dd723e89dfeda99ae5ec61db3cbc2639 for tasks to queue
[2024-09-24T20:31:42.623+0000] {logging_mixin.py:188} INFO - [2024-09-24T20:31:42.623+0000] {dagbag.py:545} INFO - Filling up the DagBag from /opt/airflow/dags/.cache/pip/http/6/c/6/9/8/6c698809e7ba486bfda9f084dd723e89dfeda99ae5ec61db3cbc2639
[2024-09-24T20:31:42.674+0000] {processor.py:842} WARNING - No viable dags retrieved from /opt/airflow/dags/.cache/pip/http/6/c/6/9/8/6c698809e7ba486bfda9f084dd723e89dfeda99ae5ec61db3cbc2639
[2024-09-24T20:31:42.688+0000] {processor.py:183} INFO - Processing /opt/airflow/dags/.cache/pip/http/6/c/6/9/8/6c698809e7ba486bfda9f084dd723e89dfeda99ae5ec61db3cbc2639 took 0.071 seconds
[2024-09-24T20:32:28.866+0000] {processor.py:161} INFO - Started process (PID=2673) to work on /opt/airflow/dags/.cache/pip/http/6/c/6/9/8/6c698809e7ba486bfda9f084dd723e89dfeda99ae5ec61db3cbc2639
[2024-09-24T20:32:28.867+0000] {processor.py:830} INFO - Processing file /opt/airflow/dags/.cache/pip/http/6/c/6/9/8/6c698809e7ba486bfda9f084dd723e89dfeda99ae5ec61db3cbc2639 for tasks to queue
[2024-09-24T20:32:28.868+0000] {logging_mixin.py:188} INFO - [2024-09-24T20:32:28.868+0000] {dagbag.py:545} INFO - Filling up the DagBag from /opt/airflow/dags/.cache/pip/http/6/c/6/9/8/6c698809e7ba486bfda9f084dd723e89dfeda99ae5ec61db3cbc2639
[2024-09-24T20:32:28.880+0000] {processor.py:842} WARNING - No viable dags retrieved from /opt/airflow/dags/.cache/pip/http/6/c/6/9/8/6c698809e7ba486bfda9f084dd723e89dfeda99ae5ec61db3cbc2639
[2024-09-24T20:32:28.890+0000] {processor.py:183} INFO - Processing /opt/airflow/dags/.cache/pip/http/6/c/6/9/8/6c698809e7ba486bfda9f084dd723e89dfeda99ae5ec61db3cbc2639 took 0.028 seconds
