[2024-09-22T16:59:01.677+0000] {local_task_job_runner.py:120} INFO - ::group::Pre task execution logs
[2024-09-22T16:59:01.713+0000] {taskinstance.py:2076} INFO - Dependencies all met for dep_context=non-requeueable deps ti=<TaskInstance: train_dag.train_model manual__2024-09-22T16:58:49.034031+00:00 [queued]>
[2024-09-22T16:59:01.728+0000] {taskinstance.py:2076} INFO - Dependencies all met for dep_context=requeueable deps ti=<TaskInstance: train_dag.train_model manual__2024-09-22T16:58:49.034031+00:00 [queued]>
[2024-09-22T16:59:01.730+0000] {taskinstance.py:2306} INFO - Starting attempt 1 of 1
[2024-09-22T16:59:01.750+0000] {taskinstance.py:2330} INFO - Executing <Task(PythonOperator): train_model> on 2024-09-22 16:58:49.034031+00:00
[2024-09-22T16:59:01.765+0000] {standard_task_runner.py:64} INFO - Started process 1926 to run task
[2024-09-22T16:59:01.769+0000] {standard_task_runner.py:90} INFO - Running: ['***', 'tasks', 'run', 'train_dag', 'train_model', 'manual__2024-09-22T16:58:49.034031+00:00', '--job-id', '138', '--raw', '--subdir', 'DAGS_FOLDER/***/dags/train_dag.py', '--cfg-path', '/tmp/tmpuufjpyga']
[2024-09-22T16:59:01.774+0000] {standard_task_runner.py:91} INFO - Job 138: Subtask train_model
[2024-09-22T16:59:01.853+0000] {task_command.py:426} INFO - Running <TaskInstance: train_dag.train_model manual__2024-09-22T16:58:49.034031+00:00 [running]> on host 7264ce263e34
[2024-09-22T16:59:02.002+0000] {taskinstance.py:2648} INFO - Exporting env vars: AIRFLOW_CTX_DAG_EMAIL='alexvlg34@gmail.com' AIRFLOW_CTX_DAG_OWNER='Alex Trigolos' AIRFLOW_CTX_DAG_ID='train_dag' AIRFLOW_CTX_TASK_ID='train_model' AIRFLOW_CTX_EXECUTION_DATE='2024-09-22T16:58:49.034031+00:00' AIRFLOW_CTX_TRY_NUMBER='1' AIRFLOW_CTX_DAG_RUN_ID='manual__2024-09-22T16:58:49.034031+00:00'
[2024-09-22T16:59:02.005+0000] {taskinstance.py:430} INFO - ::endgroup::
[2024-09-22T16:59:02.166+0000] {logging_mixin.py:188} INFO - Fitting 5 folds for each of 2 candidates, totalling 10 fits
[2024-09-22T16:59:02.384+0000] {logging_mixin.py:188} INFO - [CV] END ......................max_depth=1, n_estimators=100; total time=   0.2s
[2024-09-22T16:59:02.623+0000] {logging_mixin.py:188} INFO - [CV] END ......................max_depth=1, n_estimators=100; total time=   0.2s
[2024-09-22T16:59:02.847+0000] {logging_mixin.py:188} INFO - [CV] END ......................max_depth=1, n_estimators=100; total time=   0.2s
[2024-09-22T16:59:03.001+0000] {logging_mixin.py:188} INFO - [CV] END ......................max_depth=1, n_estimators=100; total time=   0.2s
[2024-09-22T16:59:03.183+0000] {logging_mixin.py:188} INFO - [CV] END ......................max_depth=1, n_estimators=100; total time=   0.2s
[2024-09-22T16:59:03.435+0000] {logging_mixin.py:188} INFO - [CV] END ......................max_depth=1, n_estimators=150; total time=   0.2s
[2024-09-22T16:59:03.693+0000] {logging_mixin.py:188} INFO - [CV] END ......................max_depth=1, n_estimators=150; total time=   0.3s
[2024-09-22T16:59:04.033+0000] {logging_mixin.py:188} INFO - [CV] END ......................max_depth=1, n_estimators=150; total time=   0.3s
[2024-09-22T16:59:04.310+0000] {logging_mixin.py:188} INFO - [CV] END ......................max_depth=1, n_estimators=150; total time=   0.3s
[2024-09-22T16:59:04.591+0000] {logging_mixin.py:188} INFO - [CV] END ......................max_depth=1, n_estimators=150; total time=   0.3s
[2024-09-22T16:59:04.997+0000] {python.py:237} INFO - Done. Returned value was: None
[2024-09-22T16:59:05.028+0000] {taskinstance.py:441} INFO - ::group::Post task execution logs
[2024-09-22T16:59:05.046+0000] {taskinstance.py:1206} INFO - Marking task as SUCCESS. dag_id=train_dag, task_id=train_model, run_id=manual__2024-09-22T16:58:49.034031+00:00, execution_date=20240922T165849, start_date=20240922T165901, end_date=20240922T165905
[2024-09-22T16:59:05.124+0000] {local_task_job_runner.py:243} INFO - Task exited with return code 0
[2024-09-22T16:59:05.157+0000] {taskinstance.py:3503} INFO - 1 downstream tasks scheduled from follow-on schedule check
[2024-09-22T16:59:05.162+0000] {local_task_job_runner.py:222} INFO - ::endgroup::
