[2024-09-24T20:22:07.240+0000] {processor.py:161} INFO - Started process (PID=380) to work on /opt/airflow/dags/.cache/pip/http/d/a/e/7/9/dae791c7e7f37ceeed2b1136e4c2fe2f795c6645ab088d6588854fe7
[2024-09-24T20:22:07.241+0000] {processor.py:830} INFO - Processing file /opt/airflow/dags/.cache/pip/http/d/a/e/7/9/dae791c7e7f37ceeed2b1136e4c2fe2f795c6645ab088d6588854fe7 for tasks to queue
[2024-09-24T20:22:07.248+0000] {logging_mixin.py:188} INFO - [2024-09-24T20:22:07.247+0000] {dagbag.py:545} INFO - Filling up the DagBag from /opt/airflow/dags/.cache/pip/http/d/a/e/7/9/dae791c7e7f37ceeed2b1136e4c2fe2f795c6645ab088d6588854fe7
[2024-09-24T20:22:07.276+0000] {processor.py:842} WARNING - No viable dags retrieved from /opt/airflow/dags/.cache/pip/http/d/a/e/7/9/dae791c7e7f37ceeed2b1136e4c2fe2f795c6645ab088d6588854fe7
[2024-09-24T20:22:07.295+0000] {processor.py:183} INFO - Processing /opt/airflow/dags/.cache/pip/http/d/a/e/7/9/dae791c7e7f37ceeed2b1136e4c2fe2f795c6645ab088d6588854fe7 took 0.064 seconds
[2024-09-24T20:22:40.204+0000] {processor.py:161} INFO - Started process (PID=654) to work on /opt/airflow/dags/.cache/pip/http/d/a/e/7/9/dae791c7e7f37ceeed2b1136e4c2fe2f795c6645ab088d6588854fe7
[2024-09-24T20:22:40.207+0000] {processor.py:830} INFO - Processing file /opt/airflow/dags/.cache/pip/http/d/a/e/7/9/dae791c7e7f37ceeed2b1136e4c2fe2f795c6645ab088d6588854fe7 for tasks to queue
[2024-09-24T20:22:40.210+0000] {logging_mixin.py:188} INFO - [2024-09-24T20:22:40.209+0000] {dagbag.py:545} INFO - Filling up the DagBag from /opt/airflow/dags/.cache/pip/http/d/a/e/7/9/dae791c7e7f37ceeed2b1136e4c2fe2f795c6645ab088d6588854fe7
[2024-09-24T20:22:40.266+0000] {processor.py:842} WARNING - No viable dags retrieved from /opt/airflow/dags/.cache/pip/http/d/a/e/7/9/dae791c7e7f37ceeed2b1136e4c2fe2f795c6645ab088d6588854fe7
[2024-09-24T20:22:40.292+0000] {processor.py:183} INFO - Processing /opt/airflow/dags/.cache/pip/http/d/a/e/7/9/dae791c7e7f37ceeed2b1136e4c2fe2f795c6645ab088d6588854fe7 took 0.097 seconds
[2024-09-24T20:23:10.641+0000] {processor.py:161} INFO - Started process (PID=929) to work on /opt/airflow/dags/.cache/pip/http/d/a/e/7/9/dae791c7e7f37ceeed2b1136e4c2fe2f795c6645ab088d6588854fe7
[2024-09-24T20:23:10.642+0000] {processor.py:830} INFO - Processing file /opt/airflow/dags/.cache/pip/http/d/a/e/7/9/dae791c7e7f37ceeed2b1136e4c2fe2f795c6645ab088d6588854fe7 for tasks to queue
[2024-09-24T20:23:10.644+0000] {logging_mixin.py:188} INFO - [2024-09-24T20:23:10.643+0000] {dagbag.py:545} INFO - Filling up the DagBag from /opt/airflow/dags/.cache/pip/http/d/a/e/7/9/dae791c7e7f37ceeed2b1136e4c2fe2f795c6645ab088d6588854fe7
[2024-09-24T20:23:10.659+0000] {processor.py:842} WARNING - No viable dags retrieved from /opt/airflow/dags/.cache/pip/http/d/a/e/7/9/dae791c7e7f37ceeed2b1136e4c2fe2f795c6645ab088d6588854fe7
[2024-09-24T20:23:10.683+0000] {processor.py:183} INFO - Processing /opt/airflow/dags/.cache/pip/http/d/a/e/7/9/dae791c7e7f37ceeed2b1136e4c2fe2f795c6645ab088d6588854fe7 took 0.046 seconds
[2024-09-24T20:27:55.962+0000] {processor.py:161} INFO - Started process (PID=384) to work on /opt/airflow/dags/.cache/pip/http/d/a/e/7/9/dae791c7e7f37ceeed2b1136e4c2fe2f795c6645ab088d6588854fe7
[2024-09-24T20:27:55.963+0000] {processor.py:830} INFO - Processing file /opt/airflow/dags/.cache/pip/http/d/a/e/7/9/dae791c7e7f37ceeed2b1136e4c2fe2f795c6645ab088d6588854fe7 for tasks to queue
[2024-09-24T20:27:55.964+0000] {logging_mixin.py:188} INFO - [2024-09-24T20:27:55.964+0000] {dagbag.py:545} INFO - Filling up the DagBag from /opt/airflow/dags/.cache/pip/http/d/a/e/7/9/dae791c7e7f37ceeed2b1136e4c2fe2f795c6645ab088d6588854fe7
[2024-09-24T20:27:55.983+0000] {processor.py:842} WARNING - No viable dags retrieved from /opt/airflow/dags/.cache/pip/http/d/a/e/7/9/dae791c7e7f37ceeed2b1136e4c2fe2f795c6645ab088d6588854fe7
[2024-09-24T20:27:55.993+0000] {processor.py:183} INFO - Processing /opt/airflow/dags/.cache/pip/http/d/a/e/7/9/dae791c7e7f37ceeed2b1136e4c2fe2f795c6645ab088d6588854fe7 took 0.035 seconds
[2024-09-24T20:28:28.921+0000] {processor.py:161} INFO - Started process (PID=658) to work on /opt/airflow/dags/.cache/pip/http/d/a/e/7/9/dae791c7e7f37ceeed2b1136e4c2fe2f795c6645ab088d6588854fe7
[2024-09-24T20:28:28.922+0000] {processor.py:830} INFO - Processing file /opt/airflow/dags/.cache/pip/http/d/a/e/7/9/dae791c7e7f37ceeed2b1136e4c2fe2f795c6645ab088d6588854fe7 for tasks to queue
[2024-09-24T20:28:28.925+0000] {logging_mixin.py:188} INFO - [2024-09-24T20:28:28.925+0000] {dagbag.py:545} INFO - Filling up the DagBag from /opt/airflow/dags/.cache/pip/http/d/a/e/7/9/dae791c7e7f37ceeed2b1136e4c2fe2f795c6645ab088d6588854fe7
[2024-09-24T20:28:28.946+0000] {processor.py:842} WARNING - No viable dags retrieved from /opt/airflow/dags/.cache/pip/http/d/a/e/7/9/dae791c7e7f37ceeed2b1136e4c2fe2f795c6645ab088d6588854fe7
[2024-09-24T20:28:28.957+0000] {processor.py:183} INFO - Processing /opt/airflow/dags/.cache/pip/http/d/a/e/7/9/dae791c7e7f37ceeed2b1136e4c2fe2f795c6645ab088d6588854fe7 took 0.045 seconds
[2024-09-24T20:29:00.897+0000] {processor.py:161} INFO - Started process (PID=932) to work on /opt/airflow/dags/.cache/pip/http/d/a/e/7/9/dae791c7e7f37ceeed2b1136e4c2fe2f795c6645ab088d6588854fe7
[2024-09-24T20:29:00.898+0000] {processor.py:830} INFO - Processing file /opt/airflow/dags/.cache/pip/http/d/a/e/7/9/dae791c7e7f37ceeed2b1136e4c2fe2f795c6645ab088d6588854fe7 for tasks to queue
[2024-09-24T20:29:00.899+0000] {logging_mixin.py:188} INFO - [2024-09-24T20:29:00.899+0000] {dagbag.py:545} INFO - Filling up the DagBag from /opt/airflow/dags/.cache/pip/http/d/a/e/7/9/dae791c7e7f37ceeed2b1136e4c2fe2f795c6645ab088d6588854fe7
[2024-09-24T20:29:00.945+0000] {processor.py:842} WARNING - No viable dags retrieved from /opt/airflow/dags/.cache/pip/http/d/a/e/7/9/dae791c7e7f37ceeed2b1136e4c2fe2f795c6645ab088d6588854fe7
[2024-09-24T20:29:00.958+0000] {processor.py:183} INFO - Processing /opt/airflow/dags/.cache/pip/http/d/a/e/7/9/dae791c7e7f37ceeed2b1136e4c2fe2f795c6645ab088d6588854fe7 took 0.065 seconds
[2024-09-24T20:29:32.272+0000] {processor.py:161} INFO - Started process (PID=1206) to work on /opt/airflow/dags/.cache/pip/http/d/a/e/7/9/dae791c7e7f37ceeed2b1136e4c2fe2f795c6645ab088d6588854fe7
[2024-09-24T20:29:32.273+0000] {processor.py:830} INFO - Processing file /opt/airflow/dags/.cache/pip/http/d/a/e/7/9/dae791c7e7f37ceeed2b1136e4c2fe2f795c6645ab088d6588854fe7 for tasks to queue
[2024-09-24T20:29:32.274+0000] {logging_mixin.py:188} INFO - [2024-09-24T20:29:32.274+0000] {dagbag.py:545} INFO - Filling up the DagBag from /opt/airflow/dags/.cache/pip/http/d/a/e/7/9/dae791c7e7f37ceeed2b1136e4c2fe2f795c6645ab088d6588854fe7
[2024-09-24T20:29:32.299+0000] {processor.py:842} WARNING - No viable dags retrieved from /opt/airflow/dags/.cache/pip/http/d/a/e/7/9/dae791c7e7f37ceeed2b1136e4c2fe2f795c6645ab088d6588854fe7
[2024-09-24T20:29:32.309+0000] {processor.py:183} INFO - Processing /opt/airflow/dags/.cache/pip/http/d/a/e/7/9/dae791c7e7f37ceeed2b1136e4c2fe2f795c6645ab088d6588854fe7 took 0.042 seconds
[2024-09-24T20:30:03.782+0000] {processor.py:161} INFO - Started process (PID=1482) to work on /opt/airflow/dags/.cache/pip/http/d/a/e/7/9/dae791c7e7f37ceeed2b1136e4c2fe2f795c6645ab088d6588854fe7
[2024-09-24T20:30:03.785+0000] {processor.py:830} INFO - Processing file /opt/airflow/dags/.cache/pip/http/d/a/e/7/9/dae791c7e7f37ceeed2b1136e4c2fe2f795c6645ab088d6588854fe7 for tasks to queue
[2024-09-24T20:30:03.787+0000] {logging_mixin.py:188} INFO - [2024-09-24T20:30:03.786+0000] {dagbag.py:545} INFO - Filling up the DagBag from /opt/airflow/dags/.cache/pip/http/d/a/e/7/9/dae791c7e7f37ceeed2b1136e4c2fe2f795c6645ab088d6588854fe7
[2024-09-24T20:30:03.806+0000] {processor.py:842} WARNING - No viable dags retrieved from /opt/airflow/dags/.cache/pip/http/d/a/e/7/9/dae791c7e7f37ceeed2b1136e4c2fe2f795c6645ab088d6588854fe7
[2024-09-24T20:30:03.816+0000] {processor.py:183} INFO - Processing /opt/airflow/dags/.cache/pip/http/d/a/e/7/9/dae791c7e7f37ceeed2b1136e4c2fe2f795c6645ab088d6588854fe7 took 0.038 seconds
[2024-09-24T20:30:37.014+0000] {processor.py:161} INFO - Started process (PID=1756) to work on /opt/airflow/dags/.cache/pip/http/d/a/e/7/9/dae791c7e7f37ceeed2b1136e4c2fe2f795c6645ab088d6588854fe7
[2024-09-24T20:30:37.016+0000] {processor.py:830} INFO - Processing file /opt/airflow/dags/.cache/pip/http/d/a/e/7/9/dae791c7e7f37ceeed2b1136e4c2fe2f795c6645ab088d6588854fe7 for tasks to queue
[2024-09-24T20:30:37.017+0000] {logging_mixin.py:188} INFO - [2024-09-24T20:30:37.017+0000] {dagbag.py:545} INFO - Filling up the DagBag from /opt/airflow/dags/.cache/pip/http/d/a/e/7/9/dae791c7e7f37ceeed2b1136e4c2fe2f795c6645ab088d6588854fe7
[2024-09-24T20:30:37.060+0000] {processor.py:842} WARNING - No viable dags retrieved from /opt/airflow/dags/.cache/pip/http/d/a/e/7/9/dae791c7e7f37ceeed2b1136e4c2fe2f795c6645ab088d6588854fe7
[2024-09-24T20:30:37.075+0000] {processor.py:183} INFO - Processing /opt/airflow/dags/.cache/pip/http/d/a/e/7/9/dae791c7e7f37ceeed2b1136e4c2fe2f795c6645ab088d6588854fe7 took 0.067 seconds
[2024-09-24T20:31:08.765+0000] {processor.py:161} INFO - Started process (PID=2028) to work on /opt/airflow/dags/.cache/pip/http/d/a/e/7/9/dae791c7e7f37ceeed2b1136e4c2fe2f795c6645ab088d6588854fe7
[2024-09-24T20:31:08.765+0000] {processor.py:830} INFO - Processing file /opt/airflow/dags/.cache/pip/http/d/a/e/7/9/dae791c7e7f37ceeed2b1136e4c2fe2f795c6645ab088d6588854fe7 for tasks to queue
[2024-09-24T20:31:08.767+0000] {logging_mixin.py:188} INFO - [2024-09-24T20:31:08.766+0000] {dagbag.py:545} INFO - Filling up the DagBag from /opt/airflow/dags/.cache/pip/http/d/a/e/7/9/dae791c7e7f37ceeed2b1136e4c2fe2f795c6645ab088d6588854fe7
[2024-09-24T20:31:08.830+0000] {processor.py:842} WARNING - No viable dags retrieved from /opt/airflow/dags/.cache/pip/http/d/a/e/7/9/dae791c7e7f37ceeed2b1136e4c2fe2f795c6645ab088d6588854fe7
[2024-09-24T20:31:08.845+0000] {processor.py:183} INFO - Processing /opt/airflow/dags/.cache/pip/http/d/a/e/7/9/dae791c7e7f37ceeed2b1136e4c2fe2f795c6645ab088d6588854fe7 took 0.084 seconds
[2024-09-24T20:31:40.821+0000] {processor.py:161} INFO - Started process (PID=2301) to work on /opt/airflow/dags/.cache/pip/http/d/a/e/7/9/dae791c7e7f37ceeed2b1136e4c2fe2f795c6645ab088d6588854fe7
[2024-09-24T20:31:40.822+0000] {processor.py:830} INFO - Processing file /opt/airflow/dags/.cache/pip/http/d/a/e/7/9/dae791c7e7f37ceeed2b1136e4c2fe2f795c6645ab088d6588854fe7 for tasks to queue
[2024-09-24T20:31:40.824+0000] {logging_mixin.py:188} INFO - [2024-09-24T20:31:40.823+0000] {dagbag.py:545} INFO - Filling up the DagBag from /opt/airflow/dags/.cache/pip/http/d/a/e/7/9/dae791c7e7f37ceeed2b1136e4c2fe2f795c6645ab088d6588854fe7
[2024-09-24T20:31:40.863+0000] {processor.py:842} WARNING - No viable dags retrieved from /opt/airflow/dags/.cache/pip/http/d/a/e/7/9/dae791c7e7f37ceeed2b1136e4c2fe2f795c6645ab088d6588854fe7
[2024-09-24T20:31:40.876+0000] {processor.py:183} INFO - Processing /opt/airflow/dags/.cache/pip/http/d/a/e/7/9/dae791c7e7f37ceeed2b1136e4c2fe2f795c6645ab088d6588854fe7 took 0.059 seconds
[2024-09-24T20:32:26.373+0000] {processor.py:161} INFO - Started process (PID=2581) to work on /opt/airflow/dags/.cache/pip/http/d/a/e/7/9/dae791c7e7f37ceeed2b1136e4c2fe2f795c6645ab088d6588854fe7
[2024-09-24T20:32:26.375+0000] {processor.py:830} INFO - Processing file /opt/airflow/dags/.cache/pip/http/d/a/e/7/9/dae791c7e7f37ceeed2b1136e4c2fe2f795c6645ab088d6588854fe7 for tasks to queue
[2024-09-24T20:32:26.376+0000] {logging_mixin.py:188} INFO - [2024-09-24T20:32:26.376+0000] {dagbag.py:545} INFO - Filling up the DagBag from /opt/airflow/dags/.cache/pip/http/d/a/e/7/9/dae791c7e7f37ceeed2b1136e4c2fe2f795c6645ab088d6588854fe7
[2024-09-24T20:32:26.429+0000] {processor.py:842} WARNING - No viable dags retrieved from /opt/airflow/dags/.cache/pip/http/d/a/e/7/9/dae791c7e7f37ceeed2b1136e4c2fe2f795c6645ab088d6588854fe7
[2024-09-24T20:32:26.447+0000] {processor.py:183} INFO - Processing /opt/airflow/dags/.cache/pip/http/d/a/e/7/9/dae791c7e7f37ceeed2b1136e4c2fe2f795c6645ab088d6588854fe7 took 0.079 seconds
