[2024-09-24T20:36:52.757+0000] {local_task_job_runner.py:120} INFO - ::group::Pre task execution logs
[2024-09-24T20:36:52.771+0000] {taskinstance.py:2076} INFO - Dependencies all met for dep_context=non-requeueable deps ti=<TaskInstance: decision_tree_classifier_dag.dtc_prepare_data manual__2024-09-24T20:36:45.509040+00:00 [queued]>
[2024-09-24T20:36:52.782+0000] {taskinstance.py:2076} INFO - Dependencies all met for dep_context=requeueable deps ti=<TaskInstance: decision_tree_classifier_dag.dtc_prepare_data manual__2024-09-24T20:36:45.509040+00:00 [queued]>
[2024-09-24T20:36:52.783+0000] {taskinstance.py:2306} INFO - Starting attempt 1 of 1
[2024-09-24T20:36:52.794+0000] {taskinstance.py:2330} INFO - Executing <Task(PythonOperator): dtc_prepare_data> on 2024-09-24 20:36:45.509040+00:00
[2024-09-24T20:36:52.803+0000] {standard_task_runner.py:64} INFO - Started process 4836 to run task
[2024-09-24T20:36:52.805+0000] {standard_task_runner.py:90} INFO - Running: ['***', 'tasks', 'run', 'decision_tree_classifier_dag', 'dtc_prepare_data', 'manual__2024-09-24T20:36:45.509040+00:00', '--job-id', '565', '--raw', '--subdir', 'DAGS_FOLDER/***/dags/.ipynb_checkpoints/hw1-checkpoint.py', '--cfg-path', '/tmp/tmpoounqg19']
[2024-09-24T20:36:52.807+0000] {standard_task_runner.py:91} INFO - Job 565: Subtask dtc_prepare_data
[2024-09-24T20:36:52.843+0000] {task_command.py:426} INFO - Running <TaskInstance: decision_tree_classifier_dag.dtc_prepare_data manual__2024-09-24T20:36:45.509040+00:00 [running]> on host 82997fc6deb7
[2024-09-24T20:36:52.909+0000] {taskinstance.py:2648} INFO - Exporting env vars: AIRFLOW_CTX_DAG_EMAIL='alexvlg34@gmail.com' AIRFLOW_CTX_DAG_OWNER='Alex Trigolos' AIRFLOW_CTX_DAG_ID='decision_tree_classifier_dag' AIRFLOW_CTX_TASK_ID='dtc_prepare_data' AIRFLOW_CTX_EXECUTION_DATE='2024-09-24T20:36:45.509040+00:00' AIRFLOW_CTX_TRY_NUMBER='1' AIRFLOW_CTX_DAG_RUN_ID='manual__2024-09-24T20:36:45.509040+00:00'
[2024-09-24T20:36:52.910+0000] {taskinstance.py:430} INFO - ::endgroup::
[2024-09-24T20:36:52.919+0000] {hw1-checkpoint.py:107} INFO - Prepare data...
[2024-09-24T20:36:52.920+0000] {s3.py:1422} INFO - Downloading source S3 file from Bucket testmlops with path AlexTrigolos/DecisionTreeClassifier/datasets/dataset.pkl
[2024-09-24T20:36:52.927+0000] {base.py:84} INFO - Using connection ID 's3_connection' for task execution.
[2024-09-24T20:36:52.928+0000] {connection_wrapper.py:388} INFO - AWS Connection (conn_id='s3_connection', conn_type='aws') credentials retrieved from login and password.
[2024-09-24T20:36:53.338+0000] {hw1-checkpoint.py:78} INFO - /tmp/***_tmp_k671uc3x
[2024-09-24T20:36:53.419+0000] {base.py:84} INFO - Using connection ID 's3_connection' for task execution.
[2024-09-24T20:36:53.419+0000] {connection_wrapper.py:388} INFO - AWS Connection (conn_id='s3_connection', conn_type='aws') credentials retrieved from login and password.
[2024-09-24T20:36:53.758+0000] {base.py:84} INFO - Using connection ID 's3_connection' for task execution.
[2024-09-24T20:36:53.759+0000] {connection_wrapper.py:388} INFO - AWS Connection (conn_id='s3_connection', conn_type='aws') credentials retrieved from login and password.
[2024-09-24T20:36:53.909+0000] {base.py:84} INFO - Using connection ID 's3_connection' for task execution.
[2024-09-24T20:36:53.910+0000] {connection_wrapper.py:388} INFO - AWS Connection (conn_id='s3_connection', conn_type='aws') credentials retrieved from login and password.
[2024-09-24T20:36:54.130+0000] {base.py:84} INFO - Using connection ID 's3_connection' for task execution.
[2024-09-24T20:36:54.137+0000] {connection_wrapper.py:388} INFO - AWS Connection (conn_id='s3_connection', conn_type='aws') credentials retrieved from login and password.
[2024-09-24T20:36:54.580+0000] {hw1-checkpoint.py:133} INFO - Prepared data.
[2024-09-24T20:36:54.589+0000] {python.py:237} INFO - Done. Returned value was: None
[2024-09-24T20:36:54.591+0000] {taskinstance.py:441} INFO - ::group::Post task execution logs
[2024-09-24T20:36:54.615+0000] {taskinstance.py:1206} INFO - Marking task as SUCCESS. dag_id=decision_tree_classifier_dag, task_id=dtc_prepare_data, run_id=manual__2024-09-24T20:36:45.509040+00:00, execution_date=20240924T203645, start_date=20240924T203652, end_date=20240924T203654
[2024-09-24T20:36:54.709+0000] {local_task_job_runner.py:243} INFO - Task exited with return code 0
[2024-09-24T20:36:54.738+0000] {taskinstance.py:3503} INFO - 1 downstream tasks scheduled from follow-on schedule check
[2024-09-24T20:36:54.774+0000] {local_task_job_runner.py:222} INFO - ::endgroup::
