[2024-10-03T08:42:02.297+0000] {processor.py:161} INFO - Started process (PID=343) to work on /opt/airflow/dags/.cache/pip/http/d/a/e/7/9/dae791c7e7f37ceeed2b1136e4c2fe2f795c6645ab088d6588854fe7
[2024-10-03T08:42:02.298+0000] {processor.py:830} INFO - Processing file /opt/airflow/dags/.cache/pip/http/d/a/e/7/9/dae791c7e7f37ceeed2b1136e4c2fe2f795c6645ab088d6588854fe7 for tasks to queue
[2024-10-03T08:42:02.299+0000] {logging_mixin.py:188} INFO - [2024-10-03T08:42:02.299+0000] {dagbag.py:545} INFO - Filling up the DagBag from /opt/airflow/dags/.cache/pip/http/d/a/e/7/9/dae791c7e7f37ceeed2b1136e4c2fe2f795c6645ab088d6588854fe7
[2024-10-03T08:42:02.311+0000] {processor.py:842} WARNING - No viable dags retrieved from /opt/airflow/dags/.cache/pip/http/d/a/e/7/9/dae791c7e7f37ceeed2b1136e4c2fe2f795c6645ab088d6588854fe7
[2024-10-03T08:42:02.322+0000] {processor.py:183} INFO - Processing /opt/airflow/dags/.cache/pip/http/d/a/e/7/9/dae791c7e7f37ceeed2b1136e4c2fe2f795c6645ab088d6588854fe7 took 0.029 seconds
[2024-10-03T08:42:35.583+0000] {processor.py:161} INFO - Started process (PID=585) to work on /opt/airflow/dags/.cache/pip/http/d/a/e/7/9/dae791c7e7f37ceeed2b1136e4c2fe2f795c6645ab088d6588854fe7
[2024-10-03T08:42:35.584+0000] {processor.py:830} INFO - Processing file /opt/airflow/dags/.cache/pip/http/d/a/e/7/9/dae791c7e7f37ceeed2b1136e4c2fe2f795c6645ab088d6588854fe7 for tasks to queue
[2024-10-03T08:42:35.586+0000] {logging_mixin.py:188} INFO - [2024-10-03T08:42:35.586+0000] {dagbag.py:545} INFO - Filling up the DagBag from /opt/airflow/dags/.cache/pip/http/d/a/e/7/9/dae791c7e7f37ceeed2b1136e4c2fe2f795c6645ab088d6588854fe7
[2024-10-03T08:42:35.610+0000] {processor.py:842} WARNING - No viable dags retrieved from /opt/airflow/dags/.cache/pip/http/d/a/e/7/9/dae791c7e7f37ceeed2b1136e4c2fe2f795c6645ab088d6588854fe7
[2024-10-03T08:42:35.630+0000] {processor.py:183} INFO - Processing /opt/airflow/dags/.cache/pip/http/d/a/e/7/9/dae791c7e7f37ceeed2b1136e4c2fe2f795c6645ab088d6588854fe7 took 0.056 seconds
[2024-10-03T08:43:08.630+0000] {processor.py:161} INFO - Started process (PID=829) to work on /opt/airflow/dags/.cache/pip/http/d/a/e/7/9/dae791c7e7f37ceeed2b1136e4c2fe2f795c6645ab088d6588854fe7
[2024-10-03T08:43:08.635+0000] {processor.py:830} INFO - Processing file /opt/airflow/dags/.cache/pip/http/d/a/e/7/9/dae791c7e7f37ceeed2b1136e4c2fe2f795c6645ab088d6588854fe7 for tasks to queue
[2024-10-03T08:43:08.641+0000] {logging_mixin.py:188} INFO - [2024-10-03T08:43:08.641+0000] {dagbag.py:545} INFO - Filling up the DagBag from /opt/airflow/dags/.cache/pip/http/d/a/e/7/9/dae791c7e7f37ceeed2b1136e4c2fe2f795c6645ab088d6588854fe7
[2024-10-03T08:43:08.699+0000] {processor.py:842} WARNING - No viable dags retrieved from /opt/airflow/dags/.cache/pip/http/d/a/e/7/9/dae791c7e7f37ceeed2b1136e4c2fe2f795c6645ab088d6588854fe7
[2024-10-03T08:43:08.722+0000] {processor.py:183} INFO - Processing /opt/airflow/dags/.cache/pip/http/d/a/e/7/9/dae791c7e7f37ceeed2b1136e4c2fe2f795c6645ab088d6588854fe7 took 0.106 seconds
[2024-10-03T08:43:41.581+0000] {processor.py:161} INFO - Started process (PID=1049) to work on /opt/airflow/dags/.cache/pip/http/d/a/e/7/9/dae791c7e7f37ceeed2b1136e4c2fe2f795c6645ab088d6588854fe7
[2024-10-03T08:43:41.582+0000] {processor.py:830} INFO - Processing file /opt/airflow/dags/.cache/pip/http/d/a/e/7/9/dae791c7e7f37ceeed2b1136e4c2fe2f795c6645ab088d6588854fe7 for tasks to queue
[2024-10-03T08:43:41.584+0000] {logging_mixin.py:188} INFO - [2024-10-03T08:43:41.584+0000] {dagbag.py:545} INFO - Filling up the DagBag from /opt/airflow/dags/.cache/pip/http/d/a/e/7/9/dae791c7e7f37ceeed2b1136e4c2fe2f795c6645ab088d6588854fe7
[2024-10-03T08:43:41.602+0000] {processor.py:842} WARNING - No viable dags retrieved from /opt/airflow/dags/.cache/pip/http/d/a/e/7/9/dae791c7e7f37ceeed2b1136e4c2fe2f795c6645ab088d6588854fe7
[2024-10-03T08:43:41.618+0000] {processor.py:183} INFO - Processing /opt/airflow/dags/.cache/pip/http/d/a/e/7/9/dae791c7e7f37ceeed2b1136e4c2fe2f795c6645ab088d6588854fe7 took 0.044 seconds
[2024-10-03T08:44:14.273+0000] {processor.py:161} INFO - Started process (PID=1312) to work on /opt/airflow/dags/.cache/pip/http/d/a/e/7/9/dae791c7e7f37ceeed2b1136e4c2fe2f795c6645ab088d6588854fe7
[2024-10-03T08:44:14.275+0000] {processor.py:830} INFO - Processing file /opt/airflow/dags/.cache/pip/http/d/a/e/7/9/dae791c7e7f37ceeed2b1136e4c2fe2f795c6645ab088d6588854fe7 for tasks to queue
[2024-10-03T08:44:14.277+0000] {logging_mixin.py:188} INFO - [2024-10-03T08:44:14.277+0000] {dagbag.py:545} INFO - Filling up the DagBag from /opt/airflow/dags/.cache/pip/http/d/a/e/7/9/dae791c7e7f37ceeed2b1136e4c2fe2f795c6645ab088d6588854fe7
[2024-10-03T08:44:14.346+0000] {processor.py:842} WARNING - No viable dags retrieved from /opt/airflow/dags/.cache/pip/http/d/a/e/7/9/dae791c7e7f37ceeed2b1136e4c2fe2f795c6645ab088d6588854fe7
[2024-10-03T08:44:14.359+0000] {processor.py:183} INFO - Processing /opt/airflow/dags/.cache/pip/http/d/a/e/7/9/dae791c7e7f37ceeed2b1136e4c2fe2f795c6645ab088d6588854fe7 took 0.092 seconds
[2024-10-03T08:44:44.907+0000] {processor.py:161} INFO - Started process (PID=1532) to work on /opt/airflow/dags/.cache/pip/http/d/a/e/7/9/dae791c7e7f37ceeed2b1136e4c2fe2f795c6645ab088d6588854fe7
[2024-10-03T08:44:44.909+0000] {processor.py:830} INFO - Processing file /opt/airflow/dags/.cache/pip/http/d/a/e/7/9/dae791c7e7f37ceeed2b1136e4c2fe2f795c6645ab088d6588854fe7 for tasks to queue
[2024-10-03T08:44:44.912+0000] {logging_mixin.py:188} INFO - [2024-10-03T08:44:44.912+0000] {dagbag.py:545} INFO - Filling up the DagBag from /opt/airflow/dags/.cache/pip/http/d/a/e/7/9/dae791c7e7f37ceeed2b1136e4c2fe2f795c6645ab088d6588854fe7
[2024-10-03T08:44:44.965+0000] {processor.py:842} WARNING - No viable dags retrieved from /opt/airflow/dags/.cache/pip/http/d/a/e/7/9/dae791c7e7f37ceeed2b1136e4c2fe2f795c6645ab088d6588854fe7
[2024-10-03T08:44:44.986+0000] {processor.py:183} INFO - Processing /opt/airflow/dags/.cache/pip/http/d/a/e/7/9/dae791c7e7f37ceeed2b1136e4c2fe2f795c6645ab088d6588854fe7 took 0.089 seconds
[2024-10-03T08:45:19.022+0000] {processor.py:161} INFO - Started process (PID=1775) to work on /opt/airflow/dags/.cache/pip/http/d/a/e/7/9/dae791c7e7f37ceeed2b1136e4c2fe2f795c6645ab088d6588854fe7
[2024-10-03T08:45:19.024+0000] {processor.py:830} INFO - Processing file /opt/airflow/dags/.cache/pip/http/d/a/e/7/9/dae791c7e7f37ceeed2b1136e4c2fe2f795c6645ab088d6588854fe7 for tasks to queue
[2024-10-03T08:45:19.027+0000] {logging_mixin.py:188} INFO - [2024-10-03T08:45:19.027+0000] {dagbag.py:545} INFO - Filling up the DagBag from /opt/airflow/dags/.cache/pip/http/d/a/e/7/9/dae791c7e7f37ceeed2b1136e4c2fe2f795c6645ab088d6588854fe7
[2024-10-03T08:45:19.056+0000] {processor.py:842} WARNING - No viable dags retrieved from /opt/airflow/dags/.cache/pip/http/d/a/e/7/9/dae791c7e7f37ceeed2b1136e4c2fe2f795c6645ab088d6588854fe7
[2024-10-03T08:45:19.077+0000] {processor.py:183} INFO - Processing /opt/airflow/dags/.cache/pip/http/d/a/e/7/9/dae791c7e7f37ceeed2b1136e4c2fe2f795c6645ab088d6588854fe7 took 0.065 seconds
[2024-10-03T08:45:50.623+0000] {processor.py:161} INFO - Started process (PID=2018) to work on /opt/airflow/dags/.cache/pip/http/d/a/e/7/9/dae791c7e7f37ceeed2b1136e4c2fe2f795c6645ab088d6588854fe7
[2024-10-03T08:45:50.624+0000] {processor.py:830} INFO - Processing file /opt/airflow/dags/.cache/pip/http/d/a/e/7/9/dae791c7e7f37ceeed2b1136e4c2fe2f795c6645ab088d6588854fe7 for tasks to queue
[2024-10-03T08:45:50.627+0000] {logging_mixin.py:188} INFO - [2024-10-03T08:45:50.626+0000] {dagbag.py:545} INFO - Filling up the DagBag from /opt/airflow/dags/.cache/pip/http/d/a/e/7/9/dae791c7e7f37ceeed2b1136e4c2fe2f795c6645ab088d6588854fe7
[2024-10-03T08:45:50.653+0000] {processor.py:842} WARNING - No viable dags retrieved from /opt/airflow/dags/.cache/pip/http/d/a/e/7/9/dae791c7e7f37ceeed2b1136e4c2fe2f795c6645ab088d6588854fe7
[2024-10-03T08:45:50.674+0000] {processor.py:183} INFO - Processing /opt/airflow/dags/.cache/pip/http/d/a/e/7/9/dae791c7e7f37ceeed2b1136e4c2fe2f795c6645ab088d6588854fe7 took 0.062 seconds
[2024-10-03T08:46:22.731+0000] {processor.py:161} INFO - Started process (PID=2260) to work on /opt/airflow/dags/.cache/pip/http/d/a/e/7/9/dae791c7e7f37ceeed2b1136e4c2fe2f795c6645ab088d6588854fe7
[2024-10-03T08:46:22.733+0000] {processor.py:830} INFO - Processing file /opt/airflow/dags/.cache/pip/http/d/a/e/7/9/dae791c7e7f37ceeed2b1136e4c2fe2f795c6645ab088d6588854fe7 for tasks to queue
[2024-10-03T08:46:22.735+0000] {logging_mixin.py:188} INFO - [2024-10-03T08:46:22.735+0000] {dagbag.py:545} INFO - Filling up the DagBag from /opt/airflow/dags/.cache/pip/http/d/a/e/7/9/dae791c7e7f37ceeed2b1136e4c2fe2f795c6645ab088d6588854fe7
[2024-10-03T08:46:22.781+0000] {processor.py:842} WARNING - No viable dags retrieved from /opt/airflow/dags/.cache/pip/http/d/a/e/7/9/dae791c7e7f37ceeed2b1136e4c2fe2f795c6645ab088d6588854fe7
[2024-10-03T08:46:22.801+0000] {processor.py:183} INFO - Processing /opt/airflow/dags/.cache/pip/http/d/a/e/7/9/dae791c7e7f37ceeed2b1136e4c2fe2f795c6645ab088d6588854fe7 took 0.079 seconds
[2024-10-03T08:47:12.589+0000] {processor.py:161} INFO - Started process (PID=2527) to work on /opt/airflow/dags/.cache/pip/http/d/a/e/7/9/dae791c7e7f37ceeed2b1136e4c2fe2f795c6645ab088d6588854fe7
[2024-10-03T08:47:12.591+0000] {processor.py:830} INFO - Processing file /opt/airflow/dags/.cache/pip/http/d/a/e/7/9/dae791c7e7f37ceeed2b1136e4c2fe2f795c6645ab088d6588854fe7 for tasks to queue
[2024-10-03T08:47:12.594+0000] {logging_mixin.py:188} INFO - [2024-10-03T08:47:12.594+0000] {dagbag.py:545} INFO - Filling up the DagBag from /opt/airflow/dags/.cache/pip/http/d/a/e/7/9/dae791c7e7f37ceeed2b1136e4c2fe2f795c6645ab088d6588854fe7
[2024-10-03T08:47:12.647+0000] {processor.py:842} WARNING - No viable dags retrieved from /opt/airflow/dags/.cache/pip/http/d/a/e/7/9/dae791c7e7f37ceeed2b1136e4c2fe2f795c6645ab088d6588854fe7
[2024-10-03T08:47:12.669+0000] {processor.py:183} INFO - Processing /opt/airflow/dags/.cache/pip/http/d/a/e/7/9/dae791c7e7f37ceeed2b1136e4c2fe2f795c6645ab088d6588854fe7 took 0.089 seconds
[2024-10-03T08:47:46.297+0000] {processor.py:161} INFO - Started process (PID=2771) to work on /opt/airflow/dags/.cache/pip/http/d/a/e/7/9/dae791c7e7f37ceeed2b1136e4c2fe2f795c6645ab088d6588854fe7
[2024-10-03T08:47:46.300+0000] {processor.py:830} INFO - Processing file /opt/airflow/dags/.cache/pip/http/d/a/e/7/9/dae791c7e7f37ceeed2b1136e4c2fe2f795c6645ab088d6588854fe7 for tasks to queue
[2024-10-03T08:47:46.303+0000] {logging_mixin.py:188} INFO - [2024-10-03T08:47:46.303+0000] {dagbag.py:545} INFO - Filling up the DagBag from /opt/airflow/dags/.cache/pip/http/d/a/e/7/9/dae791c7e7f37ceeed2b1136e4c2fe2f795c6645ab088d6588854fe7
[2024-10-03T08:47:46.332+0000] {processor.py:842} WARNING - No viable dags retrieved from /opt/airflow/dags/.cache/pip/http/d/a/e/7/9/dae791c7e7f37ceeed2b1136e4c2fe2f795c6645ab088d6588854fe7
[2024-10-03T08:47:46.352+0000] {processor.py:183} INFO - Processing /opt/airflow/dags/.cache/pip/http/d/a/e/7/9/dae791c7e7f37ceeed2b1136e4c2fe2f795c6645ab088d6588854fe7 took 0.065 seconds
[2024-10-03T08:48:20.408+0000] {processor.py:161} INFO - Started process (PID=3017) to work on /opt/airflow/dags/.cache/pip/http/d/a/e/7/9/dae791c7e7f37ceeed2b1136e4c2fe2f795c6645ab088d6588854fe7
[2024-10-03T08:48:20.425+0000] {processor.py:830} INFO - Processing file /opt/airflow/dags/.cache/pip/http/d/a/e/7/9/dae791c7e7f37ceeed2b1136e4c2fe2f795c6645ab088d6588854fe7 for tasks to queue
[2024-10-03T08:48:20.429+0000] {logging_mixin.py:188} INFO - [2024-10-03T08:48:20.428+0000] {dagbag.py:545} INFO - Filling up the DagBag from /opt/airflow/dags/.cache/pip/http/d/a/e/7/9/dae791c7e7f37ceeed2b1136e4c2fe2f795c6645ab088d6588854fe7
[2024-10-03T08:48:20.549+0000] {processor.py:842} WARNING - No viable dags retrieved from /opt/airflow/dags/.cache/pip/http/d/a/e/7/9/dae791c7e7f37ceeed2b1136e4c2fe2f795c6645ab088d6588854fe7
[2024-10-03T08:48:20.571+0000] {processor.py:183} INFO - Processing /opt/airflow/dags/.cache/pip/http/d/a/e/7/9/dae791c7e7f37ceeed2b1136e4c2fe2f795c6645ab088d6588854fe7 took 0.177 seconds
[2024-10-03T08:48:51.218+0000] {processor.py:161} INFO - Started process (PID=3261) to work on /opt/airflow/dags/.cache/pip/http/d/a/e/7/9/dae791c7e7f37ceeed2b1136e4c2fe2f795c6645ab088d6588854fe7
[2024-10-03T08:48:51.219+0000] {processor.py:830} INFO - Processing file /opt/airflow/dags/.cache/pip/http/d/a/e/7/9/dae791c7e7f37ceeed2b1136e4c2fe2f795c6645ab088d6588854fe7 for tasks to queue
[2024-10-03T08:48:51.222+0000] {logging_mixin.py:188} INFO - [2024-10-03T08:48:51.221+0000] {dagbag.py:545} INFO - Filling up the DagBag from /opt/airflow/dags/.cache/pip/http/d/a/e/7/9/dae791c7e7f37ceeed2b1136e4c2fe2f795c6645ab088d6588854fe7
[2024-10-03T08:48:51.244+0000] {processor.py:842} WARNING - No viable dags retrieved from /opt/airflow/dags/.cache/pip/http/d/a/e/7/9/dae791c7e7f37ceeed2b1136e4c2fe2f795c6645ab088d6588854fe7
[2024-10-03T08:48:51.254+0000] {processor.py:183} INFO - Processing /opt/airflow/dags/.cache/pip/http/d/a/e/7/9/dae791c7e7f37ceeed2b1136e4c2fe2f795c6645ab088d6588854fe7 took 0.041 seconds
[2024-10-03T08:49:23.083+0000] {processor.py:161} INFO - Started process (PID=3501) to work on /opt/airflow/dags/.cache/pip/http/d/a/e/7/9/dae791c7e7f37ceeed2b1136e4c2fe2f795c6645ab088d6588854fe7
[2024-10-03T08:49:23.084+0000] {processor.py:830} INFO - Processing file /opt/airflow/dags/.cache/pip/http/d/a/e/7/9/dae791c7e7f37ceeed2b1136e4c2fe2f795c6645ab088d6588854fe7 for tasks to queue
[2024-10-03T08:49:23.086+0000] {logging_mixin.py:188} INFO - [2024-10-03T08:49:23.085+0000] {dagbag.py:545} INFO - Filling up the DagBag from /opt/airflow/dags/.cache/pip/http/d/a/e/7/9/dae791c7e7f37ceeed2b1136e4c2fe2f795c6645ab088d6588854fe7
[2024-10-03T08:49:23.105+0000] {processor.py:842} WARNING - No viable dags retrieved from /opt/airflow/dags/.cache/pip/http/d/a/e/7/9/dae791c7e7f37ceeed2b1136e4c2fe2f795c6645ab088d6588854fe7
[2024-10-03T08:49:23.117+0000] {processor.py:183} INFO - Processing /opt/airflow/dags/.cache/pip/http/d/a/e/7/9/dae791c7e7f37ceeed2b1136e4c2fe2f795c6645ab088d6588854fe7 took 0.039 seconds
[2024-10-03T08:49:56.632+0000] {processor.py:161} INFO - Started process (PID=3744) to work on /opt/airflow/dags/.cache/pip/http/d/a/e/7/9/dae791c7e7f37ceeed2b1136e4c2fe2f795c6645ab088d6588854fe7
[2024-10-03T08:49:56.633+0000] {processor.py:830} INFO - Processing file /opt/airflow/dags/.cache/pip/http/d/a/e/7/9/dae791c7e7f37ceeed2b1136e4c2fe2f795c6645ab088d6588854fe7 for tasks to queue
[2024-10-03T08:49:56.635+0000] {logging_mixin.py:188} INFO - [2024-10-03T08:49:56.635+0000] {dagbag.py:545} INFO - Filling up the DagBag from /opt/airflow/dags/.cache/pip/http/d/a/e/7/9/dae791c7e7f37ceeed2b1136e4c2fe2f795c6645ab088d6588854fe7
[2024-10-03T08:49:56.659+0000] {processor.py:842} WARNING - No viable dags retrieved from /opt/airflow/dags/.cache/pip/http/d/a/e/7/9/dae791c7e7f37ceeed2b1136e4c2fe2f795c6645ab088d6588854fe7
[2024-10-03T08:49:56.671+0000] {processor.py:183} INFO - Processing /opt/airflow/dags/.cache/pip/http/d/a/e/7/9/dae791c7e7f37ceeed2b1136e4c2fe2f795c6645ab088d6588854fe7 took 0.044 seconds
[2024-10-03T08:50:28.435+0000] {processor.py:161} INFO - Started process (PID=3986) to work on /opt/airflow/dags/.cache/pip/http/d/a/e/7/9/dae791c7e7f37ceeed2b1136e4c2fe2f795c6645ab088d6588854fe7
[2024-10-03T08:50:28.436+0000] {processor.py:830} INFO - Processing file /opt/airflow/dags/.cache/pip/http/d/a/e/7/9/dae791c7e7f37ceeed2b1136e4c2fe2f795c6645ab088d6588854fe7 for tasks to queue
[2024-10-03T08:50:28.438+0000] {logging_mixin.py:188} INFO - [2024-10-03T08:50:28.437+0000] {dagbag.py:545} INFO - Filling up the DagBag from /opt/airflow/dags/.cache/pip/http/d/a/e/7/9/dae791c7e7f37ceeed2b1136e4c2fe2f795c6645ab088d6588854fe7
[2024-10-03T08:50:28.494+0000] {processor.py:842} WARNING - No viable dags retrieved from /opt/airflow/dags/.cache/pip/http/d/a/e/7/9/dae791c7e7f37ceeed2b1136e4c2fe2f795c6645ab088d6588854fe7
[2024-10-03T08:50:28.512+0000] {processor.py:183} INFO - Processing /opt/airflow/dags/.cache/pip/http/d/a/e/7/9/dae791c7e7f37ceeed2b1136e4c2fe2f795c6645ab088d6588854fe7 took 0.081 seconds
[2024-10-03T08:56:30.747+0000] {processor.py:161} INFO - Started process (PID=4369) to work on /opt/airflow/dags/.cache/pip/http/d/a/e/7/9/dae791c7e7f37ceeed2b1136e4c2fe2f795c6645ab088d6588854fe7
[2024-10-03T08:56:30.748+0000] {processor.py:830} INFO - Processing file /opt/airflow/dags/.cache/pip/http/d/a/e/7/9/dae791c7e7f37ceeed2b1136e4c2fe2f795c6645ab088d6588854fe7 for tasks to queue
[2024-10-03T08:56:30.748+0000] {logging_mixin.py:188} INFO - [2024-10-03T08:56:30.748+0000] {dagbag.py:545} INFO - Filling up the DagBag from /opt/airflow/dags/.cache/pip/http/d/a/e/7/9/dae791c7e7f37ceeed2b1136e4c2fe2f795c6645ab088d6588854fe7
[2024-10-03T08:56:30.763+0000] {processor.py:842} WARNING - No viable dags retrieved from /opt/airflow/dags/.cache/pip/http/d/a/e/7/9/dae791c7e7f37ceeed2b1136e4c2fe2f795c6645ab088d6588854fe7
[2024-10-03T08:56:30.779+0000] {processor.py:183} INFO - Processing /opt/airflow/dags/.cache/pip/http/d/a/e/7/9/dae791c7e7f37ceeed2b1136e4c2fe2f795c6645ab088d6588854fe7 took 0.037 seconds
[2024-10-03T08:57:02.833+0000] {processor.py:161} INFO - Started process (PID=4621) to work on /opt/airflow/dags/.cache/pip/http/d/a/e/7/9/dae791c7e7f37ceeed2b1136e4c2fe2f795c6645ab088d6588854fe7
[2024-10-03T08:57:02.844+0000] {processor.py:830} INFO - Processing file /opt/airflow/dags/.cache/pip/http/d/a/e/7/9/dae791c7e7f37ceeed2b1136e4c2fe2f795c6645ab088d6588854fe7 for tasks to queue
[2024-10-03T08:57:02.846+0000] {logging_mixin.py:188} INFO - [2024-10-03T08:57:02.845+0000] {dagbag.py:545} INFO - Filling up the DagBag from /opt/airflow/dags/.cache/pip/http/d/a/e/7/9/dae791c7e7f37ceeed2b1136e4c2fe2f795c6645ab088d6588854fe7
[2024-10-03T08:57:02.864+0000] {processor.py:842} WARNING - No viable dags retrieved from /opt/airflow/dags/.cache/pip/http/d/a/e/7/9/dae791c7e7f37ceeed2b1136e4c2fe2f795c6645ab088d6588854fe7
[2024-10-03T08:57:02.877+0000] {processor.py:183} INFO - Processing /opt/airflow/dags/.cache/pip/http/d/a/e/7/9/dae791c7e7f37ceeed2b1136e4c2fe2f795c6645ab088d6588854fe7 took 0.049 seconds
