[2024-09-22T16:42:35.576+0000] {local_task_job_runner.py:120} INFO - ::group::Pre task execution logs
[2024-09-22T16:42:35.629+0000] {taskinstance.py:2076} INFO - Dependencies all met for dep_context=non-requeueable deps ti=<TaskInstance: train_dag.train_model manual__2024-09-22T16:42:22.008046+00:00 [queued]>
[2024-09-22T16:42:35.659+0000] {taskinstance.py:2076} INFO - Dependencies all met for dep_context=requeueable deps ti=<TaskInstance: train_dag.train_model manual__2024-09-22T16:42:22.008046+00:00 [queued]>
[2024-09-22T16:42:35.683+0000] {taskinstance.py:2306} INFO - Starting attempt 1 of 1
[2024-09-22T16:42:35.705+0000] {taskinstance.py:2330} INFO - Executing <Task(PythonOperator): train_model> on 2024-09-22 16:42:22.008046+00:00
[2024-09-22T16:42:35.720+0000] {standard_task_runner.py:64} INFO - Started process 96920 to run task
[2024-09-22T16:42:35.725+0000] {standard_task_runner.py:90} INFO - Running: ['***', 'tasks', 'run', 'train_dag', 'train_model', 'manual__2024-09-22T16:42:22.008046+00:00', '--job-id', '95', '--raw', '--subdir', 'DAGS_FOLDER/***/dags/.ipynb_checkpoints/train_dag-checkpoint.py', '--cfg-path', '/tmp/tmpt0glnt_m']
[2024-09-22T16:42:35.742+0000] {standard_task_runner.py:91} INFO - Job 95: Subtask train_model
[2024-09-22T16:42:35.809+0000] {task_command.py:426} INFO - Running <TaskInstance: train_dag.train_model manual__2024-09-22T16:42:22.008046+00:00 [running]> on host 7264ce263e34
[2024-09-22T16:42:35.918+0000] {taskinstance.py:2648} INFO - Exporting env vars: AIRFLOW_CTX_DAG_EMAIL='alexvlg34@gmail.com' AIRFLOW_CTX_DAG_OWNER='Alex Trigolos' AIRFLOW_CTX_DAG_ID='train_dag' AIRFLOW_CTX_TASK_ID='train_model' AIRFLOW_CTX_EXECUTION_DATE='2024-09-22T16:42:22.008046+00:00' AIRFLOW_CTX_TRY_NUMBER='1' AIRFLOW_CTX_DAG_RUN_ID='manual__2024-09-22T16:42:22.008046+00:00'
[2024-09-22T16:42:35.921+0000] {taskinstance.py:430} INFO - ::endgroup::
[2024-09-22T16:42:36.077+0000] {logging_mixin.py:188} INFO - Fitting 5 folds for each of 2 candidates, totalling 10 fits
[2024-09-22T16:42:36.263+0000] {logging_mixin.py:188} INFO - [CV] END ......................max_depth=1, n_estimators=100; total time=   0.2s
[2024-09-22T16:42:36.425+0000] {logging_mixin.py:188} INFO - [CV] END ......................max_depth=1, n_estimators=100; total time=   0.2s
[2024-09-22T16:42:36.604+0000] {logging_mixin.py:188} INFO - [CV] END ......................max_depth=1, n_estimators=100; total time=   0.2s
[2024-09-22T16:42:36.769+0000] {logging_mixin.py:188} INFO - [CV] END ......................max_depth=1, n_estimators=100; total time=   0.2s
[2024-09-22T16:42:36.952+0000] {logging_mixin.py:188} INFO - [CV] END ......................max_depth=1, n_estimators=100; total time=   0.2s
[2024-09-22T16:42:37.193+0000] {logging_mixin.py:188} INFO - [CV] END ......................max_depth=1, n_estimators=150; total time=   0.2s
[2024-09-22T16:42:37.468+0000] {logging_mixin.py:188} INFO - [CV] END ......................max_depth=1, n_estimators=150; total time=   0.3s
[2024-09-22T16:42:37.728+0000] {logging_mixin.py:188} INFO - [CV] END ......................max_depth=1, n_estimators=150; total time=   0.3s
[2024-09-22T16:42:38.001+0000] {logging_mixin.py:188} INFO - [CV] END ......................max_depth=1, n_estimators=150; total time=   0.3s
[2024-09-22T16:42:38.242+0000] {logging_mixin.py:188} INFO - [CV] END ......................max_depth=1, n_estimators=150; total time=   0.2s
[2024-09-22T16:42:38.591+0000] {python.py:237} INFO - Done. Returned value was: None
[2024-09-22T16:42:38.592+0000] {taskinstance.py:441} INFO - ::group::Post task execution logs
[2024-09-22T16:42:38.603+0000] {taskinstance.py:1206} INFO - Marking task as SUCCESS. dag_id=train_dag, task_id=train_model, run_id=manual__2024-09-22T16:42:22.008046+00:00, execution_date=20240922T164222, start_date=20240922T164235, end_date=20240922T164238
[2024-09-22T16:42:38.641+0000] {local_task_job_runner.py:243} INFO - Task exited with return code 0
[2024-09-22T16:42:38.673+0000] {taskinstance.py:3503} INFO - 1 downstream tasks scheduled from follow-on schedule check
[2024-09-22T16:42:38.676+0000] {local_task_job_runner.py:222} INFO - ::endgroup::
