[2024-10-04T13:48:31.559+0000] {local_task_job_runner.py:120} INFO - ::group::Pre task execution logs
[2024-10-04T13:48:31.573+0000] {taskinstance.py:2076} INFO - Dependencies all met for dep_context=non-requeueable deps ti=<TaskInstance: Alex_Trigolos.task_get_data manual__2024-10-04T13:48:27.277064+00:00 [queued]>
[2024-10-04T13:48:31.580+0000] {taskinstance.py:2076} INFO - Dependencies all met for dep_context=requeueable deps ti=<TaskInstance: Alex_Trigolos.task_get_data manual__2024-10-04T13:48:27.277064+00:00 [queued]>
[2024-10-04T13:48:31.581+0000] {taskinstance.py:2306} INFO - Starting attempt 1 of 1
[2024-10-04T13:48:31.593+0000] {taskinstance.py:2330} INFO - Executing <Task(PythonOperator): task_get_data> on 2024-10-04 13:48:27.277064+00:00
[2024-10-04T13:48:31.601+0000] {standard_task_runner.py:64} INFO - Started process 93941 to run task
[2024-10-04T13:48:31.604+0000] {standard_task_runner.py:90} INFO - Running: ['***', 'tasks', 'run', 'Alex_Trigolos', 'task_get_data', 'manual__2024-10-04T13:48:27.277064+00:00', '--job-id', '891', '--raw', '--subdir', 'DAGS_FOLDER/***/dags/.ipynb_checkpoints/project-checkpoint.py', '--cfg-path', '/tmp/tmphl3mpb0w']
[2024-10-04T13:48:31.607+0000] {standard_task_runner.py:91} INFO - Job 891: Subtask task_get_data
[2024-10-04T13:48:31.649+0000] {task_command.py:426} INFO - Running <TaskInstance: Alex_Trigolos.task_get_data manual__2024-10-04T13:48:27.277064+00:00 [running]> on host 4b5f1410d111
[2024-10-04T13:48:31.716+0000] {taskinstance.py:2648} INFO - Exporting env vars: AIRFLOW_CTX_DAG_EMAIL='alexvlg34@gmail.com' AIRFLOW_CTX_DAG_OWNER='Alex Trigolos' AIRFLOW_CTX_DAG_ID='Alex_Trigolos' AIRFLOW_CTX_TASK_ID='task_get_data' AIRFLOW_CTX_EXECUTION_DATE='2024-10-04T13:48:27.277064+00:00' AIRFLOW_CTX_TRY_NUMBER='1' AIRFLOW_CTX_DAG_RUN_ID='manual__2024-10-04T13:48:27.277064+00:00'
[2024-10-04T13:48:31.718+0000] {taskinstance.py:430} INFO - ::endgroup::
[2024-10-04T13:48:31.729+0000] {project-checkpoint.py:121} INFO - Get data...
[2024-10-04T13:48:31.989+0000] {base.py:84} INFO - Using connection ID 's3_connection' for task execution.
[2024-10-04T13:48:31.989+0000] {connection_wrapper.py:388} INFO - AWS Connection (conn_id='s3_connection', conn_type='aws') credentials retrieved from login and password.
[2024-10-04T13:48:32.382+0000] {project-checkpoint.py:133} INFO - Finish get data.
[2024-10-04T13:48:32.383+0000] {python.py:237} INFO - Done. Returned value was: None
[2024-10-04T13:48:32.383+0000] {taskinstance.py:441} INFO - ::group::Post task execution logs
[2024-10-04T13:48:32.392+0000] {taskinstance.py:1206} INFO - Marking task as SUCCESS. dag_id=Alex_Trigolos, task_id=task_get_data, run_id=manual__2024-10-04T13:48:27.277064+00:00, execution_date=20241004T134827, start_date=20241004T134831, end_date=20241004T134832
[2024-10-04T13:48:32.419+0000] {local_task_job_runner.py:243} INFO - Task exited with return code 0
[2024-10-04T13:48:32.442+0000] {taskinstance.py:3503} INFO - 1 downstream tasks scheduled from follow-on schedule check
[2024-10-04T13:48:32.444+0000] {local_task_job_runner.py:222} INFO - ::endgroup::
