[2024-09-24T18:47:07.952+0000] {local_task_job_runner.py:120} INFO - ::group::Pre task execution logs
[2024-09-24T18:47:07.967+0000] {taskinstance.py:2076} INFO - Dependencies all met for dep_context=non-requeueable deps ti=<TaskInstance: gradient_boosting_classifier_dag.gbc_prepare_data manual__2024-09-24T18:47:02.276090+00:00 [queued]>
[2024-09-24T18:47:07.974+0000] {taskinstance.py:2076} INFO - Dependencies all met for dep_context=requeueable deps ti=<TaskInstance: gradient_boosting_classifier_dag.gbc_prepare_data manual__2024-09-24T18:47:02.276090+00:00 [queued]>
[2024-09-24T18:47:07.976+0000] {taskinstance.py:2306} INFO - Starting attempt 1 of 1
[2024-09-24T18:47:07.987+0000] {taskinstance.py:2330} INFO - Executing <Task(PythonOperator): gbc_prepare_data> on 2024-09-24 18:47:02.276090+00:00
[2024-09-24T18:47:07.996+0000] {standard_task_runner.py:64} INFO - Started process 46631 to run task
[2024-09-24T18:47:07.998+0000] {standard_task_runner.py:90} INFO - Running: ['***', 'tasks', 'run', 'gradient_boosting_classifier_dag', 'gbc_prepare_data', 'manual__2024-09-24T18:47:02.276090+00:00', '--job-id', '459', '--raw', '--subdir', 'DAGS_FOLDER/***/dags/.ipynb_checkpoints/hw1-checkpoint.py', '--cfg-path', '/tmp/tmpllm2fj47']
[2024-09-24T18:47:08.000+0000] {standard_task_runner.py:91} INFO - Job 459: Subtask gbc_prepare_data
[2024-09-24T18:47:08.045+0000] {task_command.py:426} INFO - Running <TaskInstance: gradient_boosting_classifier_dag.gbc_prepare_data manual__2024-09-24T18:47:02.276090+00:00 [running]> on host 82997fc6deb7
[2024-09-24T18:47:08.120+0000] {taskinstance.py:2648} INFO - Exporting env vars: AIRFLOW_CTX_DAG_EMAIL='alexvlg34@gmail.com' AIRFLOW_CTX_DAG_OWNER='Alex Trigolos' AIRFLOW_CTX_DAG_ID='gradient_boosting_classifier_dag' AIRFLOW_CTX_TASK_ID='gbc_prepare_data' AIRFLOW_CTX_EXECUTION_DATE='2024-09-24T18:47:02.276090+00:00' AIRFLOW_CTX_TRY_NUMBER='1' AIRFLOW_CTX_DAG_RUN_ID='manual__2024-09-24T18:47:02.276090+00:00'
[2024-09-24T18:47:08.122+0000] {taskinstance.py:430} INFO - ::endgroup::
[2024-09-24T18:47:08.131+0000] {hw1-checkpoint.py:88} INFO - Prepare data...
[2024-09-24T18:47:08.133+0000] {s3.py:1422} INFO - Downloading source S3 file from Bucket testmlops with path AlexTrigolos/GradientBoostingClassifier/datasets/dataset.pkl
[2024-09-24T18:47:08.142+0000] {base.py:84} INFO - Using connection ID 's3_connection' for task execution.
[2024-09-24T18:47:08.144+0000] {connection_wrapper.py:388} INFO - AWS Connection (conn_id='s3_connection', conn_type='aws') credentials retrieved from login and password.
[2024-09-24T18:47:08.720+0000] {hw1-checkpoint.py:53} INFO - /tmp/***_tmp_gthmugmo
[2024-09-24T18:47:08.786+0000] {base.py:84} INFO - Using connection ID 's3_connection' for task execution.
[2024-09-24T18:47:08.787+0000] {connection_wrapper.py:388} INFO - AWS Connection (conn_id='s3_connection', conn_type='aws') credentials retrieved from login and password.
[2024-09-24T18:47:09.179+0000] {base.py:84} INFO - Using connection ID 's3_connection' for task execution.
[2024-09-24T18:47:09.180+0000] {connection_wrapper.py:388} INFO - AWS Connection (conn_id='s3_connection', conn_type='aws') credentials retrieved from login and password.
[2024-09-24T18:47:09.323+0000] {base.py:84} INFO - Using connection ID 's3_connection' for task execution.
[2024-09-24T18:47:09.324+0000] {connection_wrapper.py:388} INFO - AWS Connection (conn_id='s3_connection', conn_type='aws') credentials retrieved from login and password.
[2024-09-24T18:47:09.482+0000] {base.py:84} INFO - Using connection ID 's3_connection' for task execution.
[2024-09-24T18:47:09.483+0000] {connection_wrapper.py:388} INFO - AWS Connection (conn_id='s3_connection', conn_type='aws') credentials retrieved from login and password.
[2024-09-24T18:47:09.834+0000] {hw1-checkpoint.py:123} INFO - Prepared data.
[2024-09-24T18:47:09.835+0000] {python.py:237} INFO - Done. Returned value was: None
[2024-09-24T18:47:09.836+0000] {taskinstance.py:441} INFO - ::group::Post task execution logs
[2024-09-24T18:47:09.845+0000] {taskinstance.py:1206} INFO - Marking task as SUCCESS. dag_id=gradient_boosting_classifier_dag, task_id=gbc_prepare_data, run_id=manual__2024-09-24T18:47:02.276090+00:00, execution_date=20240924T184702, start_date=20240924T184707, end_date=20240924T184709
[2024-09-24T18:47:09.899+0000] {local_task_job_runner.py:243} INFO - Task exited with return code 0
[2024-09-24T18:47:09.919+0000] {taskinstance.py:3503} INFO - 1 downstream tasks scheduled from follow-on schedule check
[2024-09-24T18:47:09.922+0000] {local_task_job_runner.py:222} INFO - ::endgroup::
