[2024-09-24T18:57:07.458+0000] {local_task_job_runner.py:120} INFO - ::group::Pre task execution logs
[2024-09-24T18:57:07.472+0000] {taskinstance.py:2076} INFO - Dependencies all met for dep_context=non-requeueable deps ti=<TaskInstance: decision_tree_classifier_dag.dtc_prepare_data manual__2024-09-24T18:57:01.464129+00:00 [queued]>
[2024-09-24T18:57:07.478+0000] {taskinstance.py:2076} INFO - Dependencies all met for dep_context=requeueable deps ti=<TaskInstance: decision_tree_classifier_dag.dtc_prepare_data manual__2024-09-24T18:57:01.464129+00:00 [queued]>
[2024-09-24T18:57:07.480+0000] {taskinstance.py:2306} INFO - Starting attempt 1 of 1
[2024-09-24T18:57:07.489+0000] {taskinstance.py:2330} INFO - Executing <Task(PythonOperator): dtc_prepare_data> on 2024-09-24 18:57:01.464129+00:00
[2024-09-24T18:57:07.496+0000] {standard_task_runner.py:64} INFO - Started process 50195 to run task
[2024-09-24T18:57:07.498+0000] {standard_task_runner.py:90} INFO - Running: ['***', 'tasks', 'run', 'decision_tree_classifier_dag', 'dtc_prepare_data', 'manual__2024-09-24T18:57:01.464129+00:00', '--job-id', '501', '--raw', '--subdir', 'DAGS_FOLDER/***/dags/.ipynb_checkpoints/hw1-checkpoint.py', '--cfg-path', '/tmp/tmpe_ehhal0']
[2024-09-24T18:57:07.501+0000] {standard_task_runner.py:91} INFO - Job 501: Subtask dtc_prepare_data
[2024-09-24T18:57:07.535+0000] {task_command.py:426} INFO - Running <TaskInstance: decision_tree_classifier_dag.dtc_prepare_data manual__2024-09-24T18:57:01.464129+00:00 [running]> on host 82997fc6deb7
[2024-09-24T18:57:07.602+0000] {taskinstance.py:2648} INFO - Exporting env vars: AIRFLOW_CTX_DAG_EMAIL='alexvlg34@gmail.com' AIRFLOW_CTX_DAG_OWNER='Alex Trigolos' AIRFLOW_CTX_DAG_ID='decision_tree_classifier_dag' AIRFLOW_CTX_TASK_ID='dtc_prepare_data' AIRFLOW_CTX_EXECUTION_DATE='2024-09-24T18:57:01.464129+00:00' AIRFLOW_CTX_TRY_NUMBER='1' AIRFLOW_CTX_DAG_RUN_ID='manual__2024-09-24T18:57:01.464129+00:00'
[2024-09-24T18:57:07.604+0000] {taskinstance.py:430} INFO - ::endgroup::
[2024-09-24T18:57:07.612+0000] {hw1-checkpoint.py:115} INFO - Prepare data...
[2024-09-24T18:57:07.613+0000] {s3.py:1422} INFO - Downloading source S3 file from Bucket testmlops with path AlexTrigolos/DecisionTreeClassifier/datasets/dataset.pkl
[2024-09-24T18:57:07.622+0000] {base.py:84} INFO - Using connection ID 's3_connection' for task execution.
[2024-09-24T18:57:07.623+0000] {connection_wrapper.py:388} INFO - AWS Connection (conn_id='s3_connection', conn_type='aws') credentials retrieved from login and password.
[2024-09-24T18:57:08.040+0000] {hw1-checkpoint.py:86} INFO - /tmp/***_tmp_ltr9syj5
[2024-09-24T18:57:08.106+0000] {base.py:84} INFO - Using connection ID 's3_connection' for task execution.
[2024-09-24T18:57:08.108+0000] {connection_wrapper.py:388} INFO - AWS Connection (conn_id='s3_connection', conn_type='aws') credentials retrieved from login and password.
[2024-09-24T18:57:08.473+0000] {base.py:84} INFO - Using connection ID 's3_connection' for task execution.
[2024-09-24T18:57:08.475+0000] {connection_wrapper.py:388} INFO - AWS Connection (conn_id='s3_connection', conn_type='aws') credentials retrieved from login and password.
[2024-09-24T18:57:08.620+0000] {base.py:84} INFO - Using connection ID 's3_connection' for task execution.
[2024-09-24T18:57:08.621+0000] {connection_wrapper.py:388} INFO - AWS Connection (conn_id='s3_connection', conn_type='aws') credentials retrieved from login and password.
[2024-09-24T18:57:08.840+0000] {base.py:84} INFO - Using connection ID 's3_connection' for task execution.
[2024-09-24T18:57:08.842+0000] {connection_wrapper.py:388} INFO - AWS Connection (conn_id='s3_connection', conn_type='aws') credentials retrieved from login and password.
[2024-09-24T18:57:09.206+0000] {hw1-checkpoint.py:141} INFO - Prepared data.
[2024-09-24T18:57:09.207+0000] {python.py:237} INFO - Done. Returned value was: None
[2024-09-24T18:57:09.208+0000] {taskinstance.py:441} INFO - ::group::Post task execution logs
[2024-09-24T18:57:09.217+0000] {taskinstance.py:1206} INFO - Marking task as SUCCESS. dag_id=decision_tree_classifier_dag, task_id=dtc_prepare_data, run_id=manual__2024-09-24T18:57:01.464129+00:00, execution_date=20240924T185701, start_date=20240924T185707, end_date=20240924T185709
[2024-09-24T18:57:09.279+0000] {local_task_job_runner.py:243} INFO - Task exited with return code 0
[2024-09-24T18:57:09.301+0000] {taskinstance.py:3503} INFO - 1 downstream tasks scheduled from follow-on schedule check
[2024-09-24T18:57:09.304+0000] {local_task_job_runner.py:222} INFO - ::endgroup::
