[2024-09-25T07:21:47.339+0000] {local_task_job_runner.py:120} INFO - ::group::Pre task execution logs
[2024-09-25T07:21:47.373+0000] {taskinstance.py:2076} INFO - Dependencies all met for dep_context=non-requeueable deps ti=<TaskInstance: decision_tree_classifier_dag.dtc_prepare_data scheduled__2024-09-24T01:00:00+00:00 [queued]>
[2024-09-25T07:21:47.409+0000] {taskinstance.py:2076} INFO - Dependencies all met for dep_context=requeueable deps ti=<TaskInstance: decision_tree_classifier_dag.dtc_prepare_data scheduled__2024-09-24T01:00:00+00:00 [queued]>
[2024-09-25T07:21:47.410+0000] {taskinstance.py:2306} INFO - Starting attempt 1 of 1
[2024-09-25T07:21:47.428+0000] {taskinstance.py:2330} INFO - Executing <Task(PythonOperator): dtc_prepare_data> on 2024-09-24 01:00:00+00:00
[2024-09-25T07:21:47.438+0000] {standard_task_runner.py:64} INFO - Started process 5466 to run task
[2024-09-25T07:21:47.442+0000] {standard_task_runner.py:90} INFO - Running: ['***', 'tasks', 'run', 'decision_tree_classifier_dag', 'dtc_prepare_data', 'scheduled__2024-09-24T01:00:00+00:00', '--job-id', '583', '--raw', '--subdir', 'DAGS_FOLDER/***/dags/.ipynb_checkpoints/hw1-checkpoint.py', '--cfg-path', '/tmp/tmppr8nwbl7']
[2024-09-25T07:21:47.445+0000] {standard_task_runner.py:91} INFO - Job 583: Subtask dtc_prepare_data
[2024-09-25T07:21:47.501+0000] {task_command.py:426} INFO - Running <TaskInstance: decision_tree_classifier_dag.dtc_prepare_data scheduled__2024-09-24T01:00:00+00:00 [running]> on host 82997fc6deb7
[2024-09-25T07:21:47.613+0000] {taskinstance.py:2648} INFO - Exporting env vars: AIRFLOW_CTX_DAG_EMAIL='alexvlg34@gmail.com' AIRFLOW_CTX_DAG_OWNER='Alex Trigolos' AIRFLOW_CTX_DAG_ID='decision_tree_classifier_dag' AIRFLOW_CTX_TASK_ID='dtc_prepare_data' AIRFLOW_CTX_EXECUTION_DATE='2024-09-24T01:00:00+00:00' AIRFLOW_CTX_TRY_NUMBER='1' AIRFLOW_CTX_DAG_RUN_ID='scheduled__2024-09-24T01:00:00+00:00'
[2024-09-25T07:21:47.614+0000] {taskinstance.py:430} INFO - ::endgroup::
[2024-09-25T07:21:47.628+0000] {hw1-checkpoint.py:107} INFO - Prepare data...
[2024-09-25T07:21:47.629+0000] {s3.py:1422} INFO - Downloading source S3 file from Bucket testmlops with path AlexTrigolos/DecisionTreeClassifier/datasets/dataset.pkl
[2024-09-25T07:21:47.643+0000] {base.py:84} INFO - Using connection ID 's3_connection' for task execution.
[2024-09-25T07:21:47.644+0000] {connection_wrapper.py:388} INFO - AWS Connection (conn_id='s3_connection', conn_type='aws') credentials retrieved from login and password.
[2024-09-25T07:21:48.321+0000] {hw1-checkpoint.py:78} INFO - /tmp/***_tmp_04iqfq1a
[2024-09-25T07:21:48.416+0000] {base.py:84} INFO - Using connection ID 's3_connection' for task execution.
[2024-09-25T07:21:48.417+0000] {connection_wrapper.py:388} INFO - AWS Connection (conn_id='s3_connection', conn_type='aws') credentials retrieved from login and password.
[2024-09-25T07:21:48.993+0000] {base.py:84} INFO - Using connection ID 's3_connection' for task execution.
[2024-09-25T07:21:48.994+0000] {connection_wrapper.py:388} INFO - AWS Connection (conn_id='s3_connection', conn_type='aws') credentials retrieved from login and password.
[2024-09-25T07:21:49.258+0000] {base.py:84} INFO - Using connection ID 's3_connection' for task execution.
[2024-09-25T07:21:49.260+0000] {connection_wrapper.py:388} INFO - AWS Connection (conn_id='s3_connection', conn_type='aws') credentials retrieved from login and password.
[2024-09-25T07:21:49.491+0000] {base.py:84} INFO - Using connection ID 's3_connection' for task execution.
[2024-09-25T07:21:49.492+0000] {connection_wrapper.py:388} INFO - AWS Connection (conn_id='s3_connection', conn_type='aws') credentials retrieved from login and password.
[2024-09-25T07:21:50.040+0000] {hw1-checkpoint.py:133} INFO - Prepared data.
[2024-09-25T07:21:50.042+0000] {python.py:237} INFO - Done. Returned value was: None
[2024-09-25T07:21:50.042+0000] {taskinstance.py:441} INFO - ::group::Post task execution logs
[2024-09-25T07:21:50.055+0000] {taskinstance.py:1206} INFO - Marking task as SUCCESS. dag_id=decision_tree_classifier_dag, task_id=dtc_prepare_data, run_id=scheduled__2024-09-24T01:00:00+00:00, execution_date=20240924T010000, start_date=20240925T072147, end_date=20240925T072150
[2024-09-25T07:21:50.147+0000] {local_task_job_runner.py:243} INFO - Task exited with return code 0
[2024-09-25T07:21:50.180+0000] {taskinstance.py:3503} INFO - 1 downstream tasks scheduled from follow-on schedule check
[2024-09-25T07:21:50.182+0000] {local_task_job_runner.py:222} INFO - ::endgroup::
