[2024-09-23T11:12:51.656+0000] {local_task_job_runner.py:120} INFO - ::group::Pre task execution logs
[2024-09-23T11:12:51.682+0000] {taskinstance.py:2076} INFO - Dependencies all met for dep_context=non-requeueable deps ti=<TaskInstance: train_dag.train_model manual__2024-09-23T11:12:40.056719+00:00 [queued]>
[2024-09-23T11:12:51.695+0000] {taskinstance.py:2076} INFO - Dependencies all met for dep_context=requeueable deps ti=<TaskInstance: train_dag.train_model manual__2024-09-23T11:12:40.056719+00:00 [queued]>
[2024-09-23T11:12:51.697+0000] {taskinstance.py:2306} INFO - Starting attempt 1 of 1
[2024-09-23T11:12:51.715+0000] {taskinstance.py:2330} INFO - Executing <Task(PythonOperator): train_model> on 2024-09-23 11:12:40.056719+00:00
[2024-09-23T11:12:51.724+0000] {standard_task_runner.py:64} INFO - Started process 471 to run task
[2024-09-23T11:12:51.729+0000] {standard_task_runner.py:90} INFO - Running: ['***', 'tasks', 'run', 'train_dag', 'train_model', 'manual__2024-09-23T11:12:40.056719+00:00', '--job-id', '213', '--raw', '--subdir', 'DAGS_FOLDER/***/dags/train_dag.py', '--cfg-path', '/tmp/tmp2f33uaga']
[2024-09-23T11:12:51.733+0000] {standard_task_runner.py:91} INFO - Job 213: Subtask train_model
[2024-09-23T11:12:51.811+0000] {task_command.py:426} INFO - Running <TaskInstance: train_dag.train_model manual__2024-09-23T11:12:40.056719+00:00 [running]> on host 82997fc6deb7
[2024-09-23T11:12:51.932+0000] {taskinstance.py:2648} INFO - Exporting env vars: AIRFLOW_CTX_DAG_EMAIL='alexvlg34@gmail.com' AIRFLOW_CTX_DAG_OWNER='Alex Trigolos' AIRFLOW_CTX_DAG_ID='train_dag' AIRFLOW_CTX_TASK_ID='train_model' AIRFLOW_CTX_EXECUTION_DATE='2024-09-23T11:12:40.056719+00:00' AIRFLOW_CTX_TRY_NUMBER='1' AIRFLOW_CTX_DAG_RUN_ID='manual__2024-09-23T11:12:40.056719+00:00'
[2024-09-23T11:12:51.934+0000] {taskinstance.py:430} INFO - ::endgroup::
[2024-09-23T11:12:52.074+0000] {logging_mixin.py:188} INFO - Fitting 5 folds for each of 2 candidates, totalling 10 fits
[2024-09-23T11:12:52.267+0000] {logging_mixin.py:188} INFO - [CV] END ......................max_depth=1, n_estimators=100; total time=   0.2s
[2024-09-23T11:12:52.419+0000] {logging_mixin.py:188} INFO - [CV] END ......................max_depth=1, n_estimators=100; total time=   0.2s
[2024-09-23T11:12:52.584+0000] {logging_mixin.py:188} INFO - [CV] END ......................max_depth=1, n_estimators=100; total time=   0.2s
[2024-09-23T11:12:52.739+0000] {logging_mixin.py:188} INFO - [CV] END ......................max_depth=1, n_estimators=100; total time=   0.2s
[2024-09-23T11:12:52.904+0000] {logging_mixin.py:188} INFO - [CV] END ......................max_depth=1, n_estimators=100; total time=   0.2s
[2024-09-23T11:12:53.137+0000] {logging_mixin.py:188} INFO - [CV] END ......................max_depth=1, n_estimators=150; total time=   0.2s
[2024-09-23T11:12:53.399+0000] {logging_mixin.py:188} INFO - [CV] END ......................max_depth=1, n_estimators=150; total time=   0.3s
[2024-09-23T11:12:53.643+0000] {logging_mixin.py:188} INFO - [CV] END ......................max_depth=1, n_estimators=150; total time=   0.2s
[2024-09-23T11:12:53.871+0000] {logging_mixin.py:188} INFO - [CV] END ......................max_depth=1, n_estimators=150; total time=   0.2s
[2024-09-23T11:12:54.102+0000] {logging_mixin.py:188} INFO - [CV] END ......................max_depth=1, n_estimators=150; total time=   0.2s
[2024-09-23T11:12:54.398+0000] {python.py:237} INFO - Done. Returned value was: None
[2024-09-23T11:12:54.400+0000] {taskinstance.py:441} INFO - ::group::Post task execution logs
[2024-09-23T11:12:54.412+0000] {taskinstance.py:1206} INFO - Marking task as SUCCESS. dag_id=train_dag, task_id=train_model, run_id=manual__2024-09-23T11:12:40.056719+00:00, execution_date=20240923T111240, start_date=20240923T111251, end_date=20240923T111254
[2024-09-23T11:12:54.495+0000] {local_task_job_runner.py:243} INFO - Task exited with return code 0
[2024-09-23T11:12:54.527+0000] {taskinstance.py:3503} INFO - 1 downstream tasks scheduled from follow-on schedule check
[2024-09-23T11:12:54.533+0000] {local_task_job_runner.py:222} INFO - ::endgroup::
