[2024-09-24T18:47:00.254+0000] {local_task_job_runner.py:120} INFO - ::group::Pre task execution logs
[2024-09-24T18:47:00.270+0000] {taskinstance.py:2076} INFO - Dependencies all met for dep_context=non-requeueable deps ti=<TaskInstance: decision_tree_classifier_dag.dtc_prepare_data manual__2024-09-24T18:46:54.456252+00:00 [queued]>
[2024-09-24T18:47:00.278+0000] {taskinstance.py:2076} INFO - Dependencies all met for dep_context=requeueable deps ti=<TaskInstance: decision_tree_classifier_dag.dtc_prepare_data manual__2024-09-24T18:46:54.456252+00:00 [queued]>
[2024-09-24T18:47:00.280+0000] {taskinstance.py:2306} INFO - Starting attempt 1 of 1
[2024-09-24T18:47:00.291+0000] {taskinstance.py:2330} INFO - Executing <Task(PythonOperator): dtc_prepare_data> on 2024-09-24 18:46:54.456252+00:00
[2024-09-24T18:47:00.301+0000] {standard_task_runner.py:64} INFO - Started process 46433 to run task
[2024-09-24T18:47:00.303+0000] {standard_task_runner.py:90} INFO - Running: ['***', 'tasks', 'run', 'decision_tree_classifier_dag', 'dtc_prepare_data', 'manual__2024-09-24T18:46:54.456252+00:00', '--job-id', '452', '--raw', '--subdir', 'DAGS_FOLDER/***/dags/.ipynb_checkpoints/hw1-checkpoint.py', '--cfg-path', '/tmp/tmpc3rdjpy5']
[2024-09-24T18:47:00.305+0000] {standard_task_runner.py:91} INFO - Job 452: Subtask dtc_prepare_data
[2024-09-24T18:47:00.346+0000] {task_command.py:426} INFO - Running <TaskInstance: decision_tree_classifier_dag.dtc_prepare_data manual__2024-09-24T18:46:54.456252+00:00 [running]> on host 82997fc6deb7
[2024-09-24T18:47:00.420+0000] {taskinstance.py:2648} INFO - Exporting env vars: AIRFLOW_CTX_DAG_EMAIL='alexvlg34@gmail.com' AIRFLOW_CTX_DAG_OWNER='Alex Trigolos' AIRFLOW_CTX_DAG_ID='decision_tree_classifier_dag' AIRFLOW_CTX_TASK_ID='dtc_prepare_data' AIRFLOW_CTX_EXECUTION_DATE='2024-09-24T18:46:54.456252+00:00' AIRFLOW_CTX_TRY_NUMBER='1' AIRFLOW_CTX_DAG_RUN_ID='manual__2024-09-24T18:46:54.456252+00:00'
[2024-09-24T18:47:00.421+0000] {taskinstance.py:430} INFO - ::endgroup::
[2024-09-24T18:47:00.430+0000] {hw1-checkpoint.py:88} INFO - Prepare data...
[2024-09-24T18:47:00.431+0000] {s3.py:1422} INFO - Downloading source S3 file from Bucket testmlops with path AlexTrigolos/DecisionTreeClassifier/datasets/dataset.pkl
[2024-09-24T18:47:00.440+0000] {base.py:84} INFO - Using connection ID 's3_connection' for task execution.
[2024-09-24T18:47:00.441+0000] {connection_wrapper.py:388} INFO - AWS Connection (conn_id='s3_connection', conn_type='aws') credentials retrieved from login and password.
[2024-09-24T18:47:00.794+0000] {hw1-checkpoint.py:53} INFO - /tmp/***_tmp_f1gjcfjx
[2024-09-24T18:47:00.850+0000] {base.py:84} INFO - Using connection ID 's3_connection' for task execution.
[2024-09-24T18:47:00.850+0000] {connection_wrapper.py:388} INFO - AWS Connection (conn_id='s3_connection', conn_type='aws') credentials retrieved from login and password.
[2024-09-24T18:47:01.189+0000] {base.py:84} INFO - Using connection ID 's3_connection' for task execution.
[2024-09-24T18:47:01.190+0000] {connection_wrapper.py:388} INFO - AWS Connection (conn_id='s3_connection', conn_type='aws') credentials retrieved from login and password.
[2024-09-24T18:47:01.336+0000] {base.py:84} INFO - Using connection ID 's3_connection' for task execution.
[2024-09-24T18:47:01.337+0000] {connection_wrapper.py:388} INFO - AWS Connection (conn_id='s3_connection', conn_type='aws') credentials retrieved from login and password.
[2024-09-24T18:47:01.493+0000] {base.py:84} INFO - Using connection ID 's3_connection' for task execution.
[2024-09-24T18:47:01.494+0000] {connection_wrapper.py:388} INFO - AWS Connection (conn_id='s3_connection', conn_type='aws') credentials retrieved from login and password.
[2024-09-24T18:47:01.806+0000] {hw1-checkpoint.py:123} INFO - Prepared data.
[2024-09-24T18:47:01.807+0000] {python.py:237} INFO - Done. Returned value was: None
[2024-09-24T18:47:01.808+0000] {taskinstance.py:441} INFO - ::group::Post task execution logs
[2024-09-24T18:47:01.815+0000] {taskinstance.py:1206} INFO - Marking task as SUCCESS. dag_id=decision_tree_classifier_dag, task_id=dtc_prepare_data, run_id=manual__2024-09-24T18:46:54.456252+00:00, execution_date=20240924T184654, start_date=20240924T184700, end_date=20240924T184701
[2024-09-24T18:47:01.843+0000] {local_task_job_runner.py:243} INFO - Task exited with return code 0
[2024-09-24T18:47:01.862+0000] {taskinstance.py:3503} INFO - 1 downstream tasks scheduled from follow-on schedule check
[2024-09-24T18:47:01.865+0000] {local_task_job_runner.py:222} INFO - ::endgroup::
