[2024-10-04T06:38:46.793+0000] {local_task_job_runner.py:120} INFO - ::group::Pre task execution logs
[2024-10-04T06:38:46.808+0000] {taskinstance.py:2076} INFO - Dependencies all met for dep_context=non-requeueable deps ti=<TaskInstance: train.data_preparation scheduled__2024-10-03T01:00:00+00:00 [queued]>
[2024-10-04T06:38:46.816+0000] {taskinstance.py:2076} INFO - Dependencies all met for dep_context=requeueable deps ti=<TaskInstance: train.data_preparation scheduled__2024-10-03T01:00:00+00:00 [queued]>
[2024-10-04T06:38:46.817+0000] {taskinstance.py:2306} INFO - Starting attempt 1 of 1
[2024-10-04T06:38:46.829+0000] {taskinstance.py:2330} INFO - Executing <Task(PythonOperator): data_preparation> on 2024-10-03 01:00:00+00:00
[2024-10-04T06:38:46.837+0000] {standard_task_runner.py:64} INFO - Started process 49225 to run task
[2024-10-04T06:38:46.840+0000] {standard_task_runner.py:90} INFO - Running: ['***', 'tasks', 'run', 'train', 'data_preparation', 'scheduled__2024-10-03T01:00:00+00:00', '--job-id', '778', '--raw', '--subdir', 'DAGS_FOLDER/***/dags/.ipynb_checkpoints/1_train_dag-checkpoint.py', '--cfg-path', '/tmp/tmpltqf5hgb']
[2024-10-04T06:38:46.842+0000] {standard_task_runner.py:91} INFO - Job 778: Subtask data_preparation
[2024-10-04T06:38:46.886+0000] {task_command.py:426} INFO - Running <TaskInstance: train.data_preparation scheduled__2024-10-03T01:00:00+00:00 [running]> on host 4b5f1410d111
[2024-10-04T06:38:46.969+0000] {taskinstance.py:2648} INFO - Exporting env vars: AIRFLOW_CTX_DAG_EMAIL='alexvlg34@gmail.com' AIRFLOW_CTX_DAG_OWNER='Alex Trigolos' AIRFLOW_CTX_DAG_ID='train' AIRFLOW_CTX_TASK_ID='data_preparation' AIRFLOW_CTX_EXECUTION_DATE='2024-10-03T01:00:00+00:00' AIRFLOW_CTX_TRY_NUMBER='1' AIRFLOW_CTX_DAG_RUN_ID='scheduled__2024-10-03T01:00:00+00:00'
[2024-10-04T06:38:46.971+0000] {taskinstance.py:430} INFO - ::endgroup::
[2024-10-04T06:38:46.981+0000] {s3.py:1422} INFO - Downloading source S3 file from Bucket testmlops with path 2024/datasets/california_housing.pkl
[2024-10-04T06:38:46.993+0000] {base.py:84} INFO - Using connection ID 's3_connection' for task execution.
[2024-10-04T06:38:46.994+0000] {connection_wrapper.py:388} INFO - AWS Connection (conn_id='s3_connection', conn_type='aws') credentials retrieved from login and password.
[2024-10-04T06:38:48.048+0000] {1_train_dag-checkpoint.py:127} INFO - Data prepared.
[2024-10-04T06:38:48.051+0000] {python.py:237} INFO - Done. Returned value was: None
[2024-10-04T06:38:48.052+0000] {taskinstance.py:441} INFO - ::group::Post task execution logs
[2024-10-04T06:38:48.062+0000] {taskinstance.py:1206} INFO - Marking task as SUCCESS. dag_id=train, task_id=data_preparation, run_id=scheduled__2024-10-03T01:00:00+00:00, execution_date=20241003T010000, start_date=20241004T063846, end_date=20241004T063848
[2024-10-04T06:38:48.099+0000] {local_task_job_runner.py:243} INFO - Task exited with return code 0
[2024-10-04T06:38:48.123+0000] {taskinstance.py:3503} INFO - 1 downstream tasks scheduled from follow-on schedule check
[2024-10-04T06:38:48.126+0000] {local_task_job_runner.py:222} INFO - ::endgroup::
