[2024-10-02T19:44:57.128+0000] {local_task_job_runner.py:120} INFO - ::group::Pre task execution logs
[2024-10-02T19:44:57.147+0000] {taskinstance.py:2076} INFO - Dependencies all met for dep_context=non-requeueable deps ti=<TaskInstance: gradient_boosting_classifier_dag.gbc_prepare_data manual__2024-10-02T19:44:46.638528+00:00 [queued]>
[2024-10-02T19:44:57.157+0000] {taskinstance.py:2076} INFO - Dependencies all met for dep_context=requeueable deps ti=<TaskInstance: gradient_boosting_classifier_dag.gbc_prepare_data manual__2024-10-02T19:44:46.638528+00:00 [queued]>
[2024-10-02T19:44:57.159+0000] {taskinstance.py:2306} INFO - Starting attempt 1 of 1
[2024-10-02T19:44:57.174+0000] {taskinstance.py:2330} INFO - Executing <Task(PythonOperator): gbc_prepare_data> on 2024-10-02 19:44:46.638528+00:00
[2024-10-02T19:44:57.187+0000] {standard_task_runner.py:64} INFO - Started process 554 to run task
[2024-10-02T19:44:57.190+0000] {standard_task_runner.py:90} INFO - Running: ['***', 'tasks', 'run', 'gradient_boosting_classifier_dag', 'gbc_prepare_data', 'manual__2024-10-02T19:44:46.638528+00:00', '--job-id', '693', '--raw', '--subdir', 'DAGS_FOLDER/***/dags/.ipynb_checkpoints/hw1-checkpoint.py', '--cfg-path', '/tmp/tmpnlblkyxm']
[2024-10-02T19:44:57.194+0000] {standard_task_runner.py:91} INFO - Job 693: Subtask gbc_prepare_data
[2024-10-02T19:44:57.258+0000] {task_command.py:426} INFO - Running <TaskInstance: gradient_boosting_classifier_dag.gbc_prepare_data manual__2024-10-02T19:44:46.638528+00:00 [running]> on host 4a8028d74b4f
[2024-10-02T19:44:57.356+0000] {taskinstance.py:2648} INFO - Exporting env vars: AIRFLOW_CTX_DAG_EMAIL='alexvlg34@gmail.com' AIRFLOW_CTX_DAG_OWNER='Alex Trigolos' AIRFLOW_CTX_DAG_ID='gradient_boosting_classifier_dag' AIRFLOW_CTX_TASK_ID='gbc_prepare_data' AIRFLOW_CTX_EXECUTION_DATE='2024-10-02T19:44:46.638528+00:00' AIRFLOW_CTX_TRY_NUMBER='1' AIRFLOW_CTX_DAG_RUN_ID='manual__2024-10-02T19:44:46.638528+00:00'
[2024-10-02T19:44:57.359+0000] {taskinstance.py:430} INFO - ::endgroup::
[2024-10-02T19:44:57.374+0000] {hw1-checkpoint.py:107} INFO - Prepare data...
[2024-10-02T19:44:57.375+0000] {s3.py:1422} INFO - Downloading source S3 file from Bucket testmlops with path AlexTrigolos/GradientBoostingClassifier/datasets/dataset.pkl
[2024-10-02T19:44:57.386+0000] {base.py:84} INFO - Using connection ID 's3_connection' for task execution.
[2024-10-02T19:44:57.387+0000] {connection_wrapper.py:388} INFO - AWS Connection (conn_id='s3_connection', conn_type='aws') credentials retrieved from login and password.
[2024-10-02T19:44:57.980+0000] {hw1-checkpoint.py:78} INFO - /tmp/***_tmp_f0u_hd6z
[2024-10-02T19:44:58.087+0000] {base.py:84} INFO - Using connection ID 's3_connection' for task execution.
[2024-10-02T19:44:58.089+0000] {connection_wrapper.py:388} INFO - AWS Connection (conn_id='s3_connection', conn_type='aws') credentials retrieved from login and password.
[2024-10-02T19:44:58.660+0000] {base.py:84} INFO - Using connection ID 's3_connection' for task execution.
[2024-10-02T19:44:58.662+0000] {connection_wrapper.py:388} INFO - AWS Connection (conn_id='s3_connection', conn_type='aws') credentials retrieved from login and password.
[2024-10-02T19:44:58.911+0000] {base.py:84} INFO - Using connection ID 's3_connection' for task execution.
[2024-10-02T19:44:58.912+0000] {connection_wrapper.py:388} INFO - AWS Connection (conn_id='s3_connection', conn_type='aws') credentials retrieved from login and password.
[2024-10-02T19:44:59.184+0000] {base.py:84} INFO - Using connection ID 's3_connection' for task execution.
[2024-10-02T19:44:59.186+0000] {connection_wrapper.py:388} INFO - AWS Connection (conn_id='s3_connection', conn_type='aws') credentials retrieved from login and password.
[2024-10-02T19:44:59.679+0000] {hw1-checkpoint.py:133} INFO - Prepared data.
[2024-10-02T19:44:59.680+0000] {python.py:237} INFO - Done. Returned value was: None
[2024-10-02T19:44:59.681+0000] {taskinstance.py:441} INFO - ::group::Post task execution logs
[2024-10-02T19:44:59.694+0000] {taskinstance.py:1206} INFO - Marking task as SUCCESS. dag_id=gradient_boosting_classifier_dag, task_id=gbc_prepare_data, run_id=manual__2024-10-02T19:44:46.638528+00:00, execution_date=20241002T194446, start_date=20241002T194457, end_date=20241002T194459
[2024-10-02T19:44:59.777+0000] {local_task_job_runner.py:243} INFO - Task exited with return code 0
[2024-10-02T19:44:59.809+0000] {taskinstance.py:3503} INFO - 1 downstream tasks scheduled from follow-on schedule check
[2024-10-02T19:44:59.813+0000] {local_task_job_runner.py:222} INFO - ::endgroup::
