[2024-09-24T20:22:13.289+0000] {processor.py:161} INFO - Started process (PID=485) to work on /opt/airflow/dags/.cache/pip/http/1/c/b/f/a/1cbfaec918e5507adbde3d558502a4f1009984411c167182639fa8e9
[2024-09-24T20:22:13.291+0000] {processor.py:830} INFO - Processing file /opt/airflow/dags/.cache/pip/http/1/c/b/f/a/1cbfaec918e5507adbde3d558502a4f1009984411c167182639fa8e9 for tasks to queue
[2024-09-24T20:22:13.294+0000] {logging_mixin.py:188} INFO - [2024-09-24T20:22:13.294+0000] {dagbag.py:545} INFO - Filling up the DagBag from /opt/airflow/dags/.cache/pip/http/1/c/b/f/a/1cbfaec918e5507adbde3d558502a4f1009984411c167182639fa8e9
[2024-09-24T20:22:13.398+0000] {processor.py:842} WARNING - No viable dags retrieved from /opt/airflow/dags/.cache/pip/http/1/c/b/f/a/1cbfaec918e5507adbde3d558502a4f1009984411c167182639fa8e9
[2024-09-24T20:22:13.441+0000] {processor.py:183} INFO - Processing /opt/airflow/dags/.cache/pip/http/1/c/b/f/a/1cbfaec918e5507adbde3d558502a4f1009984411c167182639fa8e9 took 0.164 seconds
[2024-09-24T20:22:46.870+0000] {processor.py:161} INFO - Started process (PID=759) to work on /opt/airflow/dags/.cache/pip/http/1/c/b/f/a/1cbfaec918e5507adbde3d558502a4f1009984411c167182639fa8e9
[2024-09-24T20:22:46.871+0000] {processor.py:830} INFO - Processing file /opt/airflow/dags/.cache/pip/http/1/c/b/f/a/1cbfaec918e5507adbde3d558502a4f1009984411c167182639fa8e9 for tasks to queue
[2024-09-24T20:22:46.873+0000] {logging_mixin.py:188} INFO - [2024-09-24T20:22:46.873+0000] {dagbag.py:545} INFO - Filling up the DagBag from /opt/airflow/dags/.cache/pip/http/1/c/b/f/a/1cbfaec918e5507adbde3d558502a4f1009984411c167182639fa8e9
[2024-09-24T20:22:46.890+0000] {processor.py:842} WARNING - No viable dags retrieved from /opt/airflow/dags/.cache/pip/http/1/c/b/f/a/1cbfaec918e5507adbde3d558502a4f1009984411c167182639fa8e9
[2024-09-24T20:22:46.901+0000] {processor.py:183} INFO - Processing /opt/airflow/dags/.cache/pip/http/1/c/b/f/a/1cbfaec918e5507adbde3d558502a4f1009984411c167182639fa8e9 took 0.035 seconds
[2024-09-24T20:27:58.069+0000] {processor.py:161} INFO - Started process (PID=489) to work on /opt/airflow/dags/.cache/pip/http/1/c/b/f/a/1cbfaec918e5507adbde3d558502a4f1009984411c167182639fa8e9
[2024-09-24T20:27:58.070+0000] {processor.py:830} INFO - Processing file /opt/airflow/dags/.cache/pip/http/1/c/b/f/a/1cbfaec918e5507adbde3d558502a4f1009984411c167182639fa8e9 for tasks to queue
[2024-09-24T20:27:58.071+0000] {logging_mixin.py:188} INFO - [2024-09-24T20:27:58.071+0000] {dagbag.py:545} INFO - Filling up the DagBag from /opt/airflow/dags/.cache/pip/http/1/c/b/f/a/1cbfaec918e5507adbde3d558502a4f1009984411c167182639fa8e9
[2024-09-24T20:27:58.093+0000] {processor.py:842} WARNING - No viable dags retrieved from /opt/airflow/dags/.cache/pip/http/1/c/b/f/a/1cbfaec918e5507adbde3d558502a4f1009984411c167182639fa8e9
[2024-09-24T20:27:58.116+0000] {processor.py:183} INFO - Processing /opt/airflow/dags/.cache/pip/http/1/c/b/f/a/1cbfaec918e5507adbde3d558502a4f1009984411c167182639fa8e9 took 0.052 seconds
[2024-09-24T20:28:31.053+0000] {processor.py:161} INFO - Started process (PID=763) to work on /opt/airflow/dags/.cache/pip/http/1/c/b/f/a/1cbfaec918e5507adbde3d558502a4f1009984411c167182639fa8e9
[2024-09-24T20:28:31.054+0000] {processor.py:830} INFO - Processing file /opt/airflow/dags/.cache/pip/http/1/c/b/f/a/1cbfaec918e5507adbde3d558502a4f1009984411c167182639fa8e9 for tasks to queue
[2024-09-24T20:28:31.055+0000] {logging_mixin.py:188} INFO - [2024-09-24T20:28:31.055+0000] {dagbag.py:545} INFO - Filling up the DagBag from /opt/airflow/dags/.cache/pip/http/1/c/b/f/a/1cbfaec918e5507adbde3d558502a4f1009984411c167182639fa8e9
[2024-09-24T20:28:31.106+0000] {processor.py:842} WARNING - No viable dags retrieved from /opt/airflow/dags/.cache/pip/http/1/c/b/f/a/1cbfaec918e5507adbde3d558502a4f1009984411c167182639fa8e9
[2024-09-24T20:28:31.121+0000] {processor.py:183} INFO - Processing /opt/airflow/dags/.cache/pip/http/1/c/b/f/a/1cbfaec918e5507adbde3d558502a4f1009984411c167182639fa8e9 took 0.072 seconds
[2024-09-24T20:29:03.125+0000] {processor.py:161} INFO - Started process (PID=1037) to work on /opt/airflow/dags/.cache/pip/http/1/c/b/f/a/1cbfaec918e5507adbde3d558502a4f1009984411c167182639fa8e9
[2024-09-24T20:29:03.126+0000] {processor.py:830} INFO - Processing file /opt/airflow/dags/.cache/pip/http/1/c/b/f/a/1cbfaec918e5507adbde3d558502a4f1009984411c167182639fa8e9 for tasks to queue
[2024-09-24T20:29:03.127+0000] {logging_mixin.py:188} INFO - [2024-09-24T20:29:03.127+0000] {dagbag.py:545} INFO - Filling up the DagBag from /opt/airflow/dags/.cache/pip/http/1/c/b/f/a/1cbfaec918e5507adbde3d558502a4f1009984411c167182639fa8e9
[2024-09-24T20:29:03.177+0000] {processor.py:842} WARNING - No viable dags retrieved from /opt/airflow/dags/.cache/pip/http/1/c/b/f/a/1cbfaec918e5507adbde3d558502a4f1009984411c167182639fa8e9
[2024-09-24T20:29:03.197+0000] {processor.py:183} INFO - Processing /opt/airflow/dags/.cache/pip/http/1/c/b/f/a/1cbfaec918e5507adbde3d558502a4f1009984411c167182639fa8e9 took 0.076 seconds
[2024-09-24T20:29:34.793+0000] {processor.py:161} INFO - Started process (PID=1311) to work on /opt/airflow/dags/.cache/pip/http/1/c/b/f/a/1cbfaec918e5507adbde3d558502a4f1009984411c167182639fa8e9
[2024-09-24T20:29:34.794+0000] {processor.py:830} INFO - Processing file /opt/airflow/dags/.cache/pip/http/1/c/b/f/a/1cbfaec918e5507adbde3d558502a4f1009984411c167182639fa8e9 for tasks to queue
[2024-09-24T20:29:34.795+0000] {logging_mixin.py:188} INFO - [2024-09-24T20:29:34.795+0000] {dagbag.py:545} INFO - Filling up the DagBag from /opt/airflow/dags/.cache/pip/http/1/c/b/f/a/1cbfaec918e5507adbde3d558502a4f1009984411c167182639fa8e9
[2024-09-24T20:29:34.824+0000] {processor.py:842} WARNING - No viable dags retrieved from /opt/airflow/dags/.cache/pip/http/1/c/b/f/a/1cbfaec918e5507adbde3d558502a4f1009984411c167182639fa8e9
[2024-09-24T20:29:34.834+0000] {processor.py:183} INFO - Processing /opt/airflow/dags/.cache/pip/http/1/c/b/f/a/1cbfaec918e5507adbde3d558502a4f1009984411c167182639fa8e9 took 0.045 seconds
[2024-09-24T20:30:06.076+0000] {processor.py:161} INFO - Started process (PID=1585) to work on /opt/airflow/dags/.cache/pip/http/1/c/b/f/a/1cbfaec918e5507adbde3d558502a4f1009984411c167182639fa8e9
[2024-09-24T20:30:06.076+0000] {processor.py:830} INFO - Processing file /opt/airflow/dags/.cache/pip/http/1/c/b/f/a/1cbfaec918e5507adbde3d558502a4f1009984411c167182639fa8e9 for tasks to queue
[2024-09-24T20:30:06.078+0000] {logging_mixin.py:188} INFO - [2024-09-24T20:30:06.078+0000] {dagbag.py:545} INFO - Filling up the DagBag from /opt/airflow/dags/.cache/pip/http/1/c/b/f/a/1cbfaec918e5507adbde3d558502a4f1009984411c167182639fa8e9
[2024-09-24T20:30:06.096+0000] {processor.py:842} WARNING - No viable dags retrieved from /opt/airflow/dags/.cache/pip/http/1/c/b/f/a/1cbfaec918e5507adbde3d558502a4f1009984411c167182639fa8e9
[2024-09-24T20:30:06.106+0000] {processor.py:183} INFO - Processing /opt/airflow/dags/.cache/pip/http/1/c/b/f/a/1cbfaec918e5507adbde3d558502a4f1009984411c167182639fa8e9 took 0.035 seconds
[2024-09-24T20:30:38.695+0000] {processor.py:161} INFO - Started process (PID=1859) to work on /opt/airflow/dags/.cache/pip/http/1/c/b/f/a/1cbfaec918e5507adbde3d558502a4f1009984411c167182639fa8e9
[2024-09-24T20:30:38.695+0000] {processor.py:830} INFO - Processing file /opt/airflow/dags/.cache/pip/http/1/c/b/f/a/1cbfaec918e5507adbde3d558502a4f1009984411c167182639fa8e9 for tasks to queue
[2024-09-24T20:30:38.696+0000] {logging_mixin.py:188} INFO - [2024-09-24T20:30:38.696+0000] {dagbag.py:545} INFO - Filling up the DagBag from /opt/airflow/dags/.cache/pip/http/1/c/b/f/a/1cbfaec918e5507adbde3d558502a4f1009984411c167182639fa8e9
[2024-09-24T20:30:38.711+0000] {processor.py:842} WARNING - No viable dags retrieved from /opt/airflow/dags/.cache/pip/http/1/c/b/f/a/1cbfaec918e5507adbde3d558502a4f1009984411c167182639fa8e9
[2024-09-24T20:30:38.721+0000] {processor.py:183} INFO - Processing /opt/airflow/dags/.cache/pip/http/1/c/b/f/a/1cbfaec918e5507adbde3d558502a4f1009984411c167182639fa8e9 took 0.030 seconds
[2024-09-24T20:31:11.130+0000] {processor.py:161} INFO - Started process (PID=2133) to work on /opt/airflow/dags/.cache/pip/http/1/c/b/f/a/1cbfaec918e5507adbde3d558502a4f1009984411c167182639fa8e9
[2024-09-24T20:31:11.131+0000] {processor.py:830} INFO - Processing file /opt/airflow/dags/.cache/pip/http/1/c/b/f/a/1cbfaec918e5507adbde3d558502a4f1009984411c167182639fa8e9 for tasks to queue
[2024-09-24T20:31:11.133+0000] {logging_mixin.py:188} INFO - [2024-09-24T20:31:11.133+0000] {dagbag.py:545} INFO - Filling up the DagBag from /opt/airflow/dags/.cache/pip/http/1/c/b/f/a/1cbfaec918e5507adbde3d558502a4f1009984411c167182639fa8e9
[2024-09-24T20:31:11.149+0000] {processor.py:842} WARNING - No viable dags retrieved from /opt/airflow/dags/.cache/pip/http/1/c/b/f/a/1cbfaec918e5507adbde3d558502a4f1009984411c167182639fa8e9
[2024-09-24T20:31:11.161+0000] {processor.py:183} INFO - Processing /opt/airflow/dags/.cache/pip/http/1/c/b/f/a/1cbfaec918e5507adbde3d558502a4f1009984411c167182639fa8e9 took 0.040 seconds
[2024-09-24T20:31:42.936+0000] {processor.py:161} INFO - Started process (PID=2406) to work on /opt/airflow/dags/.cache/pip/http/1/c/b/f/a/1cbfaec918e5507adbde3d558502a4f1009984411c167182639fa8e9
[2024-09-24T20:31:42.939+0000] {processor.py:830} INFO - Processing file /opt/airflow/dags/.cache/pip/http/1/c/b/f/a/1cbfaec918e5507adbde3d558502a4f1009984411c167182639fa8e9 for tasks to queue
[2024-09-24T20:31:42.940+0000] {logging_mixin.py:188} INFO - [2024-09-24T20:31:42.940+0000] {dagbag.py:545} INFO - Filling up the DagBag from /opt/airflow/dags/.cache/pip/http/1/c/b/f/a/1cbfaec918e5507adbde3d558502a4f1009984411c167182639fa8e9
[2024-09-24T20:31:42.994+0000] {processor.py:842} WARNING - No viable dags retrieved from /opt/airflow/dags/.cache/pip/http/1/c/b/f/a/1cbfaec918e5507adbde3d558502a4f1009984411c167182639fa8e9
[2024-09-24T20:31:43.011+0000] {processor.py:183} INFO - Processing /opt/airflow/dags/.cache/pip/http/1/c/b/f/a/1cbfaec918e5507adbde3d558502a4f1009984411c167182639fa8e9 took 0.083 seconds
[2024-09-24T20:32:29.108+0000] {processor.py:161} INFO - Started process (PID=2686) to work on /opt/airflow/dags/.cache/pip/http/1/c/b/f/a/1cbfaec918e5507adbde3d558502a4f1009984411c167182639fa8e9
[2024-09-24T20:32:29.109+0000] {processor.py:830} INFO - Processing file /opt/airflow/dags/.cache/pip/http/1/c/b/f/a/1cbfaec918e5507adbde3d558502a4f1009984411c167182639fa8e9 for tasks to queue
[2024-09-24T20:32:29.110+0000] {logging_mixin.py:188} INFO - [2024-09-24T20:32:29.110+0000] {dagbag.py:545} INFO - Filling up the DagBag from /opt/airflow/dags/.cache/pip/http/1/c/b/f/a/1cbfaec918e5507adbde3d558502a4f1009984411c167182639fa8e9
[2024-09-24T20:32:29.129+0000] {processor.py:842} WARNING - No viable dags retrieved from /opt/airflow/dags/.cache/pip/http/1/c/b/f/a/1cbfaec918e5507adbde3d558502a4f1009984411c167182639fa8e9
[2024-09-24T20:32:29.142+0000] {processor.py:183} INFO - Processing /opt/airflow/dags/.cache/pip/http/1/c/b/f/a/1cbfaec918e5507adbde3d558502a4f1009984411c167182639fa8e9 took 0.038 seconds
