[2024-10-03T08:42:01.887+0000] {processor.py:161} INFO - Started process (PID=328) to work on /opt/airflow/dags/.cache/pip/http/f/7/4/e/a/f74eaed83de0e8e6f39014b2785bb28a323f597aafd22d67da1043cc
[2024-10-03T08:42:01.888+0000] {processor.py:830} INFO - Processing file /opt/airflow/dags/.cache/pip/http/f/7/4/e/a/f74eaed83de0e8e6f39014b2785bb28a323f597aafd22d67da1043cc for tasks to queue
[2024-10-03T08:42:01.890+0000] {logging_mixin.py:188} INFO - [2024-10-03T08:42:01.890+0000] {dagbag.py:545} INFO - Filling up the DagBag from /opt/airflow/dags/.cache/pip/http/f/7/4/e/a/f74eaed83de0e8e6f39014b2785bb28a323f597aafd22d67da1043cc
[2024-10-03T08:42:01.944+0000] {processor.py:842} WARNING - No viable dags retrieved from /opt/airflow/dags/.cache/pip/http/f/7/4/e/a/f74eaed83de0e8e6f39014b2785bb28a323f597aafd22d67da1043cc
[2024-10-03T08:42:01.956+0000] {processor.py:183} INFO - Processing /opt/airflow/dags/.cache/pip/http/f/7/4/e/a/f74eaed83de0e8e6f39014b2785bb28a323f597aafd22d67da1043cc took 0.073 seconds
[2024-10-03T08:42:35.156+0000] {processor.py:161} INFO - Started process (PID=570) to work on /opt/airflow/dags/.cache/pip/http/f/7/4/e/a/f74eaed83de0e8e6f39014b2785bb28a323f597aafd22d67da1043cc
[2024-10-03T08:42:35.158+0000] {processor.py:830} INFO - Processing file /opt/airflow/dags/.cache/pip/http/f/7/4/e/a/f74eaed83de0e8e6f39014b2785bb28a323f597aafd22d67da1043cc for tasks to queue
[2024-10-03T08:42:35.161+0000] {logging_mixin.py:188} INFO - [2024-10-03T08:42:35.160+0000] {dagbag.py:545} INFO - Filling up the DagBag from /opt/airflow/dags/.cache/pip/http/f/7/4/e/a/f74eaed83de0e8e6f39014b2785bb28a323f597aafd22d67da1043cc
[2024-10-03T08:42:35.258+0000] {processor.py:842} WARNING - No viable dags retrieved from /opt/airflow/dags/.cache/pip/http/f/7/4/e/a/f74eaed83de0e8e6f39014b2785bb28a323f597aafd22d67da1043cc
[2024-10-03T08:42:35.276+0000] {processor.py:183} INFO - Processing /opt/airflow/dags/.cache/pip/http/f/7/4/e/a/f74eaed83de0e8e6f39014b2785bb28a323f597aafd22d67da1043cc took 0.128 seconds
[2024-10-03T08:43:07.895+0000] {processor.py:161} INFO - Started process (PID=812) to work on /opt/airflow/dags/.cache/pip/http/f/7/4/e/a/f74eaed83de0e8e6f39014b2785bb28a323f597aafd22d67da1043cc
[2024-10-03T08:43:07.897+0000] {processor.py:830} INFO - Processing file /opt/airflow/dags/.cache/pip/http/f/7/4/e/a/f74eaed83de0e8e6f39014b2785bb28a323f597aafd22d67da1043cc for tasks to queue
[2024-10-03T08:43:07.900+0000] {logging_mixin.py:188} INFO - [2024-10-03T08:43:07.899+0000] {dagbag.py:545} INFO - Filling up the DagBag from /opt/airflow/dags/.cache/pip/http/f/7/4/e/a/f74eaed83de0e8e6f39014b2785bb28a323f597aafd22d67da1043cc
[2024-10-03T08:43:07.932+0000] {processor.py:842} WARNING - No viable dags retrieved from /opt/airflow/dags/.cache/pip/http/f/7/4/e/a/f74eaed83de0e8e6f39014b2785bb28a323f597aafd22d67da1043cc
[2024-10-03T08:43:07.954+0000] {processor.py:183} INFO - Processing /opt/airflow/dags/.cache/pip/http/f/7/4/e/a/f74eaed83de0e8e6f39014b2785bb28a323f597aafd22d67da1043cc took 0.071 seconds
[2024-10-03T08:43:40.073+0000] {processor.py:161} INFO - Started process (PID=1028) to work on /opt/airflow/dags/.cache/pip/http/f/7/4/e/a/f74eaed83de0e8e6f39014b2785bb28a323f597aafd22d67da1043cc
[2024-10-03T08:43:40.074+0000] {processor.py:830} INFO - Processing file /opt/airflow/dags/.cache/pip/http/f/7/4/e/a/f74eaed83de0e8e6f39014b2785bb28a323f597aafd22d67da1043cc for tasks to queue
[2024-10-03T08:43:40.087+0000] {logging_mixin.py:188} INFO - [2024-10-03T08:43:40.087+0000] {dagbag.py:545} INFO - Filling up the DagBag from /opt/airflow/dags/.cache/pip/http/f/7/4/e/a/f74eaed83de0e8e6f39014b2785bb28a323f597aafd22d67da1043cc
[2024-10-03T08:43:40.152+0000] {processor.py:842} WARNING - No viable dags retrieved from /opt/airflow/dags/.cache/pip/http/f/7/4/e/a/f74eaed83de0e8e6f39014b2785bb28a323f597aafd22d67da1043cc
[2024-10-03T08:43:40.164+0000] {processor.py:183} INFO - Processing /opt/airflow/dags/.cache/pip/http/f/7/4/e/a/f74eaed83de0e8e6f39014b2785bb28a323f597aafd22d67da1043cc took 0.095 seconds
[2024-10-03T08:44:11.472+0000] {processor.py:161} INFO - Started process (PID=1270) to work on /opt/airflow/dags/.cache/pip/http/f/7/4/e/a/f74eaed83de0e8e6f39014b2785bb28a323f597aafd22d67da1043cc
[2024-10-03T08:44:11.473+0000] {processor.py:830} INFO - Processing file /opt/airflow/dags/.cache/pip/http/f/7/4/e/a/f74eaed83de0e8e6f39014b2785bb28a323f597aafd22d67da1043cc for tasks to queue
[2024-10-03T08:44:11.475+0000] {logging_mixin.py:188} INFO - [2024-10-03T08:44:11.474+0000] {dagbag.py:545} INFO - Filling up the DagBag from /opt/airflow/dags/.cache/pip/http/f/7/4/e/a/f74eaed83de0e8e6f39014b2785bb28a323f597aafd22d67da1043cc
[2024-10-03T08:44:11.501+0000] {processor.py:842} WARNING - No viable dags retrieved from /opt/airflow/dags/.cache/pip/http/f/7/4/e/a/f74eaed83de0e8e6f39014b2785bb28a323f597aafd22d67da1043cc
[2024-10-03T08:44:11.513+0000] {processor.py:183} INFO - Processing /opt/airflow/dags/.cache/pip/http/f/7/4/e/a/f74eaed83de0e8e6f39014b2785bb28a323f597aafd22d67da1043cc took 0.044 seconds
[2024-10-03T08:44:43.534+0000] {processor.py:161} INFO - Started process (PID=1512) to work on /opt/airflow/dags/.cache/pip/http/f/7/4/e/a/f74eaed83de0e8e6f39014b2785bb28a323f597aafd22d67da1043cc
[2024-10-03T08:44:43.536+0000] {processor.py:830} INFO - Processing file /opt/airflow/dags/.cache/pip/http/f/7/4/e/a/f74eaed83de0e8e6f39014b2785bb28a323f597aafd22d67da1043cc for tasks to queue
[2024-10-03T08:44:43.539+0000] {logging_mixin.py:188} INFO - [2024-10-03T08:44:43.538+0000] {dagbag.py:545} INFO - Filling up the DagBag from /opt/airflow/dags/.cache/pip/http/f/7/4/e/a/f74eaed83de0e8e6f39014b2785bb28a323f597aafd22d67da1043cc
[2024-10-03T08:44:43.556+0000] {processor.py:842} WARNING - No viable dags retrieved from /opt/airflow/dags/.cache/pip/http/f/7/4/e/a/f74eaed83de0e8e6f39014b2785bb28a323f597aafd22d67da1043cc
[2024-10-03T08:44:43.576+0000] {processor.py:183} INFO - Processing /opt/airflow/dags/.cache/pip/http/f/7/4/e/a/f74eaed83de0e8e6f39014b2785bb28a323f597aafd22d67da1043cc took 0.055 seconds
[2024-10-03T08:45:18.108+0000] {processor.py:161} INFO - Started process (PID=1760) to work on /opt/airflow/dags/.cache/pip/http/f/7/4/e/a/f74eaed83de0e8e6f39014b2785bb28a323f597aafd22d67da1043cc
[2024-10-03T08:45:18.111+0000] {processor.py:830} INFO - Processing file /opt/airflow/dags/.cache/pip/http/f/7/4/e/a/f74eaed83de0e8e6f39014b2785bb28a323f597aafd22d67da1043cc for tasks to queue
[2024-10-03T08:45:18.114+0000] {logging_mixin.py:188} INFO - [2024-10-03T08:45:18.113+0000] {dagbag.py:545} INFO - Filling up the DagBag from /opt/airflow/dags/.cache/pip/http/f/7/4/e/a/f74eaed83de0e8e6f39014b2785bb28a323f597aafd22d67da1043cc
[2024-10-03T08:45:18.171+0000] {processor.py:842} WARNING - No viable dags retrieved from /opt/airflow/dags/.cache/pip/http/f/7/4/e/a/f74eaed83de0e8e6f39014b2785bb28a323f597aafd22d67da1043cc
[2024-10-03T08:45:18.194+0000] {processor.py:183} INFO - Processing /opt/airflow/dags/.cache/pip/http/f/7/4/e/a/f74eaed83de0e8e6f39014b2785bb28a323f597aafd22d67da1043cc took 0.098 seconds
[2024-10-03T08:45:50.081+0000] {processor.py:161} INFO - Started process (PID=2003) to work on /opt/airflow/dags/.cache/pip/http/f/7/4/e/a/f74eaed83de0e8e6f39014b2785bb28a323f597aafd22d67da1043cc
[2024-10-03T08:45:50.083+0000] {processor.py:830} INFO - Processing file /opt/airflow/dags/.cache/pip/http/f/7/4/e/a/f74eaed83de0e8e6f39014b2785bb28a323f597aafd22d67da1043cc for tasks to queue
[2024-10-03T08:45:50.086+0000] {logging_mixin.py:188} INFO - [2024-10-03T08:45:50.086+0000] {dagbag.py:545} INFO - Filling up the DagBag from /opt/airflow/dags/.cache/pip/http/f/7/4/e/a/f74eaed83de0e8e6f39014b2785bb28a323f597aafd22d67da1043cc
[2024-10-03T08:45:50.114+0000] {processor.py:842} WARNING - No viable dags retrieved from /opt/airflow/dags/.cache/pip/http/f/7/4/e/a/f74eaed83de0e8e6f39014b2785bb28a323f597aafd22d67da1043cc
[2024-10-03T08:45:50.135+0000] {processor.py:183} INFO - Processing /opt/airflow/dags/.cache/pip/http/f/7/4/e/a/f74eaed83de0e8e6f39014b2785bb28a323f597aafd22d67da1043cc took 0.064 seconds
[2024-10-03T08:46:22.063+0000] {processor.py:161} INFO - Started process (PID=2243) to work on /opt/airflow/dags/.cache/pip/http/f/7/4/e/a/f74eaed83de0e8e6f39014b2785bb28a323f597aafd22d67da1043cc
[2024-10-03T08:46:22.069+0000] {processor.py:830} INFO - Processing file /opt/airflow/dags/.cache/pip/http/f/7/4/e/a/f74eaed83de0e8e6f39014b2785bb28a323f597aafd22d67da1043cc for tasks to queue
[2024-10-03T08:46:22.071+0000] {logging_mixin.py:188} INFO - [2024-10-03T08:46:22.070+0000] {dagbag.py:545} INFO - Filling up the DagBag from /opt/airflow/dags/.cache/pip/http/f/7/4/e/a/f74eaed83de0e8e6f39014b2785bb28a323f597aafd22d67da1043cc
[2024-10-03T08:46:22.093+0000] {processor.py:842} WARNING - No viable dags retrieved from /opt/airflow/dags/.cache/pip/http/f/7/4/e/a/f74eaed83de0e8e6f39014b2785bb28a323f597aafd22d67da1043cc
[2024-10-03T08:46:22.113+0000] {processor.py:183} INFO - Processing /opt/airflow/dags/.cache/pip/http/f/7/4/e/a/f74eaed83de0e8e6f39014b2785bb28a323f597aafd22d67da1043cc took 0.059 seconds
[2024-10-03T08:47:12.030+0000] {processor.py:161} INFO - Started process (PID=2512) to work on /opt/airflow/dags/.cache/pip/http/f/7/4/e/a/f74eaed83de0e8e6f39014b2785bb28a323f597aafd22d67da1043cc
[2024-10-03T08:47:12.033+0000] {processor.py:830} INFO - Processing file /opt/airflow/dags/.cache/pip/http/f/7/4/e/a/f74eaed83de0e8e6f39014b2785bb28a323f597aafd22d67da1043cc for tasks to queue
[2024-10-03T08:47:12.038+0000] {logging_mixin.py:188} INFO - [2024-10-03T08:47:12.037+0000] {dagbag.py:545} INFO - Filling up the DagBag from /opt/airflow/dags/.cache/pip/http/f/7/4/e/a/f74eaed83de0e8e6f39014b2785bb28a323f597aafd22d67da1043cc
[2024-10-03T08:47:12.077+0000] {processor.py:842} WARNING - No viable dags retrieved from /opt/airflow/dags/.cache/pip/http/f/7/4/e/a/f74eaed83de0e8e6f39014b2785bb28a323f597aafd22d67da1043cc
[2024-10-03T08:47:12.103+0000] {processor.py:183} INFO - Processing /opt/airflow/dags/.cache/pip/http/f/7/4/e/a/f74eaed83de0e8e6f39014b2785bb28a323f597aafd22d67da1043cc took 0.086 seconds
[2024-10-03T08:47:45.875+0000] {processor.py:161} INFO - Started process (PID=2756) to work on /opt/airflow/dags/.cache/pip/http/f/7/4/e/a/f74eaed83de0e8e6f39014b2785bb28a323f597aafd22d67da1043cc
[2024-10-03T08:47:45.877+0000] {processor.py:830} INFO - Processing file /opt/airflow/dags/.cache/pip/http/f/7/4/e/a/f74eaed83de0e8e6f39014b2785bb28a323f597aafd22d67da1043cc for tasks to queue
[2024-10-03T08:47:45.880+0000] {logging_mixin.py:188} INFO - [2024-10-03T08:47:45.880+0000] {dagbag.py:545} INFO - Filling up the DagBag from /opt/airflow/dags/.cache/pip/http/f/7/4/e/a/f74eaed83de0e8e6f39014b2785bb28a323f597aafd22d67da1043cc
[2024-10-03T08:47:45.922+0000] {processor.py:842} WARNING - No viable dags retrieved from /opt/airflow/dags/.cache/pip/http/f/7/4/e/a/f74eaed83de0e8e6f39014b2785bb28a323f597aafd22d67da1043cc
[2024-10-03T08:47:45.944+0000] {processor.py:183} INFO - Processing /opt/airflow/dags/.cache/pip/http/f/7/4/e/a/f74eaed83de0e8e6f39014b2785bb28a323f597aafd22d67da1043cc took 0.079 seconds
[2024-10-03T08:48:19.122+0000] {processor.py:161} INFO - Started process (PID=3004) to work on /opt/airflow/dags/.cache/pip/http/f/7/4/e/a/f74eaed83de0e8e6f39014b2785bb28a323f597aafd22d67da1043cc
[2024-10-03T08:48:19.124+0000] {processor.py:830} INFO - Processing file /opt/airflow/dags/.cache/pip/http/f/7/4/e/a/f74eaed83de0e8e6f39014b2785bb28a323f597aafd22d67da1043cc for tasks to queue
[2024-10-03T08:48:19.127+0000] {logging_mixin.py:188} INFO - [2024-10-03T08:48:19.127+0000] {dagbag.py:545} INFO - Filling up the DagBag from /opt/airflow/dags/.cache/pip/http/f/7/4/e/a/f74eaed83de0e8e6f39014b2785bb28a323f597aafd22d67da1043cc
[2024-10-03T08:48:19.203+0000] {processor.py:842} WARNING - No viable dags retrieved from /opt/airflow/dags/.cache/pip/http/f/7/4/e/a/f74eaed83de0e8e6f39014b2785bb28a323f597aafd22d67da1043cc
[2024-10-03T08:48:19.231+0000] {processor.py:183} INFO - Processing /opt/airflow/dags/.cache/pip/http/f/7/4/e/a/f74eaed83de0e8e6f39014b2785bb28a323f597aafd22d67da1043cc took 0.120 seconds
[2024-10-03T08:48:51.015+0000] {processor.py:161} INFO - Started process (PID=3246) to work on /opt/airflow/dags/.cache/pip/http/f/7/4/e/a/f74eaed83de0e8e6f39014b2785bb28a323f597aafd22d67da1043cc
[2024-10-03T08:48:51.016+0000] {processor.py:830} INFO - Processing file /opt/airflow/dags/.cache/pip/http/f/7/4/e/a/f74eaed83de0e8e6f39014b2785bb28a323f597aafd22d67da1043cc for tasks to queue
[2024-10-03T08:48:51.017+0000] {logging_mixin.py:188} INFO - [2024-10-03T08:48:51.017+0000] {dagbag.py:545} INFO - Filling up the DagBag from /opt/airflow/dags/.cache/pip/http/f/7/4/e/a/f74eaed83de0e8e6f39014b2785bb28a323f597aafd22d67da1043cc
[2024-10-03T08:48:51.036+0000] {processor.py:842} WARNING - No viable dags retrieved from /opt/airflow/dags/.cache/pip/http/f/7/4/e/a/f74eaed83de0e8e6f39014b2785bb28a323f597aafd22d67da1043cc
[2024-10-03T08:48:51.047+0000] {processor.py:183} INFO - Processing /opt/airflow/dags/.cache/pip/http/f/7/4/e/a/f74eaed83de0e8e6f39014b2785bb28a323f597aafd22d67da1043cc took 0.036 seconds
[2024-10-03T08:49:22.765+0000] {processor.py:161} INFO - Started process (PID=3486) to work on /opt/airflow/dags/.cache/pip/http/f/7/4/e/a/f74eaed83de0e8e6f39014b2785bb28a323f597aafd22d67da1043cc
[2024-10-03T08:49:22.766+0000] {processor.py:830} INFO - Processing file /opt/airflow/dags/.cache/pip/http/f/7/4/e/a/f74eaed83de0e8e6f39014b2785bb28a323f597aafd22d67da1043cc for tasks to queue
[2024-10-03T08:49:22.768+0000] {logging_mixin.py:188} INFO - [2024-10-03T08:49:22.768+0000] {dagbag.py:545} INFO - Filling up the DagBag from /opt/airflow/dags/.cache/pip/http/f/7/4/e/a/f74eaed83de0e8e6f39014b2785bb28a323f597aafd22d67da1043cc
[2024-10-03T08:49:22.791+0000] {processor.py:842} WARNING - No viable dags retrieved from /opt/airflow/dags/.cache/pip/http/f/7/4/e/a/f74eaed83de0e8e6f39014b2785bb28a323f597aafd22d67da1043cc
[2024-10-03T08:49:22.803+0000] {processor.py:183} INFO - Processing /opt/airflow/dags/.cache/pip/http/f/7/4/e/a/f74eaed83de0e8e6f39014b2785bb28a323f597aafd22d67da1043cc took 0.044 seconds
[2024-10-03T08:49:56.346+0000] {processor.py:161} INFO - Started process (PID=3729) to work on /opt/airflow/dags/.cache/pip/http/f/7/4/e/a/f74eaed83de0e8e6f39014b2785bb28a323f597aafd22d67da1043cc
[2024-10-03T08:49:56.347+0000] {processor.py:830} INFO - Processing file /opt/airflow/dags/.cache/pip/http/f/7/4/e/a/f74eaed83de0e8e6f39014b2785bb28a323f597aafd22d67da1043cc for tasks to queue
[2024-10-03T08:49:56.350+0000] {logging_mixin.py:188} INFO - [2024-10-03T08:49:56.349+0000] {dagbag.py:545} INFO - Filling up the DagBag from /opt/airflow/dags/.cache/pip/http/f/7/4/e/a/f74eaed83de0e8e6f39014b2785bb28a323f597aafd22d67da1043cc
[2024-10-03T08:49:56.389+0000] {processor.py:842} WARNING - No viable dags retrieved from /opt/airflow/dags/.cache/pip/http/f/7/4/e/a/f74eaed83de0e8e6f39014b2785bb28a323f597aafd22d67da1043cc
[2024-10-03T08:49:56.399+0000] {processor.py:183} INFO - Processing /opt/airflow/dags/.cache/pip/http/f/7/4/e/a/f74eaed83de0e8e6f39014b2785bb28a323f597aafd22d67da1043cc took 0.058 seconds
[2024-10-03T08:50:28.203+0000] {processor.py:161} INFO - Started process (PID=3971) to work on /opt/airflow/dags/.cache/pip/http/f/7/4/e/a/f74eaed83de0e8e6f39014b2785bb28a323f597aafd22d67da1043cc
[2024-10-03T08:50:28.204+0000] {processor.py:830} INFO - Processing file /opt/airflow/dags/.cache/pip/http/f/7/4/e/a/f74eaed83de0e8e6f39014b2785bb28a323f597aafd22d67da1043cc for tasks to queue
[2024-10-03T08:50:28.206+0000] {logging_mixin.py:188} INFO - [2024-10-03T08:50:28.206+0000] {dagbag.py:545} INFO - Filling up the DagBag from /opt/airflow/dags/.cache/pip/http/f/7/4/e/a/f74eaed83de0e8e6f39014b2785bb28a323f597aafd22d67da1043cc
[2024-10-03T08:50:28.251+0000] {processor.py:842} WARNING - No viable dags retrieved from /opt/airflow/dags/.cache/pip/http/f/7/4/e/a/f74eaed83de0e8e6f39014b2785bb28a323f597aafd22d67da1043cc
[2024-10-03T08:50:28.268+0000] {processor.py:183} INFO - Processing /opt/airflow/dags/.cache/pip/http/f/7/4/e/a/f74eaed83de0e8e6f39014b2785bb28a323f597aafd22d67da1043cc took 0.071 seconds
[2024-10-03T08:56:30.633+0000] {processor.py:161} INFO - Started process (PID=4359) to work on /opt/airflow/dags/.cache/pip/http/f/7/4/e/a/f74eaed83de0e8e6f39014b2785bb28a323f597aafd22d67da1043cc
[2024-10-03T08:56:30.634+0000] {processor.py:830} INFO - Processing file /opt/airflow/dags/.cache/pip/http/f/7/4/e/a/f74eaed83de0e8e6f39014b2785bb28a323f597aafd22d67da1043cc for tasks to queue
[2024-10-03T08:56:30.635+0000] {logging_mixin.py:188} INFO - [2024-10-03T08:56:30.635+0000] {dagbag.py:545} INFO - Filling up the DagBag from /opt/airflow/dags/.cache/pip/http/f/7/4/e/a/f74eaed83de0e8e6f39014b2785bb28a323f597aafd22d67da1043cc
[2024-10-03T08:56:30.659+0000] {processor.py:842} WARNING - No viable dags retrieved from /opt/airflow/dags/.cache/pip/http/f/7/4/e/a/f74eaed83de0e8e6f39014b2785bb28a323f597aafd22d67da1043cc
[2024-10-03T08:56:30.673+0000] {processor.py:183} INFO - Processing /opt/airflow/dags/.cache/pip/http/f/7/4/e/a/f74eaed83de0e8e6f39014b2785bb28a323f597aafd22d67da1043cc took 0.045 seconds
[2024-10-03T08:57:02.717+0000] {processor.py:161} INFO - Started process (PID=4611) to work on /opt/airflow/dags/.cache/pip/http/f/7/4/e/a/f74eaed83de0e8e6f39014b2785bb28a323f597aafd22d67da1043cc
[2024-10-03T08:57:02.718+0000] {processor.py:830} INFO - Processing file /opt/airflow/dags/.cache/pip/http/f/7/4/e/a/f74eaed83de0e8e6f39014b2785bb28a323f597aafd22d67da1043cc for tasks to queue
[2024-10-03T08:57:02.720+0000] {logging_mixin.py:188} INFO - [2024-10-03T08:57:02.719+0000] {dagbag.py:545} INFO - Filling up the DagBag from /opt/airflow/dags/.cache/pip/http/f/7/4/e/a/f74eaed83de0e8e6f39014b2785bb28a323f597aafd22d67da1043cc
[2024-10-03T08:57:02.752+0000] {processor.py:842} WARNING - No viable dags retrieved from /opt/airflow/dags/.cache/pip/http/f/7/4/e/a/f74eaed83de0e8e6f39014b2785bb28a323f597aafd22d67da1043cc
[2024-10-03T08:57:02.768+0000] {processor.py:183} INFO - Processing /opt/airflow/dags/.cache/pip/http/f/7/4/e/a/f74eaed83de0e8e6f39014b2785bb28a323f597aafd22d67da1043cc took 0.061 seconds
