[2024-10-04T13:48:34.377+0000] {local_task_job_runner.py:120} INFO - ::group::Pre task execution logs
[2024-10-04T13:48:34.394+0000] {taskinstance.py:2076} INFO - Dependencies all met for dep_context=non-requeueable deps ti=<TaskInstance: Alex_Trigolos.task_prepare_data manual__2024-10-04T13:48:27.277064+00:00 [queued]>
[2024-10-04T13:48:34.402+0000] {taskinstance.py:2076} INFO - Dependencies all met for dep_context=requeueable deps ti=<TaskInstance: Alex_Trigolos.task_prepare_data manual__2024-10-04T13:48:27.277064+00:00 [queued]>
[2024-10-04T13:48:34.403+0000] {taskinstance.py:2306} INFO - Starting attempt 1 of 1
[2024-10-04T13:48:34.416+0000] {taskinstance.py:2330} INFO - Executing <Task(PythonOperator): task_prepare_data> on 2024-10-04 13:48:27.277064+00:00
[2024-10-04T13:48:34.425+0000] {standard_task_runner.py:64} INFO - Started process 93967 to run task
[2024-10-04T13:48:34.428+0000] {standard_task_runner.py:90} INFO - Running: ['***', 'tasks', 'run', 'Alex_Trigolos', 'task_prepare_data', 'manual__2024-10-04T13:48:27.277064+00:00', '--job-id', '892', '--raw', '--subdir', 'DAGS_FOLDER/***/dags/.ipynb_checkpoints/project-checkpoint.py', '--cfg-path', '/tmp/tmpprvkt0jh']
[2024-10-04T13:48:34.431+0000] {standard_task_runner.py:91} INFO - Job 892: Subtask task_prepare_data
[2024-10-04T13:48:34.474+0000] {task_command.py:426} INFO - Running <TaskInstance: Alex_Trigolos.task_prepare_data manual__2024-10-04T13:48:27.277064+00:00 [running]> on host 4b5f1410d111
[2024-10-04T13:48:34.551+0000] {taskinstance.py:2648} INFO - Exporting env vars: AIRFLOW_CTX_DAG_EMAIL='alexvlg34@gmail.com' AIRFLOW_CTX_DAG_OWNER='Alex Trigolos' AIRFLOW_CTX_DAG_ID='Alex_Trigolos' AIRFLOW_CTX_TASK_ID='task_prepare_data' AIRFLOW_CTX_EXECUTION_DATE='2024-10-04T13:48:27.277064+00:00' AIRFLOW_CTX_TRY_NUMBER='1' AIRFLOW_CTX_DAG_RUN_ID='manual__2024-10-04T13:48:27.277064+00:00'
[2024-10-04T13:48:34.552+0000] {taskinstance.py:430} INFO - ::endgroup::
[2024-10-04T13:48:34.564+0000] {project-checkpoint.py:137} INFO - Prepare data...
[2024-10-04T13:48:34.565+0000] {s3.py:1422} INFO - Downloading source S3 file from Bucket testmlops with path AlexTrigolos/project/datasets/dataset.pkl
[2024-10-04T13:48:34.575+0000] {base.py:84} INFO - Using connection ID 's3_connection' for task execution.
[2024-10-04T13:48:34.576+0000] {connection_wrapper.py:388} INFO - AWS Connection (conn_id='s3_connection', conn_type='aws') credentials retrieved from login and password.
[2024-10-04T13:48:34.821+0000] {project-checkpoint.py:95} INFO - /tmp/***_tmp_hkptfozy
[2024-10-04T13:48:34.888+0000] {base.py:84} INFO - Using connection ID 's3_connection' for task execution.
[2024-10-04T13:48:34.889+0000] {connection_wrapper.py:388} INFO - AWS Connection (conn_id='s3_connection', conn_type='aws') credentials retrieved from login and password.
[2024-10-04T13:48:35.274+0000] {base.py:84} INFO - Using connection ID 's3_connection' for task execution.
[2024-10-04T13:48:35.274+0000] {connection_wrapper.py:388} INFO - AWS Connection (conn_id='s3_connection', conn_type='aws') credentials retrieved from login and password.
[2024-10-04T13:48:35.652+0000] {base.py:84} INFO - Using connection ID 's3_connection' for task execution.
[2024-10-04T13:48:35.652+0000] {connection_wrapper.py:388} INFO - AWS Connection (conn_id='s3_connection', conn_type='aws') credentials retrieved from login and password.
[2024-10-04T13:48:35.806+0000] {base.py:84} INFO - Using connection ID 's3_connection' for task execution.
[2024-10-04T13:48:35.807+0000] {connection_wrapper.py:388} INFO - AWS Connection (conn_id='s3_connection', conn_type='aws') credentials retrieved from login and password.
[2024-10-04T13:48:35.964+0000] {base.py:84} INFO - Using connection ID 's3_connection' for task execution.
[2024-10-04T13:48:35.965+0000] {connection_wrapper.py:388} INFO - AWS Connection (conn_id='s3_connection', conn_type='aws') credentials retrieved from login and password.
[2024-10-04T13:48:36.109+0000] {base.py:84} INFO - Using connection ID 's3_connection' for task execution.
[2024-10-04T13:48:36.110+0000] {connection_wrapper.py:388} INFO - AWS Connection (conn_id='s3_connection', conn_type='aws') credentials retrieved from login and password.
[2024-10-04T13:48:36.254+0000] {project-checkpoint.py:167} INFO - Prepared data.
[2024-10-04T13:48:36.255+0000] {python.py:237} INFO - Done. Returned value was: None
[2024-10-04T13:48:36.255+0000] {taskinstance.py:441} INFO - ::group::Post task execution logs
[2024-10-04T13:48:36.266+0000] {taskinstance.py:1206} INFO - Marking task as SUCCESS. dag_id=Alex_Trigolos, task_id=task_prepare_data, run_id=manual__2024-10-04T13:48:27.277064+00:00, execution_date=20241004T134827, start_date=20241004T134834, end_date=20241004T134836
[2024-10-04T13:48:36.328+0000] {local_task_job_runner.py:243} INFO - Task exited with return code 0
[2024-10-04T13:48:36.352+0000] {taskinstance.py:3503} INFO - 3 downstream tasks scheduled from follow-on schedule check
[2024-10-04T13:48:36.354+0000] {local_task_job_runner.py:222} INFO - ::endgroup::
