[2024-10-02T13:55:02.560+0000] {local_task_job_runner.py:120} INFO - ::group::Pre task execution logs
[2024-10-02T13:55:02.579+0000] {taskinstance.py:2076} INFO - Dependencies all met for dep_context=non-requeueable deps ti=<TaskInstance: random_forest_classifier_dag.rfc_prepare_data scheduled__2024-10-01T01:00:00+00:00 [queued]>
[2024-10-02T13:55:02.589+0000] {taskinstance.py:2076} INFO - Dependencies all met for dep_context=requeueable deps ti=<TaskInstance: random_forest_classifier_dag.rfc_prepare_data scheduled__2024-10-01T01:00:00+00:00 [queued]>
[2024-10-02T13:55:02.591+0000] {taskinstance.py:2306} INFO - Starting attempt 1 of 1
[2024-10-02T13:55:02.605+0000] {taskinstance.py:2330} INFO - Executing <Task(PythonOperator): rfc_prepare_data> on 2024-10-01 01:00:00+00:00
[2024-10-02T13:55:02.613+0000] {standard_task_runner.py:64} INFO - Started process 820 to run task
[2024-10-02T13:55:02.617+0000] {standard_task_runner.py:90} INFO - Running: ['***', 'tasks', 'run', 'random_forest_classifier_dag', 'rfc_prepare_data', 'scheduled__2024-10-01T01:00:00+00:00', '--job-id', '621', '--raw', '--subdir', 'DAGS_FOLDER/***/dags/.ipynb_checkpoints/hw1-checkpoint.py', '--cfg-path', '/tmp/tmpc89d2lq6']
[2024-10-02T13:55:02.619+0000] {standard_task_runner.py:91} INFO - Job 621: Subtask rfc_prepare_data
[2024-10-02T13:55:02.674+0000] {task_command.py:426} INFO - Running <TaskInstance: random_forest_classifier_dag.rfc_prepare_data scheduled__2024-10-01T01:00:00+00:00 [running]> on host 82997fc6deb7
[2024-10-02T13:55:02.775+0000] {taskinstance.py:2648} INFO - Exporting env vars: AIRFLOW_CTX_DAG_EMAIL='alexvlg34@gmail.com' AIRFLOW_CTX_DAG_OWNER='Alex Trigolos' AIRFLOW_CTX_DAG_ID='random_forest_classifier_dag' AIRFLOW_CTX_TASK_ID='rfc_prepare_data' AIRFLOW_CTX_EXECUTION_DATE='2024-10-01T01:00:00+00:00' AIRFLOW_CTX_TRY_NUMBER='1' AIRFLOW_CTX_DAG_RUN_ID='scheduled__2024-10-01T01:00:00+00:00'
[2024-10-02T13:55:02.777+0000] {taskinstance.py:430} INFO - ::endgroup::
[2024-10-02T13:55:02.801+0000] {hw1-checkpoint.py:107} INFO - Prepare data...
[2024-10-02T13:55:02.804+0000] {s3.py:1422} INFO - Downloading source S3 file from Bucket testmlops with path AlexTrigolos/RandomForestClassifier/datasets/dataset.pkl
[2024-10-02T13:55:02.817+0000] {base.py:84} INFO - Using connection ID 's3_connection' for task execution.
[2024-10-02T13:55:02.819+0000] {connection_wrapper.py:388} INFO - AWS Connection (conn_id='s3_connection', conn_type='aws') credentials retrieved from login and password.
[2024-10-02T13:55:03.505+0000] {hw1-checkpoint.py:78} INFO - /tmp/***_tmp_etwywwdh
[2024-10-02T13:55:03.580+0000] {base.py:84} INFO - Using connection ID 's3_connection' for task execution.
[2024-10-02T13:55:03.581+0000] {connection_wrapper.py:388} INFO - AWS Connection (conn_id='s3_connection', conn_type='aws') credentials retrieved from login and password.
[2024-10-02T13:55:04.048+0000] {base.py:84} INFO - Using connection ID 's3_connection' for task execution.
[2024-10-02T13:55:04.050+0000] {connection_wrapper.py:388} INFO - AWS Connection (conn_id='s3_connection', conn_type='aws') credentials retrieved from login and password.
[2024-10-02T13:55:04.215+0000] {base.py:84} INFO - Using connection ID 's3_connection' for task execution.
[2024-10-02T13:55:04.216+0000] {connection_wrapper.py:388} INFO - AWS Connection (conn_id='s3_connection', conn_type='aws') credentials retrieved from login and password.
[2024-10-02T13:55:04.402+0000] {base.py:84} INFO - Using connection ID 's3_connection' for task execution.
[2024-10-02T13:55:04.403+0000] {connection_wrapper.py:388} INFO - AWS Connection (conn_id='s3_connection', conn_type='aws') credentials retrieved from login and password.
[2024-10-02T13:55:04.834+0000] {hw1-checkpoint.py:133} INFO - Prepared data.
[2024-10-02T13:55:04.835+0000] {python.py:237} INFO - Done. Returned value was: None
[2024-10-02T13:55:04.836+0000] {taskinstance.py:441} INFO - ::group::Post task execution logs
[2024-10-02T13:55:04.846+0000] {taskinstance.py:1206} INFO - Marking task as SUCCESS. dag_id=random_forest_classifier_dag, task_id=rfc_prepare_data, run_id=scheduled__2024-10-01T01:00:00+00:00, execution_date=20241001T010000, start_date=20241002T135502, end_date=20241002T135504
[2024-10-02T13:55:04.881+0000] {local_task_job_runner.py:243} INFO - Task exited with return code 0
[2024-10-02T13:55:04.909+0000] {taskinstance.py:3503} INFO - 1 downstream tasks scheduled from follow-on schedule check
[2024-10-02T13:55:04.913+0000] {local_task_job_runner.py:222} INFO - ::endgroup::
