[2024-10-02T19:09:10.734+0000] {local_task_job_runner.py:120} INFO - ::group::Pre task execution logs
[2024-10-02T19:09:10.753+0000] {taskinstance.py:2076} INFO - Dependencies all met for dep_context=non-requeueable deps ti=<TaskInstance: random_forest_classifier_dag.rfc_prepare_data manual__2024-10-02T19:09:02.797765+00:00 [queued]>
[2024-10-02T19:09:10.763+0000] {taskinstance.py:2076} INFO - Dependencies all met for dep_context=requeueable deps ti=<TaskInstance: random_forest_classifier_dag.rfc_prepare_data manual__2024-10-02T19:09:02.797765+00:00 [queued]>
[2024-10-02T19:09:10.765+0000] {taskinstance.py:2306} INFO - Starting attempt 1 of 1
[2024-10-02T19:09:10.779+0000] {taskinstance.py:2330} INFO - Executing <Task(PythonOperator): rfc_prepare_data> on 2024-10-02 19:09:02.797765+00:00
[2024-10-02T19:09:10.790+0000] {standard_task_runner.py:64} INFO - Started process 65258 to run task
[2024-10-02T19:09:10.794+0000] {standard_task_runner.py:90} INFO - Running: ['***', 'tasks', 'run', 'random_forest_classifier_dag', 'rfc_prepare_data', 'manual__2024-10-02T19:09:02.797765+00:00', '--job-id', '682', '--raw', '--subdir', 'DAGS_FOLDER/***/dags/.ipynb_checkpoints/hw1-checkpoint.py', '--cfg-path', '/tmp/tmpbyu2z_un']
[2024-10-02T19:09:10.798+0000] {standard_task_runner.py:91} INFO - Job 682: Subtask rfc_prepare_data
[2024-10-02T19:09:10.858+0000] {task_command.py:426} INFO - Running <TaskInstance: random_forest_classifier_dag.rfc_prepare_data manual__2024-10-02T19:09:02.797765+00:00 [running]> on host 8c9143e9e59a
[2024-10-02T19:09:10.943+0000] {taskinstance.py:2648} INFO - Exporting env vars: AIRFLOW_CTX_DAG_EMAIL='alexvlg34@gmail.com' AIRFLOW_CTX_DAG_OWNER='Alex Trigolos' AIRFLOW_CTX_DAG_ID='random_forest_classifier_dag' AIRFLOW_CTX_TASK_ID='rfc_prepare_data' AIRFLOW_CTX_EXECUTION_DATE='2024-10-02T19:09:02.797765+00:00' AIRFLOW_CTX_TRY_NUMBER='1' AIRFLOW_CTX_DAG_RUN_ID='manual__2024-10-02T19:09:02.797765+00:00'
[2024-10-02T19:09:10.945+0000] {taskinstance.py:430} INFO - ::endgroup::
[2024-10-02T19:09:10.957+0000] {hw1-checkpoint.py:107} INFO - Prepare data...
[2024-10-02T19:09:10.958+0000] {s3.py:1422} INFO - Downloading source S3 file from Bucket testmlops with path AlexTrigolos/RandomForestClassifier/datasets/dataset.pkl
[2024-10-02T19:09:10.967+0000] {base.py:84} INFO - Using connection ID 's3_connection' for task execution.
[2024-10-02T19:09:10.969+0000] {connection_wrapper.py:388} INFO - AWS Connection (conn_id='s3_connection', conn_type='aws') credentials retrieved from login and password.
[2024-10-02T19:09:11.416+0000] {hw1-checkpoint.py:78} INFO - /tmp/***_tmp_fl7w7xvr
[2024-10-02T19:09:11.530+0000] {base.py:84} INFO - Using connection ID 's3_connection' for task execution.
[2024-10-02T19:09:11.531+0000] {connection_wrapper.py:388} INFO - AWS Connection (conn_id='s3_connection', conn_type='aws') credentials retrieved from login and password.
[2024-10-02T19:09:12.032+0000] {base.py:84} INFO - Using connection ID 's3_connection' for task execution.
[2024-10-02T19:09:12.033+0000] {connection_wrapper.py:388} INFO - AWS Connection (conn_id='s3_connection', conn_type='aws') credentials retrieved from login and password.
[2024-10-02T19:09:12.259+0000] {base.py:84} INFO - Using connection ID 's3_connection' for task execution.
[2024-10-02T19:09:12.263+0000] {connection_wrapper.py:388} INFO - AWS Connection (conn_id='s3_connection', conn_type='aws') credentials retrieved from login and password.
[2024-10-02T19:09:12.505+0000] {base.py:84} INFO - Using connection ID 's3_connection' for task execution.
[2024-10-02T19:09:12.508+0000] {connection_wrapper.py:388} INFO - AWS Connection (conn_id='s3_connection', conn_type='aws') credentials retrieved from login and password.
[2024-10-02T19:09:12.992+0000] {hw1-checkpoint.py:133} INFO - Prepared data.
[2024-10-02T19:09:12.993+0000] {python.py:237} INFO - Done. Returned value was: None
[2024-10-02T19:09:12.994+0000] {taskinstance.py:441} INFO - ::group::Post task execution logs
[2024-10-02T19:09:13.005+0000] {taskinstance.py:1206} INFO - Marking task as SUCCESS. dag_id=random_forest_classifier_dag, task_id=rfc_prepare_data, run_id=manual__2024-10-02T19:09:02.797765+00:00, execution_date=20241002T190902, start_date=20241002T190910, end_date=20241002T190913
[2024-10-02T19:09:13.066+0000] {local_task_job_runner.py:243} INFO - Task exited with return code 0
[2024-10-02T19:09:13.095+0000] {taskinstance.py:3503} INFO - 1 downstream tasks scheduled from follow-on schedule check
[2024-10-02T19:09:13.099+0000] {local_task_job_runner.py:222} INFO - ::endgroup::
