[2024-09-22T16:38:17.411+0000] {local_task_job_runner.py:120} INFO - ::group::Pre task execution logs
[2024-09-22T16:38:17.434+0000] {taskinstance.py:2076} INFO - Dependencies all met for dep_context=non-requeueable deps ti=<TaskInstance: train_dag.train_model manual__2024-09-22T16:38:06.254793+00:00 [queued]>
[2024-09-22T16:38:17.445+0000] {taskinstance.py:2076} INFO - Dependencies all met for dep_context=requeueable deps ti=<TaskInstance: train_dag.train_model manual__2024-09-22T16:38:06.254793+00:00 [queued]>
[2024-09-22T16:38:17.446+0000] {taskinstance.py:2306} INFO - Starting attempt 1 of 1
[2024-09-22T16:38:17.461+0000] {taskinstance.py:2330} INFO - Executing <Task(PythonOperator): train_model> on 2024-09-22 16:38:06.254793+00:00
[2024-09-22T16:38:17.474+0000] {standard_task_runner.py:64} INFO - Started process 95616 to run task
[2024-09-22T16:38:17.479+0000] {standard_task_runner.py:90} INFO - Running: ['***', 'tasks', 'run', 'train_dag', 'train_model', 'manual__2024-09-22T16:38:06.254793+00:00', '--job-id', '85', '--raw', '--subdir', 'DAGS_FOLDER/***/dags/train_dag.py', '--cfg-path', '/tmp/tmpr939fdf4']
[2024-09-22T16:38:17.483+0000] {standard_task_runner.py:91} INFO - Job 85: Subtask train_model
[2024-09-22T16:38:17.564+0000] {task_command.py:426} INFO - Running <TaskInstance: train_dag.train_model manual__2024-09-22T16:38:06.254793+00:00 [running]> on host 7264ce263e34
[2024-09-22T16:38:17.685+0000] {taskinstance.py:2648} INFO - Exporting env vars: AIRFLOW_CTX_DAG_EMAIL='alexvlg34@gmail.com' AIRFLOW_CTX_DAG_OWNER='Alex Trigolos' AIRFLOW_CTX_DAG_ID='train_dag' AIRFLOW_CTX_TASK_ID='train_model' AIRFLOW_CTX_EXECUTION_DATE='2024-09-22T16:38:06.254793+00:00' AIRFLOW_CTX_TRY_NUMBER='1' AIRFLOW_CTX_DAG_RUN_ID='manual__2024-09-22T16:38:06.254793+00:00'
[2024-09-22T16:38:17.687+0000] {taskinstance.py:430} INFO - ::endgroup::
[2024-09-22T16:38:17.822+0000] {logging_mixin.py:188} INFO - Fitting 5 folds for each of 2 candidates, totalling 10 fits
[2024-09-22T16:38:18.004+0000] {logging_mixin.py:188} INFO - [CV] END ......................max_depth=1, n_estimators=100; total time=   0.2s
[2024-09-22T16:38:18.156+0000] {logging_mixin.py:188} INFO - [CV] END ......................max_depth=1, n_estimators=100; total time=   0.1s
[2024-09-22T16:38:18.362+0000] {logging_mixin.py:188} INFO - [CV] END ......................max_depth=1, n_estimators=100; total time=   0.2s
[2024-09-22T16:38:18.516+0000] {logging_mixin.py:188} INFO - [CV] END ......................max_depth=1, n_estimators=100; total time=   0.2s
[2024-09-22T16:38:18.670+0000] {logging_mixin.py:188} INFO - [CV] END ......................max_depth=1, n_estimators=100; total time=   0.2s
[2024-09-22T16:38:18.908+0000] {logging_mixin.py:188} INFO - [CV] END ......................max_depth=1, n_estimators=150; total time=   0.2s
[2024-09-22T16:38:19.160+0000] {logging_mixin.py:188} INFO - [CV] END ......................max_depth=1, n_estimators=150; total time=   0.2s
[2024-09-22T16:38:19.398+0000] {logging_mixin.py:188} INFO - [CV] END ......................max_depth=1, n_estimators=150; total time=   0.2s
[2024-09-22T16:38:19.641+0000] {logging_mixin.py:188} INFO - [CV] END ......................max_depth=1, n_estimators=150; total time=   0.2s
[2024-09-22T16:38:19.868+0000] {logging_mixin.py:188} INFO - [CV] END ......................max_depth=1, n_estimators=150; total time=   0.2s
[2024-09-22T16:38:20.250+0000] {python.py:237} INFO - Done. Returned value was: None
[2024-09-22T16:38:20.252+0000] {taskinstance.py:441} INFO - ::group::Post task execution logs
[2024-09-22T16:38:20.269+0000] {taskinstance.py:1206} INFO - Marking task as SUCCESS. dag_id=train_dag, task_id=train_model, run_id=manual__2024-09-22T16:38:06.254793+00:00, execution_date=20240922T163806, start_date=20240922T163817, end_date=20240922T163820
[2024-09-22T16:38:20.310+0000] {local_task_job_runner.py:243} INFO - Task exited with return code 0
[2024-09-22T16:38:20.326+0000] {local_task_job_runner.py:222} INFO - ::endgroup::
