[2024-09-25T08:44:29.947+0000] {local_task_job_runner.py:120} INFO - ::group::Pre task execution logs
[2024-09-25T08:44:29.967+0000] {taskinstance.py:2076} INFO - Dependencies all met for dep_context=non-requeueable deps ti=<TaskInstance: gradient_boosting_classifier_dag.gbc_save_results scheduled__2024-09-24T01:00:00+00:00 [queued]>
[2024-09-25T08:44:29.981+0000] {taskinstance.py:2076} INFO - Dependencies all met for dep_context=requeueable deps ti=<TaskInstance: gradient_boosting_classifier_dag.gbc_save_results scheduled__2024-09-24T01:00:00+00:00 [queued]>
[2024-09-25T08:44:29.983+0000] {taskinstance.py:2306} INFO - Starting attempt 1 of 1
[2024-09-25T08:44:29.999+0000] {taskinstance.py:2330} INFO - Executing <Task(PythonOperator): gbc_save_results> on 2024-09-24 01:00:00+00:00
[2024-09-25T08:44:30.013+0000] {standard_task_runner.py:64} INFO - Started process 41627 to run task
[2024-09-25T08:44:30.017+0000] {standard_task_runner.py:90} INFO - Running: ['***', 'tasks', 'run', 'gradient_boosting_classifier_dag', 'gbc_save_results', 'scheduled__2024-09-24T01:00:00+00:00', '--job-id', '593', '--raw', '--subdir', 'DAGS_FOLDER/***/dags/hw1.py', '--cfg-path', '/tmp/tmpr5j9guos']
[2024-09-25T08:44:30.020+0000] {standard_task_runner.py:91} INFO - Job 593: Subtask gbc_save_results
[2024-09-25T08:44:30.078+0000] {task_command.py:426} INFO - Running <TaskInstance: gradient_boosting_classifier_dag.gbc_save_results scheduled__2024-09-24T01:00:00+00:00 [running]> on host 82997fc6deb7
[2024-09-25T08:44:30.181+0000] {taskinstance.py:2648} INFO - Exporting env vars: AIRFLOW_CTX_DAG_EMAIL='alexvlg34@gmail.com' AIRFLOW_CTX_DAG_OWNER='Alex Trigolos' AIRFLOW_CTX_DAG_ID='gradient_boosting_classifier_dag' AIRFLOW_CTX_TASK_ID='gbc_save_results' AIRFLOW_CTX_EXECUTION_DATE='2024-09-24T01:00:00+00:00' AIRFLOW_CTX_TRY_NUMBER='1' AIRFLOW_CTX_DAG_RUN_ID='scheduled__2024-09-24T01:00:00+00:00'
[2024-09-25T08:44:30.182+0000] {taskinstance.py:430} INFO - ::endgroup::
[2024-09-25T08:44:30.199+0000] {hw1.py:167} INFO - Save metrics...
[2024-09-25T08:44:30.331+0000] {base.py:84} INFO - Using connection ID 's3_connection' for task execution.
[2024-09-25T08:44:30.332+0000] {connection_wrapper.py:388} INFO - AWS Connection (conn_id='s3_connection', conn_type='aws') credentials retrieved from login and password.
[2024-09-25T08:44:31.085+0000] {hw1.py:194} INFO - DONE!!!
[2024-09-25T08:44:31.089+0000] {python.py:237} INFO - Done. Returned value was: None
[2024-09-25T08:44:31.090+0000] {taskinstance.py:441} INFO - ::group::Post task execution logs
[2024-09-25T08:44:31.105+0000] {taskinstance.py:1206} INFO - Marking task as SUCCESS. dag_id=gradient_boosting_classifier_dag, task_id=gbc_save_results, run_id=scheduled__2024-09-24T01:00:00+00:00, execution_date=20240924T010000, start_date=20240925T084429, end_date=20240925T084431
[2024-09-25T08:44:31.155+0000] {local_task_job_runner.py:243} INFO - Task exited with return code 0
[2024-09-25T08:44:31.175+0000] {taskinstance.py:3503} INFO - 0 downstream tasks scheduled from follow-on schedule check
[2024-09-25T08:44:31.178+0000] {local_task_job_runner.py:222} INFO - ::endgroup::
