[2024-09-24T20:22:07.027+0000] {processor.py:161} INFO - Started process (PID=372) to work on /opt/airflow/dags/.cache/pip/http/f/8/5/6/c/f856c669517a77cd312113d657270f27bf8926f5dc35d787ed445957
[2024-09-24T20:22:07.029+0000] {processor.py:830} INFO - Processing file /opt/airflow/dags/.cache/pip/http/f/8/5/6/c/f856c669517a77cd312113d657270f27bf8926f5dc35d787ed445957 for tasks to queue
[2024-09-24T20:22:07.032+0000] {logging_mixin.py:188} INFO - [2024-09-24T20:22:07.031+0000] {dagbag.py:545} INFO - Filling up the DagBag from /opt/airflow/dags/.cache/pip/http/f/8/5/6/c/f856c669517a77cd312113d657270f27bf8926f5dc35d787ed445957
[2024-09-24T20:22:07.061+0000] {processor.py:842} WARNING - No viable dags retrieved from /opt/airflow/dags/.cache/pip/http/f/8/5/6/c/f856c669517a77cd312113d657270f27bf8926f5dc35d787ed445957
[2024-09-24T20:22:07.078+0000] {processor.py:183} INFO - Processing /opt/airflow/dags/.cache/pip/http/f/8/5/6/c/f856c669517a77cd312113d657270f27bf8926f5dc35d787ed445957 took 0.059 seconds
[2024-09-24T20:22:39.866+0000] {processor.py:161} INFO - Started process (PID=646) to work on /opt/airflow/dags/.cache/pip/http/f/8/5/6/c/f856c669517a77cd312113d657270f27bf8926f5dc35d787ed445957
[2024-09-24T20:22:39.868+0000] {processor.py:830} INFO - Processing file /opt/airflow/dags/.cache/pip/http/f/8/5/6/c/f856c669517a77cd312113d657270f27bf8926f5dc35d787ed445957 for tasks to queue
[2024-09-24T20:22:39.871+0000] {logging_mixin.py:188} INFO - [2024-09-24T20:22:39.870+0000] {dagbag.py:545} INFO - Filling up the DagBag from /opt/airflow/dags/.cache/pip/http/f/8/5/6/c/f856c669517a77cd312113d657270f27bf8926f5dc35d787ed445957
[2024-09-24T20:22:39.961+0000] {processor.py:842} WARNING - No viable dags retrieved from /opt/airflow/dags/.cache/pip/http/f/8/5/6/c/f856c669517a77cd312113d657270f27bf8926f5dc35d787ed445957
[2024-09-24T20:22:39.989+0000] {processor.py:183} INFO - Processing /opt/airflow/dags/.cache/pip/http/f/8/5/6/c/f856c669517a77cd312113d657270f27bf8926f5dc35d787ed445957 took 0.134 seconds
[2024-09-24T20:23:10.524+0000] {processor.py:161} INFO - Started process (PID=921) to work on /opt/airflow/dags/.cache/pip/http/f/8/5/6/c/f856c669517a77cd312113d657270f27bf8926f5dc35d787ed445957
[2024-09-24T20:23:10.525+0000] {processor.py:830} INFO - Processing file /opt/airflow/dags/.cache/pip/http/f/8/5/6/c/f856c669517a77cd312113d657270f27bf8926f5dc35d787ed445957 for tasks to queue
[2024-09-24T20:23:10.526+0000] {logging_mixin.py:188} INFO - [2024-09-24T20:23:10.526+0000] {dagbag.py:545} INFO - Filling up the DagBag from /opt/airflow/dags/.cache/pip/http/f/8/5/6/c/f856c669517a77cd312113d657270f27bf8926f5dc35d787ed445957
[2024-09-24T20:23:10.542+0000] {processor.py:842} WARNING - No viable dags retrieved from /opt/airflow/dags/.cache/pip/http/f/8/5/6/c/f856c669517a77cd312113d657270f27bf8926f5dc35d787ed445957
[2024-09-24T20:23:10.552+0000] {processor.py:183} INFO - Processing /opt/airflow/dags/.cache/pip/http/f/8/5/6/c/f856c669517a77cd312113d657270f27bf8926f5dc35d787ed445957 took 0.033 seconds
[2024-09-24T20:27:55.823+0000] {processor.py:161} INFO - Started process (PID=376) to work on /opt/airflow/dags/.cache/pip/http/f/8/5/6/c/f856c669517a77cd312113d657270f27bf8926f5dc35d787ed445957
[2024-09-24T20:27:55.824+0000] {processor.py:830} INFO - Processing file /opt/airflow/dags/.cache/pip/http/f/8/5/6/c/f856c669517a77cd312113d657270f27bf8926f5dc35d787ed445957 for tasks to queue
[2024-09-24T20:27:55.826+0000] {logging_mixin.py:188} INFO - [2024-09-24T20:27:55.826+0000] {dagbag.py:545} INFO - Filling up the DagBag from /opt/airflow/dags/.cache/pip/http/f/8/5/6/c/f856c669517a77cd312113d657270f27bf8926f5dc35d787ed445957
[2024-09-24T20:27:55.855+0000] {processor.py:842} WARNING - No viable dags retrieved from /opt/airflow/dags/.cache/pip/http/f/8/5/6/c/f856c669517a77cd312113d657270f27bf8926f5dc35d787ed445957
[2024-09-24T20:27:55.867+0000] {processor.py:183} INFO - Processing /opt/airflow/dags/.cache/pip/http/f/8/5/6/c/f856c669517a77cd312113d657270f27bf8926f5dc35d787ed445957 took 0.053 seconds
[2024-09-24T20:28:28.738+0000] {processor.py:161} INFO - Started process (PID=650) to work on /opt/airflow/dags/.cache/pip/http/f/8/5/6/c/f856c669517a77cd312113d657270f27bf8926f5dc35d787ed445957
[2024-09-24T20:28:28.739+0000] {processor.py:830} INFO - Processing file /opt/airflow/dags/.cache/pip/http/f/8/5/6/c/f856c669517a77cd312113d657270f27bf8926f5dc35d787ed445957 for tasks to queue
[2024-09-24T20:28:28.741+0000] {logging_mixin.py:188} INFO - [2024-09-24T20:28:28.740+0000] {dagbag.py:545} INFO - Filling up the DagBag from /opt/airflow/dags/.cache/pip/http/f/8/5/6/c/f856c669517a77cd312113d657270f27bf8926f5dc35d787ed445957
[2024-09-24T20:28:28.771+0000] {processor.py:842} WARNING - No viable dags retrieved from /opt/airflow/dags/.cache/pip/http/f/8/5/6/c/f856c669517a77cd312113d657270f27bf8926f5dc35d787ed445957
[2024-09-24T20:28:28.785+0000] {processor.py:183} INFO - Processing /opt/airflow/dags/.cache/pip/http/f/8/5/6/c/f856c669517a77cd312113d657270f27bf8926f5dc35d787ed445957 took 0.050 seconds
[2024-09-24T20:29:00.806+0000] {processor.py:161} INFO - Started process (PID=924) to work on /opt/airflow/dags/.cache/pip/http/f/8/5/6/c/f856c669517a77cd312113d657270f27bf8926f5dc35d787ed445957
[2024-09-24T20:29:00.807+0000] {processor.py:830} INFO - Processing file /opt/airflow/dags/.cache/pip/http/f/8/5/6/c/f856c669517a77cd312113d657270f27bf8926f5dc35d787ed445957 for tasks to queue
[2024-09-24T20:29:00.808+0000] {logging_mixin.py:188} INFO - [2024-09-24T20:29:00.808+0000] {dagbag.py:545} INFO - Filling up the DagBag from /opt/airflow/dags/.cache/pip/http/f/8/5/6/c/f856c669517a77cd312113d657270f27bf8926f5dc35d787ed445957
[2024-09-24T20:29:00.827+0000] {processor.py:842} WARNING - No viable dags retrieved from /opt/airflow/dags/.cache/pip/http/f/8/5/6/c/f856c669517a77cd312113d657270f27bf8926f5dc35d787ed445957
[2024-09-24T20:29:00.837+0000] {processor.py:183} INFO - Processing /opt/airflow/dags/.cache/pip/http/f/8/5/6/c/f856c669517a77cd312113d657270f27bf8926f5dc35d787ed445957 took 0.035 seconds
[2024-09-24T20:29:32.131+0000] {processor.py:161} INFO - Started process (PID=1198) to work on /opt/airflow/dags/.cache/pip/http/f/8/5/6/c/f856c669517a77cd312113d657270f27bf8926f5dc35d787ed445957
[2024-09-24T20:29:32.132+0000] {processor.py:830} INFO - Processing file /opt/airflow/dags/.cache/pip/http/f/8/5/6/c/f856c669517a77cd312113d657270f27bf8926f5dc35d787ed445957 for tasks to queue
[2024-09-24T20:29:32.133+0000] {logging_mixin.py:188} INFO - [2024-09-24T20:29:32.133+0000] {dagbag.py:545} INFO - Filling up the DagBag from /opt/airflow/dags/.cache/pip/http/f/8/5/6/c/f856c669517a77cd312113d657270f27bf8926f5dc35d787ed445957
[2024-09-24T20:29:32.160+0000] {processor.py:842} WARNING - No viable dags retrieved from /opt/airflow/dags/.cache/pip/http/f/8/5/6/c/f856c669517a77cd312113d657270f27bf8926f5dc35d787ed445957
[2024-09-24T20:29:32.170+0000] {processor.py:183} INFO - Processing /opt/airflow/dags/.cache/pip/http/f/8/5/6/c/f856c669517a77cd312113d657270f27bf8926f5dc35d787ed445957 took 0.044 seconds
[2024-09-24T20:30:03.204+0000] {processor.py:161} INFO - Started process (PID=1470) to work on /opt/airflow/dags/.cache/pip/http/f/8/5/6/c/f856c669517a77cd312113d657270f27bf8926f5dc35d787ed445957
[2024-09-24T20:30:03.205+0000] {processor.py:830} INFO - Processing file /opt/airflow/dags/.cache/pip/http/f/8/5/6/c/f856c669517a77cd312113d657270f27bf8926f5dc35d787ed445957 for tasks to queue
[2024-09-24T20:30:03.206+0000] {logging_mixin.py:188} INFO - [2024-09-24T20:30:03.206+0000] {dagbag.py:545} INFO - Filling up the DagBag from /opt/airflow/dags/.cache/pip/http/f/8/5/6/c/f856c669517a77cd312113d657270f27bf8926f5dc35d787ed445957
[2024-09-24T20:30:03.252+0000] {processor.py:842} WARNING - No viable dags retrieved from /opt/airflow/dags/.cache/pip/http/f/8/5/6/c/f856c669517a77cd312113d657270f27bf8926f5dc35d787ed445957
[2024-09-24T20:30:03.266+0000] {processor.py:183} INFO - Processing /opt/airflow/dags/.cache/pip/http/f/8/5/6/c/f856c669517a77cd312113d657270f27bf8926f5dc35d787ed445957 took 0.066 seconds
[2024-09-24T20:30:36.498+0000] {processor.py:161} INFO - Started process (PID=1746) to work on /opt/airflow/dags/.cache/pip/http/f/8/5/6/c/f856c669517a77cd312113d657270f27bf8926f5dc35d787ed445957
[2024-09-24T20:30:36.499+0000] {processor.py:830} INFO - Processing file /opt/airflow/dags/.cache/pip/http/f/8/5/6/c/f856c669517a77cd312113d657270f27bf8926f5dc35d787ed445957 for tasks to queue
[2024-09-24T20:30:36.500+0000] {logging_mixin.py:188} INFO - [2024-09-24T20:30:36.500+0000] {dagbag.py:545} INFO - Filling up the DagBag from /opt/airflow/dags/.cache/pip/http/f/8/5/6/c/f856c669517a77cd312113d657270f27bf8926f5dc35d787ed445957
[2024-09-24T20:30:36.536+0000] {processor.py:842} WARNING - No viable dags retrieved from /opt/airflow/dags/.cache/pip/http/f/8/5/6/c/f856c669517a77cd312113d657270f27bf8926f5dc35d787ed445957
[2024-09-24T20:30:36.552+0000] {processor.py:183} INFO - Processing /opt/airflow/dags/.cache/pip/http/f/8/5/6/c/f856c669517a77cd312113d657270f27bf8926f5dc35d787ed445957 took 0.059 seconds
[2024-09-24T20:31:08.664+0000] {processor.py:161} INFO - Started process (PID=2020) to work on /opt/airflow/dags/.cache/pip/http/f/8/5/6/c/f856c669517a77cd312113d657270f27bf8926f5dc35d787ed445957
[2024-09-24T20:31:08.665+0000] {processor.py:830} INFO - Processing file /opt/airflow/dags/.cache/pip/http/f/8/5/6/c/f856c669517a77cd312113d657270f27bf8926f5dc35d787ed445957 for tasks to queue
[2024-09-24T20:31:08.667+0000] {logging_mixin.py:188} INFO - [2024-09-24T20:31:08.667+0000] {dagbag.py:545} INFO - Filling up the DagBag from /opt/airflow/dags/.cache/pip/http/f/8/5/6/c/f856c669517a77cd312113d657270f27bf8926f5dc35d787ed445957
[2024-09-24T20:31:08.688+0000] {processor.py:842} WARNING - No viable dags retrieved from /opt/airflow/dags/.cache/pip/http/f/8/5/6/c/f856c669517a77cd312113d657270f27bf8926f5dc35d787ed445957
[2024-09-24T20:31:08.698+0000] {processor.py:183} INFO - Processing /opt/airflow/dags/.cache/pip/http/f/8/5/6/c/f856c669517a77cd312113d657270f27bf8926f5dc35d787ed445957 took 0.038 seconds
[2024-09-24T20:31:40.731+0000] {processor.py:161} INFO - Started process (PID=2293) to work on /opt/airflow/dags/.cache/pip/http/f/8/5/6/c/f856c669517a77cd312113d657270f27bf8926f5dc35d787ed445957
[2024-09-24T20:31:40.731+0000] {processor.py:830} INFO - Processing file /opt/airflow/dags/.cache/pip/http/f/8/5/6/c/f856c669517a77cd312113d657270f27bf8926f5dc35d787ed445957 for tasks to queue
[2024-09-24T20:31:40.733+0000] {logging_mixin.py:188} INFO - [2024-09-24T20:31:40.733+0000] {dagbag.py:545} INFO - Filling up the DagBag from /opt/airflow/dags/.cache/pip/http/f/8/5/6/c/f856c669517a77cd312113d657270f27bf8926f5dc35d787ed445957
[2024-09-24T20:31:40.751+0000] {processor.py:842} WARNING - No viable dags retrieved from /opt/airflow/dags/.cache/pip/http/f/8/5/6/c/f856c669517a77cd312113d657270f27bf8926f5dc35d787ed445957
[2024-09-24T20:31:40.761+0000] {processor.py:183} INFO - Processing /opt/airflow/dags/.cache/pip/http/f/8/5/6/c/f856c669517a77cd312113d657270f27bf8926f5dc35d787ed445957 took 0.035 seconds
[2024-09-24T20:32:26.201+0000] {processor.py:161} INFO - Started process (PID=2573) to work on /opt/airflow/dags/.cache/pip/http/f/8/5/6/c/f856c669517a77cd312113d657270f27bf8926f5dc35d787ed445957
[2024-09-24T20:32:26.202+0000] {processor.py:830} INFO - Processing file /opt/airflow/dags/.cache/pip/http/f/8/5/6/c/f856c669517a77cd312113d657270f27bf8926f5dc35d787ed445957 for tasks to queue
[2024-09-24T20:32:26.203+0000] {logging_mixin.py:188} INFO - [2024-09-24T20:32:26.203+0000] {dagbag.py:545} INFO - Filling up the DagBag from /opt/airflow/dags/.cache/pip/http/f/8/5/6/c/f856c669517a77cd312113d657270f27bf8926f5dc35d787ed445957
[2024-09-24T20:32:26.236+0000] {processor.py:842} WARNING - No viable dags retrieved from /opt/airflow/dags/.cache/pip/http/f/8/5/6/c/f856c669517a77cd312113d657270f27bf8926f5dc35d787ed445957
[2024-09-24T20:32:26.251+0000] {processor.py:183} INFO - Processing /opt/airflow/dags/.cache/pip/http/f/8/5/6/c/f856c669517a77cd312113d657270f27bf8926f5dc35d787ed445957 took 0.055 seconds
