[2024-10-03T08:42:02.422+0000] {processor.py:161} INFO - Started process (PID=350) to work on /opt/airflow/dags/.cache/pip/http/d/f/0/4/4/df0446c2611b169bff71bf63cce7122c99299bf36e251a549d9544b0
[2024-10-03T08:42:02.423+0000] {processor.py:830} INFO - Processing file /opt/airflow/dags/.cache/pip/http/d/f/0/4/4/df0446c2611b169bff71bf63cce7122c99299bf36e251a549d9544b0 for tasks to queue
[2024-10-03T08:42:02.425+0000] {logging_mixin.py:188} INFO - [2024-10-03T08:42:02.424+0000] {dagbag.py:545} INFO - Filling up the DagBag from /opt/airflow/dags/.cache/pip/http/d/f/0/4/4/df0446c2611b169bff71bf63cce7122c99299bf36e251a549d9544b0
[2024-10-03T08:42:02.438+0000] {processor.py:842} WARNING - No viable dags retrieved from /opt/airflow/dags/.cache/pip/http/d/f/0/4/4/df0446c2611b169bff71bf63cce7122c99299bf36e251a549d9544b0
[2024-10-03T08:42:02.448+0000] {processor.py:183} INFO - Processing /opt/airflow/dags/.cache/pip/http/d/f/0/4/4/df0446c2611b169bff71bf63cce7122c99299bf36e251a549d9544b0 took 0.031 seconds
[2024-10-03T08:42:35.738+0000] {processor.py:161} INFO - Started process (PID=592) to work on /opt/airflow/dags/.cache/pip/http/d/f/0/4/4/df0446c2611b169bff71bf63cce7122c99299bf36e251a549d9544b0
[2024-10-03T08:42:35.739+0000] {processor.py:830} INFO - Processing file /opt/airflow/dags/.cache/pip/http/d/f/0/4/4/df0446c2611b169bff71bf63cce7122c99299bf36e251a549d9544b0 for tasks to queue
[2024-10-03T08:42:35.742+0000] {logging_mixin.py:188} INFO - [2024-10-03T08:42:35.741+0000] {dagbag.py:545} INFO - Filling up the DagBag from /opt/airflow/dags/.cache/pip/http/d/f/0/4/4/df0446c2611b169bff71bf63cce7122c99299bf36e251a549d9544b0
[2024-10-03T08:42:35.766+0000] {processor.py:842} WARNING - No viable dags retrieved from /opt/airflow/dags/.cache/pip/http/d/f/0/4/4/df0446c2611b169bff71bf63cce7122c99299bf36e251a549d9544b0
[2024-10-03T08:42:35.782+0000] {processor.py:183} INFO - Processing /opt/airflow/dags/.cache/pip/http/d/f/0/4/4/df0446c2611b169bff71bf63cce7122c99299bf36e251a549d9544b0 took 0.051 seconds
[2024-10-03T08:43:08.683+0000] {processor.py:161} INFO - Started process (PID=832) to work on /opt/airflow/dags/.cache/pip/http/d/f/0/4/4/df0446c2611b169bff71bf63cce7122c99299bf36e251a549d9544b0
[2024-10-03T08:43:08.685+0000] {processor.py:830} INFO - Processing file /opt/airflow/dags/.cache/pip/http/d/f/0/4/4/df0446c2611b169bff71bf63cce7122c99299bf36e251a549d9544b0 for tasks to queue
[2024-10-03T08:43:08.689+0000] {logging_mixin.py:188} INFO - [2024-10-03T08:43:08.688+0000] {dagbag.py:545} INFO - Filling up the DagBag from /opt/airflow/dags/.cache/pip/http/d/f/0/4/4/df0446c2611b169bff71bf63cce7122c99299bf36e251a549d9544b0
[2024-10-03T08:43:08.725+0000] {processor.py:842} WARNING - No viable dags retrieved from /opt/airflow/dags/.cache/pip/http/d/f/0/4/4/df0446c2611b169bff71bf63cce7122c99299bf36e251a549d9544b0
[2024-10-03T08:43:08.747+0000] {processor.py:183} INFO - Processing /opt/airflow/dags/.cache/pip/http/d/f/0/4/4/df0446c2611b169bff71bf63cce7122c99299bf36e251a549d9544b0 took 0.077 seconds
[2024-10-03T08:43:41.866+0000] {processor.py:161} INFO - Started process (PID=1075) to work on /opt/airflow/dags/.cache/pip/http/d/f/0/4/4/df0446c2611b169bff71bf63cce7122c99299bf36e251a549d9544b0
[2024-10-03T08:43:41.891+0000] {processor.py:830} INFO - Processing file /opt/airflow/dags/.cache/pip/http/d/f/0/4/4/df0446c2611b169bff71bf63cce7122c99299bf36e251a549d9544b0 for tasks to queue
[2024-10-03T08:43:41.893+0000] {logging_mixin.py:188} INFO - [2024-10-03T08:43:41.893+0000] {dagbag.py:545} INFO - Filling up the DagBag from /opt/airflow/dags/.cache/pip/http/d/f/0/4/4/df0446c2611b169bff71bf63cce7122c99299bf36e251a549d9544b0
[2024-10-03T08:43:41.923+0000] {processor.py:842} WARNING - No viable dags retrieved from /opt/airflow/dags/.cache/pip/http/d/f/0/4/4/df0446c2611b169bff71bf63cce7122c99299bf36e251a549d9544b0
[2024-10-03T08:43:41.936+0000] {processor.py:183} INFO - Processing /opt/airflow/dags/.cache/pip/http/d/f/0/4/4/df0446c2611b169bff71bf63cce7122c99299bf36e251a549d9544b0 took 0.075 seconds
[2024-10-03T08:44:14.460+0000] {processor.py:161} INFO - Started process (PID=1319) to work on /opt/airflow/dags/.cache/pip/http/d/f/0/4/4/df0446c2611b169bff71bf63cce7122c99299bf36e251a549d9544b0
[2024-10-03T08:44:14.461+0000] {processor.py:830} INFO - Processing file /opt/airflow/dags/.cache/pip/http/d/f/0/4/4/df0446c2611b169bff71bf63cce7122c99299bf36e251a549d9544b0 for tasks to queue
[2024-10-03T08:44:14.464+0000] {logging_mixin.py:188} INFO - [2024-10-03T08:44:14.463+0000] {dagbag.py:545} INFO - Filling up the DagBag from /opt/airflow/dags/.cache/pip/http/d/f/0/4/4/df0446c2611b169bff71bf63cce7122c99299bf36e251a549d9544b0
[2024-10-03T08:44:14.567+0000] {processor.py:842} WARNING - No viable dags retrieved from /opt/airflow/dags/.cache/pip/http/d/f/0/4/4/df0446c2611b169bff71bf63cce7122c99299bf36e251a549d9544b0
[2024-10-03T08:44:14.589+0000] {processor.py:183} INFO - Processing /opt/airflow/dags/.cache/pip/http/d/f/0/4/4/df0446c2611b169bff71bf63cce7122c99299bf36e251a549d9544b0 took 0.139 seconds
[2024-10-03T08:44:45.467+0000] {processor.py:161} INFO - Started process (PID=1538) to work on /opt/airflow/dags/.cache/pip/http/d/f/0/4/4/df0446c2611b169bff71bf63cce7122c99299bf36e251a549d9544b0
[2024-10-03T08:44:45.469+0000] {processor.py:830} INFO - Processing file /opt/airflow/dags/.cache/pip/http/d/f/0/4/4/df0446c2611b169bff71bf63cce7122c99299bf36e251a549d9544b0 for tasks to queue
[2024-10-03T08:44:45.472+0000] {logging_mixin.py:188} INFO - [2024-10-03T08:44:45.471+0000] {dagbag.py:545} INFO - Filling up the DagBag from /opt/airflow/dags/.cache/pip/http/d/f/0/4/4/df0446c2611b169bff71bf63cce7122c99299bf36e251a549d9544b0
[2024-10-03T08:44:45.514+0000] {processor.py:842} WARNING - No viable dags retrieved from /opt/airflow/dags/.cache/pip/http/d/f/0/4/4/df0446c2611b169bff71bf63cce7122c99299bf36e251a549d9544b0
[2024-10-03T08:44:45.535+0000] {processor.py:183} INFO - Processing /opt/airflow/dags/.cache/pip/http/d/f/0/4/4/df0446c2611b169bff71bf63cce7122c99299bf36e251a549d9544b0 took 0.078 seconds
[2024-10-03T08:45:19.197+0000] {processor.py:161} INFO - Started process (PID=1782) to work on /opt/airflow/dags/.cache/pip/http/d/f/0/4/4/df0446c2611b169bff71bf63cce7122c99299bf36e251a549d9544b0
[2024-10-03T08:45:19.198+0000] {processor.py:830} INFO - Processing file /opt/airflow/dags/.cache/pip/http/d/f/0/4/4/df0446c2611b169bff71bf63cce7122c99299bf36e251a549d9544b0 for tasks to queue
[2024-10-03T08:45:19.201+0000] {logging_mixin.py:188} INFO - [2024-10-03T08:45:19.201+0000] {dagbag.py:545} INFO - Filling up the DagBag from /opt/airflow/dags/.cache/pip/http/d/f/0/4/4/df0446c2611b169bff71bf63cce7122c99299bf36e251a549d9544b0
[2024-10-03T08:45:19.229+0000] {processor.py:842} WARNING - No viable dags retrieved from /opt/airflow/dags/.cache/pip/http/d/f/0/4/4/df0446c2611b169bff71bf63cce7122c99299bf36e251a549d9544b0
[2024-10-03T08:45:19.249+0000] {processor.py:183} INFO - Processing /opt/airflow/dags/.cache/pip/http/d/f/0/4/4/df0446c2611b169bff71bf63cce7122c99299bf36e251a549d9544b0 took 0.063 seconds
[2024-10-03T08:45:50.798+0000] {processor.py:161} INFO - Started process (PID=2023) to work on /opt/airflow/dags/.cache/pip/http/d/f/0/4/4/df0446c2611b169bff71bf63cce7122c99299bf36e251a549d9544b0
[2024-10-03T08:45:50.803+0000] {processor.py:830} INFO - Processing file /opt/airflow/dags/.cache/pip/http/d/f/0/4/4/df0446c2611b169bff71bf63cce7122c99299bf36e251a549d9544b0 for tasks to queue
[2024-10-03T08:45:50.807+0000] {logging_mixin.py:188} INFO - [2024-10-03T08:45:50.806+0000] {dagbag.py:545} INFO - Filling up the DagBag from /opt/airflow/dags/.cache/pip/http/d/f/0/4/4/df0446c2611b169bff71bf63cce7122c99299bf36e251a549d9544b0
[2024-10-03T08:45:50.845+0000] {processor.py:842} WARNING - No viable dags retrieved from /opt/airflow/dags/.cache/pip/http/d/f/0/4/4/df0446c2611b169bff71bf63cce7122c99299bf36e251a549d9544b0
[2024-10-03T08:45:50.867+0000] {processor.py:183} INFO - Processing /opt/airflow/dags/.cache/pip/http/d/f/0/4/4/df0446c2611b169bff71bf63cce7122c99299bf36e251a549d9544b0 took 0.081 seconds
[2024-10-03T08:46:22.765+0000] {processor.py:161} INFO - Started process (PID=2263) to work on /opt/airflow/dags/.cache/pip/http/d/f/0/4/4/df0446c2611b169bff71bf63cce7122c99299bf36e251a549d9544b0
[2024-10-03T08:46:22.767+0000] {processor.py:830} INFO - Processing file /opt/airflow/dags/.cache/pip/http/d/f/0/4/4/df0446c2611b169bff71bf63cce7122c99299bf36e251a549d9544b0 for tasks to queue
[2024-10-03T08:46:22.770+0000] {logging_mixin.py:188} INFO - [2024-10-03T08:46:22.769+0000] {dagbag.py:545} INFO - Filling up the DagBag from /opt/airflow/dags/.cache/pip/http/d/f/0/4/4/df0446c2611b169bff71bf63cce7122c99299bf36e251a549d9544b0
[2024-10-03T08:46:22.812+0000] {processor.py:842} WARNING - No viable dags retrieved from /opt/airflow/dags/.cache/pip/http/d/f/0/4/4/df0446c2611b169bff71bf63cce7122c99299bf36e251a549d9544b0
[2024-10-03T08:46:22.851+0000] {processor.py:183} INFO - Processing /opt/airflow/dags/.cache/pip/http/d/f/0/4/4/df0446c2611b169bff71bf63cce7122c99299bf36e251a549d9544b0 took 0.095 seconds
[2024-10-03T08:47:12.790+0000] {processor.py:161} INFO - Started process (PID=2534) to work on /opt/airflow/dags/.cache/pip/http/d/f/0/4/4/df0446c2611b169bff71bf63cce7122c99299bf36e251a549d9544b0
[2024-10-03T08:47:12.793+0000] {processor.py:830} INFO - Processing file /opt/airflow/dags/.cache/pip/http/d/f/0/4/4/df0446c2611b169bff71bf63cce7122c99299bf36e251a549d9544b0 for tasks to queue
[2024-10-03T08:47:12.798+0000] {logging_mixin.py:188} INFO - [2024-10-03T08:47:12.797+0000] {dagbag.py:545} INFO - Filling up the DagBag from /opt/airflow/dags/.cache/pip/http/d/f/0/4/4/df0446c2611b169bff71bf63cce7122c99299bf36e251a549d9544b0
[2024-10-03T08:47:12.867+0000] {processor.py:842} WARNING - No viable dags retrieved from /opt/airflow/dags/.cache/pip/http/d/f/0/4/4/df0446c2611b169bff71bf63cce7122c99299bf36e251a549d9544b0
[2024-10-03T08:47:12.898+0000] {processor.py:183} INFO - Processing /opt/airflow/dags/.cache/pip/http/d/f/0/4/4/df0446c2611b169bff71bf63cce7122c99299bf36e251a549d9544b0 took 0.122 seconds
[2024-10-03T08:47:46.471+0000] {processor.py:161} INFO - Started process (PID=2776) to work on /opt/airflow/dags/.cache/pip/http/d/f/0/4/4/df0446c2611b169bff71bf63cce7122c99299bf36e251a549d9544b0
[2024-10-03T08:47:46.472+0000] {processor.py:830} INFO - Processing file /opt/airflow/dags/.cache/pip/http/d/f/0/4/4/df0446c2611b169bff71bf63cce7122c99299bf36e251a549d9544b0 for tasks to queue
[2024-10-03T08:47:46.475+0000] {logging_mixin.py:188} INFO - [2024-10-03T08:47:46.475+0000] {dagbag.py:545} INFO - Filling up the DagBag from /opt/airflow/dags/.cache/pip/http/d/f/0/4/4/df0446c2611b169bff71bf63cce7122c99299bf36e251a549d9544b0
[2024-10-03T08:47:46.517+0000] {processor.py:842} WARNING - No viable dags retrieved from /opt/airflow/dags/.cache/pip/http/d/f/0/4/4/df0446c2611b169bff71bf63cce7122c99299bf36e251a549d9544b0
[2024-10-03T08:47:46.543+0000] {processor.py:183} INFO - Processing /opt/airflow/dags/.cache/pip/http/d/f/0/4/4/df0446c2611b169bff71bf63cce7122c99299bf36e251a549d9544b0 took 0.083 seconds
[2024-10-03T08:48:20.712+0000] {processor.py:161} INFO - Started process (PID=3024) to work on /opt/airflow/dags/.cache/pip/http/d/f/0/4/4/df0446c2611b169bff71bf63cce7122c99299bf36e251a549d9544b0
[2024-10-03T08:48:20.714+0000] {processor.py:830} INFO - Processing file /opt/airflow/dags/.cache/pip/http/d/f/0/4/4/df0446c2611b169bff71bf63cce7122c99299bf36e251a549d9544b0 for tasks to queue
[2024-10-03T08:48:20.717+0000] {logging_mixin.py:188} INFO - [2024-10-03T08:48:20.716+0000] {dagbag.py:545} INFO - Filling up the DagBag from /opt/airflow/dags/.cache/pip/http/d/f/0/4/4/df0446c2611b169bff71bf63cce7122c99299bf36e251a549d9544b0
[2024-10-03T08:48:20.759+0000] {processor.py:842} WARNING - No viable dags retrieved from /opt/airflow/dags/.cache/pip/http/d/f/0/4/4/df0446c2611b169bff71bf63cce7122c99299bf36e251a549d9544b0
[2024-10-03T08:48:20.786+0000] {processor.py:183} INFO - Processing /opt/airflow/dags/.cache/pip/http/d/f/0/4/4/df0446c2611b169bff71bf63cce7122c99299bf36e251a549d9544b0 took 0.085 seconds
[2024-10-03T08:48:51.250+0000] {processor.py:161} INFO - Started process (PID=3264) to work on /opt/airflow/dags/.cache/pip/http/d/f/0/4/4/df0446c2611b169bff71bf63cce7122c99299bf36e251a549d9544b0
[2024-10-03T08:48:51.251+0000] {processor.py:830} INFO - Processing file /opt/airflow/dags/.cache/pip/http/d/f/0/4/4/df0446c2611b169bff71bf63cce7122c99299bf36e251a549d9544b0 for tasks to queue
[2024-10-03T08:48:51.253+0000] {logging_mixin.py:188} INFO - [2024-10-03T08:48:51.253+0000] {dagbag.py:545} INFO - Filling up the DagBag from /opt/airflow/dags/.cache/pip/http/d/f/0/4/4/df0446c2611b169bff71bf63cce7122c99299bf36e251a549d9544b0
[2024-10-03T08:48:51.287+0000] {processor.py:842} WARNING - No viable dags retrieved from /opt/airflow/dags/.cache/pip/http/d/f/0/4/4/df0446c2611b169bff71bf63cce7122c99299bf36e251a549d9544b0
[2024-10-03T08:48:51.300+0000] {processor.py:183} INFO - Processing /opt/airflow/dags/.cache/pip/http/d/f/0/4/4/df0446c2611b169bff71bf63cce7122c99299bf36e251a549d9544b0 took 0.055 seconds
[2024-10-03T08:49:23.208+0000] {processor.py:161} INFO - Started process (PID=3508) to work on /opt/airflow/dags/.cache/pip/http/d/f/0/4/4/df0446c2611b169bff71bf63cce7122c99299bf36e251a549d9544b0
[2024-10-03T08:49:23.209+0000] {processor.py:830} INFO - Processing file /opt/airflow/dags/.cache/pip/http/d/f/0/4/4/df0446c2611b169bff71bf63cce7122c99299bf36e251a549d9544b0 for tasks to queue
[2024-10-03T08:49:23.210+0000] {logging_mixin.py:188} INFO - [2024-10-03T08:49:23.210+0000] {dagbag.py:545} INFO - Filling up the DagBag from /opt/airflow/dags/.cache/pip/http/d/f/0/4/4/df0446c2611b169bff71bf63cce7122c99299bf36e251a549d9544b0
[2024-10-03T08:49:23.227+0000] {processor.py:842} WARNING - No viable dags retrieved from /opt/airflow/dags/.cache/pip/http/d/f/0/4/4/df0446c2611b169bff71bf63cce7122c99299bf36e251a549d9544b0
[2024-10-03T08:49:23.237+0000] {processor.py:183} INFO - Processing /opt/airflow/dags/.cache/pip/http/d/f/0/4/4/df0446c2611b169bff71bf63cce7122c99299bf36e251a549d9544b0 took 0.034 seconds
[2024-10-03T08:49:56.773+0000] {processor.py:161} INFO - Started process (PID=3751) to work on /opt/airflow/dags/.cache/pip/http/d/f/0/4/4/df0446c2611b169bff71bf63cce7122c99299bf36e251a549d9544b0
[2024-10-03T08:49:56.774+0000] {processor.py:830} INFO - Processing file /opt/airflow/dags/.cache/pip/http/d/f/0/4/4/df0446c2611b169bff71bf63cce7122c99299bf36e251a549d9544b0 for tasks to queue
[2024-10-03T08:49:56.776+0000] {logging_mixin.py:188} INFO - [2024-10-03T08:49:56.776+0000] {dagbag.py:545} INFO - Filling up the DagBag from /opt/airflow/dags/.cache/pip/http/d/f/0/4/4/df0446c2611b169bff71bf63cce7122c99299bf36e251a549d9544b0
[2024-10-03T08:49:56.796+0000] {processor.py:842} WARNING - No viable dags retrieved from /opt/airflow/dags/.cache/pip/http/d/f/0/4/4/df0446c2611b169bff71bf63cce7122c99299bf36e251a549d9544b0
[2024-10-03T08:49:56.807+0000] {processor.py:183} INFO - Processing /opt/airflow/dags/.cache/pip/http/d/f/0/4/4/df0446c2611b169bff71bf63cce7122c99299bf36e251a549d9544b0 took 0.043 seconds
[2024-10-03T08:50:28.586+0000] {processor.py:161} INFO - Started process (PID=3993) to work on /opt/airflow/dags/.cache/pip/http/d/f/0/4/4/df0446c2611b169bff71bf63cce7122c99299bf36e251a549d9544b0
[2024-10-03T08:50:28.588+0000] {processor.py:830} INFO - Processing file /opt/airflow/dags/.cache/pip/http/d/f/0/4/4/df0446c2611b169bff71bf63cce7122c99299bf36e251a549d9544b0 for tasks to queue
[2024-10-03T08:50:28.590+0000] {logging_mixin.py:188} INFO - [2024-10-03T08:50:28.590+0000] {dagbag.py:545} INFO - Filling up the DagBag from /opt/airflow/dags/.cache/pip/http/d/f/0/4/4/df0446c2611b169bff71bf63cce7122c99299bf36e251a549d9544b0
[2024-10-03T08:50:28.612+0000] {processor.py:842} WARNING - No viable dags retrieved from /opt/airflow/dags/.cache/pip/http/d/f/0/4/4/df0446c2611b169bff71bf63cce7122c99299bf36e251a549d9544b0
[2024-10-03T08:50:28.624+0000] {processor.py:183} INFO - Processing /opt/airflow/dags/.cache/pip/http/d/f/0/4/4/df0446c2611b169bff71bf63cce7122c99299bf36e251a549d9544b0 took 0.046 seconds
[2024-10-03T08:56:30.868+0000] {processor.py:161} INFO - Started process (PID=4376) to work on /opt/airflow/dags/.cache/pip/http/d/f/0/4/4/df0446c2611b169bff71bf63cce7122c99299bf36e251a549d9544b0
[2024-10-03T08:56:30.869+0000] {processor.py:830} INFO - Processing file /opt/airflow/dags/.cache/pip/http/d/f/0/4/4/df0446c2611b169bff71bf63cce7122c99299bf36e251a549d9544b0 for tasks to queue
[2024-10-03T08:56:30.870+0000] {logging_mixin.py:188} INFO - [2024-10-03T08:56:30.870+0000] {dagbag.py:545} INFO - Filling up the DagBag from /opt/airflow/dags/.cache/pip/http/d/f/0/4/4/df0446c2611b169bff71bf63cce7122c99299bf36e251a549d9544b0
[2024-10-03T08:56:30.889+0000] {processor.py:842} WARNING - No viable dags retrieved from /opt/airflow/dags/.cache/pip/http/d/f/0/4/4/df0446c2611b169bff71bf63cce7122c99299bf36e251a549d9544b0
[2024-10-03T08:56:30.899+0000] {processor.py:183} INFO - Processing /opt/airflow/dags/.cache/pip/http/d/f/0/4/4/df0446c2611b169bff71bf63cce7122c99299bf36e251a549d9544b0 took 0.037 seconds
[2024-10-03T08:57:02.922+0000] {processor.py:161} INFO - Started process (PID=4626) to work on /opt/airflow/dags/.cache/pip/http/d/f/0/4/4/df0446c2611b169bff71bf63cce7122c99299bf36e251a549d9544b0
[2024-10-03T08:57:02.923+0000] {processor.py:830} INFO - Processing file /opt/airflow/dags/.cache/pip/http/d/f/0/4/4/df0446c2611b169bff71bf63cce7122c99299bf36e251a549d9544b0 for tasks to queue
[2024-10-03T08:57:02.925+0000] {logging_mixin.py:188} INFO - [2024-10-03T08:57:02.924+0000] {dagbag.py:545} INFO - Filling up the DagBag from /opt/airflow/dags/.cache/pip/http/d/f/0/4/4/df0446c2611b169bff71bf63cce7122c99299bf36e251a549d9544b0
[2024-10-03T08:57:02.938+0000] {processor.py:842} WARNING - No viable dags retrieved from /opt/airflow/dags/.cache/pip/http/d/f/0/4/4/df0446c2611b169bff71bf63cce7122c99299bf36e251a549d9544b0
[2024-10-03T08:57:02.951+0000] {processor.py:183} INFO - Processing /opt/airflow/dags/.cache/pip/http/d/f/0/4/4/df0446c2611b169bff71bf63cce7122c99299bf36e251a549d9544b0 took 0.037 seconds
