[2024-10-03T08:42:02.656+0000] {processor.py:161} INFO - Started process (PID=365) to work on /opt/airflow/dags/.cache/pip/http/b/0/b/4/9/b0b49d3b4d0e73e62d218bee87e96800f007e2df035cc553511e85ba
[2024-10-03T08:42:02.657+0000] {processor.py:830} INFO - Processing file /opt/airflow/dags/.cache/pip/http/b/0/b/4/9/b0b49d3b4d0e73e62d218bee87e96800f007e2df035cc553511e85ba for tasks to queue
[2024-10-03T08:42:02.659+0000] {logging_mixin.py:188} INFO - [2024-10-03T08:42:02.659+0000] {dagbag.py:545} INFO - Filling up the DagBag from /opt/airflow/dags/.cache/pip/http/b/0/b/4/9/b0b49d3b4d0e73e62d218bee87e96800f007e2df035cc553511e85ba
[2024-10-03T08:42:02.677+0000] {processor.py:842} WARNING - No viable dags retrieved from /opt/airflow/dags/.cache/pip/http/b/0/b/4/9/b0b49d3b4d0e73e62d218bee87e96800f007e2df035cc553511e85ba
[2024-10-03T08:42:02.686+0000] {processor.py:183} INFO - Processing /opt/airflow/dags/.cache/pip/http/b/0/b/4/9/b0b49d3b4d0e73e62d218bee87e96800f007e2df035cc553511e85ba took 0.034 seconds
[2024-10-03T08:42:36.125+0000] {processor.py:161} INFO - Started process (PID=607) to work on /opt/airflow/dags/.cache/pip/http/b/0/b/4/9/b0b49d3b4d0e73e62d218bee87e96800f007e2df035cc553511e85ba
[2024-10-03T08:42:36.127+0000] {processor.py:830} INFO - Processing file /opt/airflow/dags/.cache/pip/http/b/0/b/4/9/b0b49d3b4d0e73e62d218bee87e96800f007e2df035cc553511e85ba for tasks to queue
[2024-10-03T08:42:36.130+0000] {logging_mixin.py:188} INFO - [2024-10-03T08:42:36.129+0000] {dagbag.py:545} INFO - Filling up the DagBag from /opt/airflow/dags/.cache/pip/http/b/0/b/4/9/b0b49d3b4d0e73e62d218bee87e96800f007e2df035cc553511e85ba
[2024-10-03T08:42:36.158+0000] {processor.py:842} WARNING - No viable dags retrieved from /opt/airflow/dags/.cache/pip/http/b/0/b/4/9/b0b49d3b4d0e73e62d218bee87e96800f007e2df035cc553511e85ba
[2024-10-03T08:42:36.173+0000] {processor.py:183} INFO - Processing /opt/airflow/dags/.cache/pip/http/b/0/b/4/9/b0b49d3b4d0e73e62d218bee87e96800f007e2df035cc553511e85ba took 0.056 seconds
[2024-10-03T08:43:09.540+0000] {processor.py:161} INFO - Started process (PID=847) to work on /opt/airflow/dags/.cache/pip/http/b/0/b/4/9/b0b49d3b4d0e73e62d218bee87e96800f007e2df035cc553511e85ba
[2024-10-03T08:43:09.543+0000] {processor.py:830} INFO - Processing file /opt/airflow/dags/.cache/pip/http/b/0/b/4/9/b0b49d3b4d0e73e62d218bee87e96800f007e2df035cc553511e85ba for tasks to queue
[2024-10-03T08:43:09.547+0000] {logging_mixin.py:188} INFO - [2024-10-03T08:43:09.547+0000] {dagbag.py:545} INFO - Filling up the DagBag from /opt/airflow/dags/.cache/pip/http/b/0/b/4/9/b0b49d3b4d0e73e62d218bee87e96800f007e2df035cc553511e85ba
[2024-10-03T08:43:09.615+0000] {processor.py:842} WARNING - No viable dags retrieved from /opt/airflow/dags/.cache/pip/http/b/0/b/4/9/b0b49d3b4d0e73e62d218bee87e96800f007e2df035cc553511e85ba
[2024-10-03T08:43:09.637+0000] {processor.py:183} INFO - Processing /opt/airflow/dags/.cache/pip/http/b/0/b/4/9/b0b49d3b4d0e73e62d218bee87e96800f007e2df035cc553511e85ba took 0.107 seconds
[2024-10-03T08:43:42.338+0000] {processor.py:161} INFO - Started process (PID=1092) to work on /opt/airflow/dags/.cache/pip/http/b/0/b/4/9/b0b49d3b4d0e73e62d218bee87e96800f007e2df035cc553511e85ba
[2024-10-03T08:43:42.340+0000] {processor.py:830} INFO - Processing file /opt/airflow/dags/.cache/pip/http/b/0/b/4/9/b0b49d3b4d0e73e62d218bee87e96800f007e2df035cc553511e85ba for tasks to queue
[2024-10-03T08:43:42.342+0000] {logging_mixin.py:188} INFO - [2024-10-03T08:43:42.342+0000] {dagbag.py:545} INFO - Filling up the DagBag from /opt/airflow/dags/.cache/pip/http/b/0/b/4/9/b0b49d3b4d0e73e62d218bee87e96800f007e2df035cc553511e85ba
[2024-10-03T08:43:42.497+0000] {processor.py:842} WARNING - No viable dags retrieved from /opt/airflow/dags/.cache/pip/http/b/0/b/4/9/b0b49d3b4d0e73e62d218bee87e96800f007e2df035cc553511e85ba
[2024-10-03T08:43:42.519+0000] {processor.py:183} INFO - Processing /opt/airflow/dags/.cache/pip/http/b/0/b/4/9/b0b49d3b4d0e73e62d218bee87e96800f007e2df035cc553511e85ba took 0.188 seconds
[2024-10-03T08:44:15.073+0000] {processor.py:161} INFO - Started process (PID=1334) to work on /opt/airflow/dags/.cache/pip/http/b/0/b/4/9/b0b49d3b4d0e73e62d218bee87e96800f007e2df035cc553511e85ba
[2024-10-03T08:44:15.074+0000] {processor.py:830} INFO - Processing file /opt/airflow/dags/.cache/pip/http/b/0/b/4/9/b0b49d3b4d0e73e62d218bee87e96800f007e2df035cc553511e85ba for tasks to queue
[2024-10-03T08:44:15.077+0000] {logging_mixin.py:188} INFO - [2024-10-03T08:44:15.076+0000] {dagbag.py:545} INFO - Filling up the DagBag from /opt/airflow/dags/.cache/pip/http/b/0/b/4/9/b0b49d3b4d0e73e62d218bee87e96800f007e2df035cc553511e85ba
[2024-10-03T08:44:15.192+0000] {processor.py:842} WARNING - No viable dags retrieved from /opt/airflow/dags/.cache/pip/http/b/0/b/4/9/b0b49d3b4d0e73e62d218bee87e96800f007e2df035cc553511e85ba
[2024-10-03T08:44:15.215+0000] {processor.py:183} INFO - Processing /opt/airflow/dags/.cache/pip/http/b/0/b/4/9/b0b49d3b4d0e73e62d218bee87e96800f007e2df035cc553511e85ba took 0.151 seconds
[2024-10-03T08:44:47.068+0000] {processor.py:161} INFO - Started process (PID=1576) to work on /opt/airflow/dags/.cache/pip/http/b/0/b/4/9/b0b49d3b4d0e73e62d218bee87e96800f007e2df035cc553511e85ba
[2024-10-03T08:44:47.070+0000] {processor.py:830} INFO - Processing file /opt/airflow/dags/.cache/pip/http/b/0/b/4/9/b0b49d3b4d0e73e62d218bee87e96800f007e2df035cc553511e85ba for tasks to queue
[2024-10-03T08:44:47.073+0000] {logging_mixin.py:188} INFO - [2024-10-03T08:44:47.072+0000] {dagbag.py:545} INFO - Filling up the DagBag from /opt/airflow/dags/.cache/pip/http/b/0/b/4/9/b0b49d3b4d0e73e62d218bee87e96800f007e2df035cc553511e85ba
[2024-10-03T08:44:47.134+0000] {processor.py:842} WARNING - No viable dags retrieved from /opt/airflow/dags/.cache/pip/http/b/0/b/4/9/b0b49d3b4d0e73e62d218bee87e96800f007e2df035cc553511e85ba
[2024-10-03T08:44:47.154+0000] {processor.py:183} INFO - Processing /opt/airflow/dags/.cache/pip/http/b/0/b/4/9/b0b49d3b4d0e73e62d218bee87e96800f007e2df035cc553511e85ba took 0.096 seconds
[2024-10-03T08:45:20.292+0000] {processor.py:161} INFO - Started process (PID=1801) to work on /opt/airflow/dags/.cache/pip/http/b/0/b/4/9/b0b49d3b4d0e73e62d218bee87e96800f007e2df035cc553511e85ba
[2024-10-03T08:45:20.294+0000] {processor.py:830} INFO - Processing file /opt/airflow/dags/.cache/pip/http/b/0/b/4/9/b0b49d3b4d0e73e62d218bee87e96800f007e2df035cc553511e85ba for tasks to queue
[2024-10-03T08:45:20.297+0000] {logging_mixin.py:188} INFO - [2024-10-03T08:45:20.297+0000] {dagbag.py:545} INFO - Filling up the DagBag from /opt/airflow/dags/.cache/pip/http/b/0/b/4/9/b0b49d3b4d0e73e62d218bee87e96800f007e2df035cc553511e85ba
[2024-10-03T08:45:20.359+0000] {processor.py:842} WARNING - No viable dags retrieved from /opt/airflow/dags/.cache/pip/http/b/0/b/4/9/b0b49d3b4d0e73e62d218bee87e96800f007e2df035cc553511e85ba
[2024-10-03T08:45:20.383+0000] {processor.py:183} INFO - Processing /opt/airflow/dags/.cache/pip/http/b/0/b/4/9/b0b49d3b4d0e73e62d218bee87e96800f007e2df035cc553511e85ba took 0.103 seconds
[2024-10-03T08:45:51.379+0000] {processor.py:161} INFO - Started process (PID=2038) to work on /opt/airflow/dags/.cache/pip/http/b/0/b/4/9/b0b49d3b4d0e73e62d218bee87e96800f007e2df035cc553511e85ba
[2024-10-03T08:45:51.381+0000] {processor.py:830} INFO - Processing file /opt/airflow/dags/.cache/pip/http/b/0/b/4/9/b0b49d3b4d0e73e62d218bee87e96800f007e2df035cc553511e85ba for tasks to queue
[2024-10-03T08:45:51.384+0000] {logging_mixin.py:188} INFO - [2024-10-03T08:45:51.383+0000] {dagbag.py:545} INFO - Filling up the DagBag from /opt/airflow/dags/.cache/pip/http/b/0/b/4/9/b0b49d3b4d0e73e62d218bee87e96800f007e2df035cc553511e85ba
[2024-10-03T08:45:51.429+0000] {processor.py:842} WARNING - No viable dags retrieved from /opt/airflow/dags/.cache/pip/http/b/0/b/4/9/b0b49d3b4d0e73e62d218bee87e96800f007e2df035cc553511e85ba
[2024-10-03T08:45:51.451+0000] {processor.py:183} INFO - Processing /opt/airflow/dags/.cache/pip/http/b/0/b/4/9/b0b49d3b4d0e73e62d218bee87e96800f007e2df035cc553511e85ba took 0.082 seconds
[2024-10-03T08:46:23.168+0000] {processor.py:161} INFO - Started process (PID=2278) to work on /opt/airflow/dags/.cache/pip/http/b/0/b/4/9/b0b49d3b4d0e73e62d218bee87e96800f007e2df035cc553511e85ba
[2024-10-03T08:46:23.169+0000] {processor.py:830} INFO - Processing file /opt/airflow/dags/.cache/pip/http/b/0/b/4/9/b0b49d3b4d0e73e62d218bee87e96800f007e2df035cc553511e85ba for tasks to queue
[2024-10-03T08:46:23.189+0000] {logging_mixin.py:188} INFO - [2024-10-03T08:46:23.189+0000] {dagbag.py:545} INFO - Filling up the DagBag from /opt/airflow/dags/.cache/pip/http/b/0/b/4/9/b0b49d3b4d0e73e62d218bee87e96800f007e2df035cc553511e85ba
[2024-10-03T08:46:23.220+0000] {processor.py:842} WARNING - No viable dags retrieved from /opt/airflow/dags/.cache/pip/http/b/0/b/4/9/b0b49d3b4d0e73e62d218bee87e96800f007e2df035cc553511e85ba
[2024-10-03T08:46:23.237+0000] {processor.py:183} INFO - Processing /opt/airflow/dags/.cache/pip/http/b/0/b/4/9/b0b49d3b4d0e73e62d218bee87e96800f007e2df035cc553511e85ba took 0.077 seconds
[2024-10-03T08:47:13.357+0000] {processor.py:161} INFO - Started process (PID=2549) to work on /opt/airflow/dags/.cache/pip/http/b/0/b/4/9/b0b49d3b4d0e73e62d218bee87e96800f007e2df035cc553511e85ba
[2024-10-03T08:47:13.358+0000] {processor.py:830} INFO - Processing file /opt/airflow/dags/.cache/pip/http/b/0/b/4/9/b0b49d3b4d0e73e62d218bee87e96800f007e2df035cc553511e85ba for tasks to queue
[2024-10-03T08:47:13.361+0000] {logging_mixin.py:188} INFO - [2024-10-03T08:47:13.361+0000] {dagbag.py:545} INFO - Filling up the DagBag from /opt/airflow/dags/.cache/pip/http/b/0/b/4/9/b0b49d3b4d0e73e62d218bee87e96800f007e2df035cc553511e85ba
[2024-10-03T08:47:13.411+0000] {processor.py:842} WARNING - No viable dags retrieved from /opt/airflow/dags/.cache/pip/http/b/0/b/4/9/b0b49d3b4d0e73e62d218bee87e96800f007e2df035cc553511e85ba
[2024-10-03T08:47:13.430+0000] {processor.py:183} INFO - Processing /opt/airflow/dags/.cache/pip/http/b/0/b/4/9/b0b49d3b4d0e73e62d218bee87e96800f007e2df035cc553511e85ba took 0.084 seconds
[2024-10-03T08:47:46.986+0000] {processor.py:161} INFO - Started process (PID=2791) to work on /opt/airflow/dags/.cache/pip/http/b/0/b/4/9/b0b49d3b4d0e73e62d218bee87e96800f007e2df035cc553511e85ba
[2024-10-03T08:47:46.988+0000] {processor.py:830} INFO - Processing file /opt/airflow/dags/.cache/pip/http/b/0/b/4/9/b0b49d3b4d0e73e62d218bee87e96800f007e2df035cc553511e85ba for tasks to queue
[2024-10-03T08:47:46.991+0000] {logging_mixin.py:188} INFO - [2024-10-03T08:47:46.991+0000] {dagbag.py:545} INFO - Filling up the DagBag from /opt/airflow/dags/.cache/pip/http/b/0/b/4/9/b0b49d3b4d0e73e62d218bee87e96800f007e2df035cc553511e85ba
[2024-10-03T08:47:47.071+0000] {processor.py:842} WARNING - No viable dags retrieved from /opt/airflow/dags/.cache/pip/http/b/0/b/4/9/b0b49d3b4d0e73e62d218bee87e96800f007e2df035cc553511e85ba
[2024-10-03T08:47:47.097+0000] {processor.py:183} INFO - Processing /opt/airflow/dags/.cache/pip/http/b/0/b/4/9/b0b49d3b4d0e73e62d218bee87e96800f007e2df035cc553511e85ba took 0.122 seconds
[2024-10-03T08:48:21.284+0000] {processor.py:161} INFO - Started process (PID=3039) to work on /opt/airflow/dags/.cache/pip/http/b/0/b/4/9/b0b49d3b4d0e73e62d218bee87e96800f007e2df035cc553511e85ba
[2024-10-03T08:48:21.285+0000] {processor.py:830} INFO - Processing file /opt/airflow/dags/.cache/pip/http/b/0/b/4/9/b0b49d3b4d0e73e62d218bee87e96800f007e2df035cc553511e85ba for tasks to queue
[2024-10-03T08:48:21.289+0000] {logging_mixin.py:188} INFO - [2024-10-03T08:48:21.288+0000] {dagbag.py:545} INFO - Filling up the DagBag from /opt/airflow/dags/.cache/pip/http/b/0/b/4/9/b0b49d3b4d0e73e62d218bee87e96800f007e2df035cc553511e85ba
[2024-10-03T08:48:21.325+0000] {processor.py:842} WARNING - No viable dags retrieved from /opt/airflow/dags/.cache/pip/http/b/0/b/4/9/b0b49d3b4d0e73e62d218bee87e96800f007e2df035cc553511e85ba
[2024-10-03T08:48:21.351+0000] {processor.py:183} INFO - Processing /opt/airflow/dags/.cache/pip/http/b/0/b/4/9/b0b49d3b4d0e73e62d218bee87e96800f007e2df035cc553511e85ba took 0.079 seconds
[2024-10-03T08:48:51.895+0000] {processor.py:161} INFO - Started process (PID=3281) to work on /opt/airflow/dags/.cache/pip/http/b/0/b/4/9/b0b49d3b4d0e73e62d218bee87e96800f007e2df035cc553511e85ba
[2024-10-03T08:48:51.896+0000] {processor.py:830} INFO - Processing file /opt/airflow/dags/.cache/pip/http/b/0/b/4/9/b0b49d3b4d0e73e62d218bee87e96800f007e2df035cc553511e85ba for tasks to queue
[2024-10-03T08:48:51.898+0000] {logging_mixin.py:188} INFO - [2024-10-03T08:48:51.898+0000] {dagbag.py:545} INFO - Filling up the DagBag from /opt/airflow/dags/.cache/pip/http/b/0/b/4/9/b0b49d3b4d0e73e62d218bee87e96800f007e2df035cc553511e85ba
[2024-10-03T08:48:51.915+0000] {processor.py:842} WARNING - No viable dags retrieved from /opt/airflow/dags/.cache/pip/http/b/0/b/4/9/b0b49d3b4d0e73e62d218bee87e96800f007e2df035cc553511e85ba
[2024-10-03T08:48:51.925+0000] {processor.py:183} INFO - Processing /opt/airflow/dags/.cache/pip/http/b/0/b/4/9/b0b49d3b4d0e73e62d218bee87e96800f007e2df035cc553511e85ba took 0.034 seconds
[2024-10-03T08:49:23.663+0000] {processor.py:161} INFO - Started process (PID=3523) to work on /opt/airflow/dags/.cache/pip/http/b/0/b/4/9/b0b49d3b4d0e73e62d218bee87e96800f007e2df035cc553511e85ba
[2024-10-03T08:49:23.664+0000] {processor.py:830} INFO - Processing file /opt/airflow/dags/.cache/pip/http/b/0/b/4/9/b0b49d3b4d0e73e62d218bee87e96800f007e2df035cc553511e85ba for tasks to queue
[2024-10-03T08:49:23.666+0000] {logging_mixin.py:188} INFO - [2024-10-03T08:49:23.665+0000] {dagbag.py:545} INFO - Filling up the DagBag from /opt/airflow/dags/.cache/pip/http/b/0/b/4/9/b0b49d3b4d0e73e62d218bee87e96800f007e2df035cc553511e85ba
[2024-10-03T08:49:23.683+0000] {processor.py:842} WARNING - No viable dags retrieved from /opt/airflow/dags/.cache/pip/http/b/0/b/4/9/b0b49d3b4d0e73e62d218bee87e96800f007e2df035cc553511e85ba
[2024-10-03T08:49:23.693+0000] {processor.py:183} INFO - Processing /opt/airflow/dags/.cache/pip/http/b/0/b/4/9/b0b49d3b4d0e73e62d218bee87e96800f007e2df035cc553511e85ba took 0.034 seconds
[2024-10-03T08:49:57.034+0000] {processor.py:161} INFO - Started process (PID=3766) to work on /opt/airflow/dags/.cache/pip/http/b/0/b/4/9/b0b49d3b4d0e73e62d218bee87e96800f007e2df035cc553511e85ba
[2024-10-03T08:49:57.035+0000] {processor.py:830} INFO - Processing file /opt/airflow/dags/.cache/pip/http/b/0/b/4/9/b0b49d3b4d0e73e62d218bee87e96800f007e2df035cc553511e85ba for tasks to queue
[2024-10-03T08:49:57.037+0000] {logging_mixin.py:188} INFO - [2024-10-03T08:49:57.037+0000] {dagbag.py:545} INFO - Filling up the DagBag from /opt/airflow/dags/.cache/pip/http/b/0/b/4/9/b0b49d3b4d0e73e62d218bee87e96800f007e2df035cc553511e85ba
[2024-10-03T08:49:57.062+0000] {processor.py:842} WARNING - No viable dags retrieved from /opt/airflow/dags/.cache/pip/http/b/0/b/4/9/b0b49d3b4d0e73e62d218bee87e96800f007e2df035cc553511e85ba
[2024-10-03T08:49:57.074+0000] {processor.py:183} INFO - Processing /opt/airflow/dags/.cache/pip/http/b/0/b/4/9/b0b49d3b4d0e73e62d218bee87e96800f007e2df035cc553511e85ba took 0.050 seconds
[2024-10-03T08:50:28.912+0000] {processor.py:161} INFO - Started process (PID=4008) to work on /opt/airflow/dags/.cache/pip/http/b/0/b/4/9/b0b49d3b4d0e73e62d218bee87e96800f007e2df035cc553511e85ba
[2024-10-03T08:50:28.914+0000] {processor.py:830} INFO - Processing file /opt/airflow/dags/.cache/pip/http/b/0/b/4/9/b0b49d3b4d0e73e62d218bee87e96800f007e2df035cc553511e85ba for tasks to queue
[2024-10-03T08:50:28.916+0000] {logging_mixin.py:188} INFO - [2024-10-03T08:50:28.916+0000] {dagbag.py:545} INFO - Filling up the DagBag from /opt/airflow/dags/.cache/pip/http/b/0/b/4/9/b0b49d3b4d0e73e62d218bee87e96800f007e2df035cc553511e85ba
[2024-10-03T08:50:28.958+0000] {processor.py:842} WARNING - No viable dags retrieved from /opt/airflow/dags/.cache/pip/http/b/0/b/4/9/b0b49d3b4d0e73e62d218bee87e96800f007e2df035cc553511e85ba
[2024-10-03T08:50:28.975+0000] {processor.py:183} INFO - Processing /opt/airflow/dags/.cache/pip/http/b/0/b/4/9/b0b49d3b4d0e73e62d218bee87e96800f007e2df035cc553511e85ba took 0.073 seconds
[2024-10-03T08:56:31.977+0000] {processor.py:161} INFO - Started process (PID=4411) to work on /opt/airflow/dags/.cache/pip/http/b/0/b/4/9/b0b49d3b4d0e73e62d218bee87e96800f007e2df035cc553511e85ba
[2024-10-03T08:56:31.978+0000] {processor.py:830} INFO - Processing file /opt/airflow/dags/.cache/pip/http/b/0/b/4/9/b0b49d3b4d0e73e62d218bee87e96800f007e2df035cc553511e85ba for tasks to queue
[2024-10-03T08:56:31.979+0000] {logging_mixin.py:188} INFO - [2024-10-03T08:56:31.979+0000] {dagbag.py:545} INFO - Filling up the DagBag from /opt/airflow/dags/.cache/pip/http/b/0/b/4/9/b0b49d3b4d0e73e62d218bee87e96800f007e2df035cc553511e85ba
[2024-10-03T08:56:31.996+0000] {processor.py:842} WARNING - No viable dags retrieved from /opt/airflow/dags/.cache/pip/http/b/0/b/4/9/b0b49d3b4d0e73e62d218bee87e96800f007e2df035cc553511e85ba
[2024-10-03T08:56:32.007+0000] {processor.py:183} INFO - Processing /opt/airflow/dags/.cache/pip/http/b/0/b/4/9/b0b49d3b4d0e73e62d218bee87e96800f007e2df035cc553511e85ba took 0.035 seconds
[2024-10-03T08:57:03.935+0000] {processor.py:161} INFO - Started process (PID=4663) to work on /opt/airflow/dags/.cache/pip/http/b/0/b/4/9/b0b49d3b4d0e73e62d218bee87e96800f007e2df035cc553511e85ba
[2024-10-03T08:57:03.936+0000] {processor.py:830} INFO - Processing file /opt/airflow/dags/.cache/pip/http/b/0/b/4/9/b0b49d3b4d0e73e62d218bee87e96800f007e2df035cc553511e85ba for tasks to queue
[2024-10-03T08:57:03.937+0000] {logging_mixin.py:188} INFO - [2024-10-03T08:57:03.937+0000] {dagbag.py:545} INFO - Filling up the DagBag from /opt/airflow/dags/.cache/pip/http/b/0/b/4/9/b0b49d3b4d0e73e62d218bee87e96800f007e2df035cc553511e85ba
[2024-10-03T08:57:03.957+0000] {processor.py:842} WARNING - No viable dags retrieved from /opt/airflow/dags/.cache/pip/http/b/0/b/4/9/b0b49d3b4d0e73e62d218bee87e96800f007e2df035cc553511e85ba
[2024-10-03T08:57:03.968+0000] {processor.py:183} INFO - Processing /opt/airflow/dags/.cache/pip/http/b/0/b/4/9/b0b49d3b4d0e73e62d218bee87e96800f007e2df035cc553511e85ba took 0.043 seconds
