[2024-09-24T20:22:08.864+0000] {processor.py:161} INFO - Started process (PID=417) to work on /opt/airflow/dags/.cache/pip/http/b/b/6/8/2/bb682246fcf09136f45dfdcaefb4a25e83fa2f05b23989efc5847496
[2024-09-24T20:22:08.866+0000] {processor.py:830} INFO - Processing file /opt/airflow/dags/.cache/pip/http/b/b/6/8/2/bb682246fcf09136f45dfdcaefb4a25e83fa2f05b23989efc5847496 for tasks to queue
[2024-09-24T20:22:08.889+0000] {logging_mixin.py:188} INFO - [2024-09-24T20:22:08.889+0000] {dagbag.py:545} INFO - Filling up the DagBag from /opt/airflow/dags/.cache/pip/http/b/b/6/8/2/bb682246fcf09136f45dfdcaefb4a25e83fa2f05b23989efc5847496
[2024-09-24T20:22:08.924+0000] {processor.py:842} WARNING - No viable dags retrieved from /opt/airflow/dags/.cache/pip/http/b/b/6/8/2/bb682246fcf09136f45dfdcaefb4a25e83fa2f05b23989efc5847496
[2024-09-24T20:22:08.942+0000] {processor.py:183} INFO - Processing /opt/airflow/dags/.cache/pip/http/b/b/6/8/2/bb682246fcf09136f45dfdcaefb4a25e83fa2f05b23989efc5847496 took 0.090 seconds
[2024-09-24T20:22:42.123+0000] {processor.py:161} INFO - Started process (PID=691) to work on /opt/airflow/dags/.cache/pip/http/b/b/6/8/2/bb682246fcf09136f45dfdcaefb4a25e83fa2f05b23989efc5847496
[2024-09-24T20:22:42.154+0000] {processor.py:830} INFO - Processing file /opt/airflow/dags/.cache/pip/http/b/b/6/8/2/bb682246fcf09136f45dfdcaefb4a25e83fa2f05b23989efc5847496 for tasks to queue
[2024-09-24T20:22:42.158+0000] {logging_mixin.py:188} INFO - [2024-09-24T20:22:42.157+0000] {dagbag.py:545} INFO - Filling up the DagBag from /opt/airflow/dags/.cache/pip/http/b/b/6/8/2/bb682246fcf09136f45dfdcaefb4a25e83fa2f05b23989efc5847496
[2024-09-24T20:22:42.254+0000] {processor.py:842} WARNING - No viable dags retrieved from /opt/airflow/dags/.cache/pip/http/b/b/6/8/2/bb682246fcf09136f45dfdcaefb4a25e83fa2f05b23989efc5847496
[2024-09-24T20:22:42.281+0000] {processor.py:183} INFO - Processing /opt/airflow/dags/.cache/pip/http/b/b/6/8/2/bb682246fcf09136f45dfdcaefb4a25e83fa2f05b23989efc5847496 took 0.170 seconds
[2024-09-24T20:27:56.672+0000] {processor.py:161} INFO - Started process (PID=421) to work on /opt/airflow/dags/.cache/pip/http/b/b/6/8/2/bb682246fcf09136f45dfdcaefb4a25e83fa2f05b23989efc5847496
[2024-09-24T20:27:56.673+0000] {processor.py:830} INFO - Processing file /opt/airflow/dags/.cache/pip/http/b/b/6/8/2/bb682246fcf09136f45dfdcaefb4a25e83fa2f05b23989efc5847496 for tasks to queue
[2024-09-24T20:27:56.674+0000] {logging_mixin.py:188} INFO - [2024-09-24T20:27:56.674+0000] {dagbag.py:545} INFO - Filling up the DagBag from /opt/airflow/dags/.cache/pip/http/b/b/6/8/2/bb682246fcf09136f45dfdcaefb4a25e83fa2f05b23989efc5847496
[2024-09-24T20:27:56.705+0000] {processor.py:842} WARNING - No viable dags retrieved from /opt/airflow/dags/.cache/pip/http/b/b/6/8/2/bb682246fcf09136f45dfdcaefb4a25e83fa2f05b23989efc5847496
[2024-09-24T20:27:56.722+0000] {processor.py:183} INFO - Processing /opt/airflow/dags/.cache/pip/http/b/b/6/8/2/bb682246fcf09136f45dfdcaefb4a25e83fa2f05b23989efc5847496 took 0.054 seconds
[2024-09-24T20:28:29.546+0000] {processor.py:161} INFO - Started process (PID=695) to work on /opt/airflow/dags/.cache/pip/http/b/b/6/8/2/bb682246fcf09136f45dfdcaefb4a25e83fa2f05b23989efc5847496
[2024-09-24T20:28:29.547+0000] {processor.py:830} INFO - Processing file /opt/airflow/dags/.cache/pip/http/b/b/6/8/2/bb682246fcf09136f45dfdcaefb4a25e83fa2f05b23989efc5847496 for tasks to queue
[2024-09-24T20:28:29.550+0000] {logging_mixin.py:188} INFO - [2024-09-24T20:28:29.549+0000] {dagbag.py:545} INFO - Filling up the DagBag from /opt/airflow/dags/.cache/pip/http/b/b/6/8/2/bb682246fcf09136f45dfdcaefb4a25e83fa2f05b23989efc5847496
[2024-09-24T20:28:29.570+0000] {processor.py:842} WARNING - No viable dags retrieved from /opt/airflow/dags/.cache/pip/http/b/b/6/8/2/bb682246fcf09136f45dfdcaefb4a25e83fa2f05b23989efc5847496
[2024-09-24T20:28:29.581+0000] {processor.py:183} INFO - Processing /opt/airflow/dags/.cache/pip/http/b/b/6/8/2/bb682246fcf09136f45dfdcaefb4a25e83fa2f05b23989efc5847496 took 0.045 seconds
[2024-09-24T20:29:01.783+0000] {processor.py:161} INFO - Started process (PID=969) to work on /opt/airflow/dags/.cache/pip/http/b/b/6/8/2/bb682246fcf09136f45dfdcaefb4a25e83fa2f05b23989efc5847496
[2024-09-24T20:29:01.784+0000] {processor.py:830} INFO - Processing file /opt/airflow/dags/.cache/pip/http/b/b/6/8/2/bb682246fcf09136f45dfdcaefb4a25e83fa2f05b23989efc5847496 for tasks to queue
[2024-09-24T20:29:01.786+0000] {logging_mixin.py:188} INFO - [2024-09-24T20:29:01.786+0000] {dagbag.py:545} INFO - Filling up the DagBag from /opt/airflow/dags/.cache/pip/http/b/b/6/8/2/bb682246fcf09136f45dfdcaefb4a25e83fa2f05b23989efc5847496
[2024-09-24T20:29:01.802+0000] {processor.py:842} WARNING - No viable dags retrieved from /opt/airflow/dags/.cache/pip/http/b/b/6/8/2/bb682246fcf09136f45dfdcaefb4a25e83fa2f05b23989efc5847496
[2024-09-24T20:29:01.812+0000] {processor.py:183} INFO - Processing /opt/airflow/dags/.cache/pip/http/b/b/6/8/2/bb682246fcf09136f45dfdcaefb4a25e83fa2f05b23989efc5847496 took 0.033 seconds
[2024-09-24T20:29:33.109+0000] {processor.py:161} INFO - Started process (PID=1241) to work on /opt/airflow/dags/.cache/pip/http/b/b/6/8/2/bb682246fcf09136f45dfdcaefb4a25e83fa2f05b23989efc5847496
[2024-09-24T20:29:33.110+0000] {processor.py:830} INFO - Processing file /opt/airflow/dags/.cache/pip/http/b/b/6/8/2/bb682246fcf09136f45dfdcaefb4a25e83fa2f05b23989efc5847496 for tasks to queue
[2024-09-24T20:29:33.113+0000] {logging_mixin.py:188} INFO - [2024-09-24T20:29:33.112+0000] {dagbag.py:545} INFO - Filling up the DagBag from /opt/airflow/dags/.cache/pip/http/b/b/6/8/2/bb682246fcf09136f45dfdcaefb4a25e83fa2f05b23989efc5847496
[2024-09-24T20:29:33.149+0000] {processor.py:842} WARNING - No viable dags retrieved from /opt/airflow/dags/.cache/pip/http/b/b/6/8/2/bb682246fcf09136f45dfdcaefb4a25e83fa2f05b23989efc5847496
[2024-09-24T20:29:33.160+0000] {processor.py:183} INFO - Processing /opt/airflow/dags/.cache/pip/http/b/b/6/8/2/bb682246fcf09136f45dfdcaefb4a25e83fa2f05b23989efc5847496 took 0.059 seconds
[2024-09-24T20:30:04.517+0000] {processor.py:161} INFO - Started process (PID=1517) to work on /opt/airflow/dags/.cache/pip/http/b/b/6/8/2/bb682246fcf09136f45dfdcaefb4a25e83fa2f05b23989efc5847496
[2024-09-24T20:30:04.517+0000] {processor.py:830} INFO - Processing file /opt/airflow/dags/.cache/pip/http/b/b/6/8/2/bb682246fcf09136f45dfdcaefb4a25e83fa2f05b23989efc5847496 for tasks to queue
[2024-09-24T20:30:04.519+0000] {logging_mixin.py:188} INFO - [2024-09-24T20:30:04.519+0000] {dagbag.py:545} INFO - Filling up the DagBag from /opt/airflow/dags/.cache/pip/http/b/b/6/8/2/bb682246fcf09136f45dfdcaefb4a25e83fa2f05b23989efc5847496
[2024-09-24T20:30:04.533+0000] {processor.py:842} WARNING - No viable dags retrieved from /opt/airflow/dags/.cache/pip/http/b/b/6/8/2/bb682246fcf09136f45dfdcaefb4a25e83fa2f05b23989efc5847496
[2024-09-24T20:30:04.543+0000] {processor.py:183} INFO - Processing /opt/airflow/dags/.cache/pip/http/b/b/6/8/2/bb682246fcf09136f45dfdcaefb4a25e83fa2f05b23989efc5847496 took 0.032 seconds
[2024-09-24T20:30:37.391+0000] {processor.py:161} INFO - Started process (PID=1791) to work on /opt/airflow/dags/.cache/pip/http/b/b/6/8/2/bb682246fcf09136f45dfdcaefb4a25e83fa2f05b23989efc5847496
[2024-09-24T20:30:37.392+0000] {processor.py:830} INFO - Processing file /opt/airflow/dags/.cache/pip/http/b/b/6/8/2/bb682246fcf09136f45dfdcaefb4a25e83fa2f05b23989efc5847496 for tasks to queue
[2024-09-24T20:30:37.394+0000] {logging_mixin.py:188} INFO - [2024-09-24T20:30:37.394+0000] {dagbag.py:545} INFO - Filling up the DagBag from /opt/airflow/dags/.cache/pip/http/b/b/6/8/2/bb682246fcf09136f45dfdcaefb4a25e83fa2f05b23989efc5847496
[2024-09-24T20:30:37.425+0000] {processor.py:842} WARNING - No viable dags retrieved from /opt/airflow/dags/.cache/pip/http/b/b/6/8/2/bb682246fcf09136f45dfdcaefb4a25e83fa2f05b23989efc5847496
[2024-09-24T20:30:37.436+0000] {processor.py:183} INFO - Processing /opt/airflow/dags/.cache/pip/http/b/b/6/8/2/bb682246fcf09136f45dfdcaefb4a25e83fa2f05b23989efc5847496 took 0.049 seconds
[2024-09-24T20:31:09.440+0000] {processor.py:161} INFO - Started process (PID=2063) to work on /opt/airflow/dags/.cache/pip/http/b/b/6/8/2/bb682246fcf09136f45dfdcaefb4a25e83fa2f05b23989efc5847496
[2024-09-24T20:31:09.441+0000] {processor.py:830} INFO - Processing file /opt/airflow/dags/.cache/pip/http/b/b/6/8/2/bb682246fcf09136f45dfdcaefb4a25e83fa2f05b23989efc5847496 for tasks to queue
[2024-09-24T20:31:09.442+0000] {logging_mixin.py:188} INFO - [2024-09-24T20:31:09.442+0000] {dagbag.py:545} INFO - Filling up the DagBag from /opt/airflow/dags/.cache/pip/http/b/b/6/8/2/bb682246fcf09136f45dfdcaefb4a25e83fa2f05b23989efc5847496
[2024-09-24T20:31:09.462+0000] {processor.py:842} WARNING - No viable dags retrieved from /opt/airflow/dags/.cache/pip/http/b/b/6/8/2/bb682246fcf09136f45dfdcaefb4a25e83fa2f05b23989efc5847496
[2024-09-24T20:31:09.474+0000] {processor.py:183} INFO - Processing /opt/airflow/dags/.cache/pip/http/b/b/6/8/2/bb682246fcf09136f45dfdcaefb4a25e83fa2f05b23989efc5847496 took 0.038 seconds
[2024-09-24T20:31:41.531+0000] {processor.py:161} INFO - Started process (PID=2338) to work on /opt/airflow/dags/.cache/pip/http/b/b/6/8/2/bb682246fcf09136f45dfdcaefb4a25e83fa2f05b23989efc5847496
[2024-09-24T20:31:41.532+0000] {processor.py:830} INFO - Processing file /opt/airflow/dags/.cache/pip/http/b/b/6/8/2/bb682246fcf09136f45dfdcaefb4a25e83fa2f05b23989efc5847496 for tasks to queue
[2024-09-24T20:31:41.533+0000] {logging_mixin.py:188} INFO - [2024-09-24T20:31:41.533+0000] {dagbag.py:545} INFO - Filling up the DagBag from /opt/airflow/dags/.cache/pip/http/b/b/6/8/2/bb682246fcf09136f45dfdcaefb4a25e83fa2f05b23989efc5847496
[2024-09-24T20:31:41.547+0000] {processor.py:842} WARNING - No viable dags retrieved from /opt/airflow/dags/.cache/pip/http/b/b/6/8/2/bb682246fcf09136f45dfdcaefb4a25e83fa2f05b23989efc5847496
[2024-09-24T20:31:41.557+0000] {processor.py:183} INFO - Processing /opt/airflow/dags/.cache/pip/http/b/b/6/8/2/bb682246fcf09136f45dfdcaefb4a25e83fa2f05b23989efc5847496 took 0.031 seconds
[2024-09-24T20:32:27.098+0000] {processor.py:161} INFO - Started process (PID=2616) to work on /opt/airflow/dags/.cache/pip/http/b/b/6/8/2/bb682246fcf09136f45dfdcaefb4a25e83fa2f05b23989efc5847496
[2024-09-24T20:32:27.099+0000] {processor.py:830} INFO - Processing file /opt/airflow/dags/.cache/pip/http/b/b/6/8/2/bb682246fcf09136f45dfdcaefb4a25e83fa2f05b23989efc5847496 for tasks to queue
[2024-09-24T20:32:27.100+0000] {logging_mixin.py:188} INFO - [2024-09-24T20:32:27.100+0000] {dagbag.py:545} INFO - Filling up the DagBag from /opt/airflow/dags/.cache/pip/http/b/b/6/8/2/bb682246fcf09136f45dfdcaefb4a25e83fa2f05b23989efc5847496
[2024-09-24T20:32:27.141+0000] {processor.py:842} WARNING - No viable dags retrieved from /opt/airflow/dags/.cache/pip/http/b/b/6/8/2/bb682246fcf09136f45dfdcaefb4a25e83fa2f05b23989efc5847496
[2024-09-24T20:32:27.151+0000] {processor.py:183} INFO - Processing /opt/airflow/dags/.cache/pip/http/b/b/6/8/2/bb682246fcf09136f45dfdcaefb4a25e83fa2f05b23989efc5847496 took 0.060 seconds
