[2024-09-24T17:26:21.288+0000] {local_task_job_runner.py:120} INFO - ::group::Pre task execution logs
[2024-09-24T17:26:21.301+0000] {taskinstance.py:2076} INFO - Dependencies all met for dep_context=non-requeueable deps ti=<TaskInstance: random_forest_classifier_dag.get_data manual__2024-09-24T17:26:17.275393+00:00 [queued]>
[2024-09-24T17:26:21.307+0000] {taskinstance.py:2076} INFO - Dependencies all met for dep_context=requeueable deps ti=<TaskInstance: random_forest_classifier_dag.get_data manual__2024-09-24T17:26:17.275393+00:00 [queued]>
[2024-09-24T17:26:21.309+0000] {taskinstance.py:2306} INFO - Starting attempt 1 of 1
[2024-09-24T17:26:21.322+0000] {taskinstance.py:2330} INFO - Executing <Task(PythonOperator): get_data> on 2024-09-24 17:26:17.275393+00:00
[2024-09-24T17:26:21.330+0000] {standard_task_runner.py:64} INFO - Started process 24685 to run task
[2024-09-24T17:26:21.332+0000] {standard_task_runner.py:90} INFO - Running: ['***', 'tasks', 'run', 'random_forest_classifier_dag', 'get_data', 'manual__2024-09-24T17:26:17.275393+00:00', '--job-id', '363', '--raw', '--subdir', 'DAGS_FOLDER/***/dags/.ipynb_checkpoints/hw1-checkpoint.py', '--cfg-path', '/tmp/tmpkpydffnb']
[2024-09-24T17:26:21.335+0000] {standard_task_runner.py:91} INFO - Job 363: Subtask get_data
[2024-09-24T17:26:21.378+0000] {task_command.py:426} INFO - Running <TaskInstance: random_forest_classifier_dag.get_data manual__2024-09-24T17:26:17.275393+00:00 [running]> on host 82997fc6deb7
[2024-09-24T17:26:21.453+0000] {taskinstance.py:2648} INFO - Exporting env vars: AIRFLOW_CTX_DAG_EMAIL='alexvlg34@gmail.com' AIRFLOW_CTX_DAG_OWNER='Alex Trigolos' AIRFLOW_CTX_DAG_ID='random_forest_classifier_dag' AIRFLOW_CTX_TASK_ID='get_data' AIRFLOW_CTX_EXECUTION_DATE='2024-09-24T17:26:17.275393+00:00' AIRFLOW_CTX_TRY_NUMBER='1' AIRFLOW_CTX_DAG_RUN_ID='manual__2024-09-24T17:26:17.275393+00:00'
[2024-09-24T17:26:21.454+0000] {taskinstance.py:430} INFO - ::endgroup::
[2024-09-24T17:26:21.463+0000] {hw1-checkpoint.py:87} INFO - Get data...
[2024-09-24T17:26:21.655+0000] {base.py:84} INFO - Using connection ID 's3_connection' for task execution.
[2024-09-24T17:26:21.657+0000] {connection_wrapper.py:388} INFO - AWS Connection (conn_id='s3_connection', conn_type='aws') credentials retrieved from login and password.
[2024-09-24T17:26:22.194+0000] {hw1-checkpoint.py:105} INFO - Finish get data.
[2024-09-24T17:26:22.195+0000] {python.py:237} INFO - Done. Returned value was: None
[2024-09-24T17:26:22.196+0000] {taskinstance.py:441} INFO - ::group::Post task execution logs
[2024-09-24T17:26:22.206+0000] {taskinstance.py:1206} INFO - Marking task as SUCCESS. dag_id=random_forest_classifier_dag, task_id=get_data, run_id=manual__2024-09-24T17:26:17.275393+00:00, execution_date=20240924T172617, start_date=20240924T172621, end_date=20240924T172622
[2024-09-24T17:26:22.230+0000] {local_task_job_runner.py:243} INFO - Task exited with return code 0
[2024-09-24T17:26:22.253+0000] {taskinstance.py:3503} INFO - 1 downstream tasks scheduled from follow-on schedule check
[2024-09-24T17:26:22.255+0000] {local_task_job_runner.py:222} INFO - ::endgroup::
