[2024-10-04T13:55:50.863+0000] {local_task_job_runner.py:120} INFO - ::group::Pre task execution logs
[2024-10-04T13:55:50.873+0000] {taskinstance.py:2076} INFO - Dependencies all met for dep_context=non-requeueable deps ti=<TaskInstance: Alex_Trigolos.task_prepare_data manual__2024-10-04T13:55:42.778700+00:00 [queued]>
[2024-10-04T13:55:50.879+0000] {taskinstance.py:2076} INFO - Dependencies all met for dep_context=requeueable deps ti=<TaskInstance: Alex_Trigolos.task_prepare_data manual__2024-10-04T13:55:42.778700+00:00 [queued]>
[2024-10-04T13:55:50.880+0000] {taskinstance.py:2306} INFO - Starting attempt 1 of 1
[2024-10-04T13:55:50.890+0000] {taskinstance.py:2330} INFO - Executing <Task(PythonOperator): task_prepare_data> on 2024-10-04 13:55:42.778700+00:00
[2024-10-04T13:55:50.899+0000] {standard_task_runner.py:64} INFO - Started process 98909 to run task
[2024-10-04T13:55:50.902+0000] {standard_task_runner.py:90} INFO - Running: ['***', 'tasks', 'run', 'Alex_Trigolos', 'task_prepare_data', 'manual__2024-10-04T13:55:42.778700+00:00', '--job-id', '901', '--raw', '--subdir', 'DAGS_FOLDER/***/dags/.ipynb_checkpoints/project-checkpoint.py', '--cfg-path', '/tmp/tmpugt61j0z']
[2024-10-04T13:55:50.904+0000] {standard_task_runner.py:91} INFO - Job 901: Subtask task_prepare_data
[2024-10-04T13:55:50.941+0000] {task_command.py:426} INFO - Running <TaskInstance: Alex_Trigolos.task_prepare_data manual__2024-10-04T13:55:42.778700+00:00 [running]> on host 4b5f1410d111
[2024-10-04T13:55:51.005+0000] {taskinstance.py:2648} INFO - Exporting env vars: AIRFLOW_CTX_DAG_EMAIL='alexvlg34@gmail.com' AIRFLOW_CTX_DAG_OWNER='Alex Trigolos' AIRFLOW_CTX_DAG_ID='Alex_Trigolos' AIRFLOW_CTX_TASK_ID='task_prepare_data' AIRFLOW_CTX_EXECUTION_DATE='2024-10-04T13:55:42.778700+00:00' AIRFLOW_CTX_TRY_NUMBER='1' AIRFLOW_CTX_DAG_RUN_ID='manual__2024-10-04T13:55:42.778700+00:00'
[2024-10-04T13:55:51.007+0000] {taskinstance.py:430} INFO - ::endgroup::
[2024-10-04T13:55:51.018+0000] {project-checkpoint.py:138} INFO - Prepare data...
[2024-10-04T13:55:51.019+0000] {s3.py:1422} INFO - Downloading source S3 file from Bucket testmlops with path AlexTrigolos/project/datasets/dataset.pkl
[2024-10-04T13:55:51.026+0000] {base.py:84} INFO - Using connection ID 's3_connection' for task execution.
[2024-10-04T13:55:51.027+0000] {connection_wrapper.py:388} INFO - AWS Connection (conn_id='s3_connection', conn_type='aws') credentials retrieved from login and password.
[2024-10-04T13:55:51.221+0000] {project-checkpoint.py:95} INFO - /tmp/***_tmp_0sxmz7l1
[2024-10-04T13:55:51.279+0000] {base.py:84} INFO - Using connection ID 's3_connection' for task execution.
[2024-10-04T13:55:51.280+0000] {connection_wrapper.py:388} INFO - AWS Connection (conn_id='s3_connection', conn_type='aws') credentials retrieved from login and password.
[2024-10-04T13:55:51.610+0000] {base.py:84} INFO - Using connection ID 's3_connection' for task execution.
[2024-10-04T13:55:51.611+0000] {connection_wrapper.py:388} INFO - AWS Connection (conn_id='s3_connection', conn_type='aws') credentials retrieved from login and password.
[2024-10-04T13:55:51.958+0000] {base.py:84} INFO - Using connection ID 's3_connection' for task execution.
[2024-10-04T13:55:51.959+0000] {connection_wrapper.py:388} INFO - AWS Connection (conn_id='s3_connection', conn_type='aws') credentials retrieved from login and password.
[2024-10-04T13:55:52.107+0000] {base.py:84} INFO - Using connection ID 's3_connection' for task execution.
[2024-10-04T13:55:52.107+0000] {connection_wrapper.py:388} INFO - AWS Connection (conn_id='s3_connection', conn_type='aws') credentials retrieved from login and password.
[2024-10-04T13:55:52.252+0000] {base.py:84} INFO - Using connection ID 's3_connection' for task execution.
[2024-10-04T13:55:52.253+0000] {connection_wrapper.py:388} INFO - AWS Connection (conn_id='s3_connection', conn_type='aws') credentials retrieved from login and password.
[2024-10-04T13:55:52.407+0000] {base.py:84} INFO - Using connection ID 's3_connection' for task execution.
[2024-10-04T13:55:52.408+0000] {connection_wrapper.py:388} INFO - AWS Connection (conn_id='s3_connection', conn_type='aws') credentials retrieved from login and password.
[2024-10-04T13:55:52.539+0000] {project-checkpoint.py:168} INFO - Prepared data.
[2024-10-04T13:55:52.540+0000] {python.py:237} INFO - Done. Returned value was: None
[2024-10-04T13:55:52.541+0000] {taskinstance.py:441} INFO - ::group::Post task execution logs
[2024-10-04T13:55:52.772+0000] {taskinstance.py:1206} INFO - Marking task as SUCCESS. dag_id=Alex_Trigolos, task_id=task_prepare_data, run_id=manual__2024-10-04T13:55:42.778700+00:00, execution_date=20241004T135542, start_date=20241004T135550, end_date=20241004T135552
[2024-10-04T13:55:52.801+0000] {local_task_job_runner.py:243} INFO - Task exited with return code 0
[2024-10-04T13:55:52.820+0000] {taskinstance.py:3503} INFO - 3 downstream tasks scheduled from follow-on schedule check
[2024-10-04T13:55:52.822+0000] {local_task_job_runner.py:222} INFO - ::endgroup::
