[2024-09-23T12:28:17.025+0000] {local_task_job_runner.py:120} INFO - ::group::Pre task execution logs
[2024-09-23T12:28:17.040+0000] {taskinstance.py:2076} INFO - Dependencies all met for dep_context=non-requeueable deps ti=<TaskInstance: train_dag.train_model manual__2024-09-23T12:28:09.511874+00:00 [queued]>
[2024-09-23T12:28:17.049+0000] {taskinstance.py:2076} INFO - Dependencies all met for dep_context=requeueable deps ti=<TaskInstance: train_dag.train_model manual__2024-09-23T12:28:09.511874+00:00 [queued]>
[2024-09-23T12:28:17.052+0000] {taskinstance.py:2306} INFO - Starting attempt 1 of 1
[2024-09-23T12:28:17.064+0000] {taskinstance.py:2330} INFO - Executing <Task(PythonOperator): train_model> on 2024-09-23 12:28:09.511874+00:00
[2024-09-23T12:28:17.072+0000] {standard_task_runner.py:64} INFO - Started process 21193 to run task
[2024-09-23T12:28:17.074+0000] {standard_task_runner.py:90} INFO - Running: ['***', 'tasks', 'run', 'train_dag', 'train_model', 'manual__2024-09-23T12:28:09.511874+00:00', '--job-id', '297', '--raw', '--subdir', 'DAGS_FOLDER/***/dags/.ipynb_checkpoints/train_dag-checkpoint.py', '--cfg-path', '/tmp/tmpb3s9wt0v']
[2024-09-23T12:28:17.077+0000] {standard_task_runner.py:91} INFO - Job 297: Subtask train_model
[2024-09-23T12:28:17.119+0000] {task_command.py:426} INFO - Running <TaskInstance: train_dag.train_model manual__2024-09-23T12:28:09.511874+00:00 [running]> on host 82997fc6deb7
[2024-09-23T12:28:17.204+0000] {taskinstance.py:2648} INFO - Exporting env vars: AIRFLOW_CTX_DAG_EMAIL='alexvlg34@gmail.com' AIRFLOW_CTX_DAG_OWNER='Alex Trigolos' AIRFLOW_CTX_DAG_ID='train_dag' AIRFLOW_CTX_TASK_ID='train_model' AIRFLOW_CTX_EXECUTION_DATE='2024-09-23T12:28:09.511874+00:00' AIRFLOW_CTX_TRY_NUMBER='1' AIRFLOW_CTX_DAG_RUN_ID='manual__2024-09-23T12:28:09.511874+00:00'
[2024-09-23T12:28:17.206+0000] {taskinstance.py:430} INFO - ::endgroup::
[2024-09-23T12:28:17.302+0000] {logging_mixin.py:188} INFO - Fitting 5 folds for each of 2 candidates, totalling 10 fits
[2024-09-23T12:28:17.388+0000] {logging_mixin.py:188} INFO - [CV] END ......................max_depth=1, n_estimators=100; total time=   0.1s
[2024-09-23T12:28:17.470+0000] {logging_mixin.py:188} INFO - [CV] END ......................max_depth=1, n_estimators=100; total time=   0.1s
[2024-09-23T12:28:17.549+0000] {logging_mixin.py:188} INFO - [CV] END ......................max_depth=1, n_estimators=100; total time=   0.1s
[2024-09-23T12:28:17.628+0000] {logging_mixin.py:188} INFO - [CV] END ......................max_depth=1, n_estimators=100; total time=   0.1s
[2024-09-23T12:28:17.708+0000] {logging_mixin.py:188} INFO - [CV] END ......................max_depth=1, n_estimators=100; total time=   0.1s
[2024-09-23T12:28:17.820+0000] {logging_mixin.py:188} INFO - [CV] END ......................max_depth=1, n_estimators=150; total time=   0.1s
[2024-09-23T12:28:17.933+0000] {logging_mixin.py:188} INFO - [CV] END ......................max_depth=1, n_estimators=150; total time=   0.1s
[2024-09-23T12:28:18.054+0000] {logging_mixin.py:188} INFO - [CV] END ......................max_depth=1, n_estimators=150; total time=   0.1s
[2024-09-23T12:28:18.171+0000] {logging_mixin.py:188} INFO - [CV] END ......................max_depth=1, n_estimators=150; total time=   0.1s
[2024-09-23T12:28:18.284+0000] {logging_mixin.py:188} INFO - [CV] END ......................max_depth=1, n_estimators=150; total time=   0.1s
[2024-09-23T12:28:18.426+0000] {python.py:237} INFO - Done. Returned value was: None
[2024-09-23T12:28:18.427+0000] {taskinstance.py:441} INFO - ::group::Post task execution logs
[2024-09-23T12:28:18.436+0000] {taskinstance.py:1206} INFO - Marking task as SUCCESS. dag_id=train_dag, task_id=train_model, run_id=manual__2024-09-23T12:28:09.511874+00:00, execution_date=20240923T122809, start_date=20240923T122817, end_date=20240923T122818
[2024-09-23T12:28:18.455+0000] {local_task_job_runner.py:243} INFO - Task exited with return code 0
[2024-09-23T12:28:18.474+0000] {taskinstance.py:3503} INFO - 1 downstream tasks scheduled from follow-on schedule check
[2024-09-23T12:28:18.478+0000] {local_task_job_runner.py:222} INFO - ::endgroup::
