[2024-09-24T19:00:05.037+0000] {local_task_job_runner.py:120} INFO - ::group::Pre task execution logs
[2024-09-24T19:00:05.049+0000] {taskinstance.py:2076} INFO - Dependencies all met for dep_context=non-requeueable deps ti=<TaskInstance: decision_tree_classifier_dag.dtc_get_data manual__2024-09-24T19:00:00.788093+00:00 [queued]>
[2024-09-24T19:00:05.056+0000] {taskinstance.py:2076} INFO - Dependencies all met for dep_context=requeueable deps ti=<TaskInstance: decision_tree_classifier_dag.dtc_get_data manual__2024-09-24T19:00:00.788093+00:00 [queued]>
[2024-09-24T19:00:05.057+0000] {taskinstance.py:2306} INFO - Starting attempt 1 of 1
[2024-09-24T19:00:05.067+0000] {taskinstance.py:2330} INFO - Executing <Task(PythonOperator): dtc_get_data> on 2024-09-24 19:00:00.788093+00:00
[2024-09-24T19:00:05.076+0000] {standard_task_runner.py:64} INFO - Started process 51383 to run task
[2024-09-24T19:00:05.078+0000] {standard_task_runner.py:90} INFO - Running: ['***', 'tasks', 'run', 'decision_tree_classifier_dag', 'dtc_get_data', 'manual__2024-09-24T19:00:00.788093+00:00', '--job-id', '516', '--raw', '--subdir', 'DAGS_FOLDER/***/dags/.ipynb_checkpoints/hw1-checkpoint.py', '--cfg-path', '/tmp/tmpaa75_pl5']
[2024-09-24T19:00:05.080+0000] {standard_task_runner.py:91} INFO - Job 516: Subtask dtc_get_data
[2024-09-24T19:00:05.120+0000] {task_command.py:426} INFO - Running <TaskInstance: decision_tree_classifier_dag.dtc_get_data manual__2024-09-24T19:00:00.788093+00:00 [running]> on host 82997fc6deb7
[2024-09-24T19:00:05.187+0000] {taskinstance.py:2648} INFO - Exporting env vars: AIRFLOW_CTX_DAG_EMAIL='alexvlg34@gmail.com' AIRFLOW_CTX_DAG_OWNER='Alex Trigolos' AIRFLOW_CTX_DAG_ID='decision_tree_classifier_dag' AIRFLOW_CTX_TASK_ID='dtc_get_data' AIRFLOW_CTX_EXECUTION_DATE='2024-09-24T19:00:00.788093+00:00' AIRFLOW_CTX_TRY_NUMBER='1' AIRFLOW_CTX_DAG_RUN_ID='manual__2024-09-24T19:00:00.788093+00:00'
[2024-09-24T19:00:05.188+0000] {taskinstance.py:430} INFO - ::endgroup::
[2024-09-24T19:00:05.197+0000] {hw1-checkpoint.py:91} INFO - Get data...
[2024-09-24T19:00:05.457+0000] {base.py:84} INFO - Using connection ID 's3_connection' for task execution.
[2024-09-24T19:00:05.458+0000] {connection_wrapper.py:388} INFO - AWS Connection (conn_id='s3_connection', conn_type='aws') credentials retrieved from login and password.
[2024-09-24T19:00:05.982+0000] {hw1-checkpoint.py:103} INFO - Finish get data.
[2024-09-24T19:00:05.983+0000] {python.py:237} INFO - Done. Returned value was: None
[2024-09-24T19:00:05.984+0000] {taskinstance.py:441} INFO - ::group::Post task execution logs
[2024-09-24T19:00:05.993+0000] {taskinstance.py:1206} INFO - Marking task as SUCCESS. dag_id=decision_tree_classifier_dag, task_id=dtc_get_data, run_id=manual__2024-09-24T19:00:00.788093+00:00, execution_date=20240924T190000, start_date=20240924T190005, end_date=20240924T190005
[2024-09-24T19:00:06.016+0000] {local_task_job_runner.py:243} INFO - Task exited with return code 0
[2024-09-24T19:00:06.035+0000] {taskinstance.py:3503} INFO - 1 downstream tasks scheduled from follow-on schedule check
[2024-09-24T19:00:06.038+0000] {local_task_job_runner.py:222} INFO - ::endgroup::
