[2024-10-04T12:21:08.926+0000] {local_task_job_runner.py:120} INFO - ::group::Pre task execution logs
[2024-10-04T12:21:09.003+0000] {taskinstance.py:2076} INFO - Dependencies all met for dep_context=non-requeueable deps ti=<TaskInstance: Alex_Trigolos.task_get_data manual__2024-10-04T12:21:01.881382+00:00 [queued]>
[2024-10-04T12:21:09.016+0000] {taskinstance.py:2076} INFO - Dependencies all met for dep_context=requeueable deps ti=<TaskInstance: Alex_Trigolos.task_get_data manual__2024-10-04T12:21:01.881382+00:00 [queued]>
[2024-10-04T12:21:09.019+0000] {taskinstance.py:2306} INFO - Starting attempt 1 of 1
[2024-10-04T12:21:09.057+0000] {taskinstance.py:2330} INFO - Executing <Task(PythonOperator): task_get_data> on 2024-10-04 12:21:01.881382+00:00
[2024-10-04T12:21:09.072+0000] {standard_task_runner.py:64} INFO - Started process 67781 to run task
[2024-10-04T12:21:09.076+0000] {standard_task_runner.py:90} INFO - Running: ['***', 'tasks', 'run', 'Alex_Trigolos', 'task_get_data', 'manual__2024-10-04T12:21:01.881382+00:00', '--job-id', '836', '--raw', '--subdir', 'DAGS_FOLDER/***/dags/project.py', '--cfg-path', '/tmp/tmpkh32ecpw']
[2024-10-04T12:21:09.088+0000] {standard_task_runner.py:91} INFO - Job 836: Subtask task_get_data
[2024-10-04T12:21:09.171+0000] {task_command.py:426} INFO - Running <TaskInstance: Alex_Trigolos.task_get_data manual__2024-10-04T12:21:01.881382+00:00 [running]> on host 4b5f1410d111
[2024-10-04T12:21:09.306+0000] {taskinstance.py:2648} INFO - Exporting env vars: AIRFLOW_CTX_DAG_EMAIL='alexvlg34@gmail.com' AIRFLOW_CTX_DAG_OWNER='Alex Trigolos' AIRFLOW_CTX_DAG_ID='Alex_Trigolos' AIRFLOW_CTX_TASK_ID='task_get_data' AIRFLOW_CTX_EXECUTION_DATE='2024-10-04T12:21:01.881382+00:00' AIRFLOW_CTX_TRY_NUMBER='1' AIRFLOW_CTX_DAG_RUN_ID='manual__2024-10-04T12:21:01.881382+00:00'
[2024-10-04T12:21:09.308+0000] {taskinstance.py:430} INFO - ::endgroup::
[2024-10-04T12:21:09.322+0000] {project.py:116} INFO - Get data...
[2024-10-04T12:21:09.906+0000] {base.py:84} INFO - Using connection ID 's3_connection' for task execution.
[2024-10-04T12:21:09.909+0000] {connection_wrapper.py:388} INFO - AWS Connection (conn_id='s3_connection', conn_type='aws') credentials retrieved from login and password.
[2024-10-04T12:21:10.484+0000] {project.py:128} INFO - Finish get data.
[2024-10-04T12:21:10.485+0000] {python.py:237} INFO - Done. Returned value was: None
[2024-10-04T12:21:10.486+0000] {taskinstance.py:441} INFO - ::group::Post task execution logs
[2024-10-04T12:21:10.499+0000] {taskinstance.py:1206} INFO - Marking task as SUCCESS. dag_id=Alex_Trigolos, task_id=task_get_data, run_id=manual__2024-10-04T12:21:01.881382+00:00, execution_date=20241004T122101, start_date=20241004T122109, end_date=20241004T122110
[2024-10-04T12:21:10.588+0000] {local_task_job_runner.py:243} INFO - Task exited with return code 0
[2024-10-04T12:21:10.620+0000] {taskinstance.py:3503} INFO - 0 downstream tasks scheduled from follow-on schedule check
[2024-10-04T12:21:10.624+0000] {local_task_job_runner.py:222} INFO - ::endgroup::
