[2024-10-02T13:55:02.500+0000] {local_task_job_runner.py:120} INFO - ::group::Pre task execution logs
[2024-10-02T13:55:02.522+0000] {taskinstance.py:2076} INFO - Dependencies all met for dep_context=non-requeueable deps ti=<TaskInstance: gradient_boosting_classifier_dag.gbc_prepare_data scheduled__2024-09-25T01:00:00+00:00 [queued]>
[2024-10-02T13:55:02.533+0000] {taskinstance.py:2076} INFO - Dependencies all met for dep_context=requeueable deps ti=<TaskInstance: gradient_boosting_classifier_dag.gbc_prepare_data scheduled__2024-09-25T01:00:00+00:00 [queued]>
[2024-10-02T13:55:02.534+0000] {taskinstance.py:2306} INFO - Starting attempt 1 of 1
[2024-10-02T13:55:02.547+0000] {taskinstance.py:2330} INFO - Executing <Task(PythonOperator): gbc_prepare_data> on 2024-09-25 01:00:00+00:00
[2024-10-02T13:55:02.558+0000] {standard_task_runner.py:64} INFO - Started process 814 to run task
[2024-10-02T13:55:02.561+0000] {standard_task_runner.py:90} INFO - Running: ['***', 'tasks', 'run', 'gradient_boosting_classifier_dag', 'gbc_prepare_data', 'scheduled__2024-09-25T01:00:00+00:00', '--job-id', '614', '--raw', '--subdir', 'DAGS_FOLDER/***/dags/.ipynb_checkpoints/hw1-checkpoint.py', '--cfg-path', '/tmp/tmpik3wyphi']
[2024-10-02T13:55:02.563+0000] {standard_task_runner.py:91} INFO - Job 614: Subtask gbc_prepare_data
[2024-10-02T13:55:02.613+0000] {task_command.py:426} INFO - Running <TaskInstance: gradient_boosting_classifier_dag.gbc_prepare_data scheduled__2024-09-25T01:00:00+00:00 [running]> on host 82997fc6deb7
[2024-10-02T13:55:02.698+0000] {taskinstance.py:2648} INFO - Exporting env vars: AIRFLOW_CTX_DAG_EMAIL='alexvlg34@gmail.com' AIRFLOW_CTX_DAG_OWNER='Alex Trigolos' AIRFLOW_CTX_DAG_ID='gradient_boosting_classifier_dag' AIRFLOW_CTX_TASK_ID='gbc_prepare_data' AIRFLOW_CTX_EXECUTION_DATE='2024-09-25T01:00:00+00:00' AIRFLOW_CTX_TRY_NUMBER='1' AIRFLOW_CTX_DAG_RUN_ID='scheduled__2024-09-25T01:00:00+00:00'
[2024-10-02T13:55:02.700+0000] {taskinstance.py:430} INFO - ::endgroup::
[2024-10-02T13:55:02.709+0000] {hw1-checkpoint.py:107} INFO - Prepare data...
[2024-10-02T13:55:02.710+0000] {s3.py:1422} INFO - Downloading source S3 file from Bucket testmlops with path AlexTrigolos/GradientBoostingClassifier/datasets/dataset.pkl
[2024-10-02T13:55:02.722+0000] {base.py:84} INFO - Using connection ID 's3_connection' for task execution.
[2024-10-02T13:55:02.723+0000] {connection_wrapper.py:388} INFO - AWS Connection (conn_id='s3_connection', conn_type='aws') credentials retrieved from login and password.
[2024-10-02T13:55:03.445+0000] {hw1-checkpoint.py:78} INFO - /tmp/***_tmp_6h4j11ck
[2024-10-02T13:55:03.508+0000] {base.py:84} INFO - Using connection ID 's3_connection' for task execution.
[2024-10-02T13:55:03.509+0000] {connection_wrapper.py:388} INFO - AWS Connection (conn_id='s3_connection', conn_type='aws') credentials retrieved from login and password.
[2024-10-02T13:55:03.927+0000] {base.py:84} INFO - Using connection ID 's3_connection' for task execution.
[2024-10-02T13:55:03.929+0000] {connection_wrapper.py:388} INFO - AWS Connection (conn_id='s3_connection', conn_type='aws') credentials retrieved from login and password.
[2024-10-02T13:55:04.179+0000] {base.py:84} INFO - Using connection ID 's3_connection' for task execution.
[2024-10-02T13:55:04.181+0000] {connection_wrapper.py:388} INFO - AWS Connection (conn_id='s3_connection', conn_type='aws') credentials retrieved from login and password.
[2024-10-02T13:55:04.376+0000] {base.py:84} INFO - Using connection ID 's3_connection' for task execution.
[2024-10-02T13:55:04.377+0000] {connection_wrapper.py:388} INFO - AWS Connection (conn_id='s3_connection', conn_type='aws') credentials retrieved from login and password.
[2024-10-02T13:55:04.829+0000] {hw1-checkpoint.py:133} INFO - Prepared data.
[2024-10-02T13:55:04.830+0000] {python.py:237} INFO - Done. Returned value was: None
[2024-10-02T13:55:04.831+0000] {taskinstance.py:441} INFO - ::group::Post task execution logs
[2024-10-02T13:55:04.841+0000] {taskinstance.py:1206} INFO - Marking task as SUCCESS. dag_id=gradient_boosting_classifier_dag, task_id=gbc_prepare_data, run_id=scheduled__2024-09-25T01:00:00+00:00, execution_date=20240925T010000, start_date=20241002T135502, end_date=20241002T135504
[2024-10-02T13:55:04.904+0000] {local_task_job_runner.py:243} INFO - Task exited with return code 0
[2024-10-02T13:55:04.933+0000] {taskinstance.py:3503} INFO - 1 downstream tasks scheduled from follow-on schedule check
[2024-10-02T13:55:04.936+0000] {local_task_job_runner.py:222} INFO - ::endgroup::
