[2024-09-24T20:22:08.138+0000] {processor.py:161} INFO - Started process (PID=402) to work on /opt/airflow/dags/.cache/pip/http/b/0/b/4/9/b0b49d3b4d0e73e62d218bee87e96800f007e2df035cc553511e85ba
[2024-09-24T20:22:08.141+0000] {processor.py:830} INFO - Processing file /opt/airflow/dags/.cache/pip/http/b/0/b/4/9/b0b49d3b4d0e73e62d218bee87e96800f007e2df035cc553511e85ba for tasks to queue
[2024-09-24T20:22:08.164+0000] {logging_mixin.py:188} INFO - [2024-09-24T20:22:08.163+0000] {dagbag.py:545} INFO - Filling up the DagBag from /opt/airflow/dags/.cache/pip/http/b/0/b/4/9/b0b49d3b4d0e73e62d218bee87e96800f007e2df035cc553511e85ba
[2024-09-24T20:22:08.240+0000] {processor.py:842} WARNING - No viable dags retrieved from /opt/airflow/dags/.cache/pip/http/b/0/b/4/9/b0b49d3b4d0e73e62d218bee87e96800f007e2df035cc553511e85ba
[2024-09-24T20:22:08.273+0000] {processor.py:183} INFO - Processing /opt/airflow/dags/.cache/pip/http/b/0/b/4/9/b0b49d3b4d0e73e62d218bee87e96800f007e2df035cc553511e85ba took 0.148 seconds
[2024-09-24T20:22:41.149+0000] {processor.py:161} INFO - Started process (PID=676) to work on /opt/airflow/dags/.cache/pip/http/b/0/b/4/9/b0b49d3b4d0e73e62d218bee87e96800f007e2df035cc553511e85ba
[2024-09-24T20:22:41.152+0000] {processor.py:830} INFO - Processing file /opt/airflow/dags/.cache/pip/http/b/0/b/4/9/b0b49d3b4d0e73e62d218bee87e96800f007e2df035cc553511e85ba for tasks to queue
[2024-09-24T20:22:41.161+0000] {logging_mixin.py:188} INFO - [2024-09-24T20:22:41.160+0000] {dagbag.py:545} INFO - Filling up the DagBag from /opt/airflow/dags/.cache/pip/http/b/0/b/4/9/b0b49d3b4d0e73e62d218bee87e96800f007e2df035cc553511e85ba
[2024-09-24T20:22:41.463+0000] {processor.py:842} WARNING - No viable dags retrieved from /opt/airflow/dags/.cache/pip/http/b/0/b/4/9/b0b49d3b4d0e73e62d218bee87e96800f007e2df035cc553511e85ba
[2024-09-24T20:22:41.487+0000] {processor.py:183} INFO - Processing /opt/airflow/dags/.cache/pip/http/b/0/b/4/9/b0b49d3b4d0e73e62d218bee87e96800f007e2df035cc553511e85ba took 0.350 seconds
[2024-09-24T20:23:12.777+0000] {processor.py:161} INFO - Started process (PID=951) to work on /opt/airflow/dags/.cache/pip/http/b/0/b/4/9/b0b49d3b4d0e73e62d218bee87e96800f007e2df035cc553511e85ba
[2024-09-24T20:23:12.778+0000] {processor.py:830} INFO - Processing file /opt/airflow/dags/.cache/pip/http/b/0/b/4/9/b0b49d3b4d0e73e62d218bee87e96800f007e2df035cc553511e85ba for tasks to queue
[2024-09-24T20:23:12.779+0000] {logging_mixin.py:188} INFO - [2024-09-24T20:23:12.779+0000] {dagbag.py:545} INFO - Filling up the DagBag from /opt/airflow/dags/.cache/pip/http/b/0/b/4/9/b0b49d3b4d0e73e62d218bee87e96800f007e2df035cc553511e85ba
[2024-09-24T20:23:12.796+0000] {processor.py:842} WARNING - No viable dags retrieved from /opt/airflow/dags/.cache/pip/http/b/0/b/4/9/b0b49d3b4d0e73e62d218bee87e96800f007e2df035cc553511e85ba
[2024-09-24T20:23:12.805+0000] {processor.py:183} INFO - Processing /opt/airflow/dags/.cache/pip/http/b/0/b/4/9/b0b49d3b4d0e73e62d218bee87e96800f007e2df035cc553511e85ba took 0.031 seconds
[2024-09-24T20:27:56.387+0000] {processor.py:161} INFO - Started process (PID=406) to work on /opt/airflow/dags/.cache/pip/http/b/0/b/4/9/b0b49d3b4d0e73e62d218bee87e96800f007e2df035cc553511e85ba
[2024-09-24T20:27:56.388+0000] {processor.py:830} INFO - Processing file /opt/airflow/dags/.cache/pip/http/b/0/b/4/9/b0b49d3b4d0e73e62d218bee87e96800f007e2df035cc553511e85ba for tasks to queue
[2024-09-24T20:27:56.389+0000] {logging_mixin.py:188} INFO - [2024-09-24T20:27:56.389+0000] {dagbag.py:545} INFO - Filling up the DagBag from /opt/airflow/dags/.cache/pip/http/b/0/b/4/9/b0b49d3b4d0e73e62d218bee87e96800f007e2df035cc553511e85ba
[2024-09-24T20:27:56.421+0000] {processor.py:842} WARNING - No viable dags retrieved from /opt/airflow/dags/.cache/pip/http/b/0/b/4/9/b0b49d3b4d0e73e62d218bee87e96800f007e2df035cc553511e85ba
[2024-09-24T20:27:56.435+0000] {processor.py:183} INFO - Processing /opt/airflow/dags/.cache/pip/http/b/0/b/4/9/b0b49d3b4d0e73e62d218bee87e96800f007e2df035cc553511e85ba took 0.054 seconds
[2024-09-24T20:28:29.261+0000] {processor.py:161} INFO - Started process (PID=680) to work on /opt/airflow/dags/.cache/pip/http/b/0/b/4/9/b0b49d3b4d0e73e62d218bee87e96800f007e2df035cc553511e85ba
[2024-09-24T20:28:29.262+0000] {processor.py:830} INFO - Processing file /opt/airflow/dags/.cache/pip/http/b/0/b/4/9/b0b49d3b4d0e73e62d218bee87e96800f007e2df035cc553511e85ba for tasks to queue
[2024-09-24T20:28:29.263+0000] {logging_mixin.py:188} INFO - [2024-09-24T20:28:29.263+0000] {dagbag.py:545} INFO - Filling up the DagBag from /opt/airflow/dags/.cache/pip/http/b/0/b/4/9/b0b49d3b4d0e73e62d218bee87e96800f007e2df035cc553511e85ba
[2024-09-24T20:28:29.281+0000] {processor.py:842} WARNING - No viable dags retrieved from /opt/airflow/dags/.cache/pip/http/b/0/b/4/9/b0b49d3b4d0e73e62d218bee87e96800f007e2df035cc553511e85ba
[2024-09-24T20:28:29.292+0000] {processor.py:183} INFO - Processing /opt/airflow/dags/.cache/pip/http/b/0/b/4/9/b0b49d3b4d0e73e62d218bee87e96800f007e2df035cc553511e85ba took 0.035 seconds
[2024-09-24T20:29:01.401+0000] {processor.py:161} INFO - Started process (PID=954) to work on /opt/airflow/dags/.cache/pip/http/b/0/b/4/9/b0b49d3b4d0e73e62d218bee87e96800f007e2df035cc553511e85ba
[2024-09-24T20:29:01.403+0000] {processor.py:830} INFO - Processing file /opt/airflow/dags/.cache/pip/http/b/0/b/4/9/b0b49d3b4d0e73e62d218bee87e96800f007e2df035cc553511e85ba for tasks to queue
[2024-09-24T20:29:01.405+0000] {logging_mixin.py:188} INFO - [2024-09-24T20:29:01.405+0000] {dagbag.py:545} INFO - Filling up the DagBag from /opt/airflow/dags/.cache/pip/http/b/0/b/4/9/b0b49d3b4d0e73e62d218bee87e96800f007e2df035cc553511e85ba
[2024-09-24T20:29:01.435+0000] {processor.py:842} WARNING - No viable dags retrieved from /opt/airflow/dags/.cache/pip/http/b/0/b/4/9/b0b49d3b4d0e73e62d218bee87e96800f007e2df035cc553511e85ba
[2024-09-24T20:29:01.445+0000] {processor.py:183} INFO - Processing /opt/airflow/dags/.cache/pip/http/b/0/b/4/9/b0b49d3b4d0e73e62d218bee87e96800f007e2df035cc553511e85ba took 0.053 seconds
[2024-09-24T20:29:32.833+0000] {processor.py:161} INFO - Started process (PID=1228) to work on /opt/airflow/dags/.cache/pip/http/b/0/b/4/9/b0b49d3b4d0e73e62d218bee87e96800f007e2df035cc553511e85ba
[2024-09-24T20:29:32.834+0000] {processor.py:830} INFO - Processing file /opt/airflow/dags/.cache/pip/http/b/0/b/4/9/b0b49d3b4d0e73e62d218bee87e96800f007e2df035cc553511e85ba for tasks to queue
[2024-09-24T20:29:32.835+0000] {logging_mixin.py:188} INFO - [2024-09-24T20:29:32.835+0000] {dagbag.py:545} INFO - Filling up the DagBag from /opt/airflow/dags/.cache/pip/http/b/0/b/4/9/b0b49d3b4d0e73e62d218bee87e96800f007e2df035cc553511e85ba
[2024-09-24T20:29:32.852+0000] {processor.py:842} WARNING - No viable dags retrieved from /opt/airflow/dags/.cache/pip/http/b/0/b/4/9/b0b49d3b4d0e73e62d218bee87e96800f007e2df035cc553511e85ba
[2024-09-24T20:29:32.861+0000] {processor.py:183} INFO - Processing /opt/airflow/dags/.cache/pip/http/b/0/b/4/9/b0b49d3b4d0e73e62d218bee87e96800f007e2df035cc553511e85ba took 0.033 seconds
[2024-09-24T20:30:04.289+0000] {processor.py:161} INFO - Started process (PID=1500) to work on /opt/airflow/dags/.cache/pip/http/b/0/b/4/9/b0b49d3b4d0e73e62d218bee87e96800f007e2df035cc553511e85ba
[2024-09-24T20:30:04.290+0000] {processor.py:830} INFO - Processing file /opt/airflow/dags/.cache/pip/http/b/0/b/4/9/b0b49d3b4d0e73e62d218bee87e96800f007e2df035cc553511e85ba for tasks to queue
[2024-09-24T20:30:04.291+0000] {logging_mixin.py:188} INFO - [2024-09-24T20:30:04.291+0000] {dagbag.py:545} INFO - Filling up the DagBag from /opt/airflow/dags/.cache/pip/http/b/0/b/4/9/b0b49d3b4d0e73e62d218bee87e96800f007e2df035cc553511e85ba
[2024-09-24T20:30:04.314+0000] {processor.py:842} WARNING - No viable dags retrieved from /opt/airflow/dags/.cache/pip/http/b/0/b/4/9/b0b49d3b4d0e73e62d218bee87e96800f007e2df035cc553511e85ba
[2024-09-24T20:30:04.323+0000] {processor.py:183} INFO - Processing /opt/airflow/dags/.cache/pip/http/b/0/b/4/9/b0b49d3b4d0e73e62d218bee87e96800f007e2df035cc553511e85ba took 0.039 seconds
[2024-09-24T20:30:37.224+0000] {processor.py:161} INFO - Started process (PID=1776) to work on /opt/airflow/dags/.cache/pip/http/b/0/b/4/9/b0b49d3b4d0e73e62d218bee87e96800f007e2df035cc553511e85ba
[2024-09-24T20:30:37.225+0000] {processor.py:830} INFO - Processing file /opt/airflow/dags/.cache/pip/http/b/0/b/4/9/b0b49d3b4d0e73e62d218bee87e96800f007e2df035cc553511e85ba for tasks to queue
[2024-09-24T20:30:37.226+0000] {logging_mixin.py:188} INFO - [2024-09-24T20:30:37.226+0000] {dagbag.py:545} INFO - Filling up the DagBag from /opt/airflow/dags/.cache/pip/http/b/0/b/4/9/b0b49d3b4d0e73e62d218bee87e96800f007e2df035cc553511e85ba
[2024-09-24T20:30:37.244+0000] {processor.py:842} WARNING - No viable dags retrieved from /opt/airflow/dags/.cache/pip/http/b/0/b/4/9/b0b49d3b4d0e73e62d218bee87e96800f007e2df035cc553511e85ba
[2024-09-24T20:30:37.254+0000] {processor.py:183} INFO - Processing /opt/airflow/dags/.cache/pip/http/b/0/b/4/9/b0b49d3b4d0e73e62d218bee87e96800f007e2df035cc553511e85ba took 0.034 seconds
[2024-09-24T20:31:09.119+0000] {processor.py:161} INFO - Started process (PID=2050) to work on /opt/airflow/dags/.cache/pip/http/b/0/b/4/9/b0b49d3b4d0e73e62d218bee87e96800f007e2df035cc553511e85ba
[2024-09-24T20:31:09.121+0000] {processor.py:830} INFO - Processing file /opt/airflow/dags/.cache/pip/http/b/0/b/4/9/b0b49d3b4d0e73e62d218bee87e96800f007e2df035cc553511e85ba for tasks to queue
[2024-09-24T20:31:09.123+0000] {logging_mixin.py:188} INFO - [2024-09-24T20:31:09.123+0000] {dagbag.py:545} INFO - Filling up the DagBag from /opt/airflow/dags/.cache/pip/http/b/0/b/4/9/b0b49d3b4d0e73e62d218bee87e96800f007e2df035cc553511e85ba
[2024-09-24T20:31:09.146+0000] {processor.py:842} WARNING - No viable dags retrieved from /opt/airflow/dags/.cache/pip/http/b/0/b/4/9/b0b49d3b4d0e73e62d218bee87e96800f007e2df035cc553511e85ba
[2024-09-24T20:31:09.157+0000] {processor.py:183} INFO - Processing /opt/airflow/dags/.cache/pip/http/b/0/b/4/9/b0b49d3b4d0e73e62d218bee87e96800f007e2df035cc553511e85ba took 0.047 seconds
[2024-09-24T20:31:41.183+0000] {processor.py:161} INFO - Started process (PID=2323) to work on /opt/airflow/dags/.cache/pip/http/b/0/b/4/9/b0b49d3b4d0e73e62d218bee87e96800f007e2df035cc553511e85ba
[2024-09-24T20:31:41.184+0000] {processor.py:830} INFO - Processing file /opt/airflow/dags/.cache/pip/http/b/0/b/4/9/b0b49d3b4d0e73e62d218bee87e96800f007e2df035cc553511e85ba for tasks to queue
[2024-09-24T20:31:41.185+0000] {logging_mixin.py:188} INFO - [2024-09-24T20:31:41.185+0000] {dagbag.py:545} INFO - Filling up the DagBag from /opt/airflow/dags/.cache/pip/http/b/0/b/4/9/b0b49d3b4d0e73e62d218bee87e96800f007e2df035cc553511e85ba
[2024-09-24T20:31:41.201+0000] {processor.py:842} WARNING - No viable dags retrieved from /opt/airflow/dags/.cache/pip/http/b/0/b/4/9/b0b49d3b4d0e73e62d218bee87e96800f007e2df035cc553511e85ba
[2024-09-24T20:31:41.210+0000] {processor.py:183} INFO - Processing /opt/airflow/dags/.cache/pip/http/b/0/b/4/9/b0b49d3b4d0e73e62d218bee87e96800f007e2df035cc553511e85ba took 0.032 seconds
[2024-09-24T20:32:26.795+0000] {processor.py:161} INFO - Started process (PID=2603) to work on /opt/airflow/dags/.cache/pip/http/b/0/b/4/9/b0b49d3b4d0e73e62d218bee87e96800f007e2df035cc553511e85ba
[2024-09-24T20:32:26.796+0000] {processor.py:830} INFO - Processing file /opt/airflow/dags/.cache/pip/http/b/0/b/4/9/b0b49d3b4d0e73e62d218bee87e96800f007e2df035cc553511e85ba for tasks to queue
[2024-09-24T20:32:26.798+0000] {logging_mixin.py:188} INFO - [2024-09-24T20:32:26.798+0000] {dagbag.py:545} INFO - Filling up the DagBag from /opt/airflow/dags/.cache/pip/http/b/0/b/4/9/b0b49d3b4d0e73e62d218bee87e96800f007e2df035cc553511e85ba
[2024-09-24T20:32:26.820+0000] {processor.py:842} WARNING - No viable dags retrieved from /opt/airflow/dags/.cache/pip/http/b/0/b/4/9/b0b49d3b4d0e73e62d218bee87e96800f007e2df035cc553511e85ba
[2024-09-24T20:32:26.831+0000] {processor.py:183} INFO - Processing /opt/airflow/dags/.cache/pip/http/b/0/b/4/9/b0b49d3b4d0e73e62d218bee87e96800f007e2df035cc553511e85ba took 0.045 seconds
