[2024-09-24T18:45:44.579+0000] {local_task_job_runner.py:120} INFO - ::group::Pre task execution logs
[2024-09-24T18:45:44.593+0000] {taskinstance.py:2076} INFO - Dependencies all met for dep_context=non-requeueable deps ti=<TaskInstance: gradient_boosting_classifier_dag.gbc_get_data manual__2024-09-24T18:45:41.461143+00:00 [queued]>
[2024-09-24T18:45:44.600+0000] {taskinstance.py:2076} INFO - Dependencies all met for dep_context=requeueable deps ti=<TaskInstance: gradient_boosting_classifier_dag.gbc_get_data manual__2024-09-24T18:45:41.461143+00:00 [queued]>
[2024-09-24T18:45:44.600+0000] {taskinstance.py:2306} INFO - Starting attempt 1 of 1
[2024-09-24T18:45:44.610+0000] {taskinstance.py:2330} INFO - Executing <Task(PythonOperator): gbc_get_data> on 2024-09-24 18:45:41.461143+00:00
[2024-09-24T18:45:44.618+0000] {standard_task_runner.py:64} INFO - Started process 45777 to run task
[2024-09-24T18:45:44.620+0000] {standard_task_runner.py:90} INFO - Running: ['***', 'tasks', 'run', 'gradient_boosting_classifier_dag', 'gbc_get_data', 'manual__2024-09-24T18:45:41.461143+00:00', '--job-id', '440', '--raw', '--subdir', 'DAGS_FOLDER/***/dags/.ipynb_checkpoints/hw1-checkpoint.py', '--cfg-path', '/tmp/tmpkquseit3']
[2024-09-24T18:45:44.622+0000] {standard_task_runner.py:91} INFO - Job 440: Subtask gbc_get_data
[2024-09-24T18:45:44.661+0000] {task_command.py:426} INFO - Running <TaskInstance: gradient_boosting_classifier_dag.gbc_get_data manual__2024-09-24T18:45:41.461143+00:00 [running]> on host 82997fc6deb7
[2024-09-24T18:45:44.727+0000] {taskinstance.py:2648} INFO - Exporting env vars: AIRFLOW_CTX_DAG_EMAIL='alexvlg34@gmail.com' AIRFLOW_CTX_DAG_OWNER='Alex Trigolos' AIRFLOW_CTX_DAG_ID='gradient_boosting_classifier_dag' AIRFLOW_CTX_TASK_ID='gbc_get_data' AIRFLOW_CTX_EXECUTION_DATE='2024-09-24T18:45:41.461143+00:00' AIRFLOW_CTX_TRY_NUMBER='1' AIRFLOW_CTX_DAG_RUN_ID='manual__2024-09-24T18:45:41.461143+00:00'
[2024-09-24T18:45:44.729+0000] {taskinstance.py:430} INFO - ::endgroup::
[2024-09-24T18:45:44.737+0000] {hw1-checkpoint.py:66} INFO - Get data...
[2024-09-24T18:45:44.983+0000] {base.py:84} INFO - Using connection ID 's3_connection' for task execution.
[2024-09-24T18:45:44.984+0000] {connection_wrapper.py:388} INFO - AWS Connection (conn_id='s3_connection', conn_type='aws') credentials retrieved from login and password.
[2024-09-24T18:45:45.548+0000] {hw1-checkpoint.py:84} INFO - Finish get data.
[2024-09-24T18:45:45.549+0000] {python.py:237} INFO - Done. Returned value was: None
[2024-09-24T18:45:45.551+0000] {taskinstance.py:441} INFO - ::group::Post task execution logs
[2024-09-24T18:45:45.558+0000] {taskinstance.py:1206} INFO - Marking task as SUCCESS. dag_id=gradient_boosting_classifier_dag, task_id=gbc_get_data, run_id=manual__2024-09-24T18:45:41.461143+00:00, execution_date=20240924T184541, start_date=20240924T184544, end_date=20240924T184545
[2024-09-24T18:45:45.596+0000] {local_task_job_runner.py:243} INFO - Task exited with return code 0
[2024-09-24T18:45:45.614+0000] {taskinstance.py:3503} INFO - 1 downstream tasks scheduled from follow-on schedule check
[2024-09-24T18:45:45.617+0000] {local_task_job_runner.py:222} INFO - ::endgroup::
