[2024-09-24T20:22:07.785+0000] {processor.py:161} INFO - Started process (PID=395) to work on /opt/airflow/dags/.cache/pip/http/e/9/7/e/0/e97e050950bd420e88fa5231c9731af032611caa5b37ba56f1ab0d77
[2024-09-24T20:22:07.786+0000] {processor.py:830} INFO - Processing file /opt/airflow/dags/.cache/pip/http/e/9/7/e/0/e97e050950bd420e88fa5231c9731af032611caa5b37ba56f1ab0d77 for tasks to queue
[2024-09-24T20:22:07.800+0000] {logging_mixin.py:188} INFO - [2024-09-24T20:22:07.800+0000] {dagbag.py:545} INFO - Filling up the DagBag from /opt/airflow/dags/.cache/pip/http/e/9/7/e/0/e97e050950bd420e88fa5231c9731af032611caa5b37ba56f1ab0d77
[2024-09-24T20:22:07.835+0000] {processor.py:842} WARNING - No viable dags retrieved from /opt/airflow/dags/.cache/pip/http/e/9/7/e/0/e97e050950bd420e88fa5231c9731af032611caa5b37ba56f1ab0d77
[2024-09-24T20:22:07.853+0000] {processor.py:183} INFO - Processing /opt/airflow/dags/.cache/pip/http/e/9/7/e/0/e97e050950bd420e88fa5231c9731af032611caa5b37ba56f1ab0d77 took 0.075 seconds
[2024-09-24T20:22:40.885+0000] {processor.py:161} INFO - Started process (PID=669) to work on /opt/airflow/dags/.cache/pip/http/e/9/7/e/0/e97e050950bd420e88fa5231c9731af032611caa5b37ba56f1ab0d77
[2024-09-24T20:22:40.887+0000] {processor.py:830} INFO - Processing file /opt/airflow/dags/.cache/pip/http/e/9/7/e/0/e97e050950bd420e88fa5231c9731af032611caa5b37ba56f1ab0d77 for tasks to queue
[2024-09-24T20:22:40.891+0000] {logging_mixin.py:188} INFO - [2024-09-24T20:22:40.891+0000] {dagbag.py:545} INFO - Filling up the DagBag from /opt/airflow/dags/.cache/pip/http/e/9/7/e/0/e97e050950bd420e88fa5231c9731af032611caa5b37ba56f1ab0d77
[2024-09-24T20:22:40.979+0000] {processor.py:842} WARNING - No viable dags retrieved from /opt/airflow/dags/.cache/pip/http/e/9/7/e/0/e97e050950bd420e88fa5231c9731af032611caa5b37ba56f1ab0d77
[2024-09-24T20:22:41.025+0000] {processor.py:183} INFO - Processing /opt/airflow/dags/.cache/pip/http/e/9/7/e/0/e97e050950bd420e88fa5231c9731af032611caa5b37ba56f1ab0d77 took 0.149 seconds
[2024-09-24T20:23:12.445+0000] {processor.py:161} INFO - Started process (PID=944) to work on /opt/airflow/dags/.cache/pip/http/e/9/7/e/0/e97e050950bd420e88fa5231c9731af032611caa5b37ba56f1ab0d77
[2024-09-24T20:23:12.446+0000] {processor.py:830} INFO - Processing file /opt/airflow/dags/.cache/pip/http/e/9/7/e/0/e97e050950bd420e88fa5231c9731af032611caa5b37ba56f1ab0d77 for tasks to queue
[2024-09-24T20:23:12.448+0000] {logging_mixin.py:188} INFO - [2024-09-24T20:23:12.447+0000] {dagbag.py:545} INFO - Filling up the DagBag from /opt/airflow/dags/.cache/pip/http/e/9/7/e/0/e97e050950bd420e88fa5231c9731af032611caa5b37ba56f1ab0d77
[2024-09-24T20:23:12.682+0000] {processor.py:842} WARNING - No viable dags retrieved from /opt/airflow/dags/.cache/pip/http/e/9/7/e/0/e97e050950bd420e88fa5231c9731af032611caa5b37ba56f1ab0d77
[2024-09-24T20:23:12.700+0000] {processor.py:183} INFO - Processing /opt/airflow/dags/.cache/pip/http/e/9/7/e/0/e97e050950bd420e88fa5231c9731af032611caa5b37ba56f1ab0d77 took 0.260 seconds
[2024-09-24T20:27:56.266+0000] {processor.py:161} INFO - Started process (PID=399) to work on /opt/airflow/dags/.cache/pip/http/e/9/7/e/0/e97e050950bd420e88fa5231c9731af032611caa5b37ba56f1ab0d77
[2024-09-24T20:27:56.281+0000] {processor.py:830} INFO - Processing file /opt/airflow/dags/.cache/pip/http/e/9/7/e/0/e97e050950bd420e88fa5231c9731af032611caa5b37ba56f1ab0d77 for tasks to queue
[2024-09-24T20:27:56.283+0000] {logging_mixin.py:188} INFO - [2024-09-24T20:27:56.283+0000] {dagbag.py:545} INFO - Filling up the DagBag from /opt/airflow/dags/.cache/pip/http/e/9/7/e/0/e97e050950bd420e88fa5231c9731af032611caa5b37ba56f1ab0d77
[2024-09-24T20:27:56.319+0000] {processor.py:842} WARNING - No viable dags retrieved from /opt/airflow/dags/.cache/pip/http/e/9/7/e/0/e97e050950bd420e88fa5231c9731af032611caa5b37ba56f1ab0d77
[2024-09-24T20:27:56.331+0000] {processor.py:183} INFO - Processing /opt/airflow/dags/.cache/pip/http/e/9/7/e/0/e97e050950bd420e88fa5231c9731af032611caa5b37ba56f1ab0d77 took 0.069 seconds
[2024-09-24T20:28:29.121+0000] {processor.py:161} INFO - Started process (PID=673) to work on /opt/airflow/dags/.cache/pip/http/e/9/7/e/0/e97e050950bd420e88fa5231c9731af032611caa5b37ba56f1ab0d77
[2024-09-24T20:28:29.122+0000] {processor.py:830} INFO - Processing file /opt/airflow/dags/.cache/pip/http/e/9/7/e/0/e97e050950bd420e88fa5231c9731af032611caa5b37ba56f1ab0d77 for tasks to queue
[2024-09-24T20:28:29.124+0000] {logging_mixin.py:188} INFO - [2024-09-24T20:28:29.124+0000] {dagbag.py:545} INFO - Filling up the DagBag from /opt/airflow/dags/.cache/pip/http/e/9/7/e/0/e97e050950bd420e88fa5231c9731af032611caa5b37ba56f1ab0d77
[2024-09-24T20:28:29.179+0000] {processor.py:842} WARNING - No viable dags retrieved from /opt/airflow/dags/.cache/pip/http/e/9/7/e/0/e97e050950bd420e88fa5231c9731af032611caa5b37ba56f1ab0d77
[2024-09-24T20:28:29.191+0000] {processor.py:183} INFO - Processing /opt/airflow/dags/.cache/pip/http/e/9/7/e/0/e97e050950bd420e88fa5231c9731af032611caa5b37ba56f1ab0d77 took 0.074 seconds
[2024-09-24T20:29:01.206+0000] {processor.py:161} INFO - Started process (PID=947) to work on /opt/airflow/dags/.cache/pip/http/e/9/7/e/0/e97e050950bd420e88fa5231c9731af032611caa5b37ba56f1ab0d77
[2024-09-24T20:29:01.207+0000] {processor.py:830} INFO - Processing file /opt/airflow/dags/.cache/pip/http/e/9/7/e/0/e97e050950bd420e88fa5231c9731af032611caa5b37ba56f1ab0d77 for tasks to queue
[2024-09-24T20:29:01.210+0000] {logging_mixin.py:188} INFO - [2024-09-24T20:29:01.209+0000] {dagbag.py:545} INFO - Filling up the DagBag from /opt/airflow/dags/.cache/pip/http/e/9/7/e/0/e97e050950bd420e88fa5231c9731af032611caa5b37ba56f1ab0d77
[2024-09-24T20:29:01.277+0000] {processor.py:842} WARNING - No viable dags retrieved from /opt/airflow/dags/.cache/pip/http/e/9/7/e/0/e97e050950bd420e88fa5231c9731af032611caa5b37ba56f1ab0d77
[2024-09-24T20:29:01.297+0000] {processor.py:183} INFO - Processing /opt/airflow/dags/.cache/pip/http/e/9/7/e/0/e97e050950bd420e88fa5231c9731af032611caa5b37ba56f1ab0d77 took 0.095 seconds
[2024-09-24T20:29:32.749+0000] {processor.py:161} INFO - Started process (PID=1221) to work on /opt/airflow/dags/.cache/pip/http/e/9/7/e/0/e97e050950bd420e88fa5231c9731af032611caa5b37ba56f1ab0d77
[2024-09-24T20:29:32.750+0000] {processor.py:830} INFO - Processing file /opt/airflow/dags/.cache/pip/http/e/9/7/e/0/e97e050950bd420e88fa5231c9731af032611caa5b37ba56f1ab0d77 for tasks to queue
[2024-09-24T20:29:32.752+0000] {logging_mixin.py:188} INFO - [2024-09-24T20:29:32.751+0000] {dagbag.py:545} INFO - Filling up the DagBag from /opt/airflow/dags/.cache/pip/http/e/9/7/e/0/e97e050950bd420e88fa5231c9731af032611caa5b37ba56f1ab0d77
[2024-09-24T20:29:32.779+0000] {processor.py:842} WARNING - No viable dags retrieved from /opt/airflow/dags/.cache/pip/http/e/9/7/e/0/e97e050950bd420e88fa5231c9731af032611caa5b37ba56f1ab0d77
[2024-09-24T20:29:32.789+0000] {processor.py:183} INFO - Processing /opt/airflow/dags/.cache/pip/http/e/9/7/e/0/e97e050950bd420e88fa5231c9731af032611caa5b37ba56f1ab0d77 took 0.045 seconds
[2024-09-24T20:30:04.259+0000] {processor.py:161} INFO - Started process (PID=1497) to work on /opt/airflow/dags/.cache/pip/http/e/9/7/e/0/e97e050950bd420e88fa5231c9731af032611caa5b37ba56f1ab0d77
[2024-09-24T20:30:04.259+0000] {processor.py:830} INFO - Processing file /opt/airflow/dags/.cache/pip/http/e/9/7/e/0/e97e050950bd420e88fa5231c9731af032611caa5b37ba56f1ab0d77 for tasks to queue
[2024-09-24T20:30:04.261+0000] {logging_mixin.py:188} INFO - [2024-09-24T20:30:04.260+0000] {dagbag.py:545} INFO - Filling up the DagBag from /opt/airflow/dags/.cache/pip/http/e/9/7/e/0/e97e050950bd420e88fa5231c9731af032611caa5b37ba56f1ab0d77
[2024-09-24T20:30:04.278+0000] {processor.py:842} WARNING - No viable dags retrieved from /opt/airflow/dags/.cache/pip/http/e/9/7/e/0/e97e050950bd420e88fa5231c9731af032611caa5b37ba56f1ab0d77
[2024-09-24T20:30:04.287+0000] {processor.py:183} INFO - Processing /opt/airflow/dags/.cache/pip/http/e/9/7/e/0/e97e050950bd420e88fa5231c9731af032611caa5b37ba56f1ab0d77 took 0.033 seconds
[2024-09-24T20:30:37.176+0000] {processor.py:161} INFO - Started process (PID=1769) to work on /opt/airflow/dags/.cache/pip/http/e/9/7/e/0/e97e050950bd420e88fa5231c9731af032611caa5b37ba56f1ab0d77
[2024-09-24T20:30:37.177+0000] {processor.py:830} INFO - Processing file /opt/airflow/dags/.cache/pip/http/e/9/7/e/0/e97e050950bd420e88fa5231c9731af032611caa5b37ba56f1ab0d77 for tasks to queue
[2024-09-24T20:30:37.178+0000] {logging_mixin.py:188} INFO - [2024-09-24T20:30:37.178+0000] {dagbag.py:545} INFO - Filling up the DagBag from /opt/airflow/dags/.cache/pip/http/e/9/7/e/0/e97e050950bd420e88fa5231c9731af032611caa5b37ba56f1ab0d77
[2024-09-24T20:30:37.192+0000] {processor.py:842} WARNING - No viable dags retrieved from /opt/airflow/dags/.cache/pip/http/e/9/7/e/0/e97e050950bd420e88fa5231c9731af032611caa5b37ba56f1ab0d77
[2024-09-24T20:30:37.201+0000] {processor.py:183} INFO - Processing /opt/airflow/dags/.cache/pip/http/e/9/7/e/0/e97e050950bd420e88fa5231c9731af032611caa5b37ba56f1ab0d77 took 0.029 seconds
[2024-09-24T20:31:08.965+0000] {processor.py:161} INFO - Started process (PID=2043) to work on /opt/airflow/dags/.cache/pip/http/e/9/7/e/0/e97e050950bd420e88fa5231c9731af032611caa5b37ba56f1ab0d77
[2024-09-24T20:31:08.966+0000] {processor.py:830} INFO - Processing file /opt/airflow/dags/.cache/pip/http/e/9/7/e/0/e97e050950bd420e88fa5231c9731af032611caa5b37ba56f1ab0d77 for tasks to queue
[2024-09-24T20:31:08.967+0000] {logging_mixin.py:188} INFO - [2024-09-24T20:31:08.967+0000] {dagbag.py:545} INFO - Filling up the DagBag from /opt/airflow/dags/.cache/pip/http/e/9/7/e/0/e97e050950bd420e88fa5231c9731af032611caa5b37ba56f1ab0d77
[2024-09-24T20:31:09.029+0000] {processor.py:842} WARNING - No viable dags retrieved from /opt/airflow/dags/.cache/pip/http/e/9/7/e/0/e97e050950bd420e88fa5231c9731af032611caa5b37ba56f1ab0d77
[2024-09-24T20:31:09.046+0000] {processor.py:183} INFO - Processing /opt/airflow/dags/.cache/pip/http/e/9/7/e/0/e97e050950bd420e88fa5231c9731af032611caa5b37ba56f1ab0d77 took 0.085 seconds
[2024-09-24T20:31:41.072+0000] {processor.py:161} INFO - Started process (PID=2316) to work on /opt/airflow/dags/.cache/pip/http/e/9/7/e/0/e97e050950bd420e88fa5231c9731af032611caa5b37ba56f1ab0d77
[2024-09-24T20:31:41.089+0000] {processor.py:830} INFO - Processing file /opt/airflow/dags/.cache/pip/http/e/9/7/e/0/e97e050950bd420e88fa5231c9731af032611caa5b37ba56f1ab0d77 for tasks to queue
[2024-09-24T20:31:41.092+0000] {logging_mixin.py:188} INFO - [2024-09-24T20:31:41.092+0000] {dagbag.py:545} INFO - Filling up the DagBag from /opt/airflow/dags/.cache/pip/http/e/9/7/e/0/e97e050950bd420e88fa5231c9731af032611caa5b37ba56f1ab0d77
[2024-09-24T20:31:41.140+0000] {processor.py:842} WARNING - No viable dags retrieved from /opt/airflow/dags/.cache/pip/http/e/9/7/e/0/e97e050950bd420e88fa5231c9731af032611caa5b37ba56f1ab0d77
[2024-09-24T20:31:41.152+0000] {processor.py:183} INFO - Processing /opt/airflow/dags/.cache/pip/http/e/9/7/e/0/e97e050950bd420e88fa5231c9731af032611caa5b37ba56f1ab0d77 took 0.085 seconds
[2024-09-24T20:32:26.675+0000] {processor.py:161} INFO - Started process (PID=2596) to work on /opt/airflow/dags/.cache/pip/http/e/9/7/e/0/e97e050950bd420e88fa5231c9731af032611caa5b37ba56f1ab0d77
[2024-09-24T20:32:26.675+0000] {processor.py:830} INFO - Processing file /opt/airflow/dags/.cache/pip/http/e/9/7/e/0/e97e050950bd420e88fa5231c9731af032611caa5b37ba56f1ab0d77 for tasks to queue
[2024-09-24T20:32:26.677+0000] {logging_mixin.py:188} INFO - [2024-09-24T20:32:26.676+0000] {dagbag.py:545} INFO - Filling up the DagBag from /opt/airflow/dags/.cache/pip/http/e/9/7/e/0/e97e050950bd420e88fa5231c9731af032611caa5b37ba56f1ab0d77
[2024-09-24T20:32:26.707+0000] {processor.py:842} WARNING - No viable dags retrieved from /opt/airflow/dags/.cache/pip/http/e/9/7/e/0/e97e050950bd420e88fa5231c9731af032611caa5b37ba56f1ab0d77
[2024-09-24T20:32:26.717+0000] {processor.py:183} INFO - Processing /opt/airflow/dags/.cache/pip/http/e/9/7/e/0/e97e050950bd420e88fa5231c9731af032611caa5b37ba56f1ab0d77 took 0.048 seconds
