[2024-09-25T07:21:51.799+0000] {local_task_job_runner.py:120} INFO - ::group::Pre task execution logs
[2024-09-25T07:21:51.820+0000] {taskinstance.py:2076} INFO - Dependencies all met for dep_context=non-requeueable deps ti=<TaskInstance: train.train_model scheduled__2024-09-24T01:00:00+00:00 [queued]>
[2024-09-25T07:21:51.832+0000] {taskinstance.py:2076} INFO - Dependencies all met for dep_context=requeueable deps ti=<TaskInstance: train.train_model scheduled__2024-09-24T01:00:00+00:00 [queued]>
[2024-09-25T07:21:51.834+0000] {taskinstance.py:2306} INFO - Starting attempt 1 of 1
[2024-09-25T07:21:51.850+0000] {taskinstance.py:2330} INFO - Executing <Task(PythonOperator): train_model> on 2024-09-24 01:00:00+00:00
[2024-09-25T07:21:51.861+0000] {standard_task_runner.py:64} INFO - Started process 5599 to run task
[2024-09-25T07:21:51.864+0000] {standard_task_runner.py:90} INFO - Running: ['***', 'tasks', 'run', 'train', 'train_model', 'scheduled__2024-09-24T01:00:00+00:00', '--job-id', '584', '--raw', '--subdir', 'DAGS_FOLDER/***/dags/.ipynb_checkpoints/1_train_dag-checkpoint.py', '--cfg-path', '/tmp/tmpnks69cx5']
[2024-09-25T07:21:51.868+0000] {standard_task_runner.py:91} INFO - Job 584: Subtask train_model
[2024-09-25T07:21:51.926+0000] {task_command.py:426} INFO - Running <TaskInstance: train.train_model scheduled__2024-09-24T01:00:00+00:00 [running]> on host 82997fc6deb7
[2024-09-25T07:21:52.031+0000] {taskinstance.py:2648} INFO - Exporting env vars: AIRFLOW_CTX_DAG_EMAIL='alexvlg34@gmail.com' AIRFLOW_CTX_DAG_OWNER='Alex Trigolos' AIRFLOW_CTX_DAG_ID='train' AIRFLOW_CTX_TASK_ID='train_model' AIRFLOW_CTX_EXECUTION_DATE='2024-09-24T01:00:00+00:00' AIRFLOW_CTX_TRY_NUMBER='1' AIRFLOW_CTX_DAG_RUN_ID='scheduled__2024-09-24T01:00:00+00:00'
[2024-09-25T07:21:52.032+0000] {taskinstance.py:430} INFO - ::endgroup::
[2024-09-25T07:21:52.045+0000] {s3.py:1422} INFO - Downloading source S3 file from Bucket testmlops with path 2024/datasets/X_train.pkl
[2024-09-25T07:21:52.056+0000] {base.py:84} INFO - Using connection ID 's3_connection' for task execution.
[2024-09-25T07:21:52.058+0000] {connection_wrapper.py:388} INFO - AWS Connection (conn_id='s3_connection', conn_type='aws') credentials retrieved from login and password.
[2024-09-25T07:21:52.551+0000] {s3.py:1422} INFO - Downloading source S3 file from Bucket testmlops with path 2024/datasets/X_test.pkl
[2024-09-25T07:21:52.635+0000] {s3.py:1422} INFO - Downloading source S3 file from Bucket testmlops with path 2024/datasets/y_train.pkl
[2024-09-25T07:21:52.743+0000] {s3.py:1422} INFO - Downloading source S3 file from Bucket testmlops with path 2024/datasets/y_test.pkl
[2024-09-25T07:22:06.790+0000] {1_train_dag-checkpoint.py:165} INFO - Model trained.
[2024-09-25T07:22:06.794+0000] {python.py:237} INFO - Done. Returned value was: None
[2024-09-25T07:22:06.796+0000] {taskinstance.py:441} INFO - ::group::Post task execution logs
[2024-09-25T07:22:06.809+0000] {taskinstance.py:1206} INFO - Marking task as SUCCESS. dag_id=train, task_id=train_model, run_id=scheduled__2024-09-24T01:00:00+00:00, execution_date=20240924T010000, start_date=20240925T072151, end_date=20240925T072206
[2024-09-25T07:22:06.861+0000] {local_task_job_runner.py:243} INFO - Task exited with return code 0
[2024-09-25T07:22:06.886+0000] {taskinstance.py:3503} INFO - 1 downstream tasks scheduled from follow-on schedule check
[2024-09-25T07:22:06.889+0000] {local_task_job_runner.py:222} INFO - ::endgroup::
