[2024-09-24T20:36:52.795+0000] {local_task_job_runner.py:120} INFO - ::group::Pre task execution logs
[2024-09-24T20:36:52.811+0000] {taskinstance.py:2076} INFO - Dependencies all met for dep_context=non-requeueable deps ti=<TaskInstance: gradient_boosting_classifier_dag.gbc_prepare_data manual__2024-09-24T20:36:43.578498+00:00 [queued]>
[2024-09-24T20:36:52.819+0000] {taskinstance.py:2076} INFO - Dependencies all met for dep_context=requeueable deps ti=<TaskInstance: gradient_boosting_classifier_dag.gbc_prepare_data manual__2024-09-24T20:36:43.578498+00:00 [queued]>
[2024-09-24T20:36:52.819+0000] {taskinstance.py:2306} INFO - Starting attempt 1 of 1
[2024-09-24T20:36:52.830+0000] {taskinstance.py:2330} INFO - Executing <Task(PythonOperator): gbc_prepare_data> on 2024-09-24 20:36:43.578498+00:00
[2024-09-24T20:36:52.837+0000] {standard_task_runner.py:64} INFO - Started process 4837 to run task
[2024-09-24T20:36:52.839+0000] {standard_task_runner.py:90} INFO - Running: ['***', 'tasks', 'run', 'gradient_boosting_classifier_dag', 'gbc_prepare_data', 'manual__2024-09-24T20:36:43.578498+00:00', '--job-id', '566', '--raw', '--subdir', 'DAGS_FOLDER/***/dags/.ipynb_checkpoints/hw1-checkpoint.py', '--cfg-path', '/tmp/tmp4i8flmhc']
[2024-09-24T20:36:52.842+0000] {standard_task_runner.py:91} INFO - Job 566: Subtask gbc_prepare_data
[2024-09-24T20:36:52.877+0000] {task_command.py:426} INFO - Running <TaskInstance: gradient_boosting_classifier_dag.gbc_prepare_data manual__2024-09-24T20:36:43.578498+00:00 [running]> on host 82997fc6deb7
[2024-09-24T20:36:52.948+0000] {taskinstance.py:2648} INFO - Exporting env vars: AIRFLOW_CTX_DAG_EMAIL='alexvlg34@gmail.com' AIRFLOW_CTX_DAG_OWNER='Alex Trigolos' AIRFLOW_CTX_DAG_ID='gradient_boosting_classifier_dag' AIRFLOW_CTX_TASK_ID='gbc_prepare_data' AIRFLOW_CTX_EXECUTION_DATE='2024-09-24T20:36:43.578498+00:00' AIRFLOW_CTX_TRY_NUMBER='1' AIRFLOW_CTX_DAG_RUN_ID='manual__2024-09-24T20:36:43.578498+00:00'
[2024-09-24T20:36:52.949+0000] {taskinstance.py:430} INFO - ::endgroup::
[2024-09-24T20:36:52.957+0000] {hw1-checkpoint.py:107} INFO - Prepare data...
[2024-09-24T20:36:52.958+0000] {s3.py:1422} INFO - Downloading source S3 file from Bucket testmlops with path AlexTrigolos/GradientBoostingClassifier/datasets/dataset.pkl
[2024-09-24T20:36:52.966+0000] {base.py:84} INFO - Using connection ID 's3_connection' for task execution.
[2024-09-24T20:36:52.967+0000] {connection_wrapper.py:388} INFO - AWS Connection (conn_id='s3_connection', conn_type='aws') credentials retrieved from login and password.
[2024-09-24T20:36:53.345+0000] {hw1-checkpoint.py:78} INFO - /tmp/***_tmp_gkrtnw3d
[2024-09-24T20:36:53.419+0000] {base.py:84} INFO - Using connection ID 's3_connection' for task execution.
[2024-09-24T20:36:53.420+0000] {connection_wrapper.py:388} INFO - AWS Connection (conn_id='s3_connection', conn_type='aws') credentials retrieved from login and password.
[2024-09-24T20:36:53.756+0000] {base.py:84} INFO - Using connection ID 's3_connection' for task execution.
[2024-09-24T20:36:53.759+0000] {connection_wrapper.py:388} INFO - AWS Connection (conn_id='s3_connection', conn_type='aws') credentials retrieved from login and password.
[2024-09-24T20:36:53.908+0000] {base.py:84} INFO - Using connection ID 's3_connection' for task execution.
[2024-09-24T20:36:53.909+0000] {connection_wrapper.py:388} INFO - AWS Connection (conn_id='s3_connection', conn_type='aws') credentials retrieved from login and password.
[2024-09-24T20:36:54.083+0000] {base.py:84} INFO - Using connection ID 's3_connection' for task execution.
[2024-09-24T20:36:54.085+0000] {connection_wrapper.py:388} INFO - AWS Connection (conn_id='s3_connection', conn_type='aws') credentials retrieved from login and password.
[2024-09-24T20:36:54.584+0000] {hw1-checkpoint.py:133} INFO - Prepared data.
[2024-09-24T20:36:54.587+0000] {python.py:237} INFO - Done. Returned value was: None
[2024-09-24T20:36:54.591+0000] {taskinstance.py:441} INFO - ::group::Post task execution logs
[2024-09-24T20:36:54.613+0000] {taskinstance.py:1206} INFO - Marking task as SUCCESS. dag_id=gradient_boosting_classifier_dag, task_id=gbc_prepare_data, run_id=manual__2024-09-24T20:36:43.578498+00:00, execution_date=20240924T203643, start_date=20240924T203652, end_date=20240924T203654
[2024-09-24T20:36:54.703+0000] {local_task_job_runner.py:243} INFO - Task exited with return code 0
[2024-09-24T20:36:54.792+0000] {taskinstance.py:3503} INFO - 1 downstream tasks scheduled from follow-on schedule check
[2024-09-24T20:36:54.803+0000] {local_task_job_runner.py:222} INFO - ::endgroup::
