[2024-10-02T13:54:58.490+0000] {local_task_job_runner.py:120} INFO - ::group::Pre task execution logs
[2024-10-02T13:54:58.510+0000] {taskinstance.py:2076} INFO - Dependencies all met for dep_context=non-requeueable deps ti=<TaskInstance: random_forest_classifier_dag.rfc_get_data scheduled__2024-10-01T01:00:00+00:00 [queued]>
[2024-10-02T13:54:58.524+0000] {taskinstance.py:2076} INFO - Dependencies all met for dep_context=requeueable deps ti=<TaskInstance: random_forest_classifier_dag.rfc_get_data scheduled__2024-10-01T01:00:00+00:00 [queued]>
[2024-10-02T13:54:58.526+0000] {taskinstance.py:2306} INFO - Starting attempt 1 of 1
[2024-10-02T13:54:58.547+0000] {taskinstance.py:2330} INFO - Executing <Task(PythonOperator): rfc_get_data> on 2024-10-01 01:00:00+00:00
[2024-10-02T13:54:58.559+0000] {standard_task_runner.py:64} INFO - Started process 468 to run task
[2024-10-02T13:54:58.562+0000] {standard_task_runner.py:90} INFO - Running: ['***', 'tasks', 'run', 'random_forest_classifier_dag', 'rfc_get_data', 'scheduled__2024-10-01T01:00:00+00:00', '--job-id', '607', '--raw', '--subdir', 'DAGS_FOLDER/***/dags/.ipynb_checkpoints/hw1-checkpoint.py', '--cfg-path', '/tmp/tmplst5wan3']
[2024-10-02T13:54:58.564+0000] {standard_task_runner.py:91} INFO - Job 607: Subtask rfc_get_data
[2024-10-02T13:54:58.624+0000] {task_command.py:426} INFO - Running <TaskInstance: random_forest_classifier_dag.rfc_get_data scheduled__2024-10-01T01:00:00+00:00 [running]> on host 82997fc6deb7
[2024-10-02T13:54:58.731+0000] {taskinstance.py:2648} INFO - Exporting env vars: AIRFLOW_CTX_DAG_EMAIL='alexvlg34@gmail.com' AIRFLOW_CTX_DAG_OWNER='Alex Trigolos' AIRFLOW_CTX_DAG_ID='random_forest_classifier_dag' AIRFLOW_CTX_TASK_ID='rfc_get_data' AIRFLOW_CTX_EXECUTION_DATE='2024-10-01T01:00:00+00:00' AIRFLOW_CTX_TRY_NUMBER='1' AIRFLOW_CTX_DAG_RUN_ID='scheduled__2024-10-01T01:00:00+00:00'
[2024-10-02T13:54:58.734+0000] {taskinstance.py:430} INFO - ::endgroup::
[2024-10-02T13:54:58.746+0000] {hw1-checkpoint.py:91} INFO - Get data...
[2024-10-02T13:54:59.204+0000] {base.py:84} INFO - Using connection ID 's3_connection' for task execution.
[2024-10-02T13:54:59.206+0000] {connection_wrapper.py:388} INFO - AWS Connection (conn_id='s3_connection', conn_type='aws') credentials retrieved from login and password.
[2024-10-02T13:55:00.144+0000] {hw1-checkpoint.py:103} INFO - Finish get data.
[2024-10-02T13:55:00.145+0000] {python.py:237} INFO - Done. Returned value was: None
[2024-10-02T13:55:00.146+0000] {taskinstance.py:441} INFO - ::group::Post task execution logs
[2024-10-02T13:55:00.158+0000] {taskinstance.py:1206} INFO - Marking task as SUCCESS. dag_id=random_forest_classifier_dag, task_id=rfc_get_data, run_id=scheduled__2024-10-01T01:00:00+00:00, execution_date=20241001T010000, start_date=20241002T135458, end_date=20241002T135500
[2024-10-02T13:55:00.187+0000] {local_task_job_runner.py:243} INFO - Task exited with return code 0
[2024-10-02T13:55:00.217+0000] {taskinstance.py:3503} INFO - 1 downstream tasks scheduled from follow-on schedule check
[2024-10-02T13:55:00.222+0000] {local_task_job_runner.py:222} INFO - ::endgroup::
