[2024-10-04T06:38:50.371+0000] {local_task_job_runner.py:120} INFO - ::group::Pre task execution logs
[2024-10-04T06:38:50.385+0000] {taskinstance.py:2076} INFO - Dependencies all met for dep_context=non-requeueable deps ti=<TaskInstance: random_forest_classifier_dag.rfc_train_model scheduled__2024-10-03T01:00:00+00:00 [queued]>
[2024-10-04T06:38:50.391+0000] {taskinstance.py:2076} INFO - Dependencies all met for dep_context=requeueable deps ti=<TaskInstance: random_forest_classifier_dag.rfc_train_model scheduled__2024-10-03T01:00:00+00:00 [queued]>
[2024-10-04T06:38:50.393+0000] {taskinstance.py:2306} INFO - Starting attempt 1 of 1
[2024-10-04T06:38:50.403+0000] {taskinstance.py:2330} INFO - Executing <Task(PythonOperator): rfc_train_model> on 2024-10-03 01:00:00+00:00
[2024-10-04T06:38:50.411+0000] {standard_task_runner.py:64} INFO - Started process 49366 to run task
[2024-10-04T06:38:50.416+0000] {standard_task_runner.py:90} INFO - Running: ['***', 'tasks', 'run', 'random_forest_classifier_dag', 'rfc_train_model', 'scheduled__2024-10-03T01:00:00+00:00', '--job-id', '780', '--raw', '--subdir', 'DAGS_FOLDER/***/dags/.ipynb_checkpoints/hw1-checkpoint.py', '--cfg-path', '/tmp/tmp1sjwpzme']
[2024-10-04T06:38:50.418+0000] {standard_task_runner.py:91} INFO - Job 780: Subtask rfc_train_model
[2024-10-04T06:38:50.458+0000] {task_command.py:426} INFO - Running <TaskInstance: random_forest_classifier_dag.rfc_train_model scheduled__2024-10-03T01:00:00+00:00 [running]> on host 4b5f1410d111
[2024-10-04T06:38:50.532+0000] {taskinstance.py:2648} INFO - Exporting env vars: AIRFLOW_CTX_DAG_EMAIL='alexvlg34@gmail.com' AIRFLOW_CTX_DAG_OWNER='Alex Trigolos' AIRFLOW_CTX_DAG_ID='random_forest_classifier_dag' AIRFLOW_CTX_TASK_ID='rfc_train_model' AIRFLOW_CTX_EXECUTION_DATE='2024-10-03T01:00:00+00:00' AIRFLOW_CTX_TRY_NUMBER='1' AIRFLOW_CTX_DAG_RUN_ID='scheduled__2024-10-03T01:00:00+00:00'
[2024-10-04T06:38:50.534+0000] {taskinstance.py:430} INFO - ::endgroup::
[2024-10-04T06:38:50.543+0000] {hw1-checkpoint.py:137} INFO - Train model...
[2024-10-04T06:38:50.544+0000] {s3.py:1422} INFO - Downloading source S3 file from Bucket testmlops with path AlexTrigolos/RandomForestClassifier/datasets/X_train.pkl
[2024-10-04T06:38:50.553+0000] {base.py:84} INFO - Using connection ID 's3_connection' for task execution.
[2024-10-04T06:38:50.554+0000] {connection_wrapper.py:388} INFO - AWS Connection (conn_id='s3_connection', conn_type='aws') credentials retrieved from login and password.
[2024-10-04T06:38:50.950+0000] {hw1-checkpoint.py:78} INFO - /tmp/***_tmp_vrhumc_u
[2024-10-04T06:38:50.953+0000] {s3.py:1422} INFO - Downloading source S3 file from Bucket testmlops with path AlexTrigolos/RandomForestClassifier/datasets/X_test.pkl
[2024-10-04T06:38:50.962+0000] {base.py:84} INFO - Using connection ID 's3_connection' for task execution.
[2024-10-04T06:38:50.963+0000] {connection_wrapper.py:388} INFO - AWS Connection (conn_id='s3_connection', conn_type='aws') credentials retrieved from login and password.
[2024-10-04T06:38:51.138+0000] {hw1-checkpoint.py:78} INFO - /tmp/***_tmp_gfqyxv76
[2024-10-04T06:38:51.141+0000] {s3.py:1422} INFO - Downloading source S3 file from Bucket testmlops with path AlexTrigolos/RandomForestClassifier/datasets/y_train.pkl
[2024-10-04T06:38:51.149+0000] {base.py:84} INFO - Using connection ID 's3_connection' for task execution.
[2024-10-04T06:38:51.150+0000] {connection_wrapper.py:388} INFO - AWS Connection (conn_id='s3_connection', conn_type='aws') credentials retrieved from login and password.
[2024-10-04T06:38:51.342+0000] {hw1-checkpoint.py:78} INFO - /tmp/***_tmp_rv2rk81y
[2024-10-04T06:38:51.344+0000] {s3.py:1422} INFO - Downloading source S3 file from Bucket testmlops with path AlexTrigolos/RandomForestClassifier/datasets/y_test.pkl
[2024-10-04T06:38:51.352+0000] {base.py:84} INFO - Using connection ID 's3_connection' for task execution.
[2024-10-04T06:38:51.354+0000] {connection_wrapper.py:388} INFO - AWS Connection (conn_id='s3_connection', conn_type='aws') credentials retrieved from login and password.
[2024-10-04T06:38:51.749+0000] {hw1-checkpoint.py:78} INFO - /tmp/***_tmp_1k5e7sas
[2024-10-04T06:38:51.755+0000] {logging_mixin.py:188} INFO - Fitting 5 folds for each of 1071 candidates, totalling 5355 fits
[2024-10-04T06:38:51.760+0000] {logging_mixin.py:188} INFO - [CV] END max_depth=None, min_samples_split=1, n_estimators=50; total time=   0.0s
[2024-10-04T06:38:51.761+0000] {logging_mixin.py:188} INFO - [CV] END max_depth=None, min_samples_split=1, n_estimators=50; total time=   0.0s
[2024-10-04T06:38:51.763+0000] {logging_mixin.py:188} INFO - [CV] END max_depth=None, min_samples_split=1, n_estimators=50; total time=   0.0s
[2024-10-04T06:38:51.764+0000] {logging_mixin.py:188} INFO - [CV] END max_depth=None, min_samples_split=1, n_estimators=50; total time=   0.0s
[2024-10-04T06:38:51.766+0000] {logging_mixin.py:188} INFO - [CV] END max_depth=None, min_samples_split=1, n_estimators=50; total time=   0.0s
[2024-10-04T06:38:51.767+0000] {logging_mixin.py:188} INFO - [CV] END max_depth=None, min_samples_split=1, n_estimators=100; total time=   0.0s
[2024-10-04T06:38:51.769+0000] {logging_mixin.py:188} INFO - [CV] END max_depth=None, min_samples_split=1, n_estimators=100; total time=   0.0s
[2024-10-04T06:38:51.770+0000] {logging_mixin.py:188} INFO - [CV] END max_depth=None, min_samples_split=1, n_estimators=100; total time=   0.0s
[2024-10-04T06:38:51.771+0000] {logging_mixin.py:188} INFO - [CV] END max_depth=None, min_samples_split=1, n_estimators=100; total time=   0.0s
[2024-10-04T06:38:51.772+0000] {logging_mixin.py:188} INFO - [CV] END max_depth=None, min_samples_split=1, n_estimators=100; total time=   0.0s
[2024-10-04T06:38:51.775+0000] {logging_mixin.py:188} INFO - [CV] END max_depth=None, min_samples_split=1, n_estimators=150; total time=   0.0s
[2024-10-04T06:38:51.776+0000] {logging_mixin.py:188} INFO - [CV] END max_depth=None, min_samples_split=1, n_estimators=150; total time=   0.0s
[2024-10-04T06:38:51.778+0000] {logging_mixin.py:188} INFO - [CV] END max_depth=None, min_samples_split=1, n_estimators=150; total time=   0.0s
[2024-10-04T06:38:51.779+0000] {logging_mixin.py:188} INFO - [CV] END max_depth=None, min_samples_split=1, n_estimators=150; total time=   0.0s
[2024-10-04T06:38:51.780+0000] {logging_mixin.py:188} INFO - [CV] END max_depth=None, min_samples_split=1, n_estimators=150; total time=   0.0s
[2024-10-04T06:38:51.782+0000] {logging_mixin.py:188} INFO - [CV] END max_depth=None, min_samples_split=1, n_estimators=200; total time=   0.0s
[2024-10-04T06:38:51.784+0000] {logging_mixin.py:188} INFO - [CV] END max_depth=None, min_samples_split=1, n_estimators=200; total time=   0.0s
[2024-10-04T06:38:51.786+0000] {logging_mixin.py:188} INFO - [CV] END max_depth=None, min_samples_split=1, n_estimators=200; total time=   0.0s
[2024-10-04T06:38:51.787+0000] {logging_mixin.py:188} INFO - [CV] END max_depth=None, min_samples_split=1, n_estimators=200; total time=   0.0s
[2024-10-04T06:38:51.788+0000] {logging_mixin.py:188} INFO - [CV] END max_depth=None, min_samples_split=1, n_estimators=200; total time=   0.0s
[2024-10-04T06:38:51.789+0000] {logging_mixin.py:188} INFO - [CV] END max_depth=None, min_samples_split=1, n_estimators=250; total time=   0.0s
[2024-10-04T06:38:51.791+0000] {logging_mixin.py:188} INFO - [CV] END max_depth=None, min_samples_split=1, n_estimators=250; total time=   0.0s
[2024-10-04T06:38:51.792+0000] {logging_mixin.py:188} INFO - [CV] END max_depth=None, min_samples_split=1, n_estimators=250; total time=   0.0s
[2024-10-04T06:38:51.793+0000] {logging_mixin.py:188} INFO - [CV] END max_depth=None, min_samples_split=1, n_estimators=250; total time=   0.0s
[2024-10-04T06:38:51.795+0000] {logging_mixin.py:188} INFO - [CV] END max_depth=None, min_samples_split=1, n_estimators=250; total time=   0.0s
[2024-10-04T06:38:51.797+0000] {logging_mixin.py:188} INFO - [CV] END max_depth=None, min_samples_split=1, n_estimators=300; total time=   0.0s
[2024-10-04T06:38:51.798+0000] {logging_mixin.py:188} INFO - [CV] END max_depth=None, min_samples_split=1, n_estimators=300; total time=   0.0s
[2024-10-04T06:38:51.799+0000] {logging_mixin.py:188} INFO - [CV] END max_depth=None, min_samples_split=1, n_estimators=300; total time=   0.0s
[2024-10-04T06:38:51.801+0000] {logging_mixin.py:188} INFO - [CV] END max_depth=None, min_samples_split=1, n_estimators=300; total time=   0.0s
[2024-10-04T06:38:51.802+0000] {logging_mixin.py:188} INFO - [CV] END max_depth=None, min_samples_split=1, n_estimators=300; total time=   0.0s
[2024-10-04T06:38:51.803+0000] {logging_mixin.py:188} INFO - [CV] END max_depth=None, min_samples_split=1, n_estimators=350; total time=   0.0s
[2024-10-04T06:38:51.804+0000] {logging_mixin.py:188} INFO - [CV] END max_depth=None, min_samples_split=1, n_estimators=350; total time=   0.0s
[2024-10-04T06:38:51.806+0000] {logging_mixin.py:188} INFO - [CV] END max_depth=None, min_samples_split=1, n_estimators=350; total time=   0.0s
[2024-10-04T06:38:51.807+0000] {logging_mixin.py:188} INFO - [CV] END max_depth=None, min_samples_split=1, n_estimators=350; total time=   0.0s
[2024-10-04T06:38:51.808+0000] {logging_mixin.py:188} INFO - [CV] END max_depth=None, min_samples_split=1, n_estimators=350; total time=   0.0s
[2024-10-04T06:38:51.810+0000] {logging_mixin.py:188} INFO - [CV] END max_depth=None, min_samples_split=1, n_estimators=400; total time=   0.0s
[2024-10-04T06:38:51.811+0000] {logging_mixin.py:188} INFO - [CV] END max_depth=None, min_samples_split=1, n_estimators=400; total time=   0.0s
[2024-10-04T06:38:51.812+0000] {logging_mixin.py:188} INFO - [CV] END max_depth=None, min_samples_split=1, n_estimators=400; total time=   0.0s
[2024-10-04T06:38:51.813+0000] {logging_mixin.py:188} INFO - [CV] END max_depth=None, min_samples_split=1, n_estimators=400; total time=   0.0s
[2024-10-04T06:38:51.815+0000] {logging_mixin.py:188} INFO - [CV] END max_depth=None, min_samples_split=1, n_estimators=400; total time=   0.0s
[2024-10-04T06:38:51.816+0000] {logging_mixin.py:188} INFO - [CV] END max_depth=None, min_samples_split=1, n_estimators=450; total time=   0.0s
[2024-10-04T06:38:51.818+0000] {logging_mixin.py:188} INFO - [CV] END max_depth=None, min_samples_split=1, n_estimators=450; total time=   0.0s
[2024-10-04T06:38:51.819+0000] {logging_mixin.py:188} INFO - [CV] END max_depth=None, min_samples_split=1, n_estimators=450; total time=   0.0s
[2024-10-04T06:38:51.820+0000] {logging_mixin.py:188} INFO - [CV] END max_depth=None, min_samples_split=1, n_estimators=450; total time=   0.0s
[2024-10-04T06:38:51.822+0000] {logging_mixin.py:188} INFO - [CV] END max_depth=None, min_samples_split=1, n_estimators=450; total time=   0.0s
[2024-10-04T06:38:51.880+0000] {logging_mixin.py:188} INFO - [CV] END max_depth=None, min_samples_split=2, n_estimators=50; total time=   0.1s
[2024-10-04T06:38:51.929+0000] {logging_mixin.py:188} INFO - [CV] END max_depth=None, min_samples_split=2, n_estimators=50; total time=   0.0s
[2024-10-04T06:38:51.978+0000] {logging_mixin.py:188} INFO - [CV] END max_depth=None, min_samples_split=2, n_estimators=50; total time=   0.0s
[2024-10-04T06:38:52.026+0000] {logging_mixin.py:188} INFO - [CV] END max_depth=None, min_samples_split=2, n_estimators=50; total time=   0.0s
[2024-10-04T06:38:52.075+0000] {logging_mixin.py:188} INFO - [CV] END max_depth=None, min_samples_split=2, n_estimators=50; total time=   0.0s
[2024-10-04T06:38:52.175+0000] {logging_mixin.py:188} INFO - [CV] END max_depth=None, min_samples_split=2, n_estimators=100; total time=   0.1s
[2024-10-04T06:38:52.267+0000] {logging_mixin.py:188} INFO - [CV] END max_depth=None, min_samples_split=2, n_estimators=100; total time=   0.1s
[2024-10-04T06:38:52.360+0000] {logging_mixin.py:188} INFO - [CV] END max_depth=None, min_samples_split=2, n_estimators=100; total time=   0.1s
[2024-10-04T06:38:52.456+0000] {logging_mixin.py:188} INFO - [CV] END max_depth=None, min_samples_split=2, n_estimators=100; total time=   0.1s
[2024-10-04T06:38:52.549+0000] {logging_mixin.py:188} INFO - [CV] END max_depth=None, min_samples_split=2, n_estimators=100; total time=   0.1s
[2024-10-04T06:38:52.689+0000] {logging_mixin.py:188} INFO - [CV] END max_depth=None, min_samples_split=2, n_estimators=150; total time=   0.1s
[2024-10-04T06:38:52.825+0000] {logging_mixin.py:188} INFO - [CV] END max_depth=None, min_samples_split=2, n_estimators=150; total time=   0.1s
[2024-10-04T06:38:52.963+0000] {logging_mixin.py:188} INFO - [CV] END max_depth=None, min_samples_split=2, n_estimators=150; total time=   0.1s
[2024-10-04T06:38:53.098+0000] {logging_mixin.py:188} INFO - [CV] END max_depth=None, min_samples_split=2, n_estimators=150; total time=   0.1s
[2024-10-04T06:38:53.242+0000] {logging_mixin.py:188} INFO - [CV] END max_depth=None, min_samples_split=2, n_estimators=150; total time=   0.1s
[2024-10-04T06:38:53.426+0000] {logging_mixin.py:188} INFO - [CV] END max_depth=None, min_samples_split=2, n_estimators=200; total time=   0.2s
[2024-10-04T06:38:53.634+0000] {logging_mixin.py:188} INFO - [CV] END max_depth=None, min_samples_split=2, n_estimators=200; total time=   0.2s
[2024-10-04T06:38:53.812+0000] {logging_mixin.py:188} INFO - [CV] END max_depth=None, min_samples_split=2, n_estimators=200; total time=   0.2s
[2024-10-04T06:38:53.991+0000] {logging_mixin.py:188} INFO - [CV] END max_depth=None, min_samples_split=2, n_estimators=200; total time=   0.2s
[2024-10-04T06:38:54.175+0000] {logging_mixin.py:188} INFO - [CV] END max_depth=None, min_samples_split=2, n_estimators=200; total time=   0.2s
[2024-10-04T06:38:54.408+0000] {logging_mixin.py:188} INFO - [CV] END max_depth=None, min_samples_split=2, n_estimators=250; total time=   0.2s
[2024-10-04T06:38:54.650+0000] {logging_mixin.py:188} INFO - [CV] END max_depth=None, min_samples_split=2, n_estimators=250; total time=   0.2s
[2024-10-04T06:38:54.902+0000] {logging_mixin.py:188} INFO - [CV] END max_depth=None, min_samples_split=2, n_estimators=250; total time=   0.3s
[2024-10-04T06:38:55.134+0000] {logging_mixin.py:188} INFO - [CV] END max_depth=None, min_samples_split=2, n_estimators=250; total time=   0.2s
[2024-10-04T06:38:55.404+0000] {logging_mixin.py:188} INFO - [CV] END max_depth=None, min_samples_split=2, n_estimators=250; total time=   0.3s
[2024-10-04T06:38:55.686+0000] {logging_mixin.py:188} INFO - [CV] END max_depth=None, min_samples_split=2, n_estimators=300; total time=   0.3s
[2024-10-04T06:38:56.001+0000] {logging_mixin.py:188} INFO - [CV] END max_depth=None, min_samples_split=2, n_estimators=300; total time=   0.3s
[2024-10-04T06:38:56.272+0000] {logging_mixin.py:188} INFO - [CV] END max_depth=None, min_samples_split=2, n_estimators=300; total time=   0.3s
[2024-10-04T06:38:56.568+0000] {logging_mixin.py:188} INFO - [CV] END max_depth=None, min_samples_split=2, n_estimators=300; total time=   0.3s
[2024-10-04T06:38:56.856+0000] {logging_mixin.py:188} INFO - [CV] END max_depth=None, min_samples_split=2, n_estimators=300; total time=   0.3s
[2024-10-04T06:38:57.175+0000] {logging_mixin.py:188} INFO - [CV] END max_depth=None, min_samples_split=2, n_estimators=350; total time=   0.3s
[2024-10-04T06:38:57.488+0000] {logging_mixin.py:188} INFO - [CV] END max_depth=None, min_samples_split=2, n_estimators=350; total time=   0.3s
[2024-10-04T06:38:57.798+0000] {logging_mixin.py:188} INFO - [CV] END max_depth=None, min_samples_split=2, n_estimators=350; total time=   0.3s
[2024-10-04T06:38:58.107+0000] {logging_mixin.py:188} INFO - [CV] END max_depth=None, min_samples_split=2, n_estimators=350; total time=   0.3s
[2024-10-04T06:38:58.423+0000] {logging_mixin.py:188} INFO - [CV] END max_depth=None, min_samples_split=2, n_estimators=350; total time=   0.3s
[2024-10-04T06:38:58.768+0000] {logging_mixin.py:188} INFO - [CV] END max_depth=None, min_samples_split=2, n_estimators=400; total time=   0.3s
[2024-10-04T06:38:59.118+0000] {logging_mixin.py:188} INFO - [CV] END max_depth=None, min_samples_split=2, n_estimators=400; total time=   0.3s
[2024-10-04T06:38:59.477+0000] {logging_mixin.py:188} INFO - [CV] END max_depth=None, min_samples_split=2, n_estimators=400; total time=   0.4s
[2024-10-04T06:38:59.834+0000] {logging_mixin.py:188} INFO - [CV] END max_depth=None, min_samples_split=2, n_estimators=400; total time=   0.4s
[2024-10-04T06:39:00.190+0000] {logging_mixin.py:188} INFO - [CV] END max_depth=None, min_samples_split=2, n_estimators=400; total time=   0.4s
[2024-10-04T06:39:00.642+0000] {logging_mixin.py:188} INFO - [CV] END max_depth=None, min_samples_split=2, n_estimators=450; total time=   0.5s
[2024-10-04T06:39:01.076+0000] {logging_mixin.py:188} INFO - [CV] END max_depth=None, min_samples_split=2, n_estimators=450; total time=   0.4s
[2024-10-04T06:39:01.531+0000] {logging_mixin.py:188} INFO - [CV] END max_depth=None, min_samples_split=2, n_estimators=450; total time=   0.5s
[2024-10-04T06:39:01.934+0000] {logging_mixin.py:188} INFO - [CV] END max_depth=None, min_samples_split=2, n_estimators=450; total time=   0.4s
[2024-10-04T06:39:02.326+0000] {logging_mixin.py:188} INFO - [CV] END max_depth=None, min_samples_split=2, n_estimators=450; total time=   0.4s
[2024-10-04T06:39:02.374+0000] {logging_mixin.py:188} INFO - [CV] END max_depth=None, min_samples_split=3, n_estimators=50; total time=   0.0s
[2024-10-04T06:39:02.420+0000] {logging_mixin.py:188} INFO - [CV] END max_depth=None, min_samples_split=3, n_estimators=50; total time=   0.0s
[2024-10-04T06:39:02.467+0000] {logging_mixin.py:188} INFO - [CV] END max_depth=None, min_samples_split=3, n_estimators=50; total time=   0.0s
[2024-10-04T06:39:02.515+0000] {logging_mixin.py:188} INFO - [CV] END max_depth=None, min_samples_split=3, n_estimators=50; total time=   0.0s
[2024-10-04T06:39:02.562+0000] {logging_mixin.py:188} INFO - [CV] END max_depth=None, min_samples_split=3, n_estimators=50; total time=   0.0s
[2024-10-04T06:39:02.651+0000] {logging_mixin.py:188} INFO - [CV] END max_depth=None, min_samples_split=3, n_estimators=100; total time=   0.1s
[2024-10-04T06:39:02.740+0000] {logging_mixin.py:188} INFO - [CV] END max_depth=None, min_samples_split=3, n_estimators=100; total time=   0.1s
[2024-10-04T06:39:02.827+0000] {logging_mixin.py:188} INFO - [CV] END max_depth=None, min_samples_split=3, n_estimators=100; total time=   0.1s
[2024-10-04T06:39:02.916+0000] {logging_mixin.py:188} INFO - [CV] END max_depth=None, min_samples_split=3, n_estimators=100; total time=   0.1s
[2024-10-04T06:39:03.007+0000] {logging_mixin.py:188} INFO - [CV] END max_depth=None, min_samples_split=3, n_estimators=100; total time=   0.1s
[2024-10-04T06:39:03.142+0000] {logging_mixin.py:188} INFO - [CV] END max_depth=None, min_samples_split=3, n_estimators=150; total time=   0.1s
[2024-10-04T06:39:03.273+0000] {logging_mixin.py:188} INFO - [CV] END max_depth=None, min_samples_split=3, n_estimators=150; total time=   0.1s
[2024-10-04T06:39:03.408+0000] {logging_mixin.py:188} INFO - [CV] END max_depth=None, min_samples_split=3, n_estimators=150; total time=   0.1s
[2024-10-04T06:39:03.538+0000] {logging_mixin.py:188} INFO - [CV] END max_depth=None, min_samples_split=3, n_estimators=150; total time=   0.1s
[2024-10-04T06:39:03.669+0000] {logging_mixin.py:188} INFO - [CV] END max_depth=None, min_samples_split=3, n_estimators=150; total time=   0.1s
[2024-10-04T06:39:03.846+0000] {logging_mixin.py:188} INFO - [CV] END max_depth=None, min_samples_split=3, n_estimators=200; total time=   0.2s
[2024-10-04T06:39:04.021+0000] {logging_mixin.py:188} INFO - [CV] END max_depth=None, min_samples_split=3, n_estimators=200; total time=   0.2s
[2024-10-04T06:39:04.197+0000] {logging_mixin.py:188} INFO - [CV] END max_depth=None, min_samples_split=3, n_estimators=200; total time=   0.2s
[2024-10-04T06:39:04.374+0000] {logging_mixin.py:188} INFO - [CV] END max_depth=None, min_samples_split=3, n_estimators=200; total time=   0.2s
[2024-10-04T06:39:04.548+0000] {logging_mixin.py:188} INFO - [CV] END max_depth=None, min_samples_split=3, n_estimators=200; total time=   0.2s
[2024-10-04T06:39:04.765+0000] {logging_mixin.py:188} INFO - [CV] END max_depth=None, min_samples_split=3, n_estimators=250; total time=   0.2s
[2024-10-04T06:39:04.982+0000] {logging_mixin.py:188} INFO - [CV] END max_depth=None, min_samples_split=3, n_estimators=250; total time=   0.2s
[2024-10-04T06:39:05.198+0000] {logging_mixin.py:188} INFO - [CV] END max_depth=None, min_samples_split=3, n_estimators=250; total time=   0.2s
[2024-10-04T06:39:05.413+0000] {logging_mixin.py:188} INFO - [CV] END max_depth=None, min_samples_split=3, n_estimators=250; total time=   0.2s
[2024-10-04T06:39:05.643+0000] {logging_mixin.py:188} INFO - [CV] END max_depth=None, min_samples_split=3, n_estimators=250; total time=   0.2s
[2024-10-04T06:39:05.917+0000] {logging_mixin.py:188} INFO - [CV] END max_depth=None, min_samples_split=3, n_estimators=300; total time=   0.3s
[2024-10-04T06:39:06.195+0000] {logging_mixin.py:188} INFO - [CV] END max_depth=None, min_samples_split=3, n_estimators=300; total time=   0.3s
[2024-10-04T06:39:06.458+0000] {logging_mixin.py:188} INFO - [CV] END max_depth=None, min_samples_split=3, n_estimators=300; total time=   0.3s
[2024-10-04T06:39:06.715+0000] {logging_mixin.py:188} INFO - [CV] END max_depth=None, min_samples_split=3, n_estimators=300; total time=   0.3s
[2024-10-04T06:39:06.980+0000] {logging_mixin.py:188} INFO - [CV] END max_depth=None, min_samples_split=3, n_estimators=300; total time=   0.3s
[2024-10-04T06:39:07.282+0000] {logging_mixin.py:188} INFO - [CV] END max_depth=None, min_samples_split=3, n_estimators=350; total time=   0.3s
[2024-10-04T06:39:07.586+0000] {logging_mixin.py:188} INFO - [CV] END max_depth=None, min_samples_split=3, n_estimators=350; total time=   0.3s
[2024-10-04T06:39:07.887+0000] {logging_mixin.py:188} INFO - [CV] END max_depth=None, min_samples_split=3, n_estimators=350; total time=   0.3s
[2024-10-04T06:39:08.191+0000] {logging_mixin.py:188} INFO - [CV] END max_depth=None, min_samples_split=3, n_estimators=350; total time=   0.3s
[2024-10-04T06:39:08.502+0000] {logging_mixin.py:188} INFO - [CV] END max_depth=None, min_samples_split=3, n_estimators=350; total time=   0.3s
[2024-10-04T06:39:08.853+0000] {logging_mixin.py:188} INFO - [CV] END max_depth=None, min_samples_split=3, n_estimators=400; total time=   0.3s
[2024-10-04T06:39:09.199+0000] {logging_mixin.py:188} INFO - [CV] END max_depth=None, min_samples_split=3, n_estimators=400; total time=   0.3s
[2024-10-04T06:39:09.556+0000] {logging_mixin.py:188} INFO - [CV] END max_depth=None, min_samples_split=3, n_estimators=400; total time=   0.4s
[2024-10-04T06:39:09.908+0000] {logging_mixin.py:188} INFO - [CV] END max_depth=None, min_samples_split=3, n_estimators=400; total time=   0.3s
[2024-10-04T06:39:10.264+0000] {logging_mixin.py:188} INFO - [CV] END max_depth=None, min_samples_split=3, n_estimators=400; total time=   0.4s
[2024-10-04T06:39:10.672+0000] {logging_mixin.py:188} INFO - [CV] END max_depth=None, min_samples_split=3, n_estimators=450; total time=   0.4s
[2024-10-04T06:39:11.164+0000] {logging_mixin.py:188} INFO - [CV] END max_depth=None, min_samples_split=3, n_estimators=450; total time=   0.5s
[2024-10-04T06:39:11.713+0000] {logging_mixin.py:188} INFO - [CV] END max_depth=None, min_samples_split=3, n_estimators=450; total time=   0.5s
[2024-10-04T06:39:12.128+0000] {logging_mixin.py:188} INFO - [CV] END max_depth=None, min_samples_split=3, n_estimators=450; total time=   0.4s
[2024-10-04T06:39:12.541+0000] {logging_mixin.py:188} INFO - [CV] END max_depth=None, min_samples_split=3, n_estimators=450; total time=   0.4s
[2024-10-04T06:39:12.588+0000] {logging_mixin.py:188} INFO - [CV] END max_depth=None, min_samples_split=5, n_estimators=50; total time=   0.0s
[2024-10-04T06:39:12.634+0000] {logging_mixin.py:188} INFO - [CV] END max_depth=None, min_samples_split=5, n_estimators=50; total time=   0.0s
[2024-10-04T06:39:12.689+0000] {logging_mixin.py:188} INFO - [CV] END max_depth=None, min_samples_split=5, n_estimators=50; total time=   0.1s
[2024-10-04T06:39:12.740+0000] {logging_mixin.py:188} INFO - [CV] END max_depth=None, min_samples_split=5, n_estimators=50; total time=   0.0s
[2024-10-04T06:39:12.790+0000] {logging_mixin.py:188} INFO - [CV] END max_depth=None, min_samples_split=5, n_estimators=50; total time=   0.0s
[2024-10-04T06:39:12.891+0000] {logging_mixin.py:188} INFO - [CV] END max_depth=None, min_samples_split=5, n_estimators=100; total time=   0.1s
[2024-10-04T06:39:12.984+0000] {logging_mixin.py:188} INFO - [CV] END max_depth=None, min_samples_split=5, n_estimators=100; total time=   0.1s
[2024-10-04T06:39:13.071+0000] {logging_mixin.py:188} INFO - [CV] END max_depth=None, min_samples_split=5, n_estimators=100; total time=   0.1s
[2024-10-04T06:39:13.160+0000] {logging_mixin.py:188} INFO - [CV] END max_depth=None, min_samples_split=5, n_estimators=100; total time=   0.1s
[2024-10-04T06:39:13.247+0000] {logging_mixin.py:188} INFO - [CV] END max_depth=None, min_samples_split=5, n_estimators=100; total time=   0.1s
[2024-10-04T06:39:13.384+0000] {logging_mixin.py:188} INFO - [CV] END max_depth=None, min_samples_split=5, n_estimators=150; total time=   0.1s
[2024-10-04T06:39:13.514+0000] {logging_mixin.py:188} INFO - [CV] END max_depth=None, min_samples_split=5, n_estimators=150; total time=   0.1s
[2024-10-04T06:39:13.642+0000] {logging_mixin.py:188} INFO - [CV] END max_depth=None, min_samples_split=5, n_estimators=150; total time=   0.1s
[2024-10-04T06:39:13.770+0000] {logging_mixin.py:188} INFO - [CV] END max_depth=None, min_samples_split=5, n_estimators=150; total time=   0.1s
[2024-10-04T06:39:13.898+0000] {logging_mixin.py:188} INFO - [CV] END max_depth=None, min_samples_split=5, n_estimators=150; total time=   0.1s
[2024-10-04T06:39:14.070+0000] {logging_mixin.py:188} INFO - [CV] END max_depth=None, min_samples_split=5, n_estimators=200; total time=   0.2s
[2024-10-04T06:39:14.240+0000] {logging_mixin.py:188} INFO - [CV] END max_depth=None, min_samples_split=5, n_estimators=200; total time=   0.2s
[2024-10-04T06:39:14.410+0000] {logging_mixin.py:188} INFO - [CV] END max_depth=None, min_samples_split=5, n_estimators=200; total time=   0.2s
[2024-10-04T06:39:14.581+0000] {logging_mixin.py:188} INFO - [CV] END max_depth=None, min_samples_split=5, n_estimators=200; total time=   0.2s
[2024-10-04T06:39:14.751+0000] {logging_mixin.py:188} INFO - [CV] END max_depth=None, min_samples_split=5, n_estimators=200; total time=   0.2s
[2024-10-04T06:39:14.976+0000] {logging_mixin.py:188} INFO - [CV] END max_depth=None, min_samples_split=5, n_estimators=250; total time=   0.2s
[2024-10-04T06:39:15.188+0000] {logging_mixin.py:188} INFO - [CV] END max_depth=None, min_samples_split=5, n_estimators=250; total time=   0.2s
[2024-10-04T06:39:15.399+0000] {logging_mixin.py:188} INFO - [CV] END max_depth=None, min_samples_split=5, n_estimators=250; total time=   0.2s
[2024-10-04T06:39:15.613+0000] {logging_mixin.py:188} INFO - [CV] END max_depth=None, min_samples_split=5, n_estimators=250; total time=   0.2s
[2024-10-04T06:39:15.831+0000] {logging_mixin.py:188} INFO - [CV] END max_depth=None, min_samples_split=5, n_estimators=250; total time=   0.2s
[2024-10-04T06:39:16.119+0000] {logging_mixin.py:188} INFO - [CV] END max_depth=None, min_samples_split=5, n_estimators=300; total time=   0.3s
[2024-10-04T06:39:16.393+0000] {logging_mixin.py:188} INFO - [CV] END max_depth=None, min_samples_split=5, n_estimators=300; total time=   0.3s
[2024-10-04T06:39:16.701+0000] {logging_mixin.py:188} INFO - [CV] END max_depth=None, min_samples_split=5, n_estimators=300; total time=   0.3s
[2024-10-04T06:39:16.954+0000] {logging_mixin.py:188} INFO - [CV] END max_depth=None, min_samples_split=5, n_estimators=300; total time=   0.3s
[2024-10-04T06:39:17.215+0000] {logging_mixin.py:188} INFO - [CV] END max_depth=None, min_samples_split=5, n_estimators=300; total time=   0.3s
[2024-10-04T06:39:17.511+0000] {logging_mixin.py:188} INFO - [CV] END max_depth=None, min_samples_split=5, n_estimators=350; total time=   0.3s
[2024-10-04T06:39:17.809+0000] {logging_mixin.py:188} INFO - [CV] END max_depth=None, min_samples_split=5, n_estimators=350; total time=   0.3s
[2024-10-04T06:39:18.104+0000] {logging_mixin.py:188} INFO - [CV] END max_depth=None, min_samples_split=5, n_estimators=350; total time=   0.3s
[2024-10-04T06:39:18.409+0000] {logging_mixin.py:188} INFO - [CV] END max_depth=None, min_samples_split=5, n_estimators=350; total time=   0.3s
[2024-10-04T06:39:18.708+0000] {logging_mixin.py:188} INFO - [CV] END max_depth=None, min_samples_split=5, n_estimators=350; total time=   0.3s
[2024-10-04T06:39:19.044+0000] {logging_mixin.py:188} INFO - [CV] END max_depth=None, min_samples_split=5, n_estimators=400; total time=   0.3s
[2024-10-04T06:39:19.378+0000] {logging_mixin.py:188} INFO - [CV] END max_depth=None, min_samples_split=5, n_estimators=400; total time=   0.3s
[2024-10-04T06:39:19.735+0000] {logging_mixin.py:188} INFO - [CV] END max_depth=None, min_samples_split=5, n_estimators=400; total time=   0.4s
[2024-10-04T06:39:20.072+0000] {logging_mixin.py:188} INFO - [CV] END max_depth=None, min_samples_split=5, n_estimators=400; total time=   0.3s
[2024-10-04T06:39:20.410+0000] {logging_mixin.py:188} INFO - [CV] END max_depth=None, min_samples_split=5, n_estimators=400; total time=   0.3s
[2024-10-04T06:39:20.807+0000] {logging_mixin.py:188} INFO - [CV] END max_depth=None, min_samples_split=5, n_estimators=450; total time=   0.4s
[2024-10-04T06:39:21.189+0000] {logging_mixin.py:188} INFO - [CV] END max_depth=None, min_samples_split=5, n_estimators=450; total time=   0.4s
[2024-10-04T06:39:21.581+0000] {logging_mixin.py:188} INFO - [CV] END max_depth=None, min_samples_split=5, n_estimators=450; total time=   0.4s
[2024-10-04T06:39:21.958+0000] {logging_mixin.py:188} INFO - [CV] END max_depth=None, min_samples_split=5, n_estimators=450; total time=   0.4s
[2024-10-04T06:39:22.337+0000] {logging_mixin.py:188} INFO - [CV] END max_depth=None, min_samples_split=5, n_estimators=450; total time=   0.4s
[2024-10-04T06:39:22.385+0000] {logging_mixin.py:188} INFO - [CV] END max_depth=None, min_samples_split=7, n_estimators=50; total time=   0.0s
[2024-10-04T06:39:22.432+0000] {logging_mixin.py:188} INFO - [CV] END max_depth=None, min_samples_split=7, n_estimators=50; total time=   0.0s
[2024-10-04T06:39:22.481+0000] {logging_mixin.py:188} INFO - [CV] END max_depth=None, min_samples_split=7, n_estimators=50; total time=   0.0s
[2024-10-04T06:39:22.530+0000] {logging_mixin.py:188} INFO - [CV] END max_depth=None, min_samples_split=7, n_estimators=50; total time=   0.0s
[2024-10-04T06:39:22.581+0000] {logging_mixin.py:188} INFO - [CV] END max_depth=None, min_samples_split=7, n_estimators=50; total time=   0.1s
[2024-10-04T06:39:22.678+0000] {logging_mixin.py:188} INFO - [CV] END max_depth=None, min_samples_split=7, n_estimators=100; total time=   0.1s
[2024-10-04T06:39:22.775+0000] {logging_mixin.py:188} INFO - [CV] END max_depth=None, min_samples_split=7, n_estimators=100; total time=   0.1s
[2024-10-04T06:39:22.874+0000] {logging_mixin.py:188} INFO - [CV] END max_depth=None, min_samples_split=7, n_estimators=100; total time=   0.1s
[2024-10-04T06:39:22.970+0000] {logging_mixin.py:188} INFO - [CV] END max_depth=None, min_samples_split=7, n_estimators=100; total time=   0.1s
[2024-10-04T06:39:23.075+0000] {logging_mixin.py:188} INFO - [CV] END max_depth=None, min_samples_split=7, n_estimators=100; total time=   0.1s
[2024-10-04T06:39:23.221+0000] {logging_mixin.py:188} INFO - [CV] END max_depth=None, min_samples_split=7, n_estimators=150; total time=   0.1s
[2024-10-04T06:39:23.367+0000] {logging_mixin.py:188} INFO - [CV] END max_depth=None, min_samples_split=7, n_estimators=150; total time=   0.1s
[2024-10-04T06:39:23.514+0000] {logging_mixin.py:188} INFO - [CV] END max_depth=None, min_samples_split=7, n_estimators=150; total time=   0.1s
[2024-10-04T06:39:23.666+0000] {logging_mixin.py:188} INFO - [CV] END max_depth=None, min_samples_split=7, n_estimators=150; total time=   0.2s
[2024-10-04T06:39:23.817+0000] {logging_mixin.py:188} INFO - [CV] END max_depth=None, min_samples_split=7, n_estimators=150; total time=   0.1s
[2024-10-04T06:39:24.013+0000] {logging_mixin.py:188} INFO - [CV] END max_depth=None, min_samples_split=7, n_estimators=200; total time=   0.2s
[2024-10-04T06:39:24.211+0000] {logging_mixin.py:188} INFO - [CV] END max_depth=None, min_samples_split=7, n_estimators=200; total time=   0.2s
[2024-10-04T06:39:24.416+0000] {logging_mixin.py:188} INFO - [CV] END max_depth=None, min_samples_split=7, n_estimators=200; total time=   0.2s
[2024-10-04T06:39:24.627+0000] {logging_mixin.py:188} INFO - [CV] END max_depth=None, min_samples_split=7, n_estimators=200; total time=   0.2s
[2024-10-04T06:39:24.829+0000] {logging_mixin.py:188} INFO - [CV] END max_depth=None, min_samples_split=7, n_estimators=200; total time=   0.2s
[2024-10-04T06:39:25.077+0000] {logging_mixin.py:188} INFO - [CV] END max_depth=None, min_samples_split=7, n_estimators=250; total time=   0.2s
[2024-10-04T06:39:25.342+0000] {logging_mixin.py:188} INFO - [CV] END max_depth=None, min_samples_split=7, n_estimators=250; total time=   0.3s
[2024-10-04T06:39:25.590+0000] {logging_mixin.py:188} INFO - [CV] END max_depth=None, min_samples_split=7, n_estimators=250; total time=   0.2s
[2024-10-04T06:39:25.843+0000] {logging_mixin.py:188} INFO - [CV] END max_depth=None, min_samples_split=7, n_estimators=250; total time=   0.3s
[2024-10-04T06:39:26.102+0000] {logging_mixin.py:188} INFO - [CV] END max_depth=None, min_samples_split=7, n_estimators=250; total time=   0.3s
[2024-10-04T06:39:26.400+0000] {logging_mixin.py:188} INFO - [CV] END max_depth=None, min_samples_split=7, n_estimators=300; total time=   0.3s
[2024-10-04T06:39:26.711+0000] {logging_mixin.py:188} INFO - [CV] END max_depth=None, min_samples_split=7, n_estimators=300; total time=   0.3s
[2024-10-04T06:39:27.128+0000] {logging_mixin.py:188} INFO - [CV] END max_depth=None, min_samples_split=7, n_estimators=300; total time=   0.4s
[2024-10-04T06:39:27.407+0000] {logging_mixin.py:188} INFO - [CV] END max_depth=None, min_samples_split=7, n_estimators=300; total time=   0.3s
[2024-10-04T06:39:27.697+0000] {logging_mixin.py:188} INFO - [CV] END max_depth=None, min_samples_split=7, n_estimators=300; total time=   0.3s
[2024-10-04T06:39:28.052+0000] {logging_mixin.py:188} INFO - [CV] END max_depth=None, min_samples_split=7, n_estimators=350; total time=   0.4s
[2024-10-04T06:39:28.386+0000] {logging_mixin.py:188} INFO - [CV] END max_depth=None, min_samples_split=7, n_estimators=350; total time=   0.3s
[2024-10-04T06:39:28.735+0000] {logging_mixin.py:188} INFO - [CV] END max_depth=None, min_samples_split=7, n_estimators=350; total time=   0.3s
[2024-10-04T06:39:29.095+0000] {logging_mixin.py:188} INFO - [CV] END max_depth=None, min_samples_split=7, n_estimators=350; total time=   0.4s
[2024-10-04T06:39:29.445+0000] {logging_mixin.py:188} INFO - [CV] END max_depth=None, min_samples_split=7, n_estimators=350; total time=   0.3s
[2024-10-04T06:39:29.960+0000] {logging_mixin.py:188} INFO - [CV] END max_depth=None, min_samples_split=7, n_estimators=400; total time=   0.5s
[2024-10-04T06:39:30.531+0000] {logging_mixin.py:188} INFO - [CV] END max_depth=None, min_samples_split=7, n_estimators=400; total time=   0.6s
[2024-10-04T06:39:31.037+0000] {logging_mixin.py:188} INFO - [CV] END max_depth=None, min_samples_split=7, n_estimators=400; total time=   0.5s
[2024-10-04T06:39:31.564+0000] {logging_mixin.py:188} INFO - [CV] END max_depth=None, min_samples_split=7, n_estimators=400; total time=   0.5s
[2024-10-04T06:39:32.099+0000] {logging_mixin.py:188} INFO - [CV] END max_depth=None, min_samples_split=7, n_estimators=400; total time=   0.5s
[2024-10-04T06:39:32.579+0000] {logging_mixin.py:188} INFO - [CV] END max_depth=None, min_samples_split=7, n_estimators=450; total time=   0.5s
[2024-10-04T06:39:33.064+0000] {logging_mixin.py:188} INFO - [CV] END max_depth=None, min_samples_split=7, n_estimators=450; total time=   0.5s
[2024-10-04T06:39:33.511+0000] {logging_mixin.py:188} INFO - [CV] END max_depth=None, min_samples_split=7, n_estimators=450; total time=   0.4s
[2024-10-04T06:39:33.899+0000] {logging_mixin.py:188} INFO - [CV] END max_depth=None, min_samples_split=7, n_estimators=450; total time=   0.4s
[2024-10-04T06:39:34.283+0000] {logging_mixin.py:188} INFO - [CV] END max_depth=None, min_samples_split=7, n_estimators=450; total time=   0.4s
[2024-10-04T06:39:34.333+0000] {logging_mixin.py:188} INFO - [CV] END max_depth=None, min_samples_split=8, n_estimators=50; total time=   0.0s
[2024-10-04T06:39:34.378+0000] {logging_mixin.py:188} INFO - [CV] END max_depth=None, min_samples_split=8, n_estimators=50; total time=   0.0s
[2024-10-04T06:39:34.423+0000] {logging_mixin.py:188} INFO - [CV] END max_depth=None, min_samples_split=8, n_estimators=50; total time=   0.0s
[2024-10-04T06:39:34.471+0000] {logging_mixin.py:188} INFO - [CV] END max_depth=None, min_samples_split=8, n_estimators=50; total time=   0.0s
[2024-10-04T06:39:34.521+0000] {logging_mixin.py:188} INFO - [CV] END max_depth=None, min_samples_split=8, n_estimators=50; total time=   0.0s
[2024-10-04T06:39:34.621+0000] {logging_mixin.py:188} INFO - [CV] END max_depth=None, min_samples_split=8, n_estimators=100; total time=   0.1s
[2024-10-04T06:39:34.711+0000] {logging_mixin.py:188} INFO - [CV] END max_depth=None, min_samples_split=8, n_estimators=100; total time=   0.1s
[2024-10-04T06:39:34.813+0000] {logging_mixin.py:188} INFO - [CV] END max_depth=None, min_samples_split=8, n_estimators=100; total time=   0.1s
[2024-10-04T06:39:34.921+0000] {logging_mixin.py:188} INFO - [CV] END max_depth=None, min_samples_split=8, n_estimators=100; total time=   0.1s
[2024-10-04T06:39:35.033+0000] {logging_mixin.py:188} INFO - [CV] END max_depth=None, min_samples_split=8, n_estimators=100; total time=   0.1s
[2024-10-04T06:39:35.202+0000] {logging_mixin.py:188} INFO - [CV] END max_depth=None, min_samples_split=8, n_estimators=150; total time=   0.2s
[2024-10-04T06:39:35.338+0000] {logging_mixin.py:188} INFO - [CV] END max_depth=None, min_samples_split=8, n_estimators=150; total time=   0.1s
[2024-10-04T06:39:35.478+0000] {logging_mixin.py:188} INFO - [CV] END max_depth=None, min_samples_split=8, n_estimators=150; total time=   0.1s
[2024-10-04T06:39:35.640+0000] {logging_mixin.py:188} INFO - [CV] END max_depth=None, min_samples_split=8, n_estimators=150; total time=   0.2s
[2024-10-04T06:39:35.772+0000] {logging_mixin.py:188} INFO - [CV] END max_depth=None, min_samples_split=8, n_estimators=150; total time=   0.1s
[2024-10-04T06:39:35.950+0000] {logging_mixin.py:188} INFO - [CV] END max_depth=None, min_samples_split=8, n_estimators=200; total time=   0.2s
[2024-10-04T06:39:36.130+0000] {logging_mixin.py:188} INFO - [CV] END max_depth=None, min_samples_split=8, n_estimators=200; total time=   0.2s
[2024-10-04T06:39:36.340+0000] {logging_mixin.py:188} INFO - [CV] END max_depth=None, min_samples_split=8, n_estimators=200; total time=   0.2s
[2024-10-04T06:39:36.545+0000] {logging_mixin.py:188} INFO - [CV] END max_depth=None, min_samples_split=8, n_estimators=200; total time=   0.2s
[2024-10-04T06:39:36.724+0000] {logging_mixin.py:188} INFO - [CV] END max_depth=None, min_samples_split=8, n_estimators=200; total time=   0.2s
[2024-10-04T06:39:36.957+0000] {logging_mixin.py:188} INFO - [CV] END max_depth=None, min_samples_split=8, n_estimators=250; total time=   0.2s
[2024-10-04T06:39:37.206+0000] {logging_mixin.py:188} INFO - [CV] END max_depth=None, min_samples_split=8, n_estimators=250; total time=   0.2s
[2024-10-04T06:39:37.421+0000] {logging_mixin.py:188} INFO - [CV] END max_depth=None, min_samples_split=8, n_estimators=250; total time=   0.2s
[2024-10-04T06:39:37.641+0000] {logging_mixin.py:188} INFO - [CV] END max_depth=None, min_samples_split=8, n_estimators=250; total time=   0.2s
[2024-10-04T06:39:37.864+0000] {logging_mixin.py:188} INFO - [CV] END max_depth=None, min_samples_split=8, n_estimators=250; total time=   0.2s
[2024-10-04T06:39:38.123+0000] {logging_mixin.py:188} INFO - [CV] END max_depth=None, min_samples_split=8, n_estimators=300; total time=   0.3s
[2024-10-04T06:39:38.386+0000] {logging_mixin.py:188} INFO - [CV] END max_depth=None, min_samples_split=8, n_estimators=300; total time=   0.3s
[2024-10-04T06:39:38.651+0000] {logging_mixin.py:188} INFO - [CV] END max_depth=None, min_samples_split=8, n_estimators=300; total time=   0.3s
[2024-10-04T06:39:38.944+0000] {logging_mixin.py:188} INFO - [CV] END max_depth=None, min_samples_split=8, n_estimators=300; total time=   0.3s
[2024-10-04T06:39:39.201+0000] {logging_mixin.py:188} INFO - [CV] END max_depth=None, min_samples_split=8, n_estimators=300; total time=   0.3s
[2024-10-04T06:39:39.503+0000] {logging_mixin.py:188} INFO - [CV] END max_depth=None, min_samples_split=8, n_estimators=350; total time=   0.3s
[2024-10-04T06:39:39.810+0000] {logging_mixin.py:188} INFO - [CV] END max_depth=None, min_samples_split=8, n_estimators=350; total time=   0.3s
[2024-10-04T06:39:40.110+0000] {logging_mixin.py:188} INFO - [CV] END max_depth=None, min_samples_split=8, n_estimators=350; total time=   0.3s
[2024-10-04T06:39:40.401+0000] {logging_mixin.py:188} INFO - [CV] END max_depth=None, min_samples_split=8, n_estimators=350; total time=   0.3s
[2024-10-04T06:39:40.697+0000] {logging_mixin.py:188} INFO - [CV] END max_depth=None, min_samples_split=8, n_estimators=350; total time=   0.3s
[2024-10-04T06:39:41.038+0000] {logging_mixin.py:188} INFO - [CV] END max_depth=None, min_samples_split=8, n_estimators=400; total time=   0.3s
[2024-10-04T06:39:41.396+0000] {logging_mixin.py:188} INFO - [CV] END max_depth=None, min_samples_split=8, n_estimators=400; total time=   0.4s
[2024-10-04T06:39:41.738+0000] {logging_mixin.py:188} INFO - [CV] END max_depth=None, min_samples_split=8, n_estimators=400; total time=   0.3s
[2024-10-04T06:39:42.173+0000] {logging_mixin.py:188} INFO - [CV] END max_depth=None, min_samples_split=8, n_estimators=400; total time=   0.4s
[2024-10-04T06:39:42.544+0000] {logging_mixin.py:188} INFO - [CV] END max_depth=None, min_samples_split=8, n_estimators=400; total time=   0.4s
[2024-10-04T06:39:42.958+0000] {logging_mixin.py:188} INFO - [CV] END max_depth=None, min_samples_split=8, n_estimators=450; total time=   0.4s
[2024-10-04T06:39:43.504+0000] {logging_mixin.py:188} INFO - [CV] END max_depth=None, min_samples_split=8, n_estimators=450; total time=   0.5s
[2024-10-04T06:39:43.898+0000] {logging_mixin.py:188} INFO - [CV] END max_depth=None, min_samples_split=8, n_estimators=450; total time=   0.4s
[2024-10-04T06:39:44.283+0000] {logging_mixin.py:188} INFO - [CV] END max_depth=None, min_samples_split=8, n_estimators=450; total time=   0.4s
[2024-10-04T06:39:44.661+0000] {logging_mixin.py:188} INFO - [CV] END max_depth=None, min_samples_split=8, n_estimators=450; total time=   0.4s
[2024-10-04T06:39:44.706+0000] {logging_mixin.py:188} INFO - [CV] END max_depth=None, min_samples_split=10, n_estimators=50; total time=   0.0s
[2024-10-04T06:39:44.752+0000] {logging_mixin.py:188} INFO - [CV] END max_depth=None, min_samples_split=10, n_estimators=50; total time=   0.0s
[2024-10-04T06:39:44.798+0000] {logging_mixin.py:188} INFO - [CV] END max_depth=None, min_samples_split=10, n_estimators=50; total time=   0.0s
[2024-10-04T06:39:44.844+0000] {logging_mixin.py:188} INFO - [CV] END max_depth=None, min_samples_split=10, n_estimators=50; total time=   0.0s
[2024-10-04T06:39:44.891+0000] {logging_mixin.py:188} INFO - [CV] END max_depth=None, min_samples_split=10, n_estimators=50; total time=   0.0s
[2024-10-04T06:39:44.979+0000] {logging_mixin.py:188} INFO - [CV] END max_depth=None, min_samples_split=10, n_estimators=100; total time=   0.1s
[2024-10-04T06:39:45.068+0000] {logging_mixin.py:188} INFO - [CV] END max_depth=None, min_samples_split=10, n_estimators=100; total time=   0.1s
[2024-10-04T06:39:45.157+0000] {logging_mixin.py:188} INFO - [CV] END max_depth=None, min_samples_split=10, n_estimators=100; total time=   0.1s
[2024-10-04T06:39:45.279+0000] {logging_mixin.py:188} INFO - [CV] END max_depth=None, min_samples_split=10, n_estimators=100; total time=   0.1s
[2024-10-04T06:39:45.406+0000] {logging_mixin.py:188} INFO - [CV] END max_depth=None, min_samples_split=10, n_estimators=100; total time=   0.1s
[2024-10-04T06:39:45.566+0000] {logging_mixin.py:188} INFO - [CV] END max_depth=None, min_samples_split=10, n_estimators=150; total time=   0.2s
[2024-10-04T06:39:45.721+0000] {logging_mixin.py:188} INFO - [CV] END max_depth=None, min_samples_split=10, n_estimators=150; total time=   0.2s
[2024-10-04T06:39:45.915+0000] {logging_mixin.py:188} INFO - [CV] END max_depth=None, min_samples_split=10, n_estimators=150; total time=   0.2s
[2024-10-04T06:39:46.083+0000] {logging_mixin.py:188} INFO - [CV] END max_depth=None, min_samples_split=10, n_estimators=150; total time=   0.2s
[2024-10-04T06:39:46.245+0000] {logging_mixin.py:188} INFO - [CV] END max_depth=None, min_samples_split=10, n_estimators=150; total time=   0.2s
[2024-10-04T06:39:46.445+0000] {logging_mixin.py:188} INFO - [CV] END max_depth=None, min_samples_split=10, n_estimators=200; total time=   0.2s
[2024-10-04T06:39:46.649+0000] {logging_mixin.py:188} INFO - [CV] END max_depth=None, min_samples_split=10, n_estimators=200; total time=   0.2s
[2024-10-04T06:39:46.845+0000] {logging_mixin.py:188} INFO - [CV] END max_depth=None, min_samples_split=10, n_estimators=200; total time=   0.2s
[2024-10-04T06:39:47.048+0000] {logging_mixin.py:188} INFO - [CV] END max_depth=None, min_samples_split=10, n_estimators=200; total time=   0.2s
[2024-10-04T06:39:47.258+0000] {logging_mixin.py:188} INFO - [CV] END max_depth=None, min_samples_split=10, n_estimators=200; total time=   0.2s
[2024-10-04T06:39:47.518+0000] {logging_mixin.py:188} INFO - [CV] END max_depth=None, min_samples_split=10, n_estimators=250; total time=   0.3s
[2024-10-04T06:39:47.760+0000] {logging_mixin.py:188} INFO - [CV] END max_depth=None, min_samples_split=10, n_estimators=250; total time=   0.2s
[2024-10-04T06:39:48.012+0000] {logging_mixin.py:188} INFO - [CV] END max_depth=None, min_samples_split=10, n_estimators=250; total time=   0.3s
[2024-10-04T06:39:48.273+0000] {logging_mixin.py:188} INFO - [CV] END max_depth=None, min_samples_split=10, n_estimators=250; total time=   0.3s
[2024-10-04T06:39:48.527+0000] {logging_mixin.py:188} INFO - [CV] END max_depth=None, min_samples_split=10, n_estimators=250; total time=   0.3s
[2024-10-04T06:39:48.932+0000] {logging_mixin.py:188} INFO - [CV] END max_depth=None, min_samples_split=10, n_estimators=300; total time=   0.4s
[2024-10-04T06:39:49.224+0000] {logging_mixin.py:188} INFO - [CV] END max_depth=None, min_samples_split=10, n_estimators=300; total time=   0.3s
[2024-10-04T06:39:49.539+0000] {logging_mixin.py:188} INFO - [CV] END max_depth=None, min_samples_split=10, n_estimators=300; total time=   0.3s
[2024-10-04T06:39:49.858+0000] {logging_mixin.py:188} INFO - [CV] END max_depth=None, min_samples_split=10, n_estimators=300; total time=   0.3s
[2024-10-04T06:39:50.165+0000] {logging_mixin.py:188} INFO - [CV] END max_depth=None, min_samples_split=10, n_estimators=300; total time=   0.3s
[2024-10-04T06:39:50.552+0000] {logging_mixin.py:188} INFO - [CV] END max_depth=None, min_samples_split=10, n_estimators=350; total time=   0.4s
[2024-10-04T06:39:50.942+0000] {logging_mixin.py:188} INFO - [CV] END max_depth=None, min_samples_split=10, n_estimators=350; total time=   0.4s
[2024-10-04T06:39:51.284+0000] {logging_mixin.py:188} INFO - [CV] END max_depth=None, min_samples_split=10, n_estimators=350; total time=   0.3s
[2024-10-04T06:39:51.619+0000] {logging_mixin.py:188} INFO - [CV] END max_depth=None, min_samples_split=10, n_estimators=350; total time=   0.3s
[2024-10-04T06:39:52.019+0000] {logging_mixin.py:188} INFO - [CV] END max_depth=None, min_samples_split=10, n_estimators=350; total time=   0.4s
[2024-10-04T06:39:52.432+0000] {logging_mixin.py:188} INFO - [CV] END max_depth=None, min_samples_split=10, n_estimators=400; total time=   0.4s
[2024-10-04T06:39:52.831+0000] {logging_mixin.py:188} INFO - [CV] END max_depth=None, min_samples_split=10, n_estimators=400; total time=   0.4s
[2024-10-04T06:39:53.218+0000] {logging_mixin.py:188} INFO - [CV] END max_depth=None, min_samples_split=10, n_estimators=400; total time=   0.4s
[2024-10-04T06:39:53.601+0000] {logging_mixin.py:188} INFO - [CV] END max_depth=None, min_samples_split=10, n_estimators=400; total time=   0.4s
[2024-10-04T06:39:54.017+0000] {logging_mixin.py:188} INFO - [CV] END max_depth=None, min_samples_split=10, n_estimators=400; total time=   0.4s
[2024-10-04T06:39:54.450+0000] {logging_mixin.py:188} INFO - [CV] END max_depth=None, min_samples_split=10, n_estimators=450; total time=   0.4s
[2024-10-04T06:39:54.877+0000] {logging_mixin.py:188} INFO - [CV] END max_depth=None, min_samples_split=10, n_estimators=450; total time=   0.4s
[2024-10-04T06:39:55.330+0000] {logging_mixin.py:188} INFO - [CV] END max_depth=None, min_samples_split=10, n_estimators=450; total time=   0.5s
[2024-10-04T06:39:55.762+0000] {logging_mixin.py:188} INFO - [CV] END max_depth=None, min_samples_split=10, n_estimators=450; total time=   0.4s
[2024-10-04T06:39:56.247+0000] {logging_mixin.py:188} INFO - [CV] END max_depth=None, min_samples_split=10, n_estimators=450; total time=   0.5s
[2024-10-04T06:39:56.250+0000] {logging_mixin.py:188} INFO - [CV] END ..max_depth=1, min_samples_split=1, n_estimators=50; total time=   0.0s
[2024-10-04T06:39:56.251+0000] {logging_mixin.py:188} INFO - [CV] END ..max_depth=1, min_samples_split=1, n_estimators=50; total time=   0.0s
[2024-10-04T06:39:56.253+0000] {logging_mixin.py:188} INFO - [CV] END ..max_depth=1, min_samples_split=1, n_estimators=50; total time=   0.0s
[2024-10-04T06:39:56.254+0000] {logging_mixin.py:188} INFO - [CV] END ..max_depth=1, min_samples_split=1, n_estimators=50; total time=   0.0s
[2024-10-04T06:39:56.256+0000] {logging_mixin.py:188} INFO - [CV] END ..max_depth=1, min_samples_split=1, n_estimators=50; total time=   0.0s
[2024-10-04T06:39:56.257+0000] {logging_mixin.py:188} INFO - [CV] END .max_depth=1, min_samples_split=1, n_estimators=100; total time=   0.0s
[2024-10-04T06:39:56.258+0000] {logging_mixin.py:188} INFO - [CV] END .max_depth=1, min_samples_split=1, n_estimators=100; total time=   0.0s
[2024-10-04T06:39:56.260+0000] {logging_mixin.py:188} INFO - [CV] END .max_depth=1, min_samples_split=1, n_estimators=100; total time=   0.0s
[2024-10-04T06:39:56.261+0000] {logging_mixin.py:188} INFO - [CV] END .max_depth=1, min_samples_split=1, n_estimators=100; total time=   0.0s
[2024-10-04T06:39:56.263+0000] {logging_mixin.py:188} INFO - [CV] END .max_depth=1, min_samples_split=1, n_estimators=100; total time=   0.0s
[2024-10-04T06:39:56.264+0000] {logging_mixin.py:188} INFO - [CV] END .max_depth=1, min_samples_split=1, n_estimators=150; total time=   0.0s
[2024-10-04T06:39:56.266+0000] {logging_mixin.py:188} INFO - [CV] END .max_depth=1, min_samples_split=1, n_estimators=150; total time=   0.0s
[2024-10-04T06:39:56.267+0000] {logging_mixin.py:188} INFO - [CV] END .max_depth=1, min_samples_split=1, n_estimators=150; total time=   0.0s
[2024-10-04T06:39:56.269+0000] {logging_mixin.py:188} INFO - [CV] END .max_depth=1, min_samples_split=1, n_estimators=150; total time=   0.0s
[2024-10-04T06:39:56.270+0000] {logging_mixin.py:188} INFO - [CV] END .max_depth=1, min_samples_split=1, n_estimators=150; total time=   0.0s
[2024-10-04T06:39:56.271+0000] {logging_mixin.py:188} INFO - [CV] END .max_depth=1, min_samples_split=1, n_estimators=200; total time=   0.0s
[2024-10-04T06:39:56.273+0000] {logging_mixin.py:188} INFO - [CV] END .max_depth=1, min_samples_split=1, n_estimators=200; total time=   0.0s
[2024-10-04T06:39:56.274+0000] {logging_mixin.py:188} INFO - [CV] END .max_depth=1, min_samples_split=1, n_estimators=200; total time=   0.0s
[2024-10-04T06:39:56.275+0000] {logging_mixin.py:188} INFO - [CV] END .max_depth=1, min_samples_split=1, n_estimators=200; total time=   0.0s
[2024-10-04T06:39:56.277+0000] {logging_mixin.py:188} INFO - [CV] END .max_depth=1, min_samples_split=1, n_estimators=200; total time=   0.0s
[2024-10-04T06:39:56.278+0000] {logging_mixin.py:188} INFO - [CV] END .max_depth=1, min_samples_split=1, n_estimators=250; total time=   0.0s
[2024-10-04T06:39:56.280+0000] {logging_mixin.py:188} INFO - [CV] END .max_depth=1, min_samples_split=1, n_estimators=250; total time=   0.0s
[2024-10-04T06:39:56.281+0000] {logging_mixin.py:188} INFO - [CV] END .max_depth=1, min_samples_split=1, n_estimators=250; total time=   0.0s
[2024-10-04T06:39:56.282+0000] {logging_mixin.py:188} INFO - [CV] END .max_depth=1, min_samples_split=1, n_estimators=250; total time=   0.0s
[2024-10-04T06:39:56.284+0000] {logging_mixin.py:188} INFO - [CV] END .max_depth=1, min_samples_split=1, n_estimators=250; total time=   0.0s
[2024-10-04T06:39:56.286+0000] {logging_mixin.py:188} INFO - [CV] END .max_depth=1, min_samples_split=1, n_estimators=300; total time=   0.0s
[2024-10-04T06:39:56.288+0000] {logging_mixin.py:188} INFO - [CV] END .max_depth=1, min_samples_split=1, n_estimators=300; total time=   0.0s
[2024-10-04T06:39:56.289+0000] {logging_mixin.py:188} INFO - [CV] END .max_depth=1, min_samples_split=1, n_estimators=300; total time=   0.0s
[2024-10-04T06:39:56.291+0000] {logging_mixin.py:188} INFO - [CV] END .max_depth=1, min_samples_split=1, n_estimators=300; total time=   0.0s
[2024-10-04T06:39:56.292+0000] {logging_mixin.py:188} INFO - [CV] END .max_depth=1, min_samples_split=1, n_estimators=300; total time=   0.0s
[2024-10-04T06:39:56.294+0000] {logging_mixin.py:188} INFO - [CV] END .max_depth=1, min_samples_split=1, n_estimators=350; total time=   0.0s
[2024-10-04T06:39:56.295+0000] {logging_mixin.py:188} INFO - [CV] END .max_depth=1, min_samples_split=1, n_estimators=350; total time=   0.0s
[2024-10-04T06:39:56.296+0000] {logging_mixin.py:188} INFO - [CV] END .max_depth=1, min_samples_split=1, n_estimators=350; total time=   0.0s
[2024-10-04T06:39:56.298+0000] {logging_mixin.py:188} INFO - [CV] END .max_depth=1, min_samples_split=1, n_estimators=350; total time=   0.0s
[2024-10-04T06:39:56.299+0000] {logging_mixin.py:188} INFO - [CV] END .max_depth=1, min_samples_split=1, n_estimators=350; total time=   0.0s
[2024-10-04T06:39:56.301+0000] {logging_mixin.py:188} INFO - [CV] END .max_depth=1, min_samples_split=1, n_estimators=400; total time=   0.0s
[2024-10-04T06:39:56.302+0000] {logging_mixin.py:188} INFO - [CV] END .max_depth=1, min_samples_split=1, n_estimators=400; total time=   0.0s
[2024-10-04T06:39:56.304+0000] {logging_mixin.py:188} INFO - [CV] END .max_depth=1, min_samples_split=1, n_estimators=400; total time=   0.0s
[2024-10-04T06:39:56.305+0000] {logging_mixin.py:188} INFO - [CV] END .max_depth=1, min_samples_split=1, n_estimators=400; total time=   0.0s
[2024-10-04T06:39:56.307+0000] {logging_mixin.py:188} INFO - [CV] END .max_depth=1, min_samples_split=1, n_estimators=400; total time=   0.0s
[2024-10-04T06:39:56.309+0000] {logging_mixin.py:188} INFO - [CV] END .max_depth=1, min_samples_split=1, n_estimators=450; total time=   0.0s
[2024-10-04T06:39:56.310+0000] {logging_mixin.py:188} INFO - [CV] END .max_depth=1, min_samples_split=1, n_estimators=450; total time=   0.0s
[2024-10-04T06:39:56.312+0000] {logging_mixin.py:188} INFO - [CV] END .max_depth=1, min_samples_split=1, n_estimators=450; total time=   0.0s
[2024-10-04T06:39:56.313+0000] {logging_mixin.py:188} INFO - [CV] END .max_depth=1, min_samples_split=1, n_estimators=450; total time=   0.0s
[2024-10-04T06:39:56.314+0000] {logging_mixin.py:188} INFO - [CV] END .max_depth=1, min_samples_split=1, n_estimators=450; total time=   0.0s
[2024-10-04T06:39:56.361+0000] {logging_mixin.py:188} INFO - [CV] END ..max_depth=1, min_samples_split=2, n_estimators=50; total time=   0.0s
[2024-10-04T06:39:56.407+0000] {logging_mixin.py:188} INFO - [CV] END ..max_depth=1, min_samples_split=2, n_estimators=50; total time=   0.0s
[2024-10-04T06:39:56.452+0000] {logging_mixin.py:188} INFO - [CV] END ..max_depth=1, min_samples_split=2, n_estimators=50; total time=   0.0s
[2024-10-04T06:39:56.497+0000] {logging_mixin.py:188} INFO - [CV] END ..max_depth=1, min_samples_split=2, n_estimators=50; total time=   0.0s
[2024-10-04T06:39:56.542+0000] {logging_mixin.py:188} INFO - [CV] END ..max_depth=1, min_samples_split=2, n_estimators=50; total time=   0.0s
[2024-10-04T06:39:56.625+0000] {logging_mixin.py:188} INFO - [CV] END .max_depth=1, min_samples_split=2, n_estimators=100; total time=   0.1s
[2024-10-04T06:39:56.707+0000] {logging_mixin.py:188} INFO - [CV] END .max_depth=1, min_samples_split=2, n_estimators=100; total time=   0.1s
[2024-10-04T06:39:56.789+0000] {logging_mixin.py:188} INFO - [CV] END .max_depth=1, min_samples_split=2, n_estimators=100; total time=   0.1s
[2024-10-04T06:39:56.869+0000] {logging_mixin.py:188} INFO - [CV] END .max_depth=1, min_samples_split=2, n_estimators=100; total time=   0.1s
[2024-10-04T06:39:56.950+0000] {logging_mixin.py:188} INFO - [CV] END .max_depth=1, min_samples_split=2, n_estimators=100; total time=   0.1s
[2024-10-04T06:39:57.071+0000] {logging_mixin.py:188} INFO - [CV] END .max_depth=1, min_samples_split=2, n_estimators=150; total time=   0.1s
[2024-10-04T06:39:57.189+0000] {logging_mixin.py:188} INFO - [CV] END .max_depth=1, min_samples_split=2, n_estimators=150; total time=   0.1s
[2024-10-04T06:39:57.316+0000] {logging_mixin.py:188} INFO - [CV] END .max_depth=1, min_samples_split=2, n_estimators=150; total time=   0.1s
[2024-10-04T06:39:57.446+0000] {logging_mixin.py:188} INFO - [CV] END .max_depth=1, min_samples_split=2, n_estimators=150; total time=   0.1s
[2024-10-04T06:39:57.582+0000] {logging_mixin.py:188} INFO - [CV] END .max_depth=1, min_samples_split=2, n_estimators=150; total time=   0.1s
[2024-10-04T06:39:57.763+0000] {logging_mixin.py:188} INFO - [CV] END .max_depth=1, min_samples_split=2, n_estimators=200; total time=   0.2s
[2024-10-04T06:39:57.950+0000] {logging_mixin.py:188} INFO - [CV] END .max_depth=1, min_samples_split=2, n_estimators=200; total time=   0.2s
[2024-10-04T06:39:58.108+0000] {logging_mixin.py:188} INFO - [CV] END .max_depth=1, min_samples_split=2, n_estimators=200; total time=   0.2s
[2024-10-04T06:39:58.272+0000] {logging_mixin.py:188} INFO - [CV] END .max_depth=1, min_samples_split=2, n_estimators=200; total time=   0.2s
[2024-10-04T06:39:58.432+0000] {logging_mixin.py:188} INFO - [CV] END .max_depth=1, min_samples_split=2, n_estimators=200; total time=   0.2s
[2024-10-04T06:39:58.625+0000] {logging_mixin.py:188} INFO - [CV] END .max_depth=1, min_samples_split=2, n_estimators=250; total time=   0.2s
[2024-10-04T06:39:58.820+0000] {logging_mixin.py:188} INFO - [CV] END .max_depth=1, min_samples_split=2, n_estimators=250; total time=   0.2s
[2024-10-04T06:39:59.017+0000] {logging_mixin.py:188} INFO - [CV] END .max_depth=1, min_samples_split=2, n_estimators=250; total time=   0.2s
[2024-10-04T06:39:59.214+0000] {logging_mixin.py:188} INFO - [CV] END .max_depth=1, min_samples_split=2, n_estimators=250; total time=   0.2s
[2024-10-04T06:39:59.410+0000] {logging_mixin.py:188} INFO - [CV] END .max_depth=1, min_samples_split=2, n_estimators=250; total time=   0.2s
[2024-10-04T06:39:59.644+0000] {logging_mixin.py:188} INFO - [CV] END .max_depth=1, min_samples_split=2, n_estimators=300; total time=   0.2s
[2024-10-04T06:39:59.955+0000] {logging_mixin.py:188} INFO - [CV] END .max_depth=1, min_samples_split=2, n_estimators=300; total time=   0.3s
[2024-10-04T06:40:00.359+0000] {logging_mixin.py:188} INFO - [CV] END .max_depth=1, min_samples_split=2, n_estimators=300; total time=   0.4s
[2024-10-04T06:40:00.786+0000] {logging_mixin.py:188} INFO - [CV] END .max_depth=1, min_samples_split=2, n_estimators=300; total time=   0.4s
[2024-10-04T06:40:01.182+0000] {logging_mixin.py:188} INFO - [CV] END .max_depth=1, min_samples_split=2, n_estimators=300; total time=   0.4s
[2024-10-04T06:40:01.660+0000] {logging_mixin.py:188} INFO - [CV] END .max_depth=1, min_samples_split=2, n_estimators=350; total time=   0.5s
[2024-10-04T06:40:02.053+0000] {logging_mixin.py:188} INFO - [CV] END .max_depth=1, min_samples_split=2, n_estimators=350; total time=   0.4s
[2024-10-04T06:40:02.460+0000] {logging_mixin.py:188} INFO - [CV] END .max_depth=1, min_samples_split=2, n_estimators=350; total time=   0.4s
[2024-10-04T06:40:02.849+0000] {logging_mixin.py:188} INFO - [CV] END .max_depth=1, min_samples_split=2, n_estimators=350; total time=   0.4s
[2024-10-04T06:40:03.243+0000] {logging_mixin.py:188} INFO - [CV] END .max_depth=1, min_samples_split=2, n_estimators=350; total time=   0.4s
[2024-10-04T06:40:03.636+0000] {logging_mixin.py:188} INFO - [CV] END .max_depth=1, min_samples_split=2, n_estimators=400; total time=   0.4s
[2024-10-04T06:40:03.993+0000] {logging_mixin.py:188} INFO - [CV] END .max_depth=1, min_samples_split=2, n_estimators=400; total time=   0.4s
[2024-10-04T06:40:04.327+0000] {logging_mixin.py:188} INFO - [CV] END .max_depth=1, min_samples_split=2, n_estimators=400; total time=   0.3s
[2024-10-04T06:40:04.672+0000] {logging_mixin.py:188} INFO - [CV] END .max_depth=1, min_samples_split=2, n_estimators=400; total time=   0.3s
[2024-10-04T06:40:05.133+0000] {logging_mixin.py:188} INFO - [CV] END .max_depth=1, min_samples_split=2, n_estimators=400; total time=   0.5s
[2024-10-04T06:40:05.593+0000] {logging_mixin.py:188} INFO - [CV] END .max_depth=1, min_samples_split=2, n_estimators=450; total time=   0.5s
[2024-10-04T06:40:06.038+0000] {logging_mixin.py:188} INFO - [CV] END .max_depth=1, min_samples_split=2, n_estimators=450; total time=   0.4s
[2024-10-04T06:40:06.594+0000] {logging_mixin.py:188} INFO - [CV] END .max_depth=1, min_samples_split=2, n_estimators=450; total time=   0.6s
[2024-10-04T06:40:07.029+0000] {logging_mixin.py:188} INFO - [CV] END .max_depth=1, min_samples_split=2, n_estimators=450; total time=   0.4s
[2024-10-04T06:40:07.423+0000] {logging_mixin.py:188} INFO - [CV] END .max_depth=1, min_samples_split=2, n_estimators=450; total time=   0.4s
[2024-10-04T06:40:07.471+0000] {logging_mixin.py:188} INFO - [CV] END ..max_depth=1, min_samples_split=3, n_estimators=50; total time=   0.0s
[2024-10-04T06:40:07.520+0000] {logging_mixin.py:188} INFO - [CV] END ..max_depth=1, min_samples_split=3, n_estimators=50; total time=   0.0s
[2024-10-04T06:40:07.568+0000] {logging_mixin.py:188} INFO - [CV] END ..max_depth=1, min_samples_split=3, n_estimators=50; total time=   0.0s
[2024-10-04T06:40:07.617+0000] {logging_mixin.py:188} INFO - [CV] END ..max_depth=1, min_samples_split=3, n_estimators=50; total time=   0.0s
[2024-10-04T06:40:07.664+0000] {logging_mixin.py:188} INFO - [CV] END ..max_depth=1, min_samples_split=3, n_estimators=50; total time=   0.0s
[2024-10-04T06:40:07.757+0000] {logging_mixin.py:188} INFO - [CV] END .max_depth=1, min_samples_split=3, n_estimators=100; total time=   0.1s
[2024-10-04T06:40:07.849+0000] {logging_mixin.py:188} INFO - [CV] END .max_depth=1, min_samples_split=3, n_estimators=100; total time=   0.1s
[2024-10-04T06:40:07.941+0000] {logging_mixin.py:188} INFO - [CV] END .max_depth=1, min_samples_split=3, n_estimators=100; total time=   0.1s
[2024-10-04T06:40:08.028+0000] {logging_mixin.py:188} INFO - [CV] END .max_depth=1, min_samples_split=3, n_estimators=100; total time=   0.1s
[2024-10-04T06:40:08.120+0000] {logging_mixin.py:188} INFO - [CV] END .max_depth=1, min_samples_split=3, n_estimators=100; total time=   0.1s
[2024-10-04T06:40:08.259+0000] {logging_mixin.py:188} INFO - [CV] END .max_depth=1, min_samples_split=3, n_estimators=150; total time=   0.1s
[2024-10-04T06:40:08.388+0000] {logging_mixin.py:188} INFO - [CV] END .max_depth=1, min_samples_split=3, n_estimators=150; total time=   0.1s
[2024-10-04T06:40:08.521+0000] {logging_mixin.py:188} INFO - [CV] END .max_depth=1, min_samples_split=3, n_estimators=150; total time=   0.1s
[2024-10-04T06:40:08.655+0000] {logging_mixin.py:188} INFO - [CV] END .max_depth=1, min_samples_split=3, n_estimators=150; total time=   0.1s
[2024-10-04T06:40:08.791+0000] {logging_mixin.py:188} INFO - [CV] END .max_depth=1, min_samples_split=3, n_estimators=150; total time=   0.1s
[2024-10-04T06:40:08.961+0000] {logging_mixin.py:188} INFO - [CV] END .max_depth=1, min_samples_split=3, n_estimators=200; total time=   0.2s
[2024-10-04T06:40:09.129+0000] {logging_mixin.py:188} INFO - [CV] END .max_depth=1, min_samples_split=3, n_estimators=200; total time=   0.2s
[2024-10-04T06:40:09.309+0000] {logging_mixin.py:188} INFO - [CV] END .max_depth=1, min_samples_split=3, n_estimators=200; total time=   0.2s
[2024-10-04T06:40:09.528+0000] {logging_mixin.py:188} INFO - [CV] END .max_depth=1, min_samples_split=3, n_estimators=200; total time=   0.2s
[2024-10-04T06:40:09.939+0000] {logging_mixin.py:188} INFO - [CV] END .max_depth=1, min_samples_split=3, n_estimators=200; total time=   0.4s
[2024-10-04T06:40:10.408+0000] {logging_mixin.py:188} INFO - [CV] END .max_depth=1, min_samples_split=3, n_estimators=250; total time=   0.5s
[2024-10-04T06:40:10.762+0000] {logging_mixin.py:188} INFO - [CV] END .max_depth=1, min_samples_split=3, n_estimators=250; total time=   0.4s
[2024-10-04T06:40:11.111+0000] {logging_mixin.py:188} INFO - [CV] END .max_depth=1, min_samples_split=3, n_estimators=250; total time=   0.3s
[2024-10-04T06:40:11.464+0000] {logging_mixin.py:188} INFO - [CV] END .max_depth=1, min_samples_split=3, n_estimators=250; total time=   0.4s
[2024-10-04T06:40:11.831+0000] {logging_mixin.py:188} INFO - [CV] END .max_depth=1, min_samples_split=3, n_estimators=250; total time=   0.4s
[2024-10-04T06:40:12.248+0000] {logging_mixin.py:188} INFO - [CV] END .max_depth=1, min_samples_split=3, n_estimators=300; total time=   0.4s
[2024-10-04T06:40:12.664+0000] {logging_mixin.py:188} INFO - [CV] END .max_depth=1, min_samples_split=3, n_estimators=300; total time=   0.4s
[2024-10-04T06:40:13.091+0000] {logging_mixin.py:188} INFO - [CV] END .max_depth=1, min_samples_split=3, n_estimators=300; total time=   0.4s
[2024-10-04T06:40:13.516+0000] {logging_mixin.py:188} INFO - [CV] END .max_depth=1, min_samples_split=3, n_estimators=300; total time=   0.4s
[2024-10-04T06:40:13.934+0000] {logging_mixin.py:188} INFO - [CV] END .max_depth=1, min_samples_split=3, n_estimators=300; total time=   0.4s
[2024-10-04T06:40:14.418+0000] {logging_mixin.py:188} INFO - [CV] END .max_depth=1, min_samples_split=3, n_estimators=350; total time=   0.5s
[2024-10-04T06:40:14.882+0000] {logging_mixin.py:188} INFO - [CV] END .max_depth=1, min_samples_split=3, n_estimators=350; total time=   0.5s
[2024-10-04T06:40:15.363+0000] {logging_mixin.py:188} INFO - [CV] END .max_depth=1, min_samples_split=3, n_estimators=350; total time=   0.5s
[2024-10-04T06:40:15.886+0000] {logging_mixin.py:188} INFO - [CV] END .max_depth=1, min_samples_split=3, n_estimators=350; total time=   0.5s
[2024-10-04T06:40:16.364+0000] {logging_mixin.py:188} INFO - [CV] END .max_depth=1, min_samples_split=3, n_estimators=350; total time=   0.5s
[2024-10-04T06:40:16.761+0000] {logging_mixin.py:188} INFO - [CV] END .max_depth=1, min_samples_split=3, n_estimators=400; total time=   0.4s
[2024-10-04T06:40:17.136+0000] {logging_mixin.py:188} INFO - [CV] END .max_depth=1, min_samples_split=3, n_estimators=400; total time=   0.4s
[2024-10-04T06:40:17.476+0000] {logging_mixin.py:188} INFO - [CV] END .max_depth=1, min_samples_split=3, n_estimators=400; total time=   0.3s
[2024-10-04T06:40:17.847+0000] {logging_mixin.py:188} INFO - [CV] END .max_depth=1, min_samples_split=3, n_estimators=400; total time=   0.4s
[2024-10-04T06:40:18.256+0000] {logging_mixin.py:188} INFO - [CV] END .max_depth=1, min_samples_split=3, n_estimators=400; total time=   0.4s
[2024-10-04T06:40:18.635+0000] {logging_mixin.py:188} INFO - [CV] END .max_depth=1, min_samples_split=3, n_estimators=450; total time=   0.4s
[2024-10-04T06:40:19.069+0000] {logging_mixin.py:188} INFO - [CV] END .max_depth=1, min_samples_split=3, n_estimators=450; total time=   0.4s
[2024-10-04T06:40:19.490+0000] {logging_mixin.py:188} INFO - [CV] END .max_depth=1, min_samples_split=3, n_estimators=450; total time=   0.4s
[2024-10-04T06:40:19.853+0000] {logging_mixin.py:188} INFO - [CV] END .max_depth=1, min_samples_split=3, n_estimators=450; total time=   0.4s
[2024-10-04T06:40:20.258+0000] {logging_mixin.py:188} INFO - [CV] END .max_depth=1, min_samples_split=3, n_estimators=450; total time=   0.4s
[2024-10-04T06:40:20.312+0000] {logging_mixin.py:188} INFO - [CV] END ..max_depth=1, min_samples_split=5, n_estimators=50; total time=   0.1s
[2024-10-04T06:40:20.364+0000] {logging_mixin.py:188} INFO - [CV] END ..max_depth=1, min_samples_split=5, n_estimators=50; total time=   0.1s
[2024-10-04T06:40:20.415+0000] {logging_mixin.py:188} INFO - [CV] END ..max_depth=1, min_samples_split=5, n_estimators=50; total time=   0.0s
[2024-10-04T06:40:20.472+0000] {logging_mixin.py:188} INFO - [CV] END ..max_depth=1, min_samples_split=5, n_estimators=50; total time=   0.1s
[2024-10-04T06:40:20.532+0000] {logging_mixin.py:188} INFO - [CV] END ..max_depth=1, min_samples_split=5, n_estimators=50; total time=   0.1s
[2024-10-04T06:40:20.639+0000] {logging_mixin.py:188} INFO - [CV] END .max_depth=1, min_samples_split=5, n_estimators=100; total time=   0.1s
[2024-10-04T06:40:20.729+0000] {logging_mixin.py:188} INFO - [CV] END .max_depth=1, min_samples_split=5, n_estimators=100; total time=   0.1s
[2024-10-04T06:40:20.816+0000] {logging_mixin.py:188} INFO - [CV] END .max_depth=1, min_samples_split=5, n_estimators=100; total time=   0.1s
[2024-10-04T06:40:20.917+0000] {logging_mixin.py:188} INFO - [CV] END .max_depth=1, min_samples_split=5, n_estimators=100; total time=   0.1s
[2024-10-04T06:40:21.018+0000] {logging_mixin.py:188} INFO - [CV] END .max_depth=1, min_samples_split=5, n_estimators=100; total time=   0.1s
[2024-10-04T06:40:21.153+0000] {logging_mixin.py:188} INFO - [CV] END .max_depth=1, min_samples_split=5, n_estimators=150; total time=   0.1s
[2024-10-04T06:40:21.289+0000] {logging_mixin.py:188} INFO - [CV] END .max_depth=1, min_samples_split=5, n_estimators=150; total time=   0.1s
[2024-10-04T06:40:21.456+0000] {logging_mixin.py:188} INFO - [CV] END .max_depth=1, min_samples_split=5, n_estimators=150; total time=   0.2s
[2024-10-04T06:40:21.597+0000] {logging_mixin.py:188} INFO - [CV] END .max_depth=1, min_samples_split=5, n_estimators=150; total time=   0.1s
[2024-10-04T06:40:21.723+0000] {logging_mixin.py:188} INFO - [CV] END .max_depth=1, min_samples_split=5, n_estimators=150; total time=   0.1s
[2024-10-04T06:40:21.884+0000] {logging_mixin.py:188} INFO - [CV] END .max_depth=1, min_samples_split=5, n_estimators=200; total time=   0.2s
[2024-10-04T06:40:22.047+0000] {logging_mixin.py:188} INFO - [CV] END .max_depth=1, min_samples_split=5, n_estimators=200; total time=   0.2s
[2024-10-04T06:40:22.215+0000] {logging_mixin.py:188} INFO - [CV] END .max_depth=1, min_samples_split=5, n_estimators=200; total time=   0.2s
[2024-10-04T06:40:22.386+0000] {logging_mixin.py:188} INFO - [CV] END .max_depth=1, min_samples_split=5, n_estimators=200; total time=   0.2s
[2024-10-04T06:40:22.564+0000] {logging_mixin.py:188} INFO - [CV] END .max_depth=1, min_samples_split=5, n_estimators=200; total time=   0.2s
[2024-10-04T06:40:22.822+0000] {logging_mixin.py:188} INFO - [CV] END .max_depth=1, min_samples_split=5, n_estimators=250; total time=   0.3s
[2024-10-04T06:40:23.080+0000] {logging_mixin.py:188} INFO - [CV] END .max_depth=1, min_samples_split=5, n_estimators=250; total time=   0.3s
[2024-10-04T06:40:23.325+0000] {logging_mixin.py:188} INFO - [CV] END .max_depth=1, min_samples_split=5, n_estimators=250; total time=   0.2s
[2024-10-04T06:40:23.580+0000] {logging_mixin.py:188} INFO - [CV] END .max_depth=1, min_samples_split=5, n_estimators=250; total time=   0.3s
[2024-10-04T06:40:23.796+0000] {logging_mixin.py:188} INFO - [CV] END .max_depth=1, min_samples_split=5, n_estimators=250; total time=   0.2s
[2024-10-04T06:40:24.063+0000] {logging_mixin.py:188} INFO - [CV] END .max_depth=1, min_samples_split=5, n_estimators=300; total time=   0.3s
[2024-10-04T06:40:24.355+0000] {logging_mixin.py:188} INFO - [CV] END .max_depth=1, min_samples_split=5, n_estimators=300; total time=   0.3s
[2024-10-04T06:40:24.622+0000] {logging_mixin.py:188} INFO - [CV] END .max_depth=1, min_samples_split=5, n_estimators=300; total time=   0.3s
[2024-10-04T06:40:24.923+0000] {logging_mixin.py:188} INFO - [CV] END .max_depth=1, min_samples_split=5, n_estimators=300; total time=   0.3s
[2024-10-04T06:40:25.199+0000] {logging_mixin.py:188} INFO - [CV] END .max_depth=1, min_samples_split=5, n_estimators=300; total time=   0.3s
[2024-10-04T06:40:25.588+0000] {logging_mixin.py:188} INFO - [CV] END .max_depth=1, min_samples_split=5, n_estimators=350; total time=   0.4s
[2024-10-04T06:40:25.980+0000] {logging_mixin.py:188} INFO - [CV] END .max_depth=1, min_samples_split=5, n_estimators=350; total time=   0.4s
[2024-10-04T06:40:26.398+0000] {logging_mixin.py:188} INFO - [CV] END .max_depth=1, min_samples_split=5, n_estimators=350; total time=   0.4s
[2024-10-04T06:40:26.742+0000] {logging_mixin.py:188} INFO - [CV] END .max_depth=1, min_samples_split=5, n_estimators=350; total time=   0.3s
[2024-10-04T06:40:27.097+0000] {logging_mixin.py:188} INFO - [CV] END .max_depth=1, min_samples_split=5, n_estimators=350; total time=   0.4s
[2024-10-04T06:40:27.611+0000] {logging_mixin.py:188} INFO - [CV] END .max_depth=1, min_samples_split=5, n_estimators=400; total time=   0.5s
[2024-10-04T06:40:28.175+0000] {logging_mixin.py:188} INFO - [CV] END .max_depth=1, min_samples_split=5, n_estimators=400; total time=   0.6s
[2024-10-04T06:40:28.773+0000] {logging_mixin.py:188} INFO - [CV] END .max_depth=1, min_samples_split=5, n_estimators=400; total time=   0.6s
[2024-10-04T06:40:29.338+0000] {logging_mixin.py:188} INFO - [CV] END .max_depth=1, min_samples_split=5, n_estimators=400; total time=   0.6s
[2024-10-04T06:40:29.945+0000] {logging_mixin.py:188} INFO - [CV] END .max_depth=1, min_samples_split=5, n_estimators=400; total time=   0.6s
[2024-10-04T06:40:30.617+0000] {logging_mixin.py:188} INFO - [CV] END .max_depth=1, min_samples_split=5, n_estimators=450; total time=   0.7s
[2024-10-04T06:40:31.294+0000] {logging_mixin.py:188} INFO - [CV] END .max_depth=1, min_samples_split=5, n_estimators=450; total time=   0.7s
[2024-10-04T06:40:31.947+0000] {logging_mixin.py:188} INFO - [CV] END .max_depth=1, min_samples_split=5, n_estimators=450; total time=   0.6s
[2024-10-04T06:40:32.594+0000] {logging_mixin.py:188} INFO - [CV] END .max_depth=1, min_samples_split=5, n_estimators=450; total time=   0.6s
[2024-10-04T06:40:33.277+0000] {logging_mixin.py:188} INFO - [CV] END .max_depth=1, min_samples_split=5, n_estimators=450; total time=   0.7s
[2024-10-04T06:40:33.327+0000] {logging_mixin.py:188} INFO - [CV] END ..max_depth=1, min_samples_split=7, n_estimators=50; total time=   0.0s
[2024-10-04T06:40:33.382+0000] {logging_mixin.py:188} INFO - [CV] END ..max_depth=1, min_samples_split=7, n_estimators=50; total time=   0.1s
[2024-10-04T06:40:33.440+0000] {logging_mixin.py:188} INFO - [CV] END ..max_depth=1, min_samples_split=7, n_estimators=50; total time=   0.1s
[2024-10-04T06:40:33.488+0000] {logging_mixin.py:188} INFO - [CV] END ..max_depth=1, min_samples_split=7, n_estimators=50; total time=   0.0s
[2024-10-04T06:40:33.537+0000] {logging_mixin.py:188} INFO - [CV] END ..max_depth=1, min_samples_split=7, n_estimators=50; total time=   0.0s
[2024-10-04T06:40:33.629+0000] {logging_mixin.py:188} INFO - [CV] END .max_depth=1, min_samples_split=7, n_estimators=100; total time=   0.1s
[2024-10-04T06:40:33.729+0000] {logging_mixin.py:188} INFO - [CV] END .max_depth=1, min_samples_split=7, n_estimators=100; total time=   0.1s
[2024-10-04T06:40:33.828+0000] {logging_mixin.py:188} INFO - [CV] END .max_depth=1, min_samples_split=7, n_estimators=100; total time=   0.1s
[2024-10-04T06:40:33.920+0000] {logging_mixin.py:188} INFO - [CV] END .max_depth=1, min_samples_split=7, n_estimators=100; total time=   0.1s
[2024-10-04T06:40:34.051+0000] {logging_mixin.py:188} INFO - [CV] END .max_depth=1, min_samples_split=7, n_estimators=100; total time=   0.1s
[2024-10-04T06:40:34.202+0000] {logging_mixin.py:188} INFO - [CV] END .max_depth=1, min_samples_split=7, n_estimators=150; total time=   0.1s
[2024-10-04T06:40:34.341+0000] {logging_mixin.py:188} INFO - [CV] END .max_depth=1, min_samples_split=7, n_estimators=150; total time=   0.1s
[2024-10-04T06:40:34.475+0000] {logging_mixin.py:188} INFO - [CV] END .max_depth=1, min_samples_split=7, n_estimators=150; total time=   0.1s
[2024-10-04T06:40:34.619+0000] {logging_mixin.py:188} INFO - [CV] END .max_depth=1, min_samples_split=7, n_estimators=150; total time=   0.1s
[2024-10-04T06:40:34.801+0000] {logging_mixin.py:188} INFO - [CV] END .max_depth=1, min_samples_split=7, n_estimators=150; total time=   0.2s
[2024-10-04T06:40:34.993+0000] {logging_mixin.py:188} INFO - [CV] END .max_depth=1, min_samples_split=7, n_estimators=200; total time=   0.2s
[2024-10-04T06:40:35.172+0000] {logging_mixin.py:188} INFO - [CV] END .max_depth=1, min_samples_split=7, n_estimators=200; total time=   0.2s
[2024-10-04T06:40:35.457+0000] {logging_mixin.py:188} INFO - [CV] END .max_depth=1, min_samples_split=7, n_estimators=200; total time=   0.3s
[2024-10-04T06:40:35.644+0000] {logging_mixin.py:188} INFO - [CV] END .max_depth=1, min_samples_split=7, n_estimators=200; total time=   0.2s
[2024-10-04T06:40:35.845+0000] {logging_mixin.py:188} INFO - [CV] END .max_depth=1, min_samples_split=7, n_estimators=200; total time=   0.2s
[2024-10-04T06:40:36.111+0000] {logging_mixin.py:188} INFO - [CV] END .max_depth=1, min_samples_split=7, n_estimators=250; total time=   0.3s
[2024-10-04T06:40:36.356+0000] {logging_mixin.py:188} INFO - [CV] END .max_depth=1, min_samples_split=7, n_estimators=250; total time=   0.2s
[2024-10-04T06:40:36.589+0000] {logging_mixin.py:188} INFO - [CV] END .max_depth=1, min_samples_split=7, n_estimators=250; total time=   0.2s
[2024-10-04T06:40:36.959+0000] {logging_mixin.py:188} INFO - [CV] END .max_depth=1, min_samples_split=7, n_estimators=250; total time=   0.4s
[2024-10-04T06:40:37.321+0000] {logging_mixin.py:188} INFO - [CV] END .max_depth=1, min_samples_split=7, n_estimators=250; total time=   0.4s
[2024-10-04T06:40:37.747+0000] {logging_mixin.py:188} INFO - [CV] END .max_depth=1, min_samples_split=7, n_estimators=300; total time=   0.4s
[2024-10-04T06:40:38.167+0000] {logging_mixin.py:188} INFO - [CV] END .max_depth=1, min_samples_split=7, n_estimators=300; total time=   0.4s
[2024-10-04T06:40:38.587+0000] {logging_mixin.py:188} INFO - [CV] END .max_depth=1, min_samples_split=7, n_estimators=300; total time=   0.4s
[2024-10-04T06:40:39.040+0000] {logging_mixin.py:188} INFO - [CV] END .max_depth=1, min_samples_split=7, n_estimators=300; total time=   0.5s
[2024-10-04T06:40:39.472+0000] {logging_mixin.py:188} INFO - [CV] END .max_depth=1, min_samples_split=7, n_estimators=300; total time=   0.4s
[2024-10-04T06:40:39.967+0000] {logging_mixin.py:188} INFO - [CV] END .max_depth=1, min_samples_split=7, n_estimators=350; total time=   0.5s
[2024-10-04T06:40:40.441+0000] {logging_mixin.py:188} INFO - [CV] END .max_depth=1, min_samples_split=7, n_estimators=350; total time=   0.5s
[2024-10-04T06:40:40.943+0000] {logging_mixin.py:188} INFO - [CV] END .max_depth=1, min_samples_split=7, n_estimators=350; total time=   0.5s
[2024-10-04T06:40:41.259+0000] {logging_mixin.py:188} INFO - [CV] END .max_depth=1, min_samples_split=7, n_estimators=350; total time=   0.3s
[2024-10-04T06:40:41.531+0000] {logging_mixin.py:188} INFO - [CV] END .max_depth=1, min_samples_split=7, n_estimators=350; total time=   0.3s
[2024-10-04T06:40:41.951+0000] {logging_mixin.py:188} INFO - [CV] END .max_depth=1, min_samples_split=7, n_estimators=400; total time=   0.4s
[2024-10-04T06:40:42.289+0000] {logging_mixin.py:188} INFO - [CV] END .max_depth=1, min_samples_split=7, n_estimators=400; total time=   0.3s
[2024-10-04T06:40:42.662+0000] {logging_mixin.py:188} INFO - [CV] END .max_depth=1, min_samples_split=7, n_estimators=400; total time=   0.4s
[2024-10-04T06:40:43.042+0000] {logging_mixin.py:188} INFO - [CV] END .max_depth=1, min_samples_split=7, n_estimators=400; total time=   0.4s
[2024-10-04T06:40:43.396+0000] {logging_mixin.py:188} INFO - [CV] END .max_depth=1, min_samples_split=7, n_estimators=400; total time=   0.4s
[2024-10-04T06:40:43.907+0000] {logging_mixin.py:188} INFO - [CV] END .max_depth=1, min_samples_split=7, n_estimators=450; total time=   0.5s
[2024-10-04T06:40:44.410+0000] {logging_mixin.py:188} INFO - [CV] END .max_depth=1, min_samples_split=7, n_estimators=450; total time=   0.5s
[2024-10-04T06:40:44.945+0000] {logging_mixin.py:188} INFO - [CV] END .max_depth=1, min_samples_split=7, n_estimators=450; total time=   0.5s
[2024-10-04T06:40:45.178+0000] {local_task_job_runner.py:124} ERROR - Received SIGTERM. Terminating subprocesses
[2024-10-04T06:40:45.182+0000] {process_utils.py:132} INFO - Sending 15 to group 49366. PIDs of all processes in the group: [49366]
[2024-10-04T06:40:45.184+0000] {process_utils.py:87} INFO - Sending the signal 15 to group 49366
[2024-10-04T06:40:45.185+0000] {taskinstance.py:2611} ERROR - Received SIGTERM. Terminating subprocesses.
[2024-10-04T06:40:45.187+0000] {taskinstance.py:441} INFO - ::group::Post task execution logs
[2024-10-04T06:40:45.200+0000] {taskinstance.py:2905} ERROR - Task failed with exception
Traceback (most recent call last):
  File "/home/airflow/.local/lib/python3.10/site-packages/airflow/models/taskinstance.py", line 465, in _execute_task
    result = _execute_callable(context=context, **execute_callable_kwargs)
  File "/home/airflow/.local/lib/python3.10/site-packages/airflow/models/taskinstance.py", line 432, in _execute_callable
    return execute_callable(context=context, **execute_callable_kwargs)
  File "/home/airflow/.local/lib/python3.10/site-packages/airflow/models/baseoperator.py", line 401, in wrapper
    return func(self, *args, **kwargs)
  File "/home/airflow/.local/lib/python3.10/site-packages/airflow/operators/python.py", line 235, in execute
    return_value = self.execute_callable()
  File "/home/airflow/.local/lib/python3.10/site-packages/airflow/operators/python.py", line 252, in execute_callable
    return self.python_callable(*self.op_args, **self.op_kwargs)
  File "/opt/airflow/dags/airflow/dags/.ipynb_checkpoints/hw1-checkpoint.py", line 150, in train_model
    grid_search.fit(X_train, y_train)
  File "/home/airflow/.local/lib/python3.10/site-packages/sklearn/base.py", line 1473, in wrapper
    return fit_method(estimator, *args, **kwargs)
  File "/home/airflow/.local/lib/python3.10/site-packages/sklearn/model_selection/_search.py", line 1018, in fit
    self._run_search(evaluate_candidates)
  File "/home/airflow/.local/lib/python3.10/site-packages/sklearn/model_selection/_search.py", line 1572, in _run_search
    evaluate_candidates(ParameterGrid(self.param_grid))
  File "/home/airflow/.local/lib/python3.10/site-packages/sklearn/model_selection/_search.py", line 964, in evaluate_candidates
    out = parallel(
  File "/home/airflow/.local/lib/python3.10/site-packages/sklearn/utils/parallel.py", line 74, in __call__
    return super().__call__(iterable_with_config)
  File "/home/airflow/.local/lib/python3.10/site-packages/joblib/parallel.py", line 1918, in __call__
    return output if self.return_generator else list(output)
  File "/home/airflow/.local/lib/python3.10/site-packages/joblib/parallel.py", line 1847, in _get_sequential_output
    res = func(*args, **kwargs)
  File "/home/airflow/.local/lib/python3.10/site-packages/sklearn/utils/parallel.py", line 136, in __call__
    return self.function(*args, **kwargs)
  File "/home/airflow/.local/lib/python3.10/site-packages/sklearn/model_selection/_validation.py", line 888, in _fit_and_score
    estimator.fit(X_train, y_train, **fit_params)
  File "/home/airflow/.local/lib/python3.10/site-packages/sklearn/base.py", line 1473, in wrapper
    return fit_method(estimator, *args, **kwargs)
  File "/home/airflow/.local/lib/python3.10/site-packages/sklearn/ensemble/_forest.py", line 489, in fit
    trees = Parallel(
  File "/home/airflow/.local/lib/python3.10/site-packages/sklearn/utils/parallel.py", line 74, in __call__
    return super().__call__(iterable_with_config)
  File "/home/airflow/.local/lib/python3.10/site-packages/joblib/parallel.py", line 1918, in __call__
    return output if self.return_generator else list(output)
  File "/home/airflow/.local/lib/python3.10/site-packages/joblib/parallel.py", line 1847, in _get_sequential_output
    res = func(*args, **kwargs)
  File "/home/airflow/.local/lib/python3.10/site-packages/sklearn/utils/parallel.py", line 136, in __call__
    return self.function(*args, **kwargs)
  File "/home/airflow/.local/lib/python3.10/site-packages/sklearn/ensemble/_forest.py", line 179, in _parallel_build_trees
    indices = _generate_sample_indices(
  File "/home/airflow/.local/lib/python3.10/site-packages/sklearn/ensemble/_forest.py", line 132, in _generate_sample_indices
    random_instance = check_random_state(random_state)
  File "/home/airflow/.local/lib/python3.10/site-packages/sklearn/utils/validation.py", line 1436, in check_random_state
    return np.random.RandomState(seed)
  File "numpy/random/mtrand.pyx", line 184, in numpy.random.mtrand.RandomState.__init__
  File "_mt19937.pyx", line 132, in numpy.random._mt19937.MT19937.__init__
  File "/usr/local/lib/python3.10/contextlib.py", line 76, in inner
    @wraps(func)
  File "/home/airflow/.local/lib/python3.10/site-packages/airflow/models/taskinstance.py", line 2613, in signal_handler
    raise AirflowTaskTerminated("Task received SIGTERM signal")
airflow.exceptions.AirflowTaskTerminated: Task received SIGTERM signal
[2024-10-04T06:40:45.225+0000] {taskinstance.py:1206} INFO - Marking task as FAILED. dag_id=random_forest_classifier_dag, task_id=rfc_train_model, run_id=scheduled__2024-10-03T01:00:00+00:00, execution_date=20241003T010000, start_date=20241004T063850, end_date=20241004T064045
[2024-10-04T06:40:45.256+0000] {logging_mixin.py:188} WARNING - /home/***/.local/lib/python3.10/site-packages/***/utils/email.py:154 RemovedInAirflow3Warning: Fetching SMTP credentials from configuration variables will be deprecated in a future release. Please set credentials using a connection instead.
[2024-10-04T06:40:45.257+0000] {configuration.py:1053} WARNING - section/key [smtp/smtp_user] not found in config
[2024-10-04T06:40:45.258+0000] {email.py:271} INFO - Email alerting: attempt 1
[2024-10-04T06:40:45.272+0000] {configuration.py:1053} WARNING - section/key [smtp/smtp_user] not found in config
[2024-10-04T06:40:45.273+0000] {email.py:271} INFO - Email alerting: attempt 1
[2024-10-04T06:40:45.274+0000] {taskinstance.py:879} ERROR - Failed to send email to: alexvlg34@gmail.com
Traceback (most recent call last):
  File "/home/airflow/.local/lib/python3.10/site-packages/airflow/models/taskinstance.py", line 2479, in _run_raw_task
    self._execute_task_with_callbacks(context, test_mode, session=session)
  File "/home/airflow/.local/lib/python3.10/site-packages/airflow/models/taskinstance.py", line 2676, in _execute_task_with_callbacks
    result = self._execute_task(context, task_orig)
  File "/home/airflow/.local/lib/python3.10/site-packages/airflow/models/taskinstance.py", line 2701, in _execute_task
    return _execute_task(self, context, task_orig)
  File "/home/airflow/.local/lib/python3.10/site-packages/airflow/models/taskinstance.py", line 465, in _execute_task
    result = _execute_callable(context=context, **execute_callable_kwargs)
  File "/home/airflow/.local/lib/python3.10/site-packages/airflow/models/taskinstance.py", line 432, in _execute_callable
    return execute_callable(context=context, **execute_callable_kwargs)
  File "/home/airflow/.local/lib/python3.10/site-packages/airflow/models/baseoperator.py", line 401, in wrapper
    return func(self, *args, **kwargs)
  File "/home/airflow/.local/lib/python3.10/site-packages/airflow/operators/python.py", line 235, in execute
    return_value = self.execute_callable()
  File "/home/airflow/.local/lib/python3.10/site-packages/airflow/operators/python.py", line 252, in execute_callable
    return self.python_callable(*self.op_args, **self.op_kwargs)
  File "/opt/airflow/dags/airflow/dags/.ipynb_checkpoints/hw1-checkpoint.py", line 150, in train_model
    grid_search.fit(X_train, y_train)
  File "/home/airflow/.local/lib/python3.10/site-packages/sklearn/base.py", line 1473, in wrapper
    return fit_method(estimator, *args, **kwargs)
  File "/home/airflow/.local/lib/python3.10/site-packages/sklearn/model_selection/_search.py", line 1018, in fit
    self._run_search(evaluate_candidates)
  File "/home/airflow/.local/lib/python3.10/site-packages/sklearn/model_selection/_search.py", line 1572, in _run_search
    evaluate_candidates(ParameterGrid(self.param_grid))
  File "/home/airflow/.local/lib/python3.10/site-packages/sklearn/model_selection/_search.py", line 964, in evaluate_candidates
    out = parallel(
  File "/home/airflow/.local/lib/python3.10/site-packages/sklearn/utils/parallel.py", line 74, in __call__
    return super().__call__(iterable_with_config)
  File "/home/airflow/.local/lib/python3.10/site-packages/joblib/parallel.py", line 1918, in __call__
    return output if self.return_generator else list(output)
  File "/home/airflow/.local/lib/python3.10/site-packages/joblib/parallel.py", line 1847, in _get_sequential_output
    res = func(*args, **kwargs)
  File "/home/airflow/.local/lib/python3.10/site-packages/sklearn/utils/parallel.py", line 136, in __call__
    return self.function(*args, **kwargs)
  File "/home/airflow/.local/lib/python3.10/site-packages/sklearn/model_selection/_validation.py", line 888, in _fit_and_score
    estimator.fit(X_train, y_train, **fit_params)
  File "/home/airflow/.local/lib/python3.10/site-packages/sklearn/base.py", line 1473, in wrapper
    return fit_method(estimator, *args, **kwargs)
  File "/home/airflow/.local/lib/python3.10/site-packages/sklearn/ensemble/_forest.py", line 489, in fit
    trees = Parallel(
  File "/home/airflow/.local/lib/python3.10/site-packages/sklearn/utils/parallel.py", line 74, in __call__
    return super().__call__(iterable_with_config)
  File "/home/airflow/.local/lib/python3.10/site-packages/joblib/parallel.py", line 1918, in __call__
    return output if self.return_generator else list(output)
  File "/home/airflow/.local/lib/python3.10/site-packages/joblib/parallel.py", line 1847, in _get_sequential_output
    res = func(*args, **kwargs)
  File "/home/airflow/.local/lib/python3.10/site-packages/sklearn/utils/parallel.py", line 136, in __call__
    return self.function(*args, **kwargs)
  File "/home/airflow/.local/lib/python3.10/site-packages/sklearn/ensemble/_forest.py", line 179, in _parallel_build_trees
    indices = _generate_sample_indices(
  File "/home/airflow/.local/lib/python3.10/site-packages/sklearn/ensemble/_forest.py", line 132, in _generate_sample_indices
    random_instance = check_random_state(random_state)
  File "/home/airflow/.local/lib/python3.10/site-packages/sklearn/utils/validation.py", line 1436, in check_random_state
    return np.random.RandomState(seed)
  File "numpy/random/mtrand.pyx", line 184, in numpy.random.mtrand.RandomState.__init__
  File "_mt19937.pyx", line 132, in numpy.random._mt19937.MT19937.__init__
  File "/usr/local/lib/python3.10/contextlib.py", line 76, in inner
    @wraps(func)
  File "/home/airflow/.local/lib/python3.10/site-packages/airflow/models/taskinstance.py", line 2613, in signal_handler
    raise AirflowTaskTerminated("Task received SIGTERM signal")
airflow.exceptions.AirflowTaskTerminated: Task received SIGTERM signal

During handling of the above exception, another exception occurred:

Traceback (most recent call last):
  File "/home/airflow/.local/lib/python3.10/site-packages/airflow/models/taskinstance.py", line 1063, in _email_alert
    send_email(task.email, subject, html_content)
  File "/home/airflow/.local/lib/python3.10/site-packages/airflow/utils/email.py", line 80, in send_email
    return backend(
  File "/home/airflow/.local/lib/python3.10/site-packages/airflow/utils/email.py", line 154, in send_email_smtp
    send_mime_email(e_from=mail_from, e_to=recipients, mime_msg=msg, conn_id=conn_id, dryrun=dryrun)
  File "/home/airflow/.local/lib/python3.10/site-packages/airflow/utils/email.py", line 273, in send_mime_email
    smtp_conn = _get_smtp_connection(smtp_host, smtp_port, smtp_timeout, smtp_ssl)
  File "/home/airflow/.local/lib/python3.10/site-packages/airflow/utils/email.py", line 317, in _get_smtp_connection
    return smtplib.SMTP(host=host, port=port, timeout=timeout)
  File "/usr/local/lib/python3.10/smtplib.py", line 255, in __init__
    (code, msg) = self.connect(host, port)
  File "/usr/local/lib/python3.10/smtplib.py", line 341, in connect
    self.sock = self._get_socket(host, port, self.timeout)
  File "/usr/local/lib/python3.10/smtplib.py", line 312, in _get_socket
    return socket.create_connection((host, port), timeout,
  File "/usr/local/lib/python3.10/socket.py", line 845, in create_connection
    raise err
  File "/usr/local/lib/python3.10/socket.py", line 833, in create_connection
    sock.connect(sa)
ConnectionRefusedError: [Errno 111] Connection refused

During handling of the above exception, another exception occurred:

Traceback (most recent call last):
  File "/home/airflow/.local/lib/python3.10/site-packages/airflow/models/taskinstance.py", line 877, in _handle_failure
    task_instance.email_alert(error, failure_context["task"])
  File "/home/airflow/.local/lib/python3.10/site-packages/airflow/models/taskinstance.py", line 3163, in email_alert
    _email_alert(task_instance=self, exception=exception, task=task)
  File "/home/airflow/.local/lib/python3.10/site-packages/airflow/models/taskinstance.py", line 1065, in _email_alert
    send_email(task.email, subject, html_content_err)
  File "/home/airflow/.local/lib/python3.10/site-packages/airflow/utils/email.py", line 80, in send_email
    return backend(
  File "/home/airflow/.local/lib/python3.10/site-packages/airflow/utils/email.py", line 154, in send_email_smtp
    send_mime_email(e_from=mail_from, e_to=recipients, mime_msg=msg, conn_id=conn_id, dryrun=dryrun)
  File "/home/airflow/.local/lib/python3.10/site-packages/airflow/utils/email.py", line 273, in send_mime_email
    smtp_conn = _get_smtp_connection(smtp_host, smtp_port, smtp_timeout, smtp_ssl)
  File "/home/airflow/.local/lib/python3.10/site-packages/airflow/utils/email.py", line 317, in _get_smtp_connection
    return smtplib.SMTP(host=host, port=port, timeout=timeout)
  File "/usr/local/lib/python3.10/smtplib.py", line 255, in __init__
    (code, msg) = self.connect(host, port)
  File "/usr/local/lib/python3.10/smtplib.py", line 341, in connect
    self.sock = self._get_socket(host, port, self.timeout)
  File "/usr/local/lib/python3.10/smtplib.py", line 312, in _get_socket
    return socket.create_connection((host, port), timeout,
  File "/usr/local/lib/python3.10/socket.py", line 845, in create_connection
    raise err
  File "/usr/local/lib/python3.10/socket.py", line 833, in create_connection
    sock.connect(sa)
ConnectionRefusedError: [Errno 111] Connection refused
[2024-10-04T06:40:45.358+0000] {process_utils.py:80} INFO - Process psutil.Process(pid=49366, status='terminated', exitcode=2, started='06:38:49') (49366) terminated with exit code 2
[2024-10-04T06:40:45.360+0000] {local_task_job_runner.py:243} INFO - Task exited with return code 143
[2024-10-04T06:40:45.390+0000] {taskinstance.py:3503} INFO - 0 downstream tasks scheduled from follow-on schedule check
[2024-10-04T06:40:46.686+0000] {local_task_job_runner.py:222} INFO - ::endgroup::
