[2024-09-24T18:45:49.681+0000] {local_task_job_runner.py:120} INFO - ::group::Pre task execution logs
[2024-09-24T18:45:49.695+0000] {taskinstance.py:2076} INFO - Dependencies all met for dep_context=non-requeueable deps ti=<TaskInstance: random_forest_classifier_dag.rfc_train_model manual__2024-09-24T18:45:39.864558+00:00 [queued]>
[2024-09-24T18:45:49.701+0000] {taskinstance.py:2076} INFO - Dependencies all met for dep_context=requeueable deps ti=<TaskInstance: random_forest_classifier_dag.rfc_train_model manual__2024-09-24T18:45:39.864558+00:00 [queued]>
[2024-09-24T18:45:49.702+0000] {taskinstance.py:2306} INFO - Starting attempt 1 of 1
[2024-09-24T18:45:49.713+0000] {taskinstance.py:2330} INFO - Executing <Task(PythonOperator): rfc_train_model> on 2024-09-24 18:45:39.864558+00:00
[2024-09-24T18:45:49.721+0000] {standard_task_runner.py:64} INFO - Started process 45949 to run task
[2024-09-24T18:45:49.723+0000] {standard_task_runner.py:90} INFO - Running: ['***', 'tasks', 'run', 'random_forest_classifier_dag', 'rfc_train_model', 'manual__2024-09-24T18:45:39.864558+00:00', '--job-id', '446', '--raw', '--subdir', 'DAGS_FOLDER/***/dags/.ipynb_checkpoints/hw1-checkpoint.py', '--cfg-path', '/tmp/tmpxqpilsle']
[2024-09-24T18:45:49.726+0000] {standard_task_runner.py:91} INFO - Job 446: Subtask rfc_train_model
[2024-09-24T18:45:49.765+0000] {task_command.py:426} INFO - Running <TaskInstance: random_forest_classifier_dag.rfc_train_model manual__2024-09-24T18:45:39.864558+00:00 [running]> on host 82997fc6deb7
[2024-09-24T18:45:49.836+0000] {taskinstance.py:2648} INFO - Exporting env vars: AIRFLOW_CTX_DAG_EMAIL='alexvlg34@gmail.com' AIRFLOW_CTX_DAG_OWNER='Alex Trigolos' AIRFLOW_CTX_DAG_ID='random_forest_classifier_dag' AIRFLOW_CTX_TASK_ID='rfc_train_model' AIRFLOW_CTX_EXECUTION_DATE='2024-09-24T18:45:39.864558+00:00' AIRFLOW_CTX_TRY_NUMBER='1' AIRFLOW_CTX_DAG_RUN_ID='manual__2024-09-24T18:45:39.864558+00:00'
[2024-09-24T18:45:49.837+0000] {taskinstance.py:430} INFO - ::endgroup::
[2024-09-24T18:45:49.846+0000] {hw1-checkpoint.py:127} INFO - Train model...
[2024-09-24T18:45:49.847+0000] {s3.py:1422} INFO - Downloading source S3 file from Bucket testmlops with path AlexTrigolos/RandomForestClassifier/datasets/X_train.pkl
[2024-09-24T18:45:49.854+0000] {base.py:84} INFO - Using connection ID 's3_connection' for task execution.
[2024-09-24T18:45:49.855+0000] {connection_wrapper.py:388} INFO - AWS Connection (conn_id='s3_connection', conn_type='aws') credentials retrieved from login and password.
[2024-09-24T18:45:50.220+0000] {hw1-checkpoint.py:53} INFO - /tmp/***_tmp_o3s5www4
[2024-09-24T18:45:50.223+0000] {s3.py:1422} INFO - Downloading source S3 file from Bucket testmlops with path AlexTrigolos/RandomForestClassifier/datasets/X_test.pkl
[2024-09-24T18:45:50.230+0000] {base.py:84} INFO - Using connection ID 's3_connection' for task execution.
[2024-09-24T18:45:50.231+0000] {connection_wrapper.py:388} INFO - AWS Connection (conn_id='s3_connection', conn_type='aws') credentials retrieved from login and password.
[2024-09-24T18:45:50.406+0000] {hw1-checkpoint.py:53} INFO - /tmp/***_tmp_pa3dt9w9
[2024-09-24T18:45:50.408+0000] {s3.py:1422} INFO - Downloading source S3 file from Bucket testmlops with path AlexTrigolos/RandomForestClassifier/datasets/y_train.pkl
[2024-09-24T18:45:50.415+0000] {base.py:84} INFO - Using connection ID 's3_connection' for task execution.
[2024-09-24T18:45:50.416+0000] {connection_wrapper.py:388} INFO - AWS Connection (conn_id='s3_connection', conn_type='aws') credentials retrieved from login and password.
[2024-09-24T18:45:50.589+0000] {hw1-checkpoint.py:53} INFO - /tmp/***_tmp_97v7h48h
[2024-09-24T18:45:50.591+0000] {s3.py:1422} INFO - Downloading source S3 file from Bucket testmlops with path AlexTrigolos/RandomForestClassifier/datasets/y_test.pkl
[2024-09-24T18:45:50.598+0000] {base.py:84} INFO - Using connection ID 's3_connection' for task execution.
[2024-09-24T18:45:50.600+0000] {connection_wrapper.py:388} INFO - AWS Connection (conn_id='s3_connection', conn_type='aws') credentials retrieved from login and password.
[2024-09-24T18:45:50.964+0000] {hw1-checkpoint.py:53} INFO - /tmp/***_tmp_xq34egvk
[2024-09-24T18:45:50.970+0000] {logging_mixin.py:188} INFO - Fitting 5 folds for each of 4 candidates, totalling 20 fits
[2024-09-24T18:45:50.975+0000] {logging_mixin.py:188} INFO - [CV] END max_depth=None, min_samples_split=1, n_estimators=50; total time=   0.0s
[2024-09-24T18:45:50.977+0000] {logging_mixin.py:188} INFO - [CV] END max_depth=None, min_samples_split=1, n_estimators=50; total time=   0.0s
[2024-09-24T18:45:50.978+0000] {logging_mixin.py:188} INFO - [CV] END max_depth=None, min_samples_split=1, n_estimators=50; total time=   0.0s
[2024-09-24T18:45:50.979+0000] {logging_mixin.py:188} INFO - [CV] END max_depth=None, min_samples_split=1, n_estimators=50; total time=   0.0s
[2024-09-24T18:45:50.980+0000] {logging_mixin.py:188} INFO - [CV] END max_depth=None, min_samples_split=1, n_estimators=50; total time=   0.0s
[2024-09-24T18:45:51.031+0000] {logging_mixin.py:188} INFO - [CV] END max_depth=None, min_samples_split=10, n_estimators=50; total time=   0.0s
[2024-09-24T18:45:51.084+0000] {logging_mixin.py:188} INFO - [CV] END max_depth=None, min_samples_split=10, n_estimators=50; total time=   0.1s
[2024-09-24T18:45:51.132+0000] {logging_mixin.py:188} INFO - [CV] END max_depth=None, min_samples_split=10, n_estimators=50; total time=   0.0s
[2024-09-24T18:45:51.179+0000] {logging_mixin.py:188} INFO - [CV] END max_depth=None, min_samples_split=10, n_estimators=50; total time=   0.0s
[2024-09-24T18:45:51.227+0000] {logging_mixin.py:188} INFO - [CV] END max_depth=None, min_samples_split=10, n_estimators=50; total time=   0.0s
[2024-09-24T18:45:51.228+0000] {logging_mixin.py:188} INFO - [CV] END .max_depth=30, min_samples_split=1, n_estimators=50; total time=   0.0s
[2024-09-24T18:45:51.230+0000] {logging_mixin.py:188} INFO - [CV] END .max_depth=30, min_samples_split=1, n_estimators=50; total time=   0.0s
[2024-09-24T18:45:51.231+0000] {logging_mixin.py:188} INFO - [CV] END .max_depth=30, min_samples_split=1, n_estimators=50; total time=   0.0s
[2024-09-24T18:45:51.232+0000] {logging_mixin.py:188} INFO - [CV] END .max_depth=30, min_samples_split=1, n_estimators=50; total time=   0.0s
[2024-09-24T18:45:51.234+0000] {logging_mixin.py:188} INFO - [CV] END .max_depth=30, min_samples_split=1, n_estimators=50; total time=   0.0s
[2024-09-24T18:45:51.283+0000] {logging_mixin.py:188} INFO - [CV] END max_depth=30, min_samples_split=10, n_estimators=50; total time=   0.0s
[2024-09-24T18:45:51.334+0000] {logging_mixin.py:188} INFO - [CV] END max_depth=30, min_samples_split=10, n_estimators=50; total time=   0.0s
[2024-09-24T18:45:51.380+0000] {logging_mixin.py:188} INFO - [CV] END max_depth=30, min_samples_split=10, n_estimators=50; total time=   0.0s
[2024-09-24T18:45:51.427+0000] {logging_mixin.py:188} INFO - [CV] END max_depth=30, min_samples_split=10, n_estimators=50; total time=   0.0s
[2024-09-24T18:45:51.475+0000] {logging_mixin.py:188} INFO - [CV] END max_depth=30, min_samples_split=10, n_estimators=50; total time=   0.0s
[2024-09-24T18:45:51.481+0000] {logging_mixin.py:188} WARNING - /home/***/.local/lib/python3.10/site-packages/sklearn/model_selection/_validation.py:540 FitFailedWarning:
10 fits failed out of a total of 20.
The score on these train-test partitions for these parameters will be set to nan.
If these failures are not expected, you can try to debug them by setting error_score='raise'.

Below are more details about the failures:
--------------------------------------------------------------------------------
10 fits failed with the following error:
Traceback (most recent call last):
  File "/home/***/.local/lib/python3.10/site-packages/sklearn/model_selection/_validation.py", line 888, in _fit_and_score
    estimator.fit(X_train, y_train, **fit_params)
  File "/home/***/.local/lib/python3.10/site-packages/sklearn/base.py", line 1466, in wrapper
    estimator._validate_params()
  File "/home/***/.local/lib/python3.10/site-packages/sklearn/base.py", line 666, in _validate_params
    validate_parameter_constraints(
  File "/home/***/.local/lib/python3.10/site-packages/sklearn/utils/_param_validation.py", line 95, in validate_parameter_constraints
    raise InvalidParameterError(
sklearn.utils._param_validation.InvalidParameterError: The 'min_samples_split' parameter of RandomForestClassifier must be an int in the range [2, inf) or a float in the range (0.0, 1.0]. Got 1 instead.
[2024-09-24T18:45:51.484+0000] {logging_mixin.py:188} WARNING - /home/***/.local/lib/python3.10/site-packages/sklearn/model_selection/_search.py:1102 UserWarning: One or more of the test scores are non-finite: [       nan 0.81321777        nan 0.80755442]
[2024-09-24T18:45:51.587+0000] {hw1-checkpoint.py:199} INFO - Finish model train.
[2024-09-24T18:45:51.588+0000] {python.py:237} INFO - Done. Returned value was: None
[2024-09-24T18:45:51.589+0000] {taskinstance.py:441} INFO - ::group::Post task execution logs
[2024-09-24T18:45:51.596+0000] {taskinstance.py:1206} INFO - Marking task as SUCCESS. dag_id=random_forest_classifier_dag, task_id=rfc_train_model, run_id=manual__2024-09-24T18:45:39.864558+00:00, execution_date=20240924T184539, start_date=20240924T184549, end_date=20240924T184551
[2024-09-24T18:45:51.624+0000] {local_task_job_runner.py:243} INFO - Task exited with return code 0
[2024-09-24T18:45:51.640+0000] {taskinstance.py:3503} INFO - 1 downstream tasks scheduled from follow-on schedule check
[2024-09-24T18:45:51.643+0000] {local_task_job_runner.py:222} INFO - ::endgroup::
