[2024-09-24T18:56:21.998+0000] {local_task_job_runner.py:120} INFO - ::group::Pre task execution logs
[2024-09-24T18:56:22.014+0000] {taskinstance.py:2076} INFO - Dependencies all met for dep_context=non-requeueable deps ti=<TaskInstance: decision_tree_classifier_dag.dtc_prepare_data manual__2024-09-24T18:56:16.066939+00:00 [queued]>
[2024-09-24T18:56:22.020+0000] {taskinstance.py:2076} INFO - Dependencies all met for dep_context=requeueable deps ti=<TaskInstance: decision_tree_classifier_dag.dtc_prepare_data manual__2024-09-24T18:56:16.066939+00:00 [queued]>
[2024-09-24T18:56:22.022+0000] {taskinstance.py:2306} INFO - Starting attempt 1 of 1
[2024-09-24T18:56:22.033+0000] {taskinstance.py:2330} INFO - Executing <Task(PythonOperator): dtc_prepare_data> on 2024-09-24 18:56:16.066939+00:00
[2024-09-24T18:56:22.040+0000] {standard_task_runner.py:64} INFO - Started process 49612 to run task
[2024-09-24T18:56:22.043+0000] {standard_task_runner.py:90} INFO - Running: ['***', 'tasks', 'run', 'decision_tree_classifier_dag', 'dtc_prepare_data', 'manual__2024-09-24T18:56:16.066939+00:00', '--job-id', '483', '--raw', '--subdir', 'DAGS_FOLDER/***/dags/.ipynb_checkpoints/hw1-checkpoint.py', '--cfg-path', '/tmp/tmpq15gbx2t']
[2024-09-24T18:56:22.046+0000] {standard_task_runner.py:91} INFO - Job 483: Subtask dtc_prepare_data
[2024-09-24T18:56:22.090+0000] {task_command.py:426} INFO - Running <TaskInstance: decision_tree_classifier_dag.dtc_prepare_data manual__2024-09-24T18:56:16.066939+00:00 [running]> on host 82997fc6deb7
[2024-09-24T18:56:22.166+0000] {taskinstance.py:2648} INFO - Exporting env vars: AIRFLOW_CTX_DAG_EMAIL='alexvlg34@gmail.com' AIRFLOW_CTX_DAG_OWNER='Alex Trigolos' AIRFLOW_CTX_DAG_ID='decision_tree_classifier_dag' AIRFLOW_CTX_TASK_ID='dtc_prepare_data' AIRFLOW_CTX_EXECUTION_DATE='2024-09-24T18:56:16.066939+00:00' AIRFLOW_CTX_TRY_NUMBER='1' AIRFLOW_CTX_DAG_RUN_ID='manual__2024-09-24T18:56:16.066939+00:00'
[2024-09-24T18:56:22.167+0000] {taskinstance.py:430} INFO - ::endgroup::
[2024-09-24T18:56:22.176+0000] {hw1-checkpoint.py:115} INFO - Prepare data...
[2024-09-24T18:56:22.178+0000] {s3.py:1422} INFO - Downloading source S3 file from Bucket testmlops with path AlexTrigolos/DecisionTreeClassifier/datasets/dataset.pkl
[2024-09-24T18:56:22.186+0000] {base.py:84} INFO - Using connection ID 's3_connection' for task execution.
[2024-09-24T18:56:22.187+0000] {connection_wrapper.py:388} INFO - AWS Connection (conn_id='s3_connection', conn_type='aws') credentials retrieved from login and password.
[2024-09-24T18:56:22.551+0000] {hw1-checkpoint.py:86} INFO - /tmp/***_tmp_phs__l33
[2024-09-24T18:56:22.604+0000] {base.py:84} INFO - Using connection ID 's3_connection' for task execution.
[2024-09-24T18:56:22.605+0000] {connection_wrapper.py:388} INFO - AWS Connection (conn_id='s3_connection', conn_type='aws') credentials retrieved from login and password.
[2024-09-24T18:56:22.939+0000] {base.py:84} INFO - Using connection ID 's3_connection' for task execution.
[2024-09-24T18:56:22.940+0000] {connection_wrapper.py:388} INFO - AWS Connection (conn_id='s3_connection', conn_type='aws') credentials retrieved from login and password.
[2024-09-24T18:56:23.104+0000] {base.py:84} INFO - Using connection ID 's3_connection' for task execution.
[2024-09-24T18:56:23.105+0000] {connection_wrapper.py:388} INFO - AWS Connection (conn_id='s3_connection', conn_type='aws') credentials retrieved from login and password.
[2024-09-24T18:56:23.272+0000] {base.py:84} INFO - Using connection ID 's3_connection' for task execution.
[2024-09-24T18:56:23.273+0000] {connection_wrapper.py:388} INFO - AWS Connection (conn_id='s3_connection', conn_type='aws') credentials retrieved from login and password.
[2024-09-24T18:56:23.662+0000] {hw1-checkpoint.py:141} INFO - Prepared data.
[2024-09-24T18:56:23.663+0000] {python.py:237} INFO - Done. Returned value was: None
[2024-09-24T18:56:23.665+0000] {taskinstance.py:441} INFO - ::group::Post task execution logs
[2024-09-24T18:56:23.677+0000] {taskinstance.py:1206} INFO - Marking task as SUCCESS. dag_id=decision_tree_classifier_dag, task_id=dtc_prepare_data, run_id=manual__2024-09-24T18:56:16.066939+00:00, execution_date=20240924T185616, start_date=20240924T185622, end_date=20240924T185623
[2024-09-24T18:56:23.743+0000] {local_task_job_runner.py:243} INFO - Task exited with return code 0
[2024-09-24T18:56:23.764+0000] {taskinstance.py:3503} INFO - 1 downstream tasks scheduled from follow-on schedule check
[2024-09-24T18:56:23.768+0000] {local_task_job_runner.py:222} INFO - ::endgroup::
