[2024-09-23T11:14:04.448+0000] {local_task_job_runner.py:120} INFO - ::group::Pre task execution logs
[2024-09-23T11:14:04.469+0000] {taskinstance.py:2076} INFO - Dependencies all met for dep_context=non-requeueable deps ti=<TaskInstance: train_dag.train_model manual__2024-09-23T11:13:53.099734+00:00 [queued]>
[2024-09-23T11:14:04.481+0000] {taskinstance.py:2076} INFO - Dependencies all met for dep_context=requeueable deps ti=<TaskInstance: train_dag.train_model manual__2024-09-23T11:13:53.099734+00:00 [queued]>
[2024-09-23T11:14:04.483+0000] {taskinstance.py:2306} INFO - Starting attempt 1 of 1
[2024-09-23T11:14:04.498+0000] {taskinstance.py:2330} INFO - Executing <Task(PythonOperator): train_model> on 2024-09-23 11:13:53.099734+00:00
[2024-09-23T11:14:04.506+0000] {standard_task_runner.py:64} INFO - Started process 921 to run task
[2024-09-23T11:14:04.510+0000] {standard_task_runner.py:90} INFO - Running: ['***', 'tasks', 'run', 'train_dag', 'train_model', 'manual__2024-09-23T11:13:53.099734+00:00', '--job-id', '218', '--raw', '--subdir', 'DAGS_FOLDER/***/dags/.ipynb_checkpoints/train_dag-checkpoint.py', '--cfg-path', '/tmp/tmp9e1x2hq0']
[2024-09-23T11:14:04.514+0000] {standard_task_runner.py:91} INFO - Job 218: Subtask train_model
[2024-09-23T11:14:04.567+0000] {task_command.py:426} INFO - Running <TaskInstance: train_dag.train_model manual__2024-09-23T11:13:53.099734+00:00 [running]> on host 82997fc6deb7
[2024-09-23T11:14:04.662+0000] {taskinstance.py:2648} INFO - Exporting env vars: AIRFLOW_CTX_DAG_EMAIL='alexvlg34@gmail.com' AIRFLOW_CTX_DAG_OWNER='Alex Trigolos' AIRFLOW_CTX_DAG_ID='train_dag' AIRFLOW_CTX_TASK_ID='train_model' AIRFLOW_CTX_EXECUTION_DATE='2024-09-23T11:13:53.099734+00:00' AIRFLOW_CTX_TRY_NUMBER='1' AIRFLOW_CTX_DAG_RUN_ID='manual__2024-09-23T11:13:53.099734+00:00'
[2024-09-23T11:14:04.664+0000] {taskinstance.py:430} INFO - ::endgroup::
[2024-09-23T11:14:04.795+0000] {logging_mixin.py:188} INFO - Fitting 5 folds for each of 2 candidates, totalling 10 fits
[2024-09-23T11:14:05.006+0000] {logging_mixin.py:188} INFO - [CV] END ......................max_depth=1, n_estimators=100; total time=   0.2s
[2024-09-23T11:14:05.189+0000] {logging_mixin.py:188} INFO - [CV] END ......................max_depth=1, n_estimators=100; total time=   0.2s
[2024-09-23T11:14:05.355+0000] {logging_mixin.py:188} INFO - [CV] END ......................max_depth=1, n_estimators=100; total time=   0.2s
[2024-09-23T11:14:05.510+0000] {logging_mixin.py:188} INFO - [CV] END ......................max_depth=1, n_estimators=100; total time=   0.2s
[2024-09-23T11:14:05.652+0000] {logging_mixin.py:188} INFO - [CV] END ......................max_depth=1, n_estimators=100; total time=   0.1s
[2024-09-23T11:14:05.901+0000] {logging_mixin.py:188} INFO - [CV] END ......................max_depth=1, n_estimators=150; total time=   0.2s
[2024-09-23T11:14:06.165+0000] {logging_mixin.py:188} INFO - [CV] END ......................max_depth=1, n_estimators=150; total time=   0.3s
[2024-09-23T11:14:06.436+0000] {logging_mixin.py:188} INFO - [CV] END ......................max_depth=1, n_estimators=150; total time=   0.3s
[2024-09-23T11:14:06.684+0000] {logging_mixin.py:188} INFO - [CV] END ......................max_depth=1, n_estimators=150; total time=   0.2s
[2024-09-23T11:14:06.918+0000] {logging_mixin.py:188} INFO - [CV] END ......................max_depth=1, n_estimators=150; total time=   0.2s
[2024-09-23T11:14:07.170+0000] {python.py:237} INFO - Done. Returned value was: None
[2024-09-23T11:14:07.171+0000] {taskinstance.py:441} INFO - ::group::Post task execution logs
[2024-09-23T11:14:07.181+0000] {taskinstance.py:1206} INFO - Marking task as SUCCESS. dag_id=train_dag, task_id=train_model, run_id=manual__2024-09-23T11:13:53.099734+00:00, execution_date=20240923T111353, start_date=20240923T111404, end_date=20240923T111407
[2024-09-23T11:14:07.228+0000] {local_task_job_runner.py:243} INFO - Task exited with return code 0
[2024-09-23T11:14:07.260+0000] {taskinstance.py:3503} INFO - 1 downstream tasks scheduled from follow-on schedule check
[2024-09-23T11:14:07.265+0000] {local_task_job_runner.py:222} INFO - ::endgroup::
