[2024-09-23T10:54:36.959+0000] {local_task_job_runner.py:120} INFO - ::group::Pre task execution logs
[2024-09-23T10:54:36.988+0000] {taskinstance.py:2076} INFO - Dependencies all met for dep_context=non-requeueable deps ti=<TaskInstance: train_dag.train_model manual__2024-09-23T10:54:23.718628+00:00 [queued]>
[2024-09-23T10:54:37.004+0000] {taskinstance.py:2076} INFO - Dependencies all met for dep_context=requeueable deps ti=<TaskInstance: train_dag.train_model manual__2024-09-23T10:54:23.718628+00:00 [queued]>
[2024-09-23T10:54:37.007+0000] {taskinstance.py:2306} INFO - Starting attempt 1 of 1
[2024-09-23T10:54:37.026+0000] {taskinstance.py:2330} INFO - Executing <Task(PythonOperator): train_model> on 2024-09-23 10:54:23.718628+00:00
[2024-09-23T10:54:37.040+0000] {standard_task_runner.py:64} INFO - Started process 8570 to run task
[2024-09-23T10:54:37.044+0000] {standard_task_runner.py:90} INFO - Running: ['***', 'tasks', 'run', 'train_dag', 'train_model', 'manual__2024-09-23T10:54:23.718628+00:00', '--job-id', '197', '--raw', '--subdir', 'DAGS_FOLDER/***/dags/.ipynb_checkpoints/train_dag-checkpoint.py', '--cfg-path', '/tmp/tmp2inpygwl']
[2024-09-23T10:54:37.048+0000] {standard_task_runner.py:91} INFO - Job 197: Subtask train_model
[2024-09-23T10:54:37.114+0000] {task_command.py:426} INFO - Running <TaskInstance: train_dag.train_model manual__2024-09-23T10:54:23.718628+00:00 [running]> on host 82997fc6deb7
[2024-09-23T10:54:37.223+0000] {taskinstance.py:2648} INFO - Exporting env vars: AIRFLOW_CTX_DAG_EMAIL='alexvlg34@gmail.com' AIRFLOW_CTX_DAG_OWNER='Alex Trigolos' AIRFLOW_CTX_DAG_ID='train_dag' AIRFLOW_CTX_TASK_ID='train_model' AIRFLOW_CTX_EXECUTION_DATE='2024-09-23T10:54:23.718628+00:00' AIRFLOW_CTX_TRY_NUMBER='1' AIRFLOW_CTX_DAG_RUN_ID='manual__2024-09-23T10:54:23.718628+00:00'
[2024-09-23T10:54:37.225+0000] {taskinstance.py:430} INFO - ::endgroup::
[2024-09-23T10:54:37.350+0000] {logging_mixin.py:188} INFO - Fitting 5 folds for each of 2 candidates, totalling 10 fits
[2024-09-23T10:54:37.542+0000] {logging_mixin.py:188} INFO - [CV] END ......................max_depth=1, n_estimators=100; total time=   0.2s
[2024-09-23T10:54:37.694+0000] {logging_mixin.py:188} INFO - [CV] END ......................max_depth=1, n_estimators=100; total time=   0.1s
[2024-09-23T10:54:37.862+0000] {logging_mixin.py:188} INFO - [CV] END ......................max_depth=1, n_estimators=100; total time=   0.2s
[2024-09-23T10:54:38.036+0000] {logging_mixin.py:188} INFO - [CV] END ......................max_depth=1, n_estimators=100; total time=   0.2s
[2024-09-23T10:54:38.220+0000] {logging_mixin.py:188} INFO - [CV] END ......................max_depth=1, n_estimators=100; total time=   0.2s
[2024-09-23T10:54:38.481+0000] {logging_mixin.py:188} INFO - [CV] END ......................max_depth=1, n_estimators=150; total time=   0.3s
[2024-09-23T10:54:38.728+0000] {logging_mixin.py:188} INFO - [CV] END ......................max_depth=1, n_estimators=150; total time=   0.2s
[2024-09-23T10:54:38.978+0000] {logging_mixin.py:188} INFO - [CV] END ......................max_depth=1, n_estimators=150; total time=   0.2s
[2024-09-23T10:54:39.214+0000] {logging_mixin.py:188} INFO - [CV] END ......................max_depth=1, n_estimators=150; total time=   0.2s
[2024-09-23T10:54:39.463+0000] {logging_mixin.py:188} INFO - [CV] END ......................max_depth=1, n_estimators=150; total time=   0.2s
[2024-09-23T10:54:39.770+0000] {python.py:237} INFO - Done. Returned value was: None
[2024-09-23T10:54:39.775+0000] {taskinstance.py:441} INFO - ::group::Post task execution logs
[2024-09-23T10:54:39.794+0000] {taskinstance.py:1206} INFO - Marking task as SUCCESS. dag_id=train_dag, task_id=train_model, run_id=manual__2024-09-23T10:54:23.718628+00:00, execution_date=20240923T105423, start_date=20240923T105436, end_date=20240923T105439
[2024-09-23T10:54:39.875+0000] {local_task_job_runner.py:243} INFO - Task exited with return code 0
[2024-09-23T10:54:39.904+0000] {taskinstance.py:3503} INFO - 1 downstream tasks scheduled from follow-on schedule check
[2024-09-23T10:54:39.923+0000] {local_task_job_runner.py:222} INFO - ::endgroup::
