[2024-09-25T07:21:43.444+0000] {local_task_job_runner.py:120} INFO - ::group::Pre task execution logs
[2024-09-25T07:21:43.460+0000] {taskinstance.py:2076} INFO - Dependencies all met for dep_context=non-requeueable deps ti=<TaskInstance: random_forest_classifier_dag.rfc_get_data scheduled__2024-09-24T01:00:00+00:00 [queued]>
[2024-09-25T07:21:43.470+0000] {taskinstance.py:2076} INFO - Dependencies all met for dep_context=requeueable deps ti=<TaskInstance: random_forest_classifier_dag.rfc_get_data scheduled__2024-09-24T01:00:00+00:00 [queued]>
[2024-09-25T07:21:43.471+0000] {taskinstance.py:2306} INFO - Starting attempt 1 of 1
[2024-09-25T07:21:43.484+0000] {taskinstance.py:2330} INFO - Executing <Task(PythonOperator): rfc_get_data> on 2024-09-24 01:00:00+00:00
[2024-09-25T07:21:43.492+0000] {standard_task_runner.py:64} INFO - Started process 5307 to run task
[2024-09-25T07:21:43.496+0000] {standard_task_runner.py:90} INFO - Running: ['***', 'tasks', 'run', 'random_forest_classifier_dag', 'rfc_get_data', 'scheduled__2024-09-24T01:00:00+00:00', '--job-id', '578', '--raw', '--subdir', 'DAGS_FOLDER/***/dags/hw1.py', '--cfg-path', '/tmp/tmpc4hgtxnm']
[2024-09-25T07:21:43.499+0000] {standard_task_runner.py:91} INFO - Job 578: Subtask rfc_get_data
[2024-09-25T07:21:43.551+0000] {task_command.py:426} INFO - Running <TaskInstance: random_forest_classifier_dag.rfc_get_data scheduled__2024-09-24T01:00:00+00:00 [running]> on host 82997fc6deb7
[2024-09-25T07:21:43.648+0000] {taskinstance.py:2648} INFO - Exporting env vars: AIRFLOW_CTX_DAG_EMAIL='alexvlg34@gmail.com' AIRFLOW_CTX_DAG_OWNER='Alex Trigolos' AIRFLOW_CTX_DAG_ID='random_forest_classifier_dag' AIRFLOW_CTX_TASK_ID='rfc_get_data' AIRFLOW_CTX_EXECUTION_DATE='2024-09-24T01:00:00+00:00' AIRFLOW_CTX_TRY_NUMBER='1' AIRFLOW_CTX_DAG_RUN_ID='scheduled__2024-09-24T01:00:00+00:00'
[2024-09-25T07:21:43.650+0000] {taskinstance.py:430} INFO - ::endgroup::
[2024-09-25T07:21:43.662+0000] {hw1.py:91} INFO - Get data...
[2024-09-25T07:21:44.085+0000] {base.py:84} INFO - Using connection ID 's3_connection' for task execution.
[2024-09-25T07:21:44.086+0000] {connection_wrapper.py:388} INFO - AWS Connection (conn_id='s3_connection', conn_type='aws') credentials retrieved from login and password.
[2024-09-25T07:21:45.009+0000] {hw1.py:103} INFO - Finish get data.
[2024-09-25T07:21:45.009+0000] {python.py:237} INFO - Done. Returned value was: None
[2024-09-25T07:21:45.010+0000] {taskinstance.py:441} INFO - ::group::Post task execution logs
[2024-09-25T07:21:45.021+0000] {taskinstance.py:1206} INFO - Marking task as SUCCESS. dag_id=random_forest_classifier_dag, task_id=rfc_get_data, run_id=scheduled__2024-09-24T01:00:00+00:00, execution_date=20240924T010000, start_date=20240925T072143, end_date=20240925T072145
[2024-09-25T07:21:45.075+0000] {local_task_job_runner.py:243} INFO - Task exited with return code 0
[2024-09-25T07:21:45.105+0000] {taskinstance.py:3503} INFO - 1 downstream tasks scheduled from follow-on schedule check
[2024-09-25T07:21:45.130+0000] {local_task_job_runner.py:222} INFO - ::endgroup::
