[2024-09-24T17:59:50.395+0000] {local_task_job_runner.py:120} INFO - ::group::Pre task execution logs
[2024-09-24T17:59:50.408+0000] {taskinstance.py:2076} INFO - Dependencies all met for dep_context=non-requeueable deps ti=<TaskInstance: random_forest_classifier_dag.prepare_data manual__2024-09-24T17:59:45.067312+00:00 [queued]>
[2024-09-24T17:59:50.415+0000] {taskinstance.py:2076} INFO - Dependencies all met for dep_context=requeueable deps ti=<TaskInstance: random_forest_classifier_dag.prepare_data manual__2024-09-24T17:59:45.067312+00:00 [queued]>
[2024-09-24T17:59:50.417+0000] {taskinstance.py:2306} INFO - Starting attempt 1 of 1
[2024-09-24T17:59:50.426+0000] {taskinstance.py:2330} INFO - Executing <Task(PythonOperator): prepare_data> on 2024-09-24 17:59:45.067312+00:00
[2024-09-24T17:59:50.434+0000] {standard_task_runner.py:64} INFO - Started process 34418 to run task
[2024-09-24T17:59:50.436+0000] {standard_task_runner.py:90} INFO - Running: ['***', 'tasks', 'run', 'random_forest_classifier_dag', 'prepare_data', 'manual__2024-09-24T17:59:45.067312+00:00', '--job-id', '418', '--raw', '--subdir', 'DAGS_FOLDER/***/dags/.ipynb_checkpoints/hw1-checkpoint.py', '--cfg-path', '/tmp/tmpd_ndb3f4']
[2024-09-24T17:59:50.438+0000] {standard_task_runner.py:91} INFO - Job 418: Subtask prepare_data
[2024-09-24T17:59:50.476+0000] {task_command.py:426} INFO - Running <TaskInstance: random_forest_classifier_dag.prepare_data manual__2024-09-24T17:59:45.067312+00:00 [running]> on host 82997fc6deb7
[2024-09-24T17:59:50.547+0000] {taskinstance.py:2648} INFO - Exporting env vars: AIRFLOW_CTX_DAG_EMAIL='alexvlg34@gmail.com' AIRFLOW_CTX_DAG_OWNER='Alex Trigolos' AIRFLOW_CTX_DAG_ID='random_forest_classifier_dag' AIRFLOW_CTX_TASK_ID='prepare_data' AIRFLOW_CTX_EXECUTION_DATE='2024-09-24T17:59:45.067312+00:00' AIRFLOW_CTX_TRY_NUMBER='1' AIRFLOW_CTX_DAG_RUN_ID='manual__2024-09-24T17:59:45.067312+00:00'
[2024-09-24T17:59:50.548+0000] {taskinstance.py:430} INFO - ::endgroup::
[2024-09-24T17:59:50.557+0000] {hw1-checkpoint.py:115} INFO - Prepare data...
[2024-09-24T17:59:50.559+0000] {s3.py:1422} INFO - Downloading source S3 file from Bucket testmlops with path AlexTrigolos/RandomForestClassifier/datasets/dataset.pkl
[2024-09-24T17:59:50.567+0000] {base.py:84} INFO - Using connection ID 's3_connection' for task execution.
[2024-09-24T17:59:50.568+0000] {connection_wrapper.py:388} INFO - AWS Connection (conn_id='s3_connection', conn_type='aws') credentials retrieved from login and password.
[2024-09-24T17:59:50.922+0000] {hw1-checkpoint.py:79} INFO - /tmp/***_tmp_38ayrhgv
[2024-09-24T17:59:50.967+0000] {base.py:84} INFO - Using connection ID 's3_connection' for task execution.
[2024-09-24T17:59:50.968+0000] {connection_wrapper.py:388} INFO - AWS Connection (conn_id='s3_connection', conn_type='aws') credentials retrieved from login and password.
[2024-09-24T17:59:51.296+0000] {base.py:84} INFO - Using connection ID 's3_connection' for task execution.
[2024-09-24T17:59:51.298+0000] {connection_wrapper.py:388} INFO - AWS Connection (conn_id='s3_connection', conn_type='aws') credentials retrieved from login and password.
[2024-09-24T17:59:51.451+0000] {base.py:84} INFO - Using connection ID 's3_connection' for task execution.
[2024-09-24T17:59:51.452+0000] {connection_wrapper.py:388} INFO - AWS Connection (conn_id='s3_connection', conn_type='aws') credentials retrieved from login and password.
[2024-09-24T17:59:51.595+0000] {base.py:84} INFO - Using connection ID 's3_connection' for task execution.
[2024-09-24T17:59:51.596+0000] {connection_wrapper.py:388} INFO - AWS Connection (conn_id='s3_connection', conn_type='aws') credentials retrieved from login and password.
[2024-09-24T17:59:51.917+0000] {hw1-checkpoint.py:150} INFO - Prepared data.
[2024-09-24T17:59:51.918+0000] {python.py:237} INFO - Done. Returned value was: None
[2024-09-24T17:59:51.919+0000] {taskinstance.py:441} INFO - ::group::Post task execution logs
[2024-09-24T17:59:51.928+0000] {taskinstance.py:1206} INFO - Marking task as SUCCESS. dag_id=random_forest_classifier_dag, task_id=prepare_data, run_id=manual__2024-09-24T17:59:45.067312+00:00, execution_date=20240924T175945, start_date=20240924T175950, end_date=20240924T175951
[2024-09-24T17:59:51.975+0000] {local_task_job_runner.py:243} INFO - Task exited with return code 0
[2024-09-24T17:59:51.996+0000] {taskinstance.py:3503} INFO - 1 downstream tasks scheduled from follow-on schedule check
[2024-09-24T17:59:51.999+0000] {local_task_job_runner.py:222} INFO - ::endgroup::
