[2024-09-24T20:22:07.776+0000] {processor.py:161} INFO - Started process (PID=392) to work on /opt/airflow/dags/.cache/pip/http/e/9/6/4/e/e964e921afaabafc321b63e610b1bda63b52149ea808d29094a90b43
[2024-09-24T20:22:07.778+0000] {processor.py:830} INFO - Processing file /opt/airflow/dags/.cache/pip/http/e/9/6/4/e/e964e921afaabafc321b63e610b1bda63b52149ea808d29094a90b43 for tasks to queue
[2024-09-24T20:22:07.800+0000] {logging_mixin.py:188} INFO - [2024-09-24T20:22:07.800+0000] {dagbag.py:545} INFO - Filling up the DagBag from /opt/airflow/dags/.cache/pip/http/e/9/6/4/e/e964e921afaabafc321b63e610b1bda63b52149ea808d29094a90b43
[2024-09-24T20:22:07.829+0000] {processor.py:842} WARNING - No viable dags retrieved from /opt/airflow/dags/.cache/pip/http/e/9/6/4/e/e964e921afaabafc321b63e610b1bda63b52149ea808d29094a90b43
[2024-09-24T20:22:07.849+0000] {processor.py:183} INFO - Processing /opt/airflow/dags/.cache/pip/http/e/9/6/4/e/e964e921afaabafc321b63e610b1bda63b52149ea808d29094a90b43 took 0.081 seconds
[2024-09-24T20:22:40.806+0000] {processor.py:161} INFO - Started process (PID=666) to work on /opt/airflow/dags/.cache/pip/http/e/9/6/4/e/e964e921afaabafc321b63e610b1bda63b52149ea808d29094a90b43
[2024-09-24T20:22:40.808+0000] {processor.py:830} INFO - Processing file /opt/airflow/dags/.cache/pip/http/e/9/6/4/e/e964e921afaabafc321b63e610b1bda63b52149ea808d29094a90b43 for tasks to queue
[2024-09-24T20:22:40.811+0000] {logging_mixin.py:188} INFO - [2024-09-24T20:22:40.811+0000] {dagbag.py:545} INFO - Filling up the DagBag from /opt/airflow/dags/.cache/pip/http/e/9/6/4/e/e964e921afaabafc321b63e610b1bda63b52149ea808d29094a90b43
[2024-09-24T20:22:40.875+0000] {processor.py:842} WARNING - No viable dags retrieved from /opt/airflow/dags/.cache/pip/http/e/9/6/4/e/e964e921afaabafc321b63e610b1bda63b52149ea808d29094a90b43
[2024-09-24T20:22:40.897+0000] {processor.py:183} INFO - Processing /opt/airflow/dags/.cache/pip/http/e/9/6/4/e/e964e921afaabafc321b63e610b1bda63b52149ea808d29094a90b43 took 0.102 seconds
[2024-09-24T20:23:12.390+0000] {processor.py:161} INFO - Started process (PID=941) to work on /opt/airflow/dags/.cache/pip/http/e/9/6/4/e/e964e921afaabafc321b63e610b1bda63b52149ea808d29094a90b43
[2024-09-24T20:23:12.391+0000] {processor.py:830} INFO - Processing file /opt/airflow/dags/.cache/pip/http/e/9/6/4/e/e964e921afaabafc321b63e610b1bda63b52149ea808d29094a90b43 for tasks to queue
[2024-09-24T20:23:12.395+0000] {logging_mixin.py:188} INFO - [2024-09-24T20:23:12.395+0000] {dagbag.py:545} INFO - Filling up the DagBag from /opt/airflow/dags/.cache/pip/http/e/9/6/4/e/e964e921afaabafc321b63e610b1bda63b52149ea808d29094a90b43
[2024-09-24T20:23:12.449+0000] {processor.py:842} WARNING - No viable dags retrieved from /opt/airflow/dags/.cache/pip/http/e/9/6/4/e/e964e921afaabafc321b63e610b1bda63b52149ea808d29094a90b43
[2024-09-24T20:23:12.466+0000] {processor.py:183} INFO - Processing /opt/airflow/dags/.cache/pip/http/e/9/6/4/e/e964e921afaabafc321b63e610b1bda63b52149ea808d29094a90b43 took 0.080 seconds
[2024-09-24T20:27:56.214+0000] {processor.py:161} INFO - Started process (PID=396) to work on /opt/airflow/dags/.cache/pip/http/e/9/6/4/e/e964e921afaabafc321b63e610b1bda63b52149ea808d29094a90b43
[2024-09-24T20:27:56.221+0000] {processor.py:830} INFO - Processing file /opt/airflow/dags/.cache/pip/http/e/9/6/4/e/e964e921afaabafc321b63e610b1bda63b52149ea808d29094a90b43 for tasks to queue
[2024-09-24T20:27:56.224+0000] {logging_mixin.py:188} INFO - [2024-09-24T20:27:56.223+0000] {dagbag.py:545} INFO - Filling up the DagBag from /opt/airflow/dags/.cache/pip/http/e/9/6/4/e/e964e921afaabafc321b63e610b1bda63b52149ea808d29094a90b43
[2024-09-24T20:27:56.245+0000] {processor.py:842} WARNING - No viable dags retrieved from /opt/airflow/dags/.cache/pip/http/e/9/6/4/e/e964e921afaabafc321b63e610b1bda63b52149ea808d29094a90b43
[2024-09-24T20:27:56.259+0000] {processor.py:183} INFO - Processing /opt/airflow/dags/.cache/pip/http/e/9/6/4/e/e964e921afaabafc321b63e610b1bda63b52149ea808d29094a90b43 took 0.049 seconds
[2024-09-24T20:28:29.093+0000] {processor.py:161} INFO - Started process (PID=670) to work on /opt/airflow/dags/.cache/pip/http/e/9/6/4/e/e964e921afaabafc321b63e610b1bda63b52149ea808d29094a90b43
[2024-09-24T20:28:29.094+0000] {processor.py:830} INFO - Processing file /opt/airflow/dags/.cache/pip/http/e/9/6/4/e/e964e921afaabafc321b63e610b1bda63b52149ea808d29094a90b43 for tasks to queue
[2024-09-24T20:28:29.095+0000] {logging_mixin.py:188} INFO - [2024-09-24T20:28:29.095+0000] {dagbag.py:545} INFO - Filling up the DagBag from /opt/airflow/dags/.cache/pip/http/e/9/6/4/e/e964e921afaabafc321b63e610b1bda63b52149ea808d29094a90b43
[2024-09-24T20:28:29.125+0000] {processor.py:842} WARNING - No viable dags retrieved from /opt/airflow/dags/.cache/pip/http/e/9/6/4/e/e964e921afaabafc321b63e610b1bda63b52149ea808d29094a90b43
[2024-09-24T20:28:29.136+0000] {processor.py:183} INFO - Processing /opt/airflow/dags/.cache/pip/http/e/9/6/4/e/e964e921afaabafc321b63e610b1bda63b52149ea808d29094a90b43 took 0.047 seconds
[2024-09-24T20:29:01.173+0000] {processor.py:161} INFO - Started process (PID=944) to work on /opt/airflow/dags/.cache/pip/http/e/9/6/4/e/e964e921afaabafc321b63e610b1bda63b52149ea808d29094a90b43
[2024-09-24T20:29:01.174+0000] {processor.py:830} INFO - Processing file /opt/airflow/dags/.cache/pip/http/e/9/6/4/e/e964e921afaabafc321b63e610b1bda63b52149ea808d29094a90b43 for tasks to queue
[2024-09-24T20:29:01.175+0000] {logging_mixin.py:188} INFO - [2024-09-24T20:29:01.175+0000] {dagbag.py:545} INFO - Filling up the DagBag from /opt/airflow/dags/.cache/pip/http/e/9/6/4/e/e964e921afaabafc321b63e610b1bda63b52149ea808d29094a90b43
[2024-09-24T20:29:01.205+0000] {processor.py:842} WARNING - No viable dags retrieved from /opt/airflow/dags/.cache/pip/http/e/9/6/4/e/e964e921afaabafc321b63e610b1bda63b52149ea808d29094a90b43
[2024-09-24T20:29:01.216+0000] {processor.py:183} INFO - Processing /opt/airflow/dags/.cache/pip/http/e/9/6/4/e/e964e921afaabafc321b63e610b1bda63b52149ea808d29094a90b43 took 0.047 seconds
[2024-09-24T20:29:32.708+0000] {processor.py:161} INFO - Started process (PID=1218) to work on /opt/airflow/dags/.cache/pip/http/e/9/6/4/e/e964e921afaabafc321b63e610b1bda63b52149ea808d29094a90b43
[2024-09-24T20:29:32.709+0000] {processor.py:830} INFO - Processing file /opt/airflow/dags/.cache/pip/http/e/9/6/4/e/e964e921afaabafc321b63e610b1bda63b52149ea808d29094a90b43 for tasks to queue
[2024-09-24T20:29:32.710+0000] {logging_mixin.py:188} INFO - [2024-09-24T20:29:32.710+0000] {dagbag.py:545} INFO - Filling up the DagBag from /opt/airflow/dags/.cache/pip/http/e/9/6/4/e/e964e921afaabafc321b63e610b1bda63b52149ea808d29094a90b43
[2024-09-24T20:29:32.747+0000] {processor.py:842} WARNING - No viable dags retrieved from /opt/airflow/dags/.cache/pip/http/e/9/6/4/e/e964e921afaabafc321b63e610b1bda63b52149ea808d29094a90b43
[2024-09-24T20:29:32.759+0000] {processor.py:183} INFO - Processing /opt/airflow/dags/.cache/pip/http/e/9/6/4/e/e964e921afaabafc321b63e610b1bda63b52149ea808d29094a90b43 took 0.056 seconds
[2024-09-24T20:30:04.146+0000] {processor.py:161} INFO - Started process (PID=1492) to work on /opt/airflow/dags/.cache/pip/http/e/9/6/4/e/e964e921afaabafc321b63e610b1bda63b52149ea808d29094a90b43
[2024-09-24T20:30:04.147+0000] {processor.py:830} INFO - Processing file /opt/airflow/dags/.cache/pip/http/e/9/6/4/e/e964e921afaabafc321b63e610b1bda63b52149ea808d29094a90b43 for tasks to queue
[2024-09-24T20:30:04.149+0000] {logging_mixin.py:188} INFO - [2024-09-24T20:30:04.148+0000] {dagbag.py:545} INFO - Filling up the DagBag from /opt/airflow/dags/.cache/pip/http/e/9/6/4/e/e964e921afaabafc321b63e610b1bda63b52149ea808d29094a90b43
[2024-09-24T20:30:04.167+0000] {processor.py:842} WARNING - No viable dags retrieved from /opt/airflow/dags/.cache/pip/http/e/9/6/4/e/e964e921afaabafc321b63e610b1bda63b52149ea808d29094a90b43
[2024-09-24T20:30:04.177+0000] {processor.py:183} INFO - Processing /opt/airflow/dags/.cache/pip/http/e/9/6/4/e/e964e921afaabafc321b63e610b1bda63b52149ea808d29094a90b43 took 0.035 seconds
[2024-09-24T20:30:37.133+0000] {processor.py:161} INFO - Started process (PID=1766) to work on /opt/airflow/dags/.cache/pip/http/e/9/6/4/e/e964e921afaabafc321b63e610b1bda63b52149ea808d29094a90b43
[2024-09-24T20:30:37.134+0000] {processor.py:830} INFO - Processing file /opt/airflow/dags/.cache/pip/http/e/9/6/4/e/e964e921afaabafc321b63e610b1bda63b52149ea808d29094a90b43 for tasks to queue
[2024-09-24T20:30:37.136+0000] {logging_mixin.py:188} INFO - [2024-09-24T20:30:37.135+0000] {dagbag.py:545} INFO - Filling up the DagBag from /opt/airflow/dags/.cache/pip/http/e/9/6/4/e/e964e921afaabafc321b63e610b1bda63b52149ea808d29094a90b43
[2024-09-24T20:30:37.152+0000] {processor.py:842} WARNING - No viable dags retrieved from /opt/airflow/dags/.cache/pip/http/e/9/6/4/e/e964e921afaabafc321b63e610b1bda63b52149ea808d29094a90b43
[2024-09-24T20:30:37.163+0000] {processor.py:183} INFO - Processing /opt/airflow/dags/.cache/pip/http/e/9/6/4/e/e964e921afaabafc321b63e610b1bda63b52149ea808d29094a90b43 took 0.034 seconds
[2024-09-24T20:31:08.937+0000] {processor.py:161} INFO - Started process (PID=2040) to work on /opt/airflow/dags/.cache/pip/http/e/9/6/4/e/e964e921afaabafc321b63e610b1bda63b52149ea808d29094a90b43
[2024-09-24T20:31:08.938+0000] {processor.py:830} INFO - Processing file /opt/airflow/dags/.cache/pip/http/e/9/6/4/e/e964e921afaabafc321b63e610b1bda63b52149ea808d29094a90b43 for tasks to queue
[2024-09-24T20:31:08.939+0000] {logging_mixin.py:188} INFO - [2024-09-24T20:31:08.939+0000] {dagbag.py:545} INFO - Filling up the DagBag from /opt/airflow/dags/.cache/pip/http/e/9/6/4/e/e964e921afaabafc321b63e610b1bda63b52149ea808d29094a90b43
[2024-09-24T20:31:08.965+0000] {processor.py:842} WARNING - No viable dags retrieved from /opt/airflow/dags/.cache/pip/http/e/9/6/4/e/e964e921afaabafc321b63e610b1bda63b52149ea808d29094a90b43
[2024-09-24T20:31:08.977+0000] {processor.py:183} INFO - Processing /opt/airflow/dags/.cache/pip/http/e/9/6/4/e/e964e921afaabafc321b63e610b1bda63b52149ea808d29094a90b43 took 0.044 seconds
[2024-09-24T20:31:41.040+0000] {processor.py:161} INFO - Started process (PID=2313) to work on /opt/airflow/dags/.cache/pip/http/e/9/6/4/e/e964e921afaabafc321b63e610b1bda63b52149ea808d29094a90b43
[2024-09-24T20:31:41.041+0000] {processor.py:830} INFO - Processing file /opt/airflow/dags/.cache/pip/http/e/9/6/4/e/e964e921afaabafc321b63e610b1bda63b52149ea808d29094a90b43 for tasks to queue
[2024-09-24T20:31:41.042+0000] {logging_mixin.py:188} INFO - [2024-09-24T20:31:41.042+0000] {dagbag.py:545} INFO - Filling up the DagBag from /opt/airflow/dags/.cache/pip/http/e/9/6/4/e/e964e921afaabafc321b63e610b1bda63b52149ea808d29094a90b43
[2024-09-24T20:31:41.092+0000] {processor.py:842} WARNING - No viable dags retrieved from /opt/airflow/dags/.cache/pip/http/e/9/6/4/e/e964e921afaabafc321b63e610b1bda63b52149ea808d29094a90b43
[2024-09-24T20:31:41.106+0000] {processor.py:183} INFO - Processing /opt/airflow/dags/.cache/pip/http/e/9/6/4/e/e964e921afaabafc321b63e610b1bda63b52149ea808d29094a90b43 took 0.070 seconds
[2024-09-24T20:32:26.648+0000] {processor.py:161} INFO - Started process (PID=2593) to work on /opt/airflow/dags/.cache/pip/http/e/9/6/4/e/e964e921afaabafc321b63e610b1bda63b52149ea808d29094a90b43
[2024-09-24T20:32:26.649+0000] {processor.py:830} INFO - Processing file /opt/airflow/dags/.cache/pip/http/e/9/6/4/e/e964e921afaabafc321b63e610b1bda63b52149ea808d29094a90b43 for tasks to queue
[2024-09-24T20:32:26.651+0000] {logging_mixin.py:188} INFO - [2024-09-24T20:32:26.650+0000] {dagbag.py:545} INFO - Filling up the DagBag from /opt/airflow/dags/.cache/pip/http/e/9/6/4/e/e964e921afaabafc321b63e610b1bda63b52149ea808d29094a90b43
[2024-09-24T20:32:26.677+0000] {processor.py:842} WARNING - No viable dags retrieved from /opt/airflow/dags/.cache/pip/http/e/9/6/4/e/e964e921afaabafc321b63e610b1bda63b52149ea808d29094a90b43
[2024-09-24T20:32:26.687+0000] {processor.py:183} INFO - Processing /opt/airflow/dags/.cache/pip/http/e/9/6/4/e/e964e921afaabafc321b63e610b1bda63b52149ea808d29094a90b43 took 0.045 seconds
