[2024-09-24T18:54:11.899+0000] {local_task_job_runner.py:120} INFO - ::group::Pre task execution logs
[2024-09-24T18:54:11.912+0000] {taskinstance.py:2076} INFO - Dependencies all met for dep_context=non-requeueable deps ti=<TaskInstance: random_forest_classifier_dag.rfc_prepare_data manual__2024-09-24T18:54:05.214006+00:00 [queued]>
[2024-09-24T18:54:11.919+0000] {taskinstance.py:2076} INFO - Dependencies all met for dep_context=requeueable deps ti=<TaskInstance: random_forest_classifier_dag.rfc_prepare_data manual__2024-09-24T18:54:05.214006+00:00 [queued]>
[2024-09-24T18:54:11.921+0000] {taskinstance.py:2306} INFO - Starting attempt 1 of 1
[2024-09-24T18:54:11.931+0000] {taskinstance.py:2330} INFO - Executing <Task(PythonOperator): rfc_prepare_data> on 2024-09-24 18:54:05.214006+00:00
[2024-09-24T18:54:11.938+0000] {standard_task_runner.py:64} INFO - Started process 48622 to run task
[2024-09-24T18:54:11.940+0000] {standard_task_runner.py:90} INFO - Running: ['***', 'tasks', 'run', 'random_forest_classifier_dag', 'rfc_prepare_data', 'manual__2024-09-24T18:54:05.214006+00:00', '--job-id', '471', '--raw', '--subdir', 'DAGS_FOLDER/***/dags/.ipynb_checkpoints/hw1-checkpoint.py', '--cfg-path', '/tmp/tmpxrpankgv']
[2024-09-24T18:54:11.943+0000] {standard_task_runner.py:91} INFO - Job 471: Subtask rfc_prepare_data
[2024-09-24T18:54:11.984+0000] {task_command.py:426} INFO - Running <TaskInstance: random_forest_classifier_dag.rfc_prepare_data manual__2024-09-24T18:54:05.214006+00:00 [running]> on host 82997fc6deb7
[2024-09-24T18:54:12.057+0000] {taskinstance.py:2648} INFO - Exporting env vars: AIRFLOW_CTX_DAG_EMAIL='alexvlg34@gmail.com' AIRFLOW_CTX_DAG_OWNER='Alex Trigolos' AIRFLOW_CTX_DAG_ID='random_forest_classifier_dag' AIRFLOW_CTX_TASK_ID='rfc_prepare_data' AIRFLOW_CTX_EXECUTION_DATE='2024-09-24T18:54:05.214006+00:00' AIRFLOW_CTX_TRY_NUMBER='1' AIRFLOW_CTX_DAG_RUN_ID='manual__2024-09-24T18:54:05.214006+00:00'
[2024-09-24T18:54:12.059+0000] {taskinstance.py:430} INFO - ::endgroup::
[2024-09-24T18:54:12.067+0000] {hw1-checkpoint.py:115} INFO - Prepare data...
[2024-09-24T18:54:12.068+0000] {s3.py:1422} INFO - Downloading source S3 file from Bucket testmlops with path AlexTrigolos/RandomForestClassifier/datasets/dataset.pkl
[2024-09-24T18:54:12.075+0000] {base.py:84} INFO - Using connection ID 's3_connection' for task execution.
[2024-09-24T18:54:12.077+0000] {connection_wrapper.py:388} INFO - AWS Connection (conn_id='s3_connection', conn_type='aws') credentials retrieved from login and password.
[2024-09-24T18:54:12.438+0000] {hw1-checkpoint.py:86} INFO - /tmp/***_tmp_r3whevvz
[2024-09-24T18:54:12.492+0000] {base.py:84} INFO - Using connection ID 's3_connection' for task execution.
[2024-09-24T18:54:12.493+0000] {connection_wrapper.py:388} INFO - AWS Connection (conn_id='s3_connection', conn_type='aws') credentials retrieved from login and password.
[2024-09-24T18:54:12.802+0000] {base.py:84} INFO - Using connection ID 's3_connection' for task execution.
[2024-09-24T18:54:12.803+0000] {connection_wrapper.py:388} INFO - AWS Connection (conn_id='s3_connection', conn_type='aws') credentials retrieved from login and password.
[2024-09-24T18:54:12.970+0000] {base.py:84} INFO - Using connection ID 's3_connection' for task execution.
[2024-09-24T18:54:12.970+0000] {connection_wrapper.py:388} INFO - AWS Connection (conn_id='s3_connection', conn_type='aws') credentials retrieved from login and password.
[2024-09-24T18:54:13.152+0000] {base.py:84} INFO - Using connection ID 's3_connection' for task execution.
[2024-09-24T18:54:13.153+0000] {connection_wrapper.py:388} INFO - AWS Connection (conn_id='s3_connection', conn_type='aws') credentials retrieved from login and password.
[2024-09-24T18:54:13.492+0000] {hw1-checkpoint.py:141} INFO - Prepared data.
[2024-09-24T18:54:13.493+0000] {python.py:237} INFO - Done. Returned value was: None
[2024-09-24T18:54:13.494+0000] {taskinstance.py:441} INFO - ::group::Post task execution logs
[2024-09-24T18:54:13.503+0000] {taskinstance.py:1206} INFO - Marking task as SUCCESS. dag_id=random_forest_classifier_dag, task_id=rfc_prepare_data, run_id=manual__2024-09-24T18:54:05.214006+00:00, execution_date=20240924T185405, start_date=20240924T185411, end_date=20240924T185413
[2024-09-24T18:54:13.560+0000] {local_task_job_runner.py:243} INFO - Task exited with return code 0
[2024-09-24T18:54:13.580+0000] {taskinstance.py:3503} INFO - 1 downstream tasks scheduled from follow-on schedule check
[2024-09-24T18:54:13.583+0000] {local_task_job_runner.py:222} INFO - ::endgroup::
