[2024-09-22T17:15:54.163+0000] {local_task_job_runner.py:120} INFO - ::group::Pre task execution logs
[2024-09-22T17:15:54.193+0000] {taskinstance.py:2076} INFO - Dependencies all met for dep_context=non-requeueable deps ti=<TaskInstance: train_dag.train_model manual__2024-09-22T17:15:41.088584+00:00 [queued]>
[2024-09-22T17:15:54.208+0000] {taskinstance.py:2076} INFO - Dependencies all met for dep_context=requeueable deps ti=<TaskInstance: train_dag.train_model manual__2024-09-22T17:15:41.088584+00:00 [queued]>
[2024-09-22T17:15:54.210+0000] {taskinstance.py:2306} INFO - Starting attempt 1 of 1
[2024-09-22T17:15:54.232+0000] {taskinstance.py:2330} INFO - Executing <Task(PythonOperator): train_model> on 2024-09-22 17:15:41.088584+00:00
[2024-09-22T17:15:54.247+0000] {standard_task_runner.py:64} INFO - Started process 6777 to run task
[2024-09-22T17:15:54.255+0000] {standard_task_runner.py:90} INFO - Running: ['***', 'tasks', 'run', 'train_dag', 'train_model', 'manual__2024-09-22T17:15:41.088584+00:00', '--job-id', '169', '--raw', '--subdir', 'DAGS_FOLDER/***/dags/train_dag.py', '--cfg-path', '/tmp/tmpvi8xb72g']
[2024-09-22T17:15:54.262+0000] {standard_task_runner.py:91} INFO - Job 169: Subtask train_model
[2024-09-22T17:15:54.351+0000] {task_command.py:426} INFO - Running <TaskInstance: train_dag.train_model manual__2024-09-22T17:15:41.088584+00:00 [running]> on host 7264ce263e34
[2024-09-22T17:15:54.491+0000] {taskinstance.py:2648} INFO - Exporting env vars: AIRFLOW_CTX_DAG_EMAIL='alexvlg34@gmail.com' AIRFLOW_CTX_DAG_OWNER='Alex Trigolos' AIRFLOW_CTX_DAG_ID='train_dag' AIRFLOW_CTX_TASK_ID='train_model' AIRFLOW_CTX_EXECUTION_DATE='2024-09-22T17:15:41.088584+00:00' AIRFLOW_CTX_TRY_NUMBER='1' AIRFLOW_CTX_DAG_RUN_ID='manual__2024-09-22T17:15:41.088584+00:00'
[2024-09-22T17:15:54.493+0000] {taskinstance.py:430} INFO - ::endgroup::
[2024-09-22T17:15:54.640+0000] {logging_mixin.py:188} INFO - Fitting 5 folds for each of 2 candidates, totalling 10 fits
[2024-09-22T17:15:54.825+0000] {logging_mixin.py:188} INFO - [CV] END ......................max_depth=1, n_estimators=100; total time=   0.2s
[2024-09-22T17:15:55.009+0000] {logging_mixin.py:188} INFO - [CV] END ......................max_depth=1, n_estimators=100; total time=   0.2s
[2024-09-22T17:15:55.191+0000] {logging_mixin.py:188} INFO - [CV] END ......................max_depth=1, n_estimators=100; total time=   0.2s
[2024-09-22T17:15:55.359+0000] {logging_mixin.py:188} INFO - [CV] END ......................max_depth=1, n_estimators=100; total time=   0.2s
[2024-09-22T17:15:55.535+0000] {logging_mixin.py:188} INFO - [CV] END ......................max_depth=1, n_estimators=100; total time=   0.2s
[2024-09-22T17:15:55.864+0000] {logging_mixin.py:188} INFO - [CV] END ......................max_depth=1, n_estimators=150; total time=   0.3s
[2024-09-22T17:15:56.100+0000] {logging_mixin.py:188} INFO - [CV] END ......................max_depth=1, n_estimators=150; total time=   0.2s
[2024-09-22T17:15:56.330+0000] {logging_mixin.py:188} INFO - [CV] END ......................max_depth=1, n_estimators=150; total time=   0.2s
[2024-09-22T17:15:56.634+0000] {logging_mixin.py:188} INFO - [CV] END ......................max_depth=1, n_estimators=150; total time=   0.3s
[2024-09-22T17:15:56.866+0000] {logging_mixin.py:188} INFO - [CV] END ......................max_depth=1, n_estimators=150; total time=   0.2s
[2024-09-22T17:15:57.256+0000] {python.py:237} INFO - Done. Returned value was: None
[2024-09-22T17:15:57.329+0000] {taskinstance.py:441} INFO - ::group::Post task execution logs
[2024-09-22T17:15:57.375+0000] {taskinstance.py:1206} INFO - Marking task as SUCCESS. dag_id=train_dag, task_id=train_model, run_id=manual__2024-09-22T17:15:41.088584+00:00, execution_date=20240922T171541, start_date=20240922T171554, end_date=20240922T171557
[2024-09-22T17:15:57.452+0000] {local_task_job_runner.py:243} INFO - Task exited with return code 0
[2024-09-22T17:15:57.488+0000] {taskinstance.py:3503} INFO - 1 downstream tasks scheduled from follow-on schedule check
[2024-09-22T17:15:57.571+0000] {local_task_job_runner.py:222} INFO - ::endgroup::
