[2024-10-02T13:55:02.513+0000] {local_task_job_runner.py:120} INFO - ::group::Pre task execution logs
[2024-10-02T13:55:02.532+0000] {taskinstance.py:2076} INFO - Dependencies all met for dep_context=non-requeueable deps ti=<TaskInstance: train.data_preparation scheduled__2024-10-01T01:00:00+00:00 [queued]>
[2024-10-02T13:55:02.542+0000] {taskinstance.py:2076} INFO - Dependencies all met for dep_context=requeueable deps ti=<TaskInstance: train.data_preparation scheduled__2024-10-01T01:00:00+00:00 [queued]>
[2024-10-02T13:55:02.543+0000] {taskinstance.py:2306} INFO - Starting attempt 1 of 1
[2024-10-02T13:55:02.559+0000] {taskinstance.py:2330} INFO - Executing <Task(PythonOperator): data_preparation> on 2024-10-01 01:00:00+00:00
[2024-10-02T13:55:02.567+0000] {standard_task_runner.py:64} INFO - Started process 816 to run task
[2024-10-02T13:55:02.571+0000] {standard_task_runner.py:90} INFO - Running: ['***', 'tasks', 'run', 'train', 'data_preparation', 'scheduled__2024-10-01T01:00:00+00:00', '--job-id', '617', '--raw', '--subdir', 'DAGS_FOLDER/***/dags/.ipynb_checkpoints/1_train_dag-checkpoint.py', '--cfg-path', '/tmp/tmpq3gnti0u']
[2024-10-02T13:55:02.573+0000] {standard_task_runner.py:91} INFO - Job 617: Subtask data_preparation
[2024-10-02T13:55:02.624+0000] {task_command.py:426} INFO - Running <TaskInstance: train.data_preparation scheduled__2024-10-01T01:00:00+00:00 [running]> on host 82997fc6deb7
[2024-10-02T13:55:02.711+0000] {taskinstance.py:2648} INFO - Exporting env vars: AIRFLOW_CTX_DAG_EMAIL='alexvlg34@gmail.com' AIRFLOW_CTX_DAG_OWNER='Alex Trigolos' AIRFLOW_CTX_DAG_ID='train' AIRFLOW_CTX_TASK_ID='data_preparation' AIRFLOW_CTX_EXECUTION_DATE='2024-10-01T01:00:00+00:00' AIRFLOW_CTX_TRY_NUMBER='1' AIRFLOW_CTX_DAG_RUN_ID='scheduled__2024-10-01T01:00:00+00:00'
[2024-10-02T13:55:02.713+0000] {taskinstance.py:430} INFO - ::endgroup::
[2024-10-02T13:55:02.723+0000] {s3.py:1422} INFO - Downloading source S3 file from Bucket testmlops with path 2024/datasets/california_housing.pkl
[2024-10-02T13:55:02.733+0000] {base.py:84} INFO - Using connection ID 's3_connection' for task execution.
[2024-10-02T13:55:02.734+0000] {connection_wrapper.py:388} INFO - AWS Connection (conn_id='s3_connection', conn_type='aws') credentials retrieved from login and password.
[2024-10-02T13:55:04.792+0000] {1_train_dag-checkpoint.py:127} INFO - Data prepared.
[2024-10-02T13:55:04.796+0000] {python.py:237} INFO - Done. Returned value was: None
[2024-10-02T13:55:04.797+0000] {taskinstance.py:441} INFO - ::group::Post task execution logs
[2024-10-02T13:55:04.807+0000] {taskinstance.py:1206} INFO - Marking task as SUCCESS. dag_id=train, task_id=data_preparation, run_id=scheduled__2024-10-01T01:00:00+00:00, execution_date=20241001T010000, start_date=20241002T135502, end_date=20241002T135504
[2024-10-02T13:55:04.838+0000] {local_task_job_runner.py:243} INFO - Task exited with return code 0
[2024-10-02T13:55:04.864+0000] {taskinstance.py:3503} INFO - 1 downstream tasks scheduled from follow-on schedule check
[2024-10-02T13:55:04.866+0000] {local_task_job_runner.py:222} INFO - ::endgroup::
