[2024-09-24T20:22:06.810+0000] {processor.py:161} INFO - Started process (PID=365) to work on /opt/airflow/dags/.cache/pip/http/f/7/4/e/a/f74eaed83de0e8e6f39014b2785bb28a323f597aafd22d67da1043cc
[2024-09-24T20:22:06.811+0000] {processor.py:830} INFO - Processing file /opt/airflow/dags/.cache/pip/http/f/7/4/e/a/f74eaed83de0e8e6f39014b2785bb28a323f597aafd22d67da1043cc for tasks to queue
[2024-09-24T20:22:06.822+0000] {logging_mixin.py:188} INFO - [2024-09-24T20:22:06.822+0000] {dagbag.py:545} INFO - Filling up the DagBag from /opt/airflow/dags/.cache/pip/http/f/7/4/e/a/f74eaed83de0e8e6f39014b2785bb28a323f597aafd22d67da1043cc
[2024-09-24T20:22:06.848+0000] {processor.py:842} WARNING - No viable dags retrieved from /opt/airflow/dags/.cache/pip/http/f/7/4/e/a/f74eaed83de0e8e6f39014b2785bb28a323f597aafd22d67da1043cc
[2024-09-24T20:22:06.867+0000] {processor.py:183} INFO - Processing /opt/airflow/dags/.cache/pip/http/f/7/4/e/a/f74eaed83de0e8e6f39014b2785bb28a323f597aafd22d67da1043cc took 0.065 seconds
[2024-09-24T20:22:39.099+0000] {processor.py:161} INFO - Started process (PID=639) to work on /opt/airflow/dags/.cache/pip/http/f/7/4/e/a/f74eaed83de0e8e6f39014b2785bb28a323f597aafd22d67da1043cc
[2024-09-24T20:22:39.101+0000] {processor.py:830} INFO - Processing file /opt/airflow/dags/.cache/pip/http/f/7/4/e/a/f74eaed83de0e8e6f39014b2785bb28a323f597aafd22d67da1043cc for tasks to queue
[2024-09-24T20:22:39.105+0000] {logging_mixin.py:188} INFO - [2024-09-24T20:22:39.103+0000] {dagbag.py:545} INFO - Filling up the DagBag from /opt/airflow/dags/.cache/pip/http/f/7/4/e/a/f74eaed83de0e8e6f39014b2785bb28a323f597aafd22d67da1043cc
[2024-09-24T20:22:39.134+0000] {processor.py:842} WARNING - No viable dags retrieved from /opt/airflow/dags/.cache/pip/http/f/7/4/e/a/f74eaed83de0e8e6f39014b2785bb28a323f597aafd22d67da1043cc
[2024-09-24T20:22:39.156+0000] {processor.py:183} INFO - Processing /opt/airflow/dags/.cache/pip/http/f/7/4/e/a/f74eaed83de0e8e6f39014b2785bb28a323f597aafd22d67da1043cc took 0.066 seconds
[2024-09-24T20:23:09.765+0000] {processor.py:161} INFO - Started process (PID=888) to work on /opt/airflow/dags/.cache/pip/http/f/7/4/e/a/f74eaed83de0e8e6f39014b2785bb28a323f597aafd22d67da1043cc
[2024-09-24T20:23:09.766+0000] {processor.py:830} INFO - Processing file /opt/airflow/dags/.cache/pip/http/f/7/4/e/a/f74eaed83de0e8e6f39014b2785bb28a323f597aafd22d67da1043cc for tasks to queue
[2024-09-24T20:23:09.767+0000] {logging_mixin.py:188} INFO - [2024-09-24T20:23:09.767+0000] {dagbag.py:545} INFO - Filling up the DagBag from /opt/airflow/dags/.cache/pip/http/f/7/4/e/a/f74eaed83de0e8e6f39014b2785bb28a323f597aafd22d67da1043cc
[2024-09-24T20:23:09.789+0000] {processor.py:842} WARNING - No viable dags retrieved from /opt/airflow/dags/.cache/pip/http/f/7/4/e/a/f74eaed83de0e8e6f39014b2785bb28a323f597aafd22d67da1043cc
[2024-09-24T20:23:09.800+0000] {processor.py:183} INFO - Processing /opt/airflow/dags/.cache/pip/http/f/7/4/e/a/f74eaed83de0e8e6f39014b2785bb28a323f597aafd22d67da1043cc took 0.040 seconds
[2024-09-24T20:27:55.649+0000] {processor.py:161} INFO - Started process (PID=369) to work on /opt/airflow/dags/.cache/pip/http/f/7/4/e/a/f74eaed83de0e8e6f39014b2785bb28a323f597aafd22d67da1043cc
[2024-09-24T20:27:55.649+0000] {processor.py:830} INFO - Processing file /opt/airflow/dags/.cache/pip/http/f/7/4/e/a/f74eaed83de0e8e6f39014b2785bb28a323f597aafd22d67da1043cc for tasks to queue
[2024-09-24T20:27:55.651+0000] {logging_mixin.py:188} INFO - [2024-09-24T20:27:55.651+0000] {dagbag.py:545} INFO - Filling up the DagBag from /opt/airflow/dags/.cache/pip/http/f/7/4/e/a/f74eaed83de0e8e6f39014b2785bb28a323f597aafd22d67da1043cc
[2024-09-24T20:27:55.673+0000] {processor.py:842} WARNING - No viable dags retrieved from /opt/airflow/dags/.cache/pip/http/f/7/4/e/a/f74eaed83de0e8e6f39014b2785bb28a323f597aafd22d67da1043cc
[2024-09-24T20:27:55.683+0000] {processor.py:183} INFO - Processing /opt/airflow/dags/.cache/pip/http/f/7/4/e/a/f74eaed83de0e8e6f39014b2785bb28a323f597aafd22d67da1043cc took 0.038 seconds
[2024-09-24T20:28:28.649+0000] {processor.py:161} INFO - Started process (PID=643) to work on /opt/airflow/dags/.cache/pip/http/f/7/4/e/a/f74eaed83de0e8e6f39014b2785bb28a323f597aafd22d67da1043cc
[2024-09-24T20:28:28.649+0000] {processor.py:830} INFO - Processing file /opt/airflow/dags/.cache/pip/http/f/7/4/e/a/f74eaed83de0e8e6f39014b2785bb28a323f597aafd22d67da1043cc for tasks to queue
[2024-09-24T20:28:28.651+0000] {logging_mixin.py:188} INFO - [2024-09-24T20:28:28.651+0000] {dagbag.py:545} INFO - Filling up the DagBag from /opt/airflow/dags/.cache/pip/http/f/7/4/e/a/f74eaed83de0e8e6f39014b2785bb28a323f597aafd22d67da1043cc
[2024-09-24T20:28:28.663+0000] {processor.py:842} WARNING - No viable dags retrieved from /opt/airflow/dags/.cache/pip/http/f/7/4/e/a/f74eaed83de0e8e6f39014b2785bb28a323f597aafd22d67da1043cc
[2024-09-24T20:28:28.672+0000] {processor.py:183} INFO - Processing /opt/airflow/dags/.cache/pip/http/f/7/4/e/a/f74eaed83de0e8e6f39014b2785bb28a323f597aafd22d67da1043cc took 0.027 seconds
[2024-09-24T20:29:00.634+0000] {processor.py:161} INFO - Started process (PID=917) to work on /opt/airflow/dags/.cache/pip/http/f/7/4/e/a/f74eaed83de0e8e6f39014b2785bb28a323f597aafd22d67da1043cc
[2024-09-24T20:29:00.636+0000] {processor.py:830} INFO - Processing file /opt/airflow/dags/.cache/pip/http/f/7/4/e/a/f74eaed83de0e8e6f39014b2785bb28a323f597aafd22d67da1043cc for tasks to queue
[2024-09-24T20:29:00.638+0000] {logging_mixin.py:188} INFO - [2024-09-24T20:29:00.637+0000] {dagbag.py:545} INFO - Filling up the DagBag from /opt/airflow/dags/.cache/pip/http/f/7/4/e/a/f74eaed83de0e8e6f39014b2785bb28a323f597aafd22d67da1043cc
[2024-09-24T20:29:00.672+0000] {processor.py:842} WARNING - No viable dags retrieved from /opt/airflow/dags/.cache/pip/http/f/7/4/e/a/f74eaed83de0e8e6f39014b2785bb28a323f597aafd22d67da1043cc
[2024-09-24T20:29:00.686+0000] {processor.py:183} INFO - Processing /opt/airflow/dags/.cache/pip/http/f/7/4/e/a/f74eaed83de0e8e6f39014b2785bb28a323f597aafd22d67da1043cc took 0.057 seconds
[2024-09-24T20:29:32.002+0000] {processor.py:161} INFO - Started process (PID=1191) to work on /opt/airflow/dags/.cache/pip/http/f/7/4/e/a/f74eaed83de0e8e6f39014b2785bb28a323f597aafd22d67da1043cc
[2024-09-24T20:29:32.003+0000] {processor.py:830} INFO - Processing file /opt/airflow/dags/.cache/pip/http/f/7/4/e/a/f74eaed83de0e8e6f39014b2785bb28a323f597aafd22d67da1043cc for tasks to queue
[2024-09-24T20:29:32.004+0000] {logging_mixin.py:188} INFO - [2024-09-24T20:29:32.004+0000] {dagbag.py:545} INFO - Filling up the DagBag from /opt/airflow/dags/.cache/pip/http/f/7/4/e/a/f74eaed83de0e8e6f39014b2785bb28a323f597aafd22d67da1043cc
[2024-09-24T20:29:32.013+0000] {processor.py:842} WARNING - No viable dags retrieved from /opt/airflow/dags/.cache/pip/http/f/7/4/e/a/f74eaed83de0e8e6f39014b2785bb28a323f597aafd22d67da1043cc
[2024-09-24T20:29:32.025+0000] {processor.py:183} INFO - Processing /opt/airflow/dags/.cache/pip/http/f/7/4/e/a/f74eaed83de0e8e6f39014b2785bb28a323f597aafd22d67da1043cc took 0.027 seconds
[2024-09-24T20:30:03.172+0000] {processor.py:161} INFO - Started process (PID=1467) to work on /opt/airflow/dags/.cache/pip/http/f/7/4/e/a/f74eaed83de0e8e6f39014b2785bb28a323f597aafd22d67da1043cc
[2024-09-24T20:30:03.173+0000] {processor.py:830} INFO - Processing file /opt/airflow/dags/.cache/pip/http/f/7/4/e/a/f74eaed83de0e8e6f39014b2785bb28a323f597aafd22d67da1043cc for tasks to queue
[2024-09-24T20:30:03.174+0000] {logging_mixin.py:188} INFO - [2024-09-24T20:30:03.174+0000] {dagbag.py:545} INFO - Filling up the DagBag from /opt/airflow/dags/.cache/pip/http/f/7/4/e/a/f74eaed83de0e8e6f39014b2785bb28a323f597aafd22d67da1043cc
[2024-09-24T20:30:03.208+0000] {processor.py:842} WARNING - No viable dags retrieved from /opt/airflow/dags/.cache/pip/http/f/7/4/e/a/f74eaed83de0e8e6f39014b2785bb28a323f597aafd22d67da1043cc
[2024-09-24T20:30:03.221+0000] {processor.py:183} INFO - Processing /opt/airflow/dags/.cache/pip/http/f/7/4/e/a/f74eaed83de0e8e6f39014b2785bb28a323f597aafd22d67da1043cc took 0.053 seconds
[2024-09-24T20:30:36.370+0000] {processor.py:161} INFO - Started process (PID=1739) to work on /opt/airflow/dags/.cache/pip/http/f/7/4/e/a/f74eaed83de0e8e6f39014b2785bb28a323f597aafd22d67da1043cc
[2024-09-24T20:30:36.371+0000] {processor.py:830} INFO - Processing file /opt/airflow/dags/.cache/pip/http/f/7/4/e/a/f74eaed83de0e8e6f39014b2785bb28a323f597aafd22d67da1043cc for tasks to queue
[2024-09-24T20:30:36.373+0000] {logging_mixin.py:188} INFO - [2024-09-24T20:30:36.373+0000] {dagbag.py:545} INFO - Filling up the DagBag from /opt/airflow/dags/.cache/pip/http/f/7/4/e/a/f74eaed83de0e8e6f39014b2785bb28a323f597aafd22d67da1043cc
[2024-09-24T20:30:36.395+0000] {processor.py:842} WARNING - No viable dags retrieved from /opt/airflow/dags/.cache/pip/http/f/7/4/e/a/f74eaed83de0e8e6f39014b2785bb28a323f597aafd22d67da1043cc
[2024-09-24T20:30:36.407+0000] {processor.py:183} INFO - Processing /opt/airflow/dags/.cache/pip/http/f/7/4/e/a/f74eaed83de0e8e6f39014b2785bb28a323f597aafd22d67da1043cc took 0.041 seconds
[2024-09-24T20:31:08.541+0000] {processor.py:161} INFO - Started process (PID=2013) to work on /opt/airflow/dags/.cache/pip/http/f/7/4/e/a/f74eaed83de0e8e6f39014b2785bb28a323f597aafd22d67da1043cc
[2024-09-24T20:31:08.541+0000] {processor.py:830} INFO - Processing file /opt/airflow/dags/.cache/pip/http/f/7/4/e/a/f74eaed83de0e8e6f39014b2785bb28a323f597aafd22d67da1043cc for tasks to queue
[2024-09-24T20:31:08.543+0000] {logging_mixin.py:188} INFO - [2024-09-24T20:31:08.542+0000] {dagbag.py:545} INFO - Filling up the DagBag from /opt/airflow/dags/.cache/pip/http/f/7/4/e/a/f74eaed83de0e8e6f39014b2785bb28a323f597aafd22d67da1043cc
[2024-09-24T20:31:08.551+0000] {processor.py:842} WARNING - No viable dags retrieved from /opt/airflow/dags/.cache/pip/http/f/7/4/e/a/f74eaed83de0e8e6f39014b2785bb28a323f597aafd22d67da1043cc
[2024-09-24T20:31:08.562+0000] {processor.py:183} INFO - Processing /opt/airflow/dags/.cache/pip/http/f/7/4/e/a/f74eaed83de0e8e6f39014b2785bb28a323f597aafd22d67da1043cc took 0.025 seconds
[2024-09-24T20:31:40.543+0000] {processor.py:161} INFO - Started process (PID=2286) to work on /opt/airflow/dags/.cache/pip/http/f/7/4/e/a/f74eaed83de0e8e6f39014b2785bb28a323f597aafd22d67da1043cc
[2024-09-24T20:31:40.545+0000] {processor.py:830} INFO - Processing file /opt/airflow/dags/.cache/pip/http/f/7/4/e/a/f74eaed83de0e8e6f39014b2785bb28a323f597aafd22d67da1043cc for tasks to queue
[2024-09-24T20:31:40.547+0000] {logging_mixin.py:188} INFO - [2024-09-24T20:31:40.547+0000] {dagbag.py:545} INFO - Filling up the DagBag from /opt/airflow/dags/.cache/pip/http/f/7/4/e/a/f74eaed83de0e8e6f39014b2785bb28a323f597aafd22d67da1043cc
[2024-09-24T20:31:40.579+0000] {processor.py:842} WARNING - No viable dags retrieved from /opt/airflow/dags/.cache/pip/http/f/7/4/e/a/f74eaed83de0e8e6f39014b2785bb28a323f597aafd22d67da1043cc
[2024-09-24T20:31:40.593+0000] {processor.py:183} INFO - Processing /opt/airflow/dags/.cache/pip/http/f/7/4/e/a/f74eaed83de0e8e6f39014b2785bb28a323f597aafd22d67da1043cc took 0.057 seconds
[2024-09-24T20:32:25.959+0000] {processor.py:161} INFO - Started process (PID=2566) to work on /opt/airflow/dags/.cache/pip/http/f/7/4/e/a/f74eaed83de0e8e6f39014b2785bb28a323f597aafd22d67da1043cc
[2024-09-24T20:32:25.960+0000] {processor.py:830} INFO - Processing file /opt/airflow/dags/.cache/pip/http/f/7/4/e/a/f74eaed83de0e8e6f39014b2785bb28a323f597aafd22d67da1043cc for tasks to queue
[2024-09-24T20:32:25.961+0000] {logging_mixin.py:188} INFO - [2024-09-24T20:32:25.961+0000] {dagbag.py:545} INFO - Filling up the DagBag from /opt/airflow/dags/.cache/pip/http/f/7/4/e/a/f74eaed83de0e8e6f39014b2785bb28a323f597aafd22d67da1043cc
[2024-09-24T20:32:25.986+0000] {processor.py:842} WARNING - No viable dags retrieved from /opt/airflow/dags/.cache/pip/http/f/7/4/e/a/f74eaed83de0e8e6f39014b2785bb28a323f597aafd22d67da1043cc
[2024-09-24T20:32:25.996+0000] {processor.py:183} INFO - Processing /opt/airflow/dags/.cache/pip/http/f/7/4/e/a/f74eaed83de0e8e6f39014b2785bb28a323f597aafd22d67da1043cc took 0.041 seconds
