[2024-09-22T17:17:54.640+0000] {local_task_job_runner.py:120} INFO - ::group::Pre task execution logs
[2024-09-22T17:17:54.662+0000] {taskinstance.py:2076} INFO - Dependencies all met for dep_context=non-requeueable deps ti=<TaskInstance: train_dag.train_model manual__2024-09-22T17:17:42.860616+00:00 [queued]>
[2024-09-22T17:17:54.672+0000] {taskinstance.py:2076} INFO - Dependencies all met for dep_context=requeueable deps ti=<TaskInstance: train_dag.train_model manual__2024-09-22T17:17:42.860616+00:00 [queued]>
[2024-09-22T17:17:54.674+0000] {taskinstance.py:2306} INFO - Starting attempt 1 of 1
[2024-09-22T17:17:54.688+0000] {taskinstance.py:2330} INFO - Executing <Task(PythonOperator): train_model> on 2024-09-22 17:17:42.860616+00:00
[2024-09-22T17:17:54.700+0000] {standard_task_runner.py:64} INFO - Started process 7421 to run task
[2024-09-22T17:17:54.703+0000] {standard_task_runner.py:90} INFO - Running: ['***', 'tasks', 'run', 'train_dag', 'train_model', 'manual__2024-09-22T17:17:42.860616+00:00', '--job-id', '174', '--raw', '--subdir', 'DAGS_FOLDER/***/dags/.ipynb_checkpoints/train_dag-checkpoint.py', '--cfg-path', '/tmp/tmp1ew7z4ct']
[2024-09-22T17:17:54.706+0000] {standard_task_runner.py:91} INFO - Job 174: Subtask train_model
[2024-09-22T17:17:54.759+0000] {task_command.py:426} INFO - Running <TaskInstance: train_dag.train_model manual__2024-09-22T17:17:42.860616+00:00 [running]> on host 7264ce263e34
[2024-09-22T17:17:54.848+0000] {taskinstance.py:2648} INFO - Exporting env vars: AIRFLOW_CTX_DAG_EMAIL='alexvlg34@gmail.com' AIRFLOW_CTX_DAG_OWNER='Alex Trigolos' AIRFLOW_CTX_DAG_ID='train_dag' AIRFLOW_CTX_TASK_ID='train_model' AIRFLOW_CTX_EXECUTION_DATE='2024-09-22T17:17:42.860616+00:00' AIRFLOW_CTX_TRY_NUMBER='1' AIRFLOW_CTX_DAG_RUN_ID='manual__2024-09-22T17:17:42.860616+00:00'
[2024-09-22T17:17:54.850+0000] {taskinstance.py:430} INFO - ::endgroup::
[2024-09-22T17:17:54.958+0000] {logging_mixin.py:188} INFO - Fitting 5 folds for each of 2 candidates, totalling 10 fits
[2024-09-22T17:17:55.113+0000] {logging_mixin.py:188} INFO - [CV] END ......................max_depth=1, n_estimators=100; total time=   0.2s
[2024-09-22T17:17:55.281+0000] {logging_mixin.py:188} INFO - [CV] END ......................max_depth=1, n_estimators=100; total time=   0.2s
[2024-09-22T17:17:55.418+0000] {logging_mixin.py:188} INFO - [CV] END ......................max_depth=1, n_estimators=100; total time=   0.1s
[2024-09-22T17:17:55.592+0000] {logging_mixin.py:188} INFO - [CV] END ......................max_depth=1, n_estimators=100; total time=   0.2s
[2024-09-22T17:17:55.736+0000] {logging_mixin.py:188} INFO - [CV] END ......................max_depth=1, n_estimators=100; total time=   0.1s
[2024-09-22T17:17:55.953+0000] {logging_mixin.py:188} INFO - [CV] END ......................max_depth=1, n_estimators=150; total time=   0.2s
[2024-09-22T17:17:56.180+0000] {logging_mixin.py:188} INFO - [CV] END ......................max_depth=1, n_estimators=150; total time=   0.2s
[2024-09-22T17:17:56.397+0000] {logging_mixin.py:188} INFO - [CV] END ......................max_depth=1, n_estimators=150; total time=   0.2s
[2024-09-22T17:17:56.635+0000] {logging_mixin.py:188} INFO - [CV] END ......................max_depth=1, n_estimators=150; total time=   0.2s
[2024-09-22T17:17:56.849+0000] {logging_mixin.py:188} INFO - [CV] END ......................max_depth=1, n_estimators=150; total time=   0.2s
[2024-09-22T17:17:57.168+0000] {python.py:237} INFO - Done. Returned value was: None
[2024-09-22T17:17:57.169+0000] {taskinstance.py:441} INFO - ::group::Post task execution logs
[2024-09-22T17:17:57.178+0000] {taskinstance.py:1206} INFO - Marking task as SUCCESS. dag_id=train_dag, task_id=train_model, run_id=manual__2024-09-22T17:17:42.860616+00:00, execution_date=20240922T171742, start_date=20240922T171754, end_date=20240922T171757
[2024-09-22T17:17:57.246+0000] {local_task_job_runner.py:243} INFO - Task exited with return code 0
[2024-09-22T17:17:57.275+0000] {taskinstance.py:3503} INFO - 1 downstream tasks scheduled from follow-on schedule check
[2024-09-22T17:17:57.279+0000] {local_task_job_runner.py:222} INFO - ::endgroup::
