[2024-10-03T08:42:02.762+0000] {processor.py:161} INFO - Started process (PID=375) to work on /opt/airflow/dags/.cache/pip/http/b/9/8/6/f/b986fbc0ffe9969f627aedc89f329be13ca674c0ead5bde7ae172c3d
[2024-10-03T08:42:02.763+0000] {processor.py:830} INFO - Processing file /opt/airflow/dags/.cache/pip/http/b/9/8/6/f/b986fbc0ffe9969f627aedc89f329be13ca674c0ead5bde7ae172c3d for tasks to queue
[2024-10-03T08:42:02.765+0000] {logging_mixin.py:188} INFO - [2024-10-03T08:42:02.765+0000] {dagbag.py:545} INFO - Filling up the DagBag from /opt/airflow/dags/.cache/pip/http/b/9/8/6/f/b986fbc0ffe9969f627aedc89f329be13ca674c0ead5bde7ae172c3d
[2024-10-03T08:42:02.781+0000] {processor.py:842} WARNING - No viable dags retrieved from /opt/airflow/dags/.cache/pip/http/b/9/8/6/f/b986fbc0ffe9969f627aedc89f329be13ca674c0ead5bde7ae172c3d
[2024-10-03T08:42:02.791+0000] {processor.py:183} INFO - Processing /opt/airflow/dags/.cache/pip/http/b/9/8/6/f/b986fbc0ffe9969f627aedc89f329be13ca674c0ead5bde7ae172c3d took 0.033 seconds
[2024-10-03T08:42:36.339+0000] {processor.py:161} INFO - Started process (PID=615) to work on /opt/airflow/dags/.cache/pip/http/b/9/8/6/f/b986fbc0ffe9969f627aedc89f329be13ca674c0ead5bde7ae172c3d
[2024-10-03T08:42:36.342+0000] {processor.py:830} INFO - Processing file /opt/airflow/dags/.cache/pip/http/b/9/8/6/f/b986fbc0ffe9969f627aedc89f329be13ca674c0ead5bde7ae172c3d for tasks to queue
[2024-10-03T08:42:36.345+0000] {logging_mixin.py:188} INFO - [2024-10-03T08:42:36.344+0000] {dagbag.py:545} INFO - Filling up the DagBag from /opt/airflow/dags/.cache/pip/http/b/9/8/6/f/b986fbc0ffe9969f627aedc89f329be13ca674c0ead5bde7ae172c3d
[2024-10-03T08:42:36.443+0000] {processor.py:842} WARNING - No viable dags retrieved from /opt/airflow/dags/.cache/pip/http/b/9/8/6/f/b986fbc0ffe9969f627aedc89f329be13ca674c0ead5bde7ae172c3d
[2024-10-03T08:42:36.461+0000] {processor.py:183} INFO - Processing /opt/airflow/dags/.cache/pip/http/b/9/8/6/f/b986fbc0ffe9969f627aedc89f329be13ca674c0ead5bde7ae172c3d took 0.131 seconds
[2024-10-03T08:43:09.934+0000] {processor.py:161} INFO - Started process (PID=859) to work on /opt/airflow/dags/.cache/pip/http/b/9/8/6/f/b986fbc0ffe9969f627aedc89f329be13ca674c0ead5bde7ae172c3d
[2024-10-03T08:43:09.936+0000] {processor.py:830} INFO - Processing file /opt/airflow/dags/.cache/pip/http/b/9/8/6/f/b986fbc0ffe9969f627aedc89f329be13ca674c0ead5bde7ae172c3d for tasks to queue
[2024-10-03T08:43:09.938+0000] {logging_mixin.py:188} INFO - [2024-10-03T08:43:09.938+0000] {dagbag.py:545} INFO - Filling up the DagBag from /opt/airflow/dags/.cache/pip/http/b/9/8/6/f/b986fbc0ffe9969f627aedc89f329be13ca674c0ead5bde7ae172c3d
[2024-10-03T08:43:09.986+0000] {processor.py:842} WARNING - No viable dags retrieved from /opt/airflow/dags/.cache/pip/http/b/9/8/6/f/b986fbc0ffe9969f627aedc89f329be13ca674c0ead5bde7ae172c3d
[2024-10-03T08:43:10.014+0000] {processor.py:183} INFO - Processing /opt/airflow/dags/.cache/pip/http/b/9/8/6/f/b986fbc0ffe9969f627aedc89f329be13ca674c0ead5bde7ae172c3d took 0.093 seconds
[2024-10-03T08:43:42.686+0000] {processor.py:161} INFO - Started process (PID=1100) to work on /opt/airflow/dags/.cache/pip/http/b/9/8/6/f/b986fbc0ffe9969f627aedc89f329be13ca674c0ead5bde7ae172c3d
[2024-10-03T08:43:42.687+0000] {processor.py:830} INFO - Processing file /opt/airflow/dags/.cache/pip/http/b/9/8/6/f/b986fbc0ffe9969f627aedc89f329be13ca674c0ead5bde7ae172c3d for tasks to queue
[2024-10-03T08:43:42.689+0000] {logging_mixin.py:188} INFO - [2024-10-03T08:43:42.689+0000] {dagbag.py:545} INFO - Filling up the DagBag from /opt/airflow/dags/.cache/pip/http/b/9/8/6/f/b986fbc0ffe9969f627aedc89f329be13ca674c0ead5bde7ae172c3d
[2024-10-03T08:43:42.744+0000] {processor.py:842} WARNING - No viable dags retrieved from /opt/airflow/dags/.cache/pip/http/b/9/8/6/f/b986fbc0ffe9969f627aedc89f329be13ca674c0ead5bde7ae172c3d
[2024-10-03T08:43:42.755+0000] {processor.py:183} INFO - Processing /opt/airflow/dags/.cache/pip/http/b/9/8/6/f/b986fbc0ffe9969f627aedc89f329be13ca674c0ead5bde7ae172c3d took 0.074 seconds
[2024-10-03T08:44:15.819+0000] {processor.py:161} INFO - Started process (PID=1344) to work on /opt/airflow/dags/.cache/pip/http/b/9/8/6/f/b986fbc0ffe9969f627aedc89f329be13ca674c0ead5bde7ae172c3d
[2024-10-03T08:44:15.824+0000] {processor.py:830} INFO - Processing file /opt/airflow/dags/.cache/pip/http/b/9/8/6/f/b986fbc0ffe9969f627aedc89f329be13ca674c0ead5bde7ae172c3d for tasks to queue
[2024-10-03T08:44:15.826+0000] {logging_mixin.py:188} INFO - [2024-10-03T08:44:15.826+0000] {dagbag.py:545} INFO - Filling up the DagBag from /opt/airflow/dags/.cache/pip/http/b/9/8/6/f/b986fbc0ffe9969f627aedc89f329be13ca674c0ead5bde7ae172c3d
[2024-10-03T08:44:15.865+0000] {processor.py:842} WARNING - No viable dags retrieved from /opt/airflow/dags/.cache/pip/http/b/9/8/6/f/b986fbc0ffe9969f627aedc89f329be13ca674c0ead5bde7ae172c3d
[2024-10-03T08:44:15.878+0000] {processor.py:183} INFO - Processing /opt/airflow/dags/.cache/pip/http/b/9/8/6/f/b986fbc0ffe9969f627aedc89f329be13ca674c0ead5bde7ae172c3d took 0.065 seconds
[2024-10-03T08:44:47.455+0000] {processor.py:161} INFO - Started process (PID=1592) to work on /opt/airflow/dags/.cache/pip/http/b/9/8/6/f/b986fbc0ffe9969f627aedc89f329be13ca674c0ead5bde7ae172c3d
[2024-10-03T08:44:47.465+0000] {processor.py:830} INFO - Processing file /opt/airflow/dags/.cache/pip/http/b/9/8/6/f/b986fbc0ffe9969f627aedc89f329be13ca674c0ead5bde7ae172c3d for tasks to queue
[2024-10-03T08:44:47.468+0000] {logging_mixin.py:188} INFO - [2024-10-03T08:44:47.467+0000] {dagbag.py:545} INFO - Filling up the DagBag from /opt/airflow/dags/.cache/pip/http/b/9/8/6/f/b986fbc0ffe9969f627aedc89f329be13ca674c0ead5bde7ae172c3d
[2024-10-03T08:44:47.529+0000] {processor.py:842} WARNING - No viable dags retrieved from /opt/airflow/dags/.cache/pip/http/b/9/8/6/f/b986fbc0ffe9969f627aedc89f329be13ca674c0ead5bde7ae172c3d
[2024-10-03T08:44:47.551+0000] {processor.py:183} INFO - Processing /opt/airflow/dags/.cache/pip/http/b/9/8/6/f/b986fbc0ffe9969f627aedc89f329be13ca674c0ead5bde7ae172c3d took 0.105 seconds
[2024-10-03T08:45:20.947+0000] {processor.py:161} INFO - Started process (PID=1832) to work on /opt/airflow/dags/.cache/pip/http/b/9/8/6/f/b986fbc0ffe9969f627aedc89f329be13ca674c0ead5bde7ae172c3d
[2024-10-03T08:45:20.948+0000] {processor.py:830} INFO - Processing file /opt/airflow/dags/.cache/pip/http/b/9/8/6/f/b986fbc0ffe9969f627aedc89f329be13ca674c0ead5bde7ae172c3d for tasks to queue
[2024-10-03T08:45:20.951+0000] {logging_mixin.py:188} INFO - [2024-10-03T08:45:20.951+0000] {dagbag.py:545} INFO - Filling up the DagBag from /opt/airflow/dags/.cache/pip/http/b/9/8/6/f/b986fbc0ffe9969f627aedc89f329be13ca674c0ead5bde7ae172c3d
[2024-10-03T08:45:20.996+0000] {processor.py:842} WARNING - No viable dags retrieved from /opt/airflow/dags/.cache/pip/http/b/9/8/6/f/b986fbc0ffe9969f627aedc89f329be13ca674c0ead5bde7ae172c3d
[2024-10-03T08:45:21.019+0000] {processor.py:183} INFO - Processing /opt/airflow/dags/.cache/pip/http/b/9/8/6/f/b986fbc0ffe9969f627aedc89f329be13ca674c0ead5bde7ae172c3d took 0.083 seconds
[2024-10-03T08:45:51.673+0000] {processor.py:161} INFO - Started process (PID=2048) to work on /opt/airflow/dags/.cache/pip/http/b/9/8/6/f/b986fbc0ffe9969f627aedc89f329be13ca674c0ead5bde7ae172c3d
[2024-10-03T08:45:51.675+0000] {processor.py:830} INFO - Processing file /opt/airflow/dags/.cache/pip/http/b/9/8/6/f/b986fbc0ffe9969f627aedc89f329be13ca674c0ead5bde7ae172c3d for tasks to queue
[2024-10-03T08:45:51.678+0000] {logging_mixin.py:188} INFO - [2024-10-03T08:45:51.677+0000] {dagbag.py:545} INFO - Filling up the DagBag from /opt/airflow/dags/.cache/pip/http/b/9/8/6/f/b986fbc0ffe9969f627aedc89f329be13ca674c0ead5bde7ae172c3d
[2024-10-03T08:45:51.719+0000] {processor.py:842} WARNING - No viable dags retrieved from /opt/airflow/dags/.cache/pip/http/b/9/8/6/f/b986fbc0ffe9969f627aedc89f329be13ca674c0ead5bde7ae172c3d
[2024-10-03T08:45:51.740+0000] {processor.py:183} INFO - Processing /opt/airflow/dags/.cache/pip/http/b/9/8/6/f/b986fbc0ffe9969f627aedc89f329be13ca674c0ead5bde7ae172c3d took 0.078 seconds
[2024-10-03T08:46:23.371+0000] {processor.py:161} INFO - Started process (PID=2288) to work on /opt/airflow/dags/.cache/pip/http/b/9/8/6/f/b986fbc0ffe9969f627aedc89f329be13ca674c0ead5bde7ae172c3d
[2024-10-03T08:46:23.373+0000] {processor.py:830} INFO - Processing file /opt/airflow/dags/.cache/pip/http/b/9/8/6/f/b986fbc0ffe9969f627aedc89f329be13ca674c0ead5bde7ae172c3d for tasks to queue
[2024-10-03T08:46:23.375+0000] {logging_mixin.py:188} INFO - [2024-10-03T08:46:23.375+0000] {dagbag.py:545} INFO - Filling up the DagBag from /opt/airflow/dags/.cache/pip/http/b/9/8/6/f/b986fbc0ffe9969f627aedc89f329be13ca674c0ead5bde7ae172c3d
[2024-10-03T08:46:23.404+0000] {processor.py:842} WARNING - No viable dags retrieved from /opt/airflow/dags/.cache/pip/http/b/9/8/6/f/b986fbc0ffe9969f627aedc89f329be13ca674c0ead5bde7ae172c3d
[2024-10-03T08:46:23.427+0000] {processor.py:183} INFO - Processing /opt/airflow/dags/.cache/pip/http/b/9/8/6/f/b986fbc0ffe9969f627aedc89f329be13ca674c0ead5bde7ae172c3d took 0.065 seconds
[2024-10-03T08:47:13.586+0000] {processor.py:161} INFO - Started process (PID=2557) to work on /opt/airflow/dags/.cache/pip/http/b/9/8/6/f/b986fbc0ffe9969f627aedc89f329be13ca674c0ead5bde7ae172c3d
[2024-10-03T08:47:13.587+0000] {processor.py:830} INFO - Processing file /opt/airflow/dags/.cache/pip/http/b/9/8/6/f/b986fbc0ffe9969f627aedc89f329be13ca674c0ead5bde7ae172c3d for tasks to queue
[2024-10-03T08:47:13.590+0000] {logging_mixin.py:188} INFO - [2024-10-03T08:47:13.589+0000] {dagbag.py:545} INFO - Filling up the DagBag from /opt/airflow/dags/.cache/pip/http/b/9/8/6/f/b986fbc0ffe9969f627aedc89f329be13ca674c0ead5bde7ae172c3d
[2024-10-03T08:47:13.657+0000] {processor.py:842} WARNING - No viable dags retrieved from /opt/airflow/dags/.cache/pip/http/b/9/8/6/f/b986fbc0ffe9969f627aedc89f329be13ca674c0ead5bde7ae172c3d
[2024-10-03T08:47:13.680+0000] {processor.py:183} INFO - Processing /opt/airflow/dags/.cache/pip/http/b/9/8/6/f/b986fbc0ffe9969f627aedc89f329be13ca674c0ead5bde7ae172c3d took 0.104 seconds
[2024-10-03T08:47:47.811+0000] {processor.py:161} INFO - Started process (PID=2805) to work on /opt/airflow/dags/.cache/pip/http/b/9/8/6/f/b986fbc0ffe9969f627aedc89f329be13ca674c0ead5bde7ae172c3d
[2024-10-03T08:47:47.818+0000] {processor.py:830} INFO - Processing file /opt/airflow/dags/.cache/pip/http/b/9/8/6/f/b986fbc0ffe9969f627aedc89f329be13ca674c0ead5bde7ae172c3d for tasks to queue
[2024-10-03T08:47:47.821+0000] {logging_mixin.py:188} INFO - [2024-10-03T08:47:47.821+0000] {dagbag.py:545} INFO - Filling up the DagBag from /opt/airflow/dags/.cache/pip/http/b/9/8/6/f/b986fbc0ffe9969f627aedc89f329be13ca674c0ead5bde7ae172c3d
[2024-10-03T08:47:47.904+0000] {processor.py:842} WARNING - No viable dags retrieved from /opt/airflow/dags/.cache/pip/http/b/9/8/6/f/b986fbc0ffe9969f627aedc89f329be13ca674c0ead5bde7ae172c3d
[2024-10-03T08:47:47.925+0000] {processor.py:183} INFO - Processing /opt/airflow/dags/.cache/pip/http/b/9/8/6/f/b986fbc0ffe9969f627aedc89f329be13ca674c0ead5bde7ae172c3d took 0.125 seconds
[2024-10-03T08:48:21.649+0000] {processor.py:161} INFO - Started process (PID=3047) to work on /opt/airflow/dags/.cache/pip/http/b/9/8/6/f/b986fbc0ffe9969f627aedc89f329be13ca674c0ead5bde7ae172c3d
[2024-10-03T08:48:21.651+0000] {processor.py:830} INFO - Processing file /opt/airflow/dags/.cache/pip/http/b/9/8/6/f/b986fbc0ffe9969f627aedc89f329be13ca674c0ead5bde7ae172c3d for tasks to queue
[2024-10-03T08:48:21.654+0000] {logging_mixin.py:188} INFO - [2024-10-03T08:48:21.654+0000] {dagbag.py:545} INFO - Filling up the DagBag from /opt/airflow/dags/.cache/pip/http/b/9/8/6/f/b986fbc0ffe9969f627aedc89f329be13ca674c0ead5bde7ae172c3d
[2024-10-03T08:48:21.726+0000] {processor.py:842} WARNING - No viable dags retrieved from /opt/airflow/dags/.cache/pip/http/b/9/8/6/f/b986fbc0ffe9969f627aedc89f329be13ca674c0ead5bde7ae172c3d
[2024-10-03T08:48:21.750+0000] {processor.py:183} INFO - Processing /opt/airflow/dags/.cache/pip/http/b/9/8/6/f/b986fbc0ffe9969f627aedc89f329be13ca674c0ead5bde7ae172c3d took 0.113 seconds
[2024-10-03T08:48:52.053+0000] {processor.py:161} INFO - Started process (PID=3289) to work on /opt/airflow/dags/.cache/pip/http/b/9/8/6/f/b986fbc0ffe9969f627aedc89f329be13ca674c0ead5bde7ae172c3d
[2024-10-03T08:48:52.054+0000] {processor.py:830} INFO - Processing file /opt/airflow/dags/.cache/pip/http/b/9/8/6/f/b986fbc0ffe9969f627aedc89f329be13ca674c0ead5bde7ae172c3d for tasks to queue
[2024-10-03T08:48:52.056+0000] {logging_mixin.py:188} INFO - [2024-10-03T08:48:52.055+0000] {dagbag.py:545} INFO - Filling up the DagBag from /opt/airflow/dags/.cache/pip/http/b/9/8/6/f/b986fbc0ffe9969f627aedc89f329be13ca674c0ead5bde7ae172c3d
[2024-10-03T08:48:52.107+0000] {processor.py:842} WARNING - No viable dags retrieved from /opt/airflow/dags/.cache/pip/http/b/9/8/6/f/b986fbc0ffe9969f627aedc89f329be13ca674c0ead5bde7ae172c3d
[2024-10-03T08:48:52.122+0000] {processor.py:183} INFO - Processing /opt/airflow/dags/.cache/pip/http/b/9/8/6/f/b986fbc0ffe9969f627aedc89f329be13ca674c0ead5bde7ae172c3d took 0.073 seconds
[2024-10-03T08:49:23.792+0000] {processor.py:161} INFO - Started process (PID=3531) to work on /opt/airflow/dags/.cache/pip/http/b/9/8/6/f/b986fbc0ffe9969f627aedc89f329be13ca674c0ead5bde7ae172c3d
[2024-10-03T08:49:23.794+0000] {processor.py:830} INFO - Processing file /opt/airflow/dags/.cache/pip/http/b/9/8/6/f/b986fbc0ffe9969f627aedc89f329be13ca674c0ead5bde7ae172c3d for tasks to queue
[2024-10-03T08:49:23.795+0000] {logging_mixin.py:188} INFO - [2024-10-03T08:49:23.795+0000] {dagbag.py:545} INFO - Filling up the DagBag from /opt/airflow/dags/.cache/pip/http/b/9/8/6/f/b986fbc0ffe9969f627aedc89f329be13ca674c0ead5bde7ae172c3d
[2024-10-03T08:49:23.844+0000] {processor.py:842} WARNING - No viable dags retrieved from /opt/airflow/dags/.cache/pip/http/b/9/8/6/f/b986fbc0ffe9969f627aedc89f329be13ca674c0ead5bde7ae172c3d
[2024-10-03T08:49:23.859+0000] {processor.py:183} INFO - Processing /opt/airflow/dags/.cache/pip/http/b/9/8/6/f/b986fbc0ffe9969f627aedc89f329be13ca674c0ead5bde7ae172c3d took 0.073 seconds
[2024-10-03T08:49:57.153+0000] {processor.py:161} INFO - Started process (PID=3774) to work on /opt/airflow/dags/.cache/pip/http/b/9/8/6/f/b986fbc0ffe9969f627aedc89f329be13ca674c0ead5bde7ae172c3d
[2024-10-03T08:49:57.154+0000] {processor.py:830} INFO - Processing file /opt/airflow/dags/.cache/pip/http/b/9/8/6/f/b986fbc0ffe9969f627aedc89f329be13ca674c0ead5bde7ae172c3d for tasks to queue
[2024-10-03T08:49:57.156+0000] {logging_mixin.py:188} INFO - [2024-10-03T08:49:57.155+0000] {dagbag.py:545} INFO - Filling up the DagBag from /opt/airflow/dags/.cache/pip/http/b/9/8/6/f/b986fbc0ffe9969f627aedc89f329be13ca674c0ead5bde7ae172c3d
[2024-10-03T08:49:57.207+0000] {processor.py:842} WARNING - No viable dags retrieved from /opt/airflow/dags/.cache/pip/http/b/9/8/6/f/b986fbc0ffe9969f627aedc89f329be13ca674c0ead5bde7ae172c3d
[2024-10-03T08:49:57.224+0000] {processor.py:183} INFO - Processing /opt/airflow/dags/.cache/pip/http/b/9/8/6/f/b986fbc0ffe9969f627aedc89f329be13ca674c0ead5bde7ae172c3d took 0.075 seconds
[2024-10-03T08:50:29.185+0000] {processor.py:161} INFO - Started process (PID=4018) to work on /opt/airflow/dags/.cache/pip/http/b/9/8/6/f/b986fbc0ffe9969f627aedc89f329be13ca674c0ead5bde7ae172c3d
[2024-10-03T08:50:29.188+0000] {processor.py:830} INFO - Processing file /opt/airflow/dags/.cache/pip/http/b/9/8/6/f/b986fbc0ffe9969f627aedc89f329be13ca674c0ead5bde7ae172c3d for tasks to queue
[2024-10-03T08:50:29.190+0000] {logging_mixin.py:188} INFO - [2024-10-03T08:50:29.189+0000] {dagbag.py:545} INFO - Filling up the DagBag from /opt/airflow/dags/.cache/pip/http/b/9/8/6/f/b986fbc0ffe9969f627aedc89f329be13ca674c0ead5bde7ae172c3d
[2024-10-03T08:50:29.223+0000] {processor.py:842} WARNING - No viable dags retrieved from /opt/airflow/dags/.cache/pip/http/b/9/8/6/f/b986fbc0ffe9969f627aedc89f329be13ca674c0ead5bde7ae172c3d
[2024-10-03T08:50:29.235+0000] {processor.py:183} INFO - Processing /opt/airflow/dags/.cache/pip/http/b/9/8/6/f/b986fbc0ffe9969f627aedc89f329be13ca674c0ead5bde7ae172c3d took 0.056 seconds
[2024-10-03T08:56:31.321+0000] {processor.py:161} INFO - Started process (PID=4396) to work on /opt/airflow/dags/.cache/pip/http/b/9/8/6/f/b986fbc0ffe9969f627aedc89f329be13ca674c0ead5bde7ae172c3d
[2024-10-03T08:56:31.322+0000] {processor.py:830} INFO - Processing file /opt/airflow/dags/.cache/pip/http/b/9/8/6/f/b986fbc0ffe9969f627aedc89f329be13ca674c0ead5bde7ae172c3d for tasks to queue
[2024-10-03T08:56:31.323+0000] {logging_mixin.py:188} INFO - [2024-10-03T08:56:31.323+0000] {dagbag.py:545} INFO - Filling up the DagBag from /opt/airflow/dags/.cache/pip/http/b/9/8/6/f/b986fbc0ffe9969f627aedc89f329be13ca674c0ead5bde7ae172c3d
[2024-10-03T08:56:31.340+0000] {processor.py:842} WARNING - No viable dags retrieved from /opt/airflow/dags/.cache/pip/http/b/9/8/6/f/b986fbc0ffe9969f627aedc89f329be13ca674c0ead5bde7ae172c3d
[2024-10-03T08:56:31.353+0000] {processor.py:183} INFO - Processing /opt/airflow/dags/.cache/pip/http/b/9/8/6/f/b986fbc0ffe9969f627aedc89f329be13ca674c0ead5bde7ae172c3d took 0.036 seconds
[2024-10-03T08:57:03.287+0000] {processor.py:161} INFO - Started process (PID=4648) to work on /opt/airflow/dags/.cache/pip/http/b/9/8/6/f/b986fbc0ffe9969f627aedc89f329be13ca674c0ead5bde7ae172c3d
[2024-10-03T08:57:03.288+0000] {processor.py:830} INFO - Processing file /opt/airflow/dags/.cache/pip/http/b/9/8/6/f/b986fbc0ffe9969f627aedc89f329be13ca674c0ead5bde7ae172c3d for tasks to queue
[2024-10-03T08:57:03.290+0000] {logging_mixin.py:188} INFO - [2024-10-03T08:57:03.289+0000] {dagbag.py:545} INFO - Filling up the DagBag from /opt/airflow/dags/.cache/pip/http/b/9/8/6/f/b986fbc0ffe9969f627aedc89f329be13ca674c0ead5bde7ae172c3d
[2024-10-03T08:57:03.310+0000] {processor.py:842} WARNING - No viable dags retrieved from /opt/airflow/dags/.cache/pip/http/b/9/8/6/f/b986fbc0ffe9969f627aedc89f329be13ca674c0ead5bde7ae172c3d
[2024-10-03T08:57:03.322+0000] {processor.py:183} INFO - Processing /opt/airflow/dags/.cache/pip/http/b/9/8/6/f/b986fbc0ffe9969f627aedc89f329be13ca674c0ead5bde7ae172c3d took 0.043 seconds
