[2024-09-24T15:48:11.063+0000] {local_task_job_runner.py:120} INFO - ::group::Pre task execution logs
[2024-09-24T15:48:11.075+0000] {taskinstance.py:2076} INFO - Dependencies all met for dep_context=non-requeueable deps ti=<TaskInstance: train_dag.save_metrics_to_s3 scheduled__2024-09-23T01:00:00+00:00 [queued]>
[2024-09-24T15:48:11.083+0000] {taskinstance.py:2076} INFO - Dependencies all met for dep_context=requeueable deps ti=<TaskInstance: train_dag.save_metrics_to_s3 scheduled__2024-09-23T01:00:00+00:00 [queued]>
[2024-09-24T15:48:11.084+0000] {taskinstance.py:2306} INFO - Starting attempt 1 of 1
[2024-09-24T15:48:11.095+0000] {taskinstance.py:2330} INFO - Executing <Task(PythonOperator): save_metrics_to_s3> on 2024-09-23 01:00:00+00:00
[2024-09-24T15:48:11.103+0000] {standard_task_runner.py:64} INFO - Started process 1841 to run task
[2024-09-24T15:48:11.105+0000] {standard_task_runner.py:90} INFO - Running: ['***', 'tasks', 'run', 'train_dag', 'save_metrics_to_s3', 'scheduled__2024-09-23T01:00:00+00:00', '--job-id', '321', '--raw', '--subdir', 'DAGS_FOLDER/***/dags/train_dag.py', '--cfg-path', '/tmp/tmp7zi0d7vl']
[2024-09-24T15:48:11.107+0000] {standard_task_runner.py:91} INFO - Job 321: Subtask save_metrics_to_s3
[2024-09-24T15:48:11.151+0000] {task_command.py:426} INFO - Running <TaskInstance: train_dag.save_metrics_to_s3 scheduled__2024-09-23T01:00:00+00:00 [running]> on host 82997fc6deb7
[2024-09-24T15:48:11.220+0000] {taskinstance.py:2648} INFO - Exporting env vars: AIRFLOW_CTX_DAG_EMAIL='alexvlg34@gmail.com' AIRFLOW_CTX_DAG_OWNER='Alex Trigolos' AIRFLOW_CTX_DAG_ID='train_dag' AIRFLOW_CTX_TASK_ID='save_metrics_to_s3' AIRFLOW_CTX_EXECUTION_DATE='2024-09-23T01:00:00+00:00' AIRFLOW_CTX_TRY_NUMBER='1' AIRFLOW_CTX_DAG_RUN_ID='scheduled__2024-09-23T01:00:00+00:00'
[2024-09-24T15:48:11.221+0000] {taskinstance.py:430} INFO - ::endgroup::
[2024-09-24T15:48:11.231+0000] {train_dag.py:154} INFO - Save metrics...
[2024-09-24T15:48:11.240+0000] {base.py:84} INFO - Using connection ID 's3_connection' for task execution.
[2024-09-24T15:48:11.244+0000] {connection_wrapper.py:388} INFO - AWS Connection (conn_id='s3_connection', conn_type='aws') credentials retrieved from login and password.
[2024-09-24T15:48:11.952+0000] {train_dag.py:184} INFO - DONE!!!
[2024-09-24T15:48:11.954+0000] {python.py:237} INFO - Done. Returned value was: None
[2024-09-24T15:48:11.954+0000] {taskinstance.py:441} INFO - ::group::Post task execution logs
[2024-09-24T15:48:11.962+0000] {taskinstance.py:1206} INFO - Marking task as SUCCESS. dag_id=train_dag, task_id=save_metrics_to_s3, run_id=scheduled__2024-09-23T01:00:00+00:00, execution_date=20240923T010000, start_date=20240924T154811, end_date=20240924T154811
[2024-09-24T15:48:12.003+0000] {local_task_job_runner.py:243} INFO - Task exited with return code 0
[2024-09-24T15:48:12.011+0000] {local_task_job_runner.py:222} INFO - ::endgroup::
