[2024-10-03T08:42:02.098+0000] {processor.py:161} INFO - Started process (PID=335) to work on /opt/airflow/dags/.cache/pip/http/f/8/5/6/c/f856c669517a77cd312113d657270f27bf8926f5dc35d787ed445957
[2024-10-03T08:42:02.101+0000] {processor.py:830} INFO - Processing file /opt/airflow/dags/.cache/pip/http/f/8/5/6/c/f856c669517a77cd312113d657270f27bf8926f5dc35d787ed445957 for tasks to queue
[2024-10-03T08:42:02.106+0000] {logging_mixin.py:188} INFO - [2024-10-03T08:42:02.105+0000] {dagbag.py:545} INFO - Filling up the DagBag from /opt/airflow/dags/.cache/pip/http/f/8/5/6/c/f856c669517a77cd312113d657270f27bf8926f5dc35d787ed445957
[2024-10-03T08:42:02.169+0000] {processor.py:842} WARNING - No viable dags retrieved from /opt/airflow/dags/.cache/pip/http/f/8/5/6/c/f856c669517a77cd312113d657270f27bf8926f5dc35d787ed445957
[2024-10-03T08:42:02.193+0000] {processor.py:183} INFO - Processing /opt/airflow/dags/.cache/pip/http/f/8/5/6/c/f856c669517a77cd312113d657270f27bf8926f5dc35d787ed445957 took 0.106 seconds
[2024-10-03T08:42:35.366+0000] {processor.py:161} INFO - Started process (PID=577) to work on /opt/airflow/dags/.cache/pip/http/f/8/5/6/c/f856c669517a77cd312113d657270f27bf8926f5dc35d787ed445957
[2024-10-03T08:42:35.368+0000] {processor.py:830} INFO - Processing file /opt/airflow/dags/.cache/pip/http/f/8/5/6/c/f856c669517a77cd312113d657270f27bf8926f5dc35d787ed445957 for tasks to queue
[2024-10-03T08:42:35.370+0000] {logging_mixin.py:188} INFO - [2024-10-03T08:42:35.370+0000] {dagbag.py:545} INFO - Filling up the DagBag from /opt/airflow/dags/.cache/pip/http/f/8/5/6/c/f856c669517a77cd312113d657270f27bf8926f5dc35d787ed445957
[2024-10-03T08:42:35.424+0000] {processor.py:842} WARNING - No viable dags retrieved from /opt/airflow/dags/.cache/pip/http/f/8/5/6/c/f856c669517a77cd312113d657270f27bf8926f5dc35d787ed445957
[2024-10-03T08:42:35.446+0000] {processor.py:183} INFO - Processing /opt/airflow/dags/.cache/pip/http/f/8/5/6/c/f856c669517a77cd312113d657270f27bf8926f5dc35d787ed445957 took 0.088 seconds
[2024-10-03T08:43:08.120+0000] {processor.py:161} INFO - Started process (PID=817) to work on /opt/airflow/dags/.cache/pip/http/f/8/5/6/c/f856c669517a77cd312113d657270f27bf8926f5dc35d787ed445957
[2024-10-03T08:43:08.122+0000] {processor.py:830} INFO - Processing file /opt/airflow/dags/.cache/pip/http/f/8/5/6/c/f856c669517a77cd312113d657270f27bf8926f5dc35d787ed445957 for tasks to queue
[2024-10-03T08:43:08.141+0000] {logging_mixin.py:188} INFO - [2024-10-03T08:43:08.140+0000] {dagbag.py:545} INFO - Filling up the DagBag from /opt/airflow/dags/.cache/pip/http/f/8/5/6/c/f856c669517a77cd312113d657270f27bf8926f5dc35d787ed445957
[2024-10-03T08:43:08.177+0000] {processor.py:842} WARNING - No viable dags retrieved from /opt/airflow/dags/.cache/pip/http/f/8/5/6/c/f856c669517a77cd312113d657270f27bf8926f5dc35d787ed445957
[2024-10-03T08:43:08.199+0000] {processor.py:183} INFO - Processing /opt/airflow/dags/.cache/pip/http/f/8/5/6/c/f856c669517a77cd312113d657270f27bf8926f5dc35d787ed445957 took 0.089 seconds
[2024-10-03T08:43:41.261+0000] {processor.py:161} INFO - Started process (PID=1038) to work on /opt/airflow/dags/.cache/pip/http/f/8/5/6/c/f856c669517a77cd312113d657270f27bf8926f5dc35d787ed445957
[2024-10-03T08:43:41.270+0000] {processor.py:830} INFO - Processing file /opt/airflow/dags/.cache/pip/http/f/8/5/6/c/f856c669517a77cd312113d657270f27bf8926f5dc35d787ed445957 for tasks to queue
[2024-10-03T08:43:41.274+0000] {logging_mixin.py:188} INFO - [2024-10-03T08:43:41.273+0000] {dagbag.py:545} INFO - Filling up the DagBag from /opt/airflow/dags/.cache/pip/http/f/8/5/6/c/f856c669517a77cd312113d657270f27bf8926f5dc35d787ed445957
[2024-10-03T08:43:41.322+0000] {processor.py:842} WARNING - No viable dags retrieved from /opt/airflow/dags/.cache/pip/http/f/8/5/6/c/f856c669517a77cd312113d657270f27bf8926f5dc35d787ed445957
[2024-10-03T08:43:41.336+0000] {processor.py:183} INFO - Processing /opt/airflow/dags/.cache/pip/http/f/8/5/6/c/f856c669517a77cd312113d657270f27bf8926f5dc35d787ed445957 took 0.081 seconds
[2024-10-03T08:44:12.925+0000] {processor.py:161} INFO - Started process (PID=1277) to work on /opt/airflow/dags/.cache/pip/http/f/8/5/6/c/f856c669517a77cd312113d657270f27bf8926f5dc35d787ed445957
[2024-10-03T08:44:12.927+0000] {processor.py:830} INFO - Processing file /opt/airflow/dags/.cache/pip/http/f/8/5/6/c/f856c669517a77cd312113d657270f27bf8926f5dc35d787ed445957 for tasks to queue
[2024-10-03T08:44:12.930+0000] {logging_mixin.py:188} INFO - [2024-10-03T08:44:12.930+0000] {dagbag.py:545} INFO - Filling up the DagBag from /opt/airflow/dags/.cache/pip/http/f/8/5/6/c/f856c669517a77cd312113d657270f27bf8926f5dc35d787ed445957
[2024-10-03T08:44:12.998+0000] {processor.py:842} WARNING - No viable dags retrieved from /opt/airflow/dags/.cache/pip/http/f/8/5/6/c/f856c669517a77cd312113d657270f27bf8926f5dc35d787ed445957
[2024-10-03T08:44:13.018+0000] {processor.py:183} INFO - Processing /opt/airflow/dags/.cache/pip/http/f/8/5/6/c/f856c669517a77cd312113d657270f27bf8926f5dc35d787ed445957 took 0.101 seconds
[2024-10-03T08:44:44.005+0000] {processor.py:161} INFO - Started process (PID=1519) to work on /opt/airflow/dags/.cache/pip/http/f/8/5/6/c/f856c669517a77cd312113d657270f27bf8926f5dc35d787ed445957
[2024-10-03T08:44:44.007+0000] {processor.py:830} INFO - Processing file /opt/airflow/dags/.cache/pip/http/f/8/5/6/c/f856c669517a77cd312113d657270f27bf8926f5dc35d787ed445957 for tasks to queue
[2024-10-03T08:44:44.010+0000] {logging_mixin.py:188} INFO - [2024-10-03T08:44:44.009+0000] {dagbag.py:545} INFO - Filling up the DagBag from /opt/airflow/dags/.cache/pip/http/f/8/5/6/c/f856c669517a77cd312113d657270f27bf8926f5dc35d787ed445957
[2024-10-03T08:44:44.098+0000] {processor.py:842} WARNING - No viable dags retrieved from /opt/airflow/dags/.cache/pip/http/f/8/5/6/c/f856c669517a77cd312113d657270f27bf8926f5dc35d787ed445957
[2024-10-03T08:44:44.126+0000] {processor.py:183} INFO - Processing /opt/airflow/dags/.cache/pip/http/f/8/5/6/c/f856c669517a77cd312113d657270f27bf8926f5dc35d787ed445957 took 0.131 seconds
[2024-10-03T08:45:18.615+0000] {processor.py:161} INFO - Started process (PID=1767) to work on /opt/airflow/dags/.cache/pip/http/f/8/5/6/c/f856c669517a77cd312113d657270f27bf8926f5dc35d787ed445957
[2024-10-03T08:45:18.617+0000] {processor.py:830} INFO - Processing file /opt/airflow/dags/.cache/pip/http/f/8/5/6/c/f856c669517a77cd312113d657270f27bf8926f5dc35d787ed445957 for tasks to queue
[2024-10-03T08:45:18.620+0000] {logging_mixin.py:188} INFO - [2024-10-03T08:45:18.620+0000] {dagbag.py:545} INFO - Filling up the DagBag from /opt/airflow/dags/.cache/pip/http/f/8/5/6/c/f856c669517a77cd312113d657270f27bf8926f5dc35d787ed445957
[2024-10-03T08:45:18.754+0000] {processor.py:842} WARNING - No viable dags retrieved from /opt/airflow/dags/.cache/pip/http/f/8/5/6/c/f856c669517a77cd312113d657270f27bf8926f5dc35d787ed445957
[2024-10-03T08:45:18.802+0000] {processor.py:183} INFO - Processing /opt/airflow/dags/.cache/pip/http/f/8/5/6/c/f856c669517a77cd312113d657270f27bf8926f5dc35d787ed445957 took 0.198 seconds
[2024-10-03T08:45:50.381+0000] {processor.py:161} INFO - Started process (PID=2008) to work on /opt/airflow/dags/.cache/pip/http/f/8/5/6/c/f856c669517a77cd312113d657270f27bf8926f5dc35d787ed445957
[2024-10-03T08:45:50.383+0000] {processor.py:830} INFO - Processing file /opt/airflow/dags/.cache/pip/http/f/8/5/6/c/f856c669517a77cd312113d657270f27bf8926f5dc35d787ed445957 for tasks to queue
[2024-10-03T08:45:50.386+0000] {logging_mixin.py:188} INFO - [2024-10-03T08:45:50.385+0000] {dagbag.py:545} INFO - Filling up the DagBag from /opt/airflow/dags/.cache/pip/http/f/8/5/6/c/f856c669517a77cd312113d657270f27bf8926f5dc35d787ed445957
[2024-10-03T08:45:50.439+0000] {processor.py:842} WARNING - No viable dags retrieved from /opt/airflow/dags/.cache/pip/http/f/8/5/6/c/f856c669517a77cd312113d657270f27bf8926f5dc35d787ed445957
[2024-10-03T08:45:50.473+0000] {processor.py:183} INFO - Processing /opt/airflow/dags/.cache/pip/http/f/8/5/6/c/f856c669517a77cd312113d657270f27bf8926f5dc35d787ed445957 took 0.103 seconds
[2024-10-03T08:46:22.222+0000] {processor.py:161} INFO - Started process (PID=2248) to work on /opt/airflow/dags/.cache/pip/http/f/8/5/6/c/f856c669517a77cd312113d657270f27bf8926f5dc35d787ed445957
[2024-10-03T08:46:22.225+0000] {processor.py:830} INFO - Processing file /opt/airflow/dags/.cache/pip/http/f/8/5/6/c/f856c669517a77cd312113d657270f27bf8926f5dc35d787ed445957 for tasks to queue
[2024-10-03T08:46:22.228+0000] {logging_mixin.py:188} INFO - [2024-10-03T08:46:22.228+0000] {dagbag.py:545} INFO - Filling up the DagBag from /opt/airflow/dags/.cache/pip/http/f/8/5/6/c/f856c669517a77cd312113d657270f27bf8926f5dc35d787ed445957
[2024-10-03T08:46:22.259+0000] {processor.py:842} WARNING - No viable dags retrieved from /opt/airflow/dags/.cache/pip/http/f/8/5/6/c/f856c669517a77cd312113d657270f27bf8926f5dc35d787ed445957
[2024-10-03T08:46:22.280+0000] {processor.py:183} INFO - Processing /opt/airflow/dags/.cache/pip/http/f/8/5/6/c/f856c669517a77cd312113d657270f27bf8926f5dc35d787ed445957 took 0.066 seconds
[2024-10-03T08:47:12.295+0000] {processor.py:161} INFO - Started process (PID=2519) to work on /opt/airflow/dags/.cache/pip/http/f/8/5/6/c/f856c669517a77cd312113d657270f27bf8926f5dc35d787ed445957
[2024-10-03T08:47:12.297+0000] {processor.py:830} INFO - Processing file /opt/airflow/dags/.cache/pip/http/f/8/5/6/c/f856c669517a77cd312113d657270f27bf8926f5dc35d787ed445957 for tasks to queue
[2024-10-03T08:47:12.300+0000] {logging_mixin.py:188} INFO - [2024-10-03T08:47:12.300+0000] {dagbag.py:545} INFO - Filling up the DagBag from /opt/airflow/dags/.cache/pip/http/f/8/5/6/c/f856c669517a77cd312113d657270f27bf8926f5dc35d787ed445957
[2024-10-03T08:47:12.365+0000] {processor.py:842} WARNING - No viable dags retrieved from /opt/airflow/dags/.cache/pip/http/f/8/5/6/c/f856c669517a77cd312113d657270f27bf8926f5dc35d787ed445957
[2024-10-03T08:47:12.394+0000] {processor.py:183} INFO - Processing /opt/airflow/dags/.cache/pip/http/f/8/5/6/c/f856c669517a77cd312113d657270f27bf8926f5dc35d787ed445957 took 0.115 seconds
[2024-10-03T08:47:46.081+0000] {processor.py:161} INFO - Started process (PID=2761) to work on /opt/airflow/dags/.cache/pip/http/f/8/5/6/c/f856c669517a77cd312113d657270f27bf8926f5dc35d787ed445957
[2024-10-03T08:47:46.083+0000] {processor.py:830} INFO - Processing file /opt/airflow/dags/.cache/pip/http/f/8/5/6/c/f856c669517a77cd312113d657270f27bf8926f5dc35d787ed445957 for tasks to queue
[2024-10-03T08:47:46.090+0000] {logging_mixin.py:188} INFO - [2024-10-03T08:47:46.089+0000] {dagbag.py:545} INFO - Filling up the DagBag from /opt/airflow/dags/.cache/pip/http/f/8/5/6/c/f856c669517a77cd312113d657270f27bf8926f5dc35d787ed445957
[2024-10-03T08:47:46.150+0000] {processor.py:842} WARNING - No viable dags retrieved from /opt/airflow/dags/.cache/pip/http/f/8/5/6/c/f856c669517a77cd312113d657270f27bf8926f5dc35d787ed445957
[2024-10-03T08:47:46.173+0000] {processor.py:183} INFO - Processing /opt/airflow/dags/.cache/pip/http/f/8/5/6/c/f856c669517a77cd312113d657270f27bf8926f5dc35d787ed445957 took 0.102 seconds
[2024-10-03T08:48:19.496+0000] {processor.py:161} INFO - Started process (PID=3009) to work on /opt/airflow/dags/.cache/pip/http/f/8/5/6/c/f856c669517a77cd312113d657270f27bf8926f5dc35d787ed445957
[2024-10-03T08:48:19.498+0000] {processor.py:830} INFO - Processing file /opt/airflow/dags/.cache/pip/http/f/8/5/6/c/f856c669517a77cd312113d657270f27bf8926f5dc35d787ed445957 for tasks to queue
[2024-10-03T08:48:19.503+0000] {logging_mixin.py:188} INFO - [2024-10-03T08:48:19.502+0000] {dagbag.py:545} INFO - Filling up the DagBag from /opt/airflow/dags/.cache/pip/http/f/8/5/6/c/f856c669517a77cd312113d657270f27bf8926f5dc35d787ed445957
[2024-10-03T08:48:19.615+0000] {processor.py:842} WARNING - No viable dags retrieved from /opt/airflow/dags/.cache/pip/http/f/8/5/6/c/f856c669517a77cd312113d657270f27bf8926f5dc35d787ed445957
[2024-10-03T08:48:19.652+0000] {processor.py:183} INFO - Processing /opt/airflow/dags/.cache/pip/http/f/8/5/6/c/f856c669517a77cd312113d657270f27bf8926f5dc35d787ed445957 took 0.171 seconds
[2024-10-03T08:48:51.104+0000] {processor.py:161} INFO - Started process (PID=3251) to work on /opt/airflow/dags/.cache/pip/http/f/8/5/6/c/f856c669517a77cd312113d657270f27bf8926f5dc35d787ed445957
[2024-10-03T08:48:51.105+0000] {processor.py:830} INFO - Processing file /opt/airflow/dags/.cache/pip/http/f/8/5/6/c/f856c669517a77cd312113d657270f27bf8926f5dc35d787ed445957 for tasks to queue
[2024-10-03T08:48:51.108+0000] {logging_mixin.py:188} INFO - [2024-10-03T08:48:51.107+0000] {dagbag.py:545} INFO - Filling up the DagBag from /opt/airflow/dags/.cache/pip/http/f/8/5/6/c/f856c669517a77cd312113d657270f27bf8926f5dc35d787ed445957
[2024-10-03T08:48:51.124+0000] {processor.py:842} WARNING - No viable dags retrieved from /opt/airflow/dags/.cache/pip/http/f/8/5/6/c/f856c669517a77cd312113d657270f27bf8926f5dc35d787ed445957
[2024-10-03T08:48:51.135+0000] {processor.py:183} INFO - Processing /opt/airflow/dags/.cache/pip/http/f/8/5/6/c/f856c669517a77cd312113d657270f27bf8926f5dc35d787ed445957 took 0.036 seconds
[2024-10-03T08:49:22.943+0000] {processor.py:161} INFO - Started process (PID=3493) to work on /opt/airflow/dags/.cache/pip/http/f/8/5/6/c/f856c669517a77cd312113d657270f27bf8926f5dc35d787ed445957
[2024-10-03T08:49:22.944+0000] {processor.py:830} INFO - Processing file /opt/airflow/dags/.cache/pip/http/f/8/5/6/c/f856c669517a77cd312113d657270f27bf8926f5dc35d787ed445957 for tasks to queue
[2024-10-03T08:49:22.945+0000] {logging_mixin.py:188} INFO - [2024-10-03T08:49:22.945+0000] {dagbag.py:545} INFO - Filling up the DagBag from /opt/airflow/dags/.cache/pip/http/f/8/5/6/c/f856c669517a77cd312113d657270f27bf8926f5dc35d787ed445957
[2024-10-03T08:49:22.972+0000] {processor.py:842} WARNING - No viable dags retrieved from /opt/airflow/dags/.cache/pip/http/f/8/5/6/c/f856c669517a77cd312113d657270f27bf8926f5dc35d787ed445957
[2024-10-03T08:49:22.983+0000] {processor.py:183} INFO - Processing /opt/airflow/dags/.cache/pip/http/f/8/5/6/c/f856c669517a77cd312113d657270f27bf8926f5dc35d787ed445957 took 0.045 seconds
[2024-10-03T08:49:56.537+0000] {processor.py:161} INFO - Started process (PID=3736) to work on /opt/airflow/dags/.cache/pip/http/f/8/5/6/c/f856c669517a77cd312113d657270f27bf8926f5dc35d787ed445957
[2024-10-03T08:49:56.538+0000] {processor.py:830} INFO - Processing file /opt/airflow/dags/.cache/pip/http/f/8/5/6/c/f856c669517a77cd312113d657270f27bf8926f5dc35d787ed445957 for tasks to queue
[2024-10-03T08:49:56.541+0000] {logging_mixin.py:188} INFO - [2024-10-03T08:49:56.540+0000] {dagbag.py:545} INFO - Filling up the DagBag from /opt/airflow/dags/.cache/pip/http/f/8/5/6/c/f856c669517a77cd312113d657270f27bf8926f5dc35d787ed445957
[2024-10-03T08:49:56.559+0000] {processor.py:842} WARNING - No viable dags retrieved from /opt/airflow/dags/.cache/pip/http/f/8/5/6/c/f856c669517a77cd312113d657270f27bf8926f5dc35d787ed445957
[2024-10-03T08:49:56.570+0000] {processor.py:183} INFO - Processing /opt/airflow/dags/.cache/pip/http/f/8/5/6/c/f856c669517a77cd312113d657270f27bf8926f5dc35d787ed445957 took 0.037 seconds
[2024-10-03T08:50:28.335+0000] {processor.py:161} INFO - Started process (PID=3978) to work on /opt/airflow/dags/.cache/pip/http/f/8/5/6/c/f856c669517a77cd312113d657270f27bf8926f5dc35d787ed445957
[2024-10-03T08:50:28.336+0000] {processor.py:830} INFO - Processing file /opt/airflow/dags/.cache/pip/http/f/8/5/6/c/f856c669517a77cd312113d657270f27bf8926f5dc35d787ed445957 for tasks to queue
[2024-10-03T08:50:28.337+0000] {logging_mixin.py:188} INFO - [2024-10-03T08:50:28.337+0000] {dagbag.py:545} INFO - Filling up the DagBag from /opt/airflow/dags/.cache/pip/http/f/8/5/6/c/f856c669517a77cd312113d657270f27bf8926f5dc35d787ed445957
[2024-10-03T08:50:28.358+0000] {processor.py:842} WARNING - No viable dags retrieved from /opt/airflow/dags/.cache/pip/http/f/8/5/6/c/f856c669517a77cd312113d657270f27bf8926f5dc35d787ed445957
[2024-10-03T08:50:28.369+0000] {processor.py:183} INFO - Processing /opt/airflow/dags/.cache/pip/http/f/8/5/6/c/f856c669517a77cd312113d657270f27bf8926f5dc35d787ed445957 took 0.039 seconds
[2024-10-03T08:56:29.633+0000] {processor.py:161} INFO - Started process (PID=4318) to work on /opt/airflow/dags/.cache/pip/http/f/8/5/6/c/f856c669517a77cd312113d657270f27bf8926f5dc35d787ed445957
[2024-10-03T08:56:29.634+0000] {processor.py:830} INFO - Processing file /opt/airflow/dags/.cache/pip/http/f/8/5/6/c/f856c669517a77cd312113d657270f27bf8926f5dc35d787ed445957 for tasks to queue
[2024-10-03T08:56:29.635+0000] {logging_mixin.py:188} INFO - [2024-10-03T08:56:29.635+0000] {dagbag.py:545} INFO - Filling up the DagBag from /opt/airflow/dags/.cache/pip/http/f/8/5/6/c/f856c669517a77cd312113d657270f27bf8926f5dc35d787ed445957
[2024-10-03T08:56:29.721+0000] {processor.py:842} WARNING - No viable dags retrieved from /opt/airflow/dags/.cache/pip/http/f/8/5/6/c/f856c669517a77cd312113d657270f27bf8926f5dc35d787ed445957
[2024-10-03T08:56:29.736+0000] {processor.py:183} INFO - Processing /opt/airflow/dags/.cache/pip/http/f/8/5/6/c/f856c669517a77cd312113d657270f27bf8926f5dc35d787ed445957 took 0.111 seconds
[2024-10-03T08:57:00.786+0000] {processor.py:161} INFO - Started process (PID=4543) to work on /opt/airflow/dags/.cache/pip/http/f/8/5/6/c/f856c669517a77cd312113d657270f27bf8926f5dc35d787ed445957
[2024-10-03T08:57:00.787+0000] {processor.py:830} INFO - Processing file /opt/airflow/dags/.cache/pip/http/f/8/5/6/c/f856c669517a77cd312113d657270f27bf8926f5dc35d787ed445957 for tasks to queue
[2024-10-03T08:57:00.788+0000] {logging_mixin.py:188} INFO - [2024-10-03T08:57:00.787+0000] {dagbag.py:545} INFO - Filling up the DagBag from /opt/airflow/dags/.cache/pip/http/f/8/5/6/c/f856c669517a77cd312113d657270f27bf8926f5dc35d787ed445957
[2024-10-03T08:57:00.820+0000] {processor.py:842} WARNING - No viable dags retrieved from /opt/airflow/dags/.cache/pip/http/f/8/5/6/c/f856c669517a77cd312113d657270f27bf8926f5dc35d787ed445957
[2024-10-03T08:57:00.838+0000] {processor.py:183} INFO - Processing /opt/airflow/dags/.cache/pip/http/f/8/5/6/c/f856c669517a77cd312113d657270f27bf8926f5dc35d787ed445957 took 0.058 seconds
