[2024-10-03T08:42:03.711+0000] {processor.py:161} INFO - Started process (PID=423) to work on /opt/airflow/dags/.cache/pip/http/4/d/b/e/1/4dbe15df7eaa17d5d201ff075501c0f5195926086f2eab6efcb9e71a
[2024-10-03T08:42:03.712+0000] {processor.py:830} INFO - Processing file /opt/airflow/dags/.cache/pip/http/4/d/b/e/1/4dbe15df7eaa17d5d201ff075501c0f5195926086f2eab6efcb9e71a for tasks to queue
[2024-10-03T08:42:03.714+0000] {logging_mixin.py:188} INFO - [2024-10-03T08:42:03.714+0000] {dagbag.py:545} INFO - Filling up the DagBag from /opt/airflow/dags/.cache/pip/http/4/d/b/e/1/4dbe15df7eaa17d5d201ff075501c0f5195926086f2eab6efcb9e71a
[2024-10-03T08:42:03.748+0000] {processor.py:842} WARNING - No viable dags retrieved from /opt/airflow/dags/.cache/pip/http/4/d/b/e/1/4dbe15df7eaa17d5d201ff075501c0f5195926086f2eab6efcb9e71a
[2024-10-03T08:42:03.763+0000] {processor.py:183} INFO - Processing /opt/airflow/dags/.cache/pip/http/4/d/b/e/1/4dbe15df7eaa17d5d201ff075501c0f5195926086f2eab6efcb9e71a took 0.056 seconds
[2024-10-03T08:42:38.921+0000] {processor.py:161} INFO - Started process (PID=667) to work on /opt/airflow/dags/.cache/pip/http/4/d/b/e/1/4dbe15df7eaa17d5d201ff075501c0f5195926086f2eab6efcb9e71a
[2024-10-03T08:42:38.923+0000] {processor.py:830} INFO - Processing file /opt/airflow/dags/.cache/pip/http/4/d/b/e/1/4dbe15df7eaa17d5d201ff075501c0f5195926086f2eab6efcb9e71a for tasks to queue
[2024-10-03T08:42:38.925+0000] {logging_mixin.py:188} INFO - [2024-10-03T08:42:38.925+0000] {dagbag.py:545} INFO - Filling up the DagBag from /opt/airflow/dags/.cache/pip/http/4/d/b/e/1/4dbe15df7eaa17d5d201ff075501c0f5195926086f2eab6efcb9e71a
[2024-10-03T08:42:39.014+0000] {processor.py:842} WARNING - No viable dags retrieved from /opt/airflow/dags/.cache/pip/http/4/d/b/e/1/4dbe15df7eaa17d5d201ff075501c0f5195926086f2eab6efcb9e71a
[2024-10-03T08:42:39.040+0000] {processor.py:183} INFO - Processing /opt/airflow/dags/.cache/pip/http/4/d/b/e/1/4dbe15df7eaa17d5d201ff075501c0f5195926086f2eab6efcb9e71a took 0.129 seconds
[2024-10-03T08:43:12.048+0000] {processor.py:161} INFO - Started process (PID=907) to work on /opt/airflow/dags/.cache/pip/http/4/d/b/e/1/4dbe15df7eaa17d5d201ff075501c0f5195926086f2eab6efcb9e71a
[2024-10-03T08:43:12.050+0000] {processor.py:830} INFO - Processing file /opt/airflow/dags/.cache/pip/http/4/d/b/e/1/4dbe15df7eaa17d5d201ff075501c0f5195926086f2eab6efcb9e71a for tasks to queue
[2024-10-03T08:43:12.052+0000] {logging_mixin.py:188} INFO - [2024-10-03T08:43:12.052+0000] {dagbag.py:545} INFO - Filling up the DagBag from /opt/airflow/dags/.cache/pip/http/4/d/b/e/1/4dbe15df7eaa17d5d201ff075501c0f5195926086f2eab6efcb9e71a
[2024-10-03T08:43:12.091+0000] {processor.py:842} WARNING - No viable dags retrieved from /opt/airflow/dags/.cache/pip/http/4/d/b/e/1/4dbe15df7eaa17d5d201ff075501c0f5195926086f2eab6efcb9e71a
[2024-10-03T08:43:12.109+0000] {processor.py:183} INFO - Processing /opt/airflow/dags/.cache/pip/http/4/d/b/e/1/4dbe15df7eaa17d5d201ff075501c0f5195926086f2eab6efcb9e71a took 0.069 seconds
[2024-10-03T08:43:44.637+0000] {processor.py:161} INFO - Started process (PID=1152) to work on /opt/airflow/dags/.cache/pip/http/4/d/b/e/1/4dbe15df7eaa17d5d201ff075501c0f5195926086f2eab6efcb9e71a
[2024-10-03T08:43:44.639+0000] {processor.py:830} INFO - Processing file /opt/airflow/dags/.cache/pip/http/4/d/b/e/1/4dbe15df7eaa17d5d201ff075501c0f5195926086f2eab6efcb9e71a for tasks to queue
[2024-10-03T08:43:44.640+0000] {logging_mixin.py:188} INFO - [2024-10-03T08:43:44.640+0000] {dagbag.py:545} INFO - Filling up the DagBag from /opt/airflow/dags/.cache/pip/http/4/d/b/e/1/4dbe15df7eaa17d5d201ff075501c0f5195926086f2eab6efcb9e71a
[2024-10-03T08:43:44.687+0000] {processor.py:842} WARNING - No viable dags retrieved from /opt/airflow/dags/.cache/pip/http/4/d/b/e/1/4dbe15df7eaa17d5d201ff075501c0f5195926086f2eab6efcb9e71a
[2024-10-03T08:43:44.701+0000] {processor.py:183} INFO - Processing /opt/airflow/dags/.cache/pip/http/4/d/b/e/1/4dbe15df7eaa17d5d201ff075501c0f5195926086f2eab6efcb9e71a took 0.070 seconds
[2024-10-03T08:44:16.787+0000] {processor.py:161} INFO - Started process (PID=1392) to work on /opt/airflow/dags/.cache/pip/http/4/d/b/e/1/4dbe15df7eaa17d5d201ff075501c0f5195926086f2eab6efcb9e71a
[2024-10-03T08:44:16.788+0000] {processor.py:830} INFO - Processing file /opt/airflow/dags/.cache/pip/http/4/d/b/e/1/4dbe15df7eaa17d5d201ff075501c0f5195926086f2eab6efcb9e71a for tasks to queue
[2024-10-03T08:44:16.792+0000] {logging_mixin.py:188} INFO - [2024-10-03T08:44:16.792+0000] {dagbag.py:545} INFO - Filling up the DagBag from /opt/airflow/dags/.cache/pip/http/4/d/b/e/1/4dbe15df7eaa17d5d201ff075501c0f5195926086f2eab6efcb9e71a
[2024-10-03T08:44:16.863+0000] {processor.py:842} WARNING - No viable dags retrieved from /opt/airflow/dags/.cache/pip/http/4/d/b/e/1/4dbe15df7eaa17d5d201ff075501c0f5195926086f2eab6efcb9e71a
[2024-10-03T08:44:16.877+0000] {processor.py:183} INFO - Processing /opt/airflow/dags/.cache/pip/http/4/d/b/e/1/4dbe15df7eaa17d5d201ff075501c0f5195926086f2eab6efcb9e71a took 0.096 seconds
[2024-10-03T08:44:49.768+0000] {processor.py:161} INFO - Started process (PID=1642) to work on /opt/airflow/dags/.cache/pip/http/4/d/b/e/1/4dbe15df7eaa17d5d201ff075501c0f5195926086f2eab6efcb9e71a
[2024-10-03T08:44:49.770+0000] {processor.py:830} INFO - Processing file /opt/airflow/dags/.cache/pip/http/4/d/b/e/1/4dbe15df7eaa17d5d201ff075501c0f5195926086f2eab6efcb9e71a for tasks to queue
[2024-10-03T08:44:49.776+0000] {logging_mixin.py:188} INFO - [2024-10-03T08:44:49.776+0000] {dagbag.py:545} INFO - Filling up the DagBag from /opt/airflow/dags/.cache/pip/http/4/d/b/e/1/4dbe15df7eaa17d5d201ff075501c0f5195926086f2eab6efcb9e71a
[2024-10-03T08:44:49.816+0000] {processor.py:842} WARNING - No viable dags retrieved from /opt/airflow/dags/.cache/pip/http/4/d/b/e/1/4dbe15df7eaa17d5d201ff075501c0f5195926086f2eab6efcb9e71a
[2024-10-03T08:44:49.836+0000] {processor.py:183} INFO - Processing /opt/airflow/dags/.cache/pip/http/4/d/b/e/1/4dbe15df7eaa17d5d201ff075501c0f5195926086f2eab6efcb9e71a took 0.076 seconds
[2024-10-03T08:45:24.096+0000] {processor.py:161} INFO - Started process (PID=1882) to work on /opt/airflow/dags/.cache/pip/http/4/d/b/e/1/4dbe15df7eaa17d5d201ff075501c0f5195926086f2eab6efcb9e71a
[2024-10-03T08:45:24.098+0000] {processor.py:830} INFO - Processing file /opt/airflow/dags/.cache/pip/http/4/d/b/e/1/4dbe15df7eaa17d5d201ff075501c0f5195926086f2eab6efcb9e71a for tasks to queue
[2024-10-03T08:45:24.100+0000] {logging_mixin.py:188} INFO - [2024-10-03T08:45:24.100+0000] {dagbag.py:545} INFO - Filling up the DagBag from /opt/airflow/dags/.cache/pip/http/4/d/b/e/1/4dbe15df7eaa17d5d201ff075501c0f5195926086f2eab6efcb9e71a
[2024-10-03T08:45:24.214+0000] {processor.py:842} WARNING - No viable dags retrieved from /opt/airflow/dags/.cache/pip/http/4/d/b/e/1/4dbe15df7eaa17d5d201ff075501c0f5195926086f2eab6efcb9e71a
[2024-10-03T08:45:24.238+0000] {processor.py:183} INFO - Processing /opt/airflow/dags/.cache/pip/http/4/d/b/e/1/4dbe15df7eaa17d5d201ff075501c0f5195926086f2eab6efcb9e71a took 0.151 seconds
[2024-10-03T08:45:54.985+0000] {processor.py:161} INFO - Started process (PID=2123) to work on /opt/airflow/dags/.cache/pip/http/4/d/b/e/1/4dbe15df7eaa17d5d201ff075501c0f5195926086f2eab6efcb9e71a
[2024-10-03T08:45:54.986+0000] {processor.py:830} INFO - Processing file /opt/airflow/dags/.cache/pip/http/4/d/b/e/1/4dbe15df7eaa17d5d201ff075501c0f5195926086f2eab6efcb9e71a for tasks to queue
[2024-10-03T08:45:54.990+0000] {logging_mixin.py:188} INFO - [2024-10-03T08:45:54.990+0000] {dagbag.py:545} INFO - Filling up the DagBag from /opt/airflow/dags/.cache/pip/http/4/d/b/e/1/4dbe15df7eaa17d5d201ff075501c0f5195926086f2eab6efcb9e71a
[2024-10-03T08:45:55.016+0000] {processor.py:842} WARNING - No viable dags retrieved from /opt/airflow/dags/.cache/pip/http/4/d/b/e/1/4dbe15df7eaa17d5d201ff075501c0f5195926086f2eab6efcb9e71a
[2024-10-03T08:45:55.036+0000] {processor.py:183} INFO - Processing /opt/airflow/dags/.cache/pip/http/4/d/b/e/1/4dbe15df7eaa17d5d201ff075501c0f5195926086f2eab6efcb9e71a took 0.062 seconds
[2024-10-03T08:46:25.751+0000] {processor.py:161} INFO - Started process (PID=2365) to work on /opt/airflow/dags/.cache/pip/http/4/d/b/e/1/4dbe15df7eaa17d5d201ff075501c0f5195926086f2eab6efcb9e71a
[2024-10-03T08:46:25.753+0000] {processor.py:830} INFO - Processing file /opt/airflow/dags/.cache/pip/http/4/d/b/e/1/4dbe15df7eaa17d5d201ff075501c0f5195926086f2eab6efcb9e71a for tasks to queue
[2024-10-03T08:46:25.756+0000] {logging_mixin.py:188} INFO - [2024-10-03T08:46:25.755+0000] {dagbag.py:545} INFO - Filling up the DagBag from /opt/airflow/dags/.cache/pip/http/4/d/b/e/1/4dbe15df7eaa17d5d201ff075501c0f5195926086f2eab6efcb9e71a
[2024-10-03T08:46:25.814+0000] {processor.py:842} WARNING - No viable dags retrieved from /opt/airflow/dags/.cache/pip/http/4/d/b/e/1/4dbe15df7eaa17d5d201ff075501c0f5195926086f2eab6efcb9e71a
[2024-10-03T08:46:25.832+0000] {processor.py:183} INFO - Processing /opt/airflow/dags/.cache/pip/http/4/d/b/e/1/4dbe15df7eaa17d5d201ff075501c0f5195926086f2eab6efcb9e71a took 0.089 seconds
[2024-10-03T08:47:15.941+0000] {processor.py:161} INFO - Started process (PID=2607) to work on /opt/airflow/dags/.cache/pip/http/4/d/b/e/1/4dbe15df7eaa17d5d201ff075501c0f5195926086f2eab6efcb9e71a
[2024-10-03T08:47:15.943+0000] {processor.py:830} INFO - Processing file /opt/airflow/dags/.cache/pip/http/4/d/b/e/1/4dbe15df7eaa17d5d201ff075501c0f5195926086f2eab6efcb9e71a for tasks to queue
[2024-10-03T08:47:15.956+0000] {logging_mixin.py:188} INFO - [2024-10-03T08:47:15.947+0000] {dagbag.py:545} INFO - Filling up the DagBag from /opt/airflow/dags/.cache/pip/http/4/d/b/e/1/4dbe15df7eaa17d5d201ff075501c0f5195926086f2eab6efcb9e71a
[2024-10-03T08:47:16.012+0000] {processor.py:842} WARNING - No viable dags retrieved from /opt/airflow/dags/.cache/pip/http/4/d/b/e/1/4dbe15df7eaa17d5d201ff075501c0f5195926086f2eab6efcb9e71a
[2024-10-03T08:47:16.037+0000] {processor.py:183} INFO - Processing /opt/airflow/dags/.cache/pip/http/4/d/b/e/1/4dbe15df7eaa17d5d201ff075501c0f5195926086f2eab6efcb9e71a took 0.109 seconds
[2024-10-03T08:47:50.092+0000] {processor.py:161} INFO - Started process (PID=2857) to work on /opt/airflow/dags/.cache/pip/http/4/d/b/e/1/4dbe15df7eaa17d5d201ff075501c0f5195926086f2eab6efcb9e71a
[2024-10-03T08:47:50.093+0000] {processor.py:830} INFO - Processing file /opt/airflow/dags/.cache/pip/http/4/d/b/e/1/4dbe15df7eaa17d5d201ff075501c0f5195926086f2eab6efcb9e71a for tasks to queue
[2024-10-03T08:47:50.096+0000] {logging_mixin.py:188} INFO - [2024-10-03T08:47:50.096+0000] {dagbag.py:545} INFO - Filling up the DagBag from /opt/airflow/dags/.cache/pip/http/4/d/b/e/1/4dbe15df7eaa17d5d201ff075501c0f5195926086f2eab6efcb9e71a
[2024-10-03T08:47:50.130+0000] {processor.py:842} WARNING - No viable dags retrieved from /opt/airflow/dags/.cache/pip/http/4/d/b/e/1/4dbe15df7eaa17d5d201ff075501c0f5195926086f2eab6efcb9e71a
[2024-10-03T08:47:50.158+0000] {processor.py:183} INFO - Processing /opt/airflow/dags/.cache/pip/http/4/d/b/e/1/4dbe15df7eaa17d5d201ff075501c0f5195926086f2eab6efcb9e71a took 0.078 seconds
[2024-10-03T08:48:23.781+0000] {processor.py:161} INFO - Started process (PID=3099) to work on /opt/airflow/dags/.cache/pip/http/4/d/b/e/1/4dbe15df7eaa17d5d201ff075501c0f5195926086f2eab6efcb9e71a
[2024-10-03T08:48:23.782+0000] {processor.py:830} INFO - Processing file /opt/airflow/dags/.cache/pip/http/4/d/b/e/1/4dbe15df7eaa17d5d201ff075501c0f5195926086f2eab6efcb9e71a for tasks to queue
[2024-10-03T08:48:23.783+0000] {logging_mixin.py:188} INFO - [2024-10-03T08:48:23.783+0000] {dagbag.py:545} INFO - Filling up the DagBag from /opt/airflow/dags/.cache/pip/http/4/d/b/e/1/4dbe15df7eaa17d5d201ff075501c0f5195926086f2eab6efcb9e71a
[2024-10-03T08:48:23.802+0000] {processor.py:842} WARNING - No viable dags retrieved from /opt/airflow/dags/.cache/pip/http/4/d/b/e/1/4dbe15df7eaa17d5d201ff075501c0f5195926086f2eab6efcb9e71a
[2024-10-03T08:48:23.815+0000] {processor.py:183} INFO - Processing /opt/airflow/dags/.cache/pip/http/4/d/b/e/1/4dbe15df7eaa17d5d201ff075501c0f5195926086f2eab6efcb9e71a took 0.040 seconds
[2024-10-03T08:48:54.451+0000] {processor.py:161} INFO - Started process (PID=3341) to work on /opt/airflow/dags/.cache/pip/http/4/d/b/e/1/4dbe15df7eaa17d5d201ff075501c0f5195926086f2eab6efcb9e71a
[2024-10-03T08:48:54.453+0000] {processor.py:830} INFO - Processing file /opt/airflow/dags/.cache/pip/http/4/d/b/e/1/4dbe15df7eaa17d5d201ff075501c0f5195926086f2eab6efcb9e71a for tasks to queue
[2024-10-03T08:48:54.455+0000] {logging_mixin.py:188} INFO - [2024-10-03T08:48:54.454+0000] {dagbag.py:545} INFO - Filling up the DagBag from /opt/airflow/dags/.cache/pip/http/4/d/b/e/1/4dbe15df7eaa17d5d201ff075501c0f5195926086f2eab6efcb9e71a
[2024-10-03T08:48:54.472+0000] {processor.py:842} WARNING - No viable dags retrieved from /opt/airflow/dags/.cache/pip/http/4/d/b/e/1/4dbe15df7eaa17d5d201ff075501c0f5195926086f2eab6efcb9e71a
[2024-10-03T08:48:54.482+0000] {processor.py:183} INFO - Processing /opt/airflow/dags/.cache/pip/http/4/d/b/e/1/4dbe15df7eaa17d5d201ff075501c0f5195926086f2eab6efcb9e71a took 0.037 seconds
[2024-10-03T08:49:25.433+0000] {processor.py:161} INFO - Started process (PID=3581) to work on /opt/airflow/dags/.cache/pip/http/4/d/b/e/1/4dbe15df7eaa17d5d201ff075501c0f5195926086f2eab6efcb9e71a
[2024-10-03T08:49:25.436+0000] {processor.py:830} INFO - Processing file /opt/airflow/dags/.cache/pip/http/4/d/b/e/1/4dbe15df7eaa17d5d201ff075501c0f5195926086f2eab6efcb9e71a for tasks to queue
[2024-10-03T08:49:25.438+0000] {logging_mixin.py:188} INFO - [2024-10-03T08:49:25.438+0000] {dagbag.py:545} INFO - Filling up the DagBag from /opt/airflow/dags/.cache/pip/http/4/d/b/e/1/4dbe15df7eaa17d5d201ff075501c0f5195926086f2eab6efcb9e71a
[2024-10-03T08:49:25.496+0000] {processor.py:842} WARNING - No viable dags retrieved from /opt/airflow/dags/.cache/pip/http/4/d/b/e/1/4dbe15df7eaa17d5d201ff075501c0f5195926086f2eab6efcb9e71a
[2024-10-03T08:49:25.512+0000] {processor.py:183} INFO - Processing /opt/airflow/dags/.cache/pip/http/4/d/b/e/1/4dbe15df7eaa17d5d201ff075501c0f5195926086f2eab6efcb9e71a took 0.085 seconds
[2024-10-03T08:49:58.292+0000] {processor.py:161} INFO - Started process (PID=3826) to work on /opt/airflow/dags/.cache/pip/http/4/d/b/e/1/4dbe15df7eaa17d5d201ff075501c0f5195926086f2eab6efcb9e71a
[2024-10-03T08:49:58.293+0000] {processor.py:830} INFO - Processing file /opt/airflow/dags/.cache/pip/http/4/d/b/e/1/4dbe15df7eaa17d5d201ff075501c0f5195926086f2eab6efcb9e71a for tasks to queue
[2024-10-03T08:49:58.295+0000] {logging_mixin.py:188} INFO - [2024-10-03T08:49:58.295+0000] {dagbag.py:545} INFO - Filling up the DagBag from /opt/airflow/dags/.cache/pip/http/4/d/b/e/1/4dbe15df7eaa17d5d201ff075501c0f5195926086f2eab6efcb9e71a
[2024-10-03T08:49:58.313+0000] {processor.py:842} WARNING - No viable dags retrieved from /opt/airflow/dags/.cache/pip/http/4/d/b/e/1/4dbe15df7eaa17d5d201ff075501c0f5195926086f2eab6efcb9e71a
[2024-10-03T08:49:58.325+0000] {processor.py:183} INFO - Processing /opt/airflow/dags/.cache/pip/http/4/d/b/e/1/4dbe15df7eaa17d5d201ff075501c0f5195926086f2eab6efcb9e71a took 0.040 seconds
[2024-10-03T08:50:31.308+0000] {processor.py:161} INFO - Started process (PID=4066) to work on /opt/airflow/dags/.cache/pip/http/4/d/b/e/1/4dbe15df7eaa17d5d201ff075501c0f5195926086f2eab6efcb9e71a
[2024-10-03T08:50:31.308+0000] {processor.py:830} INFO - Processing file /opt/airflow/dags/.cache/pip/http/4/d/b/e/1/4dbe15df7eaa17d5d201ff075501c0f5195926086f2eab6efcb9e71a for tasks to queue
[2024-10-03T08:50:31.310+0000] {logging_mixin.py:188} INFO - [2024-10-03T08:50:31.309+0000] {dagbag.py:545} INFO - Filling up the DagBag from /opt/airflow/dags/.cache/pip/http/4/d/b/e/1/4dbe15df7eaa17d5d201ff075501c0f5195926086f2eab6efcb9e71a
[2024-10-03T08:50:31.324+0000] {processor.py:842} WARNING - No viable dags retrieved from /opt/airflow/dags/.cache/pip/http/4/d/b/e/1/4dbe15df7eaa17d5d201ff075501c0f5195926086f2eab6efcb9e71a
[2024-10-03T08:50:31.335+0000] {processor.py:183} INFO - Processing /opt/airflow/dags/.cache/pip/http/4/d/b/e/1/4dbe15df7eaa17d5d201ff075501c0f5195926086f2eab6efcb9e71a took 0.032 seconds
[2024-10-03T08:56:33.034+0000] {processor.py:161} INFO - Started process (PID=4461) to work on /opt/airflow/dags/.cache/pip/http/4/d/b/e/1/4dbe15df7eaa17d5d201ff075501c0f5195926086f2eab6efcb9e71a
[2024-10-03T08:56:33.036+0000] {processor.py:830} INFO - Processing file /opt/airflow/dags/.cache/pip/http/4/d/b/e/1/4dbe15df7eaa17d5d201ff075501c0f5195926086f2eab6efcb9e71a for tasks to queue
[2024-10-03T08:56:33.038+0000] {logging_mixin.py:188} INFO - [2024-10-03T08:56:33.037+0000] {dagbag.py:545} INFO - Filling up the DagBag from /opt/airflow/dags/.cache/pip/http/4/d/b/e/1/4dbe15df7eaa17d5d201ff075501c0f5195926086f2eab6efcb9e71a
[2024-10-03T08:56:33.061+0000] {processor.py:842} WARNING - No viable dags retrieved from /opt/airflow/dags/.cache/pip/http/4/d/b/e/1/4dbe15df7eaa17d5d201ff075501c0f5195926086f2eab6efcb9e71a
[2024-10-03T08:56:33.073+0000] {processor.py:183} INFO - Processing /opt/airflow/dags/.cache/pip/http/4/d/b/e/1/4dbe15df7eaa17d5d201ff075501c0f5195926086f2eab6efcb9e71a took 0.050 seconds
[2024-10-03T08:57:04.812+0000] {processor.py:161} INFO - Started process (PID=4711) to work on /opt/airflow/dags/.cache/pip/http/4/d/b/e/1/4dbe15df7eaa17d5d201ff075501c0f5195926086f2eab6efcb9e71a
[2024-10-03T08:57:04.813+0000] {processor.py:830} INFO - Processing file /opt/airflow/dags/.cache/pip/http/4/d/b/e/1/4dbe15df7eaa17d5d201ff075501c0f5195926086f2eab6efcb9e71a for tasks to queue
[2024-10-03T08:57:04.813+0000] {logging_mixin.py:188} INFO - [2024-10-03T08:57:04.813+0000] {dagbag.py:545} INFO - Filling up the DagBag from /opt/airflow/dags/.cache/pip/http/4/d/b/e/1/4dbe15df7eaa17d5d201ff075501c0f5195926086f2eab6efcb9e71a
[2024-10-03T08:57:04.834+0000] {processor.py:842} WARNING - No viable dags retrieved from /opt/airflow/dags/.cache/pip/http/4/d/b/e/1/4dbe15df7eaa17d5d201ff075501c0f5195926086f2eab6efcb9e71a
[2024-10-03T08:57:04.844+0000] {processor.py:183} INFO - Processing /opt/airflow/dags/.cache/pip/http/4/d/b/e/1/4dbe15df7eaa17d5d201ff075501c0f5195926086f2eab6efcb9e71a took 0.037 seconds
