[2024-10-04T06:38:46.711+0000] {local_task_job_runner.py:120} INFO - ::group::Pre task execution logs
[2024-10-04T06:38:46.723+0000] {taskinstance.py:2076} INFO - Dependencies all met for dep_context=non-requeueable deps ti=<TaskInstance: decision_tree_classifier_dag.dtc_prepare_data scheduled__2024-10-03T01:00:00+00:00 [queued]>
[2024-10-04T06:38:46.730+0000] {taskinstance.py:2076} INFO - Dependencies all met for dep_context=requeueable deps ti=<TaskInstance: decision_tree_classifier_dag.dtc_prepare_data scheduled__2024-10-03T01:00:00+00:00 [queued]>
[2024-10-04T06:38:46.731+0000] {taskinstance.py:2306} INFO - Starting attempt 1 of 1
[2024-10-04T06:38:46.742+0000] {taskinstance.py:2330} INFO - Executing <Task(PythonOperator): dtc_prepare_data> on 2024-10-03 01:00:00+00:00
[2024-10-04T06:38:46.749+0000] {standard_task_runner.py:64} INFO - Started process 49222 to run task
[2024-10-04T06:38:46.751+0000] {standard_task_runner.py:90} INFO - Running: ['***', 'tasks', 'run', 'decision_tree_classifier_dag', 'dtc_prepare_data', 'scheduled__2024-10-03T01:00:00+00:00', '--job-id', '775', '--raw', '--subdir', 'DAGS_FOLDER/***/dags/.ipynb_checkpoints/hw1-checkpoint.py', '--cfg-path', '/tmp/tmp26lfu1pt']
[2024-10-04T06:38:46.753+0000] {standard_task_runner.py:91} INFO - Job 775: Subtask dtc_prepare_data
[2024-10-04T06:38:46.798+0000] {task_command.py:426} INFO - Running <TaskInstance: decision_tree_classifier_dag.dtc_prepare_data scheduled__2024-10-03T01:00:00+00:00 [running]> on host 4b5f1410d111
[2024-10-04T06:38:46.879+0000] {taskinstance.py:2648} INFO - Exporting env vars: AIRFLOW_CTX_DAG_EMAIL='alexvlg34@gmail.com' AIRFLOW_CTX_DAG_OWNER='Alex Trigolos' AIRFLOW_CTX_DAG_ID='decision_tree_classifier_dag' AIRFLOW_CTX_TASK_ID='dtc_prepare_data' AIRFLOW_CTX_EXECUTION_DATE='2024-10-03T01:00:00+00:00' AIRFLOW_CTX_TRY_NUMBER='1' AIRFLOW_CTX_DAG_RUN_ID='scheduled__2024-10-03T01:00:00+00:00'
[2024-10-04T06:38:46.881+0000] {taskinstance.py:430} INFO - ::endgroup::
[2024-10-04T06:38:46.890+0000] {hw1-checkpoint.py:107} INFO - Prepare data...
[2024-10-04T06:38:46.891+0000] {s3.py:1422} INFO - Downloading source S3 file from Bucket testmlops with path AlexTrigolos/DecisionTreeClassifier/datasets/dataset.pkl
[2024-10-04T06:38:46.899+0000] {base.py:84} INFO - Using connection ID 's3_connection' for task execution.
[2024-10-04T06:38:46.900+0000] {connection_wrapper.py:388} INFO - AWS Connection (conn_id='s3_connection', conn_type='aws') credentials retrieved from login and password.
[2024-10-04T06:38:47.334+0000] {hw1-checkpoint.py:78} INFO - /tmp/***_tmp_fmjgs28m
[2024-10-04T06:38:47.398+0000] {base.py:84} INFO - Using connection ID 's3_connection' for task execution.
[2024-10-04T06:38:47.399+0000] {connection_wrapper.py:388} INFO - AWS Connection (conn_id='s3_connection', conn_type='aws') credentials retrieved from login and password.
[2024-10-04T06:38:47.722+0000] {base.py:84} INFO - Using connection ID 's3_connection' for task execution.
[2024-10-04T06:38:47.723+0000] {connection_wrapper.py:388} INFO - AWS Connection (conn_id='s3_connection', conn_type='aws') credentials retrieved from login and password.
[2024-10-04T06:38:47.861+0000] {base.py:84} INFO - Using connection ID 's3_connection' for task execution.
[2024-10-04T06:38:47.862+0000] {connection_wrapper.py:388} INFO - AWS Connection (conn_id='s3_connection', conn_type='aws') credentials retrieved from login and password.
[2024-10-04T06:38:47.997+0000] {base.py:84} INFO - Using connection ID 's3_connection' for task execution.
[2024-10-04T06:38:47.998+0000] {connection_wrapper.py:388} INFO - AWS Connection (conn_id='s3_connection', conn_type='aws') credentials retrieved from login and password.
[2024-10-04T06:38:48.514+0000] {hw1-checkpoint.py:133} INFO - Prepared data.
[2024-10-04T06:38:48.515+0000] {python.py:237} INFO - Done. Returned value was: None
[2024-10-04T06:38:48.516+0000] {taskinstance.py:441} INFO - ::group::Post task execution logs
[2024-10-04T06:38:48.529+0000] {taskinstance.py:1206} INFO - Marking task as SUCCESS. dag_id=decision_tree_classifier_dag, task_id=dtc_prepare_data, run_id=scheduled__2024-10-03T01:00:00+00:00, execution_date=20241003T010000, start_date=20241004T063846, end_date=20241004T063848
[2024-10-04T06:38:48.573+0000] {local_task_job_runner.py:243} INFO - Task exited with return code 0
[2024-10-04T06:38:48.603+0000] {taskinstance.py:3503} INFO - 1 downstream tasks scheduled from follow-on schedule check
[2024-10-04T06:38:48.605+0000] {local_task_job_runner.py:222} INFO - ::endgroup::
