[2024-09-24T18:54:20.843+0000] {local_task_job_runner.py:120} INFO - ::group::Pre task execution logs
[2024-09-24T18:54:20.856+0000] {taskinstance.py:2076} INFO - Dependencies all met for dep_context=non-requeueable deps ti=<TaskInstance: decision_tree_classifier_dag.dtc_save_metrics_to_s3 manual__2024-09-24T18:54:07.810064+00:00 [queued]>
[2024-09-24T18:54:20.863+0000] {taskinstance.py:2076} INFO - Dependencies all met for dep_context=requeueable deps ti=<TaskInstance: decision_tree_classifier_dag.dtc_save_metrics_to_s3 manual__2024-09-24T18:54:07.810064+00:00 [queued]>
[2024-09-24T18:54:20.865+0000] {taskinstance.py:2306} INFO - Starting attempt 1 of 1
[2024-09-24T18:54:20.874+0000] {taskinstance.py:2330} INFO - Executing <Task(PythonOperator): dtc_save_metrics_to_s3> on 2024-09-24 18:54:07.810064+00:00
[2024-09-24T18:54:20.883+0000] {standard_task_runner.py:64} INFO - Started process 48913 to run task
[2024-09-24T18:54:20.886+0000] {standard_task_runner.py:90} INFO - Running: ['***', 'tasks', 'run', 'decision_tree_classifier_dag', 'dtc_save_metrics_to_s3', 'manual__2024-09-24T18:54:07.810064+00:00', '--job-id', '478', '--raw', '--subdir', 'DAGS_FOLDER/***/dags/.ipynb_checkpoints/hw1-checkpoint.py', '--cfg-path', '/tmp/tmpkdw6xuz4']
[2024-09-24T18:54:20.888+0000] {standard_task_runner.py:91} INFO - Job 478: Subtask dtc_save_metrics_to_s3
[2024-09-24T18:54:20.927+0000] {task_command.py:426} INFO - Running <TaskInstance: decision_tree_classifier_dag.dtc_save_metrics_to_s3 manual__2024-09-24T18:54:07.810064+00:00 [running]> on host 82997fc6deb7
[2024-09-24T18:54:20.997+0000] {taskinstance.py:2648} INFO - Exporting env vars: AIRFLOW_CTX_DAG_EMAIL='alexvlg34@gmail.com' AIRFLOW_CTX_DAG_OWNER='Alex Trigolos' AIRFLOW_CTX_DAG_ID='decision_tree_classifier_dag' AIRFLOW_CTX_TASK_ID='dtc_save_metrics_to_s3' AIRFLOW_CTX_EXECUTION_DATE='2024-09-24T18:54:07.810064+00:00' AIRFLOW_CTX_TRY_NUMBER='1' AIRFLOW_CTX_DAG_RUN_ID='manual__2024-09-24T18:54:07.810064+00:00'
[2024-09-24T18:54:20.999+0000] {taskinstance.py:430} INFO - ::endgroup::
[2024-09-24T18:54:21.008+0000] {hw1-checkpoint.py:175} INFO - Save metrics...
[2024-09-24T18:54:21.089+0000] {base.py:84} INFO - Using connection ID 's3_connection' for task execution.
[2024-09-24T18:54:21.090+0000] {connection_wrapper.py:388} INFO - AWS Connection (conn_id='s3_connection', conn_type='aws') credentials retrieved from login and password.
[2024-09-24T18:54:21.592+0000] {hw1-checkpoint.py:202} INFO - DONE!!!
[2024-09-24T18:54:21.594+0000] {python.py:237} INFO - Done. Returned value was: None
[2024-09-24T18:54:21.595+0000] {taskinstance.py:441} INFO - ::group::Post task execution logs
[2024-09-24T18:54:21.603+0000] {taskinstance.py:1206} INFO - Marking task as SUCCESS. dag_id=decision_tree_classifier_dag, task_id=dtc_save_metrics_to_s3, run_id=manual__2024-09-24T18:54:07.810064+00:00, execution_date=20240924T185407, start_date=20240924T185420, end_date=20240924T185421
[2024-09-24T18:54:21.662+0000] {local_task_job_runner.py:243} INFO - Task exited with return code 0
[2024-09-24T18:54:21.677+0000] {taskinstance.py:3503} INFO - 0 downstream tasks scheduled from follow-on schedule check
[2024-09-24T18:54:21.681+0000] {local_task_job_runner.py:222} INFO - ::endgroup::
