[2024-09-24T20:22:08.590+0000] {processor.py:161} INFO - Started process (PID=407) to work on /opt/airflow/dags/.cache/pip/http/b/4/3/1/6/b4316c700c62b109faa21936af6e94703ce6d0d5f844da17642786df
[2024-09-24T20:22:08.594+0000] {processor.py:830} INFO - Processing file /opt/airflow/dags/.cache/pip/http/b/4/3/1/6/b4316c700c62b109faa21936af6e94703ce6d0d5f844da17642786df for tasks to queue
[2024-09-24T20:22:08.617+0000] {logging_mixin.py:188} INFO - [2024-09-24T20:22:08.617+0000] {dagbag.py:545} INFO - Filling up the DagBag from /opt/airflow/dags/.cache/pip/http/b/4/3/1/6/b4316c700c62b109faa21936af6e94703ce6d0d5f844da17642786df
[2024-09-24T20:22:08.665+0000] {processor.py:842} WARNING - No viable dags retrieved from /opt/airflow/dags/.cache/pip/http/b/4/3/1/6/b4316c700c62b109faa21936af6e94703ce6d0d5f844da17642786df
[2024-09-24T20:22:08.683+0000] {processor.py:183} INFO - Processing /opt/airflow/dags/.cache/pip/http/b/4/3/1/6/b4316c700c62b109faa21936af6e94703ce6d0d5f844da17642786df took 0.104 seconds
[2024-09-24T20:22:41.724+0000] {processor.py:161} INFO - Started process (PID=681) to work on /opt/airflow/dags/.cache/pip/http/b/4/3/1/6/b4316c700c62b109faa21936af6e94703ce6d0d5f844da17642786df
[2024-09-24T20:22:41.728+0000] {processor.py:830} INFO - Processing file /opt/airflow/dags/.cache/pip/http/b/4/3/1/6/b4316c700c62b109faa21936af6e94703ce6d0d5f844da17642786df for tasks to queue
[2024-09-24T20:22:41.730+0000] {logging_mixin.py:188} INFO - [2024-09-24T20:22:41.730+0000] {dagbag.py:545} INFO - Filling up the DagBag from /opt/airflow/dags/.cache/pip/http/b/4/3/1/6/b4316c700c62b109faa21936af6e94703ce6d0d5f844da17642786df
[2024-09-24T20:22:41.835+0000] {processor.py:842} WARNING - No viable dags retrieved from /opt/airflow/dags/.cache/pip/http/b/4/3/1/6/b4316c700c62b109faa21936af6e94703ce6d0d5f844da17642786df
[2024-09-24T20:22:41.859+0000] {processor.py:183} INFO - Processing /opt/airflow/dags/.cache/pip/http/b/4/3/1/6/b4316c700c62b109faa21936af6e94703ce6d0d5f844da17642786df took 0.146 seconds
[2024-09-24T20:27:56.566+0000] {processor.py:161} INFO - Started process (PID=411) to work on /opt/airflow/dags/.cache/pip/http/b/4/3/1/6/b4316c700c62b109faa21936af6e94703ce6d0d5f844da17642786df
[2024-09-24T20:27:56.567+0000] {processor.py:830} INFO - Processing file /opt/airflow/dags/.cache/pip/http/b/4/3/1/6/b4316c700c62b109faa21936af6e94703ce6d0d5f844da17642786df for tasks to queue
[2024-09-24T20:27:56.569+0000] {logging_mixin.py:188} INFO - [2024-09-24T20:27:56.568+0000] {dagbag.py:545} INFO - Filling up the DagBag from /opt/airflow/dags/.cache/pip/http/b/4/3/1/6/b4316c700c62b109faa21936af6e94703ce6d0d5f844da17642786df
[2024-09-24T20:27:56.601+0000] {processor.py:842} WARNING - No viable dags retrieved from /opt/airflow/dags/.cache/pip/http/b/4/3/1/6/b4316c700c62b109faa21936af6e94703ce6d0d5f844da17642786df
[2024-09-24T20:27:56.613+0000] {processor.py:183} INFO - Processing /opt/airflow/dags/.cache/pip/http/b/4/3/1/6/b4316c700c62b109faa21936af6e94703ce6d0d5f844da17642786df took 0.052 seconds
[2024-09-24T20:28:29.405+0000] {processor.py:161} INFO - Started process (PID=685) to work on /opt/airflow/dags/.cache/pip/http/b/4/3/1/6/b4316c700c62b109faa21936af6e94703ce6d0d5f844da17642786df
[2024-09-24T20:28:29.405+0000] {processor.py:830} INFO - Processing file /opt/airflow/dags/.cache/pip/http/b/4/3/1/6/b4316c700c62b109faa21936af6e94703ce6d0d5f844da17642786df for tasks to queue
[2024-09-24T20:28:29.407+0000] {logging_mixin.py:188} INFO - [2024-09-24T20:28:29.406+0000] {dagbag.py:545} INFO - Filling up the DagBag from /opt/airflow/dags/.cache/pip/http/b/4/3/1/6/b4316c700c62b109faa21936af6e94703ce6d0d5f844da17642786df
[2024-09-24T20:28:29.422+0000] {processor.py:842} WARNING - No viable dags retrieved from /opt/airflow/dags/.cache/pip/http/b/4/3/1/6/b4316c700c62b109faa21936af6e94703ce6d0d5f844da17642786df
[2024-09-24T20:28:29.433+0000] {processor.py:183} INFO - Processing /opt/airflow/dags/.cache/pip/http/b/4/3/1/6/b4316c700c62b109faa21936af6e94703ce6d0d5f844da17642786df took 0.032 seconds
[2024-09-24T20:29:01.493+0000] {processor.py:161} INFO - Started process (PID=959) to work on /opt/airflow/dags/.cache/pip/http/b/4/3/1/6/b4316c700c62b109faa21936af6e94703ce6d0d5f844da17642786df
[2024-09-24T20:29:01.494+0000] {processor.py:830} INFO - Processing file /opt/airflow/dags/.cache/pip/http/b/4/3/1/6/b4316c700c62b109faa21936af6e94703ce6d0d5f844da17642786df for tasks to queue
[2024-09-24T20:29:01.495+0000] {logging_mixin.py:188} INFO - [2024-09-24T20:29:01.495+0000] {dagbag.py:545} INFO - Filling up the DagBag from /opt/airflow/dags/.cache/pip/http/b/4/3/1/6/b4316c700c62b109faa21936af6e94703ce6d0d5f844da17642786df
[2024-09-24T20:29:01.512+0000] {processor.py:842} WARNING - No viable dags retrieved from /opt/airflow/dags/.cache/pip/http/b/4/3/1/6/b4316c700c62b109faa21936af6e94703ce6d0d5f844da17642786df
[2024-09-24T20:29:01.522+0000] {processor.py:183} INFO - Processing /opt/airflow/dags/.cache/pip/http/b/4/3/1/6/b4316c700c62b109faa21936af6e94703ce6d0d5f844da17642786df took 0.033 seconds
[2024-09-24T20:29:32.941+0000] {processor.py:161} INFO - Started process (PID=1233) to work on /opt/airflow/dags/.cache/pip/http/b/4/3/1/6/b4316c700c62b109faa21936af6e94703ce6d0d5f844da17642786df
[2024-09-24T20:29:32.942+0000] {processor.py:830} INFO - Processing file /opt/airflow/dags/.cache/pip/http/b/4/3/1/6/b4316c700c62b109faa21936af6e94703ce6d0d5f844da17642786df for tasks to queue
[2024-09-24T20:29:32.943+0000] {logging_mixin.py:188} INFO - [2024-09-24T20:29:32.943+0000] {dagbag.py:545} INFO - Filling up the DagBag from /opt/airflow/dags/.cache/pip/http/b/4/3/1/6/b4316c700c62b109faa21936af6e94703ce6d0d5f844da17642786df
[2024-09-24T20:29:32.977+0000] {processor.py:842} WARNING - No viable dags retrieved from /opt/airflow/dags/.cache/pip/http/b/4/3/1/6/b4316c700c62b109faa21936af6e94703ce6d0d5f844da17642786df
[2024-09-24T20:29:32.988+0000] {processor.py:183} INFO - Processing /opt/airflow/dags/.cache/pip/http/b/4/3/1/6/b4316c700c62b109faa21936af6e94703ce6d0d5f844da17642786df took 0.052 seconds
[2024-09-24T20:30:04.339+0000] {processor.py:161} INFO - Started process (PID=1507) to work on /opt/airflow/dags/.cache/pip/http/b/4/3/1/6/b4316c700c62b109faa21936af6e94703ce6d0d5f844da17642786df
[2024-09-24T20:30:04.340+0000] {processor.py:830} INFO - Processing file /opt/airflow/dags/.cache/pip/http/b/4/3/1/6/b4316c700c62b109faa21936af6e94703ce6d0d5f844da17642786df for tasks to queue
[2024-09-24T20:30:04.343+0000] {logging_mixin.py:188} INFO - [2024-09-24T20:30:04.343+0000] {dagbag.py:545} INFO - Filling up the DagBag from /opt/airflow/dags/.cache/pip/http/b/4/3/1/6/b4316c700c62b109faa21936af6e94703ce6d0d5f844da17642786df
[2024-09-24T20:30:04.357+0000] {processor.py:842} WARNING - No viable dags retrieved from /opt/airflow/dags/.cache/pip/http/b/4/3/1/6/b4316c700c62b109faa21936af6e94703ce6d0d5f844da17642786df
[2024-09-24T20:30:04.366+0000] {processor.py:183} INFO - Processing /opt/airflow/dags/.cache/pip/http/b/4/3/1/6/b4316c700c62b109faa21936af6e94703ce6d0d5f844da17642786df took 0.031 seconds
[2024-09-24T20:30:37.303+0000] {processor.py:161} INFO - Started process (PID=1781) to work on /opt/airflow/dags/.cache/pip/http/b/4/3/1/6/b4316c700c62b109faa21936af6e94703ce6d0d5f844da17642786df
[2024-09-24T20:30:37.303+0000] {processor.py:830} INFO - Processing file /opt/airflow/dags/.cache/pip/http/b/4/3/1/6/b4316c700c62b109faa21936af6e94703ce6d0d5f844da17642786df for tasks to queue
[2024-09-24T20:30:37.305+0000] {logging_mixin.py:188} INFO - [2024-09-24T20:30:37.304+0000] {dagbag.py:545} INFO - Filling up the DagBag from /opt/airflow/dags/.cache/pip/http/b/4/3/1/6/b4316c700c62b109faa21936af6e94703ce6d0d5f844da17642786df
[2024-09-24T20:30:37.321+0000] {processor.py:842} WARNING - No viable dags retrieved from /opt/airflow/dags/.cache/pip/http/b/4/3/1/6/b4316c700c62b109faa21936af6e94703ce6d0d5f844da17642786df
[2024-09-24T20:30:37.331+0000] {processor.py:183} INFO - Processing /opt/airflow/dags/.cache/pip/http/b/4/3/1/6/b4316c700c62b109faa21936af6e94703ce6d0d5f844da17642786df took 0.033 seconds
[2024-09-24T20:31:09.210+0000] {processor.py:161} INFO - Started process (PID=2055) to work on /opt/airflow/dags/.cache/pip/http/b/4/3/1/6/b4316c700c62b109faa21936af6e94703ce6d0d5f844da17642786df
[2024-09-24T20:31:09.211+0000] {processor.py:830} INFO - Processing file /opt/airflow/dags/.cache/pip/http/b/4/3/1/6/b4316c700c62b109faa21936af6e94703ce6d0d5f844da17642786df for tasks to queue
[2024-09-24T20:31:09.213+0000] {logging_mixin.py:188} INFO - [2024-09-24T20:31:09.212+0000] {dagbag.py:545} INFO - Filling up the DagBag from /opt/airflow/dags/.cache/pip/http/b/4/3/1/6/b4316c700c62b109faa21936af6e94703ce6d0d5f844da17642786df
[2024-09-24T20:31:09.244+0000] {processor.py:842} WARNING - No viable dags retrieved from /opt/airflow/dags/.cache/pip/http/b/4/3/1/6/b4316c700c62b109faa21936af6e94703ce6d0d5f844da17642786df
[2024-09-24T20:31:09.257+0000] {processor.py:183} INFO - Processing /opt/airflow/dags/.cache/pip/http/b/4/3/1/6/b4316c700c62b109faa21936af6e94703ce6d0d5f844da17642786df took 0.051 seconds
[2024-09-24T20:31:41.256+0000] {processor.py:161} INFO - Started process (PID=2328) to work on /opt/airflow/dags/.cache/pip/http/b/4/3/1/6/b4316c700c62b109faa21936af6e94703ce6d0d5f844da17642786df
[2024-09-24T20:31:41.257+0000] {processor.py:830} INFO - Processing file /opt/airflow/dags/.cache/pip/http/b/4/3/1/6/b4316c700c62b109faa21936af6e94703ce6d0d5f844da17642786df for tasks to queue
[2024-09-24T20:31:41.258+0000] {logging_mixin.py:188} INFO - [2024-09-24T20:31:41.258+0000] {dagbag.py:545} INFO - Filling up the DagBag from /opt/airflow/dags/.cache/pip/http/b/4/3/1/6/b4316c700c62b109faa21936af6e94703ce6d0d5f844da17642786df
[2024-09-24T20:31:41.272+0000] {processor.py:842} WARNING - No viable dags retrieved from /opt/airflow/dags/.cache/pip/http/b/4/3/1/6/b4316c700c62b109faa21936af6e94703ce6d0d5f844da17642786df
[2024-09-24T20:31:41.284+0000] {processor.py:183} INFO - Processing /opt/airflow/dags/.cache/pip/http/b/4/3/1/6/b4316c700c62b109faa21936af6e94703ce6d0d5f844da17642786df took 0.032 seconds
[2024-09-24T20:32:26.947+0000] {processor.py:161} INFO - Started process (PID=2608) to work on /opt/airflow/dags/.cache/pip/http/b/4/3/1/6/b4316c700c62b109faa21936af6e94703ce6d0d5f844da17642786df
[2024-09-24T20:32:26.948+0000] {processor.py:830} INFO - Processing file /opt/airflow/dags/.cache/pip/http/b/4/3/1/6/b4316c700c62b109faa21936af6e94703ce6d0d5f844da17642786df for tasks to queue
[2024-09-24T20:32:26.950+0000] {logging_mixin.py:188} INFO - [2024-09-24T20:32:26.950+0000] {dagbag.py:545} INFO - Filling up the DagBag from /opt/airflow/dags/.cache/pip/http/b/4/3/1/6/b4316c700c62b109faa21936af6e94703ce6d0d5f844da17642786df
[2024-09-24T20:32:26.979+0000] {processor.py:842} WARNING - No viable dags retrieved from /opt/airflow/dags/.cache/pip/http/b/4/3/1/6/b4316c700c62b109faa21936af6e94703ce6d0d5f844da17642786df
[2024-09-24T20:32:26.989+0000] {processor.py:183} INFO - Processing /opt/airflow/dags/.cache/pip/http/b/4/3/1/6/b4316c700c62b109faa21936af6e94703ce6d0d5f844da17642786df took 0.047 seconds
