[2024-10-03T08:42:01.832+0000] {processor.py:161} INFO - Started process (PID=325) to work on /opt/airflow/dags/.cache/pip/http/f/2/6/c/f/f26cf5e9d5854492bd4a8f52845c5b2f14652449ecceb3d29c560041
[2024-10-03T08:42:01.833+0000] {processor.py:830} INFO - Processing file /opt/airflow/dags/.cache/pip/http/f/2/6/c/f/f26cf5e9d5854492bd4a8f52845c5b2f14652449ecceb3d29c560041 for tasks to queue
[2024-10-03T08:42:01.835+0000] {logging_mixin.py:188} INFO - [2024-10-03T08:42:01.834+0000] {dagbag.py:545} INFO - Filling up the DagBag from /opt/airflow/dags/.cache/pip/http/f/2/6/c/f/f26cf5e9d5854492bd4a8f52845c5b2f14652449ecceb3d29c560041
[2024-10-03T08:42:01.865+0000] {processor.py:842} WARNING - No viable dags retrieved from /opt/airflow/dags/.cache/pip/http/f/2/6/c/f/f26cf5e9d5854492bd4a8f52845c5b2f14652449ecceb3d29c560041
[2024-10-03T08:42:01.881+0000] {processor.py:183} INFO - Processing /opt/airflow/dags/.cache/pip/http/f/2/6/c/f/f26cf5e9d5854492bd4a8f52845c5b2f14652449ecceb3d29c560041 took 0.053 seconds
[2024-10-03T08:42:35.101+0000] {processor.py:161} INFO - Started process (PID=567) to work on /opt/airflow/dags/.cache/pip/http/f/2/6/c/f/f26cf5e9d5854492bd4a8f52845c5b2f14652449ecceb3d29c560041
[2024-10-03T08:42:35.105+0000] {processor.py:830} INFO - Processing file /opt/airflow/dags/.cache/pip/http/f/2/6/c/f/f26cf5e9d5854492bd4a8f52845c5b2f14652449ecceb3d29c560041 for tasks to queue
[2024-10-03T08:42:35.117+0000] {logging_mixin.py:188} INFO - [2024-10-03T08:42:35.116+0000] {dagbag.py:545} INFO - Filling up the DagBag from /opt/airflow/dags/.cache/pip/http/f/2/6/c/f/f26cf5e9d5854492bd4a8f52845c5b2f14652449ecceb3d29c560041
[2024-10-03T08:42:35.197+0000] {processor.py:842} WARNING - No viable dags retrieved from /opt/airflow/dags/.cache/pip/http/f/2/6/c/f/f26cf5e9d5854492bd4a8f52845c5b2f14652449ecceb3d29c560041
[2024-10-03T08:42:35.215+0000] {processor.py:183} INFO - Processing /opt/airflow/dags/.cache/pip/http/f/2/6/c/f/f26cf5e9d5854492bd4a8f52845c5b2f14652449ecceb3d29c560041 took 0.130 seconds
[2024-10-03T08:43:07.654+0000] {processor.py:161} INFO - Started process (PID=807) to work on /opt/airflow/dags/.cache/pip/http/f/2/6/c/f/f26cf5e9d5854492bd4a8f52845c5b2f14652449ecceb3d29c560041
[2024-10-03T08:43:07.656+0000] {processor.py:830} INFO - Processing file /opt/airflow/dags/.cache/pip/http/f/2/6/c/f/f26cf5e9d5854492bd4a8f52845c5b2f14652449ecceb3d29c560041 for tasks to queue
[2024-10-03T08:43:07.659+0000] {logging_mixin.py:188} INFO - [2024-10-03T08:43:07.659+0000] {dagbag.py:545} INFO - Filling up the DagBag from /opt/airflow/dags/.cache/pip/http/f/2/6/c/f/f26cf5e9d5854492bd4a8f52845c5b2f14652449ecceb3d29c560041
[2024-10-03T08:43:07.744+0000] {processor.py:842} WARNING - No viable dags retrieved from /opt/airflow/dags/.cache/pip/http/f/2/6/c/f/f26cf5e9d5854492bd4a8f52845c5b2f14652449ecceb3d29c560041
[2024-10-03T08:43:07.768+0000] {processor.py:183} INFO - Processing /opt/airflow/dags/.cache/pip/http/f/2/6/c/f/f26cf5e9d5854492bd4a8f52845c5b2f14652449ecceb3d29c560041 took 0.125 seconds
[2024-10-03T08:43:40.070+0000] {processor.py:161} INFO - Started process (PID=1025) to work on /opt/airflow/dags/.cache/pip/http/f/2/6/c/f/f26cf5e9d5854492bd4a8f52845c5b2f14652449ecceb3d29c560041
[2024-10-03T08:43:40.074+0000] {processor.py:830} INFO - Processing file /opt/airflow/dags/.cache/pip/http/f/2/6/c/f/f26cf5e9d5854492bd4a8f52845c5b2f14652449ecceb3d29c560041 for tasks to queue
[2024-10-03T08:43:40.075+0000] {logging_mixin.py:188} INFO - [2024-10-03T08:43:40.075+0000] {dagbag.py:545} INFO - Filling up the DagBag from /opt/airflow/dags/.cache/pip/http/f/2/6/c/f/f26cf5e9d5854492bd4a8f52845c5b2f14652449ecceb3d29c560041
[2024-10-03T08:43:40.115+0000] {processor.py:842} WARNING - No viable dags retrieved from /opt/airflow/dags/.cache/pip/http/f/2/6/c/f/f26cf5e9d5854492bd4a8f52845c5b2f14652449ecceb3d29c560041
[2024-10-03T08:43:40.126+0000] {processor.py:183} INFO - Processing /opt/airflow/dags/.cache/pip/http/f/2/6/c/f/f26cf5e9d5854492bd4a8f52845c5b2f14652449ecceb3d29c560041 took 0.072 seconds
[2024-10-03T08:44:11.454+0000] {processor.py:161} INFO - Started process (PID=1267) to work on /opt/airflow/dags/.cache/pip/http/f/2/6/c/f/f26cf5e9d5854492bd4a8f52845c5b2f14652449ecceb3d29c560041
[2024-10-03T08:44:11.459+0000] {processor.py:830} INFO - Processing file /opt/airflow/dags/.cache/pip/http/f/2/6/c/f/f26cf5e9d5854492bd4a8f52845c5b2f14652449ecceb3d29c560041 for tasks to queue
[2024-10-03T08:44:11.461+0000] {logging_mixin.py:188} INFO - [2024-10-03T08:44:11.461+0000] {dagbag.py:545} INFO - Filling up the DagBag from /opt/airflow/dags/.cache/pip/http/f/2/6/c/f/f26cf5e9d5854492bd4a8f52845c5b2f14652449ecceb3d29c560041
[2024-10-03T08:44:11.497+0000] {processor.py:842} WARNING - No viable dags retrieved from /opt/airflow/dags/.cache/pip/http/f/2/6/c/f/f26cf5e9d5854492bd4a8f52845c5b2f14652449ecceb3d29c560041
[2024-10-03T08:44:11.512+0000] {processor.py:183} INFO - Processing /opt/airflow/dags/.cache/pip/http/f/2/6/c/f/f26cf5e9d5854492bd4a8f52845c5b2f14652449ecceb3d29c560041 took 0.063 seconds
[2024-10-03T08:44:43.472+0000] {processor.py:161} INFO - Started process (PID=1509) to work on /opt/airflow/dags/.cache/pip/http/f/2/6/c/f/f26cf5e9d5854492bd4a8f52845c5b2f14652449ecceb3d29c560041
[2024-10-03T08:44:43.473+0000] {processor.py:830} INFO - Processing file /opt/airflow/dags/.cache/pip/http/f/2/6/c/f/f26cf5e9d5854492bd4a8f52845c5b2f14652449ecceb3d29c560041 for tasks to queue
[2024-10-03T08:44:43.477+0000] {logging_mixin.py:188} INFO - [2024-10-03T08:44:43.476+0000] {dagbag.py:545} INFO - Filling up the DagBag from /opt/airflow/dags/.cache/pip/http/f/2/6/c/f/f26cf5e9d5854492bd4a8f52845c5b2f14652449ecceb3d29c560041
[2024-10-03T08:44:43.581+0000] {processor.py:842} WARNING - No viable dags retrieved from /opt/airflow/dags/.cache/pip/http/f/2/6/c/f/f26cf5e9d5854492bd4a8f52845c5b2f14652449ecceb3d29c560041
[2024-10-03T08:44:43.602+0000] {processor.py:183} INFO - Processing /opt/airflow/dags/.cache/pip/http/f/2/6/c/f/f26cf5e9d5854492bd4a8f52845c5b2f14652449ecceb3d29c560041 took 0.141 seconds
[2024-10-03T08:45:18.027+0000] {processor.py:161} INFO - Started process (PID=1757) to work on /opt/airflow/dags/.cache/pip/http/f/2/6/c/f/f26cf5e9d5854492bd4a8f52845c5b2f14652449ecceb3d29c560041
[2024-10-03T08:45:18.030+0000] {processor.py:830} INFO - Processing file /opt/airflow/dags/.cache/pip/http/f/2/6/c/f/f26cf5e9d5854492bd4a8f52845c5b2f14652449ecceb3d29c560041 for tasks to queue
[2024-10-03T08:45:18.038+0000] {logging_mixin.py:188} INFO - [2024-10-03T08:45:18.037+0000] {dagbag.py:545} INFO - Filling up the DagBag from /opt/airflow/dags/.cache/pip/http/f/2/6/c/f/f26cf5e9d5854492bd4a8f52845c5b2f14652449ecceb3d29c560041
[2024-10-03T08:45:18.105+0000] {processor.py:842} WARNING - No viable dags retrieved from /opt/airflow/dags/.cache/pip/http/f/2/6/c/f/f26cf5e9d5854492bd4a8f52845c5b2f14652449ecceb3d29c560041
[2024-10-03T08:45:18.127+0000] {processor.py:183} INFO - Processing /opt/airflow/dags/.cache/pip/http/f/2/6/c/f/f26cf5e9d5854492bd4a8f52845c5b2f14652449ecceb3d29c560041 took 0.115 seconds
[2024-10-03T08:45:49.901+0000] {processor.py:161} INFO - Started process (PID=1998) to work on /opt/airflow/dags/.cache/pip/http/f/2/6/c/f/f26cf5e9d5854492bd4a8f52845c5b2f14652449ecceb3d29c560041
[2024-10-03T08:45:49.902+0000] {processor.py:830} INFO - Processing file /opt/airflow/dags/.cache/pip/http/f/2/6/c/f/f26cf5e9d5854492bd4a8f52845c5b2f14652449ecceb3d29c560041 for tasks to queue
[2024-10-03T08:45:49.906+0000] {logging_mixin.py:188} INFO - [2024-10-03T08:45:49.905+0000] {dagbag.py:545} INFO - Filling up the DagBag from /opt/airflow/dags/.cache/pip/http/f/2/6/c/f/f26cf5e9d5854492bd4a8f52845c5b2f14652449ecceb3d29c560041
[2024-10-03T08:45:49.974+0000] {processor.py:842} WARNING - No viable dags retrieved from /opt/airflow/dags/.cache/pip/http/f/2/6/c/f/f26cf5e9d5854492bd4a8f52845c5b2f14652449ecceb3d29c560041
[2024-10-03T08:45:49.996+0000] {processor.py:183} INFO - Processing /opt/airflow/dags/.cache/pip/http/f/2/6/c/f/f26cf5e9d5854492bd4a8f52845c5b2f14652449ecceb3d29c560041 took 0.106 seconds
[2024-10-03T08:46:21.882+0000] {processor.py:161} INFO - Started process (PID=2238) to work on /opt/airflow/dags/.cache/pip/http/f/2/6/c/f/f26cf5e9d5854492bd4a8f52845c5b2f14652449ecceb3d29c560041
[2024-10-03T08:46:21.885+0000] {processor.py:830} INFO - Processing file /opt/airflow/dags/.cache/pip/http/f/2/6/c/f/f26cf5e9d5854492bd4a8f52845c5b2f14652449ecceb3d29c560041 for tasks to queue
[2024-10-03T08:46:21.887+0000] {logging_mixin.py:188} INFO - [2024-10-03T08:46:21.887+0000] {dagbag.py:545} INFO - Filling up the DagBag from /opt/airflow/dags/.cache/pip/http/f/2/6/c/f/f26cf5e9d5854492bd4a8f52845c5b2f14652449ecceb3d29c560041
[2024-10-03T08:46:21.948+0000] {processor.py:842} WARNING - No viable dags retrieved from /opt/airflow/dags/.cache/pip/http/f/2/6/c/f/f26cf5e9d5854492bd4a8f52845c5b2f14652449ecceb3d29c560041
[2024-10-03T08:46:21.963+0000] {processor.py:183} INFO - Processing /opt/airflow/dags/.cache/pip/http/f/2/6/c/f/f26cf5e9d5854492bd4a8f52845c5b2f14652449ecceb3d29c560041 took 0.090 seconds
[2024-10-03T08:47:11.986+0000] {processor.py:161} INFO - Started process (PID=2509) to work on /opt/airflow/dags/.cache/pip/http/f/2/6/c/f/f26cf5e9d5854492bd4a8f52845c5b2f14652449ecceb3d29c560041
[2024-10-03T08:47:11.991+0000] {processor.py:830} INFO - Processing file /opt/airflow/dags/.cache/pip/http/f/2/6/c/f/f26cf5e9d5854492bd4a8f52845c5b2f14652449ecceb3d29c560041 for tasks to queue
[2024-10-03T08:47:11.994+0000] {logging_mixin.py:188} INFO - [2024-10-03T08:47:11.994+0000] {dagbag.py:545} INFO - Filling up the DagBag from /opt/airflow/dags/.cache/pip/http/f/2/6/c/f/f26cf5e9d5854492bd4a8f52845c5b2f14652449ecceb3d29c560041
[2024-10-03T08:47:12.085+0000] {processor.py:842} WARNING - No viable dags retrieved from /opt/airflow/dags/.cache/pip/http/f/2/6/c/f/f26cf5e9d5854492bd4a8f52845c5b2f14652449ecceb3d29c560041
[2024-10-03T08:47:12.109+0000] {processor.py:183} INFO - Processing /opt/airflow/dags/.cache/pip/http/f/2/6/c/f/f26cf5e9d5854492bd4a8f52845c5b2f14652449ecceb3d29c560041 took 0.132 seconds
[2024-10-03T08:47:45.597+0000] {processor.py:161} INFO - Started process (PID=2749) to work on /opt/airflow/dags/.cache/pip/http/f/2/6/c/f/f26cf5e9d5854492bd4a8f52845c5b2f14652449ecceb3d29c560041
[2024-10-03T08:47:45.599+0000] {processor.py:830} INFO - Processing file /opt/airflow/dags/.cache/pip/http/f/2/6/c/f/f26cf5e9d5854492bd4a8f52845c5b2f14652449ecceb3d29c560041 for tasks to queue
[2024-10-03T08:47:45.602+0000] {logging_mixin.py:188} INFO - [2024-10-03T08:47:45.602+0000] {dagbag.py:545} INFO - Filling up the DagBag from /opt/airflow/dags/.cache/pip/http/f/2/6/c/f/f26cf5e9d5854492bd4a8f52845c5b2f14652449ecceb3d29c560041
[2024-10-03T08:47:45.695+0000] {processor.py:842} WARNING - No viable dags retrieved from /opt/airflow/dags/.cache/pip/http/f/2/6/c/f/f26cf5e9d5854492bd4a8f52845c5b2f14652449ecceb3d29c560041
[2024-10-03T08:47:45.717+0000] {processor.py:183} INFO - Processing /opt/airflow/dags/.cache/pip/http/f/2/6/c/f/f26cf5e9d5854492bd4a8f52845c5b2f14652449ecceb3d29c560041 took 0.129 seconds
[2024-10-03T08:48:18.740+0000] {processor.py:161} INFO - Started process (PID=2997) to work on /opt/airflow/dags/.cache/pip/http/f/2/6/c/f/f26cf5e9d5854492bd4a8f52845c5b2f14652449ecceb3d29c560041
[2024-10-03T08:48:18.742+0000] {processor.py:830} INFO - Processing file /opt/airflow/dags/.cache/pip/http/f/2/6/c/f/f26cf5e9d5854492bd4a8f52845c5b2f14652449ecceb3d29c560041 for tasks to queue
[2024-10-03T08:48:18.746+0000] {logging_mixin.py:188} INFO - [2024-10-03T08:48:18.745+0000] {dagbag.py:545} INFO - Filling up the DagBag from /opt/airflow/dags/.cache/pip/http/f/2/6/c/f/f26cf5e9d5854492bd4a8f52845c5b2f14652449ecceb3d29c560041
[2024-10-03T08:48:18.887+0000] {processor.py:842} WARNING - No viable dags retrieved from /opt/airflow/dags/.cache/pip/http/f/2/6/c/f/f26cf5e9d5854492bd4a8f52845c5b2f14652449ecceb3d29c560041
[2024-10-03T08:48:18.913+0000] {processor.py:183} INFO - Processing /opt/airflow/dags/.cache/pip/http/f/2/6/c/f/f26cf5e9d5854492bd4a8f52845c5b2f14652449ecceb3d29c560041 took 0.184 seconds
[2024-10-03T08:48:50.856+0000] {processor.py:161} INFO - Started process (PID=3241) to work on /opt/airflow/dags/.cache/pip/http/f/2/6/c/f/f26cf5e9d5854492bd4a8f52845c5b2f14652449ecceb3d29c560041
[2024-10-03T08:48:50.857+0000] {processor.py:830} INFO - Processing file /opt/airflow/dags/.cache/pip/http/f/2/6/c/f/f26cf5e9d5854492bd4a8f52845c5b2f14652449ecceb3d29c560041 for tasks to queue
[2024-10-03T08:48:50.858+0000] {logging_mixin.py:188} INFO - [2024-10-03T08:48:50.858+0000] {dagbag.py:545} INFO - Filling up the DagBag from /opt/airflow/dags/.cache/pip/http/f/2/6/c/f/f26cf5e9d5854492bd4a8f52845c5b2f14652449ecceb3d29c560041
[2024-10-03T08:48:50.891+0000] {processor.py:842} WARNING - No viable dags retrieved from /opt/airflow/dags/.cache/pip/http/f/2/6/c/f/f26cf5e9d5854492bd4a8f52845c5b2f14652449ecceb3d29c560041
[2024-10-03T08:48:50.901+0000] {processor.py:183} INFO - Processing /opt/airflow/dags/.cache/pip/http/f/2/6/c/f/f26cf5e9d5854492bd4a8f52845c5b2f14652449ecceb3d29c560041 took 0.052 seconds
[2024-10-03T08:49:22.742+0000] {processor.py:161} INFO - Started process (PID=3483) to work on /opt/airflow/dags/.cache/pip/http/f/2/6/c/f/f26cf5e9d5854492bd4a8f52845c5b2f14652449ecceb3d29c560041
[2024-10-03T08:49:22.745+0000] {processor.py:830} INFO - Processing file /opt/airflow/dags/.cache/pip/http/f/2/6/c/f/f26cf5e9d5854492bd4a8f52845c5b2f14652449ecceb3d29c560041 for tasks to queue
[2024-10-03T08:49:22.748+0000] {logging_mixin.py:188} INFO - [2024-10-03T08:49:22.747+0000] {dagbag.py:545} INFO - Filling up the DagBag from /opt/airflow/dags/.cache/pip/http/f/2/6/c/f/f26cf5e9d5854492bd4a8f52845c5b2f14652449ecceb3d29c560041
[2024-10-03T08:49:22.802+0000] {processor.py:842} WARNING - No viable dags retrieved from /opt/airflow/dags/.cache/pip/http/f/2/6/c/f/f26cf5e9d5854492bd4a8f52845c5b2f14652449ecceb3d29c560041
[2024-10-03T08:49:22.814+0000] {processor.py:183} INFO - Processing /opt/airflow/dags/.cache/pip/http/f/2/6/c/f/f26cf5e9d5854492bd4a8f52845c5b2f14652449ecceb3d29c560041 took 0.078 seconds
[2024-10-03T08:49:56.311+0000] {processor.py:161} INFO - Started process (PID=3726) to work on /opt/airflow/dags/.cache/pip/http/f/2/6/c/f/f26cf5e9d5854492bd4a8f52845c5b2f14652449ecceb3d29c560041
[2024-10-03T08:49:56.312+0000] {processor.py:830} INFO - Processing file /opt/airflow/dags/.cache/pip/http/f/2/6/c/f/f26cf5e9d5854492bd4a8f52845c5b2f14652449ecceb3d29c560041 for tasks to queue
[2024-10-03T08:49:56.314+0000] {logging_mixin.py:188} INFO - [2024-10-03T08:49:56.314+0000] {dagbag.py:545} INFO - Filling up the DagBag from /opt/airflow/dags/.cache/pip/http/f/2/6/c/f/f26cf5e9d5854492bd4a8f52845c5b2f14652449ecceb3d29c560041
[2024-10-03T08:49:56.385+0000] {processor.py:842} WARNING - No viable dags retrieved from /opt/airflow/dags/.cache/pip/http/f/2/6/c/f/f26cf5e9d5854492bd4a8f52845c5b2f14652449ecceb3d29c560041
[2024-10-03T08:49:56.396+0000] {processor.py:183} INFO - Processing /opt/airflow/dags/.cache/pip/http/f/2/6/c/f/f26cf5e9d5854492bd4a8f52845c5b2f14652449ecceb3d29c560041 took 0.090 seconds
[2024-10-03T08:50:28.122+0000] {processor.py:161} INFO - Started process (PID=3968) to work on /opt/airflow/dags/.cache/pip/http/f/2/6/c/f/f26cf5e9d5854492bd4a8f52845c5b2f14652449ecceb3d29c560041
[2024-10-03T08:50:28.124+0000] {processor.py:830} INFO - Processing file /opt/airflow/dags/.cache/pip/http/f/2/6/c/f/f26cf5e9d5854492bd4a8f52845c5b2f14652449ecceb3d29c560041 for tasks to queue
[2024-10-03T08:50:28.126+0000] {logging_mixin.py:188} INFO - [2024-10-03T08:50:28.126+0000] {dagbag.py:545} INFO - Filling up the DagBag from /opt/airflow/dags/.cache/pip/http/f/2/6/c/f/f26cf5e9d5854492bd4a8f52845c5b2f14652449ecceb3d29c560041
[2024-10-03T08:50:28.209+0000] {processor.py:842} WARNING - No viable dags retrieved from /opt/airflow/dags/.cache/pip/http/f/2/6/c/f/f26cf5e9d5854492bd4a8f52845c5b2f14652449ecceb3d29c560041
[2024-10-03T08:50:28.222+0000] {processor.py:183} INFO - Processing /opt/airflow/dags/.cache/pip/http/f/2/6/c/f/f26cf5e9d5854492bd4a8f52845c5b2f14652449ecceb3d29c560041 took 0.109 seconds
[2024-10-03T08:56:30.515+0000] {processor.py:161} INFO - Started process (PID=4351) to work on /opt/airflow/dags/.cache/pip/http/f/2/6/c/f/f26cf5e9d5854492bd4a8f52845c5b2f14652449ecceb3d29c560041
[2024-10-03T08:56:30.516+0000] {processor.py:830} INFO - Processing file /opt/airflow/dags/.cache/pip/http/f/2/6/c/f/f26cf5e9d5854492bd4a8f52845c5b2f14652449ecceb3d29c560041 for tasks to queue
[2024-10-03T08:56:30.517+0000] {logging_mixin.py:188} INFO - [2024-10-03T08:56:30.517+0000] {dagbag.py:545} INFO - Filling up the DagBag from /opt/airflow/dags/.cache/pip/http/f/2/6/c/f/f26cf5e9d5854492bd4a8f52845c5b2f14652449ecceb3d29c560041
[2024-10-03T08:56:30.551+0000] {processor.py:842} WARNING - No viable dags retrieved from /opt/airflow/dags/.cache/pip/http/f/2/6/c/f/f26cf5e9d5854492bd4a8f52845c5b2f14652449ecceb3d29c560041
[2024-10-03T08:56:30.562+0000] {processor.py:183} INFO - Processing /opt/airflow/dags/.cache/pip/http/f/2/6/c/f/f26cf5e9d5854492bd4a8f52845c5b2f14652449ecceb3d29c560041 took 0.051 seconds
[2024-10-03T08:57:02.566+0000] {processor.py:161} INFO - Started process (PID=4603) to work on /opt/airflow/dags/.cache/pip/http/f/2/6/c/f/f26cf5e9d5854492bd4a8f52845c5b2f14652449ecceb3d29c560041
[2024-10-03T08:57:02.567+0000] {processor.py:830} INFO - Processing file /opt/airflow/dags/.cache/pip/http/f/2/6/c/f/f26cf5e9d5854492bd4a8f52845c5b2f14652449ecceb3d29c560041 for tasks to queue
[2024-10-03T08:57:02.569+0000] {logging_mixin.py:188} INFO - [2024-10-03T08:57:02.569+0000] {dagbag.py:545} INFO - Filling up the DagBag from /opt/airflow/dags/.cache/pip/http/f/2/6/c/f/f26cf5e9d5854492bd4a8f52845c5b2f14652449ecceb3d29c560041
[2024-10-03T08:57:02.597+0000] {processor.py:842} WARNING - No viable dags retrieved from /opt/airflow/dags/.cache/pip/http/f/2/6/c/f/f26cf5e9d5854492bd4a8f52845c5b2f14652449ecceb3d29c560041
[2024-10-03T08:57:02.608+0000] {processor.py:183} INFO - Processing /opt/airflow/dags/.cache/pip/http/f/2/6/c/f/f26cf5e9d5854492bd4a8f52845c5b2f14652449ecceb3d29c560041 took 0.047 seconds
