[2024-09-24T20:22:09.112+0000] {processor.py:161} INFO - Started process (PID=425) to work on /opt/airflow/dags/.cache/pip/http/a/7/c/b/8/a7cb89b162bef409dad2b44a68d316a3f74cd0cbd61ee12dd7e14897
[2024-09-24T20:22:09.113+0000] {processor.py:830} INFO - Processing file /opt/airflow/dags/.cache/pip/http/a/7/c/b/8/a7cb89b162bef409dad2b44a68d316a3f74cd0cbd61ee12dd7e14897 for tasks to queue
[2024-09-24T20:22:09.116+0000] {logging_mixin.py:188} INFO - [2024-09-24T20:22:09.115+0000] {dagbag.py:545} INFO - Filling up the DagBag from /opt/airflow/dags/.cache/pip/http/a/7/c/b/8/a7cb89b162bef409dad2b44a68d316a3f74cd0cbd61ee12dd7e14897
[2024-09-24T20:22:09.147+0000] {processor.py:842} WARNING - No viable dags retrieved from /opt/airflow/dags/.cache/pip/http/a/7/c/b/8/a7cb89b162bef409dad2b44a68d316a3f74cd0cbd61ee12dd7e14897
[2024-09-24T20:22:09.164+0000] {processor.py:183} INFO - Processing /opt/airflow/dags/.cache/pip/http/a/7/c/b/8/a7cb89b162bef409dad2b44a68d316a3f74cd0cbd61ee12dd7e14897 took 0.060 seconds
[2024-09-24T20:22:42.625+0000] {processor.py:161} INFO - Started process (PID=699) to work on /opt/airflow/dags/.cache/pip/http/a/7/c/b/8/a7cb89b162bef409dad2b44a68d316a3f74cd0cbd61ee12dd7e14897
[2024-09-24T20:22:42.627+0000] {processor.py:830} INFO - Processing file /opt/airflow/dags/.cache/pip/http/a/7/c/b/8/a7cb89b162bef409dad2b44a68d316a3f74cd0cbd61ee12dd7e14897 for tasks to queue
[2024-09-24T20:22:42.630+0000] {logging_mixin.py:188} INFO - [2024-09-24T20:22:42.630+0000] {dagbag.py:545} INFO - Filling up the DagBag from /opt/airflow/dags/.cache/pip/http/a/7/c/b/8/a7cb89b162bef409dad2b44a68d316a3f74cd0cbd61ee12dd7e14897
[2024-09-24T20:22:42.687+0000] {processor.py:842} WARNING - No viable dags retrieved from /opt/airflow/dags/.cache/pip/http/a/7/c/b/8/a7cb89b162bef409dad2b44a68d316a3f74cd0cbd61ee12dd7e14897
[2024-09-24T20:22:42.722+0000] {processor.py:183} INFO - Processing /opt/airflow/dags/.cache/pip/http/a/7/c/b/8/a7cb89b162bef409dad2b44a68d316a3f74cd0cbd61ee12dd7e14897 took 0.110 seconds
[2024-09-24T20:27:56.802+0000] {processor.py:161} INFO - Started process (PID=429) to work on /opt/airflow/dags/.cache/pip/http/a/7/c/b/8/a7cb89b162bef409dad2b44a68d316a3f74cd0cbd61ee12dd7e14897
[2024-09-24T20:27:56.803+0000] {processor.py:830} INFO - Processing file /opt/airflow/dags/.cache/pip/http/a/7/c/b/8/a7cb89b162bef409dad2b44a68d316a3f74cd0cbd61ee12dd7e14897 for tasks to queue
[2024-09-24T20:27:56.805+0000] {logging_mixin.py:188} INFO - [2024-09-24T20:27:56.804+0000] {dagbag.py:545} INFO - Filling up the DagBag from /opt/airflow/dags/.cache/pip/http/a/7/c/b/8/a7cb89b162bef409dad2b44a68d316a3f74cd0cbd61ee12dd7e14897
[2024-09-24T20:27:56.826+0000] {processor.py:842} WARNING - No viable dags retrieved from /opt/airflow/dags/.cache/pip/http/a/7/c/b/8/a7cb89b162bef409dad2b44a68d316a3f74cd0cbd61ee12dd7e14897
[2024-09-24T20:27:56.835+0000] {processor.py:183} INFO - Processing /opt/airflow/dags/.cache/pip/http/a/7/c/b/8/a7cb89b162bef409dad2b44a68d316a3f74cd0cbd61ee12dd7e14897 took 0.037 seconds
[2024-09-24T20:28:29.657+0000] {processor.py:161} INFO - Started process (PID=703) to work on /opt/airflow/dags/.cache/pip/http/a/7/c/b/8/a7cb89b162bef409dad2b44a68d316a3f74cd0cbd61ee12dd7e14897
[2024-09-24T20:28:29.659+0000] {processor.py:830} INFO - Processing file /opt/airflow/dags/.cache/pip/http/a/7/c/b/8/a7cb89b162bef409dad2b44a68d316a3f74cd0cbd61ee12dd7e14897 for tasks to queue
[2024-09-24T20:28:29.660+0000] {logging_mixin.py:188} INFO - [2024-09-24T20:28:29.660+0000] {dagbag.py:545} INFO - Filling up the DagBag from /opt/airflow/dags/.cache/pip/http/a/7/c/b/8/a7cb89b162bef409dad2b44a68d316a3f74cd0cbd61ee12dd7e14897
[2024-09-24T20:28:29.713+0000] {processor.py:842} WARNING - No viable dags retrieved from /opt/airflow/dags/.cache/pip/http/a/7/c/b/8/a7cb89b162bef409dad2b44a68d316a3f74cd0cbd61ee12dd7e14897
[2024-09-24T20:28:29.728+0000] {processor.py:183} INFO - Processing /opt/airflow/dags/.cache/pip/http/a/7/c/b/8/a7cb89b162bef409dad2b44a68d316a3f74cd0cbd61ee12dd7e14897 took 0.075 seconds
[2024-09-24T20:29:01.879+0000] {processor.py:161} INFO - Started process (PID=977) to work on /opt/airflow/dags/.cache/pip/http/a/7/c/b/8/a7cb89b162bef409dad2b44a68d316a3f74cd0cbd61ee12dd7e14897
[2024-09-24T20:29:01.879+0000] {processor.py:830} INFO - Processing file /opt/airflow/dags/.cache/pip/http/a/7/c/b/8/a7cb89b162bef409dad2b44a68d316a3f74cd0cbd61ee12dd7e14897 for tasks to queue
[2024-09-24T20:29:01.881+0000] {logging_mixin.py:188} INFO - [2024-09-24T20:29:01.881+0000] {dagbag.py:545} INFO - Filling up the DagBag from /opt/airflow/dags/.cache/pip/http/a/7/c/b/8/a7cb89b162bef409dad2b44a68d316a3f74cd0cbd61ee12dd7e14897
[2024-09-24T20:29:01.913+0000] {processor.py:842} WARNING - No viable dags retrieved from /opt/airflow/dags/.cache/pip/http/a/7/c/b/8/a7cb89b162bef409dad2b44a68d316a3f74cd0cbd61ee12dd7e14897
[2024-09-24T20:29:01.923+0000] {processor.py:183} INFO - Processing /opt/airflow/dags/.cache/pip/http/a/7/c/b/8/a7cb89b162bef409dad2b44a68d316a3f74cd0cbd61ee12dd7e14897 took 0.049 seconds
[2024-09-24T20:29:33.507+0000] {processor.py:161} INFO - Started process (PID=1253) to work on /opt/airflow/dags/.cache/pip/http/a/7/c/b/8/a7cb89b162bef409dad2b44a68d316a3f74cd0cbd61ee12dd7e14897
[2024-09-24T20:29:33.508+0000] {processor.py:830} INFO - Processing file /opt/airflow/dags/.cache/pip/http/a/7/c/b/8/a7cb89b162bef409dad2b44a68d316a3f74cd0cbd61ee12dd7e14897 for tasks to queue
[2024-09-24T20:29:33.511+0000] {logging_mixin.py:188} INFO - [2024-09-24T20:29:33.510+0000] {dagbag.py:545} INFO - Filling up the DagBag from /opt/airflow/dags/.cache/pip/http/a/7/c/b/8/a7cb89b162bef409dad2b44a68d316a3f74cd0cbd61ee12dd7e14897
[2024-09-24T20:29:33.596+0000] {processor.py:842} WARNING - No viable dags retrieved from /opt/airflow/dags/.cache/pip/http/a/7/c/b/8/a7cb89b162bef409dad2b44a68d316a3f74cd0cbd61ee12dd7e14897
[2024-09-24T20:29:33.616+0000] {processor.py:183} INFO - Processing /opt/airflow/dags/.cache/pip/http/a/7/c/b/8/a7cb89b162bef409dad2b44a68d316a3f74cd0cbd61ee12dd7e14897 took 0.115 seconds
[2024-09-24T20:30:04.634+0000] {processor.py:161} INFO - Started process (PID=1527) to work on /opt/airflow/dags/.cache/pip/http/a/7/c/b/8/a7cb89b162bef409dad2b44a68d316a3f74cd0cbd61ee12dd7e14897
[2024-09-24T20:30:04.635+0000] {processor.py:830} INFO - Processing file /opt/airflow/dags/.cache/pip/http/a/7/c/b/8/a7cb89b162bef409dad2b44a68d316a3f74cd0cbd61ee12dd7e14897 for tasks to queue
[2024-09-24T20:30:04.637+0000] {logging_mixin.py:188} INFO - [2024-09-24T20:30:04.637+0000] {dagbag.py:545} INFO - Filling up the DagBag from /opt/airflow/dags/.cache/pip/http/a/7/c/b/8/a7cb89b162bef409dad2b44a68d316a3f74cd0cbd61ee12dd7e14897
[2024-09-24T20:30:04.656+0000] {processor.py:842} WARNING - No viable dags retrieved from /opt/airflow/dags/.cache/pip/http/a/7/c/b/8/a7cb89b162bef409dad2b44a68d316a3f74cd0cbd61ee12dd7e14897
[2024-09-24T20:30:04.665+0000] {processor.py:183} INFO - Processing /opt/airflow/dags/.cache/pip/http/a/7/c/b/8/a7cb89b162bef409dad2b44a68d316a3f74cd0cbd61ee12dd7e14897 took 0.036 seconds
[2024-09-24T20:30:37.570+0000] {processor.py:161} INFO - Started process (PID=1801) to work on /opt/airflow/dags/.cache/pip/http/a/7/c/b/8/a7cb89b162bef409dad2b44a68d316a3f74cd0cbd61ee12dd7e14897
[2024-09-24T20:30:37.571+0000] {processor.py:830} INFO - Processing file /opt/airflow/dags/.cache/pip/http/a/7/c/b/8/a7cb89b162bef409dad2b44a68d316a3f74cd0cbd61ee12dd7e14897 for tasks to queue
[2024-09-24T20:30:37.572+0000] {logging_mixin.py:188} INFO - [2024-09-24T20:30:37.572+0000] {dagbag.py:545} INFO - Filling up the DagBag from /opt/airflow/dags/.cache/pip/http/a/7/c/b/8/a7cb89b162bef409dad2b44a68d316a3f74cd0cbd61ee12dd7e14897
[2024-09-24T20:30:37.587+0000] {processor.py:842} WARNING - No viable dags retrieved from /opt/airflow/dags/.cache/pip/http/a/7/c/b/8/a7cb89b162bef409dad2b44a68d316a3f74cd0cbd61ee12dd7e14897
[2024-09-24T20:30:37.597+0000] {processor.py:183} INFO - Processing /opt/airflow/dags/.cache/pip/http/a/7/c/b/8/a7cb89b162bef409dad2b44a68d316a3f74cd0cbd61ee12dd7e14897 took 0.032 seconds
[2024-09-24T20:31:09.558+0000] {processor.py:161} INFO - Started process (PID=2075) to work on /opt/airflow/dags/.cache/pip/http/a/7/c/b/8/a7cb89b162bef409dad2b44a68d316a3f74cd0cbd61ee12dd7e14897
[2024-09-24T20:31:09.560+0000] {processor.py:830} INFO - Processing file /opt/airflow/dags/.cache/pip/http/a/7/c/b/8/a7cb89b162bef409dad2b44a68d316a3f74cd0cbd61ee12dd7e14897 for tasks to queue
[2024-09-24T20:31:09.563+0000] {logging_mixin.py:188} INFO - [2024-09-24T20:31:09.562+0000] {dagbag.py:545} INFO - Filling up the DagBag from /opt/airflow/dags/.cache/pip/http/a/7/c/b/8/a7cb89b162bef409dad2b44a68d316a3f74cd0cbd61ee12dd7e14897
[2024-09-24T20:31:09.641+0000] {processor.py:842} WARNING - No viable dags retrieved from /opt/airflow/dags/.cache/pip/http/a/7/c/b/8/a7cb89b162bef409dad2b44a68d316a3f74cd0cbd61ee12dd7e14897
[2024-09-24T20:31:09.662+0000] {processor.py:183} INFO - Processing /opt/airflow/dags/.cache/pip/http/a/7/c/b/8/a7cb89b162bef409dad2b44a68d316a3f74cd0cbd61ee12dd7e14897 took 0.112 seconds
[2024-09-24T20:31:41.656+0000] {processor.py:161} INFO - Started process (PID=2346) to work on /opt/airflow/dags/.cache/pip/http/a/7/c/b/8/a7cb89b162bef409dad2b44a68d316a3f74cd0cbd61ee12dd7e14897
[2024-09-24T20:31:41.661+0000] {processor.py:830} INFO - Processing file /opt/airflow/dags/.cache/pip/http/a/7/c/b/8/a7cb89b162bef409dad2b44a68d316a3f74cd0cbd61ee12dd7e14897 for tasks to queue
[2024-09-24T20:31:41.662+0000] {logging_mixin.py:188} INFO - [2024-09-24T20:31:41.662+0000] {dagbag.py:545} INFO - Filling up the DagBag from /opt/airflow/dags/.cache/pip/http/a/7/c/b/8/a7cb89b162bef409dad2b44a68d316a3f74cd0cbd61ee12dd7e14897
[2024-09-24T20:31:41.696+0000] {processor.py:842} WARNING - No viable dags retrieved from /opt/airflow/dags/.cache/pip/http/a/7/c/b/8/a7cb89b162bef409dad2b44a68d316a3f74cd0cbd61ee12dd7e14897
[2024-09-24T20:31:41.709+0000] {processor.py:183} INFO - Processing /opt/airflow/dags/.cache/pip/http/a/7/c/b/8/a7cb89b162bef409dad2b44a68d316a3f74cd0cbd61ee12dd7e14897 took 0.058 seconds
[2024-09-24T20:32:27.323+0000] {processor.py:161} INFO - Started process (PID=2628) to work on /opt/airflow/dags/.cache/pip/http/a/7/c/b/8/a7cb89b162bef409dad2b44a68d316a3f74cd0cbd61ee12dd7e14897
[2024-09-24T20:32:27.324+0000] {processor.py:830} INFO - Processing file /opt/airflow/dags/.cache/pip/http/a/7/c/b/8/a7cb89b162bef409dad2b44a68d316a3f74cd0cbd61ee12dd7e14897 for tasks to queue
[2024-09-24T20:32:27.327+0000] {logging_mixin.py:188} INFO - [2024-09-24T20:32:27.326+0000] {dagbag.py:545} INFO - Filling up the DagBag from /opt/airflow/dags/.cache/pip/http/a/7/c/b/8/a7cb89b162bef409dad2b44a68d316a3f74cd0cbd61ee12dd7e14897
[2024-09-24T20:32:27.378+0000] {processor.py:842} WARNING - No viable dags retrieved from /opt/airflow/dags/.cache/pip/http/a/7/c/b/8/a7cb89b162bef409dad2b44a68d316a3f74cd0cbd61ee12dd7e14897
[2024-09-24T20:32:27.398+0000] {processor.py:183} INFO - Processing /opt/airflow/dags/.cache/pip/http/a/7/c/b/8/a7cb89b162bef409dad2b44a68d316a3f74cd0cbd61ee12dd7e14897 took 0.084 seconds
