[2024-09-24T20:22:09.365+0000] {processor.py:161} INFO - Started process (PID=432) to work on /opt/airflow/dags/.cache/pip/http/9/7/c/a/0/97ca0a594a619806ce5c0dbbf819fff8493fab32bd5b660eeaced37f
[2024-09-24T20:22:09.368+0000] {processor.py:830} INFO - Processing file /opt/airflow/dags/.cache/pip/http/9/7/c/a/0/97ca0a594a619806ce5c0dbbf819fff8493fab32bd5b660eeaced37f for tasks to queue
[2024-09-24T20:22:09.391+0000] {logging_mixin.py:188} INFO - [2024-09-24T20:22:09.391+0000] {dagbag.py:545} INFO - Filling up the DagBag from /opt/airflow/dags/.cache/pip/http/9/7/c/a/0/97ca0a594a619806ce5c0dbbf819fff8493fab32bd5b660eeaced37f
[2024-09-24T20:22:09.459+0000] {processor.py:842} WARNING - No viable dags retrieved from /opt/airflow/dags/.cache/pip/http/9/7/c/a/0/97ca0a594a619806ce5c0dbbf819fff8493fab32bd5b660eeaced37f
[2024-09-24T20:22:09.483+0000] {processor.py:183} INFO - Processing /opt/airflow/dags/.cache/pip/http/9/7/c/a/0/97ca0a594a619806ce5c0dbbf819fff8493fab32bd5b660eeaced37f took 0.129 seconds
[2024-09-24T20:22:43.567+0000] {processor.py:161} INFO - Started process (PID=706) to work on /opt/airflow/dags/.cache/pip/http/9/7/c/a/0/97ca0a594a619806ce5c0dbbf819fff8493fab32bd5b660eeaced37f
[2024-09-24T20:22:43.568+0000] {processor.py:830} INFO - Processing file /opt/airflow/dags/.cache/pip/http/9/7/c/a/0/97ca0a594a619806ce5c0dbbf819fff8493fab32bd5b660eeaced37f for tasks to queue
[2024-09-24T20:22:43.570+0000] {logging_mixin.py:188} INFO - [2024-09-24T20:22:43.570+0000] {dagbag.py:545} INFO - Filling up the DagBag from /opt/airflow/dags/.cache/pip/http/9/7/c/a/0/97ca0a594a619806ce5c0dbbf819fff8493fab32bd5b660eeaced37f
[2024-09-24T20:22:43.592+0000] {processor.py:842} WARNING - No viable dags retrieved from /opt/airflow/dags/.cache/pip/http/9/7/c/a/0/97ca0a594a619806ce5c0dbbf819fff8493fab32bd5b660eeaced37f
[2024-09-24T20:22:43.603+0000] {processor.py:183} INFO - Processing /opt/airflow/dags/.cache/pip/http/9/7/c/a/0/97ca0a594a619806ce5c0dbbf819fff8493fab32bd5b660eeaced37f took 0.043 seconds
[2024-09-24T20:27:56.867+0000] {processor.py:161} INFO - Started process (PID=436) to work on /opt/airflow/dags/.cache/pip/http/9/7/c/a/0/97ca0a594a619806ce5c0dbbf819fff8493fab32bd5b660eeaced37f
[2024-09-24T20:27:56.869+0000] {processor.py:830} INFO - Processing file /opt/airflow/dags/.cache/pip/http/9/7/c/a/0/97ca0a594a619806ce5c0dbbf819fff8493fab32bd5b660eeaced37f for tasks to queue
[2024-09-24T20:27:56.871+0000] {logging_mixin.py:188} INFO - [2024-09-24T20:27:56.870+0000] {dagbag.py:545} INFO - Filling up the DagBag from /opt/airflow/dags/.cache/pip/http/9/7/c/a/0/97ca0a594a619806ce5c0dbbf819fff8493fab32bd5b660eeaced37f
[2024-09-24T20:27:56.893+0000] {processor.py:842} WARNING - No viable dags retrieved from /opt/airflow/dags/.cache/pip/http/9/7/c/a/0/97ca0a594a619806ce5c0dbbf819fff8493fab32bd5b660eeaced37f
[2024-09-24T20:27:56.902+0000] {processor.py:183} INFO - Processing /opt/airflow/dags/.cache/pip/http/9/7/c/a/0/97ca0a594a619806ce5c0dbbf819fff8493fab32bd5b660eeaced37f took 0.039 seconds
[2024-09-24T20:28:29.804+0000] {processor.py:161} INFO - Started process (PID=710) to work on /opt/airflow/dags/.cache/pip/http/9/7/c/a/0/97ca0a594a619806ce5c0dbbf819fff8493fab32bd5b660eeaced37f
[2024-09-24T20:28:29.806+0000] {processor.py:830} INFO - Processing file /opt/airflow/dags/.cache/pip/http/9/7/c/a/0/97ca0a594a619806ce5c0dbbf819fff8493fab32bd5b660eeaced37f for tasks to queue
[2024-09-24T20:28:29.809+0000] {logging_mixin.py:188} INFO - [2024-09-24T20:28:29.809+0000] {dagbag.py:545} INFO - Filling up the DagBag from /opt/airflow/dags/.cache/pip/http/9/7/c/a/0/97ca0a594a619806ce5c0dbbf819fff8493fab32bd5b660eeaced37f
[2024-09-24T20:28:29.875+0000] {processor.py:842} WARNING - No viable dags retrieved from /opt/airflow/dags/.cache/pip/http/9/7/c/a/0/97ca0a594a619806ce5c0dbbf819fff8493fab32bd5b660eeaced37f
[2024-09-24T20:28:29.896+0000] {processor.py:183} INFO - Processing /opt/airflow/dags/.cache/pip/http/9/7/c/a/0/97ca0a594a619806ce5c0dbbf819fff8493fab32bd5b660eeaced37f took 0.101 seconds
[2024-09-24T20:29:01.994+0000] {processor.py:161} INFO - Started process (PID=984) to work on /opt/airflow/dags/.cache/pip/http/9/7/c/a/0/97ca0a594a619806ce5c0dbbf819fff8493fab32bd5b660eeaced37f
[2024-09-24T20:29:01.995+0000] {processor.py:830} INFO - Processing file /opt/airflow/dags/.cache/pip/http/9/7/c/a/0/97ca0a594a619806ce5c0dbbf819fff8493fab32bd5b660eeaced37f for tasks to queue
[2024-09-24T20:29:01.998+0000] {logging_mixin.py:188} INFO - [2024-09-24T20:29:01.997+0000] {dagbag.py:545} INFO - Filling up the DagBag from /opt/airflow/dags/.cache/pip/http/9/7/c/a/0/97ca0a594a619806ce5c0dbbf819fff8493fab32bd5b660eeaced37f
[2024-09-24T20:29:02.028+0000] {processor.py:842} WARNING - No viable dags retrieved from /opt/airflow/dags/.cache/pip/http/9/7/c/a/0/97ca0a594a619806ce5c0dbbf819fff8493fab32bd5b660eeaced37f
[2024-09-24T20:29:02.040+0000] {processor.py:183} INFO - Processing /opt/airflow/dags/.cache/pip/http/9/7/c/a/0/97ca0a594a619806ce5c0dbbf819fff8493fab32bd5b660eeaced37f took 0.056 seconds
[2024-09-24T20:29:33.765+0000] {processor.py:161} INFO - Started process (PID=1258) to work on /opt/airflow/dags/.cache/pip/http/9/7/c/a/0/97ca0a594a619806ce5c0dbbf819fff8493fab32bd5b660eeaced37f
[2024-09-24T20:29:33.766+0000] {processor.py:830} INFO - Processing file /opt/airflow/dags/.cache/pip/http/9/7/c/a/0/97ca0a594a619806ce5c0dbbf819fff8493fab32bd5b660eeaced37f for tasks to queue
[2024-09-24T20:29:33.768+0000] {logging_mixin.py:188} INFO - [2024-09-24T20:29:33.768+0000] {dagbag.py:545} INFO - Filling up the DagBag from /opt/airflow/dags/.cache/pip/http/9/7/c/a/0/97ca0a594a619806ce5c0dbbf819fff8493fab32bd5b660eeaced37f
[2024-09-24T20:29:33.784+0000] {processor.py:842} WARNING - No viable dags retrieved from /opt/airflow/dags/.cache/pip/http/9/7/c/a/0/97ca0a594a619806ce5c0dbbf819fff8493fab32bd5b660eeaced37f
[2024-09-24T20:29:33.795+0000] {processor.py:183} INFO - Processing /opt/airflow/dags/.cache/pip/http/9/7/c/a/0/97ca0a594a619806ce5c0dbbf819fff8493fab32bd5b660eeaced37f took 0.034 seconds
[2024-09-24T20:30:04.936+0000] {processor.py:161} INFO - Started process (PID=1532) to work on /opt/airflow/dags/.cache/pip/http/9/7/c/a/0/97ca0a594a619806ce5c0dbbf819fff8493fab32bd5b660eeaced37f
[2024-09-24T20:30:04.937+0000] {processor.py:830} INFO - Processing file /opt/airflow/dags/.cache/pip/http/9/7/c/a/0/97ca0a594a619806ce5c0dbbf819fff8493fab32bd5b660eeaced37f for tasks to queue
[2024-09-24T20:30:04.938+0000] {logging_mixin.py:188} INFO - [2024-09-24T20:30:04.938+0000] {dagbag.py:545} INFO - Filling up the DagBag from /opt/airflow/dags/.cache/pip/http/9/7/c/a/0/97ca0a594a619806ce5c0dbbf819fff8493fab32bd5b660eeaced37f
[2024-09-24T20:30:04.953+0000] {processor.py:842} WARNING - No viable dags retrieved from /opt/airflow/dags/.cache/pip/http/9/7/c/a/0/97ca0a594a619806ce5c0dbbf819fff8493fab32bd5b660eeaced37f
[2024-09-24T20:30:04.967+0000] {processor.py:183} INFO - Processing /opt/airflow/dags/.cache/pip/http/9/7/c/a/0/97ca0a594a619806ce5c0dbbf819fff8493fab32bd5b660eeaced37f took 0.035 seconds
[2024-09-24T20:30:37.648+0000] {processor.py:161} INFO - Started process (PID=1806) to work on /opt/airflow/dags/.cache/pip/http/9/7/c/a/0/97ca0a594a619806ce5c0dbbf819fff8493fab32bd5b660eeaced37f
[2024-09-24T20:30:37.649+0000] {processor.py:830} INFO - Processing file /opt/airflow/dags/.cache/pip/http/9/7/c/a/0/97ca0a594a619806ce5c0dbbf819fff8493fab32bd5b660eeaced37f for tasks to queue
[2024-09-24T20:30:37.650+0000] {logging_mixin.py:188} INFO - [2024-09-24T20:30:37.649+0000] {dagbag.py:545} INFO - Filling up the DagBag from /opt/airflow/dags/.cache/pip/http/9/7/c/a/0/97ca0a594a619806ce5c0dbbf819fff8493fab32bd5b660eeaced37f
[2024-09-24T20:30:37.668+0000] {processor.py:842} WARNING - No viable dags retrieved from /opt/airflow/dags/.cache/pip/http/9/7/c/a/0/97ca0a594a619806ce5c0dbbf819fff8493fab32bd5b660eeaced37f
[2024-09-24T20:30:37.680+0000] {processor.py:183} INFO - Processing /opt/airflow/dags/.cache/pip/http/9/7/c/a/0/97ca0a594a619806ce5c0dbbf819fff8493fab32bd5b660eeaced37f took 0.036 seconds
[2024-09-24T20:31:09.829+0000] {processor.py:161} INFO - Started process (PID=2080) to work on /opt/airflow/dags/.cache/pip/http/9/7/c/a/0/97ca0a594a619806ce5c0dbbf819fff8493fab32bd5b660eeaced37f
[2024-09-24T20:31:09.829+0000] {processor.py:830} INFO - Processing file /opt/airflow/dags/.cache/pip/http/9/7/c/a/0/97ca0a594a619806ce5c0dbbf819fff8493fab32bd5b660eeaced37f for tasks to queue
[2024-09-24T20:31:09.831+0000] {logging_mixin.py:188} INFO - [2024-09-24T20:31:09.830+0000] {dagbag.py:545} INFO - Filling up the DagBag from /opt/airflow/dags/.cache/pip/http/9/7/c/a/0/97ca0a594a619806ce5c0dbbf819fff8493fab32bd5b660eeaced37f
[2024-09-24T20:31:09.845+0000] {processor.py:842} WARNING - No viable dags retrieved from /opt/airflow/dags/.cache/pip/http/9/7/c/a/0/97ca0a594a619806ce5c0dbbf819fff8493fab32bd5b660eeaced37f
[2024-09-24T20:31:09.859+0000] {processor.py:183} INFO - Processing /opt/airflow/dags/.cache/pip/http/9/7/c/a/0/97ca0a594a619806ce5c0dbbf819fff8493fab32bd5b660eeaced37f took 0.034 seconds
[2024-09-24T20:31:41.784+0000] {processor.py:161} INFO - Started process (PID=2353) to work on /opt/airflow/dags/.cache/pip/http/9/7/c/a/0/97ca0a594a619806ce5c0dbbf819fff8493fab32bd5b660eeaced37f
[2024-09-24T20:31:41.789+0000] {processor.py:830} INFO - Processing file /opt/airflow/dags/.cache/pip/http/9/7/c/a/0/97ca0a594a619806ce5c0dbbf819fff8493fab32bd5b660eeaced37f for tasks to queue
[2024-09-24T20:31:41.790+0000] {logging_mixin.py:188} INFO - [2024-09-24T20:31:41.790+0000] {dagbag.py:545} INFO - Filling up the DagBag from /opt/airflow/dags/.cache/pip/http/9/7/c/a/0/97ca0a594a619806ce5c0dbbf819fff8493fab32bd5b660eeaced37f
[2024-09-24T20:31:41.818+0000] {processor.py:842} WARNING - No viable dags retrieved from /opt/airflow/dags/.cache/pip/http/9/7/c/a/0/97ca0a594a619806ce5c0dbbf819fff8493fab32bd5b660eeaced37f
[2024-09-24T20:31:41.829+0000] {processor.py:183} INFO - Processing /opt/airflow/dags/.cache/pip/http/9/7/c/a/0/97ca0a594a619806ce5c0dbbf819fff8493fab32bd5b660eeaced37f took 0.052 seconds
[2024-09-24T20:32:27.459+0000] {processor.py:161} INFO - Started process (PID=2633) to work on /opt/airflow/dags/.cache/pip/http/9/7/c/a/0/97ca0a594a619806ce5c0dbbf819fff8493fab32bd5b660eeaced37f
[2024-09-24T20:32:27.460+0000] {processor.py:830} INFO - Processing file /opt/airflow/dags/.cache/pip/http/9/7/c/a/0/97ca0a594a619806ce5c0dbbf819fff8493fab32bd5b660eeaced37f for tasks to queue
[2024-09-24T20:32:27.461+0000] {logging_mixin.py:188} INFO - [2024-09-24T20:32:27.461+0000] {dagbag.py:545} INFO - Filling up the DagBag from /opt/airflow/dags/.cache/pip/http/9/7/c/a/0/97ca0a594a619806ce5c0dbbf819fff8493fab32bd5b660eeaced37f
[2024-09-24T20:32:27.476+0000] {processor.py:842} WARNING - No viable dags retrieved from /opt/airflow/dags/.cache/pip/http/9/7/c/a/0/97ca0a594a619806ce5c0dbbf819fff8493fab32bd5b660eeaced37f
[2024-09-24T20:32:27.487+0000] {processor.py:183} INFO - Processing /opt/airflow/dags/.cache/pip/http/9/7/c/a/0/97ca0a594a619806ce5c0dbbf819fff8493fab32bd5b660eeaced37f took 0.032 seconds
